21655 16:37:58 select(7, [3 4], [], NULL, NULL) = 1 (in [4])
21655 16:38:02 clock_gettime(CLOCK_BOOTTIME, {600969, 212219457}) = 0
21655 16:38:02 read(4, "\r", 16384)     = 1
21655 16:38:02 clock_gettime(CLOCK_BOOTTIME, {600969, 212384981}) = 0
21655 16:38:02 clock_gettime(CLOCK_BOOTTIME, {600969, 212430820}) = 0
21655 16:38:02 select(7, [3 4], [3], NULL, NULL) = 1 (out [3])
21655 16:38:02 clock_gettime(CLOCK_BOOTTIME, {600969, 212529124}) = 0
21655 16:38:02 write(3, "\312+\326P-\241\344~\325\232\213\276\223\320\346y\341\201\343)a)H;\210H?t*\0313Z"..., 40) = 40
21655 16:38:02 clock_gettime(CLOCK_BOOTTIME, {600969, 212641218}) = 0
21655 16:38:02 clock_gettime(CLOCK_BOOTTIME, {600969, 212685414}) = 0
21655 16:38:02 select(7, [3 4], [], NULL, NULL) = 1 (in [3])
21655 16:38:02 clock_gettime(CLOCK_BOOTTIME, {600969, 213997908}) = 0
21655 16:38:02 read(3, "\3\266\t\237\214\2508[2\4\364^\207\34\244\203=4%F\314\246\200\7\266\377\34V\351~\377\333"..., 8192) = 40
21655 16:38:02 clock_gettime(CLOCK_BOOTTIME, {600969, 214109706}) = 0
21655 16:38:02 clock_gettime(CLOCK_BOOTTIME, {600969, 214156234}) = 0
21655 16:38:02 select(7, [3 4], [5], NULL, NULL) = 1 (out [5])
21655 16:38:02 clock_gettime(CLOCK_BOOTTIME, {600969, 214250166}) = 0
21655 16:38:02 write(5, "\r\n", 2)      = 2
21655 16:38:02 clock_gettime(CLOCK_BOOTTIME, {600969, 214386513}) = 0
21655 16:38:02 clock_gettime(CLOCK_BOOTTIME, {600969, 214431277}) = 0
21655 16:38:02 select(7, [3 4], [], NULL, NULL) = 1 (in [3])
21655 16:38:02 clock_gettime(CLOCK_BOOTTIME, {600969, 218987490}) = 0
21655 16:38:02 read(3, "\37]\344\226\371\1`\2520?\2474IDs\300s\336\343\343\346\254\252\352A##*\323\36\314\343"..., 8192) = 56
21655 16:38:02 clock_gettime(CLOCK_BOOTTIME, {600969, 219100335}) = 0
21655 16:38:02 clock_gettime(CLOCK_BOOTTIME, {600969, 219146206}) = 0
21655 16:38:02 select(7, [3 4], [5], NULL, NULL) = 1 (out [5])
21655 16:38:02 clock_gettime(CLOCK_BOOTTIME, {600969, 219240618}) = 0
21655 16:38:02 write(5, "[root@ali-p2p-h5-1 ~]# ", 23) = 23
21655 16:38:02 clock_gettime(CLOCK_BOOTTIME, {600969, 219362513}) = 0
21655 16:38:02 clock_gettime(CLOCK_BOOTTIME, {600969, 219406922}) = 0
21655 16:38:02 select(7, [3 4], [], NULL, NULL) = 1 (in [4])
21655 16:38:02 clock_gettime(CLOCK_BOOTTIME, {600969, 413489272}) = 0
21655 16:38:02 read(4, "\r", 16384)     = 1
21655 16:38:02 clock_gettime(CLOCK_BOOTTIME, {600969, 413609428}) = 0
21655 16:38:02 clock_gettime(CLOCK_BOOTTIME, {600969, 413654175}) = 0
21655 16:38:02 select(7, [3 4], [3], NULL, NULL) = 1 (out [3])
21655 16:38:02 clock_gettime(CLOCK_BOOTTIME, {600969, 413748572}) = 0
21655 16:38:02 write(3, "\337\10N\212\257;\33\36`\274lh\312\317m\262X\273\316\224}p\r\222\367\232\252\1\250at\33"..., 40) = 40
21655 16:38:02 clock_gettime(CLOCK_BOOTTIME, {600969, 413850012}) = 0
21655 16:38:02 clock_gettime(CLOCK_BOOTTIME, {600969, 413895111}) = 0
21655 16:38:02 select(7, [3 4], [], NULL, NULL) = 1 (in [3])
21655 16:38:02 clock_gettime(CLOCK_BOOTTIME, {600969, 415994929}) = 0
21655 16:38:02 read(3, "\213\333\233\324t9\22\276a\366\3249\2\271\346\336HB\217\375\275\302l\321\346\200\23\206\02781\250"..., 8192) = 40
21655 16:38:02 clock_gettime(CLOCK_BOOTTIME, {600969, 416108175}) = 0
21655 16:38:02 clock_gettime(CLOCK_BOOTTIME, {600969, 416152664}) = 0
21655 16:38:02 select(7, [3 4], [5], NULL, NULL) = 1 (out [5])
21655 16:38:02 clock_gettime(CLOCK_BOOTTIME, {600969, 416246035}) = 0
21655 16:38:02 write(5, "\r\n", 2)      = 2
21655 16:38:02 clock_gettime(CLOCK_BOOTTIME, {600969, 416371782}) = 0
21655 16:38:02 clock_gettime(CLOCK_BOOTTIME, {600969, 416415580}) = 0
21655 16:38:02 select(7, [3 4], [], NULL, NULL) = 1 (in [3])
21655 16:38:02 clock_gettime(CLOCK_BOOTTIME, {600969, 421253138}) = 0
21655 16:38:02 read(3, "\227\324\321\t\314\3\321\5\217o\266\326G\262\323\244S\333\245'\320J\22\2066\201\f\200\340\332\260\367"..., 8192) = 56
21655 16:38:02 clock_gettime(CLOCK_BOOTTIME, {600969, 421351455}) = 0
21655 16:38:02 clock_gettime(CLOCK_BOOTTIME, {600969, 421396080}) = 0
21655 16:38:02 select(7, [3 4], [5], NULL, NULL) = 1 (out [5])
21655 16:38:02 clock_gettime(CLOCK_BOOTTIME, {600969, 421501153}) = 0
21655 16:38:02 write(5, "[root@ali-p2p-h5-1 ~]# ", 23) = 23
21655 16:38:02 clock_gettime(CLOCK_BOOTTIME, {600969, 421625040}) = 0
21655 16:38:02 clock_gettime(CLOCK_BOOTTIME, {600969, 421668316}) = 0
21655 16:38:02 select(7, [3 4], [], NULL, NULL) = 1 (in [4])
21655 16:38:02 clock_gettime(CLOCK_BOOTTIME, {600969, 586382212}) = 0
21655 16:38:02 read(4, "\r", 16384)     = 1
21655 16:38:02 clock_gettime(CLOCK_BOOTTIME, {600969, 586496964}) = 0
21655 16:38:02 clock_gettime(CLOCK_BOOTTIME, {600969, 586540081}) = 0
21655 16:38:02 select(7, [3 4], [3], NULL, NULL) = 1 (out [3])
21655 16:38:02 clock_gettime(CLOCK_BOOTTIME, {600969, 586631156}) = 0
21655 16:38:02 write(3, "\347\273\350\320\203\30\375\263\300\37b\233\237\266\263\350\347\221\210\31\266\236\0051I=\366\236\365\355\347\271"..., 40) = 40
21655 16:38:02 clock_gettime(CLOCK_BOOTTIME, {600969, 586729178}) = 0
21655 16:38:02 clock_gettime(CLOCK_BOOTTIME, {600969, 586771705}) = 0
21655 16:38:02 select(7, [3 4], [], NULL, NULL) = 1 (in [3])
21655 16:38:02 clock_gettime(CLOCK_BOOTTIME, {600969, 588251466}) = 0
21655 16:38:02 read(3, ">\330y\207\345\240Q\22\177\23\256J\302B\302\tJ\336\217\5=\35\4\225\221\270Y\337Q\340\360p"..., 8192) = 40
21655 16:38:02 clock_gettime(CLOCK_BOOTTIME, {600969, 588342878}) = 0
21655 16:38:02 clock_gettime(CLOCK_BOOTTIME, {600969, 588385717}) = 0
21655 16:38:02 select(7, [3 4], [5], NULL, NULL) = 1 (out [5])
21655 16:38:02 clock_gettime(CLOCK_BOOTTIME, {600969, 588476696}) = 0
21655 16:38:02 write(5, "\r\n", 2)      = 2
21655 16:38:02 clock_gettime(CLOCK_BOOTTIME, {600969, 588594437}) = 0
21655 16:38:02 clock_gettime(CLOCK_BOOTTIME, {600969, 588639129}) = 0
21655 16:38:02 select(7, [3 4], [], NULL, NULL) = 1 (in [3])
21655 16:38:02 clock_gettime(CLOCK_BOOTTIME, {600969, 593233046}) = 0
21655 16:38:02 read(3, "\254\332E\376AG=M(\272\354\362\252\351t\253\262m9\30\304\355\0\\G\345\227Fw\251\200\331"..., 8192) = 56
21655 16:38:02 clock_gettime(CLOCK_BOOTTIME, {600969, 593327161}) = 0
21655 16:38:02 clock_gettime(CLOCK_BOOTTIME, {600969, 593368843}) = 0
21655 16:38:02 select(7, [3 4], [5], NULL, NULL) = 1 (out [5])
21655 16:38:02 clock_gettime(CLOCK_BOOTTIME, {600969, 593458531}) = 0
21655 16:38:02 write(5, "[root@ali-p2p-h5-1 ~]# ", 23) = 23
21655 16:38:02 clock_gettime(CLOCK_BOOTTIME, {600969, 593571500}) = 0
21655 16:38:02 clock_gettime(CLOCK_BOOTTIME, {600969, 593614277}) = 0
21655 16:38:02 select(7, [3 4], [], NULL, NULL) = 1 (in [4])
21655 16:38:03 clock_gettime(CLOCK_BOOTTIME, {600969, 769520864}) = 0
21655 16:38:03 read(4, "\r", 16384)     = 1
21655 16:38:03 clock_gettime(CLOCK_BOOTTIME, {600969, 769639300}) = 0
21655 16:38:03 clock_gettime(CLOCK_BOOTTIME, {600969, 769682201}) = 0
21655 16:38:03 select(7, [3 4], [3], NULL, NULL) = 1 (out [3])
21655 16:38:03 clock_gettime(CLOCK_BOOTTIME, {600969, 769773976}) = 0
21655 16:38:03 write(3, "\351\323[\341\246n9\177K\346d\2751b'\250\4'\5\314\200\262\253\253\300!H\317;\266\36\\"..., 40) = 40
21655 16:38:03 clock_gettime(CLOCK_BOOTTIME, {600969, 769871485}) = 0
21655 16:38:03 clock_gettime(CLOCK_BOOTTIME, {600969, 769913818}) = 0
21655 16:38:03 select(7, [3 4], [], NULL, NULL) = 1 (in [3])
21655 16:38:03 clock_gettime(CLOCK_BOOTTIME, {600969, 772242423}) = 0
21655 16:38:03 read(3, "]\205\274F\274\341\4)\201\312\263\37g9\323\350|k(\351\1\324m\245\364o\222\271\n%\241w"..., 8192) = 40
21655 16:38:03 clock_gettime(CLOCK_BOOTTIME, {600969, 772333589}) = 0
21655 16:38:03 clock_gettime(CLOCK_BOOTTIME, {600969, 772375982}) = 0
21655 16:38:03 select(7, [3 4], [5], NULL, NULL) = 1 (out [5])
21655 16:38:03 clock_gettime(CLOCK_BOOTTIME, {600969, 772464540}) = 0
21655 16:38:03 write(5, "\r\n", 2)      = 2
21655 16:38:03 clock_gettime(CLOCK_BOOTTIME, {600969, 772580727}) = 0
21655 16:38:03 clock_gettime(CLOCK_BOOTTIME, {600969, 772624415}) = 0
21655 16:38:03 select(7, [3 4], [], NULL, NULL) = 1 (in [3])
21655 16:38:03 clock_gettime(CLOCK_BOOTTIME, {600969, 776977067}) = 0
21655 16:38:03 read(3, "\315\ngX\36?yM\200\"3 :i\215\262!N\2440\361\311\360\366T\213\317\5\216\21\320\n"..., 8192) = 56
21655 16:38:03 clock_gettime(CLOCK_BOOTTIME, {600969, 777086419}) = 0
21655 16:38:03 clock_gettime(CLOCK_BOOTTIME, {600969, 777139145}) = 0
21655 16:38:03 select(7, [3 4], [5], NULL, NULL) = 1 (out [5])
21655 16:38:03 clock_gettime(CLOCK_BOOTTIME, {600969, 777229466}) = 0
21655 16:38:03 write(5, "[root@ali-p2p-h5-1 ~]# ", 23) = 23
21655 16:38:03 clock_gettime(CLOCK_BOOTTIME, {600969, 777343051}) = 0
21655 16:38:03 clock_gettime(CLOCK_BOOTTIME, {600969, 777385468}) = 0
21655 16:38:03 select(7, [3 4], [], NULL, NULL) = 1 (in [4])
21655 16:38:03 clock_gettime(CLOCK_BOOTTIME, {600969, 941663565}) = 0
21655 16:38:03 read(4, "\r", 16384)     = 1
21655 16:38:03 clock_gettime(CLOCK_BOOTTIME, {600969, 941770944}) = 0
21655 16:38:03 clock_gettime(CLOCK_BOOTTIME, {600969, 941815859}) = 0
21655 16:38:03 select(7, [3 4], [3], NULL, NULL) = 1 (out [3])
21655 16:38:03 clock_gettime(CLOCK_BOOTTIME, {600969, 941911445}) = 0
21655 16:38:03 write(3, "\207@\250\312\272R\33\304\317j\n5}\37\321\24\377\225\307\"\236\305\375\264>\"<\316\263\313\343\277"..., 40) = 40
21655 16:38:03 clock_gettime(CLOCK_BOOTTIME, {600969, 942028052}) = 0
21655 16:38:03 clock_gettime(CLOCK_BOOTTIME, {600969, 942072754}) = 0
21655 16:38:03 select(7, [3 4], [], NULL, NULL) = 1 (in [3])
21655 16:38:03 clock_gettime(CLOCK_BOOTTIME, {600969, 943993875}) = 0
21655 16:38:03 read(3, "\273\345\340R\231\263\3\263DC\334\253\17g\224\300\304\255<\344m+\3\254\373\360\321\321\274D\244\346"..., 8192) = 40
21655 16:38:03 clock_gettime(CLOCK_BOOTTIME, {600969, 944104609}) = 0
21655 16:38:03 clock_gettime(CLOCK_BOOTTIME, {600969, 944148274}) = 0
21655 16:38:03 select(7, [3 4], [5], NULL, NULL) = 1 (out [5])
21655 16:38:03 clock_gettime(CLOCK_BOOTTIME, {600969, 944241619}) = 0
21655 16:38:03 write(5, "\r\n", 2)      = 2
21655 16:38:03 clock_gettime(CLOCK_BOOTTIME, {600969, 944365564}) = 0
21655 16:38:03 clock_gettime(CLOCK_BOOTTIME, {600969, 944409390}) = 0
21655 16:38:03 select(7, [3 4], [], NULL, NULL) = 1 (in [3])
21655 16:38:03 clock_gettime(CLOCK_BOOTTIME, {600969, 949241053}) = 0
21655 16:38:03 read(3, "6\35\325\27\250\fu\343\2759\217W1\2665]\202\v\0\336\267%\213\263\341\224l0\343\177\26\360"..., 8192) = 56
21655 16:38:03 clock_gettime(CLOCK_BOOTTIME, {600969, 949338534}) = 0
21655 16:38:03 clock_gettime(CLOCK_BOOTTIME, {600969, 949382508}) = 0
21655 16:38:03 select(7, [3 4], [5], NULL, NULL) = 1 (out [5])
21655 16:38:03 clock_gettime(CLOCK_BOOTTIME, {600969, 949475222}) = 0
21655 16:38:03 write(5, "[root@ali-p2p-h5-1 ~]# ", 23) = 23
21655 16:38:03 clock_gettime(CLOCK_BOOTTIME, {600969, 949592726}) = 0
21655 16:38:03 clock_gettime(CLOCK_BOOTTIME, {600969, 949636543}) = 0
21655 16:38:03 select(7, [3 4], [], NULL, NULL) = 1 (in [4])
21655 16:38:04 clock_gettime(CLOCK_BOOTTIME, {600971, 184909622}) = 0
21655 16:38:04 read(4, "i", 16384)      = 1
21655 16:38:04 clock_gettime(CLOCK_BOOTTIME, {600971, 185086472}) = 0
21655 16:38:04 clock_gettime(CLOCK_BOOTTIME, {600971, 185144306}) = 0
21655 16:38:04 select(7, [3 4], [3], NULL, NULL) = 1 (out [3])
21655 16:38:04 clock_gettime(CLOCK_BOOTTIME, {600971, 185242748}) = 0
21655 16:38:04 write(3, "\177z\23I\330]\350\221\246\337\346\351wH\314\353\272f%\374\23\31\205\36\310\rg\274%Ty\355"..., 40) = 40
21655 16:38:04 clock_gettime(CLOCK_BOOTTIME, {600971, 185357367}) = 0
21655 16:38:04 clock_gettime(CLOCK_BOOTTIME, {600971, 185400701}) = 0
21655 16:38:04 select(7, [3 4], [], NULL, NULL) = 1 (in [3])
21655 16:38:04 clock_gettime(CLOCK_BOOTTIME, {600971, 187232292}) = 0
21655 16:38:04 read(3, "z=\222Z\242\r+P\353\3\5\277\227\262\30\33\277u\205\325[\16\10\275%\207\350\216\216b\202\315"..., 8192) = 40
21655 16:38:04 clock_gettime(CLOCK_BOOTTIME, {600971, 187329831}) = 0
21655 16:38:04 clock_gettime(CLOCK_BOOTTIME, {600971, 187373361}) = 0
21655 16:38:04 select(7, [3 4], [5], NULL, NULL) = 1 (out [5])
21655 16:38:04 clock_gettime(CLOCK_BOOTTIME, {600971, 187467902}) = 0
21655 16:38:04 write(5, "i", 1)         = 1
21655 16:38:04 clock_gettime(CLOCK_BOOTTIME, {600971, 187598729}) = 0
21655 16:38:04 clock_gettime(CLOCK_BOOTTIME, {600971, 187642793}) = 0
21655 16:38:04 select(7, [3 4], [], NULL, NULL) = 1 (in [4])
21655 16:38:04 clock_gettime(CLOCK_BOOTTIME, {600971, 330422495}) = 0
21655 16:38:04 read(4, "f", 16384)      = 1
21655 16:38:04 clock_gettime(CLOCK_BOOTTIME, {600971, 330539700}) = 0
21655 16:38:04 clock_gettime(CLOCK_BOOTTIME, {600971, 330584395}) = 0
21655 16:38:04 select(7, [3 4], [3], NULL, NULL) = 1 (out [3])
21655 16:38:04 clock_gettime(CLOCK_BOOTTIME, {600971, 330677531}) = 0
21655 16:38:04 write(3, "\242\251>\256\337\207\341^\356An.\17\244V\247_\4[\251\r~\347\234\310kn\330\255\31\234/"..., 40) = 40
21655 16:38:04 clock_gettime(CLOCK_BOOTTIME, {600971, 330778118}) = 0
21655 16:38:04 clock_gettime(CLOCK_BOOTTIME, {600971, 330821104}) = 0
21655 16:38:04 select(7, [3 4], [], NULL, NULL) = 1 (in [3])
21655 16:38:04 clock_gettime(CLOCK_BOOTTIME, {600971, 333235685}) = 0
21655 16:38:04 read(3, "\245\335\236\346a\343[\250\340D\233\267\344\273\307,\264\235\213\302\235\250*\257\257\24\231\f\225%\244\312"..., 8192) = 40
21655 16:38:04 clock_gettime(CLOCK_BOOTTIME, {600971, 333328654}) = 0
21655 16:38:04 clock_gettime(CLOCK_BOOTTIME, {600971, 333371708}) = 0
21655 16:38:04 select(7, [3 4], [5], NULL, NULL) = 1 (out [5])
21655 16:38:04 clock_gettime(CLOCK_BOOTTIME, {600971, 333463138}) = 0
21655 16:38:04 write(5, "f", 1)         = 1
21655 16:38:04 clock_gettime(CLOCK_BOOTTIME, {600971, 333583898}) = 0
21655 16:38:04 clock_gettime(CLOCK_BOOTTIME, {600971, 333626826}) = 0
21655 16:38:04 select(7, [3 4], [], NULL, NULL) = 1 (in [4])
21655 16:38:05 clock_gettime(CLOCK_BOOTTIME, {600971, 613230108}) = 0
21655 16:38:05 read(4, "c", 16384)      = 1
21655 16:38:05 clock_gettime(CLOCK_BOOTTIME, {600971, 613353952}) = 0
21655 16:38:05 clock_gettime(CLOCK_BOOTTIME, {600971, 613398982}) = 0
21655 16:38:05 select(7, [3 4], [3], NULL, NULL) = 1 (out [3])
21655 16:38:05 clock_gettime(CLOCK_BOOTTIME, {600971, 613493404}) = 0
21655 16:38:05 write(3, "t=T\371\37\2572O\257\337\27Y\356\347\ta\352\206\2164N@%\307d\6+\1\260\373\342-"..., 40) = 40
21655 16:38:05 clock_gettime(CLOCK_BOOTTIME, {600971, 613594341}) = 0
21655 16:38:05 clock_gettime(CLOCK_BOOTTIME, {600971, 613638109}) = 0
21655 16:38:05 select(7, [3 4], [], NULL, NULL) = 1 (in [3])
21655 16:38:05 clock_gettime(CLOCK_BOOTTIME, {600971, 615233000}) = 0
21655 16:38:05 read(3, "\362\306\302\250&\322\vk\17\27\262\3361\32\220q7\366\37K2\"\336\0222\222}\342\0364\205O"..., 8192) = 40
21655 16:38:05 clock_gettime(CLOCK_BOOTTIME, {600971, 615329481}) = 0
21655 16:38:05 clock_gettime(CLOCK_BOOTTIME, {600971, 615374842}) = 0
21655 16:38:05 select(7, [3 4], [5], NULL, NULL) = 1 (out [5])
21655 16:38:05 clock_gettime(CLOCK_BOOTTIME, {600971, 615468168}) = 0
21655 16:38:05 write(5, "c", 1)         = 1
21655 16:38:05 clock_gettime(CLOCK_BOOTTIME, {600971, 615589778}) = 0
21655 16:38:05 clock_gettime(CLOCK_BOOTTIME, {600971, 615634862}) = 0
21655 16:38:05 select(7, [3 4], [], NULL, NULL) = 1 (in [4])
21655 16:38:05 clock_gettime(CLOCK_BOOTTIME, {600972, 74951396}) = 0
21655 16:38:05 read(4, "n", 16384)      = 1
21655 16:38:05 clock_gettime(CLOCK_BOOTTIME, {600972, 75102946}) = 0
21655 16:38:05 clock_gettime(CLOCK_BOOTTIME, {600972, 75149652}) = 0
21655 16:38:05 select(7, [3 4], [3], NULL, NULL) = 1 (out [3])
21655 16:38:05 clock_gettime(CLOCK_BOOTTIME, {600972, 75247397}) = 0
21655 16:38:05 write(3, "k\215\17\324j\2jY\372' \241\0346h\306\37030\251\240rc.\276E#g\333:\264\241"..., 40) = 40
21655 16:38:05 clock_gettime(CLOCK_BOOTTIME, {600972, 75355888}) = 0
21655 16:38:05 clock_gettime(CLOCK_BOOTTIME, {600972, 75400471}) = 0
21655 16:38:05 select(7, [3 4], [], NULL, NULL) = 1 (in [4])
21655 16:38:05 clock_gettime(CLOCK_BOOTTIME, {600972, 75775268}) = 0
21655 16:38:05 read(4, "o", 16384)      = 1
21655 16:38:05 clock_gettime(CLOCK_BOOTTIME, {600972, 75872546}) = 0
21655 16:38:05 clock_gettime(CLOCK_BOOTTIME, {600972, 75917544}) = 0
21655 16:38:05 select(7, [3 4], [3], NULL, NULL) = 1 (out [3])
21655 16:38:05 clock_gettime(CLOCK_BOOTTIME, {600972, 76024166}) = 0
21655 16:38:05 write(3, "\243\251\245\f\337\234\203\331\36~\254\216\324s\332\2572F\201!p\261\v\307\"\337d_,\364/["..., 40) = 40
21655 16:38:05 clock_gettime(CLOCK_BOOTTIME, {600972, 76141946}) = 0
21655 16:38:05 clock_gettime(CLOCK_BOOTTIME, {600972, 76186359}) = 0
21655 16:38:05 select(7, [3 4], [], NULL, NULL) = 1 (in [3])
21655 16:38:05 clock_gettime(CLOCK_BOOTTIME, {600972, 76305502}) = 0
21655 16:38:05 read(3, "\230\306\210^\340\360\213\241i\253\313r\337\367\333\347e\4>\10\246\201hl\26\355\261\315\365_\207\360"..., 8192) = 40
21655 16:38:05 clock_gettime(CLOCK_BOOTTIME, {600972, 76403361}) = 0
21655 16:38:05 clock_gettime(CLOCK_BOOTTIME, {600972, 76446253}) = 0
21655 16:38:05 select(7, [3 4], [5], NULL, NULL) = 1 (out [5])
21655 16:38:05 clock_gettime(CLOCK_BOOTTIME, {600972, 76538956}) = 0
21655 16:38:05 write(5, "n", 1)         = 1
21655 16:38:05 clock_gettime(CLOCK_BOOTTIME, {600972, 76664088}) = 0
21655 16:38:05 clock_gettime(CLOCK_BOOTTIME, {600972, 76711824}) = 0
21655 16:38:05 select(7, [3 4], [], NULL, NULL) = 1 (in [3])
21655 16:38:05 clock_gettime(CLOCK_BOOTTIME, {600972, 77964804}) = 0
21655 16:38:05 read(3, "\231\f\305.\340\227\7\224i\220\177\257{bT\346\316\37\242\215\233\257\32154\360\370\2172\352\4f"..., 8192) = 40
21655 16:38:05 clock_gettime(CLOCK_BOOTTIME, {600972, 78069965}) = 0
21655 16:38:05 clock_gettime(CLOCK_BOOTTIME, {600972, 78120339}) = 0
21655 16:38:05 select(7, [3 4], [5], NULL, NULL) = 1 (out [5])
21655 16:38:05 clock_gettime(CLOCK_BOOTTIME, {600972, 78213760}) = 0
21655 16:38:05 write(5, "o", 1)         = 1
21655 16:38:05 clock_gettime(CLOCK_BOOTTIME, {600972, 78330498}) = 0
21655 16:38:05 clock_gettime(CLOCK_BOOTTIME, {600972, 78374890}) = 0
21655 16:38:05 select(7, [3 4], [], NULL, NULL) = 1 (in [4])
21655 16:38:05 clock_gettime(CLOCK_BOOTTIME, {600972, 466234076}) = 0
21655 16:38:05 read(4, "f", 16384)      = 1
21655 16:38:05 clock_gettime(CLOCK_BOOTTIME, {600972, 466364054}) = 0
21655 16:38:05 clock_gettime(CLOCK_BOOTTIME, {600972, 466407497}) = 0
21655 16:38:05 select(7, [3 4], [3], NULL, NULL) = 1 (out [3])
21655 16:38:05 clock_gettime(CLOCK_BOOTTIME, {600972, 466500123}) = 0
21655 16:38:05 write(3, "V \234V\22\232#\f<'*\367\352\5LY\356\220\240o\336\323r\300\2456\233>\323\217\265R"..., 40) = 40
21655 16:38:05 clock_gettime(CLOCK_BOOTTIME, {600972, 466600229}) = 0
21655 16:38:05 clock_gettime(CLOCK_BOOTTIME, {600972, 466654616}) = 0
21655 16:38:05 select(7, [3 4], [], NULL, NULL) = 1 (in [3])
21655 16:38:05 clock_gettime(CLOCK_BOOTTIME, {600972, 467985458}) = 0
21655 16:38:05 read(3, "qY\326,jQ1\22\20H\304:lSF\177\31\21\261f\22\22\206+\205\224\212\214\342MA\207"..., 8192) = 40
21655 16:38:05 clock_gettime(CLOCK_BOOTTIME, {600972, 468103084}) = 0
21655 16:38:05 clock_gettime(CLOCK_BOOTTIME, {600972, 468149659}) = 0
21655 16:38:05 select(7, [3 4], [5], NULL, NULL) = 1 (out [5])
21655 16:38:05 clock_gettime(CLOCK_BOOTTIME, {600972, 468243479}) = 0
21655 16:38:05 write(5, "f", 1)         = 1
21655 16:38:05 clock_gettime(CLOCK_BOOTTIME, {600972, 468372506}) = 0
21655 16:38:05 clock_gettime(CLOCK_BOOTTIME, {600972, 468416447}) = 0
21655 16:38:05 select(7, [3 4], [], NULL, NULL) = 1 (in [4])
21655 16:38:06 clock_gettime(CLOCK_BOOTTIME, {600973, 34366797}) = 0
21655 16:38:06 read(4, "\r", 16384)     = 1
21655 16:38:06 clock_gettime(CLOCK_BOOTTIME, {600973, 34476004}) = 0
21655 16:38:06 clock_gettime(CLOCK_BOOTTIME, {600973, 34519022}) = 0
21655 16:38:06 select(7, [3 4], [3], NULL, NULL) = 1 (out [3])
21655 16:38:06 clock_gettime(CLOCK_BOOTTIME, {600973, 34612156}) = 0
21655 16:38:06 write(3, "\375n\365\24\255Em\356UI#\210\221hJ\214\253\243\0~\241\33\271\224\272x\266(\237~\255\30"..., 40) = 40
21655 16:38:06 clock_gettime(CLOCK_BOOTTIME, {600973, 34714396}) = 0
21655 16:38:06 clock_gettime(CLOCK_BOOTTIME, {600973, 34756925}) = 0
21655 16:38:06 select(7, [3 4], [], NULL, NULL) = 1 (in [3])
21655 16:38:06 clock_gettime(CLOCK_BOOTTIME, {600973, 35995416}) = 0
21655 16:38:06 read(3, "&N=n\32\367\217\260\232\202sz\247r\370\25>3\376\240\230\254\205\"\3613\314B\353\270\332%"..., 8192) = 72
21655 16:38:06 clock_gettime(CLOCK_BOOTTIME, {600973, 36104220}) = 0
21655 16:38:06 clock_gettime(CLOCK_BOOTTIME, {600973, 36160046}) = 0
21655 16:38:06 select(7, [3 4], [5], NULL, NULL) = 1 (out [5])
21655 16:38:06 clock_gettime(CLOCK_BOOTTIME, {600973, 36252288}) = 0
21655 16:38:06 write(5, "\r\n-bash: ifcnof: command not fou"..., 36) = 36
21655 16:38:06 clock_gettime(CLOCK_BOOTTIME, {600973, 36377047}) = 0
21655 16:38:06 clock_gettime(CLOCK_BOOTTIME, {600973, 36420018}) = 0
21655 16:38:06 select(7, [3 4], [], NULL, NULL) = 1 (in [3])
21655 16:38:06 clock_gettime(CLOCK_BOOTTIME, {600973, 41229694}) = 0
21655 16:38:06 read(3, "\31\331Jn\356\17\37\277\16\241\330\352\300\205d;k\227\345u\337\360D!\30\353\314\227\30pg9"..., 8192) = 56
21655 16:38:06 clock_gettime(CLOCK_BOOTTIME, {600973, 41321662}) = 0
21655 16:38:06 clock_gettime(CLOCK_BOOTTIME, {600973, 41364626}) = 0
21655 16:38:06 select(7, [3 4], [5], NULL, NULL) = 1 (out [5])
21655 16:38:06 clock_gettime(CLOCK_BOOTTIME, {600973, 41455435}) = 0
21655 16:38:06 write(5, "[root@ali-p2p-h5-1 ~]# ", 23) = 23
21655 16:38:06 clock_gettime(CLOCK_BOOTTIME, {600973, 41569632}) = 0
21655 16:38:06 clock_gettime(CLOCK_BOOTTIME, {600973, 41612498}) = 0
21655 16:38:06 select(7, [3 4], [], NULL, NULL) = 1 (in [4])
21655 16:38:07 clock_gettime(CLOCK_BOOTTIME, {600973, 805199979}) = 0
21655 16:38:07 read(4, "i", 16384)      = 1
21655 16:38:07 clock_gettime(CLOCK_BOOTTIME, {600973, 805319261}) = 0
21655 16:38:07 clock_gettime(CLOCK_BOOTTIME, {600973, 805364082}) = 0
21655 16:38:07 select(7, [3 4], [3], NULL, NULL) = 1 (out [3])
21655 16:38:07 clock_gettime(CLOCK_BOOTTIME, {600973, 805460008}) = 0
21655 16:38:07 write(3, "\1\252:\375\374\2508L/\327\t\274\272\4\v2:0t[%\346@9\234\tpF\227\346\356\262"..., 40) = 40
21655 16:38:07 clock_gettime(CLOCK_BOOTTIME, {600973, 805567658}) = 0
21655 16:38:07 clock_gettime(CLOCK_BOOTTIME, {600973, 805610833}) = 0
21655 16:38:07 select(7, [3 4], [], NULL, NULL) = 1 (in [3])
21655 16:38:07 clock_gettime(CLOCK_BOOTTIME, {600973, 807240242}) = 0
21655 16:38:07 read(3, "\315\342\322\357\311\215\321^\222\237;\215\237R\343\332\321\3P:\233+\343\200\315\260\263)\3013\251\372"..., 8192) = 40
21655 16:38:07 clock_gettime(CLOCK_BOOTTIME, {600973, 807337965}) = 0
21655 16:38:07 clock_gettime(CLOCK_BOOTTIME, {600973, 807381697}) = 0
21655 16:38:07 select(7, [3 4], [5], NULL, NULL) = 1 (out [5])
21655 16:38:07 clock_gettime(CLOCK_BOOTTIME, {600973, 807474889}) = 0
21655 16:38:07 write(5, "i", 1)         = 1
21655 16:38:07 clock_gettime(CLOCK_BOOTTIME, {600973, 807606846}) = 0
21655 16:38:07 clock_gettime(CLOCK_BOOTTIME, {600973, 807651012}) = 0
21655 16:38:07 select(7, [3 4], [], NULL, NULL) = 1 (in [4])
21655 16:38:07 clock_gettime(CLOCK_BOOTTIME, {600973, 965763133}) = 0
21655 16:38:07 read(4, "f", 16384)      = 1
21655 16:38:07 clock_gettime(CLOCK_BOOTTIME, {600973, 965866497}) = 0
21655 16:38:07 clock_gettime(CLOCK_BOOTTIME, {600973, 965909753}) = 0
21655 16:38:07 select(7, [3 4], [3], NULL, NULL) = 1 (out [3])
21655 16:38:07 clock_gettime(CLOCK_BOOTTIME, {600973, 966038984}) = 0
21655 16:38:07 write(3, "\24j`MTj:\242\216\17H\256\302\362\276\37\202\347eYX=|\300zg\2\353\332\317s\216"..., 40) = 40
21655 16:38:07 clock_gettime(CLOCK_BOOTTIME, {600973, 966152779}) = 0
21655 16:38:07 clock_gettime(CLOCK_BOOTTIME, {600973, 966195731}) = 0
21655 16:38:07 select(7, [3 4], [], NULL, NULL) = 1 (in [3])
21655 16:38:07 clock_gettime(CLOCK_BOOTTIME, {600973, 968244584}) = 0
21655 16:38:07 read(3, "\26A\256]\377\335\215\25\244my\275\362w\3353G\2702\205\345bLh\211\251\271\252{&\\\211"..., 8192) = 40
21655 16:38:07 clock_gettime(CLOCK_BOOTTIME, {600973, 968341879}) = 0
21655 16:38:07 clock_gettime(CLOCK_BOOTTIME, {600973, 968384093}) = 0
21655 16:38:07 select(7, [3 4], [5], NULL, NULL) = 1 (out [5])
21655 16:38:07 clock_gettime(CLOCK_BOOTTIME, {600973, 968474585}) = 0
21655 16:38:07 write(5, "f", 1)         = 1
21655 16:38:07 clock_gettime(CLOCK_BOOTTIME, {600973, 968595003}) = 0
21655 16:38:07 clock_gettime(CLOCK_BOOTTIME, {600973, 968639314}) = 0
21655 16:38:07 select(7, [3 4], [], NULL, NULL) = 1 (in [4])
21655 16:38:07 clock_gettime(CLOCK_BOOTTIME, {600974, 234556838}) = 0
21655 16:38:07 read(4, "c", 16384)      = 1
21655 16:38:07 clock_gettime(CLOCK_BOOTTIME, {600974, 234688356}) = 0
21655 16:38:07 clock_gettime(CLOCK_BOOTTIME, {600974, 234733398}) = 0
21655 16:38:07 select(7, [3 4], [3], NULL, NULL) = 1 (out [3])
21655 16:38:07 clock_gettime(CLOCK_BOOTTIME, {600974, 234833032}) = 0
21655 16:38:07 write(3, "\7\202\0\1r!\375\373 \20\327 \325[\376\301u\256\366;f8\206\210~\327\215\20g\366\6\271"..., 40) = 40
21655 16:38:07 clock_gettime(CLOCK_BOOTTIME, {600974, 234945871}) = 0
21655 16:38:07 clock_gettime(CLOCK_BOOTTIME, {600974, 234989995}) = 0
21655 16:38:07 select(7, [3 4], [], NULL, NULL) = 1 (in [3])
21655 16:38:07 clock_gettime(CLOCK_BOOTTIME, {600974, 237231721}) = 0
21655 16:38:07 read(3, "\0260\r#\364\213\21Wf\202\203\224\351W\212\261m\240\345\251@y\202'j\v\324\200b5kk"..., 8192) = 40
21655 16:38:07 clock_gettime(CLOCK_BOOTTIME, {600974, 237331748}) = 0
21655 16:38:07 clock_gettime(CLOCK_BOOTTIME, {600974, 237375056}) = 0
21655 16:38:07 select(7, [3 4], [5], NULL, NULL) = 1 (out [5])
21655 16:38:07 clock_gettime(CLOCK_BOOTTIME, {600974, 237468706}) = 0
21655 16:38:07 write(5, "c", 1)         = 1
21655 16:38:07 clock_gettime(CLOCK_BOOTTIME, {600974, 237600398}) = 0
21655 16:38:07 clock_gettime(CLOCK_BOOTTIME, {600974, 237645230}) = 0
21655 16:38:07 select(7, [3 4], [], NULL, NULL) = 1 (in [4])
21655 16:38:07 clock_gettime(CLOCK_BOOTTIME, {600974, 266694027}) = 0
21655 16:38:07 read(4, "o", 16384)      = 1
21655 16:38:07 clock_gettime(CLOCK_BOOTTIME, {600974, 266802730}) = 0
21655 16:38:07 clock_gettime(CLOCK_BOOTTIME, {600974, 266846729}) = 0
21655 16:38:07 select(7, [3 4], [3], NULL, NULL) = 1 (out [3])
21655 16:38:07 clock_gettime(CLOCK_BOOTTIME, {600974, 266940993}) = 0
21655 16:38:07 write(3, "\0176e\367RI1\376\r\232\32\317<KlSMZ\311\327_\355g\277P@\2\371KU\266]"..., 40) = 40
21655 16:38:07 clock_gettime(CLOCK_BOOTTIME, {600974, 267047694}) = 0
21655 16:38:07 clock_gettime(CLOCK_BOOTTIME, {600974, 267100019}) = 0
21655 16:38:07 select(7, [3 4], [], NULL, NULL) = 1 (in [3])
21655 16:38:07 clock_gettime(CLOCK_BOOTTIME, {600974, 269225042}) = 0
21655 16:38:07 read(3, "\4\266\321\2\205\236BU\321\330\34#\340n\361g\323:\215S\213\212\317k\34'8L\232\373J\243"..., 8192) = 40
21655 16:38:07 clock_gettime(CLOCK_BOOTTIME, {600974, 269322123}) = 0
21655 16:38:07 clock_gettime(CLOCK_BOOTTIME, {600974, 269365875}) = 0
21655 16:38:07 select(7, [3 4], [5], NULL, NULL) = 1 (out [5])
21655 16:38:07 clock_gettime(CLOCK_BOOTTIME, {600974, 269458919}) = 0
21655 16:38:07 write(5, "o", 1)         = 1
21655 16:38:07 clock_gettime(CLOCK_BOOTTIME, {600974, 269579622}) = 0
21655 16:38:07 clock_gettime(CLOCK_BOOTTIME, {600974, 269623512}) = 0
21655 16:38:07 select(7, [3 4], [], NULL, NULL) = 1 (in [4])
21655 16:38:07 clock_gettime(CLOCK_BOOTTIME, {600974, 463518932}) = 0
21655 16:38:07 read(4, "n", 16384)      = 1
21655 16:38:07 clock_gettime(CLOCK_BOOTTIME, {600974, 463637648}) = 0
21655 16:38:07 clock_gettime(CLOCK_BOOTTIME, {600974, 463682854}) = 0
21655 16:38:07 select(7, [3 4], [3], NULL, NULL) = 1 (out [3])
21655 16:38:07 clock_gettime(CLOCK_BOOTTIME, {600974, 463777511}) = 0
21655 16:38:07 write(3, "\261\273\231'\214-,\2\254\273\276\327\230\256V\331\6\223\310\220>\30J\371\231\320%@2\274\242\335"..., 40) = 40
21655 16:38:07 clock_gettime(CLOCK_BOOTTIME, {600974, 463879917}) = 0
21655 16:38:07 clock_gettime(CLOCK_BOOTTIME, {600974, 463924809}) = 0
21655 16:38:07 select(7, [3 4], [], NULL, NULL) = 1 (in [3])
21655 16:38:07 clock_gettime(CLOCK_BOOTTIME, {600974, 466240746}) = 0
21655 16:38:07 read(3, "\246\326\313\2474\275\274\214\177\357Y\26\327b\351\270\376\10\376^\337\3426\362\267\2762H\306_\22\215"..., 8192) = 40
21655 16:38:07 clock_gettime(CLOCK_BOOTTIME, {600974, 466338496}) = 0
21655 16:38:07 clock_gettime(CLOCK_BOOTTIME, {600974, 466382730}) = 0
21655 16:38:07 select(7, [3 4], [5], NULL, NULL) = 1 (out [5])
21655 16:38:07 clock_gettime(CLOCK_BOOTTIME, {600974, 466475614}) = 0
21655 16:38:07 write(5, "n", 1)         = 1
21655 16:38:07 clock_gettime(CLOCK_BOOTTIME, {600974, 466597252}) = 0
21655 16:38:07 clock_gettime(CLOCK_BOOTTIME, {600974, 466651335}) = 0
21655 16:38:07 select(7, [3 4], [], NULL, NULL) = 1 (in [4])
21655 16:38:08 clock_gettime(CLOCK_BOOTTIME, {600974, 725473549}) = 0
21655 16:38:08 read(4, "i", 16384)      = 1
21655 16:38:08 clock_gettime(CLOCK_BOOTTIME, {600974, 725595529}) = 0
21655 16:38:08 clock_gettime(CLOCK_BOOTTIME, {600974, 725640557}) = 0
21655 16:38:08 select(7, [3 4], [3], NULL, NULL) = 1 (out [3])
21655 16:38:08 clock_gettime(CLOCK_BOOTTIME, {600974, 725735622}) = 0
21655 16:38:08 write(3, "\350\210\203f\213\3\274\2363\375FL\341#\3B\203\352\260\253\235\353Qw\372\0344@\257\377W\34"..., 40) = 40
21655 16:38:08 clock_gettime(CLOCK_BOOTTIME, {600974, 725836950}) = 0
21655 16:38:08 clock_gettime(CLOCK_BOOTTIME, {600974, 725881844}) = 0
21655 16:38:08 select(7, [3 4], [], NULL, NULL) = 1 (in [3])
21655 16:38:08 clock_gettime(CLOCK_BOOTTIME, {600974, 728230882}) = 0
21655 16:38:08 read(3, "\20\221ejG2\355\3650u\4\262\206\221\353\363\320\332\366\207\30Wub\364\210X\260\215ju\243"..., 8192) = 40
21655 16:38:08 clock_gettime(CLOCK_BOOTTIME, {600974, 728325902}) = 0
21655 16:38:08 clock_gettime(CLOCK_BOOTTIME, {600974, 728369727}) = 0
21655 16:38:08 select(7, [3 4], [5], NULL, NULL) = 1 (out [5])
21655 16:38:08 clock_gettime(CLOCK_BOOTTIME, {600974, 728462255}) = 0
21655 16:38:08 write(5, "i", 1)         = 1
21655 16:38:08 clock_gettime(CLOCK_BOOTTIME, {600974, 728585615}) = 0
21655 16:38:08 clock_gettime(CLOCK_BOOTTIME, {600974, 728630156}) = 0
21655 16:38:08 select(7, [3 4], [], NULL, NULL) = 1 (in [4])
21655 16:38:08 clock_gettime(CLOCK_BOOTTIME, {600974, 748872774}) = 0
21655 16:38:08 read(4, "f", 16384)      = 1
21655 16:38:08 clock_gettime(CLOCK_BOOTTIME, {600974, 748977587}) = 0
21655 16:38:08 clock_gettime(CLOCK_BOOTTIME, {600974, 749028754}) = 0
21655 16:38:08 select(7, [3 4], [3], NULL, NULL) = 1 (out [3])
21655 16:38:08 clock_gettime(CLOCK_BOOTTIME, {600974, 749133328}) = 0
21655 16:38:08 write(3, "wu.\333\220\255\5\225<TZm:\207fK5n\354\10\276@\371-^\312\311\272\34\235\224\341"..., 40) = 40
21655 16:38:08 clock_gettime(CLOCK_BOOTTIME, {600974, 749230208}) = 0
21655 16:38:08 clock_gettime(CLOCK_BOOTTIME, {600974, 749274228}) = 0
21655 16:38:08 select(7, [3 4], [], NULL, NULL) = 1 (in [3])
21655 16:38:08 clock_gettime(CLOCK_BOOTTIME, {600974, 751218094}) = 0
21655 16:38:08 read(3, "\215y\376\24\324m\220\25\3414\2~\372\320\266\362\352\t\351BLN\305v\10na\377\340j\25\31"..., 8192) = 40
21655 16:38:08 clock_gettime(CLOCK_BOOTTIME, {600974, 751312274}) = 0
21655 16:38:08 clock_gettime(CLOCK_BOOTTIME, {600974, 751356387}) = 0
21655 16:38:08 select(7, [3 4], [5], NULL, NULL) = 1 (out [5])
21655 16:38:08 clock_gettime(CLOCK_BOOTTIME, {600974, 751448426}) = 0
21655 16:38:08 write(5, "f", 1)         = 1
21655 16:38:08 clock_gettime(CLOCK_BOOTTIME, {600974, 751577277}) = 0
21655 16:38:08 clock_gettime(CLOCK_BOOTTIME, {600974, 751621198}) = 0
21655 16:38:08 select(7, [3 4], [], NULL, NULL) = 1 (in [4])
21655 16:38:08 clock_gettime(CLOCK_BOOTTIME, {600975, 530691937}) = 0
21655 16:38:08 read(4, "\10", 16384)    = 1
21655 16:38:08 clock_gettime(CLOCK_BOOTTIME, {600975, 530805272}) = 0
21655 16:38:08 clock_gettime(CLOCK_BOOTTIME, {600975, 530846857}) = 0
21655 16:38:08 select(7, [3 4], [3], NULL, NULL) = 1 (out [3])
21655 16:38:08 clock_gettime(CLOCK_BOOTTIME, {600975, 530938721}) = 0
21655 16:38:08 write(3, "\30r\240HW\336\224o\2]\3440C-\377GQVi\260\364>eV\177\20\20\266\v\274\200K"..., 40) = 40
21655 16:38:08 clock_gettime(CLOCK_BOOTTIME, {600975, 531046714}) = 0
21655 16:38:08 clock_gettime(CLOCK_BOOTTIME, {600975, 531096615}) = 0
21655 16:38:08 select(7, [3 4], [], NULL, NULL) = 1 (in [3])
21655 16:38:08 clock_gettime(CLOCK_BOOTTIME, {600975, 533227154}) = 0
21655 16:38:08 read(3, "\355\225\350pf\2J\324\10\325\375\312\250L`\231t\250\323\1~F\342\234+Z\\1l\217\273\261"..., 8192) = 40
21655 16:38:08 clock_gettime(CLOCK_BOOTTIME, {600975, 533324290}) = 0
21655 16:38:08 clock_gettime(CLOCK_BOOTTIME, {600975, 533368162}) = 0
21655 16:38:08 select(7, [3 4], [5], NULL, NULL) = 1 (out [5])
21655 16:38:08 clock_gettime(CLOCK_BOOTTIME, {600975, 533472960}) = 0
21655 16:38:08 write(5, "\10\33[K", 4)  = 4
21655 16:38:08 clock_gettime(CLOCK_BOOTTIME, {600975, 533604696}) = 0
21655 16:38:08 clock_gettime(CLOCK_BOOTTIME, {600975, 533648350}) = 0
21655 16:38:08 select(7, [3 4], [], NULL, NULL) = 1 (in [4])
21655 16:38:09 clock_gettime(CLOCK_BOOTTIME, {600975, 714309440}) = 0
21655 16:38:09 read(4, "\10", 16384)    = 1
21655 16:38:09 clock_gettime(CLOCK_BOOTTIME, {600975, 714418900}) = 0
21655 16:38:09 clock_gettime(CLOCK_BOOTTIME, {600975, 714463725}) = 0
21655 16:38:09 select(7, [3 4], [3], NULL, NULL) = 1 (out [3])
21655 16:38:09 clock_gettime(CLOCK_BOOTTIME, {600975, 714558452}) = 0
21655 16:38:09 write(3, "o1J7\24\26=_\324\273\273\261A\371\374\276\356\35\271Y\5m\203\37\267\222y\204-\234\357o"..., 40) = 40
21655 16:38:09 clock_gettime(CLOCK_BOOTTIME, {600975, 714658120}) = 0
21655 16:38:09 clock_gettime(CLOCK_BOOTTIME, {600975, 714702921}) = 0
21655 16:38:09 select(7, [3 4], [], NULL, NULL) = 1 (in [3])
21655 16:38:09 clock_gettime(CLOCK_BOOTTIME, {600975, 716230097}) = 0
21655 16:38:09 read(3, "\\xYQ\215_5GO\325$x)A\374\3674a>\235\345\243\247|\373\217\375\22\202\366(\310"..., 8192) = 40
21655 16:38:09 clock_gettime(CLOCK_BOOTTIME, {600975, 716325727}) = 0
21655 16:38:09 clock_gettime(CLOCK_BOOTTIME, {600975, 716370045}) = 0
21655 16:38:09 select(7, [3 4], [5], NULL, NULL) = 1 (out [5])
21655 16:38:09 clock_gettime(CLOCK_BOOTTIME, {600975, 716463533}) = 0
21655 16:38:09 write(5, "\10\33[K", 4)  = 4
21655 16:38:09 clock_gettime(CLOCK_BOOTTIME, {600975, 716586094}) = 0
21655 16:38:09 clock_gettime(CLOCK_BOOTTIME, {600975, 716630578}) = 0
21655 16:38:09 select(7, [3 4], [], NULL, NULL) = 1 (in [4])
21655 16:38:09 clock_gettime(CLOCK_BOOTTIME, {600976, 86172045}) = 0
21655 16:38:09 read(4, "f", 16384)      = 1
21655 16:38:09 clock_gettime(CLOCK_BOOTTIME, {600976, 86287625}) = 0
21655 16:38:09 clock_gettime(CLOCK_BOOTTIME, {600976, 86332387}) = 0
21655 16:38:09 select(7, [3 4], [3], NULL, NULL) = 1 (out [3])
21655 16:38:09 clock_gettime(CLOCK_BOOTTIME, {600976, 86426143}) = 0
21655 16:38:09 write(3, "2A\374ZDK\231@N\370\370\260\211\35\3420\241\376\216\375\356\241\227\235\374Ga\220O\34\261\211"..., 40) = 40
21655 16:38:09 clock_gettime(CLOCK_BOOTTIME, {600976, 86527191}) = 0
21655 16:38:09 clock_gettime(CLOCK_BOOTTIME, {600976, 86571772}) = 0
21655 16:38:09 select(7, [3 4], [], NULL, NULL) = 1 (in [3])
21655 16:38:09 clock_gettime(CLOCK_BOOTTIME, {600976, 88234377}) = 0
21655 16:38:09 read(3, "(q\325\2748;\331\0305-1Y\275\2347L|\r\2477\22_\36\36!ut\303F`&\""..., 8192) = 40
21655 16:38:09 clock_gettime(CLOCK_BOOTTIME, {600976, 88330271}) = 0
21655 16:38:09 clock_gettime(CLOCK_BOOTTIME, {600976, 88373956}) = 0
21655 16:38:09 select(7, [3 4], [5], NULL, NULL) = 1 (out [5])
21655 16:38:09 clock_gettime(CLOCK_BOOTTIME, {600976, 88467491}) = 0
21655 16:38:09 write(5, "f", 1)         = 1
21655 16:38:09 clock_gettime(CLOCK_BOOTTIME, {600976, 88588354}) = 0
21655 16:38:09 clock_gettime(CLOCK_BOOTTIME, {600976, 88632869}) = 0
21655 16:38:09 select(7, [3 4], [], NULL, NULL) = 1 (in [4])
21655 16:38:09 clock_gettime(CLOCK_BOOTTIME, {600976, 244865729}) = 0
21655 16:38:09 read(4, "i", 16384)      = 1
21655 16:38:09 clock_gettime(CLOCK_BOOTTIME, {600976, 244981112}) = 0
21655 16:38:09 clock_gettime(CLOCK_BOOTTIME, {600976, 245029095}) = 0
21655 16:38:09 select(7, [3 4], [3], NULL, NULL) = 1 (out [3])
21655 16:38:09 clock_gettime(CLOCK_BOOTTIME, {600976, 245131933}) = 0
21655 16:38:09 write(3, "\344\246\313\0347\2375\360\22\313\262\217\347\260\267\243[\376\3564\220/\n\371\236\233\23l\341[\30\31"..., 40) = 40
21655 16:38:09 clock_gettime(CLOCK_BOOTTIME, {600976, 245237491}) = 0
21655 16:38:09 clock_gettime(CLOCK_BOOTTIME, {600976, 245280412}) = 0
21655 16:38:09 select(7, [3 4], [], NULL, NULL) = 1 (in [3])
21655 16:38:09 clock_gettime(CLOCK_BOOTTIME, {600976, 247238126}) = 0
21655 16:38:09 read(3, "\2304^\247M\264\323;ZV\255N\"\5R2\254X\4\231?\247\230\3044&\367\216?\324>)"..., 8192) = 40
21655 16:38:09 clock_gettime(CLOCK_BOOTTIME, {600976, 247344688}) = 0
21655 16:38:09 clock_gettime(CLOCK_BOOTTIME, {600976, 247388732}) = 0
21655 16:38:09 select(7, [3 4], [5], NULL, NULL) = 1 (out [5])
21655 16:38:09 clock_gettime(CLOCK_BOOTTIME, {600976, 247481548}) = 0
21655 16:38:09 write(5, "i", 1)         = 1
21655 16:38:09 clock_gettime(CLOCK_BOOTTIME, {600976, 247614652}) = 0
21655 16:38:09 clock_gettime(CLOCK_BOOTTIME, {600976, 247658888}) = 0
21655 16:38:09 select(7, [3 4], [], NULL, NULL) = 1 (in [4])
21655 16:38:09 clock_gettime(CLOCK_BOOTTIME, {600976, 431592305}) = 0
21655 16:38:09 read(4, "g", 16384)      = 1
21655 16:38:09 clock_gettime(CLOCK_BOOTTIME, {600976, 431692368}) = 0
21655 16:38:09 clock_gettime(CLOCK_BOOTTIME, {600976, 431736353}) = 0
21655 16:38:09 select(7, [3 4], [3], NULL, NULL) = 1 (out [3])
21655 16:38:09 clock_gettime(CLOCK_BOOTTIME, {600976, 431828181}) = 0
21655 16:38:09 write(3, "Mzw\r\252\35\216?\243H\7\237;#\266\200c5\335\243\267\212s\243\213\3301G\256\325\265\233"..., 40) = 40
21655 16:38:09 clock_gettime(CLOCK_BOOTTIME, {600976, 431924072}) = 0
21655 16:38:09 clock_gettime(CLOCK_BOOTTIME, {600976, 431968021}) = 0
21655 16:38:09 select(7, [3 4], [], NULL, NULL) = 1 (in [3])
21655 16:38:09 clock_gettime(CLOCK_BOOTTIME, {600976, 434234099}) = 0
21655 16:38:09 read(3, "?x%;B\222Hg\247\365%a\0178\253\315\372\356\322>1b\r,Z\316|\211\\v\312m"..., 8192) = 40
21655 16:38:09 clock_gettime(CLOCK_BOOTTIME, {600976, 434328878}) = 0
21655 16:38:09 clock_gettime(CLOCK_BOOTTIME, {600976, 434371633}) = 0
21655 16:38:09 select(7, [3 4], [5], NULL, NULL) = 1 (out [5])
21655 16:38:09 clock_gettime(CLOCK_BOOTTIME, {600976, 434462758}) = 0
21655 16:38:09 write(5, "g", 1)         = 1
21655 16:38:09 clock_gettime(CLOCK_BOOTTIME, {600976, 434582510}) = 0
21655 16:38:09 clock_gettime(CLOCK_BOOTTIME, {600976, 434625637}) = 0
21655 16:38:09 select(7, [3 4], [], NULL, NULL) = 1 (in [4])
21655 16:38:09 clock_gettime(CLOCK_BOOTTIME, {600976, 570832659}) = 0
21655 16:38:09 read(4, "\r", 16384)     = 1
21655 16:38:09 clock_gettime(CLOCK_BOOTTIME, {600976, 570958906}) = 0
21655 16:38:09 clock_gettime(CLOCK_BOOTTIME, {600976, 571007009}) = 0
21655 16:38:09 select(7, [3 4], [3], NULL, NULL) = 1 (out [3])
21655 16:38:09 clock_gettime(CLOCK_BOOTTIME, {600976, 571112123}) = 0
21655 16:38:09 write(3, "\16\337\346O\327\31p\306J\237\244\226y\300;@g\22\277;\312w\3518\377\350pzt\0076\347"..., 40) = 40
21655 16:38:09 clock_gettime(CLOCK_BOOTTIME, {600976, 571209266}) = 0
21655 16:38:09 clock_gettime(CLOCK_BOOTTIME, {600976, 571251494}) = 0
21655 16:38:09 select(7, [3 4], [], NULL, NULL) = 1 (in [3])
21655 16:38:09 clock_gettime(CLOCK_BOOTTIME, {600976, 573252227}) = 0
21655 16:38:09 read(3, "u&\2333O\21\363\206\330\311s\3120U\346R\234E.\233\0048'u\203=\362\241\31\35\355\226"..., 8192) = 40
21655 16:38:09 clock_gettime(CLOCK_BOOTTIME, {600976, 573346910}) = 0
21655 16:38:09 clock_gettime(CLOCK_BOOTTIME, {600976, 573391101}) = 0
21655 16:38:09 select(7, [3 4], [5], NULL, NULL) = 1 (out [5])
21655 16:38:09 clock_gettime(CLOCK_BOOTTIME, {600976, 573484323}) = 0
21655 16:38:09 write(5, "\r\n", 2)      = 2
21655 16:38:09 clock_gettime(CLOCK_BOOTTIME, {600976, 573606071}) = 0
21655 16:38:09 clock_gettime(CLOCK_BOOTTIME, {600976, 573650887}) = 0
21655 16:38:09 select(7, [3 4], [], NULL, NULL) = 1 (in [3])
21655 16:38:09 clock_gettime(CLOCK_BOOTTIME, {600976, 574225930}) = 0
21655 16:38:09 read(3, "S\274\31^u:~\326Qm{\315^\\*`\331*\33\204\255o(\266pl6E\304u\305\237"..., 8192) = 872
21655 16:38:09 clock_gettime(CLOCK_BOOTTIME, {600976, 574331619}) = 0
21655 16:38:09 clock_gettime(CLOCK_BOOTTIME, {600976, 574376832}) = 0
21655 16:38:09 select(7, [3 4], [5], NULL, NULL) = 1 (out [5])
21655 16:38:09 clock_gettime(CLOCK_BOOTTIME, {600976, 574469341}) = 0
21655 16:38:09 write(5, "eth0      Link encap:Ethernet  H"..., 836) = 836
21655 16:38:09 clock_gettime(CLOCK_BOOTTIME, {600976, 574592280}) = 0
21655 16:38:09 clock_gettime(CLOCK_BOOTTIME, {600976, 574636241}) = 0
21655 16:38:09 select(7, [3 4], [], NULL, NULL) = 1 (in [3])
21655 16:38:09 clock_gettime(CLOCK_BOOTTIME, {600976, 578973671}) = 0
21655 16:38:09 read(3, ">9\271\377\354\300p\354H\374r\326\302^=\10y<\10\317\271\301\26\3012\216\232\366\225\273k\214"..., 8192) = 56
21655 16:38:09 clock_gettime(CLOCK_BOOTTIME, {600976, 579102895}) = 0
21655 16:38:09 clock_gettime(CLOCK_BOOTTIME, {600976, 579147134}) = 0
21655 16:38:09 select(7, [3 4], [5], NULL, NULL) = 1 (out [5])
21655 16:38:09 clock_gettime(CLOCK_BOOTTIME, {600976, 579240016}) = 0
21655 16:38:09 write(5, "[root@ali-p2p-h5-1 ~]# ", 23) = 23
21655 16:38:09 clock_gettime(CLOCK_BOOTTIME, {600976, 579356093}) = 0
21655 16:38:09 clock_gettime(CLOCK_BOOTTIME, {600976, 579401015}) = 0
21655 16:38:09 select(7, [3 4], [], NULL, NULL <detached ...>
