6263  03:40:31 select(4, [3], NULL, NULL, NULL) = 1 (in [3])
6263  03:40:31 read(3, "\0\0\3\274\n!\0\0\1\25\0\0\0\7ssh-rsa\0\0\0\1#\0\0\1\1\0\264"..., 8192) = 976
6263  03:40:31 open("/root/.ssh/known_hosts", O_RDONLY) = 4
6263  03:40:31 fstat(4, {st_mode=S_IFREG|0644, st_size=1177, ...}) = 0
6263  03:40:31 mmap(NULL, 4096, PROT_READ|PROT_WRITE, MAP_PRIVATE|MAP_ANONYMOUS, -1, 0) = 0x7fbed099d000
6263  03:40:31 read(4, "172.19.0.36 ssh-rsa AAAAB3NzaC1y"..., 4096) = 1177
6263  03:40:31 read(4, "", 4096)        = 0
6263  03:40:31 close(4)                 = 0
6263  03:40:31 munmap(0x7fbed099d000, 4096) = 0
6263  03:40:31 open("/root/.ssh/known_hosts2", O_RDONLY) = -1 ENOENT (No such file or directory)
6263  03:40:31 open("/usr/local/openssh/etc/ssh_known_hosts", O_RDONLY) = -1 ENOENT (No such file or directory)
6263  03:40:31 open("/usr/local/openssh/etc/ssh_known_hosts2", O_RDONLY) = -1 ENOENT (No such file or directory)
6263  03:40:31 clock_gettime(CLOCK_BOOTTIME, {669517, 736433004}) = 0
6263  03:40:31 write(3, "\0\0\0\f\n\25\0\0\0\0\0\0\0\0\0\0", 16) = 16
6263  03:40:31 write(3, "A\23|3\177\221\257-e\22\261\315\0:\\\367\206\251J\234\0\252nQJ\320\334\220I\261\206\""..., 40) = 40
6263  03:40:31 select(4, [3], NULL, NULL, NULL) = 1 (in [3])
6263  03:40:31 read(3, "\270\341\251\232.\211\303\371s\35\5\231J\346\373B\363?\2\0\321\337@\3124\234Ty0\356XK"..., 8192) = 40
6263  03:40:31 write(3, "\305:P\253Y\320\10\210g{\261\215\362\213\202\255bzcB\320t\24\6M2\33\307G#?\234"..., 56) = 56
6263  03:40:31 select(4, [3], NULL, NULL, NULL) = 1 (in [3])
6263  03:40:31 read(3, "h\214:\273>\335\345\0303\271F\237 \311\4\366\35Mt\370\\\244\355\377aj\356\311\224\360\373\334"..., 8192) = 72
6263  03:40:31 stat("/root/.ssh/id_rsa", 0x7fff27d1a100) = -1 ENOENT (No such file or directory)
6263  03:40:31 stat("/root/.ssh/id_dsa", 0x7fff27d1a100) = -1 ENOENT (No such file or directory)
6263  03:40:31 stat("/root/.ssh/id_ecdsa", 0x7fff27d1a100) = -1 ENOENT (No such file or directory)
6263  03:40:31 stat("/root/.ssh/id_ed25519", 0x7fff27d1a100) = -1 ENOENT (No such file or directory)
6263  03:40:31 open("/dev/tty", O_RDWR) = 4
6263  03:40:31 close(4)                 = 0
6263  03:40:31 open("/dev/tty", O_RDWR) = 4
6263  03:40:31 ioctl(4, TCGETS, {B38400 opost isig icanon echo ...}) = 0
6263  03:40:31 ioctl(4, SNDCTL_TMR_CONTINUE or TCSETSF, {B38400 opost isig icanon -echo ...}) = 0
6263  03:40:31 rt_sigaction(SIGALRM, {0x55b6b2d820d0, [], SA_RESTORER, 0x7fbecf522270}, {SIG_DFL, [], 0}, 8) = 0
6263  03:40:31 rt_sigaction(SIGHUP, {0x55b6b2d820d0, [], SA_RESTORER, 0x7fbecf522270}, {SIG_DFL, [], 0}, 8) = 0
6263  03:40:31 rt_sigaction(SIGINT, {0x55b6b2d820d0, [], SA_RESTORER, 0x7fbecf522270}, {SIG_DFL, [], 0}, 8) = 0
6263  03:40:31 rt_sigaction(SIGPIPE, {0x55b6b2d820d0, [], SA_RESTORER, 0x7fbecf522270}, {SIG_IGN, [], SA_RESTORER, 0x7fbecf522270}, 8) = 0
6263  03:40:31 rt_sigaction(SIGQUIT, {0x55b6b2d820d0, [], SA_RESTORER, 0x7fbecf522270}, {SIG_DFL, [], 0}, 8) = 0
6263  03:40:31 rt_sigaction(SIGTERM, {0x55b6b2d820d0, [], SA_RESTORER, 0x7fbecf522270}, {SIG_DFL, [], 0}, 8) = 0
6263  03:40:31 rt_sigaction(SIGTSTP, {0x55b6b2d820d0, [], SA_RESTORER, 0x7fbecf522270}, {SIG_DFL, [], 0}, 8) = 0
6263  03:40:31 rt_sigaction(SIGTTIN, {0x55b6b2d820d0, [], SA_RESTORER, 0x7fbecf522270}, {SIG_DFL, [], 0}, 8) = 0
6263  03:40:31 rt_sigaction(SIGTTOU, {0x55b6b2d820d0, [], SA_RESTORER, 0x7fbecf522270}, {SIG_DFL, [], 0}, 8) = 0
6263  03:40:31 write(4, "root@10.5.0.208's password: ", 28) = 28
6263  03:40:31 read(4, "y", 1)          = 1
6263  03:40:31 read(4, "o", 1)          = 1
6263  03:40:31 read(4, "t", 1)          = 1
6263  03:40:31 read(4, "p", 1)          = 1
6263  03:40:31 read(4, "4", 1)          = 1
6263  03:40:31 read(4, "o", 1)          = 1
6263  03:40:31 read(4, "z", 1)          = 1
6263  03:40:31 read(4, "A", 1)          = 1
6263  03:40:31 read(4, "c", 1)          = 1
6263  03:40:31 read(4, "C", 1)          = 1
6263  03:40:31 read(4, "=", 1)          = 1
6263  03:40:31 read(4, "b", 1)          = 1
6263  03:40:31 read(4, "~", 1)          = 1
6263  03:40:31 read(4, "V", 1)          = 1
6263  03:40:31 read(4, "4", 1)          = 1
6263  03:40:31 read(4, "K", 1)          = 1
6263  03:40:31 read(4, "G", 1)          = 1
6263  03:40:31 read(4, "V", 1)          = 1
6263  03:40:31 read(4, "/", 1)          = 1
6263  03:40:31 read(4, "s", 1)          = 1
6263  03:40:31 read(4, "\n", 1)         = 1
6263  03:40:31 write(4, "\n", 1)        = 1
6263  03:40:31 ioctl(4, SNDCTL_TMR_CONTINUE or TCSETSF, {B38400 opost isig icanon echo ...}) = 0
6263  03:40:31 rt_sigaction(SIGALRM, {SIG_DFL, [], SA_RESTORER, 0x7fbecf522270}, NULL, 8) = 0
6263  03:40:31 rt_sigaction(SIGHUP, {SIG_DFL, [], SA_RESTORER, 0x7fbecf522270}, NULL, 8) = 0
6263  03:40:31 rt_sigaction(SIGINT, {SIG_DFL, [], SA_RESTORER, 0x7fbecf522270}, NULL, 8) = 0
6263  03:40:31 rt_sigaction(SIGQUIT, {SIG_DFL, [], SA_RESTORER, 0x7fbecf522270}, NULL, 8) = 0
6263  03:40:31 rt_sigaction(SIGPIPE, {SIG_IGN, [], SA_RESTORER, 0x7fbecf522270}, NULL, 8) = 0
6263  03:40:31 rt_sigaction(SIGTERM, {SIG_DFL, [], SA_RESTORER, 0x7fbecf522270}, NULL, 8) = 0
6263  03:40:31 rt_sigaction(SIGTSTP, {SIG_DFL, [], SA_RESTORER, 0x7fbecf522270}, NULL, 8) = 0
6263  03:40:31 rt_sigaction(SIGTTIN, {SIG_DFL, [], SA_RESTORER, 0x7fbecf522270}, NULL, 8) = 0
6263  03:40:31 rt_sigaction(SIGTTOU, {SIG_DFL, [], SA_RESTORER, 0x7fbecf522270}, NULL, 8) = 0
6263  03:40:31 close(4)                 = 0
6263  03:40:31 write(3, "\f\325j\361\323\25\v\367\0Y\366\4\215\246y\17$\203\301\213h\232\2510\245\t\227T/\277\2\273"..., 136) = 136
6263  03:40:31 select(4, [3], NULL, NULL, NULL) = 1 (in [3])
6263  03:40:31 read(3, "\223\355[>;Z\205\367\363JL\230\276\313\310YN\27+\256.\336I\346", 8192) = 24
6263  03:40:31 dup(0)                   = 4
6263  03:40:31 dup(1)                   = 5
6263  03:40:31 dup(2)                   = 6
6263  03:40:31 ioctl(4, TCGETS, {B38400 opost isig icanon echo ...}) = 0
6263  03:40:31 ioctl(5, TCGETS, 0x7fff27d1a510) = -1 ENOTTY (Inappropriate ioctl for device)
6263  03:40:31 fcntl(5, F_GETFL)        = 0x1 (flags O_WRONLY)
6263  03:40:31 fcntl(5, F_SETFL, O_WRONLY|O_NONBLOCK) = 0
6263  03:40:31 ioctl(6, TCGETS, 0x7fff27d1a510) = -1 ENOTTY (Inappropriate ioctl for device)
6263  03:40:31 fcntl(6, F_GETFL)        = 0x1 (flags O_WRONLY)
6263  03:40:31 fcntl(6, F_SETFL, O_WRONLY|O_NONBLOCK) = 0
6263  03:40:31 fcntl(4, F_SETFD, FD_CLOEXEC) = 0
6263  03:40:31 fcntl(5, F_SETFD, FD_CLOEXEC) = 0
6263  03:40:31 fcntl(6, F_SETFD, FD_CLOEXEC) = 0
6263  03:40:31 rt_sigaction(SIGHUP, NULL, {SIG_DFL, [], SA_RESTORER, 0x7fbecf522270}, 8) = 0
6263  03:40:31 rt_sigaction(SIGHUP, {SIG_IGN, [], SA_RESTORER, 0x7fbecf522270}, NULL, 8) = 0
6263  03:40:31 rt_sigaction(SIGHUP, NULL, {SIG_IGN, [], SA_RESTORER, 0x7fbecf522270}, 8) = 0
6263  03:40:31 rt_sigaction(SIGHUP, {0x55b6b2d2a9f0, [], SA_RESTORER, 0x7fbecf522270}, NULL, 8) = 0
6263  03:40:31 rt_sigaction(SIGINT, NULL, {SIG_DFL, [], SA_RESTORER, 0x7fbecf522270}, 8) = 0
6263  03:40:31 rt_sigaction(SIGINT, {SIG_IGN, [], SA_RESTORER, 0x7fbecf522270}, NULL, 8) = 0
6263  03:40:31 rt_sigaction(SIGINT, NULL, {SIG_IGN, [], SA_RESTORER, 0x7fbecf522270}, 8) = 0
6263  03:40:31 rt_sigaction(SIGINT, {0x55b6b2d2a9f0, [], SA_RESTORER, 0x7fbecf522270}, NULL, 8) = 0
6263  03:40:31 rt_sigaction(SIGQUIT, NULL, {SIG_DFL, [], SA_RESTORER, 0x7fbecf522270}, 8) = 0
6263  03:40:31 rt_sigaction(SIGQUIT, {SIG_IGN, [], SA_RESTORER, 0x7fbecf522270}, NULL, 8) = 0
6263  03:40:31 rt_sigaction(SIGQUIT, NULL, {SIG_IGN, [], SA_RESTORER, 0x7fbecf522270}, 8) = 0
6263  03:40:31 rt_sigaction(SIGQUIT, {0x55b6b2d2a9f0, [], SA_RESTORER, 0x7fbecf522270}, NULL, 8) = 0
6263  03:40:31 rt_sigaction(SIGTERM, NULL, {SIG_DFL, [], SA_RESTORER, 0x7fbecf522270}, 8) = 0
6263  03:40:31 rt_sigaction(SIGTERM, {SIG_IGN, [], SA_RESTORER, 0x7fbecf522270}, NULL, 8) = 0
6263  03:40:31 rt_sigaction(SIGTERM, NULL, {SIG_IGN, [], SA_RESTORER, 0x7fbecf522270}, 8) = 0
6263  03:40:31 rt_sigaction(SIGTERM, {0x55b6b2d2a9f0, [], SA_RESTORER, 0x7fbecf522270}, NULL, 8) = 0
6263  03:40:31 rt_sigaction(SIGWINCH, NULL, {SIG_DFL, [], 0}, 8) = 0
6263  03:40:31 rt_sigaction(SIGWINCH, {0x55b6b2d2ac80, [], SA_RESTORER, 0x7fbecf522270}, NULL, 8) = 0
6263  03:40:31 ioctl(0, TCGETS, {B38400 opost isig icanon echo ...}) = 0
6263  03:40:31 ioctl(0, SNDCTL_TMR_STOP or TCSETSW, {B38400 -opost -isig -icanon -echo ...}) = 0
6263  03:40:31 clock_gettime(CLOCK_BOOTTIME, {669517, 804973826}) = 0
6263  03:40:31 clock_gettime(CLOCK_BOOTTIME, {669517, 805023142}) = 0
6263  03:40:31 select(7, [3], [3], NULL, NULL) = 1 (out [3])
6263  03:40:31 clock_gettime(CLOCK_BOOTTIME, {669517, 805109795}) = 0
6263  03:40:31 write(3, "P\354r\274J\303\240\2559\341\305F\307UVrD\336\213\222\0\261{Kf\206jO?\35\247\341"..., 112) = 112
6263  03:40:31 clock_gettime(CLOCK_BOOTTIME, {669517, 805199276}) = 0
6263  03:40:31 clock_gettime(CLOCK_BOOTTIME, {669517, 805240062}) = 0
6263  03:40:31 select(7, [3], [], NULL, NULL) = 1 (in [3])
6263  03:40:31 clock_gettime(CLOCK_BOOTTIME, {669517, 808666281}) = 0
6263  03:40:31 read(3, "q\226K!Y\2\231%4\fP\206\332S\205\233P\327\257\6\347B,6.k\204\201:\305\242\235"..., 8192) = 40
6263  03:40:31 getsockopt(3, SOL_TCP, TCP_NODELAY, [0], [4]) = 0
6263  03:40:31 setsockopt(3, SOL_TCP, TCP_NODELAY, [1], 4) = 0
6263  03:40:31 getsockname(3, {sa_family=AF_INET, sin_port=htons(37038), sin_addr=inet_addr("10.5.0.222")}, [16]) = 0
6263  03:40:31 setsockopt(3, SOL_IP, IP_TOS, [16], 4) = 0
6263  03:40:31 ioctl(0, TIOCGWINSZ, {ws_row=24, ws_col=122, ws_xpixel=0, ws_ypixel=0}) = 0
6263  03:40:31 clock_gettime(CLOCK_BOOTTIME, {669517, 808986181}) = 0
6263  03:40:31 clock_gettime(CLOCK_BOOTTIME, {669517, 809032033}) = 0
6263  03:40:31 select(7, [3], [3], NULL, NULL) = 1 (out [3])
6263  03:40:31 clock_gettime(CLOCK_BOOTTIME, {669517, 809116578}) = 0
6263  03:40:31 write(3, "\255\310O\245\331qWG\320\0T@\373;\3569mQ\370\205\335\16\310,\\H\237\362\322\324\244Y"..., 368) = 368
6263  03:40:31 clock_gettime(CLOCK_BOOTTIME, {669517, 809209387}) = 0
6263  03:40:31 clock_gettime(CLOCK_BOOTTIME, {669517, 809250202}) = 0
6263  03:40:31 select(7, [3], [], NULL, NULL) = 1 (in [3])
6263  03:40:31 clock_gettime(CLOCK_BOOTTIME, {669517, 809745774}) = 0
6263  03:40:31 read(3, "\231\22Z\254sd\343-\225\23\317\215?\325\236\357b\210yw\21aCR\354\321\374X$1\0\202"..., 8192) = 88
6263  03:40:31 clock_gettime(CLOCK_BOOTTIME, {669517, 809831818}) = 0
6263  03:40:31 clock_gettime(CLOCK_BOOTTIME, {669517, 809871495}) = 0
6263  03:40:31 select(7, [3 4], [], NULL, NULL) = 1 (in [3])
6263  03:40:31 clock_gettime(CLOCK_BOOTTIME, {669517, 814052290}) = 0
6263  03:40:31 read(3, " \373\271M\247k(\305\200\305\2575ac\3714S\377\206\33\236\376\212\370l\215]\16\n\304x\276"..., 8192) = 152
6263  03:40:31 clock_gettime(CLOCK_BOOTTIME, {669517, 814143448}) = 0
6263  03:40:31 clock_gettime(CLOCK_BOOTTIME, {669517, 814183940}) = 0
6263  03:40:31 select(7, [3 4], [5], NULL, NULL) = 1 (out [5])
6263  03:40:31 clock_gettime(CLOCK_BOOTTIME, {669517, 814270250}) = 0
6263  03:40:31 write(5, "Last login: Fri Jun 22 11:39:18 "..., 111) = 111
6263  03:40:31 clock_gettime(CLOCK_BOOTTIME, {669517, 814405098}) = 0
6263  03:40:31 clock_gettime(CLOCK_BOOTTIME, {669517, 814445451}) = 0
6263  03:40:31 select(7, [3 4], [], NULL, NULL) = 1 (in [3])
6263  03:40:31 clock_gettime(CLOCK_BOOTTIME, {669517, 831068468}) = 0
6263  03:40:31 read(3, "\227P\370O\224d\7\360\310U\355\246\342W~\220Z\24\201\267\34W\303{\370\245\333U\347J\25K"..., 8192) = 56
6263  03:40:31 clock_gettime(CLOCK_BOOTTIME, {669517, 831163164}) = 0
6263  03:40:31 clock_gettime(CLOCK_BOOTTIME, {669517, 831213465}) = 0
6263  03:40:31 select(7, [3 4], [5], NULL, NULL) = 1 (out [5])
6263  03:40:31 clock_gettime(CLOCK_BOOTTIME, {669517, 831297119}) = 0
6263  03:40:31 write(5, "[root@ali-p2p-h5-1 ~]# ", 23) = 23
6263  03:40:31 clock_gettime(CLOCK_BOOTTIME, {669517, 831402247}) = 0
6263  03:40:31 clock_gettime(CLOCK_BOOTTIME, {669517, 831441986}) = 0
6263  03:40:31 select(7, [3 4], [], NULL, NULL) = 1 (in [4])
6263  03:41:16 clock_gettime(CLOCK_BOOTTIME, {669563, 357065239}) = 0
6263  03:41:16 read(4, "", 16384)       = 0
6263  03:41:16 close(4)                 = 0
6263  03:41:16 clock_gettime(CLOCK_BOOTTIME, {669563, 357152258}) = 0
6263  03:41:16 clock_gettime(CLOCK_BOOTTIME,  <detached ...>
