5938  03:36:36 select(4, [3], NULL, NULL, NULL) = 1 (in [3])
5938  03:36:36 read(3, "\0\0\3\274\n!\0\0\1\25\0\0\0\7ssh-rsa\0\0\0\1#\0\0\1\1\0\264"..., 8192) = 976
5938  03:36:36 open("/root/.ssh/known_hosts", O_RDONLY) = 4
5938  03:36:36 fstat(4, {st_mode=S_IFREG|0644, st_size=1177, ...}) = 0
5938  03:36:36 mmap(NULL, 4096, PROT_READ|PROT_WRITE, MAP_PRIVATE|MAP_ANONYMOUS, -1, 0) = 0x7f89327e9000
5938  03:36:36 read(4, "172.19.0.36 ssh-rsa AAAAB3NzaC1y"..., 4096) = 1177
5938  03:36:36 read(4, "", 4096)        = 0
5938  03:36:36 close(4)                 = 0
5938  03:36:36 munmap(0x7f89327e9000, 4096) = 0
5938  03:36:36 open("/root/.ssh/known_hosts2", O_RDONLY) = -1 ENOENT (No such file or directory)
5938  03:36:36 open("/usr/local/openssh/etc/ssh_known_hosts", O_RDONLY) = -1 ENOENT (No such file or directory)
5938  03:36:36 open("/usr/local/openssh/etc/ssh_known_hosts2", O_RDONLY) = -1 ENOENT (No such file or directory)
5938  03:36:36 clock_gettime(CLOCK_BOOTTIME, {669282, 754990376}) = 0
5938  03:36:36 write(3, "\0\0\0\f\n\25\0\0\0\0\0\0\0\0\0\0", 16) = 16
5938  03:36:36 write(3, "g-^\240\341\21F\322\363\33\344\0210\274\340\344\265\353\375\266\243\301.\377{\2\26\3\272}\270\313"..., 40) = 40
5938  03:36:36 select(4, [3], NULL, NULL, NULL) = 1 (in [3])
5938  03:36:36 read(3, "t[\0018R?g\22R\311\24\306y\\#=\220\177\337I9X\235\346\211\240\366\35\203\236\335\305"..., 8192) = 40
5938  03:36:36 write(3, "\325\264WE\354\303!\0'\313\302\2478\265`Q\r\376\20\336\247+\274\26\333\263\314t\233\366\261\362"..., 56) = 56
5938  03:36:36 select(4, [3], NULL, NULL, NULL) = 1 (in [3])
5938  03:36:36 read(3, "=k\314\377uQ\217\370\22\276U\212\357P\2704`\205\320ZmV\214\355\200\v\22\355\6f\212\245"..., 8192) = 72
5938  03:36:36 stat("/root/.ssh/id_rsa", 0x7ffdb8fd5e00) = -1 ENOENT (No such file or directory)
5938  03:36:36 stat("/root/.ssh/id_dsa", 0x7ffdb8fd5e00) = -1 ENOENT (No such file or directory)
5938  03:36:36 stat("/root/.ssh/id_ecdsa", 0x7ffdb8fd5e00) = -1 ENOENT (No such file or directory)
5938  03:36:36 stat("/root/.ssh/id_ed25519", 0x7ffdb8fd5e00) = -1 ENOENT (No such file or directory)
5938  03:36:36 open("/dev/tty", O_RDWR) = 4
5938  03:36:36 close(4)                 = 0
5938  03:36:36 open("/dev/tty", O_RDWR) = 4
5938  03:36:36 ioctl(4, TCGETS, {B38400 opost isig icanon echo ...}) = 0
5938  03:36:36 ioctl(4, SNDCTL_TMR_CONTINUE or TCSETSF, {B38400 opost isig icanon -echo ...}) = 0
5938  03:36:36 rt_sigaction(SIGALRM, {0x5572c4d690d0, [], SA_RESTORER, 0x7f893136e270}, {SIG_DFL, [], 0}, 8) = 0
5938  03:36:36 rt_sigaction(SIGHUP, {0x5572c4d690d0, [], SA_RESTORER, 0x7f893136e270}, {SIG_DFL, [], 0}, 8) = 0
5938  03:36:36 rt_sigaction(SIGINT, {0x5572c4d690d0, [], SA_RESTORER, 0x7f893136e270}, {SIG_DFL, [], 0}, 8) = 0
5938  03:36:36 rt_sigaction(SIGPIPE, {0x5572c4d690d0, [], SA_RESTORER, 0x7f893136e270}, {SIG_IGN, [], SA_RESTORER, 0x7f893136e270}, 8) = 0
5938  03:36:36 rt_sigaction(SIGQUIT, {0x5572c4d690d0, [], SA_RESTORER, 0x7f893136e270}, {SIG_DFL, [], 0}, 8) = 0
5938  03:36:36 rt_sigaction(SIGTERM, {0x5572c4d690d0, [], SA_RESTORER, 0x7f893136e270}, {SIG_DFL, [], 0}, 8) = 0
5938  03:36:36 rt_sigaction(SIGTSTP, {0x5572c4d690d0, [], SA_RESTORER, 0x7f893136e270}, {SIG_DFL, [], 0}, 8) = 0
5938  03:36:36 rt_sigaction(SIGTTIN, {0x5572c4d690d0, [], SA_RESTORER, 0x7f893136e270}, {SIG_DFL, [], 0}, 8) = 0
5938  03:36:36 rt_sigaction(SIGTTOU, {0x5572c4d690d0, [], SA_RESTORER, 0x7f893136e270}, {SIG_DFL, [], 0}, 8) = 0
5938  03:36:36 write(4, "root@10.5.0.208's password: ", 28) = 28
5938  03:36:36 read(4, "y", 1)          = 1
5938  03:36:36 read(4, "o", 1)          = 1
5938  03:36:36 read(4, "t", 1)          = 1
5938  03:36:36 read(4, "p", 1)          = 1
5938  03:36:36 read(4, "4", 1)          = 1
5938  03:36:36 read(4, "o", 1)          = 1
5938  03:36:36 read(4, "z", 1)          = 1
5938  03:36:36 read(4, "A", 1)          = 1
5938  03:36:36 read(4, "c", 1)          = 1
5938  03:36:36 read(4, "C", 1)          = 1
5938  03:36:36 read(4, "=", 1)          = 1
5938  03:36:36 read(4, "b", 1)          = 1
5938  03:36:36 read(4, "~", 1)          = 1
5938  03:36:36 read(4, "V", 1)          = 1
5938  03:36:36 read(4, "4", 1)          = 1
5938  03:36:36 read(4, "K", 1)          = 1
5938  03:36:36 read(4, "G", 1)          = 1
5938  03:36:36 read(4, "V", 1)          = 1
5938  03:36:36 read(4, "/", 1)          = 1
5938  03:36:36 read(4, "s", 1)          = 1
5938  03:36:36 read(4, "\n", 1)         = 1
5938  03:36:36 write(4, "\n", 1)        = 1
5938  03:36:36 ioctl(4, SNDCTL_TMR_CONTINUE or TCSETSF, {B38400 opost isig icanon echo ...}) = 0
5938  03:36:36 rt_sigaction(SIGALRM, {SIG_DFL, [], SA_RESTORER, 0x7f893136e270}, NULL, 8) = 0
5938  03:36:36 rt_sigaction(SIGHUP, {SIG_DFL, [], SA_RESTORER, 0x7f893136e270}, NULL, 8) = 0
5938  03:36:36 rt_sigaction(SIGINT, {SIG_DFL, [], SA_RESTORER, 0x7f893136e270}, NULL, 8) = 0
5938  03:36:36 rt_sigaction(SIGQUIT, {SIG_DFL, [], SA_RESTORER, 0x7f893136e270}, NULL, 8) = 0
5938  03:36:36 rt_sigaction(SIGPIPE, {SIG_IGN, [], SA_RESTORER, 0x7f893136e270}, NULL, 8) = 0
5938  03:36:36 rt_sigaction(SIGTERM, {SIG_DFL, [], SA_RESTORER, 0x7f893136e270}, NULL, 8) = 0
5938  03:36:36 rt_sigaction(SIGTSTP, {SIG_DFL, [], SA_RESTORER, 0x7f893136e270}, NULL, 8) = 0
5938  03:36:36 rt_sigaction(SIGTTIN, {SIG_DFL, [], SA_RESTORER, 0x7f893136e270}, NULL, 8) = 0
5938  03:36:36 rt_sigaction(SIGTTOU, {SIG_DFL, [], SA_RESTORER, 0x7f893136e270}, NULL, 8) = 0
5938  03:36:36 close(4)                 = 0
5938  03:36:36 write(3, "\27@\200\17\352\10\272\344\234\31\2&\333i6\351\33d8F\326\30\237\261\242I\366^Fq|j"..., 136) = 136
5938  03:36:36 select(4, [3], NULL, NULL, NULL) = 1 (in [3])
5938  03:36:36 read(3, "n\2245\356\16\213\324X\363%\0S\35%\374JwC\237]E[\252j", 8192) = 24
5938  03:36:36 dup(0)                   = 4
5938  03:36:36 dup(1)                   = 5
5938  03:36:36 dup(2)                   = 6
5938  03:36:36 ioctl(4, TCGETS, {B38400 opost isig icanon echo ...}) = 0
5938  03:36:36 ioctl(5, TCGETS, {B38400 opost isig icanon echo ...}) = 0
5938  03:36:36 ioctl(6, TCGETS, {B38400 opost isig icanon echo ...}) = 0
5938  03:36:36 fcntl(4, F_SETFD, FD_CLOEXEC) = 0
5938  03:36:36 fcntl(5, F_SETFD, FD_CLOEXEC) = 0
5938  03:36:36 fcntl(6, F_SETFD, FD_CLOEXEC) = 0
5938  03:36:36 rt_sigaction(SIGHUP, NULL, {SIG_DFL, [], SA_RESTORER, 0x7f893136e270}, 8) = 0
5938  03:36:36 rt_sigaction(SIGHUP, {SIG_IGN, [], SA_RESTORER, 0x7f893136e270}, NULL, 8) = 0
5938  03:36:36 rt_sigaction(SIGHUP, NULL, {SIG_IGN, [], SA_RESTORER, 0x7f893136e270}, 8) = 0
5938  03:36:36 rt_sigaction(SIGHUP, {0x5572c4d119f0, [], SA_RESTORER, 0x7f893136e270}, NULL, 8) = 0
5938  03:36:36 rt_sigaction(SIGINT, NULL, {SIG_DFL, [], SA_RESTORER, 0x7f893136e270}, 8) = 0
5938  03:36:36 rt_sigaction(SIGINT, {SIG_IGN, [], SA_RESTORER, 0x7f893136e270}, NULL, 8) = 0
5938  03:36:36 rt_sigaction(SIGINT, NULL, {SIG_IGN, [], SA_RESTORER, 0x7f893136e270}, 8) = 0
5938  03:36:36 rt_sigaction(SIGINT, {0x5572c4d119f0, [], SA_RESTORER, 0x7f893136e270}, NULL, 8) = 0
5938  03:36:36 rt_sigaction(SIGQUIT, NULL, {SIG_DFL, [], SA_RESTORER, 0x7f893136e270}, 8) = 0
5938  03:36:36 rt_sigaction(SIGQUIT, {SIG_IGN, [], SA_RESTORER, 0x7f893136e270}, NULL, 8) = 0
5938  03:36:36 rt_sigaction(SIGQUIT, NULL, {SIG_IGN, [], SA_RESTORER, 0x7f893136e270}, 8) = 0
5938  03:36:36 rt_sigaction(SIGQUIT, {0x5572c4d119f0, [], SA_RESTORER, 0x7f893136e270}, NULL, 8) = 0
5938  03:36:36 rt_sigaction(SIGTERM, NULL, {SIG_DFL, [], SA_RESTORER, 0x7f893136e270}, 8) = 0
5938  03:36:36 rt_sigaction(SIGTERM, {SIG_IGN, [], SA_RESTORER, 0x7f893136e270}, NULL, 8) = 0
5938  03:36:36 rt_sigaction(SIGTERM, NULL, {SIG_IGN, [], SA_RESTORER, 0x7f893136e270}, 8) = 0
5938  03:36:36 rt_sigaction(SIGTERM, {0x5572c4d119f0, [], SA_RESTORER, 0x7f893136e270}, NULL, 8) = 0
5938  03:36:36 rt_sigaction(SIGWINCH, NULL, {SIG_DFL, [], 0}, 8) = 0
5938  03:36:36 rt_sigaction(SIGWINCH, {0x5572c4d11c80, [], SA_RESTORER, 0x7f893136e270}, NULL, 8) = 0
5938  03:36:36 ioctl(0, TCGETS, {B38400 opost isig icanon echo ...}) = 0
5938  03:36:36 ioctl(0, SNDCTL_TMR_STOP or TCSETSW, {B38400 -opost -isig -icanon -echo ...}) = 0
5938  03:36:36 clock_gettime(CLOCK_BOOTTIME, {669282, 823402680}) = 0
5938  03:36:36 clock_gettime(CLOCK_BOOTTIME, {669282, 823457272}) = 0
5938  03:36:36 select(7, [3], [3], NULL, NULL) = 1 (out [3])
5938  03:36:36 clock_gettime(CLOCK_BOOTTIME, {669282, 823540040}) = 0
5938  03:36:36 write(3, "C\351\257y\232la\332\236\225\0024\17{\30@\223`\322[5,\336\300\365\371\313\37g\271\322u"..., 112) = 112
5938  03:36:36 clock_gettime(CLOCK_BOOTTIME, {669282, 823626774}) = 0
5938  03:36:36 clock_gettime(CLOCK_BOOTTIME, {669282, 823665880}) = 0
5938  03:36:36 select(7, [3], [], NULL, NULL) = 1 (in [3])
5938  03:36:36 clock_gettime(CLOCK_BOOTTIME, {669282, 826601627}) = 0
5938  03:36:36 read(3, "qA\347S\fG\243\353\306\367\210\367*\312\274\35\204\313\335N\231X\vQ\376\26\310\341v ?P"..., 8192) = 40
5938  03:36:36 getsockopt(3, SOL_TCP, TCP_NODELAY, [0], [4]) = 0
5938  03:36:36 setsockopt(3, SOL_TCP, TCP_NODELAY, [1], 4) = 0
5938  03:36:36 getsockname(3, {sa_family=AF_INET, sin_port=htons(34730), sin_addr=inet_addr("10.5.0.222")}, [16]) = 0
5938  03:36:36 setsockopt(3, SOL_IP, IP_TOS, [16], 4) = 0
5938  03:36:36 ioctl(0, TIOCGWINSZ, {ws_row=24, ws_col=105, ws_xpixel=0, ws_ypixel=0}) = 0
5938  03:36:36 clock_gettime(CLOCK_BOOTTIME, {669282, 826914234}) = 0
5938  03:36:36 clock_gettime(CLOCK_BOOTTIME, {669282, 826952961}) = 0
5938  03:36:36 select(7, [3], [3], NULL, NULL) = 1 (out [3])
5938  03:36:36 clock_gettime(CLOCK_BOOTTIME, {669282, 827045491}) = 0
5938  03:36:36 write(3, "LS03\276\n\nB\355\24\f\232\277\6\242\373\322\237\366\322\360\327\1u,e\34S1\322\260>"..., 368) = 368
5938  03:36:36 clock_gettime(CLOCK_BOOTTIME, {669282, 827138496}) = 0
5938  03:36:36 clock_gettime(CLOCK_BOOTTIME, {669282, 827178992}) = 0
5938  03:36:36 select(7, [3], [], NULL, NULL) = 1 (in [3])
5938  03:36:36 clock_gettime(CLOCK_BOOTTIME, {669282, 827681714}) = 0
5938  03:36:36 read(3, "\220\23\211\226\210;\30m\26\234\274\211\371\337\2157Z\337\270~\21\347Rh\205y\16\213\375v\345'"..., 8192) = 88
5938  03:36:36 clock_gettime(CLOCK_BOOTTIME, {669282, 827767501}) = 0
5938  03:36:36 clock_gettime(CLOCK_BOOTTIME, {669282, 827806668}) = 0
5938  03:36:36 select(7, [3 4], [], NULL, NULL) = 1 (in [3])
5938  03:36:36 clock_gettime(CLOCK_BOOTTIME, {669282, 832048290}) = 0
5938  03:36:36 read(3, "\346\375\372\364\251t\222?\24U\262\n\232\0044!ffo\234m\321\220\253\313\362=a5\364\3730"..., 8192) = 152
5938  03:36:36 clock_gettime(CLOCK_BOOTTIME, {669282, 832136909}) = 0
5938  03:36:36 clock_gettime(CLOCK_BOOTTIME, {669282, 832175560}) = 0
5938  03:36:36 select(7, [3 4], [5], NULL, NULL) = 1 (out [5])
5938  03:36:36 clock_gettime(CLOCK_BOOTTIME, {669282, 832258610}) = 0
5938  03:36:36 write(5, "Last login: Fri Jun 22 11:33:49 "..., 111) = 111
5938  03:36:36 clock_gettime(CLOCK_BOOTTIME, {669282, 832378891}) = 0
5938  03:36:36 clock_gettime(CLOCK_BOOTTIME, {669282, 832418257}) = 0
5938  03:36:36 select(7, [3 4], [], NULL, NULL) = 1 (in [3])
5938  03:36:36 clock_gettime(CLOCK_BOOTTIME, {669282, 849312710}) = 0
5938  03:36:36 read(3, "f\227t\234\224\243'\27\305\3212\362\365\253\220\345{\244\361\\\35\177\tv\304\343\f\353\221\221\304%"..., 8192) = 56
5938  03:36:36 clock_gettime(CLOCK_BOOTTIME, {669282, 849412821}) = 0
5938  03:36:36 clock_gettime(CLOCK_BOOTTIME, {669282, 849458556}) = 0
5938  03:36:36 select(7, [3 4], [5], NULL, NULL) = 1 (out [5])
5938  03:36:36 clock_gettime(CLOCK_BOOTTIME, {669282, 849542315}) = 0
5938  03:36:36 write(5, "[root@ali-p2p-h5-1 ~]# ", 23) = 23
5938  03:36:36 clock_gettime(CLOCK_BOOTTIME, {669282, 849644351}) = 0
5938  03:36:36 clock_gettime(CLOCK_BOOTTIME, {669282, 849683543}) = 0
5938  03:36:36 select(7, [3 4], [], NULL, NULL) = 1 (in [4])
5938  03:36:37 clock_gettime(CLOCK_BOOTTIME, {669283, 809777255}) = 0
5938  03:36:37 read(4, "e", 16384)      = 1
5938  03:36:37 clock_gettime(CLOCK_BOOTTIME, {669283, 809895517}) = 0
5938  03:36:37 clock_gettime(CLOCK_BOOTTIME, {669283, 809937515}) = 0
5938  03:36:37 select(7, [3 4], [3], NULL, NULL) = 1 (out [3])
5938  03:36:37 clock_gettime(CLOCK_BOOTTIME, {669283, 810043252}) = 0
5938  03:36:37 write(3, "\303\24\244\234\252\262~}k\214,\232Q\206{k\34\350g\33\274$\362\370\nb\300Y6\33\327\177"..., 40) = 40
5938  03:36:37 clock_gettime(CLOCK_BOOTTIME, {669283, 810176132}) = 0
5938  03:36:37 clock_gettime(CLOCK_BOOTTIME, {669283, 810222014}) = 0
5938  03:36:37 select(7, [3 4], [], NULL, NULL) = 1 (in [3])
5938  03:36:37 clock_gettime(CLOCK_BOOTTIME, {669283, 812298501}) = 0
5938  03:36:37 read(3, "\10\375|\207\366\222|\237\210O\277G\236B\5\6\371\350\364\36 \215X\340dL\nCyG\202\211"..., 8192) = 40
5938  03:36:37 clock_gettime(CLOCK_BOOTTIME, {669283, 812392158}) = 0
5938  03:36:37 clock_gettime(CLOCK_BOOTTIME, {669283, 812433005}) = 0
5938  03:36:37 select(7, [3 4], [5], NULL, NULL) = 1 (out [5])
5938  03:36:37 clock_gettime(CLOCK_BOOTTIME, {669283, 812538406}) = 0
5938  03:36:37 write(5, "e", 1)         = 1
5938  03:36:37 clock_gettime(CLOCK_BOOTTIME, {669283, 812661618}) = 0
5938  03:36:37 clock_gettime(CLOCK_BOOTTIME, {669283, 812703218}) = 0
5938  03:36:37 select(7, [3 4], [], NULL, NULL) = 1 (in [4])
5938  03:36:37 clock_gettime(CLOCK_BOOTTIME, {669284, 90134927}) = 0
5938  03:36:37 read(4, "x", 16384)      = 1
5938  03:36:37 clock_gettime(CLOCK_BOOTTIME, {669284, 90240820}) = 0
5938  03:36:37 clock_gettime(CLOCK_BOOTTIME, {669284, 90282451}) = 0
5938  03:36:37 select(7, [3 4], [3], NULL, NULL) = 1 (out [3])
5938  03:36:37 clock_gettime(CLOCK_BOOTTIME, {669284, 90370293}) = 0
5938  03:36:37 write(3, "\237=\202\0079\355\276\371\262\223\177\f\255Y\3675\240\361U[\5\323\214\322\3140C*gw\326>"..., 40) = 40
5938  03:36:37 clock_gettime(CLOCK_BOOTTIME, {669284, 90475435}) = 0
5938  03:36:37 clock_gettime(CLOCK_BOOTTIME, {669284, 90514897}) = 0
5938  03:36:37 select(7, [3 4], [], NULL, NULL) = 1 (in [3])
5938  03:36:37 clock_gettime(CLOCK_BOOTTIME, {669284, 92306995}) = 0
5938  03:36:37 read(3, "\0`\341^\31\270\r3\335W4\277\305* \32\331\362W\2059\324\31L\314\27Z\225\16\214\230\362"..., 8192) = 40
5938  03:36:37 clock_gettime(CLOCK_BOOTTIME, {669284, 92397966}) = 0
5938  03:36:37 clock_gettime(CLOCK_BOOTTIME, {669284, 92441715}) = 0
5938  03:36:37 select(7, [3 4], [5], NULL, NULL) = 1 (out [5])
5938  03:36:37 clock_gettime(CLOCK_BOOTTIME, {669284, 92530392}) = 0
5938  03:36:37 write(5, "x", 1)         = 1
5938  03:36:37 clock_gettime(CLOCK_BOOTTIME, {669284, 92650320}) = 0
5938  03:36:37 clock_gettime(CLOCK_BOOTTIME, {669284, 92691062}) = 0
5938  03:36:37 select(7, [3 4], [], NULL, NULL) = 1 (in [4])
5938  03:36:37 clock_gettime(CLOCK_BOOTTIME, {669284, 216655481}) = 0
5938  03:36:37 read(4, "i", 16384)      = 1
5938  03:36:37 clock_gettime(CLOCK_BOOTTIME, {669284, 216767635}) = 0
5938  03:36:37 clock_gettime(CLOCK_BOOTTIME, {669284, 216809303}) = 0
5938  03:36:37 select(7, [3 4], [3], NULL, NULL) = 1 (out [3])
5938  03:36:37 clock_gettime(CLOCK_BOOTTIME, {669284, 216898109}) = 0
5938  03:36:37 write(3, "\263\223\237h\317'\310\232\203\215(y\305\210\2325\257\230\356t\264\245\3017t\357I\20!r\26["..., 40) = 40
5938  03:36:37 clock_gettime(CLOCK_BOOTTIME, {669284, 216997019}) = 0
5938  03:36:37 clock_gettime(CLOCK_BOOTTIME, {669284, 217045766}) = 0
5938  03:36:37 select(7, [3 4], [], NULL, NULL) = 1 (in [3])
5938  03:36:37 clock_gettime(CLOCK_BOOTTIME, {669284, 219297481}) = 0
5938  03:36:37 read(3, "\r\301t}\274\307\340\3\214\322\215\177\37an\32\207\230c/\0017\303h\2\316\263\27\272/:\342"..., 8192) = 40
5938  03:36:37 clock_gettime(CLOCK_BOOTTIME, {669284, 219388644}) = 0
5938  03:36:37 clock_gettime(CLOCK_BOOTTIME, {669284, 219430962}) = 0
5938  03:36:37 select(7, [3 4], [5], NULL, NULL) = 1 (out [5])
5938  03:36:37 clock_gettime(CLOCK_BOOTTIME, {669284, 219528395}) = 0
5938  03:36:37 write(5, "i", 1)         = 1
5938  03:36:37 clock_gettime(CLOCK_BOOTTIME, {669284, 219645122}) = 0
5938  03:36:37 clock_gettime(CLOCK_BOOTTIME, {669284, 219687149}) = 0
5938  03:36:37 select(7, [3 4], [], NULL, NULL) = 1 (in [4])
5938  03:36:37 clock_gettime(CLOCK_BOOTTIME, {669284, 409232797}) = 0
5938  03:36:37 read(4, "t", 16384)      = 1
5938  03:36:37 clock_gettime(CLOCK_BOOTTIME, {669284, 409335693}) = 0
5938  03:36:37 clock_gettime(CLOCK_BOOTTIME, {669284, 409376262}) = 0
5938  03:36:37 select(7, [3 4], [3], NULL, NULL) = 1 (out [3])
5938  03:36:37 clock_gettime(CLOCK_BOOTTIME, {669284, 409478800}) = 0
5938  03:36:37 write(3, "\324\357s\310\303z\356;\363\272,\332?\224i\360\241\316eHv\35\203\17\341\3ST\352\236\275k"..., 40) = 40
5938  03:36:37 clock_gettime(CLOCK_BOOTTIME, {669284, 409569752}) = 0
5938  03:36:37 clock_gettime(CLOCK_BOOTTIME, {669284, 409608059}) = 0
5938  03:36:37 select(7, [3 4], [], NULL, NULL) = 1 (in [3])
5938  03:36:37 clock_gettime(CLOCK_BOOTTIME, {669284, 411291663}) = 0
5938  03:36:37 read(3, "\327\36,RXy\r\346\366\234\311\204\224\306\2655\200\365S\367\227\273f\330f\347\6-\331\374\fc"..., 8192) = 40
5938  03:36:37 clock_gettime(CLOCK_BOOTTIME, {669284, 411378080}) = 0
5938  03:36:37 clock_gettime(CLOCK_BOOTTIME, {669284, 411417255}) = 0
5938  03:36:37 select(7, [3 4], [5], NULL, NULL) = 1 (out [5])
5938  03:36:37 clock_gettime(CLOCK_BOOTTIME, {669284, 411506630}) = 0
5938  03:36:37 write(5, "t", 1)         = 1
5938  03:36:37 clock_gettime(CLOCK_BOOTTIME, {669284, 411615415}) = 0
5938  03:36:37 clock_gettime(CLOCK_BOOTTIME, {669284, 411653998}) = 0
5938  03:36:37 select(7, [3 4], [], NULL, NULL) = 1 (in [4])
5938  03:36:37 clock_gettime(CLOCK_BOOTTIME, {669284, 576780047}) = 0
5938  03:36:37 read(4, "\r", 16384)     = 1
5938  03:36:37 clock_gettime(CLOCK_BOOTTIME, {669284, 576880805}) = 0
5938  03:36:37 clock_gettime(CLOCK_BOOTTIME, {669284, 576920157}) = 0
5938  03:36:37 select(7, [3 4], [3], NULL, NULL) = 1 (out [3])
5938  03:36:37 clock_gettime(CLOCK_BOOTTIME, {669284, 577009925}) = 0
5938  03:36:37 write(3, "|\272\254\234\224\232\271r\255B\376\272\340\22\25Q_\310\302\6\311\254\23\324\260V\220\213\211\3=\220"..., 40) = 40
5938  03:36:37 clock_gettime(CLOCK_BOOTTIME, {669284, 577103220}) = 0
5938  03:36:37 clock_gettime(CLOCK_BOOTTIME, {669284, 577142806}) = 0
5938  03:36:37 select(7, [3 4], [], NULL, NULL) = 1 (in [3])
5938  03:36:37 clock_gettime(CLOCK_BOOTTIME, {669284, 582365460}) = 0
5938  03:36:37 read(3, "\2469\351\217\253\321\234\264s\320\n\1\201\275-\215N\305\337>~qF7\332\205\220?F*\37\16"..., 8192) = 200
5938  03:36:37 close(4)                 = 0
5938  03:36:37 clock_gettime(CLOCK_BOOTTIME, {669284, 582508470}) = 0
5938  03:36:37 clock_gettime(CLOCK_BOOTTIME, {669284, 582548237}) = 0
5938  03:36:37 select(7, [3], [5], NULL, NULL) = 1 (out [5])
5938  03:36:37 clock_gettime(CLOCK_BOOTTIME, {669284, 582630191}) = 0
5938  03:36:37 write(5, "\r\nlogout\r\n", 10) = 10
5938  03:36:37 clock_gettime(CLOCK_BOOTTIME, {669284, 582754640}) = 0
5938  03:36:37 clock_gettime(CLOCK_BOOTTIME, {669284, 582795551}) = 0
5938  03:36:37 close(5)                 = 0
5938  03:36:37 ioctl(0, SNDCTL_TMR_STOP or TCSETSW, {B38400 opost isig icanon echo ...}) = 0
5938  03:36:37 close(6)                 = 0
5938  03:36:37 select(7, [3], [3], NULL, NULL) = 1 (out [3])
5938  03:36:37 clock_gettime(CLOCK_BOOTTIME, {669284, 583044895}) = 0
5938  03:36:37 write(3, "v\217\2N\271To\301\2713\367-e\324\234W\214A+k?\241U\6", 24) = 24
5938  03:36:37 rt_sigaction(SIGWINCH, NULL, {0x5572c4d11c80, [], SA_RESTORER, 0x7f893136e270}, 8) = 0
5938  03:36:37 rt_sigaction(SIGWINCH, {SIG_DFL, [], SA_RESTORER, 0x7f893136e270}, NULL, 8) = 0
5938  03:36:37 write(3, "\272\273E&\24\234m\321\250u\26\236\357\215\236>EZ\21\357X\245\nH\245\244I9y\335\371p"..., 56) = 56
5938  03:36:37 ioctl(0, TCGETS, {B38400 opost isig icanon echo ...}) = 0
5938  03:36:37 ioctl(1, TCGETS, {B38400 opost isig icanon echo ...}) = 0
5938  03:36:37 ioctl(2, TCGETS, {B38400 opost isig icanon echo ...}) = 0
5938  03:36:37 write(2, "Connection to 10.5.0.208 closed."..., 34) = 34
5938  03:36:37 shutdown(3, SHUT_RDWR)   = 0
5938  03:36:37 close(3)                 = 0
5938  03:36:37 write(1, "random tag:fckshnizaj", 21) = 21
5938  03:36:37 exit_group(0)            = ?
5938  03:36:37 +++ exited with 0 +++
