5587  03:33:48 select(4, [3], NULL, NULL, NULL) = 1 (in [3])
5587  03:33:48 read(3, "\0\0\3D\n\24\21o\345\4\243o\312\363\207\330\246\377\2035\367=\0\0\0~diffie"..., 8192) = 840
5587  03:33:48 write(3, "\0\0\0\24\6\"\0\0\10\0\0\0\f\0\0\0 \0\0\0\0\0\0\0", 24) = 24
5587  03:33:48 select(4, [3], NULL, NULL, NULL) = 1 (in [3])
5587  03:33:48 read(3, "\0\0\1\224\10\37\0\0\1\201\0\323#\r#ur\354\351\371#Xq^\272\303\244\330\237-kM"..., 8192) = 408
5587  03:33:48 write(3, "\0\0\1\214\5 \0\0\1\201\0\270\20\217vRU\215\366\254\1\336-\324\vd\2167\2\202N\244"..., 400) = 400
5587  03:33:48 select(4, [3], NULL, NULL, NULL) = 1 (in [3])
5587  03:33:48 read(3, "\0\0\3\274\t!\0\0\1\25\0\0\0\7ssh-rsa\0\0\0\1#\0\0\1\1\0\264"..., 8192) = 976
5587  03:33:48 open("/root/.ssh/known_hosts", O_RDONLY) = 4
5587  03:33:48 fstat(4, {st_mode=S_IFREG|0644, st_size=1177, ...}) = 0
5587  03:33:48 mmap(NULL, 4096, PROT_READ|PROT_WRITE, MAP_PRIVATE|MAP_ANONYMOUS, -1, 0) = 0x7f2e42102000
5587  03:33:48 read(4, "172.19.0.36 ssh-rsa AAAAB3NzaC1y"..., 4096) = 1177
5587  03:33:48 read(4, "", 4096)        = 0
5587  03:33:48 close(4)                 = 0
5587  03:33:48 munmap(0x7f2e42102000, 4096) = 0
5587  03:33:48 open("/root/.ssh/known_hosts2", O_RDONLY) = -1 ENOENT (No such file or directory)
5587  03:33:48 open("/usr/local/openssh/etc/ssh_known_hosts", O_RDONLY) = -1 ENOENT (No such file or directory)
5587  03:33:48 open("/usr/local/openssh/etc/ssh_known_hosts2", O_RDONLY) = -1 ENOENT (No such file or directory)
5587  03:33:48 clock_gettime(CLOCK_BOOTTIME, {669115, 586674951}) = 0
5587  03:33:48 write(3, "\0\0\0\f\n\25\0\0\0\0\0\0\0\0\0\0", 16) = 16
5587  03:33:48 write(3, "\2173\355\320mG\233\306\211k\263\211s\204\323\26\330\33\207P\211\301R\246\215\23Q}q)\276U"..., 40) = 40
5587  03:33:48 select(4, [3], NULL, NULL, NULL) = 1 (in [3])
5587  03:33:49 read(3, "jE\305\323E\352x\213\n\v\206'\274_\356,\374\376\370\231\n\211J\235\257R\6f4\356\342\307"..., 8192) = 40
5587  03:33:49 write(3, "m\275\fn\363\301\306\25\242p\r\257f\2ab\r\1772\24\2525\2W\251\360\252\21\314\362\31\212"..., 56) = 56
5587  03:33:49 select(4, [3], NULL, NULL, NULL) = 1 (in [3])
5587  03:33:49 read(3, "d\216\202\352\215%\372\255\323(\1\fa>\200xU\310\326\264\310[\31\367\25\325\200\224\300\345\347U"..., 8192) = 72
5587  03:33:49 stat("/root/.ssh/id_rsa", 0x7ffce5cdb7b0) = -1 ENOENT (No such file or directory)
5587  03:33:49 stat("/root/.ssh/id_dsa", 0x7ffce5cdb7b0) = -1 ENOENT (No such file or directory)
5587  03:33:49 stat("/root/.ssh/id_ecdsa", 0x7ffce5cdb7b0) = -1 ENOENT (No such file or directory)
5587  03:33:49 stat("/root/.ssh/id_ed25519", 0x7ffce5cdb7b0) = -1 ENOENT (No such file or directory)
5587  03:33:49 open("/dev/tty", O_RDWR) = 4
5587  03:33:49 close(4)                 = 0
5587  03:33:49 open("/dev/tty", O_RDWR) = 4
5587  03:33:49 ioctl(4, TCGETS, {B38400 opost isig icanon echo ...}) = 0
5587  03:33:49 ioctl(4, SNDCTL_TMR_CONTINUE or TCSETSF, {B38400 opost isig icanon -echo ...}) = 0
5587  03:33:49 rt_sigaction(SIGALRM, {0x5588435ea0d0, [], SA_RESTORER, 0x7f2e40c87270}, {SIG_DFL, [], 0}, 8) = 0
5587  03:33:49 rt_sigaction(SIGHUP, {0x5588435ea0d0, [], SA_RESTORER, 0x7f2e40c87270}, {SIG_DFL, [], 0}, 8) = 0
5587  03:33:49 rt_sigaction(SIGINT, {0x5588435ea0d0, [], SA_RESTORER, 0x7f2e40c87270}, {SIG_DFL, [], 0}, 8) = 0
5587  03:33:49 rt_sigaction(SIGPIPE, {0x5588435ea0d0, [], SA_RESTORER, 0x7f2e40c87270}, {SIG_IGN, [], SA_RESTORER, 0x7f2e40c87270}, 8) = 0
5587  03:33:49 rt_sigaction(SIGQUIT, {0x5588435ea0d0, [], SA_RESTORER, 0x7f2e40c87270}, {SIG_DFL, [], 0}, 8) = 0
5587  03:33:49 rt_sigaction(SIGTERM, {0x5588435ea0d0, [], SA_RESTORER, 0x7f2e40c87270}, {SIG_DFL, [], 0}, 8) = 0
5587  03:33:49 rt_sigaction(SIGTSTP, {0x5588435ea0d0, [], SA_RESTORER, 0x7f2e40c87270}, {SIG_DFL, [], 0}, 8) = 0
5587  03:33:49 rt_sigaction(SIGTTIN, {0x5588435ea0d0, [], SA_RESTORER, 0x7f2e40c87270}, {SIG_DFL, [], 0}, 8) = 0
5587  03:33:49 rt_sigaction(SIGTTOU, {0x5588435ea0d0, [], SA_RESTORER, 0x7f2e40c87270}, {SIG_DFL, [], 0}, 8) = 0
5587  03:33:49 write(4, "root@10.5.0.208's password: ", 28) = 28
5587  03:33:49 read(4, "y", 1)          = 1
5587  03:33:49 read(4, "o", 1)          = 1
5587  03:33:49 read(4, "t", 1)          = 1
5587  03:33:49 read(4, "p", 1)          = 1
5587  03:33:49 read(4, "4", 1)          = 1
5587  03:33:49 read(4, "o", 1)          = 1
5587  03:33:49 read(4, "z", 1)          = 1
5587  03:33:49 read(4, "A", 1)          = 1
5587  03:33:49 read(4, "c", 1)          = 1
5587  03:33:49 read(4, "C", 1)          = 1
5587  03:33:49 read(4, "=", 1)          = 1
5587  03:33:49 read(4, "b", 1)          = 1
5587  03:33:49 read(4, "~", 1)          = 1
5587  03:33:49 read(4, "V", 1)          = 1
5587  03:33:49 read(4, "4", 1)          = 1
5587  03:33:49 read(4, "K", 1)          = 1
5587  03:33:49 read(4, "G", 1)          = 1
5587  03:33:49 read(4, "V", 1)          = 1
5587  03:33:49 read(4, "/", 1)          = 1
5587  03:33:49 read(4, "s", 1)          = 1
5587  03:33:49 read(4, "\n", 1)         = 1
5587  03:33:49 write(4, "\n", 1)        = 1
5587  03:33:49 ioctl(4, SNDCTL_TMR_CONTINUE or TCSETSF, {B38400 opost isig icanon echo ...}) = 0
5587  03:33:49 rt_sigaction(SIGALRM, {SIG_DFL, [], SA_RESTORER, 0x7f2e40c87270}, NULL, 8) = 0
5587  03:33:49 rt_sigaction(SIGHUP, {SIG_DFL, [], SA_RESTORER, 0x7f2e40c87270}, NULL, 8) = 0
5587  03:33:49 rt_sigaction(SIGINT, {SIG_DFL, [], SA_RESTORER, 0x7f2e40c87270}, NULL, 8) = 0
5587  03:33:49 rt_sigaction(SIGQUIT, {SIG_DFL, [], SA_RESTORER, 0x7f2e40c87270}, NULL, 8) = 0
5587  03:33:49 rt_sigaction(SIGPIPE, {SIG_IGN, [], SA_RESTORER, 0x7f2e40c87270}, NULL, 8) = 0
5587  03:33:49 rt_sigaction(SIGTERM, {SIG_DFL, [], SA_RESTORER, 0x7f2e40c87270}, NULL, 8) = 0
5587  03:33:49 rt_sigaction(SIGTSTP, {SIG_DFL, [], SA_RESTORER, 0x7f2e40c87270}, NULL, 8) = 0
5587  03:33:49 rt_sigaction(SIGTTIN, {SIG_DFL, [], SA_RESTORER, 0x7f2e40c87270}, NULL, 8) = 0
5587  03:33:49 rt_sigaction(SIGTTOU, {SIG_DFL, [], SA_RESTORER, 0x7f2e40c87270}, NULL, 8) = 0
5587  03:33:49 close(4)                 = 0
5587  03:33:49 write(3, "\364\325\367\306\234\356\307\312+\262\224\\\3\242@>\232\37\235<dZ@2\333\267eT\254l\334?"..., 136) = 136
5587  03:33:49 select(4, [3], NULL, NULL, NULL) = 1 (in [3])
5587  03:33:49 read(3, "!\353 \5\303\326;\201\263\250\273\3203\271D\"\325>\270\332\276\3765?", 8192) = 24
5587  03:33:49 dup(0)                   = 4
5587  03:33:49 dup(1)                   = 5
5587  03:33:49 dup(2)                   = 6
5587  03:33:49 ioctl(4, TCGETS, {B38400 opost isig icanon echo ...}) = 0
5587  03:33:49 ioctl(5, TCGETS, {B38400 opost isig icanon echo ...}) = 0
5587  03:33:49 ioctl(6, TCGETS, {B38400 opost isig icanon echo ...}) = 0
5587  03:33:49 fcntl(4, F_SETFD, FD_CLOEXEC) = 0
5587  03:33:49 fcntl(5, F_SETFD, FD_CLOEXEC) = 0
5587  03:33:49 fcntl(6, F_SETFD, FD_CLOEXEC) = 0
5587  03:33:49 rt_sigaction(SIGHUP, NULL, {SIG_DFL, [], SA_RESTORER, 0x7f2e40c87270}, 8) = 0
5587  03:33:49 rt_sigaction(SIGHUP, {SIG_IGN, [], SA_RESTORER, 0x7f2e40c87270}, NULL, 8) = 0
5587  03:33:49 rt_sigaction(SIGHUP, NULL, {SIG_IGN, [], SA_RESTORER, 0x7f2e40c87270}, 8) = 0
5587  03:33:49 rt_sigaction(SIGHUP, {0x5588435929f0, [], SA_RESTORER, 0x7f2e40c87270}, NULL, 8) = 0
5587  03:33:49 rt_sigaction(SIGINT, NULL, {SIG_DFL, [], SA_RESTORER, 0x7f2e40c87270}, 8) = 0
5587  03:33:49 rt_sigaction(SIGINT, {SIG_IGN, [], SA_RESTORER, 0x7f2e40c87270}, NULL, 8) = 0
5587  03:33:49 rt_sigaction(SIGINT, NULL, {SIG_IGN, [], SA_RESTORER, 0x7f2e40c87270}, 8) = 0
5587  03:33:49 rt_sigaction(SIGINT, {0x5588435929f0, [], SA_RESTORER, 0x7f2e40c87270}, NULL, 8) = 0
5587  03:33:49 rt_sigaction(SIGQUIT, NULL, {SIG_DFL, [], SA_RESTORER, 0x7f2e40c87270}, 8) = 0
5587  03:33:49 rt_sigaction(SIGQUIT, {SIG_IGN, [], SA_RESTORER, 0x7f2e40c87270}, NULL, 8) = 0
5587  03:33:49 rt_sigaction(SIGQUIT, NULL, {SIG_IGN, [], SA_RESTORER, 0x7f2e40c87270}, 8) = 0
5587  03:33:49 rt_sigaction(SIGQUIT, {0x5588435929f0, [], SA_RESTORER, 0x7f2e40c87270}, NULL, 8) = 0
5587  03:33:49 rt_sigaction(SIGTERM, NULL, {SIG_DFL, [], SA_RESTORER, 0x7f2e40c87270}, 8) = 0
5587  03:33:49 rt_sigaction(SIGTERM, {SIG_IGN, [], SA_RESTORER, 0x7f2e40c87270}, NULL, 8) = 0
5587  03:33:49 rt_sigaction(SIGTERM, NULL, {SIG_IGN, [], SA_RESTORER, 0x7f2e40c87270}, 8) = 0
5587  03:33:49 rt_sigaction(SIGTERM, {0x5588435929f0, [], SA_RESTORER, 0x7f2e40c87270}, NULL, 8) = 0
5587  03:33:49 rt_sigaction(SIGWINCH, NULL, {SIG_DFL, [], 0}, 8) = 0
5587  03:33:49 rt_sigaction(SIGWINCH, {0x558843592c80, [], SA_RESTORER, 0x7f2e40c87270}, NULL, 8) = 0
5587  03:33:49 ioctl(0, TCGETS, {B38400 opost isig icanon echo ...}) = 0
5587  03:33:49 ioctl(0, SNDCTL_TMR_STOP or TCSETSW, {B38400 -opost -isig -icanon -echo ...}) = 0
5587  03:33:49 clock_gettime(CLOCK_BOOTTIME, {669115, 660987208}) = 0
5587  03:33:49 clock_gettime(CLOCK_BOOTTIME, {669115, 661043979}) = 0
5587  03:33:49 select(7, [3], [3], NULL, NULL) = 1 (out [3])
5587  03:33:49 clock_gettime(CLOCK_BOOTTIME, {669115, 661133101}) = 0
5587  03:33:49 write(3, "WWg\32u\305`\311\365F\235\202\376O+\320\230\3775d\325hL\255\2\10\337kTx\357x"..., 112) = 112
5587  03:33:49 clock_gettime(CLOCK_BOOTTIME, {669115, 661227621}) = 0
5587  03:33:49 clock_gettime(CLOCK_BOOTTIME, {669115, 661269413}) = 0
5587  03:33:49 select(7, [3], [], NULL, NULL) = 1 (in [3])
5587  03:33:49 clock_gettime(CLOCK_BOOTTIME, {669115, 664305751}) = 0
5587  03:33:49 read(3, "@\22\272E\255\314\27\241\305\374\34\320jP\251\306{\10\265\371P\vl\16\332\270{m\17\24\304\366"..., 8192) = 40
5587  03:33:49 getsockopt(3, SOL_TCP, TCP_NODELAY, [0], [4]) = 0
5587  03:33:49 setsockopt(3, SOL_TCP, TCP_NODELAY, [1], 4) = 0
5587  03:33:49 getsockname(3, {sa_family=AF_INET, sin_port=htons(33076), sin_addr=inet_addr("10.5.0.222")}, [16]) = 0
5587  03:33:49 setsockopt(3, SOL_IP, IP_TOS, [16], 4) = 0
5587  03:33:49 ioctl(0, TIOCGWINSZ, {ws_row=24, ws_col=105, ws_xpixel=0, ws_ypixel=0}) = 0
5587  03:33:49 clock_gettime(CLOCK_BOOTTIME, {669115, 664646659}) = 0
5587  03:33:49 clock_gettime(CLOCK_BOOTTIME, {669115, 664688627}) = 0
5587  03:33:49 select(7, [3], [3], NULL, NULL) = 1 (out [3])
5587  03:33:49 clock_gettime(CLOCK_BOOTTIME, {669115, 664776849}) = 0
5587  03:33:49 write(3, "\212\234\30\327>\257\321\177\10\35Q;\16\240\305\333\314\3220Qm\200\305\22\5\271\323\3010\322A\335"..., 368) = 368
5587  03:33:49 clock_gettime(CLOCK_BOOTTIME, {669115, 664874032}) = 0
5587  03:33:49 clock_gettime(CLOCK_BOOTTIME, {669115, 664916842}) = 0
5587  03:33:49 select(7, [3], [], NULL, NULL) = 1 (in [3])
5587  03:33:49 clock_gettime(CLOCK_BOOTTIME, {669115, 665417271}) = 0
5587  03:33:49 read(3, "%i\350vU0\201g\16@\330\323/\10\267\271\221\211G\246\272\370\240_\23\317\366\236\370?\267\352"..., 8192) = 88
5587  03:33:49 clock_gettime(CLOCK_BOOTTIME, {669115, 665520743}) = 0
5587  03:33:49 clock_gettime(CLOCK_BOOTTIME, {669115, 665559887}) = 0
5587  03:33:49 select(7, [3 4], [], NULL, NULL) = 1 (in [3])
5587  03:33:49 clock_gettime(CLOCK_BOOTTIME, {669115, 670046121}) = 0
5587  03:33:49 read(3, "0yl\344J\336\350\21\273\0Oe\233\323\316A\241\v\331t\223\34\361\324\22\245\3650\256t\2v"..., 8192) = 152
5587  03:33:49 clock_gettime(CLOCK_BOOTTIME, {669115, 670137973}) = 0
5587  03:33:49 clock_gettime(CLOCK_BOOTTIME, {669115, 670178855}) = 0
5587  03:33:49 select(7, [3 4], [5], NULL, NULL) = 1 (out [5])
5587  03:33:49 clock_gettime(CLOCK_BOOTTIME, {669115, 670264550}) = 0
5587  03:33:49 write(5, "Last login: Fri Jun 22 11:32:51 "..., 111) = 111
5587  03:33:49 clock_gettime(CLOCK_BOOTTIME, {669115, 670399236}) = 0
5587  03:33:49 clock_gettime(CLOCK_BOOTTIME, {669115, 670445757}) = 0
5587  03:33:49 select(7, [3 4], [], NULL, NULL) = 1 (in [3])
5587  03:33:49 clock_gettime(CLOCK_BOOTTIME, {669115, 686060494}) = 0
5587  03:33:49 read(3, "0\10\304\363\v\253E\"v*\356\2764\237\370?\275\353'\177\v\253M\263\266v\262\307\236\327\315'"..., 8192) = 56
5587  03:33:49 clock_gettime(CLOCK_BOOTTIME, {669115, 686178081}) = 0
5587  03:33:49 clock_gettime(CLOCK_BOOTTIME, {669115, 686219767}) = 0
5587  03:33:49 select(7, [3 4], [5], NULL, NULL) = 1 (out [5])
5587  03:33:49 clock_gettime(CLOCK_BOOTTIME, {669115, 686307943}) = 0
5587  03:33:49 write(5, "[root@ali-p2p-h5-1 ~]# ", 23) = 23
5587  03:33:49 clock_gettime(CLOCK_BOOTTIME, {669115, 686434089}) = 0
5587  03:33:49 clock_gettime(CLOCK_BOOTTIME, {669115, 686479330}) = 0
5587  03:33:49 select(7, [3 4], [], NULL, NULL) = 1 (in [4])
5587  03:33:49 clock_gettime(CLOCK_BOOTTIME, {669116, 394596776}) = 0
5587  03:33:49 read(4, "e", 16384)      = 1
5587  03:33:49 clock_gettime(CLOCK_BOOTTIME, {669116, 394713450}) = 0
5587  03:33:49 clock_gettime(CLOCK_BOOTTIME, {669116, 394756264}) = 0
5587  03:33:49 select(7, [3 4], [3], NULL, NULL) = 1 (out [3])
5587  03:33:49 clock_gettime(CLOCK_BOOTTIME, {669116, 394848938}) = 0
5587  03:33:49 write(3, "\2608\360\357\265f\221bm\5\310\223\241\377%1\356#\21L(d\243L\201\243L\1\341\2521\364"..., 40) = 40
5587  03:33:49 clock_gettime(CLOCK_BOOTTIME, {669116, 394950615}) = 0
5587  03:33:49 clock_gettime(CLOCK_BOOTTIME, {669116, 394991737}) = 0
5587  03:33:49 select(7, [3 4], [], NULL, NULL) = 1 (in [3])
5587  03:33:49 clock_gettime(CLOCK_BOOTTIME, {669116, 397060198}) = 0
5587  03:33:49 read(3, "\34\221\257\371\331\212E \347\272ds\v\242Nx\312/<\276\223\335\301\261\0c\250\245\274\1\354'"..., 8192) = 40
5587  03:33:49 clock_gettime(CLOCK_BOOTTIME, {669116, 397154670}) = 0
5587  03:33:49 clock_gettime(CLOCK_BOOTTIME, {669116, 397200970}) = 0
5587  03:33:49 select(7, [3 4], [5], NULL, NULL) = 1 (out [5])
5587  03:33:49 clock_gettime(CLOCK_BOOTTIME, {669116, 397291087}) = 0
5587  03:33:49 write(5, "e", 1)         = 1
5587  03:33:49 clock_gettime(CLOCK_BOOTTIME, {669116, 397427474}) = 0
5587  03:33:49 clock_gettime(CLOCK_BOOTTIME, {669116, 397472357}) = 0
5587  03:33:49 select(7, [3 4], [], NULL, NULL) = 1 (in [4])
5587  03:33:50 clock_gettime(CLOCK_BOOTTIME, {669116, 690155128}) = 0
5587  03:33:50 read(4, "x", 16384)      = 1
5587  03:33:50 clock_gettime(CLOCK_BOOTTIME, {669116, 690273694}) = 0
5587  03:33:50 clock_gettime(CLOCK_BOOTTIME, {669116, 690317771}) = 0
5587  03:33:50 select(7, [3 4], [3], NULL, NULL) = 1 (out [3])
5587  03:33:50 clock_gettime(CLOCK_BOOTTIME, {669116, 690407563}) = 0
5587  03:33:50 write(3, "\370\346*w\7\321\201\317\305>\34<\210%NA\243Z\214\320~\340%\343l \331\203B\252{\370"..., 40) = 40
5587  03:33:50 clock_gettime(CLOCK_BOOTTIME, {669116, 690509936}) = 0
5587  03:33:50 clock_gettime(CLOCK_BOOTTIME, {669116, 690551043}) = 0
5587  03:33:50 select(7, [3 4], [], NULL, NULL) = 1 (in [3])
5587  03:33:50 clock_gettime(CLOCK_BOOTTIME, {669116, 692067484}) = 0
5587  03:33:50 read(3, "\242\31\177\0107\347k\310g\320\300\374\34\376V\20H\353\200\3\302\304\351{\6\270&\264\262\7\315\346"..., 8192) = 40
5587  03:33:50 clock_gettime(CLOCK_BOOTTIME, {669116, 692162100}) = 0
5587  03:33:50 clock_gettime(CLOCK_BOOTTIME, {669116, 692203829}) = 0
5587  03:33:50 select(7, [3 4], [5], NULL, NULL) = 1 (out [5])
5587  03:33:50 clock_gettime(CLOCK_BOOTTIME, {669116, 692294674}) = 0
5587  03:33:50 write(5, "x", 1)         = 1
5587  03:33:50 clock_gettime(CLOCK_BOOTTIME, {669116, 692418137}) = 0
5587  03:33:50 clock_gettime(CLOCK_BOOTTIME, {669116, 692472414}) = 0
5587  03:33:50 select(7, [3 4], [], NULL, NULL) = 1 (in [4])
5587  03:33:50 clock_gettime(CLOCK_BOOTTIME, {669116, 890485039}) = 0
5587  03:33:50 read(4, "i", 16384)      = 1
5587  03:33:50 clock_gettime(CLOCK_BOOTTIME, {669116, 890611656}) = 0
5587  03:33:50 clock_gettime(CLOCK_BOOTTIME, {669116, 890654923}) = 0
5587  03:33:50 select(7, [3 4], [3], NULL, NULL) = 1 (out [3])
5587  03:33:50 clock_gettime(CLOCK_BOOTTIME, {669116, 890746531}) = 0
5587  03:33:50 write(3, "\342\250\302\324\27\326\v\335P\242q6Q\1`\341Y0yT\332A\242\226I.\16l\264e\"\340"..., 40) = 40
5587  03:33:50 clock_gettime(CLOCK_BOOTTIME, {669116, 890842434}) = 0
5587  03:33:50 clock_gettime(CLOCK_BOOTTIME, {669116, 890885804}) = 0
5587  03:33:50 select(7, [3 4], [], NULL, NULL) = 1 (in [3])
5587  03:33:50 clock_gettime(CLOCK_BOOTTIME, {669116, 892058757}) = 0
5587  03:33:50 read(3, "7\311\210y\31\337\310\306n,\205\16\236\v+R\356\2300\325\332\5\17a\221qXI\341\231\361\37"..., 8192) = 40
5587  03:33:50 clock_gettime(CLOCK_BOOTTIME, {669116, 892150208}) = 0
5587  03:33:50 clock_gettime(CLOCK_BOOTTIME, {669116, 892192115}) = 0
5587  03:33:50 select(7, [3 4], [5], NULL, NULL) = 1 (out [5])
5587  03:33:50 clock_gettime(CLOCK_BOOTTIME, {669116, 892290534}) = 0
5587  03:33:50 write(5, "i", 1)         = 1
5587  03:33:50 clock_gettime(CLOCK_BOOTTIME, {669116, 892409387}) = 0
5587  03:33:50 clock_gettime(CLOCK_BOOTTIME, {669116, 892459096}) = 0
5587  03:33:50 select(7, [3 4], [], NULL, NULL) = 1 (in [4])
5587  03:33:50 clock_gettime(CLOCK_BOOTTIME, {669117, 138114898}) = 0
5587  03:33:50 read(4, "t", 16384)      = 1
5587  03:33:50 clock_gettime(CLOCK_BOOTTIME, {669117, 138231503}) = 0
5587  03:33:50 clock_gettime(CLOCK_BOOTTIME, {669117, 138274882}) = 0
5587  03:33:50 select(7, [3 4], [3], NULL, NULL) = 1 (out [3])
5587  03:33:50 clock_gettime(CLOCK_BOOTTIME, {669117, 138366454}) = 0
5587  03:33:50 write(3, "\267c\344\220\215 \204\315-\230\272\240\4\347\351d\267\21\301\227\6/d\365\213\347'*Ii>\214"..., 40) = 40
5587  03:33:50 clock_gettime(CLOCK_BOOTTIME, {669117, 138472017}) = 0
5587  03:33:50 clock_gettime(CLOCK_BOOTTIME, {669117, 138513357}) = 0
5587  03:33:50 select(7, [3 4], [], NULL, NULL) = 1 (in [3])
5587  03:33:50 clock_gettime(CLOCK_BOOTTIME, {669117, 140043993}) = 0
5587  03:33:50 read(3, ")S1hS\22\323\261\377\337+ f\256<l\275\10\275\277(o\326\306o\311p\243\323\210`\204"..., 8192) = 40
5587  03:33:50 clock_gettime(CLOCK_BOOTTIME, {669117, 140101204}) = 0
5587  03:33:50 clock_gettime(CLOCK_BOOTTIME, {669117, 140122885}) = 0
5587  03:33:50 select(7, [3 4], [5], NULL, NULL) = 1 (out [5])
5587  03:33:50 clock_gettime(CLOCK_BOOTTIME, {669117, 140225598}) = 0
5587  03:33:50 write(5, "t", 1)         = 1
5587  03:33:50 clock_gettime(CLOCK_BOOTTIME, {669117, 140344093}) = 0
5587  03:33:50 clock_gettime(CLOCK_BOOTTIME, {669117, 140386486}) = 0
5587  03:33:50 select(7, [3 4], [], NULL, NULL) = 1 (in [4])
5587  03:33:50 clock_gettime(CLOCK_BOOTTIME, {669117, 418648645}) = 0
5587  03:33:50 read(4, "\r", 16384)     = 1
5587  03:33:50 clock_gettime(CLOCK_BOOTTIME, {669117, 418747035}) = 0
5587  03:33:50 clock_gettime(CLOCK_BOOTTIME, {669117, 418789687}) = 0
5587  03:33:50 select(7, [3 4], [3], NULL, NULL) = 1 (out [3])
5587  03:33:50 clock_gettime(CLOCK_BOOTTIME, {669117, 418879695}) = 0
5587  03:33:50 write(3, "\300\2657\325x\203\4\373up\223$\v)\206\361_H\36X\250n<\340H\372=\3\253\302\"\22"..., 40) = 40
5587  03:33:50 clock_gettime(CLOCK_BOOTTIME, {669117, 418975367}) = 0
5587  03:33:50 clock_gettime(CLOCK_BOOTTIME, {669117, 419023578}) = 0
5587  03:33:50 select(7, [3 4], [], NULL, NULL) = 1 (in [3])
5587  03:33:50 clock_gettime(CLOCK_BOOTTIME, {669117, 424746349}) = 0
5587  03:33:50 read(3, "\204\352\300\326d`G\205\272S\3418\263\366\350\214\375\324\366'\361\3103\20\3\1\202\17\354\323]\375"..., 8192) = 200
5587  03:33:50 close(4)                 = 0
5587  03:33:50 clock_gettime(CLOCK_BOOTTIME, {669117, 424898087}) = 0
5587  03:33:50 clock_gettime(CLOCK_BOOTTIME, {669117, 424939596}) = 0
5587  03:33:50 select(7, [3], [5], NULL, NULL) = 1 (out [5])
5587  03:33:50 clock_gettime(CLOCK_BOOTTIME, {669117, 425034904}) = 0
5587  03:33:50 write(5, "\r\nlogout\r\n", 10) = 10
5587  03:33:50 clock_gettime(CLOCK_BOOTTIME, {669117, 425152816}) = 0
5587  03:33:50 clock_gettime(CLOCK_BOOTTIME, {669117, 425196597}) = 0
5587  03:33:50 close(5)                 = 0
5587  03:33:50 ioctl(0, SNDCTL_TMR_STOP or TCSETSW, {B38400 opost isig icanon echo ...}) = 0
5587  03:33:50 close(6)                 = 0
5587  03:33:50 select(7, [3], [3], NULL, NULL) = 1 (out [3])
5587  03:33:50 clock_gettime(CLOCK_BOOTTIME, {669117, 425444799}) = 0
5587  03:33:50 write(3, "\333\22\300[\374\276\212\321JE\332\311P\322\200\256P\331s\270O\7L\244", 24) = 24
5587  03:33:50 rt_sigaction(SIGWINCH, NULL, {0x558843592c80, [], SA_RESTORER, 0x7f2e40c87270}, 8) = 0
5587  03:33:50 rt_sigaction(SIGWINCH, {SIG_DFL, [], SA_RESTORER, 0x7f2e40c87270}, NULL, 8) = 0
5587  03:33:50 write(3, "\246l\362#'HZ\367H\30O0$i\242~$3\352\265\203\236Q\351`\242\370\331\361\256n\5"..., 56) = 56
5587  03:33:50 ioctl(0, TCGETS, {B38400 opost isig icanon echo ...}) = 0
5587  03:33:50 ioctl(1, TCGETS, {B38400 opost isig icanon echo ...}) = 0
5587  03:33:50 ioctl(2, TCGETS, {B38400 opost isig icanon echo ...}) = 0
5587  03:33:50 write(2, "Connection to 10.5.0.208 closed."..., 34) = 34
5587  03:33:50 shutdown(3, SHUT_RDWR)   = 0
5587  03:33:50 close(3)                 = 0
5587  03:33:50 write(1, "random tag:yu29vk0bz1", 21) = 21
5587  03:33:50 exit_group(0)            = ?
5587  03:33:50 +++ exited with 0 +++
