29166 11:48:07 select(4, [3], NULL, NULL, NULL) = 1 (in [3])
29166 11:48:07 read(3, "\0\0\3\274\n!\0\0\1\25\0\0\0\7ssh-rsa\0\0\0\1#\0\0\1\1\0\264"..., 8192) = 976
29166 11:48:07 open("/root/.ssh/known_hosts", O_RDONLY) = 4
29166 11:48:07 fstat(4, {st_mode=S_IFREG|0644, st_size=1177, ...}) = 0
29166 11:48:07 mmap(NULL, 4096, PROT_READ|PROT_WRITE, MAP_PRIVATE|MAP_ANONYMOUS, -1, 0) = 0x7f1178f44000
29166 11:48:07 read(4, "172.19.0.36 ssh-rsa AAAAB3NzaC1y"..., 4096) = 1177
29166 11:48:07 read(4, "", 4096)        = 0
29166 11:48:07 close(4)                 = 0
29166 11:48:07 munmap(0x7f1178f44000, 4096) = 0
29166 11:48:07 open("/root/.ssh/known_hosts2", O_RDONLY) = -1 ENOENT (No such file or directory)
29166 11:48:07 open("/usr/local/openssh/etc/ssh_known_hosts", O_RDONLY) = -1 ENOENT (No such file or directory)
29166 11:48:07 open("/usr/local/openssh/etc/ssh_known_hosts2", O_RDONLY) = -1 ENOENT (No such file or directory)
29166 11:48:07 clock_gettime(CLOCK_BOOTTIME, {612374, 332463102}) = 0
29166 11:48:07 write(3, "\0\0\0\f\n\25\0\0\0\0\0\0\0\0\0\0", 16) = 16
29166 11:48:07 write(3, "\200Uq\7\24\322\24\241QZ&Z\204>\344\216\242\322\234\364lb~?\214zQ\246\376\10\25\263"..., 40) = 40
29166 11:48:07 select(4, [3], NULL, NULL, NULL) = 1 (in [3])
29166 11:48:07 read(3, "\346\336h\263\226\22\211\353R\366*V\357\213\372\6\345\317\311P+C=q\v\311\301\231\205w\327\347"..., 8192) = 40
29166 11:48:07 write(3, "\32(W\210T\10\256\25\206\312n\350\242\237R\324`\v\245d\223\321\366\212\201\272\343q\240w\314\203"..., 56) = 56
29166 11:48:07 select(4, [3], NULL, NULL, NULL) = 1 (in [3])
29166 11:48:07 read(3, "\263\241\237\317r\361\31\377{\325\17L\335\215\341\332\"\261\212\347\321\253\354\"\0\340 (\226\320M\v"..., 8192) = 72
29166 11:48:07 stat("/root/.ssh/id_rsa", 0x7ffd3d178ae0) = -1 ENOENT (No such file or directory)
29166 11:48:07 stat("/root/.ssh/id_dsa", 0x7ffd3d178ae0) = -1 ENOENT (No such file or directory)
29166 11:48:07 stat("/root/.ssh/id_ecdsa", 0x7ffd3d178ae0) = -1 ENOENT (No such file or directory)
29166 11:48:07 stat("/root/.ssh/id_ed25519", 0x7ffd3d178ae0) = -1 ENOENT (No such file or directory)
29166 11:48:07 open("/dev/tty", O_RDWR) = 4
29166 11:48:07 close(4)                 = 0
29166 11:48:07 open("/dev/tty", O_RDWR) = 4
29166 11:48:07 ioctl(4, TCGETS, {B38400 opost isig icanon echo ...}) = 0
29166 11:48:07 ioctl(4, SNDCTL_TMR_CONTINUE or TCSETSF, {B38400 opost isig icanon -echo ...}) = 0
29166 11:48:07 rt_sigaction(SIGALRM, {0x5562243320d0, [], SA_RESTORER, 0x7f1177ac9270}, {SIG_DFL, [], 0}, 8) = 0
29166 11:48:07 rt_sigaction(SIGHUP, {0x5562243320d0, [], SA_RESTORER, 0x7f1177ac9270}, {SIG_DFL, [], 0}, 8) = 0
29166 11:48:07 rt_sigaction(SIGINT, {0x5562243320d0, [], SA_RESTORER, 0x7f1177ac9270}, {SIG_DFL, [], 0}, 8) = 0
29166 11:48:07 rt_sigaction(SIGPIPE, {0x5562243320d0, [], SA_RESTORER, 0x7f1177ac9270}, {SIG_IGN, [], SA_RESTORER, 0x7f1177ac9270}, 8) = 0
29166 11:48:07 rt_sigaction(SIGQUIT, {0x5562243320d0, [], SA_RESTORER, 0x7f1177ac9270}, {SIG_DFL, [], 0}, 8) = 0
29166 11:48:07 rt_sigaction(SIGTERM, {0x5562243320d0, [], SA_RESTORER, 0x7f1177ac9270}, {SIG_DFL, [], 0}, 8) = 0
29166 11:48:07 rt_sigaction(SIGTSTP, {0x5562243320d0, [], SA_RESTORER, 0x7f1177ac9270}, {SIG_DFL, [], 0}, 8) = 0
29166 11:48:07 rt_sigaction(SIGTTIN, {0x5562243320d0, [], SA_RESTORER, 0x7f1177ac9270}, {SIG_DFL, [], 0}, 8) = 0
29166 11:48:07 rt_sigaction(SIGTTOU, {0x5562243320d0, [], SA_RESTORER, 0x7f1177ac9270}, {SIG_DFL, [], 0}, 8) = 0
29166 11:48:07 write(4, "root@10.5.0.208's password: ", 28) = 28
29166 11:48:07 read(4, "y", 1)          = 1
29166 11:48:07 read(4, "o", 1)          = 1
29166 11:48:07 read(4, "t", 1)          = 1
29166 11:48:07 read(4, "p", 1)          = 1
29166 11:48:07 read(4, "4", 1)          = 1
29166 11:48:07 read(4, "o", 1)          = 1
29166 11:48:07 read(4, "z", 1)          = 1
29166 11:48:07 read(4, "A", 1)          = 1
29166 11:48:07 read(4, "c", 1)          = 1
29166 11:48:07 read(4, "C", 1)          = 1
29166 11:48:07 read(4, "=", 1)          = 1
29166 11:48:07 read(4, "b", 1)          = 1
29166 11:48:07 read(4, "~", 1)          = 1
29166 11:48:07 read(4, "V", 1)          = 1
29166 11:48:07 read(4, "4", 1)          = 1
29166 11:48:07 read(4, "K", 1)          = 1
29166 11:48:07 read(4, "G", 1)          = 1
29166 11:48:07 read(4, "V", 1)          = 1
29166 11:48:07 read(4, "/", 1)          = 1
29166 11:48:07 read(4, "s", 1)          = 1
29166 11:48:07 read(4, "\n", 1)         = 1
29166 11:48:07 write(4, "\n", 1)        = 1
29166 11:48:07 ioctl(4, SNDCTL_TMR_CONTINUE or TCSETSF, {B38400 opost isig icanon echo ...}) = 0
29166 11:48:07 rt_sigaction(SIGALRM, {SIG_DFL, [], SA_RESTORER, 0x7f1177ac9270}, NULL, 8) = 0
29166 11:48:07 rt_sigaction(SIGHUP, {SIG_DFL, [], SA_RESTORER, 0x7f1177ac9270}, NULL, 8) = 0
29166 11:48:07 rt_sigaction(SIGINT, {SIG_DFL, [], SA_RESTORER, 0x7f1177ac9270}, NULL, 8) = 0
29166 11:48:07 rt_sigaction(SIGQUIT, {SIG_DFL, [], SA_RESTORER, 0x7f1177ac9270}, NULL, 8) = 0
29166 11:48:07 rt_sigaction(SIGPIPE, {SIG_IGN, [], SA_RESTORER, 0x7f1177ac9270}, NULL, 8) = 0
29166 11:48:07 rt_sigaction(SIGTERM, {SIG_DFL, [], SA_RESTORER, 0x7f1177ac9270}, NULL, 8) = 0
29166 11:48:07 rt_sigaction(SIGTSTP, {SIG_DFL, [], SA_RESTORER, 0x7f1177ac9270}, NULL, 8) = 0
29166 11:48:07 rt_sigaction(SIGTTIN, {SIG_DFL, [], SA_RESTORER, 0x7f1177ac9270}, NULL, 8) = 0
29166 11:48:07 rt_sigaction(SIGTTOU, {SIG_DFL, [], SA_RESTORER, 0x7f1177ac9270}, NULL, 8) = 0
29166 11:48:07 close(4)                 = 0
29166 11:48:07 write(3, "\211sI\325\334HK\31j\220f\35[\372T1T\t<\r\7\216\26\205\32\273\206\17\200\346\233\350"..., 136) = 136
29166 11:48:07 select(4, [3], NULL, NULL, NULL) = 1 (in [3])
29166 11:48:07 read(3, "p\234\360Q\314\354\276@1r\227W\351\212 \215\314\27\330,\267\7\35\r", 8192) = 24
29166 11:48:07 dup(0)                   = 4
29166 11:48:07 dup(1)                   = 5
29166 11:48:07 dup(2)                   = 6
29166 11:48:07 ioctl(4, TCGETS, {B38400 opost isig icanon echo ...}) = 0
29166 11:48:07 ioctl(5, TCGETS, {B38400 opost isig icanon echo ...}) = 0
29166 11:48:07 ioctl(6, TCGETS, {B38400 opost isig icanon echo ...}) = 0
29166 11:48:07 fcntl(4, F_SETFD, FD_CLOEXEC) = 0
29166 11:48:07 fcntl(5, F_SETFD, FD_CLOEXEC) = 0
29166 11:48:07 fcntl(6, F_SETFD, FD_CLOEXEC) = 0
29166 11:48:07 rt_sigaction(SIGHUP, NULL, {SIG_DFL, [], SA_RESTORER, 0x7f1177ac9270}, 8) = 0
29166 11:48:07 rt_sigaction(SIGHUP, {SIG_IGN, [], SA_RESTORER, 0x7f1177ac9270}, NULL, 8) = 0
29166 11:48:07 rt_sigaction(SIGHUP, NULL, {SIG_IGN, [], SA_RESTORER, 0x7f1177ac9270}, 8) = 0
29166 11:48:07 rt_sigaction(SIGHUP, {0x5562242da9f0, [], SA_RESTORER, 0x7f1177ac9270}, NULL, 8) = 0
29166 11:48:07 rt_sigaction(SIGINT, NULL, {SIG_DFL, [], SA_RESTORER, 0x7f1177ac9270}, 8) = 0
29166 11:48:07 rt_sigaction(SIGINT, {SIG_IGN, [], SA_RESTORER, 0x7f1177ac9270}, NULL, 8) = 0
29166 11:48:07 rt_sigaction(SIGINT, NULL, {SIG_IGN, [], SA_RESTORER, 0x7f1177ac9270}, 8) = 0
29166 11:48:07 rt_sigaction(SIGINT, {0x5562242da9f0, [], SA_RESTORER, 0x7f1177ac9270}, NULL, 8) = 0
29166 11:48:07 rt_sigaction(SIGQUIT, NULL, {SIG_DFL, [], SA_RESTORER, 0x7f1177ac9270}, 8) = 0
29166 11:48:07 rt_sigaction(SIGQUIT, {SIG_IGN, [], SA_RESTORER, 0x7f1177ac9270}, NULL, 8) = 0
29166 11:48:07 rt_sigaction(SIGQUIT, NULL, {SIG_IGN, [], SA_RESTORER, 0x7f1177ac9270}, 8) = 0
29166 11:48:07 rt_sigaction(SIGQUIT, {0x5562242da9f0, [], SA_RESTORER, 0x7f1177ac9270}, NULL, 8) = 0
29166 11:48:07 rt_sigaction(SIGTERM, NULL, {SIG_DFL, [], SA_RESTORER, 0x7f1177ac9270}, 8) = 0
29166 11:48:07 rt_sigaction(SIGTERM, {SIG_IGN, [], SA_RESTORER, 0x7f1177ac9270}, NULL, 8) = 0
29166 11:48:07 rt_sigaction(SIGTERM, NULL, {SIG_IGN, [], SA_RESTORER, 0x7f1177ac9270}, 8) = 0
29166 11:48:07 rt_sigaction(SIGTERM, {0x5562242da9f0, [], SA_RESTORER, 0x7f1177ac9270}, NULL, 8) = 0
29166 11:48:07 rt_sigaction(SIGWINCH, NULL, {SIG_DFL, [], 0}, 8) = 0
29166 11:48:07 rt_sigaction(SIGWINCH, {0x5562242dac80, [], SA_RESTORER, 0x7f1177ac9270}, NULL, 8) = 0
29166 11:48:07 ioctl(0, TCGETS, {B38400 opost isig icanon echo ...}) = 0
29166 11:48:07 ioctl(0, SNDCTL_TMR_STOP or TCSETSW, {B38400 -opost -isig -icanon -echo ...}) = 0
29166 11:48:07 clock_gettime(CLOCK_BOOTTIME, {612374, 401241884}) = 0
29166 11:48:07 clock_gettime(CLOCK_BOOTTIME, {612374, 401303883}) = 0
29166 11:48:07 select(7, [3], [3], NULL, NULL) = 1 (out [3])
29166 11:48:07 clock_gettime(CLOCK_BOOTTIME, {612374, 401389910}) = 0
29166 11:48:07 write(3, "%\312vf\2162\10\361P0\370\5m\226\204=c\2\266'\265\221\367\310J\320\241\247\tG\30\367"..., 112) = 112
29166 11:48:07 clock_gettime(CLOCK_BOOTTIME, {612374, 401483439}) = 0
29166 11:48:07 clock_gettime(CLOCK_BOOTTIME, {612374, 401523121}) = 0
29166 11:48:07 select(7, [3], [], NULL, NULL) = 1 (in [3])
29166 11:48:07 clock_gettime(CLOCK_BOOTTIME, {612374, 404723290}) = 0
29166 11:48:07 read(3, "g\346&3\213\275e\360\276\316\255\356h\361\v\324\220\225\350{,\333\2:p\16`{\366\343h."..., 8192) = 40
29166 11:48:07 getsockopt(3, SOL_TCP, TCP_NODELAY, [0], [4]) = 0
29166 11:48:07 setsockopt(3, SOL_TCP, TCP_NODELAY, [1], 4) = 0
29166 11:48:07 getsockname(3, {sa_family=AF_INET, sin_port=htons(41052), sin_addr=inet_addr("10.5.0.222")}, [16]) = 0
29166 11:48:07 setsockopt(3, SOL_IP, IP_TOS, [16], 4) = 0
29166 11:48:07 ioctl(0, TIOCGWINSZ, {ws_row=45, ws_col=132, ws_xpixel=0, ws_ypixel=0}) = 0
29166 11:48:07 clock_gettime(CLOCK_BOOTTIME, {612374, 405067350}) = 0
29166 11:48:07 clock_gettime(CLOCK_BOOTTIME, {612374, 405108367}) = 0
29166 11:48:07 select(7, [3], [3], NULL, NULL) = 1 (out [3])
29166 11:48:07 clock_gettime(CLOCK_BOOTTIME, {612374, 405195877}) = 0
29166 11:48:07 write(3, "Y}@`|\357\270 \344\321<i\261&<\177\375\255\203\217\252\231\253\5\227\336\10\261e\231\23\373"..., 368) = 368
29166 11:48:07 clock_gettime(CLOCK_BOOTTIME, {612374, 405297192}) = 0
29166 11:48:07 clock_gettime(CLOCK_BOOTTIME, {612374, 405336773}) = 0
29166 11:48:07 select(7, [3], [], NULL, NULL) = 1 (in [3])
29166 11:48:07 clock_gettime(CLOCK_BOOTTIME, {612374, 405865546}) = 0
29166 11:48:07 read(3, "Q\331\276-4\226\300\301\275\276\\?g>\274\215\230X!\27\31\370\253\7\25\310\231\210\263\221\vI"..., 8192) = 88
29166 11:48:07 clock_gettime(CLOCK_BOOTTIME, {612374, 405953228}) = 0
29166 11:48:07 clock_gettime(CLOCK_BOOTTIME, {612374, 405993839}) = 0
29166 11:48:07 select(7, [3 4], [], NULL, NULL) = 1 (in [3])
29166 11:48:07 clock_gettime(CLOCK_BOOTTIME, {612374, 411819240}) = 0
29166 11:48:07 read(3, "\317\370\317\361\215\20\377\7\310\n\341F\300\5\375@n\362'\v\341~\360\212\204'\354X\v\355\230("..., 8192) = 152
29166 11:48:07 clock_gettime(CLOCK_BOOTTIME, {612374, 411916212}) = 0
29166 11:48:07 clock_gettime(CLOCK_BOOTTIME, {612374, 411955989}) = 0
29166 11:48:07 select(7, [3 4], [5], NULL, NULL) = 1 (out [5])
29166 11:48:07 clock_gettime(CLOCK_BOOTTIME, {612374, 412052901}) = 0
29166 11:48:07 write(5, "Last login: Thu Jun 21 19:36:11 "..., 111) = 111
29166 11:48:07 clock_gettime(CLOCK_BOOTTIME, {612374, 412192688}) = 0
29166 11:48:07 clock_gettime(CLOCK_BOOTTIME, {612374, 412236362}) = 0
29166 11:48:07 select(7, [3 4], [], NULL, NULL) = 1 (in [3])
29166 11:48:07 clock_gettime(CLOCK_BOOTTIME, {612374, 427845573}) = 0
29166 11:48:07 read(3, "\225a\7\34)\21\360\216\36\230\244k\345h\354\0216\2538D\354\3022\312PM\10Y\267e\10E"..., 8192) = 56
29166 11:48:07 clock_gettime(CLOCK_BOOTTIME, {612374, 427949826}) = 0
29166 11:48:07 clock_gettime(CLOCK_BOOTTIME, {612374, 427990054}) = 0
29166 11:48:07 select(7, [3 4], [5], NULL, NULL) = 1 (out [5])
29166 11:48:07 clock_gettime(CLOCK_BOOTTIME, {612374, 428087637}) = 0
29166 11:48:07 write(5, "[root@ali-p2p-h5-1 ~]# ", 23) = 23
29166 11:48:07 clock_gettime(CLOCK_BOOTTIME, {612374, 428221932}) = 0
29166 11:48:07 clock_gettime(CLOCK_BOOTTIME, {612374, 428270827}) = 0
29166 11:48:07 select(7, [3 4], [], NULL, NULL) = 1 (in [4])
29166 11:48:10 clock_gettime(CLOCK_BOOTTIME, {612377, 398814236}) = 0
29166 11:48:10 read(4, "\r", 16384)     = 1
29166 11:48:10 clock_gettime(CLOCK_BOOTTIME, {612377, 398945779}) = 0
29166 11:48:10 clock_gettime(CLOCK_BOOTTIME, {612377, 398987339}) = 0
29166 11:48:10 select(7, [3 4], [3], NULL, NULL) = 1 (out [3])
29166 11:48:10 clock_gettime(CLOCK_BOOTTIME, {612377, 399094006}) = 0
29166 11:48:10 write(3, "\t\213\32f\n9\tI]\224\365\223y\22\212\2\177\272\277v\212D1=\3414\306\320E\4B\334"..., 40) = 40
29166 11:48:10 clock_gettime(CLOCK_BOOTTIME, {612377, 399213774}) = 0
29166 11:48:10 clock_gettime(CLOCK_BOOTTIME, {612377, 399256729}) = 0
29166 11:48:10 select(7, [3 4], [], NULL, NULL) = 1 (in [3])
29166 11:48:10 clock_gettime(CLOCK_BOOTTIME, {612377, 400839745}) = 0
29166 11:48:10 read(3, "R\36\27\275[\324o\27\216\352\367\260\272\362<\351a\364\326\342\271\305z\334\"=4dC8nZ"..., 8192) = 40
29166 11:48:10 clock_gettime(CLOCK_BOOTTIME, {612377, 400932580}) = 0
29166 11:48:10 clock_gettime(CLOCK_BOOTTIME, {612377, 400973140}) = 0
29166 11:48:10 select(7, [3 4], [5], NULL, NULL) = 1 (out [5])
29166 11:48:10 clock_gettime(CLOCK_BOOTTIME, {612377, 401071935}) = 0
29166 11:48:10 write(5, "\r\n", 2)      = 2
29166 11:48:10 clock_gettime(CLOCK_BOOTTIME, {612377, 401208964}) = 0
29166 11:48:10 clock_gettime(CLOCK_BOOTTIME, {612377, 401251430}) = 0
29166 11:48:10 select(7, [3 4], [], NULL, NULL) = 1 (in [3])
29166 11:48:10 clock_gettime(CLOCK_BOOTTIME, {612377, 405821264}) = 0
29166 11:48:10 read(3, "\243o\221}\37z\3206\t9\226Ucn~\262;\321\16`\317\363f\374T\366O\320B\213\246G"..., 8192) = 56
29166 11:48:10 clock_gettime(CLOCK_BOOTTIME, {612377, 405911083}) = 0
29166 11:48:10 clock_gettime(CLOCK_BOOTTIME, {612377, 405952434}) = 0
29166 11:48:10 select(7, [3 4], [5], NULL, NULL) = 1 (out [5])
29166 11:48:10 clock_gettime(CLOCK_BOOTTIME, {612377, 406046991}) = 0
29166 11:48:10 write(5, "[root@ali-p2p-h5-1 ~]# ", 23) = 23
29166 11:48:10 clock_gettime(CLOCK_BOOTTIME, {612377, 406162267}) = 0
29166 11:48:10 clock_gettime(CLOCK_BOOTTIME, {612377, 406203993}) = 0
29166 11:48:10 select(7, [3 4], [], NULL, NULL) = 1 (in [4])
29166 11:48:10 clock_gettime(CLOCK_BOOTTIME, {612377, 587757669}) = 0
29166 11:48:10 read(4, "\r", 16384)     = 1
29166 11:48:10 clock_gettime(CLOCK_BOOTTIME, {612377, 587883855}) = 0
29166 11:48:10 clock_gettime(CLOCK_BOOTTIME, {612377, 587927201}) = 0
29166 11:48:10 select(7, [3 4], [3], NULL, NULL) = 1 (out [3])
29166 11:48:10 clock_gettime(CLOCK_BOOTTIME, {612377, 588027737}) = 0
29166 11:48:10 write(3, "\201J\275,d\314\264\321\226\224\274g\230\274-#)\320\244\225\256P:\376Z\25\t\240\300\315\207\214"..., 40) = 40
29166 11:48:10 clock_gettime(CLOCK_BOOTTIME, {612377, 588137226}) = 0
29166 11:48:10 clock_gettime(CLOCK_BOOTTIME, {612377, 588179090}) = 0
29166 11:48:10 select(7, [3 4], [], NULL, NULL) = 1 (in [3])
29166 11:48:10 clock_gettime(CLOCK_BOOTTIME, {612377, 589826296}) = 0
29166 11:48:10 read(3, "\252)_\257\230\361\224\353\311q\301\\\222d\205E\315\342\231\347\261\336k\247|U\331\361?\0\200\367"..., 8192) = 40
29166 11:48:10 clock_gettime(CLOCK_BOOTTIME, {612377, 589920133}) = 0
29166 11:48:10 clock_gettime(CLOCK_BOOTTIME, {612377, 589962606}) = 0
29166 11:48:10 select(7, [3 4], [5], NULL, NULL) = 1 (out [5])
29166 11:48:10 clock_gettime(CLOCK_BOOTTIME, {612377, 590053125}) = 0
29166 11:48:10 write(5, "\r\n", 2)      = 2
29166 11:48:10 clock_gettime(CLOCK_BOOTTIME, {612377, 590190021}) = 0
29166 11:48:10 clock_gettime(CLOCK_BOOTTIME, {612377, 590234247}) = 0
29166 11:48:10 select(7, [3 4], [], NULL, NULL) = 1 (in [3])
29166 11:48:10 clock_gettime(CLOCK_BOOTTIME, {612377, 595071164}) = 0
29166 11:48:10 read(3, "\265\0\10\37b[\263\237\232\376\357\272\317x\220\\r\206\301?\204\354Y\3642a\31\24c\225\334B"..., 8192) = 56
29166 11:48:10 clock_gettime(CLOCK_BOOTTIME, {612377, 595163607}) = 0
29166 11:48:10 clock_gettime(CLOCK_BOOTTIME, {612377, 595204630}) = 0
29166 11:48:10 select(7, [3 4], [5], NULL, NULL) = 1 (out [5])
29166 11:48:10 clock_gettime(CLOCK_BOOTTIME, {612377, 595297989}) = 0
29166 11:48:10 write(5, "[root@ali-p2p-h5-1 ~]# ", 23) = 23
29166 11:48:10 clock_gettime(CLOCK_BOOTTIME, {612377, 595416287}) = 0
29166 11:48:10 clock_gettime(CLOCK_BOOTTIME, {612377, 595457447}) = 0
29166 11:48:10 select(7, [3 4], [], NULL, NULL) = 1 (in [4])
29166 11:48:11 clock_gettime(CLOCK_BOOTTIME, {612377, 743084772}) = 0
29166 11:48:11 read(4, "\r", 16384)     = 1
29166 11:48:11 clock_gettime(CLOCK_BOOTTIME, {612377, 743207707}) = 0
29166 11:48:11 clock_gettime(CLOCK_BOOTTIME, {612377, 743251050}) = 0
29166 11:48:11 select(7, [3 4], [3], NULL, NULL) = 1 (out [3])
29166 11:48:11 clock_gettime(CLOCK_BOOTTIME, {612377, 743365836}) = 0
29166 11:48:11 write(3, "\207D9\6\205\235\342\177\227\346\235Y\326\227\265\351\257\213Yp\342\211\365+f'\316!\251\372\265."..., 40) = 40
29166 11:48:11 clock_gettime(CLOCK_BOOTTIME, {612377, 743475793}) = 0
29166 11:48:11 clock_gettime(CLOCK_BOOTTIME, {612377, 743516653}) = 0
29166 11:48:11 select(7, [3 4], [], NULL, NULL) = 1 (in [3])
29166 11:48:11 clock_gettime(CLOCK_BOOTTIME, {612377, 745096725}) = 0
29166 11:48:11 read(3, "\360\244\220v\301\342\261K\3\206\3764\224\24\305\344\212$:\325)\17\374s\242\306\244\23\20\35\3406"..., 8192) = 40
29166 11:48:11 clock_gettime(CLOCK_BOOTTIME, {612377, 745190478}) = 0
29166 11:48:11 clock_gettime(CLOCK_BOOTTIME, {612377, 745231718}) = 0
29166 11:48:11 select(7, [3 4], [5], NULL, NULL) = 1 (out [5])
29166 11:48:11 clock_gettime(CLOCK_BOOTTIME, {612377, 745327255}) = 0
29166 11:48:11 write(5, "\r\n", 2)      = 2
29166 11:48:11 clock_gettime(CLOCK_BOOTTIME, {612377, 745458251}) = 0
29166 11:48:11 clock_gettime(CLOCK_BOOTTIME, {612377, 745499683}) = 0
29166 11:48:11 select(7, [3 4], [], NULL, NULL) = 1 (in [3])
29166 11:48:11 clock_gettime(CLOCK_BOOTTIME, {612377, 749826117}) = 0
29166 11:48:11 read(3, "\200\246\251\314\3\254yZ\274\16\346\245\275\2\312\245\334Y\227S\225T\320\237b\327\211\362\373ij\\"..., 8192) = 56
29166 11:48:11 clock_gettime(CLOCK_BOOTTIME, {612377, 749918515}) = 0
29166 11:48:11 clock_gettime(CLOCK_BOOTTIME, {612377, 749960228}) = 0
29166 11:48:11 select(7, [3 4], [5], NULL, NULL) = 1 (out [5])
29166 11:48:11 clock_gettime(CLOCK_BOOTTIME, {612377, 750056852}) = 0
29166 11:48:11 write(5, "[root@ali-p2p-h5-1 ~]# ", 23) = 23
29166 11:48:11 clock_gettime(CLOCK_BOOTTIME, {612377, 750173722}) = 0
29166 11:48:11 clock_gettime(CLOCK_BOOTTIME, {612377, 750215498}) = 0
29166 11:48:11 select(7, [3 4], [], NULL, NULL) = 1 (in [4])
29166 11:48:13 clock_gettime(CLOCK_BOOTTIME, {612379, 626702289}) = 0
29166 11:48:13 read(4, "\r", 16384)     = 1
29166 11:48:13 clock_gettime(CLOCK_BOOTTIME, {612379, 626859837}) = 0
29166 11:48:13 clock_gettime(CLOCK_BOOTTIME, {612379, 626902335}) = 0
29166 11:48:13 select(7, [3 4], [3], NULL, NULL) = 1 (out [3])
29166 11:48:13 clock_gettime(CLOCK_BOOTTIME, {612379, 626993300}) = 0
29166 11:48:13 write(3, "\260\0013\35\25\212\216\32j\272$\333\26\335\351\303\336\203\f\\-?M\272\330\346i\35\344~\255I"..., 40) = 40
29166 11:48:13 clock_gettime(CLOCK_BOOTTIME, {612379, 627120784}) = 0
29166 11:48:13 clock_gettime(CLOCK_BOOTTIME, {612379, 627162036}) = 0
29166 11:48:13 select(7, [3 4], [], NULL, NULL) = 1 (in [3])
29166 11:48:13 clock_gettime(CLOCK_BOOTTIME, {612379, 628884098}) = 0
29166 11:48:13 read(3, "\361:\261\271e\1\350\234\253\250\334\211k\0213\273\226\243\257\313\303\337\226\213]!\371\337\301\227\\x"..., 8192) = 40
29166 11:48:13 clock_gettime(CLOCK_BOOTTIME, {612379, 628941274}) = 0
29166 11:48:13 clock_gettime(CLOCK_BOOTTIME, {612379, 628961333}) = 0
29166 11:48:13 select(7, [3 4], [5], NULL, NULL) = 1 (out [5])
29166 11:48:13 clock_gettime(CLOCK_BOOTTIME, {612379, 629021583}) = 0
29166 11:48:13 write(5, "\r\n", 2)      = 2
29166 11:48:13 clock_gettime(CLOCK_BOOTTIME, {612379, 629132694}) = 0
29166 11:48:13 clock_gettime(CLOCK_BOOTTIME, {612379, 629154455}) = 0
29166 11:48:13 select(7, [3 4], [], NULL, NULL) = 1 (in [3])
29166 11:48:13 clock_gettime(CLOCK_BOOTTIME, {612379, 634104132}) = 0
29166 11:48:13 read(3, "\3\322\236\320/\375K\316\20\273i\377?]\252Bt\242e\207\244\206\364g\322\242j\305\231s\36z"..., 8192) = 56
29166 11:48:13 clock_gettime(CLOCK_BOOTTIME, {612379, 634205046}) = 0
29166 11:48:13 clock_gettime(CLOCK_BOOTTIME, {612379, 634246777}) = 0
29166 11:48:13 select(7, [3 4], [5], NULL, NULL) = 1 (out [5])
29166 11:48:13 clock_gettime(CLOCK_BOOTTIME, {612379, 634344094}) = 0
29166 11:48:13 write(5, "[root@ali-p2p-h5-1 ~]# ", 23) = 23
29166 11:48:13 clock_gettime(CLOCK_BOOTTIME, {612379, 634461318}) = 0
29166 11:48:13 clock_gettime(CLOCK_BOOTTIME, {612379, 634504086}) = 0
29166 11:48:13 select(7, [3 4], [], NULL, NULL) = 1 (in [4])
29166 11:48:13 clock_gettime(CLOCK_BOOTTIME, {612379, 853171326}) = 0
29166 11:48:13 read(4, "\r", 16384)     = 1
29166 11:48:13 clock_gettime(CLOCK_BOOTTIME, {612379, 853309238}) = 0
29166 11:48:13 clock_gettime(CLOCK_BOOTTIME, {612379, 853351099}) = 0
29166 11:48:13 select(7, [3 4], [3], NULL, NULL) = 1 (out [3])
29166 11:48:13 clock_gettime(CLOCK_BOOTTIME, {612379, 853443094}) = 0
29166 11:48:13 write(3, "U\3554\373t\346e\267\371\366\rFZ\303\271{\264\241\32\234\30\350\253\323-\v\nK\244\35\242b"..., 40) = 40
29166 11:48:13 clock_gettime(CLOCK_BOOTTIME, {612379, 853553544}) = 0
29166 11:48:13 clock_gettime(CLOCK_BOOTTIME, {612379, 853596090}) = 0
29166 11:48:13 select(7, [3 4], [], NULL, NULL) = 1 (in [3])
29166 11:48:13 clock_gettime(CLOCK_BOOTTIME, {612379, 855080793}) = 0
29166 11:48:13 read(3, "\3355\321\241\2\340Y9\3656\220\373\333\230n\36740r\307\243\235sD\363\314\276\323J\205\354\r"..., 8192) = 40
29166 11:48:13 clock_gettime(CLOCK_BOOTTIME, {612379, 855173916}) = 0
29166 11:48:13 clock_gettime(CLOCK_BOOTTIME, {612379, 855216560}) = 0
29166 11:48:13 select(7, [3 4], [5], NULL, NULL) = 1 (out [5])
29166 11:48:13 clock_gettime(CLOCK_BOOTTIME, {612379, 855313651}) = 0
29166 11:48:13 write(5, "\r\n", 2)      = 2
29166 11:48:13 clock_gettime(CLOCK_BOOTTIME, {612379, 855445712}) = 0
29166 11:48:13 clock_gettime(CLOCK_BOOTTIME, {612379, 855487304}) = 0
29166 11:48:13 select(7, [3 4], [], NULL, NULL) = 1 (in [3])
29166 11:48:13 clock_gettime(CLOCK_BOOTTIME, {612379, 859054278}) = 0
29166 11:48:13 read(3, "\20+J3~\365\305+\217\337\243\331\31\22,&j\241\247\363?\355\357\324aY\230\31\31s=\301"..., 8192) = 56
29166 11:48:13 clock_gettime(CLOCK_BOOTTIME, {612379, 859148612}) = 0
29166 11:48:13 clock_gettime(CLOCK_BOOTTIME, {612379, 859190993}) = 0
29166 11:48:13 select(7, [3 4], [5], NULL, NULL) = 1 (out [5])
29166 11:48:13 clock_gettime(CLOCK_BOOTTIME, {612379, 859283400}) = 0
29166 11:48:13 write(5, "[root@ali-p2p-h5-1 ~]# ", 23) = 23
29166 11:48:13 clock_gettime(CLOCK_BOOTTIME, {612379, 859397897}) = 0
29166 11:48:13 clock_gettime(CLOCK_BOOTTIME, {612379, 859439487}) = 0
29166 11:48:13 select(7, [3 4], [], NULL, NULL) = 1 (in [4])
29166 11:48:13 clock_gettime(CLOCK_BOOTTIME, {612380, 509207135}) = 0
29166 11:48:13 read(4, "\r", 16384)     = 1
29166 11:48:13 clock_gettime(CLOCK_BOOTTIME, {612380, 509337739}) = 0
29166 11:48:13 clock_gettime(CLOCK_BOOTTIME, {612380, 509379899}) = 0
29166 11:48:13 select(7, [3 4], [3], NULL, NULL) = 1 (out [3])
29166 11:48:13 clock_gettime(CLOCK_BOOTTIME, {612380, 509471003}) = 0
29166 11:48:13 write(3, "(\276\7S\351\177\372\352\356\2312\251\270k\272V{\27#\374B\35g\21p\6{\200c_I\225"..., 40) = 40
29166 11:48:13 clock_gettime(CLOCK_BOOTTIME, {612380, 509572435}) = 0
29166 11:48:13 clock_gettime(CLOCK_BOOTTIME, {612380, 509613894}) = 0
29166 11:48:13 select(7, [3 4], [], NULL, NULL) = 1 (in [3])
29166 11:48:13 clock_gettime(CLOCK_BOOTTIME, {612380, 511069679}) = 0
29166 11:48:13 read(3, ">\16\345G>vzK\212\347In\n\23\16\237\317\10\367\200@~\246\311f\27)\3210\34ym"..., 8192) = 40
29166 11:48:13 clock_gettime(CLOCK_BOOTTIME, {612380, 511163212}) = 0
29166 11:48:13 clock_gettime(CLOCK_BOOTTIME, {612380, 511203991}) = 0
29166 11:48:13 select(7, [3 4], [5], NULL, NULL) = 1 (out [5])
29166 11:48:13 clock_gettime(CLOCK_BOOTTIME, {612380, 511299921}) = 0
29166 11:48:13 write(5, "\r\n", 2)      = 2
29166 11:48:13 clock_gettime(CLOCK_BOOTTIME, {612380, 511433226}) = 0
29166 11:48:13 clock_gettime(CLOCK_BOOTTIME, {612380, 511476033}) = 0
29166 11:48:13 select(7, [3 4], [], NULL, NULL) = 1 (in [3])
29166 11:48:13 clock_gettime(CLOCK_BOOTTIME, {612380, 515051881}) = 0
29166 11:48:13 read(3, "\36\305#\204\263\372`_IR\204\206\2\3027\vM\241\357\271\257\375<N;\356$\327\t3\270="..., 8192) = 56
29166 11:48:13 clock_gettime(CLOCK_BOOTTIME, {612380, 515145015}) = 0
29166 11:48:13 clock_gettime(CLOCK_BOOTTIME, {612380, 515186482}) = 0
29166 11:48:13 select(7, [3 4], [5], NULL, NULL) = 1 (out [5])
29166 11:48:13 clock_gettime(CLOCK_BOOTTIME, {612380, 515281958}) = 0
29166 11:48:13 write(5, "[root@ali-p2p-h5-1 ~]# ", 23) = 23
29166 11:48:13 clock_gettime(CLOCK_BOOTTIME, {612380, 515411463}) = 0
29166 11:48:13 clock_gettime(CLOCK_BOOTTIME, {612380, 515452838}) = 0
29166 11:48:13 select(7, [3 4], [], NULL, NULL) = 1 (in [4])
29166 11:48:15 clock_gettime(CLOCK_BOOTTIME, {612381, 698446528}) = 0
29166 11:48:15 read(4, "i", 16384)      = 1
29166 11:48:15 clock_gettime(CLOCK_BOOTTIME, {612381, 698560944}) = 0
29166 11:48:15 clock_gettime(CLOCK_BOOTTIME, {612381, 698611179}) = 0
29166 11:48:15 select(7, [3 4], [3], NULL, NULL) = 1 (out [3])
29166 11:48:15 clock_gettime(CLOCK_BOOTTIME, {612381, 698700017}) = 0
29166 11:48:15 write(3, "\356f\235\277\312\363\250a\251\34\\\374\226\3265\20\1779\317\227Y\250\234=b\220\23,\354\214)\226"..., 40) = 40
29166 11:48:15 clock_gettime(CLOCK_BOOTTIME, {612381, 698804948}) = 0
29166 11:48:15 clock_gettime(CLOCK_BOOTTIME, {612381, 698845754}) = 0
29166 11:48:15 select(7, [3 4], [], NULL, NULL) = 1 (in [3])
29166 11:48:15 clock_gettime(CLOCK_BOOTTIME, {612381, 701067362}) = 0
29166 11:48:15 read(3, "\r\225\32\207U\223\23\304u\274\255W\27H\331\323n}\203\215\20\324\323\36\24\33o\262\24py\303"..., 8192) = 40
29166 11:48:15 clock_gettime(CLOCK_BOOTTIME, {612381, 701157394}) = 0
29166 11:48:15 clock_gettime(CLOCK_BOOTTIME, {612381, 701198446}) = 0
29166 11:48:15 select(7, [3 4], [5], NULL, NULL) = 1 (out [5])
29166 11:48:15 clock_gettime(CLOCK_BOOTTIME, {612381, 701292195}) = 0
29166 11:48:15 write(5, "i", 1)         = 1
29166 11:48:15 clock_gettime(CLOCK_BOOTTIME, {612381, 701424378}) = 0
29166 11:48:15 clock_gettime(CLOCK_BOOTTIME, {612381, 701465251}) = 0
29166 11:48:15 select(7, [3 4], [], NULL, NULL) = 1 (in [4])
29166 11:48:15 clock_gettime(CLOCK_BOOTTIME, {612381, 866328639}) = 0
29166 11:48:15 read(4, "f", 16384)      = 1
29166 11:48:15 clock_gettime(CLOCK_BOOTTIME, {612381, 866450317}) = 0
29166 11:48:15 clock_gettime(CLOCK_BOOTTIME, {612381, 866489847}) = 0
29166 11:48:15 select(7, [3 4], [3], NULL, NULL) = 1 (out [3])
29166 11:48:15 clock_gettime(CLOCK_BOOTTIME, {612381, 866575911}) = 0
29166 11:48:15 write(3, "\3406\26]\333\2\233a\252\303\331)\202\333\310\300\262\202\4\310\333\223\37\0320\0\373\303\304\345\271\273"..., 40) = 40
29166 11:48:15 clock_gettime(CLOCK_BOOTTIME, {612381, 866679414}) = 0
29166 11:48:15 clock_gettime(CLOCK_BOOTTIME, {612381, 866718801}) = 0
29166 11:48:15 select(7, [3 4], [], NULL, NULL) = 1 (in [3])
29166 11:48:15 clock_gettime(CLOCK_BOOTTIME, {612381, 869060667}) = 0
29166 11:48:15 read(3, "\21\231w:g^h\331\306\236HO{\241WQ\327\347\355,\377\201*\207\207\313\352*\257\266\264\205"..., 8192) = 40
29166 11:48:15 clock_gettime(CLOCK_BOOTTIME, {612381, 869151923}) = 0
29166 11:48:15 clock_gettime(CLOCK_BOOTTIME, {612381, 869190764}) = 0
29166 11:48:15 select(7, [3 4], [5], NULL, NULL) = 1 (out [5])
29166 11:48:15 clock_gettime(CLOCK_BOOTTIME, {612381, 869282015}) = 0
29166 11:48:15 write(5, "f", 1)         = 1
29166 11:48:15 clock_gettime(CLOCK_BOOTTIME, {612381, 869367426}) = 0
29166 11:48:15 clock_gettime(CLOCK_BOOTTIME, {612381, 869392620}) = 0
29166 11:48:15 select(7, [3 4], [], NULL, NULL) = 1 (in [4])
29166 11:48:15 clock_gettime(CLOCK_BOOTTIME, {612382, 100096061}) = 0
29166 11:48:15 read(4, "c", 16384)      = 1
29166 11:48:15 clock_gettime(CLOCK_BOOTTIME, {612382, 100214601}) = 0
29166 11:48:15 clock_gettime(CLOCK_BOOTTIME, {612382, 100257191}) = 0
29166 11:48:15 select(7, [3 4], [3], NULL, NULL) = 1 (out [3])
29166 11:48:15 clock_gettime(CLOCK_BOOTTIME, {612382, 100359064}) = 0
29166 11:48:15 write(3, "\245=@\237\313\370\n\202\355N\277\177#-\245\276\217\2\250\353\372\265\315\311\335\f%r\346x\34\333"..., 40) = 40
29166 11:48:15 clock_gettime(CLOCK_BOOTTIME, {612382, 100468000}) = 0
29166 11:48:15 clock_gettime(CLOCK_BOOTTIME, {612382, 100509886}) = 0
29166 11:48:15 select(7, [3 4], [], NULL, NULL) = 1 (in [3])
29166 11:48:15 clock_gettime(CLOCK_BOOTTIME, {612382, 102074016}) = 0
29166 11:48:15 read(3, "2\r\36~k\227\223|\274N\333\354\352^\7\254\314\300 Q+\200\355T\220\222\312,\26\324q\351"..., 8192) = 40
29166 11:48:15 clock_gettime(CLOCK_BOOTTIME, {612382, 102179116}) = 0
29166 11:48:15 clock_gettime(CLOCK_BOOTTIME, {612382, 102221705}) = 0
29166 11:48:15 select(7, [3 4], [5], NULL, NULL) = 1 (out [5])
29166 11:48:15 clock_gettime(CLOCK_BOOTTIME, {612382, 102315218}) = 0
29166 11:48:15 write(5, "c", 1)         = 1
29166 11:48:15 clock_gettime(CLOCK_BOOTTIME, {612382, 102443949}) = 0
29166 11:48:15 clock_gettime(CLOCK_BOOTTIME, {612382, 102486072}) = 0
29166 11:48:15 select(7, [3 4], [], NULL, NULL) = 1 (in [4])
29166 11:48:15 clock_gettime(CLOCK_BOOTTIME, {612382, 180189832}) = 0
29166 11:48:15 read(4, "o", 16384)      = 1
29166 11:48:15 clock_gettime(CLOCK_BOOTTIME, {612382, 180317445}) = 0
29166 11:48:15 clock_gettime(CLOCK_BOOTTIME, {612382, 180368830}) = 0
29166 11:48:15 select(7, [3 4], [3], NULL, NULL) = 1 (out [3])
29166 11:48:15 clock_gettime(CLOCK_BOOTTIME, {612382, 180460712}) = 0
29166 11:48:15 write(3, "\n\255B6\350;\253GQX\226F\215\2157@\352\177\250\3775c\241\241\365s\243\263\244\363\6\25"..., 40) = 40
29166 11:48:15 clock_gettime(CLOCK_BOOTTIME, {612382, 180566036}) = 0
29166 11:48:15 clock_gettime(CLOCK_BOOTTIME, {612382, 180607797}) = 0
29166 11:48:15 select(7, [3 4], [], NULL, NULL) = 1 (in [3])
29166 11:48:15 clock_gettime(CLOCK_BOOTTIME, {612382, 182063620}) = 0
29166 11:48:15 read(3, "w\210\243\370F\201\353\235Z\226\17jg2\217.\357\251\225\202\344\344v\3053\245f\236\277\370\253|"..., 8192) = 40
29166 11:48:15 clock_gettime(CLOCK_BOOTTIME, {612382, 182158682}) = 0
29166 11:48:15 clock_gettime(CLOCK_BOOTTIME, {612382, 182200467}) = 0
29166 11:48:15 select(7, [3 4], [5], NULL, NULL) = 1 (out [5])
29166 11:48:15 clock_gettime(CLOCK_BOOTTIME, {612382, 182295552}) = 0
29166 11:48:15 write(5, "o", 1)         = 1
29166 11:48:15 clock_gettime(CLOCK_BOOTTIME, {612382, 182425053}) = 0
29166 11:48:15 clock_gettime(CLOCK_BOOTTIME, {612382, 182467453}) = 0
29166 11:48:15 select(7, [3 4], [], NULL, NULL) = 1 (in [4])
29166 11:48:15 clock_gettime(CLOCK_BOOTTIME, {612382, 314941128}) = 0
29166 11:48:15 read(4, "n", 16384)      = 1
29166 11:48:15 clock_gettime(CLOCK_BOOTTIME, {612382, 315060907}) = 0
29166 11:48:15 clock_gettime(CLOCK_BOOTTIME, {612382, 315103083}) = 0
29166 11:48:15 select(7, [3 4], [3], NULL, NULL) = 1 (out [3])
29166 11:48:15 clock_gettime(CLOCK_BOOTTIME, {612382, 315193574}) = 0
29166 11:48:15 write(3, "D\263\242\350\344\373\375\305\217)\27\327d\266R\32\211\2\201\342\340f\276S4b^\333\1B\357l"..., 40) = 40
29166 11:48:15 clock_gettime(CLOCK_BOOTTIME, {612382, 315299977}) = 0
29166 11:48:15 clock_gettime(CLOCK_BOOTTIME, {612382, 315339735}) = 0
29166 11:48:15 select(7, [3 4], [], NULL, NULL) = 1 (in [3])
29166 11:48:15 clock_gettime(CLOCK_BOOTTIME, {612382, 317057811}) = 0
29166 11:48:15 read(3, "\372%E\210\316\334&\24\266\245SX\304UN\277\327am'z\227\250\212\301\243!_\323*\261\34"..., 8192) = 40
29166 11:48:15 clock_gettime(CLOCK_BOOTTIME, {612382, 317151767}) = 0
29166 11:48:15 clock_gettime(CLOCK_BOOTTIME, {612382, 317193847}) = 0
29166 11:48:15 select(7, [3 4], [5], NULL, NULL) = 1 (out [5])
29166 11:48:15 clock_gettime(CLOCK_BOOTTIME, {612382, 317292713}) = 0
29166 11:48:15 write(5, "n", 1)         = 1
29166 11:48:15 clock_gettime(CLOCK_BOOTTIME, {612382, 317423983}) = 0
29166 11:48:15 clock_gettime(CLOCK_BOOTTIME, {612382, 317465756}) = 0
29166 11:48:15 select(7, [3 4], [], NULL, NULL) = 1 (in [4])
29166 11:48:15 clock_gettime(CLOCK_BOOTTIME, {612382, 410599807}) = 0
29166 11:48:15 read(4, "f", 16384)      = 1
29166 11:48:15 clock_gettime(CLOCK_BOOTTIME, {612382, 410708676}) = 0
29166 11:48:15 clock_gettime(CLOCK_BOOTTIME, {612382, 410759582}) = 0
29166 11:48:15 select(7, [3 4], [3], NULL, NULL) = 1 (out [3])
29166 11:48:15 clock_gettime(CLOCK_BOOTTIME, {612382, 410848175}) = 0
29166 11:48:15 write(3, "\264\31\364\264\352\313[\3044'\347F\326\221\4\261\352\35\345\202\340\311\331\342\35jZ\337F,\201\356"..., 40) = 40
29166 11:48:15 clock_gettime(CLOCK_BOOTTIME, {612382, 410950413}) = 0
29166 11:48:15 clock_gettime(CLOCK_BOOTTIME, {612382, 410991862}) = 0
29166 11:48:15 select(7, [3 4], [], NULL, NULL) = 1 (in [3])
29166 11:48:15 clock_gettime(CLOCK_BOOTTIME, {612382, 413103336}) = 0
29166 11:48:15 read(3, "t\331(\373\354\245\257\37\252n\2220x\217\222F0\0\264\247 AJp\265\254+=D\316\265k"..., 8192) = 40
29166 11:48:15 clock_gettime(CLOCK_BOOTTIME, {612382, 413197626}) = 0
29166 11:48:15 clock_gettime(CLOCK_BOOTTIME, {612382, 413239152}) = 0
29166 11:48:15 select(7, [3 4], [5], NULL, NULL) = 1 (out [5])
29166 11:48:15 clock_gettime(CLOCK_BOOTTIME, {612382, 413334461}) = 0
29166 11:48:15 write(5, "f", 1)         = 1
29166 11:48:15 clock_gettime(CLOCK_BOOTTIME, {612382, 413479731}) = 0
29166 11:48:15 clock_gettime(CLOCK_BOOTTIME, {612382, 413522803}) = 0
29166 11:48:15 select(7, [3 4], [], NULL, NULL) = 1 (in [4])
29166 11:48:15 clock_gettime(CLOCK_BOOTTIME, {612382, 506789137}) = 0
29166 11:48:15 read(4, "i", 16384)      = 1
29166 11:48:15 clock_gettime(CLOCK_BOOTTIME, {612382, 506914143}) = 0
29166 11:48:15 clock_gettime(CLOCK_BOOTTIME, {612382, 506956294}) = 0
29166 11:48:15 select(7, [3 4], [3], NULL, NULL) = 1 (out [3])
29166 11:48:15 clock_gettime(CLOCK_BOOTTIME, {612382, 507057504}) = 0
29166 11:48:15 write(3, "\\\6\312H\302\6c\315\22\377\254{\241\364\233D\256\271f\241H\334\25\235\315\223\344Z\355|;,"..., 40) = 40
29166 11:48:15 clock_gettime(CLOCK_BOOTTIME, {612382, 507165091}) = 0
29166 11:48:15 clock_gettime(CLOCK_BOOTTIME, {612382, 507207942}) = 0
29166 11:48:15 select(7, [3 4], [], NULL, NULL) = 1 (in [3])
29166 11:48:15 clock_gettime(CLOCK_BOOTTIME, {612382, 509070027}) = 0
29166 11:48:15 read(3, "n\322\370\307\340\372\3526\342\325 \215\345.\305\234~rya\363\352_\255Y\326\305\240~?N\343"..., 8192) = 40
29166 11:48:15 clock_gettime(CLOCK_BOOTTIME, {612382, 509163423}) = 0
29166 11:48:15 clock_gettime(CLOCK_BOOTTIME, {612382, 509205724}) = 0
29166 11:48:15 select(7, [3 4], [5], NULL, NULL) = 1 (out [5])
29166 11:48:15 clock_gettime(CLOCK_BOOTTIME, {612382, 509303932}) = 0
29166 11:48:15 write(5, "i", 1)         = 1
29166 11:48:15 clock_gettime(CLOCK_BOOTTIME, {612382, 509434423}) = 0
29166 11:48:15 clock_gettime(CLOCK_BOOTTIME, {612382, 509476663}) = 0
29166 11:48:15 select(7, [3 4], [], NULL, NULL) = 1 (in [4])
29166 11:48:16 clock_gettime(CLOCK_BOOTTIME, {612382, 634718415}) = 0
29166 11:48:16 read(4, "g", 16384)      = 1
29166 11:48:16 clock_gettime(CLOCK_BOOTTIME, {612382, 634841613}) = 0
29166 11:48:16 clock_gettime(CLOCK_BOOTTIME, {612382, 634884526}) = 0
29166 11:48:16 select(7, [3 4], [3], NULL, NULL) = 1 (out [3])
29166 11:48:16 clock_gettime(CLOCK_BOOTTIME, {612382, 634981507}) = 0
29166 11:48:16 write(3, "m\205/ef`\25%\37\316k%\355\262#\24\333\16\322\377l\242\270PM\267?#\";\37\267"..., 40) = 40
29166 11:48:16 clock_gettime(CLOCK_BOOTTIME, {612382, 635093910}) = 0
29166 11:48:16 clock_gettime(CLOCK_BOOTTIME, {612382, 635136506}) = 0
29166 11:48:16 select(7, [3 4], [], NULL, NULL) = 1 (in [3])
29166 11:48:16 clock_gettime(CLOCK_BOOTTIME, {612382, 637072012}) = 0
29166 11:48:16 read(3, "\10B+\300^I\230\357a\316_\354\5\177Q\306\223'[N4'\303\236\3443\262\374^\27\302\365"..., 8192) = 40
29166 11:48:16 clock_gettime(CLOCK_BOOTTIME, {612382, 637167110}) = 0
29166 11:48:16 clock_gettime(CLOCK_BOOTTIME, {612382, 637208913}) = 0
29166 11:48:16 select(7, [3 4], [5], NULL, NULL) = 1 (out [5])
29166 11:48:16 clock_gettime(CLOCK_BOOTTIME, {612382, 637307580}) = 0
29166 11:48:16 write(5, "g", 1)         = 1
29166 11:48:16 clock_gettime(CLOCK_BOOTTIME, {612382, 637439106}) = 0
29166 11:48:16 clock_gettime(CLOCK_BOOTTIME, {612382, 637480893}) = 0
29166 11:48:16 select(7, [3 4], [], NULL, NULL) = 1 (in [4])
29166 11:48:16 clock_gettime(CLOCK_BOOTTIME, {612382, 738237860}) = 0
29166 11:48:16 read(4, "\r", 16384)     = 1
29166 11:48:16 clock_gettime(CLOCK_BOOTTIME, {612382, 738440017}) = 0
29166 11:48:16 clock_gettime(CLOCK_BOOTTIME, {612382, 738482337}) = 0
29166 11:48:16 select(7, [3 4], [3], NULL, NULL) = 1 (out [3])
29166 11:48:16 clock_gettime(CLOCK_BOOTTIME, {612382, 738575055}) = 0
29166 11:48:16 write(3, "\241\363X\326Q\37\361v\336\263\323Y\226\345\215/ePiL3,\317\316C\303\374Q\216\334\1\326"..., 40) = 40
29166 11:48:16 clock_gettime(CLOCK_BOOTTIME, {612382, 738695555}) = 0
29166 11:48:16 clock_gettime(CLOCK_BOOTTIME, {612382, 738737288}) = 0
29166 11:48:16 select(7, [3 4], [], NULL, NULL) = 1 (in [3])
29166 11:48:16 clock_gettime(CLOCK_BOOTTIME, {612382, 741090518}) = 0
29166 11:48:16 read(3, "?\0\305Y\233\245\t=fb\307K\253S\36~\21596\347\266\207\372/\303\260z\344SM\327\1"..., 8192) = 40
29166 11:48:16 clock_gettime(CLOCK_BOOTTIME, {612382, 741184918}) = 0
29166 11:48:16 clock_gettime(CLOCK_BOOTTIME, {612382, 741226010}) = 0
29166 11:48:16 select(7, [3 4], [5], NULL, NULL) = 1 (out [5])
29166 11:48:16 clock_gettime(CLOCK_BOOTTIME, {612382, 741321420}) = 0
29166 11:48:16 write(5, "\r\n", 2)      = 2
29166 11:48:16 clock_gettime(CLOCK_BOOTTIME, {612382, 741457563}) = 0
29166 11:48:16 clock_gettime(CLOCK_BOOTTIME, {612382, 741512824}) = 0
29166 11:48:16 select(7, [3 4], [], NULL, NULL) = 1 (in [3])
29166 11:48:16 clock_gettime(CLOCK_BOOTTIME, {612382, 742069555}) = 0
29166 11:48:16 read(3, "\206\225\240\277\37\33C\203\2131\241[-\212\262\222\376]\2361\312\24\327\226\334nf\27\260\334\336*"..., 8192) = 872
29166 11:48:16 clock_gettime(CLOCK_BOOTTIME, {612382, 742175644}) = 0
29166 11:48:16 clock_gettime(CLOCK_BOOTTIME, {612382, 742217910}) = 0
29166 11:48:16 select(7, [3 4], [5], NULL, NULL) = 1 (out [5])
29166 11:48:16 clock_gettime(CLOCK_BOOTTIME, {612382, 742316317}) = 0
29166 11:48:16 write(5, "eth0      Link encap:Ethernet  H"..., 836) = 836
29166 11:48:16 clock_gettime(CLOCK_BOOTTIME, {612382, 742439309}) = 0
29166 11:48:16 clock_gettime(CLOCK_BOOTTIME, {612382, 742480742}) = 0
29166 11:48:16 select(7, [3 4], [], NULL, NULL) = 1 (in [3])
29166 11:48:16 clock_gettime(CLOCK_BOOTTIME, {612382, 747846253}) = 0
29166 11:48:16 read(3, "]\\vXQ|\203\205\261\4\37Dl\335\377\3041!qV\210\222\212\350\263\27\363GX)\222\351"..., 8192) = 56
29166 11:48:16 clock_gettime(CLOCK_BOOTTIME, {612382, 747945948}) = 0
29166 11:48:16 clock_gettime(CLOCK_BOOTTIME, {612382, 747988146}) = 0
29166 11:48:16 select(7, [3 4], [5], NULL, NULL) = 1 (out [5])
29166 11:48:16 clock_gettime(CLOCK_BOOTTIME, {612382, 748096505}) = 0
29166 11:48:16 write(5, "[root@ali-p2p-h5-1 ~]# ", 23) = 23
29166 11:48:16 clock_gettime(CLOCK_BOOTTIME, {612382, 748224321}) = 0
29166 11:48:16 clock_gettime(CLOCK_BOOTTIME, {612382, 748274971}) = 0
29166 11:48:16 select(7, [3 4], [], NULL, NULL) = 1 (in [4])
29166 11:48:17 clock_gettime(CLOCK_BOOTTIME, {612383, 696917657}) = 0
29166 11:48:17 read(4, "e", 16384)      = 1
29166 11:48:17 clock_gettime(CLOCK_BOOTTIME, {612383, 697050171}) = 0
29166 11:48:17 clock_gettime(CLOCK_BOOTTIME, {612383, 697093646}) = 0
29166 11:48:17 select(7, [3 4], [3], NULL, NULL) = 1 (out [3])
29166 11:48:17 clock_gettime(CLOCK_BOOTTIME, {612383, 697187066}) = 0
29166 11:48:17 write(3, "]\20\3\267\nO\217\227\214\222K\351\355\260K\24\333\361\30\304\373s\255\0069e\301\316\233\353m)"..., 40) = 40
29166 11:48:17 clock_gettime(CLOCK_BOOTTIME, {612383, 697313709}) = 0
29166 11:48:17 clock_gettime(CLOCK_BOOTTIME, {612383, 697355555}) = 0
29166 11:48:17 select(7, [3 4], [], NULL, NULL) = 1 (in [3])
29166 11:48:17 clock_gettime(CLOCK_BOOTTIME, {612383, 698824478}) = 0
29166 11:48:17 read(3, "\273\254T4\264\r\230\336\252\312\252\313\17$\211\367\23\206\"dlV\360\201\251$\373\316LY\324\334"..., 8192) = 40
29166 11:48:17 clock_gettime(CLOCK_BOOTTIME, {612383, 698916553}) = 0
29166 11:48:17 clock_gettime(CLOCK_BOOTTIME, {612383, 698958461}) = 0
29166 11:48:17 select(7, [3 4], [5], NULL, NULL) = 1 (out [5])
29166 11:48:17 clock_gettime(CLOCK_BOOTTIME, {612383, 699054518}) = 0
29166 11:48:17 write(5, "e", 1)         = 1
29166 11:48:17 clock_gettime(CLOCK_BOOTTIME, {612383, 699189828}) = 0
29166 11:48:17 clock_gettime(CLOCK_BOOTTIME, {612383, 699233245}) = 0
29166 11:48:17 select(7, [3 4], [], NULL, NULL) = 1 (in [4])
29166 11:48:17 clock_gettime(CLOCK_BOOTTIME, {612383, 946333592}) = 0
29166 11:48:17 read(4, "x", 16384)      = 1
29166 11:48:17 clock_gettime(CLOCK_BOOTTIME, {612383, 946464209}) = 0
29166 11:48:17 clock_gettime(CLOCK_BOOTTIME, {612383, 946504406}) = 0
29166 11:48:17 select(7, [3 4], [3], NULL, NULL) = 1 (out [3])
29166 11:48:17 clock_gettime(CLOCK_BOOTTIME, {612383, 946617610}) = 0
29166 11:48:17 write(3, "\212\226\207\267,\1\216\306y\306\230rzkR@QR\376\321c<\353\243@\303\212o\265%\232\327"..., 40) = 40
29166 11:48:17 clock_gettime(CLOCK_BOOTTIME, {612383, 946727663}) = 0
29166 11:48:17 clock_gettime(CLOCK_BOOTTIME, {612383, 946768873}) = 0
29166 11:48:17 select(7, [3 4], [], NULL, NULL) = 1 (in [3])
29166 11:48:17 clock_gettime(CLOCK_BOOTTIME, {612383, 948817288}) = 0
29166 11:48:17 read(3, "\303\2\356\205\362\244\254S\4\233\230;\324\264U\266\343\222I\307 4\350\310\22\243\312\307$dZ\322"..., 8192) = 40
29166 11:48:17 clock_gettime(CLOCK_BOOTTIME, {612383, 948909699}) = 0
29166 11:48:17 clock_gettime(CLOCK_BOOTTIME, {612383, 948953809}) = 0
29166 11:48:17 select(7, [3 4], [5], NULL, NULL) = 1 (out [5])
29166 11:48:17 clock_gettime(CLOCK_BOOTTIME, {612383, 949047577}) = 0
29166 11:48:17 write(5, "x", 1)         = 1
29166 11:48:17 clock_gettime(CLOCK_BOOTTIME, {612383, 949180869}) = 0
29166 11:48:17 clock_gettime(CLOCK_BOOTTIME, {612383, 949223219}) = 0
29166 11:48:17 select(7, [3 4], [], NULL, NULL) = 1 (in [4])
29166 11:48:17 clock_gettime(CLOCK_BOOTTIME, {612384, 44925075}) = 0
29166 11:48:17 read(4, "i", 16384)      = 1
29166 11:48:17 clock_gettime(CLOCK_BOOTTIME, {612384, 45044607}) = 0
29166 11:48:17 clock_gettime(CLOCK_BOOTTIME, {612384, 45086696}) = 0
29166 11:48:17 select(7, [3 4], [3], NULL, NULL) = 1 (out [3])
29166 11:48:17 clock_gettime(CLOCK_BOOTTIME, {612384, 45176585}) = 0
29166 11:48:17 write(3, "{\221I\347\317*\301X\271w\23w\232V\31\207\306\372v\343\26@\236\305?\324t\244*\213\306\202"..., 40) = 40
29166 11:48:17 clock_gettime(CLOCK_BOOTTIME, {612384, 45287872}) = 0
29166 11:48:17 clock_gettime(CLOCK_BOOTTIME, {612384, 45327947}) = 0
29166 11:48:17 select(7, [3 4], [], NULL, NULL) = 1 (in [3])
29166 11:48:17 clock_gettime(CLOCK_BOOTTIME, {612384, 46815210}) = 0
29166 11:48:17 read(3, "h\34\7\30\360u\346.\2750~\217\333\256+$\363\313\334\305<\301\n\257#W\311u\216\306\335\254"..., 8192) = 40
29166 11:48:17 clock_gettime(CLOCK_BOOTTIME, {612384, 46907023}) = 0
29166 11:48:17 clock_gettime(CLOCK_BOOTTIME, {612384, 46948119}) = 0
29166 11:48:17 select(7, [3 4], [5], NULL, NULL) = 1 (out [5])
29166 11:48:17 clock_gettime(CLOCK_BOOTTIME, {612384, 47048348}) = 0
29166 11:48:17 write(5, "i", 1)         = 1
29166 11:48:17 clock_gettime(CLOCK_BOOTTIME, {612384, 47177674}) = 0
29166 11:48:17 clock_gettime(CLOCK_BOOTTIME, {612384, 47221349}) = 0
29166 11:48:17 select(7, [3 4], [], NULL, NULL) = 1 (in [4])
29166 11:48:17 clock_gettime(CLOCK_BOOTTIME, {612384, 225530695}) = 0
29166 11:48:17 read(4, "t", 16384)      = 1
29166 11:48:17 clock_gettime(CLOCK_BOOTTIME, {612384, 225684727}) = 0
29166 11:48:17 clock_gettime(CLOCK_BOOTTIME, {612384, 225723361}) = 0
29166 11:48:17 select(7, [3 4], [3], NULL, NULL) = 1 (out [3])
29166 11:48:17 clock_gettime(CLOCK_BOOTTIME, {612384, 225810091}) = 0
29166 11:48:17 write(3, "\311[h\304\202*\274\25\ff\246\345\312\230[?\366\200F\330bQ\0\253=\3756%\364X1\331"..., 40) = 40
29166 11:48:17 clock_gettime(CLOCK_BOOTTIME, {612384, 225912812}) = 0
29166 11:48:17 clock_gettime(CLOCK_BOOTTIME, {612384, 225951228}) = 0
29166 11:48:17 select(7, [3 4], [], NULL, NULL) = 1 (in [3])
29166 11:48:17 clock_gettime(CLOCK_BOOTTIME, {612384, 227826409}) = 0
29166 11:48:17 read(3, "A\241S\5\213\205M\272\275\334u\240W\263\234\233\nK\2112\346\2519\2256\37\10\264\214\366\245\24"..., 8192) = 40
29166 11:48:17 clock_gettime(CLOCK_BOOTTIME, {612384, 227915563}) = 0
29166 11:48:17 clock_gettime(CLOCK_BOOTTIME, {612384, 227955118}) = 0
29166 11:48:17 select(7, [3 4], [5], NULL, NULL) = 1 (out [5])
29166 11:48:17 clock_gettime(CLOCK_BOOTTIME, {612384, 228044851}) = 0
29166 11:48:17 write(5, "t", 1)         = 1
29166 11:48:17 clock_gettime(CLOCK_BOOTTIME, {612384, 228174009}) = 0
29166 11:48:17 clock_gettime(CLOCK_BOOTTIME, {612384, 228214887}) = 0
29166 11:48:17 select(7, [3 4], [], NULL, NULL) = 1 (in [4])
29166 11:48:18 clock_gettime(CLOCK_BOOTTIME, {612385, 21182280}) = 0
29166 11:48:18 read(4, "\r", 16384)     = 1
29166 11:48:18 clock_gettime(CLOCK_BOOTTIME, {612385, 21351673}) = 0
29166 11:48:18 clock_gettime(CLOCK_BOOTTIME, {612385, 21393508}) = 0
29166 11:48:18 select(7, [3 4], [3], NULL, NULL) = 1 (out [3])
29166 11:48:18 clock_gettime(CLOCK_BOOTTIME, {612385, 21485773}) = 0
29166 11:48:18 write(3, "\253o\24\352tZ\206\2052\v\6\31\341\265\255\4p\342\344\17\265\227\"\345u\212sY\223u\362>"..., 40) = 40
29166 11:48:18 clock_gettime(CLOCK_BOOTTIME, {612385, 21603802}) = 0
29166 11:48:18 clock_gettime(CLOCK_BOOTTIME, {612385, 21644903}) = 0
29166 11:48:18 select(7, [3 4], [], NULL, NULL) = 1 (in [3])
29166 11:48:18 clock_gettime(CLOCK_BOOTTIME, {612385, 25645665}) = 0
29166 11:48:18 read(3, "\360a\240`\336O\276d\210\262Xm\26\361><\301$\17WU\276j}\r\347\331^\270\273\314|"..., 8192) = 40
29166 11:48:18 clock_gettime(CLOCK_BOOTTIME, {612385, 25741387}) = 0
29166 11:48:18 clock_gettime(CLOCK_BOOTTIME, {612385, 25783070}) = 0
29166 11:48:18 select(7, [3 4], [5], NULL, NULL) = 1 (out [5])
29166 11:48:18 clock_gettime(CLOCK_BOOTTIME, {612385, 25874160}) = 0
29166 11:48:18 write(5, "\r\nlogout\r\n", 10) = 10
29166 11:48:18 clock_gettime(CLOCK_BOOTTIME, {612385, 26024032}) = 0
29166 11:48:18 clock_gettime(CLOCK_BOOTTIME, {612385, 26067027}) = 0
29166 11:48:18 select(7, [3 4], [], NULL, NULL) = 1 (in [3])
29166 11:48:18 clock_gettime(CLOCK_BOOTTIME, {612385, 29327612}) = 0
29166 11:48:18 read(3, "%\203\353\221)\371Ut,\330u\312\275\312\354\3446\241\315\265?5\0324\350\256,\351\341\372-?"..., 8192) = 160
29166 11:48:18 close(5)                 = 0
29166 11:48:18 close(4)                 = 0
29166 11:48:18 clock_gettime(CLOCK_BOOTTIME, {612385, 29516722}) = 0
29166 11:48:18 clock_gettime(CLOCK_BOOTTIME, {612385, 29558232}) = 0
29166 11:48:18 ioctl(0, SNDCTL_TMR_STOP or TCSETSW, {B38400 opost isig icanon echo ...}) = 0
29166 11:48:18 close(6)                 = 0
29166 11:48:18 select(7, [3], [3], NULL, NULL) = 1 (out [3])
29166 11:48:18 clock_gettime(CLOCK_BOOTTIME, {612385, 29754363}) = 0
29166 11:48:18 write(3, "\302\363\206f\360\230\205\3034\2266\236\251\313s#\352\271d9g\v).", 24) = 24
29166 11:48:18 rt_sigaction(SIGWINCH, NULL, {0x5562242dac80, [], SA_RESTORER, 0x7f1177ac9270}, 8) = 0
29166 11:48:18 rt_sigaction(SIGWINCH, {SIG_DFL, [], SA_RESTORER, 0x7f1177ac9270}, NULL, 8) = 0
29166 11:48:18 write(3, "\226\222E:J\21\351&;\243\22\337\257d\370\273\244v\264\256\363\v\374\322\362\0@\247{\352\30\32"..., 56) = 56
29166 11:48:18 ioctl(0, TCGETS, {B38400 opost isig icanon echo ...}) = 0
29166 11:48:18 ioctl(1, TCGETS, {B38400 opost isig icanon echo ...}) = 0
29166 11:48:18 ioctl(2, TCGETS, {B38400 opost isig icanon echo ...}) = 0
29166 11:48:18 write(2, "Connection to 10.5.0.208 closed."..., 34) = 34
29166 11:48:18 shutdown(3, SHUT_RDWR)   = 0
29166 11:48:18 close(3)                 = 0
29166 11:48:18 write(1, "random tag:qwhs1n8go9", 21) = 21
29166 11:48:18 exit_group(0)            = ?
29166 11:48:18 +++ exited with 0 +++
