12470 05:28:24 select(4, [3], NULL, NULL, NULL) = 1 (in [3])
12470 05:28:24 read(3, "\0\0\3\274\n!\0\0\1\25\0\0\0\7ssh-rsa\0\0\0\1#\0\0\1\1\0\264"..., 8192) = 976
12470 05:28:24 open("/root/.ssh/known_hosts", O_RDONLY) = 4
12470 05:28:24 fstat(4, {st_mode=S_IFREG|0644, st_size=1177, ...}) = 0
12470 05:28:24 mmap(NULL, 4096, PROT_READ|PROT_WRITE, MAP_PRIVATE|MAP_ANONYMOUS, -1, 0) = 0x7fc533b48000
12470 05:28:24 read(4, "172.19.0.36 ssh-rsa AAAAB3NzaC1y"..., 4096) = 1177
12470 05:28:24 read(4, "", 4096)        = 0
12470 05:28:24 close(4)                 = 0
12470 05:28:24 munmap(0x7fc533b48000, 4096) = 0
12470 05:28:24 open("/root/.ssh/known_hosts2", O_RDONLY) = -1 ENOENT (No such file or directory)
12470 05:28:24 open("/usr/local/openssh/etc/ssh_known_hosts", O_RDONLY) = -1 ENOENT (No such file or directory)
12470 05:28:24 open("/usr/local/openssh/etc/ssh_known_hosts2", O_RDONLY) = -1 ENOENT (No such file or directory)
12470 05:28:24 clock_gettime(CLOCK_BOOTTIME, {675990, 802330724}) = 0
12470 05:28:24 write(3, "\0\0\0\f\n\25\0\0\0\0\0\0\0\0\0\0", 16) = 16
12470 05:28:24 write(3, "o\313\211\334\301\345\337\251\316\246\254\324\3\232\325\1y\323c \335\32\33GX\347R\307\260\272\375\232"..., 40) = 40
12470 05:28:24 select(4, [3], NULL, NULL, NULL) = 1 (in [3])
12470 05:28:24 read(3, "a\255\345\t\244x(\263\261\350?\325l($ \330\225\264E\374\205U\275Z\201V4L\22\323\366"..., 8192) = 40
12470 05:28:24 write(3, "ol\34\371\315\357\222\264\35\2268[\2147\315\325R\365\364JE\213\0h\264\231\365R\306a\351V"..., 56) = 56
12470 05:28:24 select(4, [3], NULL, NULL, NULL) = 1 (in [3])
12470 05:28:24 read(3, "\277\341M\306-\v2AI\203\347\246W\5~\16\241\262F\262\5\316bL\246\361O\257y\202+\355"..., 8192) = 72
12470 05:28:24 stat("/root/.ssh/id_rsa", 0x7ffe83f30bf0) = -1 ENOENT (No such file or directory)
12470 05:28:24 stat("/root/.ssh/id_dsa", 0x7ffe83f30bf0) = -1 ENOENT (No such file or directory)
12470 05:28:24 stat("/root/.ssh/id_ecdsa", 0x7ffe83f30bf0) = -1 ENOENT (No such file or directory)
12470 05:28:24 stat("/root/.ssh/id_ed25519", 0x7ffe83f30bf0) = -1 ENOENT (No such file or directory)
12470 05:28:24 open("/dev/tty", O_RDWR) = 4
12470 05:28:24 close(4)                 = 0
12470 05:28:24 open("/dev/tty", O_RDWR) = 4
12470 05:28:24 ioctl(4, TCGETS, {B38400 opost isig icanon echo ...}) = 0
12470 05:28:24 ioctl(4, SNDCTL_TMR_CONTINUE or TCSETSF, {B38400 opost isig icanon -echo ...}) = 0
12470 05:28:24 rt_sigaction(SIGALRM, {0x563bcdd370d0, [], SA_RESTORER, 0x7fc5326cd270}, {SIG_DFL, [], 0}, 8) = 0
12470 05:28:24 rt_sigaction(SIGHUP, {0x563bcdd370d0, [], SA_RESTORER, 0x7fc5326cd270}, {SIG_DFL, [], 0}, 8) = 0
12470 05:28:24 rt_sigaction(SIGINT, {0x563bcdd370d0, [], SA_RESTORER, 0x7fc5326cd270}, {SIG_DFL, [], 0}, 8) = 0
12470 05:28:24 rt_sigaction(SIGPIPE, {0x563bcdd370d0, [], SA_RESTORER, 0x7fc5326cd270}, {SIG_IGN, [], SA_RESTORER, 0x7fc5326cd270}, 8) = 0
12470 05:28:24 rt_sigaction(SIGQUIT, {0x563bcdd370d0, [], SA_RESTORER, 0x7fc5326cd270}, {SIG_DFL, [], 0}, 8) = 0
12470 05:28:24 rt_sigaction(SIGTERM, {0x563bcdd370d0, [], SA_RESTORER, 0x7fc5326cd270}, {SIG_DFL, [], 0}, 8) = 0
12470 05:28:24 rt_sigaction(SIGTSTP, {0x563bcdd370d0, [], SA_RESTORER, 0x7fc5326cd270}, {SIG_DFL, [], 0}, 8) = 0
12470 05:28:24 rt_sigaction(SIGTTIN, {0x563bcdd370d0, [], SA_RESTORER, 0x7fc5326cd270}, {SIG_DFL, [], 0}, 8) = 0
12470 05:28:24 rt_sigaction(SIGTTOU, {0x563bcdd370d0, [], SA_RESTORER, 0x7fc5326cd270}, {SIG_DFL, [], 0}, 8) = 0
12470 05:28:24 write(4, "root@10.5.0.208's password: ", 28) = 28
12470 05:28:24 read(4, "y", 1)          = 1
12470 05:28:24 read(4, "o", 1)          = 1
12470 05:28:24 read(4, "t", 1)          = 1
12470 05:28:24 read(4, "p", 1)          = 1
12470 05:28:24 read(4, "4", 1)          = 1
12470 05:28:24 read(4, "o", 1)          = 1
12470 05:28:24 read(4, "z", 1)          = 1
12470 05:28:24 read(4, "A", 1)          = 1
12470 05:28:24 read(4, "c", 1)          = 1
12470 05:28:24 read(4, "C", 1)          = 1
12470 05:28:24 read(4, "=", 1)          = 1
12470 05:28:24 read(4, "b", 1)          = 1
12470 05:28:24 read(4, "~", 1)          = 1
12470 05:28:24 read(4, "V", 1)          = 1
12470 05:28:24 read(4, "4", 1)          = 1
12470 05:28:24 read(4, "K", 1)          = 1
12470 05:28:24 read(4, "G", 1)          = 1
12470 05:28:24 read(4, "V", 1)          = 1
12470 05:28:24 read(4, "/", 1)          = 1
12470 05:28:24 read(4, "s", 1)          = 1
12470 05:28:24 read(4, "\n", 1)         = 1
12470 05:28:24 write(4, "\n", 1)        = 1
12470 05:28:24 ioctl(4, SNDCTL_TMR_CONTINUE or TCSETSF, {B38400 opost isig icanon echo ...}) = 0
12470 05:28:24 rt_sigaction(SIGALRM, {SIG_DFL, [], SA_RESTORER, 0x7fc5326cd270}, NULL, 8) = 0
12470 05:28:24 rt_sigaction(SIGHUP, {SIG_DFL, [], SA_RESTORER, 0x7fc5326cd270}, NULL, 8) = 0
12470 05:28:24 rt_sigaction(SIGINT, {SIG_DFL, [], SA_RESTORER, 0x7fc5326cd270}, NULL, 8) = 0
12470 05:28:24 rt_sigaction(SIGQUIT, {SIG_DFL, [], SA_RESTORER, 0x7fc5326cd270}, NULL, 8) = 0
12470 05:28:24 rt_sigaction(SIGPIPE, {SIG_IGN, [], SA_RESTORER, 0x7fc5326cd270}, NULL, 8) = 0
12470 05:28:24 rt_sigaction(SIGTERM, {SIG_DFL, [], SA_RESTORER, 0x7fc5326cd270}, NULL, 8) = 0
12470 05:28:24 rt_sigaction(SIGTSTP, {SIG_DFL, [], SA_RESTORER, 0x7fc5326cd270}, NULL, 8) = 0
12470 05:28:24 rt_sigaction(SIGTTIN, {SIG_DFL, [], SA_RESTORER, 0x7fc5326cd270}, NULL, 8) = 0
12470 05:28:24 rt_sigaction(SIGTTOU, {SIG_DFL, [], SA_RESTORER, 0x7fc5326cd270}, NULL, 8) = 0
12470 05:28:24 close(4)                 = 0
12470 05:28:24 write(3, "\316\222\361?-\177\2\201C}e\3704\362\262QF\t \0226\362\214_\214\t\03265\331\35\324"..., 136) = 136
12470 05:28:24 select(4, [3], NULL, NULL, NULL) = 1 (in [3])
12470 05:28:24 read(3, "\373\260\342I\2209\275\305\272\305m\213P|\232\236\2D\254\377b-\203D", 8192) = 24
12470 05:28:24 dup(0)                   = 4
12470 05:28:24 dup(1)                   = 5
12470 05:28:24 dup(2)                   = 6
12470 05:28:24 ioctl(4, TCGETS, {B38400 opost isig icanon echo ...}) = 0
12470 05:28:24 ioctl(5, TCGETS, 0x7ffe83f31000) = -1 ENOTTY (Inappropriate ioctl for device)
12470 05:28:24 fcntl(5, F_GETFL)        = 0x1 (flags O_WRONLY)
12470 05:28:24 fcntl(5, F_SETFL, O_WRONLY|O_NONBLOCK) = 0
12470 05:28:24 ioctl(6, TCGETS, {B38400 opost isig icanon echo ...}) = 0
12470 05:28:24 fcntl(4, F_SETFD, FD_CLOEXEC) = 0
12470 05:28:24 fcntl(5, F_SETFD, FD_CLOEXEC) = 0
12470 05:28:24 fcntl(6, F_SETFD, FD_CLOEXEC) = 0
12470 05:28:24 rt_sigaction(SIGHUP, NULL, {SIG_DFL, [], SA_RESTORER, 0x7fc5326cd270}, 8) = 0
12470 05:28:24 rt_sigaction(SIGHUP, {SIG_IGN, [], SA_RESTORER, 0x7fc5326cd270}, NULL, 8) = 0
12470 05:28:24 rt_sigaction(SIGHUP, NULL, {SIG_IGN, [], SA_RESTORER, 0x7fc5326cd270}, 8) = 0
12470 05:28:24 rt_sigaction(SIGHUP, {0x563bcdcdf9f0, [], SA_RESTORER, 0x7fc5326cd270}, NULL, 8) = 0
12470 05:28:24 rt_sigaction(SIGINT, NULL, {SIG_DFL, [], SA_RESTORER, 0x7fc5326cd270}, 8) = 0
12470 05:28:24 rt_sigaction(SIGINT, {SIG_IGN, [], SA_RESTORER, 0x7fc5326cd270}, NULL, 8) = 0
12470 05:28:24 rt_sigaction(SIGINT, NULL, {SIG_IGN, [], SA_RESTORER, 0x7fc5326cd270}, 8) = 0
12470 05:28:24 rt_sigaction(SIGINT, {0x563bcdcdf9f0, [], SA_RESTORER, 0x7fc5326cd270}, NULL, 8) = 0
12470 05:28:24 rt_sigaction(SIGQUIT, NULL, {SIG_DFL, [], SA_RESTORER, 0x7fc5326cd270}, 8) = 0
12470 05:28:24 rt_sigaction(SIGQUIT, {SIG_IGN, [], SA_RESTORER, 0x7fc5326cd270}, NULL, 8) = 0
12470 05:28:24 rt_sigaction(SIGQUIT, NULL, {SIG_IGN, [], SA_RESTORER, 0x7fc5326cd270}, 8) = 0
12470 05:28:24 rt_sigaction(SIGQUIT, {0x563bcdcdf9f0, [], SA_RESTORER, 0x7fc5326cd270}, NULL, 8) = 0
12470 05:28:24 rt_sigaction(SIGTERM, NULL, {SIG_DFL, [], SA_RESTORER, 0x7fc5326cd270}, 8) = 0
12470 05:28:24 rt_sigaction(SIGTERM, {SIG_IGN, [], SA_RESTORER, 0x7fc5326cd270}, NULL, 8) = 0
12470 05:28:24 rt_sigaction(SIGTERM, NULL, {SIG_IGN, [], SA_RESTORER, 0x7fc5326cd270}, 8) = 0
12470 05:28:24 rt_sigaction(SIGTERM, {0x563bcdcdf9f0, [], SA_RESTORER, 0x7fc5326cd270}, NULL, 8) = 0
12470 05:28:24 rt_sigaction(SIGWINCH, NULL, {SIG_DFL, [], 0}, 8) = 0
12470 05:28:24 rt_sigaction(SIGWINCH, {0x563bcdcdfc80, [], SA_RESTORER, 0x7fc5326cd270}, NULL, 8) = 0
12470 05:28:24 ioctl(0, TCGETS, {B38400 opost isig icanon echo ...}) = 0
12470 05:28:24 ioctl(0, SNDCTL_TMR_STOP or TCSETSW, {B38400 -opost -isig -icanon -echo ...}) = 0
12470 05:28:24 clock_gettime(CLOCK_BOOTTIME, {675990, 881860837}) = 0
12470 05:28:24 clock_gettime(CLOCK_BOOTTIME, {675990, 881905338}) = 0
12470 05:28:24 select(7, [3], [3], NULL, NULL) = 1 (out [3])
12470 05:28:24 clock_gettime(CLOCK_BOOTTIME, {675990, 881993728}) = 0
12470 05:28:24 write(3, "<\n\23'tcc\357\177\vV\10\365\2\370\234\253L\275\331\324\256C\22\270\360\ny\272\225\366\215"..., 112) = 112
12470 05:28:24 clock_gettime(CLOCK_BOOTTIME, {675990, 882098302}) = 0
12470 05:28:24 clock_gettime(CLOCK_BOOTTIME, {675990, 882139657}) = 0
12470 05:28:24 select(7, [3], [], NULL, NULL) = 1 (in [3])
12470 05:28:24 clock_gettime(CLOCK_BOOTTIME, {675990, 886863165}) = 0
12470 05:28:24 read(3, "g\363\234\2\351\327\30\200\3\26\322\273\251m\375\1\305hH\316\177\320\275\353\317Oo7W1\21\232"..., 8192) = 40
12470 05:28:24 getsockopt(3, SOL_TCP, TCP_NODELAY, [0], [4]) = 0
12470 05:28:24 setsockopt(3, SOL_TCP, TCP_NODELAY, [1], 4) = 0
12470 05:28:24 getsockname(3, {sa_family=AF_INET, sin_port=htons(44146), sin_addr=inet_addr("10.5.0.222")}, [16]) = 0
12470 05:28:24 setsockopt(3, SOL_IP, IP_TOS, [16], 4) = 0
12470 05:28:24 ioctl(0, TIOCGWINSZ, {ws_row=24, ws_col=122, ws_xpixel=0, ws_ypixel=0}) = 0
12470 05:28:24 clock_gettime(CLOCK_BOOTTIME, {675990, 887202383}) = 0
12470 05:28:24 clock_gettime(CLOCK_BOOTTIME, {675990, 887244407}) = 0
12470 05:28:24 select(7, [3], [3], NULL, NULL) = 1 (out [3])
12470 05:28:24 clock_gettime(CLOCK_BOOTTIME, {675990, 887332781}) = 0
12470 05:28:24 write(3, "\321\356\243\271\213\274\35345:\356\205\266\254\232\20mn\27cVHC\177{\201\241\204+\211Y\303"..., 368) = 368
12470 05:28:24 clock_gettime(CLOCK_BOOTTIME, {675990, 887429157}) = 0
12470 05:28:24 clock_gettime(CLOCK_BOOTTIME, {675990, 887470758}) = 0
12470 05:28:24 select(7, [3], [], NULL, NULL) = 1 (in [3])
12470 05:28:24 clock_gettime(CLOCK_BOOTTIME, {675990, 887975592}) = 0
12470 05:28:24 read(3, "E\336\10\240\363\333\331.\376V3\230\212\1\32A:\352%n\352\\\22\242\360\305J\21\262Q\340D"..., 8192) = 88
12470 05:28:24 clock_gettime(CLOCK_BOOTTIME, {675990, 888073019}) = 0
12470 05:28:24 clock_gettime(CLOCK_BOOTTIME, {675990, 888113898}) = 0
12470 05:28:24 select(7, [3 4], [], NULL, NULL) = 1 (in [3])
12470 05:28:24 clock_gettime(CLOCK_BOOTTIME, {675990, 893175690}) = 0
12470 05:28:24 read(3, "M2\220e\25\227\2650\216\203\1)t\5\350L\306\f;\336\243\252\352\0230'G\t^\3010G"..., 8192) = 152
12470 05:28:24 clock_gettime(CLOCK_BOOTTIME, {675990, 893269303}) = 0
12470 05:28:24 clock_gettime(CLOCK_BOOTTIME, {675990, 893310509}) = 0
12470 05:28:24 select(7, [3 4], [5], NULL, NULL) = 1 (out [5])
12470 05:28:24 clock_gettime(CLOCK_BOOTTIME, {675990, 893398295}) = 0
12470 05:28:24 write(5, "Last login: Fri Jun 22 11:43:02 "..., 111) = 111
12470 05:28:24 clock_gettime(CLOCK_BOOTTIME, {675990, 893491128}) = 0
12470 05:28:24 clock_gettime(CLOCK_BOOTTIME, {675990, 893532963}) = 0
12470 05:28:24 select(7, [3 4], [], NULL, NULL) = 1 (in [3])
12470 05:28:24 clock_gettime(CLOCK_BOOTTIME, {675990, 909191709}) = 0
12470 05:28:24 read(3, "\312-\354S\254\377\212\302\371o\3063:`\253\273\264!\247(\274A\242:$\205N\373\347.9}"..., 8192) = 56
12470 05:28:24 clock_gettime(CLOCK_BOOTTIME, {675990, 909292157}) = 0
12470 05:28:24 clock_gettime(CLOCK_BOOTTIME, {675990, 909334213}) = 0
12470 05:28:24 select(7, [3 4], [5], NULL, NULL) = 1 (out [5])
12470 05:28:24 clock_gettime(CLOCK_BOOTTIME, {675990, 909422150}) = 0
12470 05:28:24 write(5, "[root@ali-p2p-h5-1 ~]# ", 23) = 23
12470 05:28:24 clock_gettime(CLOCK_BOOTTIME, {675990, 909512336}) = 0
12470 05:28:24 clock_gettime(CLOCK_BOOTTIME, {675990, 909553906}) = 0
12470 05:28:24 select(7, [3 4], [], NULL, NULL) = 1 (in [4])
12470 05:29:46 clock_gettime(CLOCK_BOOTTIME, {676072, 613985841}) = 0
12470 05:29:46 read(4, "", 16384)       = 0
12470 05:29:46 close(4)                 = 0
12470 05:29:46 clock_gettime(CLOCK_BOOTTIME,  <detached ...>
