6520  03:43:02 select(4, [3], NULL, NULL, NULL) = 1 (in [3])
6520  03:43:02 read(3, "\0\0\3\274\n!\0\0\1\25\0\0\0\7ssh-rsa\0\0\0\1#\0\0\1\1\0\264"..., 8192) = 976
6520  03:43:02 open("/root/.ssh/known_hosts", O_RDONLY) = 4
6520  03:43:02 fstat(4, {st_mode=S_IFREG|0644, st_size=1177, ...}) = 0
6520  03:43:02 mmap(NULL, 4096, PROT_READ|PROT_WRITE, MAP_PRIVATE|MAP_ANONYMOUS, -1, 0) = 0x7f618f5ae000
6520  03:43:02 read(4, "172.19.0.36 ssh-rsa AAAAB3NzaC1y"..., 4096) = 1177
6520  03:43:02 read(4, "", 4096)        = 0
6520  03:43:02 close(4)                 = 0
6520  03:43:02 munmap(0x7f618f5ae000, 4096) = 0
6520  03:43:02 open("/root/.ssh/known_hosts2", O_RDONLY) = -1 ENOENT (No such file or directory)
6520  03:43:02 open("/usr/local/openssh/etc/ssh_known_hosts", O_RDONLY) = -1 ENOENT (No such file or directory)
6520  03:43:02 open("/usr/local/openssh/etc/ssh_known_hosts2", O_RDONLY) = -1 ENOENT (No such file or directory)
6520  03:43:02 clock_gettime(CLOCK_BOOTTIME, {669668, 679369451}) = 0
6520  03:43:02 write(3, "\0\0\0\f\n\25\0\0\0\0\0\0\0\0\0\0", 16) = 16
6520  03:43:02 write(3, "\260puwz\22\200\265\4\370\21\276#\364\342%\253\\We\32\237Fg%\236E@[\334\257:"..., 40) = 40
6520  03:43:02 select(4, [3], NULL, NULL, NULL) = 1 (in [3])
6520  03:43:02 read(3, "\255n\24\207F\243\220\2P+\312\333\371\346\3749\315\242)P\33\201\30\21\1\314\231\343l\361E\340"..., 8192) = 40
6520  03:43:02 write(3, "\240=\343)\37\305\330\233\353\10F\215\277\2H\21\30\1\370\254r%?Yc<\276\251h\352\34\""..., 56) = 56
6520  03:43:02 select(4, [3], NULL, NULL, NULL) = 1 (in [3])
6520  03:43:02 read(3, "/*\205\36\363\21F\242tPf\30mc\365o\234\355\307\275\225o\365\374\350T\22\312M\307\0\222"..., 8192) = 72
6520  03:43:02 stat("/root/.ssh/id_rsa", 0x7ffded5d3cc0) = -1 ENOENT (No such file or directory)
6520  03:43:02 stat("/root/.ssh/id_dsa", 0x7ffded5d3cc0) = -1 ENOENT (No such file or directory)
6520  03:43:02 stat("/root/.ssh/id_ecdsa", 0x7ffded5d3cc0) = -1 ENOENT (No such file or directory)
6520  03:43:02 stat("/root/.ssh/id_ed25519", 0x7ffded5d3cc0) = -1 ENOENT (No such file or directory)
6520  03:43:02 open("/dev/tty", O_RDWR) = 4
6520  03:43:02 close(4)                 = 0
6520  03:43:02 open("/dev/tty", O_RDWR) = 4
6520  03:43:02 ioctl(4, TCGETS, {B38400 opost isig icanon echo ...}) = 0
6520  03:43:02 ioctl(4, SNDCTL_TMR_CONTINUE or TCSETSF, {B38400 opost isig icanon -echo ...}) = 0
6520  03:43:02 rt_sigaction(SIGALRM, {0x55870c95c0d0, [], SA_RESTORER, 0x7f618e133270}, {SIG_DFL, [], 0}, 8) = 0
6520  03:43:02 rt_sigaction(SIGHUP, {0x55870c95c0d0, [], SA_RESTORER, 0x7f618e133270}, {SIG_DFL, [], 0}, 8) = 0
6520  03:43:02 rt_sigaction(SIGINT, {0x55870c95c0d0, [], SA_RESTORER, 0x7f618e133270}, {SIG_DFL, [], 0}, 8) = 0
6520  03:43:02 rt_sigaction(SIGPIPE, {0x55870c95c0d0, [], SA_RESTORER, 0x7f618e133270}, {SIG_IGN, [], SA_RESTORER, 0x7f618e133270}, 8) = 0
6520  03:43:02 rt_sigaction(SIGQUIT, {0x55870c95c0d0, [], SA_RESTORER, 0x7f618e133270}, {SIG_DFL, [], 0}, 8) = 0
6520  03:43:02 rt_sigaction(SIGTERM, {0x55870c95c0d0, [], SA_RESTORER, 0x7f618e133270}, {SIG_DFL, [], 0}, 8) = 0
6520  03:43:02 rt_sigaction(SIGTSTP, {0x55870c95c0d0, [], SA_RESTORER, 0x7f618e133270}, {SIG_DFL, [], 0}, 8) = 0
6520  03:43:02 rt_sigaction(SIGTTIN, {0x55870c95c0d0, [], SA_RESTORER, 0x7f618e133270}, {SIG_DFL, [], 0}, 8) = 0
6520  03:43:02 rt_sigaction(SIGTTOU, {0x55870c95c0d0, [], SA_RESTORER, 0x7f618e133270}, {SIG_DFL, [], 0}, 8) = 0
6520  03:43:02 write(4, "root@10.5.0.208's password: ", 28) = 28
6520  03:43:02 read(4, "y", 1)          = 1
6520  03:43:02 read(4, "o", 1)          = 1
6520  03:43:02 read(4, "t", 1)          = 1
6520  03:43:02 read(4, "p", 1)          = 1
6520  03:43:02 read(4, "4", 1)          = 1
6520  03:43:02 read(4, "o", 1)          = 1
6520  03:43:02 read(4, "z", 1)          = 1
6520  03:43:02 read(4, "A", 1)          = 1
6520  03:43:02 read(4, "c", 1)          = 1
6520  03:43:02 read(4, "C", 1)          = 1
6520  03:43:02 read(4, "=", 1)          = 1
6520  03:43:02 read(4, "b", 1)          = 1
6520  03:43:02 read(4, "~", 1)          = 1
6520  03:43:02 read(4, "V", 1)          = 1
6520  03:43:02 read(4, "4", 1)          = 1
6520  03:43:02 read(4, "K", 1)          = 1
6520  03:43:02 read(4, "G", 1)          = 1
6520  03:43:02 read(4, "V", 1)          = 1
6520  03:43:02 read(4, "/", 1)          = 1
6520  03:43:02 read(4, "s", 1)          = 1
6520  03:43:02 read(4, "\n", 1)         = 1
6520  03:43:02 write(4, "\n", 1)        = 1
6520  03:43:02 ioctl(4, SNDCTL_TMR_CONTINUE or TCSETSF, {B38400 opost isig icanon echo ...}) = 0
6520  03:43:02 rt_sigaction(SIGALRM, {SIG_DFL, [], SA_RESTORER, 0x7f618e133270}, NULL, 8) = 0
6520  03:43:02 rt_sigaction(SIGHUP, {SIG_DFL, [], SA_RESTORER, 0x7f618e133270}, NULL, 8) = 0
6520  03:43:02 rt_sigaction(SIGINT, {SIG_DFL, [], SA_RESTORER, 0x7f618e133270}, NULL, 8) = 0
6520  03:43:02 rt_sigaction(SIGQUIT, {SIG_DFL, [], SA_RESTORER, 0x7f618e133270}, NULL, 8) = 0
6520  03:43:02 rt_sigaction(SIGPIPE, {SIG_IGN, [], SA_RESTORER, 0x7f618e133270}, NULL, 8) = 0
6520  03:43:02 rt_sigaction(SIGTERM, {SIG_DFL, [], SA_RESTORER, 0x7f618e133270}, NULL, 8) = 0
6520  03:43:02 rt_sigaction(SIGTSTP, {SIG_DFL, [], SA_RESTORER, 0x7f618e133270}, NULL, 8) = 0
6520  03:43:02 rt_sigaction(SIGTTIN, {SIG_DFL, [], SA_RESTORER, 0x7f618e133270}, NULL, 8) = 0
6520  03:43:02 rt_sigaction(SIGTTOU, {SIG_DFL, [], SA_RESTORER, 0x7f618e133270}, NULL, 8) = 0
6520  03:43:02 close(4)                 = 0
6520  03:43:02 write(3, "\215\360\33\356\262\361k\246j\371\317\352\211\30\207\314K\366\257\376\335\274\35#\3267`\261\2030\230V"..., 136) = 136
6520  03:43:02 select(4, [3], NULL, NULL, NULL) = 1 (in [3])
6520  03:43:02 read(3, "\363\5\271p\277\306\32\220\273P\0\257\rt\245\241\f\3\272?\250\357U\256", 8192) = 24
6520  03:43:02 dup(0)                   = 4
6520  03:43:02 dup(1)                   = 5
6520  03:43:02 dup(2)                   = 6
6520  03:43:02 ioctl(4, TCGETS, {B38400 opost isig icanon echo ...}) = 0
6520  03:43:02 ioctl(5, TCGETS, 0x7ffded5d40d0) = -1 ENOTTY (Inappropriate ioctl for device)
6520  03:43:02 fcntl(5, F_GETFL)        = 0x1 (flags O_WRONLY)
6520  03:43:02 fcntl(5, F_SETFL, O_WRONLY|O_NONBLOCK) = 0
6520  03:43:02 ioctl(6, TCGETS, {B38400 opost isig icanon echo ...}) = 0
6520  03:43:02 fcntl(4, F_SETFD, FD_CLOEXEC) = 0
6520  03:43:02 fcntl(5, F_SETFD, FD_CLOEXEC) = 0
6520  03:43:02 fcntl(6, F_SETFD, FD_CLOEXEC) = 0
6520  03:43:02 rt_sigaction(SIGHUP, NULL, {SIG_DFL, [], SA_RESTORER, 0x7f618e133270}, 8) = 0
6520  03:43:02 rt_sigaction(SIGHUP, {SIG_IGN, [], SA_RESTORER, 0x7f618e133270}, NULL, 8) = 0
6520  03:43:02 rt_sigaction(SIGHUP, NULL, {SIG_IGN, [], SA_RESTORER, 0x7f618e133270}, 8) = 0
6520  03:43:02 rt_sigaction(SIGHUP, {0x55870c9049f0, [], SA_RESTORER, 0x7f618e133270}, NULL, 8) = 0
6520  03:43:02 rt_sigaction(SIGINT, NULL, {SIG_DFL, [], SA_RESTORER, 0x7f618e133270}, 8) = 0
6520  03:43:02 rt_sigaction(SIGINT, {SIG_IGN, [], SA_RESTORER, 0x7f618e133270}, NULL, 8) = 0
6520  03:43:02 rt_sigaction(SIGINT, NULL, {SIG_IGN, [], SA_RESTORER, 0x7f618e133270}, 8) = 0
6520  03:43:02 rt_sigaction(SIGINT, {0x55870c9049f0, [], SA_RESTORER, 0x7f618e133270}, NULL, 8) = 0
6520  03:43:02 rt_sigaction(SIGQUIT, NULL, {SIG_DFL, [], SA_RESTORER, 0x7f618e133270}, 8) = 0
6520  03:43:02 rt_sigaction(SIGQUIT, {SIG_IGN, [], SA_RESTORER, 0x7f618e133270}, NULL, 8) = 0
6520  03:43:02 rt_sigaction(SIGQUIT, NULL, {SIG_IGN, [], SA_RESTORER, 0x7f618e133270}, 8) = 0
6520  03:43:02 rt_sigaction(SIGQUIT, {0x55870c9049f0, [], SA_RESTORER, 0x7f618e133270}, NULL, 8) = 0
6520  03:43:02 rt_sigaction(SIGTERM, NULL, {SIG_DFL, [], SA_RESTORER, 0x7f618e133270}, 8) = 0
6520  03:43:02 rt_sigaction(SIGTERM, {SIG_IGN, [], SA_RESTORER, 0x7f618e133270}, NULL, 8) = 0
6520  03:43:02 rt_sigaction(SIGTERM, NULL, {SIG_IGN, [], SA_RESTORER, 0x7f618e133270}, 8) = 0
6520  03:43:02 rt_sigaction(SIGTERM, {0x55870c9049f0, [], SA_RESTORER, 0x7f618e133270}, NULL, 8) = 0
6520  03:43:02 rt_sigaction(SIGWINCH, NULL, {SIG_DFL, [], 0}, 8) = 0
6520  03:43:02 rt_sigaction(SIGWINCH, {0x55870c904c80, [], SA_RESTORER, 0x7f618e133270}, NULL, 8) = 0
6520  03:43:02 ioctl(0, TCGETS, {B38400 opost isig icanon echo ...}) = 0
6520  03:43:02 ioctl(0, SNDCTL_TMR_STOP or TCSETSW, {B38400 -opost -isig -icanon -echo ...}) = 0
6520  03:43:02 clock_gettime(CLOCK_BOOTTIME, {669668, 753903502}) = 0
6520  03:43:02 clock_gettime(CLOCK_BOOTTIME, {669668, 753945066}) = 0
6520  03:43:02 select(7, [3], [3], NULL, NULL) = 1 (out [3])
6520  03:43:02 clock_gettime(CLOCK_BOOTTIME, {669668, 754040457}) = 0
6520  03:43:02 write(3, "\372\365Q\2053\250\312L}W\26288\363@\366\10\335\222\25-,Jj;5ctT\272\32\244"..., 112) = 112
6520  03:43:02 clock_gettime(CLOCK_BOOTTIME, {669668, 754128539}) = 0
6520  03:43:02 clock_gettime(CLOCK_BOOTTIME, {669668, 754167948}) = 0
6520  03:43:02 select(7, [3], [], NULL, NULL) = 1 (in [3])
6520  03:43:02 clock_gettime(CLOCK_BOOTTIME, {669668, 758231177}) = 0
6520  03:43:02 read(3, "\225\327\361C\276\222\fe\315\341K0W\334y\336c\242\274\233\352\364\206m\342j\2e\26S\262\207"..., 8192) = 40
6520  03:43:02 getsockopt(3, SOL_TCP, TCP_NODELAY, [0], [4]) = 0
6520  03:43:02 setsockopt(3, SOL_TCP, TCP_NODELAY, [1], 4) = 0
6520  03:43:02 getsockname(3, {sa_family=AF_INET, sin_port=htons(38504), sin_addr=inet_addr("10.5.0.222")}, [16]) = 0
6520  03:43:02 setsockopt(3, SOL_IP, IP_TOS, [16], 4) = 0
6520  03:43:02 ioctl(0, TIOCGWINSZ, {ws_row=24, ws_col=122, ws_xpixel=0, ws_ypixel=0}) = 0
6520  03:43:02 clock_gettime(CLOCK_BOOTTIME, {669668, 758553782}) = 0
6520  03:43:02 clock_gettime(CLOCK_BOOTTIME, {669668, 758591837}) = 0
6520  03:43:02 select(7, [3], [3], NULL, NULL) = 1 (out [3])
6520  03:43:02 clock_gettime(CLOCK_BOOTTIME, {669668, 758673238}) = 0
6520  03:43:02 write(3, "@\365\23h\37\3062\344\273\342\264'5e`\230\220\206Za\311A0@\363I\206\237\342\310\244\361"..., 368) = 368
6520  03:43:02 clock_gettime(CLOCK_BOOTTIME, {669668, 758763579}) = 0
6520  03:43:02 clock_gettime(CLOCK_BOOTTIME, {669668, 758802190}) = 0
6520  03:43:02 select(7, [3], [], NULL, NULL) = 1 (in [3])
6520  03:43:02 clock_gettime(CLOCK_BOOTTIME, {669668, 759300578}) = 0
6520  03:43:02 read(3, "\215\251\242\257\32j\262\34?\354\232\320\262\277!t)\366\321\3\36=\254\346\244\337\0\37N\33\rv"..., 8192) = 88
6520  03:43:02 clock_gettime(CLOCK_BOOTTIME, {669668, 759387062}) = 0
6520  03:43:02 clock_gettime(CLOCK_BOOTTIME, {669668, 759426362}) = 0
6520  03:43:02 select(7, [3 4], [], NULL, NULL) = 1 (in [3])
6520  03:43:02 clock_gettime(CLOCK_BOOTTIME, {669668, 765078190}) = 0
6520  03:43:02 read(3, "1\243\346\363\336m\345\220(\5\250\311\220y7\362\202\335n\304\236]\237W,KA\326Y\316\264K"..., 8192) = 152
6520  03:43:02 clock_gettime(CLOCK_BOOTTIME, {669668, 765173491}) = 0
6520  03:43:02 clock_gettime(CLOCK_BOOTTIME, {669668, 765212656}) = 0
6520  03:43:02 select(7, [3 4], [5], NULL, NULL) = 1 (out [5])
6520  03:43:02 clock_gettime(CLOCK_BOOTTIME, {669668, 765296405}) = 0
6520  03:43:02 write(5, "Last login: Fri Jun 22 11:41:26 "..., 111) = 111
6520  03:43:02 clock_gettime(CLOCK_BOOTTIME, {669668, 765384681}) = 0
6520  03:43:02 clock_gettime(CLOCK_BOOTTIME, {669668, 765423729}) = 0
6520  03:43:02 select(7, [3 4], [], NULL, NULL) = 1 (in [3])
6520  03:43:02 clock_gettime(CLOCK_BOOTTIME, {669668, 781075502}) = 0
6520  03:43:02 read(3, ":\373\204\276\313\276F\213O\363L+xH?\303O\310\321\272\300.e\325WFA\\+\250\311O"..., 8192) = 56
6520  03:43:02 clock_gettime(CLOCK_BOOTTIME, {669668, 781169247}) = 0
6520  03:43:02 clock_gettime(CLOCK_BOOTTIME, {669668, 781208531}) = 0
6520  03:43:02 select(7, [3 4], [5], NULL, NULL) = 1 (out [5])
6520  03:43:02 clock_gettime(CLOCK_BOOTTIME, {669668, 781291241}) = 0
6520  03:43:02 write(5, "[root@ali-p2p-h5-1 ~]# ", 23) = 23
6520  03:43:02 clock_gettime(CLOCK_BOOTTIME, {669668, 781375616}) = 0
6520  03:43:02 clock_gettime(CLOCK_BOOTTIME, {669668, 781413863}) = 0
6520  03:43:02 select(7, [3 4], [], NULL, NULL) = 1 (in [3])
6520  03:46:02 clock_gettime(CLOCK_BOOTTIME, {669848, 779864176}) = 0
6520  03:46:02 read(3, "\313N\210\23e\314\n\354\221\fM\30\301\366\325\266p}Z\275\316\20\201\274@\245\301\245X\351\373\34"..., 8192) = 232
6520  03:46:02 close(4)                 = 0
6520  03:46:02 clock_gettime(CLOCK_BOOTTIME, {669848, 780052610}) = 0
6520  03:46:02 clock_gettime(CLOCK_BOOTTIME, {669848, 780106363}) = 0
6520  03:46:02 select(7, [3], [5], NULL, NULL) = 1 (out [5])
6520  03:46:02 clock_gettime(CLOCK_BOOTTIME, {669848, 780202042}) = 0
6520  03:46:02 write(5, "\7timed out waiting for input: au"..., 43) = 43
6520  03:46:02 clock_gettime(CLOCK_BOOTTIME, {669848, 780301931}) = 0
6520  03:46:02 clock_gettime(CLOCK_BOOTTIME, {669848, 780345014}) = 0
6520  03:46:02 close(5)                 = 0
6520  03:46:02 ioctl(0, SNDCTL_TMR_STOP or TCSETSW, {B38400 opost isig icanon echo ...}) = 0
6520  03:46:02 close(6)                 = 0
6520  03:46:02 select(7, [3], [3], NULL, NULL) = 1 (out [3])
6520  03:46:02 clock_gettime(CLOCK_BOOTTIME, {669848, 780598534}) = 0
6520  03:46:02 write(3, "\341Y\33!K\211\220\20\222\264\313p[\202\252^\261\37\260\236\16\352f\351", 24) = 24
6520  03:46:02 rt_sigaction(SIGWINCH, NULL, {0x55870c904c80, [], SA_RESTORER, 0x7f618e133270}, 8) = 0
6520  03:46:02 rt_sigaction(SIGWINCH, {SIG_DFL, [], SA_RESTORER, 0x7f618e133270}, NULL, 8) = 0
6520  03:46:02 write(3, "\206\266B\330\203\10\307\232&\271\24G\240\347*\202\301\203\272\373\277\10^\341r\16\204#\326\367\234\""..., 56) = 56
6520  03:46:02 ioctl(0, TCGETS, {B38400 opost isig icanon echo ...}) = 0
6520  03:46:02 ioctl(1, TCGETS, 0x7ffded5d3fb0) = -1 ENOTTY (Inappropriate ioctl for device)
6520  03:46:02 fcntl(1, F_GETFL)        = 0x801 (flags O_WRONLY|O_NONBLOCK)
6520  03:46:02 fcntl(1, F_SETFL, O_WRONLY) = 0
6520  03:46:02 ioctl(2, TCGETS, {B38400 opost isig icanon echo ...}) = 0
6520  03:46:02 write(2, "Connection to 10.5.0.208 closed."..., 34) = 34
6520  03:46:02 shutdown(3, SHUT_RDWR)   = 0
6520  03:46:02 close(3)                 = 0
6520  03:46:02 write(1, "random tag:ufrlydjze7", 21) = 21
6520  03:46:02 exit_group(0)            = ?
6520  03:46:02 +++ exited with 0 +++
