27831 11:19:12 select(4, [3], NULL, NULL, NULL) = 1 (in [3])
27831 11:19:12 read(3, "\0\0\1\224\10\37\0\0\1\201\0\323#\r#ur\354\351\371#Xq^\272\303\244\330\237-kM"..., 8192) = 408
27831 11:19:12 write(3, "\0\0\1\214\6 \0\0\1\200u\350\363\357\21S%\305*\251n\0\277\22\332\225\rI\315\374\304\177"..., 400) = 400
27831 11:19:12 select(4, [3], NULL, NULL, NULL) = 1 (in [3])
27831 11:19:12 read(3, "\0\0\3\274\n!\0\0\1\25\0\0\0\7ssh-rsa\0\0\0\1#\0\0\1\1\0\264"..., 8192) = 976
27831 11:19:12 open("/root/.ssh/known_hosts", O_RDONLY) = 4
27831 11:19:12 fstat(4, {st_mode=S_IFREG|0644, st_size=1177, ...}) = 0
27831 11:19:12 mmap(NULL, 4096, PROT_READ|PROT_WRITE, MAP_PRIVATE|MAP_ANONYMOUS, -1, 0) = 0x7ff06fdfb000
27831 11:19:12 read(4, "172.19.0.36 ssh-rsa AAAAB3NzaC1y"..., 4096) = 1177
27831 11:19:12 read(4, "", 4096)        = 0
27831 11:19:12 close(4)                 = 0
27831 11:19:12 munmap(0x7ff06fdfb000, 4096) = 0
27831 11:19:12 open("/root/.ssh/known_hosts2", O_RDONLY) = -1 ENOENT (No such file or directory)
27831 11:19:12 open("/usr/local/openssh/etc/ssh_known_hosts", O_RDONLY) = -1 ENOENT (No such file or directory)
27831 11:19:12 open("/usr/local/openssh/etc/ssh_known_hosts2", O_RDONLY) = -1 ENOENT (No such file or directory)
27831 11:19:12 clock_gettime(CLOCK_BOOTTIME, {610638, 766305818}) = 0
27831 11:19:12 write(3, "\0\0\0\f\n\25\0\0\0\0\0\0\0\0\0\0", 16) = 16
27831 11:19:12 write(3, "\31\370\323\356\v\261\314V\22:\305\372\266\242\275\f\r2\374\265\313\260\221\225|\360\"\316\276~\300>"..., 40) = 40
27831 11:19:12 select(4, [3], NULL, NULL, NULL) = 1 (in [3])
27831 11:19:12 read(3, "\305k\340\2273\317w\v\271\24\244\355TR\377\370\327\333\367\374\301+\25\340\217\333C\16\236\244\250j"..., 8192) = 40
27831 11:19:12 write(3, "sS\316\242Q\307\2755\316\317\313V\245\314\354fm\240\242\347\3\264\323hA\266\317\7\0_\213\226"..., 56) = 56
27831 11:19:12 select(4, [3], NULL, NULL, NULL) = 1 (in [3])
27831 11:19:12 read(3, "\356bL\t\240\0\274\353\326\235\315P\351\347*\345f\232\7\1\0160~l\354\235i\34q\n7y"..., 8192) = 72
27831 11:19:12 stat("/root/.ssh/id_rsa", 0x7ffe49ff6e20) = -1 ENOENT (No such file or directory)
27831 11:19:12 stat("/root/.ssh/id_dsa", 0x7ffe49ff6e20) = -1 ENOENT (No such file or directory)
27831 11:19:12 stat("/root/.ssh/id_ecdsa", 0x7ffe49ff6e20) = -1 ENOENT (No such file or directory)
27831 11:19:12 stat("/root/.ssh/id_ed25519", 0x7ffe49ff6e20) = -1 ENOENT (No such file or directory)
27831 11:19:12 open("/dev/tty", O_RDWR) = 4
27831 11:19:12 close(4)                 = 0
27831 11:19:12 open("/dev/tty", O_RDWR) = 4
27831 11:19:12 ioctl(4, TCGETS, {B38400 opost isig icanon echo ...}) = 0
27831 11:19:12 ioctl(4, SNDCTL_TMR_CONTINUE or TCSETSF, {B38400 opost isig icanon -echo ...}) = 0
27831 11:19:12 rt_sigaction(SIGALRM, {0x55cffc46f0d0, [], SA_RESTORER, 0x7ff06e980270}, {SIG_DFL, [], 0}, 8) = 0
27831 11:19:12 rt_sigaction(SIGHUP, {0x55cffc46f0d0, [], SA_RESTORER, 0x7ff06e980270}, {SIG_DFL, [], 0}, 8) = 0
27831 11:19:12 rt_sigaction(SIGINT, {0x55cffc46f0d0, [], SA_RESTORER, 0x7ff06e980270}, {SIG_DFL, [], 0}, 8) = 0
27831 11:19:12 rt_sigaction(SIGPIPE, {0x55cffc46f0d0, [], SA_RESTORER, 0x7ff06e980270}, {SIG_IGN, [], SA_RESTORER, 0x7ff06e980270}, 8) = 0
27831 11:19:12 rt_sigaction(SIGQUIT, {0x55cffc46f0d0, [], SA_RESTORER, 0x7ff06e980270}, {SIG_DFL, [], 0}, 8) = 0
27831 11:19:12 rt_sigaction(SIGTERM, {0x55cffc46f0d0, [], SA_RESTORER, 0x7ff06e980270}, {SIG_DFL, [], 0}, 8) = 0
27831 11:19:12 rt_sigaction(SIGTSTP, {0x55cffc46f0d0, [], SA_RESTORER, 0x7ff06e980270}, {SIG_DFL, [], 0}, 8) = 0
27831 11:19:12 rt_sigaction(SIGTTIN, {0x55cffc46f0d0, [], SA_RESTORER, 0x7ff06e980270}, {SIG_DFL, [], 0}, 8) = 0
27831 11:19:12 rt_sigaction(SIGTTOU, {0x55cffc46f0d0, [], SA_RESTORER, 0x7ff06e980270}, {SIG_DFL, [], 0}, 8) = 0
27831 11:19:12 write(4, "root@10.5.0.208's password: ", 28) = 28
27831 11:19:12 read(4, "y", 1)          = 1
27831 11:19:12 read(4, "o", 1)          = 1
27831 11:19:12 read(4, "t", 1)          = 1
27831 11:19:12 read(4, "p", 1)          = 1
27831 11:19:12 read(4, "4", 1)          = 1
27831 11:19:12 read(4, "o", 1)          = 1
27831 11:19:12 read(4, "z", 1)          = 1
27831 11:19:12 read(4, "A", 1)          = 1
27831 11:19:12 read(4, "c", 1)          = 1
27831 11:19:12 read(4, "C", 1)          = 1
27831 11:19:12 read(4, "=", 1)          = 1
27831 11:19:12 read(4, "b", 1)          = 1
27831 11:19:12 read(4, "~", 1)          = 1
27831 11:19:12 read(4, "V", 1)          = 1
27831 11:19:12 read(4, "4", 1)          = 1
27831 11:19:12 read(4, "K", 1)          = 1
27831 11:19:12 read(4, "G", 1)          = 1
27831 11:19:12 read(4, "V", 1)          = 1
27831 11:19:12 read(4, "/", 1)          = 1
27831 11:19:12 read(4, "s", 1)          = 1
27831 11:19:12 read(4, "\n", 1)         = 1
27831 11:19:12 write(4, "\n", 1)        = 1
27831 11:19:12 ioctl(4, SNDCTL_TMR_CONTINUE or TCSETSF, {B38400 opost isig icanon echo ...}) = 0
27831 11:19:12 rt_sigaction(SIGALRM, {SIG_DFL, [], SA_RESTORER, 0x7ff06e980270}, NULL, 8) = 0
27831 11:19:12 rt_sigaction(SIGHUP, {SIG_DFL, [], SA_RESTORER, 0x7ff06e980270}, NULL, 8) = 0
27831 11:19:12 rt_sigaction(SIGINT, {SIG_DFL, [], SA_RESTORER, 0x7ff06e980270}, NULL, 8) = 0
27831 11:19:12 rt_sigaction(SIGQUIT, {SIG_DFL, [], SA_RESTORER, 0x7ff06e980270}, NULL, 8) = 0
27831 11:19:12 rt_sigaction(SIGPIPE, {SIG_IGN, [], SA_RESTORER, 0x7ff06e980270}, NULL, 8) = 0
27831 11:19:12 rt_sigaction(SIGTERM, {SIG_DFL, [], SA_RESTORER, 0x7ff06e980270}, NULL, 8) = 0
27831 11:19:12 rt_sigaction(SIGTSTP, {SIG_DFL, [], SA_RESTORER, 0x7ff06e980270}, NULL, 8) = 0
27831 11:19:12 rt_sigaction(SIGTTIN, {SIG_DFL, [], SA_RESTORER, 0x7ff06e980270}, NULL, 8) = 0
27831 11:19:12 rt_sigaction(SIGTTOU, {SIG_DFL, [], SA_RESTORER, 0x7ff06e980270}, NULL, 8) = 0
27831 11:19:12 close(4)                 = 0
27831 11:19:12 write(3, "\nt\370%\316F?\230\3749f[\302\21=\357b\246-\254\307?dW\201\274\240\323$\3278\""..., 136) = 136
27831 11:19:12 select(4, [3], NULL, NULL, NULL) = 1 (in [3])
27831 11:19:12 read(3, "\330.\327+\317\2334\34\313\272A-\315\37<\177\342\374yK\377\215\303\260", 8192) = 24
27831 11:19:12 dup(0)                   = 4
27831 11:19:12 dup(1)                   = 5
27831 11:19:12 dup(2)                   = 6
27831 11:19:12 ioctl(4, TCGETS, {B38400 opost isig icanon echo ...}) = 0
27831 11:19:12 ioctl(5, TCGETS, {B38400 opost isig icanon echo ...}) = 0
27831 11:19:12 ioctl(6, TCGETS, {B38400 opost isig icanon echo ...}) = 0
27831 11:19:12 fcntl(4, F_SETFD, FD_CLOEXEC) = 0
27831 11:19:12 fcntl(5, F_SETFD, FD_CLOEXEC) = 0
27831 11:19:12 fcntl(6, F_SETFD, FD_CLOEXEC) = 0
27831 11:19:12 rt_sigaction(SIGHUP, NULL, {SIG_DFL, [], SA_RESTORER, 0x7ff06e980270}, 8) = 0
27831 11:19:12 rt_sigaction(SIGHUP, {SIG_IGN, [], SA_RESTORER, 0x7ff06e980270}, NULL, 8) = 0
27831 11:19:12 rt_sigaction(SIGHUP, NULL, {SIG_IGN, [], SA_RESTORER, 0x7ff06e980270}, 8) = 0
27831 11:19:12 rt_sigaction(SIGHUP, {0x55cffc4179f0, [], SA_RESTORER, 0x7ff06e980270}, NULL, 8) = 0
27831 11:19:12 rt_sigaction(SIGINT, NULL, {SIG_DFL, [], SA_RESTORER, 0x7ff06e980270}, 8) = 0
27831 11:19:12 rt_sigaction(SIGINT, {SIG_IGN, [], SA_RESTORER, 0x7ff06e980270}, NULL, 8) = 0
27831 11:19:12 rt_sigaction(SIGINT, NULL, {SIG_IGN, [], SA_RESTORER, 0x7ff06e980270}, 8) = 0
27831 11:19:12 rt_sigaction(SIGINT, {0x55cffc4179f0, [], SA_RESTORER, 0x7ff06e980270}, NULL, 8) = 0
27831 11:19:12 rt_sigaction(SIGQUIT, NULL, {SIG_DFL, [], SA_RESTORER, 0x7ff06e980270}, 8) = 0
27831 11:19:12 rt_sigaction(SIGQUIT, {SIG_IGN, [], SA_RESTORER, 0x7ff06e980270}, NULL, 8) = 0
27831 11:19:12 rt_sigaction(SIGQUIT, NULL, {SIG_IGN, [], SA_RESTORER, 0x7ff06e980270}, 8) = 0
27831 11:19:12 rt_sigaction(SIGQUIT, {0x55cffc4179f0, [], SA_RESTORER, 0x7ff06e980270}, NULL, 8) = 0
27831 11:19:12 rt_sigaction(SIGTERM, NULL, {SIG_DFL, [], SA_RESTORER, 0x7ff06e980270}, 8) = 0
27831 11:19:12 rt_sigaction(SIGTERM, {SIG_IGN, [], SA_RESTORER, 0x7ff06e980270}, NULL, 8) = 0
27831 11:19:12 rt_sigaction(SIGTERM, NULL, {SIG_IGN, [], SA_RESTORER, 0x7ff06e980270}, 8) = 0
27831 11:19:12 rt_sigaction(SIGTERM, {0x55cffc4179f0, [], SA_RESTORER, 0x7ff06e980270}, NULL, 8) = 0
27831 11:19:12 rt_sigaction(SIGWINCH, NULL, {SIG_DFL, [], 0}, 8) = 0
27831 11:19:12 rt_sigaction(SIGWINCH, {0x55cffc417c80, [], SA_RESTORER, 0x7ff06e980270}, NULL, 8) = 0
27831 11:19:12 ioctl(0, TCGETS, {B38400 opost isig icanon echo ...}) = 0
27831 11:19:12 ioctl(0, SNDCTL_TMR_STOP or TCSETSW, {B38400 -opost -isig -icanon -echo ...}) = 0
27831 11:19:12 clock_gettime(CLOCK_BOOTTIME, {610638, 846847110}) = 0
27831 11:19:12 clock_gettime(CLOCK_BOOTTIME, {610638, 846892332}) = 0
27831 11:19:12 select(7, [3], [3], NULL, NULL) = 1 (out [3])
27831 11:19:12 clock_gettime(CLOCK_BOOTTIME, {610638, 846979565}) = 0
27831 11:19:12 write(3, "\22\306tYK\265\342\355 \300\367e\345\336\330.\245\321Y[V\310C\202\357R\332\16\233$\301\337"..., 112) = 112
27831 11:19:12 clock_gettime(CLOCK_BOOTTIME, {610638, 847081394}) = 0
27831 11:19:12 clock_gettime(CLOCK_BOOTTIME, {610638, 847122275}) = 0
27831 11:19:12 select(7, [3], [], NULL, NULL) = 1 (in [3])
27831 11:19:12 clock_gettime(CLOCK_BOOTTIME, {610638, 853401412}) = 0
27831 11:19:12 read(3, "\0340\33\306\177Ui\0005\227\234\31\206A\307\320jv\341\310x\227D\364L\37I\215\323\10+\1"..., 8192) = 40
27831 11:19:12 getsockopt(3, SOL_TCP, TCP_NODELAY, [0], [4]) = 0
27831 11:19:12 setsockopt(3, SOL_TCP, TCP_NODELAY, [1], 4) = 0
27831 11:19:12 getsockname(3, {sa_family=AF_INET, sin_port=htons(52394), sin_addr=inet_addr("10.5.0.222")}, [16]) = 0
27831 11:19:12 setsockopt(3, SOL_IP, IP_TOS, [16], 4) = 0
27831 11:19:12 ioctl(0, TIOCGWINSZ, {ws_row=45, ws_col=132, ws_xpixel=0, ws_ypixel=0}) = 0
27831 11:19:12 clock_gettime(CLOCK_BOOTTIME, {610638, 853777407}) = 0
27831 11:19:12 clock_gettime(CLOCK_BOOTTIME, {610638, 853818414}) = 0
27831 11:19:12 select(7, [3], [3], NULL, NULL) = 1 (out [3])
27831 11:19:12 clock_gettime(CLOCK_BOOTTIME, {610638, 853905978}) = 0
27831 11:19:12 write(3, "~/B\237t!\362f#\\\252L\374^kA`\246\364:!\24\2710^\210\221\343\273\23\230i"..., 368) = 368
27831 11:19:12 clock_gettime(CLOCK_BOOTTIME, {610638, 854010284}) = 0
27831 11:19:12 clock_gettime(CLOCK_BOOTTIME, {610638, 854055192}) = 0
27831 11:19:12 select(7, [3], [], NULL, NULL) = 1 (in [3])
27831 11:19:12 clock_gettime(CLOCK_BOOTTIME, {610638, 854590821}) = 0
27831 11:19:12 read(3, "\310\370|8\211\365\212\273\5\366\374\270\340\16Z8H'\231\202\326\250-\251\256\6\241'e\345jU"..., 8192) = 88
27831 11:19:12 clock_gettime(CLOCK_BOOTTIME, {610638, 854684515}) = 0
27831 11:19:12 clock_gettime(CLOCK_BOOTTIME, {610638, 854731336}) = 0
27831 11:19:12 select(7, [3 4], [], NULL, NULL) = 1 (in [3])
27831 11:19:12 clock_gettime(CLOCK_BOOTTIME, {610638, 859280270}) = 0
27831 11:19:12 read(3, "\337]\30\245_\345yn/\365\254w\256T\270\31\323\252\375\233\232\373\355C\214\375\211\232Z\364\266X"..., 8192) = 152
27831 11:19:12 clock_gettime(CLOCK_BOOTTIME, {610638, 859377536}) = 0
27831 11:19:12 clock_gettime(CLOCK_BOOTTIME, {610638, 859419642}) = 0
27831 11:19:12 select(7, [3 4], [5], NULL, NULL) = 1 (out [5])
27831 11:19:12 clock_gettime(CLOCK_BOOTTIME, {610638, 859508765}) = 0
27831 11:19:12 write(5, "Last login: Thu Jun 21 19:16:33 "..., 111) = 111
27831 11:19:12 clock_gettime(CLOCK_BOOTTIME, {610638, 859647654}) = 0
27831 11:19:12 clock_gettime(CLOCK_BOOTTIME, {610638, 859689436}) = 0
27831 11:19:12 select(7, [3 4], [], NULL, NULL) = 1 (in [3])
27831 11:19:12 clock_gettime(CLOCK_BOOTTIME, {610638, 875324226}) = 0
27831 11:19:12 read(3, "\367\\\317B\350,\307u\0\201t\267Y\222\23g\342\23\261\334\356\365T\201\213q\274h*\222\336\270"..., 8192) = 56
27831 11:19:12 clock_gettime(CLOCK_BOOTTIME, {610638, 875472066}) = 0
27831 11:19:12 clock_gettime(CLOCK_BOOTTIME, {610638, 875525514}) = 0
27831 11:19:12 select(7, [3 4], [5], NULL, NULL) = 1 (out [5])
27831 11:19:12 clock_gettime(CLOCK_BOOTTIME, {610638, 875613311}) = 0
27831 11:19:12 write(5, "[root@ali-p2p-h5-1 ~]# ", 23) = 23
27831 11:19:12 clock_gettime(CLOCK_BOOTTIME, {610638, 875747205}) = 0
27831 11:19:12 clock_gettime(CLOCK_BOOTTIME, {610638, 875787126}) = 0
27831 11:19:12 select(7, [3 4], [], NULL, NULL) = 1 (in [3])
27831 11:22:12 clock_gettime(CLOCK_BOOTTIME, {610818, 875455244}) = 0
27831 11:22:12 read(3, "q\227\323\364\214\371\34 \360\232\256Y\325\375\3761\334\25\224\364\302\324\342\r\332\250\222\342\f\245E\235"..., 8192) = 232
27831 11:22:12 close(4)                 = 0
27831 11:22:12 clock_gettime(CLOCK_BOOTTIME, {610818, 875695465}) = 0
27831 11:22:12 clock_gettime(CLOCK_BOOTTIME, {610818, 875738640}) = 0
27831 11:22:12 select(7, [3], [5], NULL, NULL) = 1 (out [5])
27831 11:22:12 clock_gettime(CLOCK_BOOTTIME, {610818, 875843814}) = 0
27831 11:22:12 write(5, "\7timed out waiting for input: au"..., 43) = 43
27831 11:22:12 clock_gettime(CLOCK_BOOTTIME, {610818, 875987624}) = 0
27831 11:22:12 clock_gettime(CLOCK_BOOTTIME, {610818, 876047249}) = 0
27831 11:22:12 close(5)                 = 0
27831 11:22:12 ioctl(0, SNDCTL_TMR_STOP or TCSETSW, {B38400 opost isig icanon echo ...}) = 0
27831 11:22:12 close(6)                 = 0
27831 11:22:12 select(7, [3], [3], NULL, NULL) = 1 (out [3])
27831 11:22:12 clock_gettime(CLOCK_BOOTTIME, {610818, 876295278}) = 0
27831 11:22:12 write(3, "{\334B\3\273\302~\261H\307\6\16\322\25[!'\0101\0350\257\353\212", 24) = 24
27831 11:22:12 rt_sigaction(SIGWINCH, NULL, {0x55cffc417c80, [], SA_RESTORER, 0x7ff06e980270}, 8) = 0
27831 11:22:12 rt_sigaction(SIGWINCH, {SIG_DFL, [], SA_RESTORER, 0x7ff06e980270}, NULL, 8) = 0
27831 11:22:12 write(3, "\306\314\367\311}\316t\337\200\242\363\2\343\277\317\267\345\326\270\216\23o\357^\37N\3109\215H\212y"..., 56) = 56
27831 11:22:12 ioctl(0, TCGETS, {B38400 opost isig icanon echo ...}) = 0
27831 11:22:12 ioctl(1, TCGETS, {B38400 opost isig icanon echo ...}) = 0
27831 11:22:12 ioctl(2, TCGETS, {B38400 opost isig icanon echo ...}) = 0
27831 11:22:12 write(2, "Connection to 10.5.0.208 closed."..., 34) = 34
27831 11:22:12 shutdown(3, SHUT_RDWR)   = 0
27831 11:22:12 close(3)                 = 0
27831 11:22:12 write(1, "random tag:9t8hsf0b2y", 21) = 21
27831 11:22:12 exit_group(0)            = ?
27831 11:22:12 +++ exited with 0 +++
