6143  03:39:18 clock_gettime(CLOCK_BOOTTIME, {669444, 823384653}) = 0
6143  03:39:18 write(3, "\0\0\0\f\n\25\0\0\0\0\0\0\0\0\0\0", 16) = 16
6143  03:39:18 write(3, "\222\\\36Ds\334\257l\234!;\2446l\247G\331<{\217\320CA\30\261\367\222\4T#\21\354"..., 40) = 40
6143  03:39:18 select(4, [3], NULL, NULL, NULL) = 1 (in [3])
6143  03:39:18 read(3, "\314\336\312\16KQ\345X\327\177\16\363\225\240{P\24N\277\301\210\323%Sr\264\307b\314Y\302\352"..., 8192) = 40
6143  03:39:18 write(3, "=\342\232\201\"\3\361:\33d\303\206\3040:w\261\2\221#@#\20_T\275X\4[0hx"..., 56) = 56
6143  03:39:18 select(4, [3], NULL, NULL, NULL) = 1 (in [3])
6143  03:39:18 read(3, "u\250\310\2*\331&\335\363f\334\301_\314\273\277\34dq\317\10\324\261V\tf\257{v\244QM"..., 8192) = 72
6143  03:39:18 stat("/root/.ssh/id_rsa", 0x7ffebd0cbc90) = -1 ENOENT (No such file or directory)
6143  03:39:18 stat("/root/.ssh/id_dsa", 0x7ffebd0cbc90) = -1 ENOENT (No such file or directory)
6143  03:39:18 stat("/root/.ssh/id_ecdsa", 0x7ffebd0cbc90) = -1 ENOENT (No such file or directory)
6143  03:39:18 stat("/root/.ssh/id_ed25519", 0x7ffebd0cbc90) = -1 ENOENT (No such file or directory)
6143  03:39:18 open("/dev/tty", O_RDWR) = 4
6143  03:39:18 close(4)                 = 0
6143  03:39:18 open("/dev/tty", O_RDWR) = 4
6143  03:39:18 ioctl(4, TCGETS, {B38400 opost isig icanon echo ...}) = 0
6143  03:39:18 ioctl(4, SNDCTL_TMR_CONTINUE or TCSETSF, {B38400 opost isig icanon -echo ...}) = 0
6143  03:39:18 rt_sigaction(SIGALRM, {0x5566558370d0, [], SA_RESTORER, 0x7fd68e151270}, {SIG_DFL, [], 0}, 8) = 0
6143  03:39:18 rt_sigaction(SIGHUP, {0x5566558370d0, [], SA_RESTORER, 0x7fd68e151270}, {SIG_DFL, [], 0}, 8) = 0
6143  03:39:18 rt_sigaction(SIGINT, {0x5566558370d0, [], SA_RESTORER, 0x7fd68e151270}, {SIG_DFL, [], 0}, 8) = 0
6143  03:39:18 rt_sigaction(SIGPIPE, {0x5566558370d0, [], SA_RESTORER, 0x7fd68e151270}, {SIG_IGN, [], SA_RESTORER, 0x7fd68e151270}, 8) = 0
6143  03:39:18 rt_sigaction(SIGQUIT, {0x5566558370d0, [], SA_RESTORER, 0x7fd68e151270}, {SIG_DFL, [], 0}, 8) = 0
6143  03:39:18 rt_sigaction(SIGTERM, {0x5566558370d0, [], SA_RESTORER, 0x7fd68e151270}, {SIG_DFL, [], 0}, 8) = 0
6143  03:39:18 rt_sigaction(SIGTSTP, {0x5566558370d0, [], SA_RESTORER, 0x7fd68e151270}, {SIG_DFL, [], 0}, 8) = 0
6143  03:39:18 rt_sigaction(SIGTTIN, {0x5566558370d0, [], SA_RESTORER, 0x7fd68e151270}, {SIG_DFL, [], 0}, 8) = 0
6143  03:39:18 rt_sigaction(SIGTTOU, {0x5566558370d0, [], SA_RESTORER, 0x7fd68e151270}, {SIG_DFL, [], 0}, 8) = 0
6143  03:39:18 write(4, "root@10.5.0.208's password: ", 28) = 28
6143  03:39:18 read(4, "y", 1)          = 1
6143  03:39:18 read(4, "o", 1)          = 1
6143  03:39:18 read(4, "t", 1)          = 1
6143  03:39:18 read(4, "p", 1)          = 1
6143  03:39:18 read(4, "4", 1)          = 1
6143  03:39:18 read(4, "o", 1)          = 1
6143  03:39:18 read(4, "z", 1)          = 1
6143  03:39:18 read(4, "A", 1)          = 1
6143  03:39:18 read(4, "c", 1)          = 1
6143  03:39:18 read(4, "C", 1)          = 1
6143  03:39:18 read(4, "=", 1)          = 1
6143  03:39:18 read(4, "b", 1)          = 1
6143  03:39:18 read(4, "~", 1)          = 1
6143  03:39:18 read(4, "V", 1)          = 1
6143  03:39:18 read(4, "4", 1)          = 1
6143  03:39:18 read(4, "K", 1)          = 1
6143  03:39:18 read(4, "G", 1)          = 1
6143  03:39:18 read(4, "V", 1)          = 1
6143  03:39:18 read(4, "/", 1)          = 1
6143  03:39:18 read(4, "s", 1)          = 1
6143  03:39:18 read(4, "\n", 1)         = 1
6143  03:39:18 write(4, "\n", 1)        = 1
6143  03:39:18 ioctl(4, SNDCTL_TMR_CONTINUE or TCSETSF, {B38400 opost isig icanon echo ...}) = 0
6143  03:39:18 rt_sigaction(SIGALRM, {SIG_DFL, [], SA_RESTORER, 0x7fd68e151270}, NULL, 8) = 0
6143  03:39:18 rt_sigaction(SIGHUP, {SIG_DFL, [], SA_RESTORER, 0x7fd68e151270}, NULL, 8) = 0
6143  03:39:18 rt_sigaction(SIGINT, {SIG_DFL, [], SA_RESTORER, 0x7fd68e151270}, NULL, 8) = 0
6143  03:39:18 rt_sigaction(SIGQUIT, {SIG_DFL, [], SA_RESTORER, 0x7fd68e151270}, NULL, 8) = 0
6143  03:39:18 rt_sigaction(SIGPIPE, {SIG_IGN, [], SA_RESTORER, 0x7fd68e151270}, NULL, 8) = 0
6143  03:39:18 rt_sigaction(SIGTERM, {SIG_DFL, [], SA_RESTORER, 0x7fd68e151270}, NULL, 8) = 0
6143  03:39:18 rt_sigaction(SIGTSTP, {SIG_DFL, [], SA_RESTORER, 0x7fd68e151270}, NULL, 8) = 0
6143  03:39:18 rt_sigaction(SIGTTIN, {SIG_DFL, [], SA_RESTORER, 0x7fd68e151270}, NULL, 8) = 0
6143  03:39:18 rt_sigaction(SIGTTOU, {SIG_DFL, [], SA_RESTORER, 0x7fd68e151270}, NULL, 8) = 0
6143  03:39:18 close(4)                 = 0
6143  03:39:18 write(3, "l\t\23L\342\317/\3\217\35\377\254\30A\237W\310\203r2,\356;\177.E\326\233\340\205~\\"..., 136) = 136
6143  03:39:18 select(4, [3], NULL, NULL, NULL) = 1 (in [3])
6143  03:39:18 read(3, "\341\275\3258v\306\34a\241\372\20\\;\25\307\0\1778\26\202\21\4Yi", 8192) = 24
6143  03:39:18 dup(0)                   = 4
6143  03:39:18 dup(1)                   = 5
6143  03:39:18 dup(2)                   = 6
6143  03:39:18 ioctl(4, TCGETS, {B38400 opost isig icanon echo ...}) = 0
6143  03:39:18 ioctl(5, TCGETS, 0x7ffebd0cc0a0) = -1 ENOTTY (Inappropriate ioctl for device)
6143  03:39:18 fcntl(5, F_GETFL)        = 0x1 (flags O_WRONLY)
6143  03:39:18 fcntl(5, F_SETFL, O_WRONLY|O_NONBLOCK) = 0
6143  03:39:18 ioctl(6, TCGETS, 0x7ffebd0cc0a0) = -1 ENOTTY (Inappropriate ioctl for device)
6143  03:39:18 fcntl(6, F_GETFL)        = 0x1 (flags O_WRONLY)
6143  03:39:18 fcntl(6, F_SETFL, O_WRONLY|O_NONBLOCK) = 0
6143  03:39:18 fcntl(4, F_SETFD, FD_CLOEXEC) = 0
6143  03:39:18 fcntl(5, F_SETFD, FD_CLOEXEC) = 0
6143  03:39:18 fcntl(6, F_SETFD, FD_CLOEXEC) = 0
6143  03:39:18 rt_sigaction(SIGHUP, NULL, {SIG_DFL, [], SA_RESTORER, 0x7fd68e151270}, 8) = 0
6143  03:39:18 rt_sigaction(SIGHUP, {SIG_IGN, [], SA_RESTORER, 0x7fd68e151270}, NULL, 8) = 0
6143  03:39:18 rt_sigaction(SIGHUP, NULL, {SIG_IGN, [], SA_RESTORER, 0x7fd68e151270}, 8) = 0
6143  03:39:18 rt_sigaction(SIGHUP, {0x5566557df9f0, [], SA_RESTORER, 0x7fd68e151270}, NULL, 8) = 0
6143  03:39:18 rt_sigaction(SIGINT, NULL, {SIG_DFL, [], SA_RESTORER, 0x7fd68e151270}, 8) = 0
6143  03:39:18 rt_sigaction(SIGINT, {SIG_IGN, [], SA_RESTORER, 0x7fd68e151270}, NULL, 8) = 0
6143  03:39:18 rt_sigaction(SIGINT, NULL, {SIG_IGN, [], SA_RESTORER, 0x7fd68e151270}, 8) = 0
6143  03:39:18 rt_sigaction(SIGINT, {0x5566557df9f0, [], SA_RESTORER, 0x7fd68e151270}, NULL, 8) = 0
6143  03:39:18 rt_sigaction(SIGQUIT, NULL, {SIG_DFL, [], SA_RESTORER, 0x7fd68e151270}, 8) = 0
6143  03:39:18 rt_sigaction(SIGQUIT, {SIG_IGN, [], SA_RESTORER, 0x7fd68e151270}, NULL, 8) = 0
6143  03:39:18 rt_sigaction(SIGQUIT, NULL, {SIG_IGN, [], SA_RESTORER, 0x7fd68e151270}, 8) = 0
6143  03:39:18 rt_sigaction(SIGQUIT, {0x5566557df9f0, [], SA_RESTORER, 0x7fd68e151270}, NULL, 8) = 0
6143  03:39:18 rt_sigaction(SIGTERM, NULL, {SIG_DFL, [], SA_RESTORER, 0x7fd68e151270}, 8) = 0
6143  03:39:18 rt_sigaction(SIGTERM, {SIG_IGN, [], SA_RESTORER, 0x7fd68e151270}, NULL, 8) = 0
6143  03:39:18 rt_sigaction(SIGTERM, NULL, {SIG_IGN, [], SA_RESTORER, 0x7fd68e151270}, 8) = 0
6143  03:39:18 rt_sigaction(SIGTERM, {0x5566557df9f0, [], SA_RESTORER, 0x7fd68e151270}, NULL, 8) = 0
6143  03:39:18 rt_sigaction(SIGWINCH, NULL, {SIG_DFL, [], 0}, 8) = 0
6143  03:39:18 rt_sigaction(SIGWINCH, {0x5566557dfc80, [], SA_RESTORER, 0x7fd68e151270}, NULL, 8) = 0
6143  03:39:18 ioctl(0, TCGETS, {B38400 opost isig icanon echo ...}) = 0
6143  03:39:18 ioctl(0, SNDCTL_TMR_STOP or TCSETSW, {B38400 -opost -isig -icanon -echo ...}) = 0
6143  03:39:18 clock_gettime(CLOCK_BOOTTIME, {669444, 898477175}) = 0
6143  03:39:18 clock_gettime(CLOCK_BOOTTIME, {669444, 898520504}) = 0
6143  03:39:18 select(7, [3], [3], NULL, NULL) = 1 (out [3])
6143  03:39:18 clock_gettime(CLOCK_BOOTTIME, {669444, 898609659}) = 0
6143  03:39:18 write(3, "\321B\343\207\216\365\322\344IYh:#\323\223/u\36<\30f:w(H\3748A\31\251\364\16"..., 112) = 112
6143  03:39:18 clock_gettime(CLOCK_BOOTTIME, {669444, 898701402}) = 0
6143  03:39:18 clock_gettime(CLOCK_BOOTTIME, {669444, 898741899}) = 0
6143  03:39:18 select(7, [3], [], NULL, NULL) = 1 (in [3])
6143  03:39:18 clock_gettime(CLOCK_BOOTTIME, {669444, 902163457}) = 0
6143  03:39:18 read(3, "\272z\2571\220i]\21\357\177*rx\341\327\360\270f\35\212\221\3441/\356\235\341\372\363w\300\270"..., 8192) = 40
6143  03:39:18 getsockopt(3, SOL_TCP, TCP_NODELAY, [0], [4]) = 0
6143  03:39:18 setsockopt(3, SOL_TCP, TCP_NODELAY, [1], 4) = 0
6143  03:39:18 getsockname(3, {sa_family=AF_INET, sin_port=htons(36340), sin_addr=inet_addr("10.5.0.222")}, [16]) = 0
6143  03:39:18 setsockopt(3, SOL_IP, IP_TOS, [16], 4) = 0
6143  03:39:18 ioctl(0, TIOCGWINSZ, {ws_row=24, ws_col=122, ws_xpixel=0, ws_ypixel=0}) = 0
6143  03:39:18 clock_gettime(CLOCK_BOOTTIME, {669444, 902510112}) = 0
6143  03:39:18 clock_gettime(CLOCK_BOOTTIME, {669444, 902551018}) = 0
6143  03:39:18 select(7, [3], [3], NULL, NULL) = 1 (out [3])
6143  03:39:18 clock_gettime(CLOCK_BOOTTIME, {669444, 902637125}) = 0
6143  03:39:18 write(3, "\255[L\33p\377b\374\25\301\247W\305\314t\201R/q\f\270PR\240|w\361\210d\364\224c"..., 368) = 368
6143  03:39:18 clock_gettime(CLOCK_BOOTTIME, {669444, 902733449}) = 0
6143  03:39:18 clock_gettime(CLOCK_BOOTTIME, {669444, 902774556}) = 0
6143  03:39:18 select(7, [3], [], NULL, NULL) = 1 (in [3])
6143  03:39:18 clock_gettime(CLOCK_BOOTTIME, {669444, 903285544}) = 0
6143  03:39:18 read(3, "GC5\203>i\3321\321n\"X\10)\36\3\2536\256\217z\236\312\\\272W\300d\2729\366\372"..., 8192) = 88
6143  03:39:18 clock_gettime(CLOCK_BOOTTIME, {669444, 903376241}) = 0
6143  03:39:18 clock_gettime(CLOCK_BOOTTIME, {669444, 903417302}) = 0
6143  03:39:18 select(7, [3 4], [], NULL, NULL) = 1 (in [3])
6143  03:39:18 clock_gettime(CLOCK_BOOTTIME, {669444, 908293890}) = 0
6143  03:39:18 read(3, "r\f\226\246\330\236\361\233\21j\273\\\t\"!~\336\342\221}&\32\213\330\"\245\1\t\f\317--"..., 8192) = 152
6143  03:39:18 clock_gettime(CLOCK_BOOTTIME, {669444, 908396105}) = 0
6143  03:39:18 clock_gettime(CLOCK_BOOTTIME, {669444, 908438640}) = 0
6143  03:39:18 select(7, [3 4], [5], NULL, NULL) = 1 (out [5])
6143  03:39:18 clock_gettime(CLOCK_BOOTTIME, {669444, 908532675}) = 0
6143  03:39:18 write(5, "Last login: Fri Jun 22 11:36:36 "..., 111) = 111
6143  03:39:18 clock_gettime(CLOCK_BOOTTIME, {669444, 908672029}) = 0
6143  03:39:18 clock_gettime(CLOCK_BOOTTIME, {669444, 908713096}) = 0
6143  03:39:18 select(7, [3 4], [], NULL, NULL) = 1 (in [3])
6143  03:39:18 clock_gettime(CLOCK_BOOTTIME, {669444, 924303124}) = 0
6143  03:39:18 read(3, "\n\177{\370\320X\303 lX\34A\231M\372qGp\361\226\376\r\n%\\$\213\0023\216\276\265"..., 8192) = 56
6143  03:39:18 clock_gettime(CLOCK_BOOTTIME, {669444, 924418518}) = 0
6143  03:39:18 clock_gettime(CLOCK_BOOTTIME, {669444, 924472323}) = 0
6143  03:39:18 select(7, [3 4], [5], NULL, NULL) = 1 (out [5])
6143  03:39:18 clock_gettime(CLOCK_BOOTTIME, {669444, 924556131}) = 0
6143  03:39:18 write(5, "[root@ali-p2p-h5-1 ~]# ", 23) = 23
6143  03:39:18 clock_gettime(CLOCK_BOOTTIME, {669444, 924663960}) = 0
6143  03:39:18 clock_gettime(CLOCK_BOOTTIME, {669444, 924704298}) = 0
6143  03:39:18 select(7, [3 4], [], NULL, NULL) = 1 (in [4])
6143  03:39:20 clock_gettime(CLOCK_BOOTTIME, {669447, 574866997}) = 0
6143  03:39:20 read(4, "\r", 16384)     = 1
6143  03:39:20 clock_gettime(CLOCK_BOOTTIME, {669447, 574989847}) = 0
6143  03:39:20 clock_gettime(CLOCK_BOOTTIME, {669447, 575045625}) = 0
6143  03:39:20 select(7, [3 4], [3], NULL, NULL) = 1 (out [3])
6143  03:39:20 clock_gettime(CLOCK_BOOTTIME, {669447, 575139279}) = 0
6143  03:39:20 write(3, "\266\211\363\340\207*\231#\276F\204\224\275\321N\236\311\251\324\265\360\237C\230,\326G\"\315rEj"..., 40) = 40
6143  03:39:20 clock_gettime(CLOCK_BOOTTIME, {669447, 575239328}) = 0
6143  03:39:20 clock_gettime(CLOCK_BOOTTIME, {669447, 575280931}) = 0
6143  03:39:20 select(7, [3 4], [], NULL, NULL) = 1 (in [3])
6143  03:39:20 clock_gettime(CLOCK_BOOTTIME, {669447, 577454102}) = 0
6143  03:39:20 read(3, "\214\26\240\301\314\2104\20\3779\235\322NTv\254\332<\332/\7\335\276k\21\254\306\226zTAJ"..., 8192) = 40
6143  03:39:20 clock_gettime(CLOCK_BOOTTIME, {669447, 577543801}) = 0
6143  03:39:20 clock_gettime(CLOCK_BOOTTIME, {669447, 577585834}) = 0
6143  03:39:20 select(7, [3 4], [5], NULL, NULL) = 1 (out [5])
6143  03:39:20 clock_gettime(CLOCK_BOOTTIME, {669447, 577674573}) = 0
6143  03:39:20 write(5, "\r\n", 2)      = 2
6143  03:39:20 clock_gettime(CLOCK_BOOTTIME, {669447, 577765420}) = 0
6143  03:39:20 clock_gettime(CLOCK_BOOTTIME, {669447, 577786808}) = 0
6143  03:39:20 select(7, [3 4], [], NULL, NULL) = 1 (in [3])
6143  03:39:20 clock_gettime(CLOCK_BOOTTIME, {669447, 581316522}) = 0
6143  03:39:20 read(3, "\320[\207\10;U\200\241S\255\270\222,\320\246j\16\244?\337\23|\344*u\265\253u\207\321\322/"..., 8192) = 56
6143  03:39:20 clock_gettime(CLOCK_BOOTTIME, {669447, 581410774}) = 0
6143  03:39:20 clock_gettime(CLOCK_BOOTTIME, {669447, 581458594}) = 0
6143  03:39:20 select(7, [3 4], [5], NULL, NULL) = 1 (out [5])
6143  03:39:20 clock_gettime(CLOCK_BOOTTIME, {669447, 581546877}) = 0
6143  03:39:20 write(5, "[root@ali-p2p-h5-1 ~]# ", 23) = 23
6143  03:39:20 clock_gettime(CLOCK_BOOTTIME, {669447, 581618123}) = 0
6143  03:39:20 clock_gettime(CLOCK_BOOTTIME, {669447, 581647369}) = 0
6143  03:39:20 select(7, [3 4], [], NULL, NULL) = 1 (in [4])
6143  03:39:21 clock_gettime(CLOCK_BOOTTIME, {669447, 927674137}) = 0
6143  03:39:21 read(4, "\r", 16384)     = 1
6143  03:39:21 clock_gettime(CLOCK_BOOTTIME, {669447, 927785415}) = 0
6143  03:39:21 clock_gettime(CLOCK_BOOTTIME, {669447, 927827550}) = 0
6143  03:39:21 select(7, [3 4], [3], NULL, NULL) = 1 (out [3])
6143  03:39:21 clock_gettime(CLOCK_BOOTTIME, {669447, 927918110}) = 0
6143  03:39:21 write(3, "v\2269\316L\323h\237\4\236\360\303K\323\2\3060\343F\345u6(\200<\355\201\315\252\302\"1"..., 40) = 40
6143  03:39:21 clock_gettime(CLOCK_BOOTTIME, {669447, 928023984}) = 0
6143  03:39:21 clock_gettime(CLOCK_BOOTTIME, {669447, 928064572}) = 0
6143  03:39:21 select(7, [3 4], [], NULL, NULL) = 1 (in [3])
6143  03:39:21 clock_gettime(CLOCK_BOOTTIME, {669447, 930340943}) = 0
6143  03:39:21 read(3, "\207\25\244^\344\216\261Q\24\251\33\312\240v\334x[\372Z\202\5\355\374@\245\265\256\275i\272\266'"..., 8192) = 40
6143  03:39:21 clock_gettime(CLOCK_BOOTTIME, {669447, 930432072}) = 0
6143  03:39:21 clock_gettime(CLOCK_BOOTTIME, {669447, 930481596}) = 0
6143  03:39:21 select(7, [3 4], [5], NULL, NULL) = 1 (out [5])
6143  03:39:21 clock_gettime(CLOCK_BOOTTIME, {669447, 930567423}) = 0
6143  03:39:21 write(5, "\r\n", 2)      = 2
6143  03:39:21 clock_gettime(CLOCK_BOOTTIME, {669447, 930644725}) = 0
6143  03:39:21 clock_gettime(CLOCK_BOOTTIME, {669447, 930665793}) = 0
6143  03:39:21 select(7, [3 4], [], NULL, NULL) = 1 (in [3])
6143  03:39:21 clock_gettime(CLOCK_BOOTTIME, {669447, 935063779}) = 0
6143  03:39:21 read(3, "\371\325\177\372\340\272\3241\t\344[uzn\330\35\302\205|\37A\31\311td\200\\\361\330\370\374\32"..., 8192) = 56
6143  03:39:21 clock_gettime(CLOCK_BOOTTIME, {669447, 935154209}) = 0
6143  03:39:21 clock_gettime(CLOCK_BOOTTIME, {669447, 935194905}) = 0
6143  03:39:21 select(7, [3 4], [5], NULL, NULL) = 1 (out [5])
6143  03:39:21 clock_gettime(CLOCK_BOOTTIME, {669447, 935282745}) = 0
6143  03:39:21 write(5, "[root@ali-p2p-h5-1 ~]# ", 23) = 23
6143  03:39:21 clock_gettime(CLOCK_BOOTTIME, {669447, 935354330}) = 0
6143  03:39:21 clock_gettime(CLOCK_BOOTTIME, {669447, 935392960}) = 0
6143  03:39:21 select(7, [3 4], [], NULL, NULL) = 1 (in [4])
6143  03:39:21 clock_gettime(CLOCK_BOOTTIME, {669448, 231940066}) = 0
6143  03:39:21 read(4, "\r", 16384)     = 1
6143  03:39:21 clock_gettime(CLOCK_BOOTTIME, {669448, 232047943}) = 0
6143  03:39:21 clock_gettime(CLOCK_BOOTTIME, {669448, 232090192}) = 0
6143  03:39:21 select(7, [3 4], [3], NULL, NULL) = 1 (out [3])
6143  03:39:21 clock_gettime(CLOCK_BOOTTIME, {669448, 232179116}) = 0
6143  03:39:21 write(3, "\212\370\215\357\35\220\364_\334\313k\10n\304\210R\3011\32Q\255i\205\372\307@iF\211\224\302\273"..., 40) = 40
6143  03:39:21 clock_gettime(CLOCK_BOOTTIME, {669448, 232273951}) = 0
6143  03:39:21 clock_gettime(CLOCK_BOOTTIME, {669448, 232316717}) = 0
6143  03:39:21 select(7, [3 4], [], NULL, NULL) = 1 (in [3])
6143  03:39:21 clock_gettime(CLOCK_BOOTTIME, {669448, 234067637}) = 0
6143  03:39:21 read(3, "7\352{\202\354\361=\335X\247\243FO\202\nxj\302\304\f\4\10m\346IQ\222\304*\340\25\312"..., 8192) = 40
6143  03:39:21 clock_gettime(CLOCK_BOOTTIME, {669448, 234165293}) = 0
6143  03:39:21 clock_gettime(CLOCK_BOOTTIME, {669448, 234206020}) = 0
6143  03:39:21 select(7, [3 4], [5], NULL, NULL) = 1 (out [5])
6143  03:39:21 clock_gettime(CLOCK_BOOTTIME, {669448, 234292351}) = 0
6143  03:39:21 write(5, "\r\n", 2)      = 2
6143  03:39:21 clock_gettime(CLOCK_BOOTTIME, {669448, 234364911}) = 0
6143  03:39:21 clock_gettime(CLOCK_BOOTTIME, {669448, 234385949}) = 0
6143  03:39:21 select(7, [3 4], [], NULL, NULL) = 1 (in [3])
6143  03:39:21 clock_gettime(CLOCK_BOOTTIME, {669448, 239310303}) = 0
6143  03:39:21 read(3, "\24$\223*\371\226\241U4\204\223SB\306\177(\211\2428\364\264\335\346O\300\254Eq\207\6\2542"..., 8192) = 56
6143  03:39:21 clock_gettime(CLOCK_BOOTTIME, {669448, 239399700}) = 0
6143  03:39:21 clock_gettime(CLOCK_BOOTTIME, {669448, 239440305}) = 0
6143  03:39:21 select(7, [3 4], [5], NULL, NULL) = 1 (out [5])
6143  03:39:21 clock_gettime(CLOCK_BOOTTIME, {669448, 239535574}) = 0
6143  03:39:21 write(5, "[root@ali-p2p-h5-1 ~]# ", 23) = 23
6143  03:39:21 clock_gettime(CLOCK_BOOTTIME, {669448, 239606057}) = 0
6143  03:39:21 clock_gettime(CLOCK_BOOTTIME, {669448, 239644829}) = 0
6143  03:39:21 select(7, [3 4], [], NULL, NULL) = 1 (in [4])
6143  03:39:21 clock_gettime(CLOCK_BOOTTIME, {669448, 510991135}) = 0
6143  03:39:21 read(4, "\r", 16384)     = 1
6143  03:39:21 clock_gettime(CLOCK_BOOTTIME, {669448, 511107947}) = 0
6143  03:39:21 clock_gettime(CLOCK_BOOTTIME, {669448, 511149988}) = 0
6143  03:39:21 select(7, [3 4], [3], NULL, NULL) = 1 (out [3])
6143  03:39:21 clock_gettime(CLOCK_BOOTTIME, {669448, 511239935}) = 0
6143  03:39:21 write(3, "\372\230\t\24Z\230\210\37\177!\177L\2233\252\256%\373\16\214\205B\265\233\227\220\350\210\2270sH"..., 40) = 40
6143  03:39:21 clock_gettime(CLOCK_BOOTTIME, {669448, 511336594}) = 0
6143  03:39:21 clock_gettime(CLOCK_BOOTTIME, {669448, 511378550}) = 0
6143  03:39:21 select(7, [3 4], [], NULL, NULL) = 1 (in [3])
6143  03:39:21 clock_gettime(CLOCK_BOOTTIME, {669448, 513334837}) = 0
6143  03:39:21 read(3, "\360o\232b\310nUH\177\312NK\307\211[}j8\5_\377\211-\24\5,\356f\4\0026S"..., 8192) = 40
6143  03:39:21 clock_gettime(CLOCK_BOOTTIME, {669448, 513426072}) = 0
6143  03:39:21 clock_gettime(CLOCK_BOOTTIME, {669448, 513476633}) = 0
6143  03:39:21 select(7, [3 4], [5], NULL, NULL) = 1 (out [5])
6143  03:39:21 clock_gettime(CLOCK_BOOTTIME, {669448, 513565517}) = 0
6143  03:39:21 write(5, "\r\n", 2)      = 2
6143  03:39:21 clock_gettime(CLOCK_BOOTTIME, {669448, 513641301}) = 0
6143  03:39:21 clock_gettime(CLOCK_BOOTTIME, {669448, 513664020}) = 0
6143  03:39:21 select(7, [3 4], [], NULL, NULL) = 1 (in [3])
6143  03:39:21 clock_gettime(CLOCK_BOOTTIME, {669448, 517307525}) = 0
6143  03:39:21 read(3, "F\363\260\207\f\303\360\\\222tbB9b85(\270\3069\2048\23\217\371\243\304\330\306\223\370\301"..., 8192) = 56
6143  03:39:21 clock_gettime(CLOCK_BOOTTIME, {669448, 517397251}) = 0
6143  03:39:21 clock_gettime(CLOCK_BOOTTIME, {669448, 517437051}) = 0
6143  03:39:21 select(7, [3 4], [5], NULL, NULL) = 1 (out [5])
6143  03:39:21 clock_gettime(CLOCK_BOOTTIME, {669448, 517533102}) = 0
6143  03:39:21 write(5, "[root@ali-p2p-h5-1 ~]# ", 23) = 23
6143  03:39:21 clock_gettime(CLOCK_BOOTTIME, {669448, 517603428}) = 0
6143  03:39:21 clock_gettime(CLOCK_BOOTTIME, {669448, 517645167}) = 0
6143  03:39:21 select(7, [3 4], [], NULL, NULL) = 1 (in [4])
6143  03:40:13 clock_gettime(CLOCK_BOOTTIME, {669500, 70402034}) = 0
6143  03:40:13 read(4, "f", 16384)      = 1
6143  03:40:13 clock_gettime(CLOCK_BOOTTIME, {669500, 70540833}) = 0
6143  03:40:13 clock_gettime(CLOCK_BOOTTIME, {669500, 70584140}) = 0
6143  03:40:13 select(7, [3 4], [3], NULL, NULL) = 1 (out [3])
6143  03:40:13 clock_gettime(CLOCK_BOOTTIME, {669500, 70677762}) = 0
6143  03:40:13 write(3, "\214\\\203\30\347\273%7\t\1e\334FfX\264\251R\264\322\227eY\225l\35\214\320\327D\313U"..., 40) = 40
6143  03:40:13 clock_gettime(CLOCK_BOOTTIME, {669500, 70778533}) = 0
6143  03:40:13 clock_gettime(CLOCK_BOOTTIME, {669500, 70821181}) = 0
6143  03:40:13 select(7, [3 4], [], NULL, NULL) = 1 (in [3])
6143  03:40:13 clock_gettime(CLOCK_BOOTTIME, {669500, 72326639}) = 0
6143  03:40:13 read(3, "\fo@\336&D\276\334\34\234\263\315\\\351\250n\3776\10\25\7!\307\342\264\215\320\325{%DB"..., 8192) = 40
6143  03:40:13 clock_gettime(CLOCK_BOOTTIME, {669500, 72421841}) = 0
6143  03:40:13 clock_gettime(CLOCK_BOOTTIME, {669500, 72471428}) = 0
6143  03:40:13 select(7, [3 4], [5], NULL, NULL) = 1 (out [5])
6143  03:40:13 clock_gettime(CLOCK_BOOTTIME, {669500, 72560364}) = 0
6143  03:40:13 write(5, "f", 1)         = 1
6143  03:40:13 clock_gettime(CLOCK_BOOTTIME, {669500, 72642451}) = 0
6143  03:40:13 clock_gettime(CLOCK_BOOTTIME, {669500, 72664044}) = 0
6143  03:40:13 select(7, [3 4], [], NULL, NULL) = 1 (in [4])
6143  03:40:13 clock_gettime(CLOCK_BOOTTIME, {669500, 136301092}) = 0
6143  03:40:13 read(4, "a", 16384)      = 1
6143  03:40:13 clock_gettime(CLOCK_BOOTTIME, {669500, 136435523}) = 0
6143  03:40:13 clock_gettime(CLOCK_BOOTTIME, {669500, 136490529}) = 0
6143  03:40:13 select(7, [3 4], [3], NULL, NULL) = 1 (out [3])
6143  03:40:13 clock_gettime(CLOCK_BOOTTIME, {669500, 136581973}) = 0
6143  03:40:13 write(3, "(\3212\215\313_\26\5\342\261\203\226\254o\235\352\3\16\221>\274\267\\\371\354~\353\302S\272\267$"..., 40) = 40
6143  03:40:13 clock_gettime(CLOCK_BOOTTIME, {669500, 136678456}) = 0
6143  03:40:13 clock_gettime(CLOCK_BOOTTIME, {669500, 136719070}) = 0
6143  03:40:13 select(7, [3 4], [], NULL, NULL) = 1 (in [3])
6143  03:40:13 clock_gettime(CLOCK_BOOTTIME, {669500, 138299340}) = 0
6143  03:40:13 read(3, "\\'%\fQ\230\250X\213q\243\221\327\253\272\f\345Z\364\324\202+/?\276\375g\213\240\231\346\25"..., 8192) = 40
6143  03:40:13 clock_gettime(CLOCK_BOOTTIME, {669500, 138391680}) = 0
6143  03:40:13 clock_gettime(CLOCK_BOOTTIME, {669500, 138431945}) = 0
6143  03:40:13 select(7, [3 4], [5], NULL, NULL) = 1 (out [5])
6143  03:40:13 clock_gettime(CLOCK_BOOTTIME, {669500, 138526804}) = 0
6143  03:40:13 write(5, "a", 1)         = 1
6143  03:40:13 clock_gettime(CLOCK_BOOTTIME, {669500, 138603429}) = 0
6143  03:40:13 clock_gettime(CLOCK_BOOTTIME, {669500, 138623562}) = 0
6143  03:40:13 select(7, [3 4], [], NULL, NULL) = 1 (in [4])
6143  03:40:13 clock_gettime(CLOCK_BOOTTIME, {669500, 168085478}) = 0
6143  03:40:13 read(4, "s", 16384)      = 1
6143  03:40:13 clock_gettime(CLOCK_BOOTTIME, {669500, 168186321}) = 0
6143  03:40:13 clock_gettime(CLOCK_BOOTTIME, {669500, 168229313}) = 0
6143  03:40:13 select(7, [3 4], [3], NULL, NULL) = 1 (out [3])
6143  03:40:13 clock_gettime(CLOCK_BOOTTIME, {669500, 168319306}) = 0
6143  03:40:13 write(3, "@\33Sk\311\33\231\32\264\207>R\310\25\340\311\4\327Q\364\277\271~+(\262\245\312\21\314\23<"..., 40) = 40
6143  03:40:13 clock_gettime(CLOCK_BOOTTIME, {669500, 168414507}) = 0
6143  03:40:13 clock_gettime(CLOCK_BOOTTIME, {669500, 168463202}) = 0
6143  03:40:13 select(7, [3 4], [], NULL, NULL) = 1 (in [3])
6143  03:40:13 clock_gettime(CLOCK_BOOTTIME, {669500, 170314075}) = 0
6143  03:40:13 read(3, "Tlc\275\311\313\367\322\221v\364E\36\t\243\325\3055\206\262\307\32f\306\10\237\216\253\330\205\352\251"..., 8192) = 40
6143  03:40:13 clock_gettime(CLOCK_BOOTTIME, {669500, 170403262}) = 0
6143  03:40:13 clock_gettime(CLOCK_BOOTTIME, {669500, 170442878}) = 0
6143  03:40:13 select(7, [3 4], [5], NULL, NULL) = 1 (out [5])
6143  03:40:13 clock_gettime(CLOCK_BOOTTIME, {669500, 170535262}) = 0
6143  03:40:13 write(5, "s", 1)         = 1
6143  03:40:13 clock_gettime(CLOCK_BOOTTIME, {669500, 170607600}) = 0
6143  03:40:13 clock_gettime(CLOCK_BOOTTIME, {669500, 170628693}) = 0
6143  03:40:13 select(7, [3 4], [], NULL, NULL) = 1 (in [4])
6143  03:40:13 clock_gettime(CLOCK_BOOTTIME, {669500, 214925998}) = 0
6143  03:40:13 read(4, "d", 16384)      = 1
6143  03:40:13 clock_gettime(CLOCK_BOOTTIME, {669500, 215038605}) = 0
6143  03:40:13 clock_gettime(CLOCK_BOOTTIME, {669500, 215080546}) = 0
6143  03:40:13 select(7, [3 4], [3], NULL, NULL) = 1 (out [3])
6143  03:40:13 clock_gettime(CLOCK_BOOTTIME, {669500, 215168841}) = 0
6143  03:40:13 write(3, "\255\6{\255\270*\210\217\4_(\250\331B\206rNb\360*2tVW!\">H7\34\266\225"..., 40) = 40
6143  03:40:13 clock_gettime(CLOCK_BOOTTIME, {669500, 215434256}) = 0
6143  03:40:13 clock_gettime(CLOCK_BOOTTIME, {669500, 215482325}) = 0
6143  03:40:13 select(7, [3 4], [], NULL, NULL) = 1 (in [3])
6143  03:40:13 clock_gettime(CLOCK_BOOTTIME, {669500, 217303865}) = 0
6143  03:40:13 read(3, "\r\257\335\312\324|H\177\24\264\231Og|\327\242\31\10\331f\210}Z8\353@>P\246\342\0218"..., 8192) = 40
6143  03:40:13 clock_gettime(CLOCK_BOOTTIME, {669500, 217392398}) = 0
6143  03:40:13 clock_gettime(CLOCK_BOOTTIME, {669500, 217433607}) = 0
6143  03:40:13 select(7, [3 4], [5], NULL, NULL) = 1 (out [5])
6143  03:40:13 clock_gettime(CLOCK_BOOTTIME, {669500, 217525918}) = 0
6143  03:40:13 write(5, "d", 1)         = 1
6143  03:40:13 clock_gettime(CLOCK_BOOTTIME, {669500, 217597730}) = 0
6143  03:40:13 clock_gettime(CLOCK_BOOTTIME, {669500, 217619784}) = 0
6143  03:40:13 select(7, [3 4], [], NULL, NULL) = 1 (in [4])
6143  03:40:13 clock_gettime(CLOCK_BOOTTIME, {669500, 415306520}) = 0
6143  03:40:13 read(4, "\r", 16384)     = 1
6143  03:40:13 clock_gettime(CLOCK_BOOTTIME, {669500, 415402796}) = 0
6143  03:40:13 clock_gettime(CLOCK_BOOTTIME, {669500, 415441998}) = 0
6143  03:40:13 select(7, [3 4], [3], NULL, NULL) = 1 (out [3])
6143  03:40:13 clock_gettime(CLOCK_BOOTTIME, {669500, 415550392}) = 0
6143  03:40:13 write(3, "\202\211\350\312\\\253k\222\257\233\2565 C\335W\33\342\354\355\4aM}\20&=%\320\243\v5"..., 40) = 40
6143  03:40:13 clock_gettime(CLOCK_BOOTTIME, {669500, 415645004}) = 0
6143  03:40:13 clock_gettime(CLOCK_BOOTTIME, {669500, 415686338}) = 0
6143  03:40:13 select(7, [3 4], [], NULL, NULL) = 1 (in [3])
6143  03:40:13 clock_gettime(CLOCK_BOOTTIME, {669500, 417399400}) = 0
6143  03:40:13 read(3, "\326\276f\302\361r<\2\277f4x\\!T\265K==5\0\305\303\346\7MY\262\246\1K\267"..., 8192) = 40
6143  03:40:13 clock_gettime(CLOCK_BOOTTIME, {669500, 417494080}) = 0
6143  03:40:13 clock_gettime(CLOCK_BOOTTIME, {669500, 417535078}) = 0
6143  03:40:13 select(7, [3 4], [5], NULL, NULL) = 1 (out [5])
6143  03:40:13 clock_gettime(CLOCK_BOOTTIME, {669500, 417623255}) = 0
6143  03:40:13 write(5, "\r\n", 2)      = 2
6143  03:40:13 clock_gettime(CLOCK_BOOTTIME, {669500, 417743721}) = 0
6143  03:40:13 clock_gettime(CLOCK_BOOTTIME, {669500, 417786755}) = 0
6143  03:40:13 select(7, [3 4], [], NULL, NULL) = 1 (in [3])
6143  03:40:13 clock_gettime(CLOCK_BOOTTIME, {669500, 419071508}) = 0
6143  03:40:13 read(3, "\220\222\27\233<\334\203\25\361\236\221x\227\1\10\300h\333-\267\240\204\277>3\20v\3777|W?"..., 8192) = 72
6143  03:40:13 clock_gettime(CLOCK_BOOTTIME, {669500, 419163753}) = 0
6143  03:40:13 clock_gettime(CLOCK_BOOTTIME, {669500, 419206268}) = 0
6143  03:40:13 select(7, [3 4], [5], NULL, NULL) = 1 (out [5])
6143  03:40:13 clock_gettime(CLOCK_BOOTTIME, {669500, 419295704}) = 0
6143  03:40:13 write(5, "-bash: fasd: command not found\r\n", 32) = 32
6143  03:40:13 clock_gettime(CLOCK_BOOTTIME, {669500, 419402994}) = 0
6143  03:40:13 clock_gettime(CLOCK_BOOTTIME, {669500, 419444547}) = 0
6143  03:40:13 select(7, [3 4], [], NULL, NULL) = 1 (in [3])
6143  03:40:13 clock_gettime(CLOCK_BOOTTIME, {669500, 423317501}) = 0
6143  03:40:13 read(3, "\207\212x\255\240=\366\313\222\351\"\4o\224\252\364\302\312i\361%\25 &\36\375\207I\355O\277\237"..., 8192) = 56
6143  03:40:13 clock_gettime(CLOCK_BOOTTIME, {669500, 423409624}) = 0
6143  03:40:13 clock_gettime(CLOCK_BOOTTIME, {669500, 423455754}) = 0
6143  03:40:13 select(7, [3 4], [5], NULL, NULL) = 1 (out [5])
6143  03:40:13 clock_gettime(CLOCK_BOOTTIME, {669500, 423544031}) = 0
6143  03:40:13 write(5, "[root@ali-p2p-h5-1 ~]# ", 23) = 23
6143  03:40:13 clock_gettime(CLOCK_BOOTTIME, {669500, 423656019}) = 0
6143  03:40:13 clock_gettime(CLOCK_BOOTTIME, {669500, 423698361}) = 0
6143  03:40:13 select(7, [3 4], [], NULL, NULL) = 1 (in [4])
6143  03:40:14 clock_gettime(CLOCK_BOOTTIME, {669501, 46646465}) = 0
6143  03:40:14 read(4, "f", 16384)      = 1
6143  03:40:14 clock_gettime(CLOCK_BOOTTIME, {669501, 46787476}) = 0
6143  03:40:14 clock_gettime(CLOCK_BOOTTIME, {669501, 46830046}) = 0
6143  03:40:14 select(7, [3 4], [3], NULL, NULL) = 1 (out [3])
6143  03:40:14 clock_gettime(CLOCK_BOOTTIME, {669501, 46930486}) = 0
6143  03:40:14 write(3, "\3\\B\275WB2@n\231\245}\214E\\#\36\246\206-C\215r\357\257\361\322\350\214\31o\200"..., 40) = 40
6143  03:40:14 clock_gettime(CLOCK_BOOTTIME, {669501, 47031775}) = 0
6143  03:40:14 clock_gettime(CLOCK_BOOTTIME, {669501, 47073820}) = 0
6143  03:40:14 select(7, [3 4], [], NULL, NULL) = 1 (in [3])
6143  03:40:14 clock_gettime(CLOCK_BOOTTIME, {669501, 49316979}) = 0
6143  03:40:14 read(3, "\221\324\222\271\374<,\205\243\237-\252N\260\5c\354\266\1\4+G\331\200\265\377\345fw\341S\325"..., 8192) = 40
6143  03:40:14 clock_gettime(CLOCK_BOOTTIME, {669501, 49410108}) = 0
6143  03:40:14 clock_gettime(CLOCK_BOOTTIME, {669501, 49459062}) = 0
6143  03:40:14 select(7, [3 4], [5], NULL, NULL) = 1 (out [5])
6143  03:40:14 clock_gettime(CLOCK_BOOTTIME, {669501, 49549398}) = 0
6143  03:40:14 write(5, "f", 1)         = 1
6143  03:40:14 clock_gettime(CLOCK_BOOTTIME, {669501, 49687427}) = 0
6143  03:40:14 clock_gettime(CLOCK_BOOTTIME, {669501, 49730205}) = 0
6143  03:40:14 select(7, [3 4], [], NULL, NULL) = 1 (in [4])
6143  03:40:14 clock_gettime(CLOCK_BOOTTIME, {669501, 86612795}) = 0
6143  03:40:14 read(4, "a", 16384)      = 1
6143  03:40:14 clock_gettime(CLOCK_BOOTTIME, {669501, 86715327}) = 0
6143  03:40:14 clock_gettime(CLOCK_BOOTTIME, {669501, 86757928}) = 0
6143  03:40:14 select(7, [3 4], [3], NULL, NULL) = 1 (out [3])
6143  03:40:14 clock_gettime(CLOCK_BOOTTIME, {669501, 86847211}) = 0
6143  03:40:14 write(3, "\304\331\257+\214n\364\325\216T\301\217\346\31\364\22\374\237\\\370\225\n*p4\235LLC\22qy"..., 40) = 40
6143  03:40:14 clock_gettime(CLOCK_BOOTTIME, {669501, 86943758}) = 0
6143  03:40:14 clock_gettime(CLOCK_BOOTTIME, {669501, 86984733}) = 0
6143  03:40:14 select(7, [3 4], [], NULL, NULL) = 1 (in [3])
6143  03:40:14 clock_gettime(CLOCK_BOOTTIME, {669501, 89312314}) = 0
6143  03:40:14 read(3, "\253\247\240':t\355\316\373\322q\364\3\352\35\222KC\264\265%u\334\263O\254\237\336jH\262\277"..., 8192) = 40
6143  03:40:14 clock_gettime(CLOCK_BOOTTIME, {669501, 89404314}) = 0
6143  03:40:14 clock_gettime(CLOCK_BOOTTIME, {669501, 89446407}) = 0
6143  03:40:14 select(7, [3 4], [5], NULL, NULL) = 1 (out [5])
6143  03:40:14 clock_gettime(CLOCK_BOOTTIME, {669501, 89539167}) = 0
6143  03:40:14 write(5, "a", 1)         = 1
6143  03:40:14 clock_gettime(CLOCK_BOOTTIME, {669501, 89614233}) = 0
6143  03:40:14 clock_gettime(CLOCK_BOOTTIME, {669501, 89643600}) = 0
6143  03:40:14 select(7, [3 4], [], NULL, NULL) = 1 (in [4])
6143  03:40:14 clock_gettime(CLOCK_BOOTTIME, {669501, 111026652}) = 0
6143  03:40:14 read(4, "s", 16384)      = 1
6143  03:40:14 clock_gettime(CLOCK_BOOTTIME, {669501, 111127300}) = 0
6143  03:40:14 clock_gettime(CLOCK_BOOTTIME, {669501, 111169616}) = 0
6143  03:40:14 select(7, [3 4], [3], NULL, NULL) = 1 (out [3])
6143  03:40:14 clock_gettime(CLOCK_BOOTTIME, {669501, 111260779}) = 0
6143  03:40:14 write(3, "3\207;\336\373\301,y}\267\310\320H\316\336\371\365\3607\324U\314\205\274E\345\17U\332\25\227\27"..., 40) = 40
6143  03:40:14 clock_gettime(CLOCK_BOOTTIME, {669501, 111354159}) = 0
6143  03:40:14 clock_gettime(CLOCK_BOOTTIME, {669501, 111395974}) = 0
6143  03:40:14 select(7, [3 4], [], NULL, NULL) = 1 (in [3])
6143  03:40:14 clock_gettime(CLOCK_BOOTTIME, {669501, 113328075}) = 0
6143  03:40:14 read(3, "|m\255\235H\221\267\256\331\341\351\\\10\204g\353\26h\317;\326\220\32\275'hTQ\344\330\16\316"..., 8192) = 40
6143  03:40:14 clock_gettime(CLOCK_BOOTTIME, {669501, 113419483}) = 0
6143  03:40:14 clock_gettime(CLOCK_BOOTTIME, {669501, 113470287}) = 0
6143  03:40:14 select(7, [3 4], [5], NULL, NULL) = 1 (out [5])
6143  03:40:14 clock_gettime(CLOCK_BOOTTIME, {669501, 113558588}) = 0
6143  03:40:14 write(5, "s", 1)         = 1
6143  03:40:14 clock_gettime(CLOCK_BOOTTIME, {669501, 113631538}) = 0
6143  03:40:14 clock_gettime(CLOCK_BOOTTIME, {669501, 113668564}) = 0
6143  03:40:14 select(7, [3 4], [], NULL, NULL) = 1 (in [4])
6143  03:40:14 clock_gettime(CLOCK_BOOTTIME, {669501, 134476568}) = 0
6143  03:40:14 read(4, "d", 16384)      = 1
6143  03:40:14 clock_gettime(CLOCK_BOOTTIME, {669501, 134619475}) = 0
6143  03:40:14 clock_gettime(CLOCK_BOOTTIME, {669501, 134660417}) = 0
6143  03:40:14 select(7, [3 4], [3], NULL, NULL) = 1 (out [3])
6143  03:40:14 clock_gettime(CLOCK_BOOTTIME, {669501, 134758260}) = 0
6143  03:40:14 write(3, "\364\331\352\1+\"\265\261W\307x<bxu_4p\365\226\277\275\202S[\34\240Z\215\327\355E"..., 40) = 40
6143  03:40:14 clock_gettime(CLOCK_BOOTTIME, {669501, 134849854}) = 0
6143  03:40:14 clock_gettime(CLOCK_BOOTTIME, {669501, 134890006}) = 0
6143  03:40:14 select(7, [3 4], [], NULL, NULL) = 1 (in [3])
6143  03:40:14 clock_gettime(CLOCK_BOOTTIME, {669501, 136306594}) = 0
6143  03:40:14 read(3, "\363\301\345\\pP\366t\322\255\7\362\276\2703\314\266\214f\304:M\220\232\256\245 \272\20|\36\16"..., 8192) = 40
6143  03:40:14 clock_gettime(CLOCK_BOOTTIME, {669501, 136394294}) = 0
6143  03:40:14 clock_gettime(CLOCK_BOOTTIME, {669501, 136434780}) = 0
6143  03:40:14 select(7, [3 4], [5], NULL, NULL) = 1 (out [5])
6143  03:40:14 clock_gettime(CLOCK_BOOTTIME, {669501, 136521392}) = 0
6143  03:40:14 write(5, "d", 1)         = 1
6143  03:40:14 clock_gettime(CLOCK_BOOTTIME, {669501, 136592129}) = 0
6143  03:40:14 clock_gettime(CLOCK_BOOTTIME, {669501, 136621159}) = 0
6143  03:40:14 select(7, [3 4], [], NULL, NULL) = 1 (in [4])
6143  03:40:21 clock_gettime(CLOCK_BOOTTIME, {669508, 517029186}) = 0
6143  03:40:21 read(4, "", 16384)       = 0
6143  03:40:21 close(4)                 = 0
6143  03:40:21 clock_gettime(CLOCK_BOOTTIME, {669508, 517119356}) = 0
