2555  02:54:07 select(4, [3], NULL, NULL, NULL) = 1 (in [3])
2555  02:54:07 read(3, "\0\0\3\274\n!\0\0\1\25\0\0\0\7ssh-rsa\0\0\0\1#\0\0\1\1\0\264"..., 8192) = 976
2555  02:54:07 open("/root/.ssh/known_hosts", O_RDONLY) = 4
2555  02:54:07 fstat(4, {st_mode=S_IFREG|0644, st_size=1177, ...}) = 0
2555  02:54:07 mmap(NULL, 4096, PROT_READ|PROT_WRITE, MAP_PRIVATE|MAP_ANONYMOUS, -1, 0) = 0x7fc3d85f0000
2555  02:54:07 read(4, "172.19.0.36 ssh-rsa AAAAB3NzaC1y"..., 4096) = 1177
2555  02:54:07 read(4, "", 4096)        = 0
2555  02:54:07 close(4)                 = 0
2555  02:54:07 munmap(0x7fc3d85f0000, 4096) = 0
2555  02:54:07 open("/root/.ssh/known_hosts2", O_RDONLY) = -1 ENOENT (No such file or directory)
2555  02:54:07 open("/usr/local/openssh/etc/ssh_known_hosts", O_RDONLY) = -1 ENOENT (No such file or directory)
2555  02:54:07 open("/usr/local/openssh/etc/ssh_known_hosts2", O_RDONLY) = -1 ENOENT (No such file or directory)
2555  02:54:07 clock_gettime(CLOCK_BOOTTIME, {666734, 410482626}) = 0
2555  02:54:07 write(3, "\0\0\0\f\n\25\0\0\0\0\0\0\0\0\0\0", 16) = 16
2555  02:54:07 write(3, "\1L\10\370\354\200\250\272\334#E\331\331\263\376\232\31\255\24\32\36421\344pL\260\rS\340\227\r"..., 40) = 40
2555  02:54:07 select(4, [3], NULL, NULL, NULL) = 1 (in [3])
2555  02:54:07 read(3, "\255\240\275\260.\224t@\377\323\335m\21w\321M\342\\R3\267\321P8U=cG\226\341ve"..., 8192) = 40
2555  02:54:07 write(3, "\2109ys\225m\211\264t|\"\1\271/>\355\201*Jg\347\374Do<\265\321\214\307H1\317"..., 56) = 56
2555  02:54:07 select(4, [3], NULL, NULL, NULL) = 1 (in [3])
2555  02:54:07 read(3, "\216=v1\206p\322L\35\205\311=^\322\356\321[\2168\3425m\250\311\272\331\353\377\230\372\254\""..., 8192) = 72
2555  02:54:07 stat("/root/.ssh/id_rsa", 0x7ffee5725450) = -1 ENOENT (No such file or directory)
2555  02:54:07 stat("/root/.ssh/id_dsa", 0x7ffee5725450) = -1 ENOENT (No such file or directory)
2555  02:54:07 stat("/root/.ssh/id_ecdsa", 0x7ffee5725450) = -1 ENOENT (No such file or directory)
2555  02:54:07 stat("/root/.ssh/id_ed25519", 0x7ffee5725450) = -1 ENOENT (No such file or directory)
2555  02:54:07 open("/dev/tty", O_RDWR) = 4
2555  02:54:07 close(4)                 = 0
2555  02:54:07 open("/dev/tty", O_RDWR) = 4
2555  02:54:07 ioctl(4, TCGETS, {B38400 opost isig icanon echo ...}) = 0
2555  02:54:07 ioctl(4, SNDCTL_TMR_CONTINUE or TCSETSF, {B38400 opost isig icanon -echo ...}) = 0
2555  02:54:07 rt_sigaction(SIGALRM, {0x55a84e0f00d0, [], SA_RESTORER, 0x7fc3d7175270}, {SIG_DFL, [], 0}, 8) = 0
2555  02:54:07 rt_sigaction(SIGHUP, {0x55a84e0f00d0, [], SA_RESTORER, 0x7fc3d7175270}, {SIG_DFL, [], 0}, 8) = 0
2555  02:54:07 rt_sigaction(SIGINT, {0x55a84e0f00d0, [], SA_RESTORER, 0x7fc3d7175270}, {SIG_DFL, [], 0}, 8) = 0
2555  02:54:07 rt_sigaction(SIGPIPE, {0x55a84e0f00d0, [], SA_RESTORER, 0x7fc3d7175270}, {SIG_IGN, [], SA_RESTORER, 0x7fc3d7175270}, 8) = 0
2555  02:54:07 rt_sigaction(SIGQUIT, {0x55a84e0f00d0, [], SA_RESTORER, 0x7fc3d7175270}, {SIG_DFL, [], 0}, 8) = 0
2555  02:54:07 rt_sigaction(SIGTERM, {0x55a84e0f00d0, [], SA_RESTORER, 0x7fc3d7175270}, {SIG_DFL, [], 0}, 8) = 0
2555  02:54:07 rt_sigaction(SIGTSTP, {0x55a84e0f00d0, [], SA_RESTORER, 0x7fc3d7175270}, {SIG_DFL, [], 0}, 8) = 0
2555  02:54:07 rt_sigaction(SIGTTIN, {0x55a84e0f00d0, [], SA_RESTORER, 0x7fc3d7175270}, {SIG_DFL, [], 0}, 8) = 0
2555  02:54:07 rt_sigaction(SIGTTOU, {0x55a84e0f00d0, [], SA_RESTORER, 0x7fc3d7175270}, {SIG_DFL, [], 0}, 8) = 0
2555  02:54:07 write(4, "root@10.5.0.208's password: ", 28) = 28
2555  02:54:07 read(4, "y", 1)          = 1
2555  02:54:07 read(4, "o", 1)          = 1
2555  02:54:07 read(4, "t", 1)          = 1
2555  02:54:07 read(4, "p", 1)          = 1
2555  02:54:07 read(4, "4", 1)          = 1
2555  02:54:07 read(4, "o", 1)          = 1
2555  02:54:07 read(4, "z", 1)          = 1
2555  02:54:07 read(4, "A", 1)          = 1
2555  02:54:07 read(4, "c", 1)          = 1
2555  02:54:07 read(4, "C", 1)          = 1
2555  02:54:07 read(4, "=", 1)          = 1
2555  02:54:07 read(4, "b", 1)          = 1
2555  02:54:07 read(4, "~", 1)          = 1
2555  02:54:07 read(4, "V", 1)          = 1
2555  02:54:07 read(4, "4", 1)          = 1
2555  02:54:07 read(4, "K", 1)          = 1
2555  02:54:07 read(4, "G", 1)          = 1
2555  02:54:07 read(4, "V", 1)          = 1
2555  02:54:07 read(4, "/", 1)          = 1
2555  02:54:07 read(4, "s", 1)          = 1
2555  02:54:07 read(4, "\n", 1)         = 1
2555  02:54:07 write(4, "\n", 1)        = 1
2555  02:54:07 ioctl(4, SNDCTL_TMR_CONTINUE or TCSETSF, {B38400 opost isig icanon echo ...}) = 0
2555  02:54:07 rt_sigaction(SIGALRM, {SIG_DFL, [], SA_RESTORER, 0x7fc3d7175270}, NULL, 8) = 0
2555  02:54:07 rt_sigaction(SIGHUP, {SIG_DFL, [], SA_RESTORER, 0x7fc3d7175270}, NULL, 8) = 0
2555  02:54:07 rt_sigaction(SIGINT, {SIG_DFL, [], SA_RESTORER, 0x7fc3d7175270}, NULL, 8) = 0
2555  02:54:07 rt_sigaction(SIGQUIT, {SIG_DFL, [], SA_RESTORER, 0x7fc3d7175270}, NULL, 8) = 0
2555  02:54:07 rt_sigaction(SIGPIPE, {SIG_IGN, [], SA_RESTORER, 0x7fc3d7175270}, NULL, 8) = 0
2555  02:54:07 rt_sigaction(SIGTERM, {SIG_DFL, [], SA_RESTORER, 0x7fc3d7175270}, NULL, 8) = 0
2555  02:54:07 rt_sigaction(SIGTSTP, {SIG_DFL, [], SA_RESTORER, 0x7fc3d7175270}, NULL, 8) = 0
2555  02:54:07 rt_sigaction(SIGTTIN, {SIG_DFL, [], SA_RESTORER, 0x7fc3d7175270}, NULL, 8) = 0
2555  02:54:07 rt_sigaction(SIGTTOU, {SIG_DFL, [], SA_RESTORER, 0x7fc3d7175270}, NULL, 8) = 0
2555  02:54:07 close(4)                 = 0
2555  02:54:07 write(3, "Z\201\312\331\26\260\26&K\266\265l\221\376V\321\0\2\v\265\20Q,a\340:\5\205\323\23E\253"..., 136) = 136
2555  02:54:07 select(4, [3], NULL, NULL, NULL) = 1 (in [3])
2555  02:54:07 read(3, "\372\213I\265D\23 k\277_b\260\304\323\314\353En\311)\3119(\311", 8192) = 24
2555  02:54:07 dup(0)                   = 4
2555  02:54:07 dup(1)                   = 5
2555  02:54:07 dup(2)                   = 6
2555  02:54:07 ioctl(4, TCGETS, {B38400 opost isig icanon echo ...}) = 0
2555  02:54:07 ioctl(5, TCGETS, {B38400 opost isig icanon echo ...}) = 0
2555  02:54:07 ioctl(6, TCGETS, {B38400 opost isig icanon echo ...}) = 0
2555  02:54:07 fcntl(4, F_SETFD, FD_CLOEXEC) = 0
2555  02:54:07 fcntl(5, F_SETFD, FD_CLOEXEC) = 0
2555  02:54:07 fcntl(6, F_SETFD, FD_CLOEXEC) = 0
2555  02:54:07 rt_sigaction(SIGHUP, NULL, {SIG_DFL, [], SA_RESTORER, 0x7fc3d7175270}, 8) = 0
2555  02:54:07 rt_sigaction(SIGHUP, {SIG_IGN, [], SA_RESTORER, 0x7fc3d7175270}, NULL, 8) = 0
2555  02:54:07 rt_sigaction(SIGHUP, NULL, {SIG_IGN, [], SA_RESTORER, 0x7fc3d7175270}, 8) = 0
2555  02:54:07 rt_sigaction(SIGHUP, {0x55a84e0989f0, [], SA_RESTORER, 0x7fc3d7175270}, NULL, 8) = 0
2555  02:54:07 rt_sigaction(SIGINT, NULL, {SIG_DFL, [], SA_RESTORER, 0x7fc3d7175270}, 8) = 0
2555  02:54:07 rt_sigaction(SIGINT, {SIG_IGN, [], SA_RESTORER, 0x7fc3d7175270}, NULL, 8) = 0
2555  02:54:07 rt_sigaction(SIGINT, NULL, {SIG_IGN, [], SA_RESTORER, 0x7fc3d7175270}, 8) = 0
2555  02:54:07 rt_sigaction(SIGINT, {0x55a84e0989f0, [], SA_RESTORER, 0x7fc3d7175270}, NULL, 8) = 0
2555  02:54:07 rt_sigaction(SIGQUIT, NULL, {SIG_DFL, [], SA_RESTORER, 0x7fc3d7175270}, 8) = 0
2555  02:54:07 rt_sigaction(SIGQUIT, {SIG_IGN, [], SA_RESTORER, 0x7fc3d7175270}, NULL, 8) = 0
2555  02:54:07 rt_sigaction(SIGQUIT, NULL, {SIG_IGN, [], SA_RESTORER, 0x7fc3d7175270}, 8) = 0
2555  02:54:07 rt_sigaction(SIGQUIT, {0x55a84e0989f0, [], SA_RESTORER, 0x7fc3d7175270}, NULL, 8) = 0
2555  02:54:07 rt_sigaction(SIGTERM, NULL, {SIG_DFL, [], SA_RESTORER, 0x7fc3d7175270}, 8) = 0
2555  02:54:07 rt_sigaction(SIGTERM, {SIG_IGN, [], SA_RESTORER, 0x7fc3d7175270}, NULL, 8) = 0
2555  02:54:07 rt_sigaction(SIGTERM, NULL, {SIG_IGN, [], SA_RESTORER, 0x7fc3d7175270}, 8) = 0
2555  02:54:07 rt_sigaction(SIGTERM, {0x55a84e0989f0, [], SA_RESTORER, 0x7fc3d7175270}, NULL, 8) = 0
2555  02:54:07 rt_sigaction(SIGWINCH, NULL, {SIG_DFL, [], 0}, 8) = 0
2555  02:54:07 rt_sigaction(SIGWINCH, {0x55a84e098c80, [], SA_RESTORER, 0x7fc3d7175270}, NULL, 8) = 0
2555  02:54:07 ioctl(0, TCGETS, {B38400 opost isig icanon echo ...}) = 0
2555  02:54:07 ioctl(0, SNDCTL_TMR_STOP or TCSETSW, {B38400 -opost -isig -icanon -echo ...}) = 0
2555  02:54:07 clock_gettime(CLOCK_BOOTTIME, {666734, 490288029}) = 0
2555  02:54:07 clock_gettime(CLOCK_BOOTTIME, {666734, 490336075}) = 0
2555  02:54:07 select(7, [3], [3], NULL, NULL) = 1 (out [3])
2555  02:54:07 clock_gettime(CLOCK_BOOTTIME, {666734, 490422851}) = 0
2555  02:54:07 write(3, "m7\250E\232\4\226\333[o\213\366\2167\323V\210\270\224\306\345\341L;\231k\5m\306\21\263\277"..., 112) = 112
2555  02:54:07 clock_gettime(CLOCK_BOOTTIME, {666734, 490513297}) = 0
2555  02:54:07 clock_gettime(CLOCK_BOOTTIME, {666734, 490559317}) = 0
2555  02:54:07 select(7, [3], [], NULL, NULL) = 1 (in [3])
2555  02:54:07 clock_gettime(CLOCK_BOOTTIME, {666734, 493317472}) = 0
2555  02:54:07 read(3, "7\243\340f\27\277\324\245\350\20O\351\226\267\n\35\4\376\237\267O\27*\313f\240AF\0\276\303\204"..., 8192) = 40
2555  02:54:07 getsockopt(3, SOL_TCP, TCP_NODELAY, [0], [4]) = 0
2555  02:54:07 setsockopt(3, SOL_TCP, TCP_NODELAY, [1], 4) = 0
2555  02:54:07 getsockname(3, {sa_family=AF_INET, sin_port=htons(37928), sin_addr=inet_addr("10.5.0.222")}, [16]) = 0
2555  02:54:07 setsockopt(3, SOL_IP, IP_TOS, [16], 4) = 0
2555  02:54:07 ioctl(0, TIOCGWINSZ, {ws_row=57, ws_col=236, ws_xpixel=0, ws_ypixel=0}) = 0
2555  02:54:07 clock_gettime(CLOCK_BOOTTIME, {666734, 493663741}) = 0
2555  02:54:07 clock_gettime(CLOCK_BOOTTIME, {666734, 493703748}) = 0
2555  02:54:07 select(7, [3], [3], NULL, NULL) = 1 (out [3])
2555  02:54:07 clock_gettime(CLOCK_BOOTTIME, {666734, 493787225}) = 0
2555  02:54:07 write(3, "}#\255\315\246H\235I\364\27x03\27\337\3374@\377<Y\224i\4\247\375\373\242\305\315\f)"..., 368) = 368
2555  02:54:07 clock_gettime(CLOCK_BOOTTIME, {666734, 493881806}) = 0
2555  02:54:07 clock_gettime(CLOCK_BOOTTIME, {666734, 493921674}) = 0
2555  02:54:07 select(7, [3], [], NULL, NULL) = 1 (in [3])
2555  02:54:07 clock_gettime(CLOCK_BOOTTIME, {666734, 494436903}) = 0
2555  02:54:07 read(3, "c\312\345\2329\10G\v\251\7\260l\241\337\257\225_S\353\n\256\374uUR\340V#\336\33\31\24"..., 8192) = 88
2555  02:54:07 clock_gettime(CLOCK_BOOTTIME, {666734, 494530924}) = 0
2555  02:54:07 clock_gettime(CLOCK_BOOTTIME, {666734, 494571544}) = 0
2555  02:54:07 select(7, [3 4], [], NULL, NULL) = 1 (in [3])
2555  02:54:07 clock_gettime(CLOCK_BOOTTIME, {666734, 499085413}) = 0
2555  02:54:07 read(3, ":\31\322Z\227D\3307\332\240\35\356o+\267\345L\4Zn\202\223\321\330jX\201j\226\220Z\6"..., 8192) = 152
2555  02:54:07 clock_gettime(CLOCK_BOOTTIME, {666734, 499180284}) = 0
2555  02:54:07 clock_gettime(CLOCK_BOOTTIME, {666734, 499220681}) = 0
2555  02:54:07 select(7, [3 4], [5], NULL, NULL) = 1 (out [5])
2555  02:54:07 clock_gettime(CLOCK_BOOTTIME, {666734, 499305619}) = 0
2555  02:54:07 write(5, "Last login: Fri Jun 22 10:53:47 "..., 111) = 111
2555  02:54:07 clock_gettime(CLOCK_BOOTTIME, {666734, 499429801}) = 0
2555  02:54:07 clock_gettime(CLOCK_BOOTTIME, {666734, 499470529}) = 0
2555  02:54:07 select(7, [3 4], [], NULL, NULL) = 1 (in [3])
2555  02:54:07 clock_gettime(CLOCK_BOOTTIME, {666734, 516114635}) = 0
2555  02:54:07 read(3, "L\345Y\223j/\213^\224\214C7\327\226E\206\2\320\320}u8\2062^a\305a\351\200^\254"..., 8192) = 56
2555  02:54:07 clock_gettime(CLOCK_BOOTTIME, {666734, 516210701}) = 0
2555  02:54:07 clock_gettime(CLOCK_BOOTTIME, {666734, 516251916}) = 0
2555  02:54:07 select(7, [3 4], [5], NULL, NULL) = 1 (out [5])
2555  02:54:07 clock_gettime(CLOCK_BOOTTIME, {666734, 516339574}) = 0
2555  02:54:07 write(5, "[root@ali-p2p-h5-1 ~]# ", 23) = 23
2555  02:54:07 clock_gettime(CLOCK_BOOTTIME, {666734, 516458042}) = 0
2555  02:54:07 clock_gettime(CLOCK_BOOTTIME, {666734, 516498670}) = 0
2555  02:54:07 select(7, [3 4], [], NULL, NULL) = 1 (in [4])
2555  02:54:09 clock_gettime(CLOCK_BOOTTIME, {666735, 945782195}) = 0
2555  02:54:09 read(4, "e", 16384)      = 1
2555  02:54:09 clock_gettime(CLOCK_BOOTTIME, {666735, 945906862}) = 0
2555  02:54:09 clock_gettime(CLOCK_BOOTTIME, {666735, 945948656}) = 0
2555  02:54:09 select(7, [3 4], [3], NULL, NULL) = 1 (out [3])
2555  02:54:09 clock_gettime(CLOCK_BOOTTIME, {666735, 946046580}) = 0
2555  02:54:09 write(3, "\\Q\244\260F.\265o\234\353\0\267\3566\266l\31\24\316\330\3317\314\206W\313B?\302\257\7Y"..., 40) = 40
2555  02:54:09 clock_gettime(CLOCK_BOOTTIME, {666735, 946161077}) = 0
2555  02:54:09 clock_gettime(CLOCK_BOOTTIME, {666735, 946202226}) = 0
2555  02:54:09 select(7, [3 4], [], NULL, NULL) = 1 (in [3])
2555  02:54:09 clock_gettime(CLOCK_BOOTTIME, {666735, 948099442}) = 0
2555  02:54:09 read(3, "G\2365M\315\211\213\325;\320L\27\272\3-\37J\255^1\346\230\270\216\252\241\260\214\210\214\330\177"..., 8192) = 40
2555  02:54:09 clock_gettime(CLOCK_BOOTTIME, {666735, 948190831}) = 0
2555  02:54:09 clock_gettime(CLOCK_BOOTTIME, {666735, 948231610}) = 0
2555  02:54:09 select(7, [3 4], [5], NULL, NULL) = 1 (out [5])
2555  02:54:09 clock_gettime(CLOCK_BOOTTIME, {666735, 948316708}) = 0
2555  02:54:09 write(5, "e", 1)         = 1
2555  02:54:09 clock_gettime(CLOCK_BOOTTIME, {666735, 948449309}) = 0
2555  02:54:09 clock_gettime(CLOCK_BOOTTIME, {666735, 948490989}) = 0
2555  02:54:09 select(7, [3 4], [], NULL, NULL) = 1 (in [4])
2555  02:54:09 clock_gettime(CLOCK_BOOTTIME, {666736, 218347215}) = 0
2555  02:54:09 read(4, "x", 16384)      = 1
2555  02:54:09 clock_gettime(CLOCK_BOOTTIME, {666736, 218457519}) = 0
2555  02:54:09 clock_gettime(CLOCK_BOOTTIME, {666736, 218500895}) = 0
2555  02:54:09 select(7, [3 4], [3], NULL, NULL) = 1 (out [3])
2555  02:54:09 clock_gettime(CLOCK_BOOTTIME, {666736, 218601317}) = 0
2555  02:54:09 write(3, "\302\2206m\21\215\227ECb9I\376\36\1779\f\277]\264\216\32\2412\276|\335/:_\335\334"..., 40) = 40
2555  02:54:09 clock_gettime(CLOCK_BOOTTIME, {666736, 218699411}) = 0
2555  02:54:09 clock_gettime(CLOCK_BOOTTIME, {666736, 218741319}) = 0
2555  02:54:09 select(7, [3 4], [], NULL, NULL) = 1 (in [3])
2555  02:54:09 clock_gettime(CLOCK_BOOTTIME, {666736, 220088004}) = 0
2555  02:54:09 read(3, "\235\31\235vU\376\305\261\347u\5\0a\205\344Jr\353o\377W\6\3614\332\375\227g\255\251\310."..., 8192) = 40
2555  02:54:09 clock_gettime(CLOCK_BOOTTIME, {666736, 220180889}) = 0
2555  02:54:09 clock_gettime(CLOCK_BOOTTIME, {666736, 220223002}) = 0
2555  02:54:09 select(7, [3 4], [5], NULL, NULL) = 1 (out [5])
2555  02:54:09 clock_gettime(CLOCK_BOOTTIME, {666736, 220312938}) = 0
2555  02:54:09 write(5, "x", 1)         = 1
2555  02:54:09 clock_gettime(CLOCK_BOOTTIME, {666736, 220432507}) = 0
2555  02:54:09 clock_gettime(CLOCK_BOOTTIME, {666736, 220474767}) = 0
2555  02:54:09 select(7, [3 4], [], NULL, NULL) = 1 (in [4])
2555  02:54:09 clock_gettime(CLOCK_BOOTTIME, {666736, 361882042}) = 0
2555  02:54:09 read(4, "i", 16384)      = 1
2555  02:54:09 clock_gettime(CLOCK_BOOTTIME, {666736, 361981623}) = 0
2555  02:54:09 clock_gettime(CLOCK_BOOTTIME, {666736, 362030942}) = 0
2555  02:54:09 select(7, [3 4], [3], NULL, NULL) = 1 (out [3])
2555  02:54:09 clock_gettime(CLOCK_BOOTTIME, {666736, 362121592}) = 0
2555  02:54:09 write(3, "d\350(\205\311\5\271\206\373\211j\213\273\210\366\26R\21z\235\244\352\373\212S\255~`\276\30\276\370"..., 40) = 40
2555  02:54:09 clock_gettime(CLOCK_BOOTTIME, {666736, 362216728}) = 0
2555  02:54:09 clock_gettime(CLOCK_BOOTTIME, {666736, 362258267}) = 0
2555  02:54:09 select(7, [3 4], [], NULL, NULL) = 1 (in [3])
2555  02:54:09 clock_gettime(CLOCK_BOOTTIME, {666736, 364099453}) = 0
2555  02:54:09 read(3, "\34\307\252\"\327]\377\304\1&\325\27V\36\266|n'\212;\7\2513gG}\355\341\220\324\273E"..., 8192) = 40
2555  02:54:09 clock_gettime(CLOCK_BOOTTIME, {666736, 364191100}) = 0
2555  02:54:09 clock_gettime(CLOCK_BOOTTIME, {666736, 364234015}) = 0
2555  02:54:09 select(7, [3 4], [5], NULL, NULL) = 1 (out [5])
2555  02:54:09 clock_gettime(CLOCK_BOOTTIME, {666736, 364322358}) = 0
2555  02:54:09 write(5, "i", 1)         = 1
2555  02:54:09 clock_gettime(CLOCK_BOOTTIME, {666736, 364434867}) = 0
2555  02:54:09 clock_gettime(CLOCK_BOOTTIME, {666736, 364477607}) = 0
2555  02:54:09 select(7, [3 4], [], NULL, NULL) = 1 (in [4])
2555  02:54:09 clock_gettime(CLOCK_BOOTTIME, {666736, 546116607}) = 0
2555  02:54:09 read(4, "t", 16384)      = 1
2555  02:54:09 clock_gettime(CLOCK_BOOTTIME, {666736, 546218123}) = 0
2555  02:54:09 clock_gettime(CLOCK_BOOTTIME, {666736, 546260115}) = 0
2555  02:54:09 select(7, [3 4], [3], NULL, NULL) = 1 (out [3])
2555  02:54:09 clock_gettime(CLOCK_BOOTTIME, {666736, 546361968}) = 0
2555  02:54:09 write(3, "x\10> \202\341\221<\227\33\34\374\254!\334\356\10\v\3\253\341\31\3149u\252_>\344\3209l"..., 40) = 40
2555  02:54:09 clock_gettime(CLOCK_BOOTTIME, {666736, 546458842}) = 0
2555  02:54:09 clock_gettime(CLOCK_BOOTTIME, {666736, 546500815}) = 0
2555  02:54:09 select(7, [3 4], [], NULL, NULL) = 1 (in [3])
2555  02:54:09 clock_gettime(CLOCK_BOOTTIME, {666736, 548091513}) = 0
2555  02:54:09 read(3, "\256\367\r\224%\210$\242+\254\303\273\370\1w\357,W\370\236:I\tR\216\340M\250H\263^\23"..., 8192) = 40
2555  02:54:09 clock_gettime(CLOCK_BOOTTIME, {666736, 548183411}) = 0
2555  02:54:09 clock_gettime(CLOCK_BOOTTIME, {666736, 548225573}) = 0
2555  02:54:09 select(7, [3 4], [5], NULL, NULL) = 1 (out [5])
2555  02:54:09 clock_gettime(CLOCK_BOOTTIME, {666736, 548314607}) = 0
2555  02:54:09 write(5, "t", 1)         = 1
2555  02:54:09 clock_gettime(CLOCK_BOOTTIME, {666736, 548431834}) = 0
2555  02:54:09 clock_gettime(CLOCK_BOOTTIME, {666736, 548474368}) = 0
2555  02:54:09 select(7, [3 4], [], NULL, NULL) = 1 (in [4])
2555  02:54:10 clock_gettime(CLOCK_BOOTTIME, {666736, 696099127}) = 0
2555  02:54:10 read(4, "\r", 16384)     = 1
2555  02:54:10 clock_gettime(CLOCK_BOOTTIME, {666736, 696199617}) = 0
2555  02:54:10 clock_gettime(CLOCK_BOOTTIME, {666736, 696241461}) = 0
2555  02:54:10 select(7, [3 4], [3], NULL, NULL) = 1 (out [3])
2555  02:54:10 clock_gettime(CLOCK_BOOTTIME, {666736, 696332192}) = 0
2555  02:54:10 write(3, "\231H-\2336\2577\0007\225\341\33HS&\333=3\20\26\200\221P\30\314\206(\322C\333\207\304"..., 40) = 40
2555  02:54:10 clock_gettime(CLOCK_BOOTTIME, {666736, 696427595}) = 0
2555  02:54:10 clock_gettime(CLOCK_BOOTTIME, {666736, 696469517}) = 0
2555  02:54:10 select(7, [3 4], [], NULL, NULL) = 1 (in [3])
2555  02:54:10 clock_gettime(CLOCK_BOOTTIME, {666736, 701628304}) = 0
2555  02:54:10 read(3, "P\237\fN\33\f\376\366\207\377I\224\36\305\313\204\347\343\307T`nm'\"\27\245v\324\307\10\334"..., 8192) = 200
2555  02:54:10 close(4)                 = 0
2555  02:54:10 clock_gettime(CLOCK_BOOTTIME, {666736, 701774222}) = 0
2555  02:54:10 clock_gettime(CLOCK_BOOTTIME, {666736, 701816113}) = 0
2555  02:54:10 select(7, [3], [5], NULL, NULL) = 1 (out [5])
2555  02:54:10 clock_gettime(CLOCK_BOOTTIME, {666736, 701906055}) = 0
2555  02:54:10 write(5, "\r\nlogout\r\n", 10) = 10
2555  02:54:10 clock_gettime(CLOCK_BOOTTIME, {666736, 702035913}) = 0
2555  02:54:10 clock_gettime(CLOCK_BOOTTIME, {666736, 702079287}) = 0
2555  02:54:10 close(5)                 = 0
2555  02:54:10 ioctl(0, SNDCTL_TMR_STOP or TCSETSW, {B38400 opost isig icanon echo ...}) = 0
2555  02:54:10 close(6)                 = 0
2555  02:54:10 select(7, [3], [3], NULL, NULL) = 1 (out [3])
2555  02:54:10 clock_gettime(CLOCK_BOOTTIME, {666736, 702321200}) = 0
2555  02:54:10 write(3, "\363\25)errK\263}\301k\257W\34\230\261\252;\n\37\214\365- ", 24) = 24
2555  02:54:10 rt_sigaction(SIGWINCH, NULL, {0x55a84e098c80, [], SA_RESTORER, 0x7fc3d7175270}, 8) = 0
2555  02:54:10 rt_sigaction(SIGWINCH, {SIG_DFL, [], SA_RESTORER, 0x7fc3d7175270}, NULL, 8) = 0
2555  02:54:10 write(3, "4\201\221\0y\271K_\346L\333\2163\35\362\205>z\330n\2309\265\224x\360f\340\4\334\6\10"..., 56) = 56
2555  02:54:10 ioctl(0, TCGETS, {B38400 opost isig icanon echo ...}) = 0
2555  02:54:10 ioctl(1, TCGETS, {B38400 opost isig icanon echo ...}) = 0
2555  02:54:10 ioctl(2, TCGETS, {B38400 opost isig icanon echo ...}) = 0
2555  02:54:10 write(2, "Connection to 10.5.0.208 closed."..., 34) = 34
2555  02:54:10 shutdown(3, SHUT_RDWR)   = 0
2555  02:54:10 close(3)                 = 0
2555  02:54:10 write(1, "random tag:omr0sg49zc", 21) = 21
2555  02:54:10 exit_group(0)            = ?
2555  02:54:10 +++ exited with 0 +++
