24227 09:51:11 select(4, [3], NULL, NULL, NULL) = 1 (in [3])
24227 09:51:11 read(3, "\0\0\3\274\t!\0\0\1\25\0\0\0\7ssh-rsa\0\0\0\1#\0\0\1\1\0\264"..., 8192) = 976
24227 09:51:11 open("/root/.ssh/known_hosts", O_RDONLY) = 4
24227 09:51:11 fstat(4, {st_mode=S_IFREG|0644, st_size=1177, ...}) = 0
24227 09:51:11 mmap(NULL, 4096, PROT_READ|PROT_WRITE, MAP_PRIVATE|MAP_ANONYMOUS, -1, 0) = 0x7f0384ec2000
24227 09:51:11 read(4, "172.19.0.36 ssh-rsa AAAAB3NzaC1y"..., 4096) = 1177
24227 09:51:11 read(4, "", 4096)        = 0
24227 09:51:11 close(4)                 = 0
24227 09:51:11 munmap(0x7f0384ec2000, 4096) = 0
24227 09:51:11 open("/root/.ssh/known_hosts2", O_RDONLY) = -1 ENOENT (No such file or directory)
24227 09:51:11 open("/usr/local/openssh/etc/ssh_known_hosts", O_RDONLY) = -1 ENOENT (No such file or directory)
24227 09:51:11 open("/usr/local/openssh/etc/ssh_known_hosts2", O_RDONLY) = -1 ENOENT (No such file or directory)
24227 09:51:11 clock_gettime(CLOCK_BOOTTIME, {605358, 423642570}) = 0
24227 09:51:11 write(3, "\0\0\0\f\n\25\0\0\0\0\0\0\0\0\0\0", 16) = 16
24227 09:51:11 write(3, ".\331\"-0\267a(\366\311t\24\266\317`\330\317\322jI\373A\352\343\205/\nD\2273K\""..., 40) = 40
24227 09:51:11 select(4, [3], NULL, NULL, NULL) = 1 (in [3])
24227 09:51:11 read(3, "\363`\20\310\337\213\211VA\320\277r\314}]\257\377\24528c\250\326\305H)\311\357\\\277\230\7"..., 8192) = 40
24227 09:51:11 write(3, "XC\240\306\201Z\320\362\325+\246\270\316\230F*\354\f\24618\243\234\177\275\310 hD\2\261\233"..., 56) = 56
24227 09:51:11 select(4, [3], NULL, NULL, NULL) = 1 (in [3])
24227 09:51:11 read(3, "\235\353?\362\244\203\334\246!\260\335\37\374d\260\350]\n\222\314?\0102\307E\334\20\21\22\263\v\212"..., 8192) = 72
24227 09:51:11 stat("/root/.ssh/id_rsa", 0x7ffe20dc7370) = -1 ENOENT (No such file or directory)
24227 09:51:11 stat("/root/.ssh/id_dsa", 0x7ffe20dc7370) = -1 ENOENT (No such file or directory)
24227 09:51:11 stat("/root/.ssh/id_ecdsa", 0x7ffe20dc7370) = -1 ENOENT (No such file or directory)
24227 09:51:11 stat("/root/.ssh/id_ed25519", 0x7ffe20dc7370) = -1 ENOENT (No such file or directory)
24227 09:51:11 open("/dev/tty", O_RDWR) = 4
24227 09:51:11 close(4)                 = 0
24227 09:51:11 open("/dev/tty", O_RDWR) = 4
24227 09:51:11 ioctl(4, TCGETS, {B38400 opost isig icanon echo ...}) = 0
24227 09:51:11 ioctl(4, SNDCTL_TMR_CONTINUE or TCSETSF, {B38400 opost isig icanon -echo ...}) = 0
24227 09:51:11 rt_sigaction(SIGALRM, {0x55e1654ad0d0, [], SA_RESTORER, 0x7f0383a47270}, {SIG_DFL, [], 0}, 8) = 0
24227 09:51:11 rt_sigaction(SIGHUP, {0x55e1654ad0d0, [], SA_RESTORER, 0x7f0383a47270}, {SIG_DFL, [], 0}, 8) = 0
24227 09:51:11 rt_sigaction(SIGINT, {0x55e1654ad0d0, [], SA_RESTORER, 0x7f0383a47270}, {SIG_DFL, [], 0}, 8) = 0
24227 09:51:11 rt_sigaction(SIGPIPE, {0x55e1654ad0d0, [], SA_RESTORER, 0x7f0383a47270}, {SIG_IGN, [], SA_RESTORER, 0x7f0383a47270}, 8) = 0
24227 09:51:11 rt_sigaction(SIGQUIT, {0x55e1654ad0d0, [], SA_RESTORER, 0x7f0383a47270}, {SIG_DFL, [], 0}, 8) = 0
24227 09:51:11 rt_sigaction(SIGTERM, {0x55e1654ad0d0, [], SA_RESTORER, 0x7f0383a47270}, {SIG_DFL, [], 0}, 8) = 0
24227 09:51:11 rt_sigaction(SIGTSTP, {0x55e1654ad0d0, [], SA_RESTORER, 0x7f0383a47270}, {SIG_DFL, [], 0}, 8) = 0
24227 09:51:11 rt_sigaction(SIGTTIN, {0x55e1654ad0d0, [], SA_RESTORER, 0x7f0383a47270}, {SIG_DFL, [], 0}, 8) = 0
24227 09:51:11 rt_sigaction(SIGTTOU, {0x55e1654ad0d0, [], SA_RESTORER, 0x7f0383a47270}, {SIG_DFL, [], 0}, 8) = 0
24227 09:51:11 write(4, "root@10.5.0.208's password: ", 28) = 28
24227 09:51:11 read(4, "y", 1)          = 1
24227 09:51:11 read(4, "o", 1)          = 1
24227 09:51:11 read(4, "t", 1)          = 1
24227 09:51:11 read(4, "p", 1)          = 1
24227 09:51:11 read(4, "4", 1)          = 1
24227 09:51:11 read(4, "o", 1)          = 1
24227 09:51:11 read(4, "z", 1)          = 1
24227 09:51:11 read(4, "A", 1)          = 1
24227 09:51:11 read(4, "c", 1)          = 1
24227 09:51:11 read(4, "C", 1)          = 1
24227 09:51:11 read(4, "=", 1)          = 1
24227 09:51:11 read(4, "b", 1)          = 1
24227 09:51:11 read(4, "~", 1)          = 1
24227 09:51:11 read(4, "V", 1)          = 1
24227 09:51:11 read(4, "4", 1)          = 1
24227 09:51:11 read(4, "K", 1)          = 1
24227 09:51:11 read(4, "G", 1)          = 1
24227 09:51:11 read(4, "V", 1)          = 1
24227 09:51:11 read(4, "/", 1)          = 1
24227 09:51:11 read(4, "s", 1)          = 1
24227 09:51:11 read(4, "\n", 1)         = 1
24227 09:51:11 write(4, "\n", 1)        = 1
24227 09:51:11 ioctl(4, SNDCTL_TMR_CONTINUE or TCSETSF, {B38400 opost isig icanon echo ...}) = 0
24227 09:51:11 rt_sigaction(SIGALRM, {SIG_DFL, [], SA_RESTORER, 0x7f0383a47270}, NULL, 8) = 0
24227 09:51:11 rt_sigaction(SIGHUP, {SIG_DFL, [], SA_RESTORER, 0x7f0383a47270}, NULL, 8) = 0
24227 09:51:11 rt_sigaction(SIGINT, {SIG_DFL, [], SA_RESTORER, 0x7f0383a47270}, NULL, 8) = 0
24227 09:51:11 rt_sigaction(SIGQUIT, {SIG_DFL, [], SA_RESTORER, 0x7f0383a47270}, NULL, 8) = 0
24227 09:51:11 rt_sigaction(SIGPIPE, {SIG_IGN, [], SA_RESTORER, 0x7f0383a47270}, NULL, 8) = 0
24227 09:51:11 rt_sigaction(SIGTERM, {SIG_DFL, [], SA_RESTORER, 0x7f0383a47270}, NULL, 8) = 0
24227 09:51:11 rt_sigaction(SIGTSTP, {SIG_DFL, [], SA_RESTORER, 0x7f0383a47270}, NULL, 8) = 0
24227 09:51:11 rt_sigaction(SIGTTIN, {SIG_DFL, [], SA_RESTORER, 0x7f0383a47270}, NULL, 8) = 0
24227 09:51:11 rt_sigaction(SIGTTOU, {SIG_DFL, [], SA_RESTORER, 0x7f0383a47270}, NULL, 8) = 0
24227 09:51:11 close(4)                 = 0
24227 09:51:11 write(3, "\241\33\330!\23\n\260'rf\202\7\352k)\362X\10\336\306,\247\217\355+0\322\320zo\243\f"..., 136) = 136
24227 09:51:11 select(4, [3], NULL, NULL, NULL) = 1 (in [3])
24227 09:51:11 read(3, "/\343\233\0\373\t\252\303St\313\365r\302|\242\367\331\343\212_\262!\337", 8192) = 24
24227 09:51:11 dup(0)                   = 4
24227 09:51:11 dup(1)                   = 5
24227 09:51:11 dup(2)                   = 6
24227 09:51:11 ioctl(4, TCGETS, {B38400 opost isig icanon echo ...}) = 0
24227 09:51:11 ioctl(5, TCGETS, {B38400 opost isig icanon echo ...}) = 0
24227 09:51:11 ioctl(6, TCGETS, {B38400 opost isig icanon echo ...}) = 0
24227 09:51:11 fcntl(4, F_SETFD, FD_CLOEXEC) = 0
24227 09:51:11 fcntl(5, F_SETFD, FD_CLOEXEC) = 0
24227 09:51:11 fcntl(6, F_SETFD, FD_CLOEXEC) = 0
24227 09:51:11 rt_sigaction(SIGHUP, NULL, {SIG_DFL, [], SA_RESTORER, 0x7f0383a47270}, 8) = 0
24227 09:51:11 rt_sigaction(SIGHUP, {SIG_IGN, [], SA_RESTORER, 0x7f0383a47270}, NULL, 8) = 0
24227 09:51:11 rt_sigaction(SIGHUP, NULL, {SIG_IGN, [], SA_RESTORER, 0x7f0383a47270}, 8) = 0
24227 09:51:11 rt_sigaction(SIGHUP, {0x55e1654559f0, [], SA_RESTORER, 0x7f0383a47270}, NULL, 8) = 0
24227 09:51:11 rt_sigaction(SIGINT, NULL, {SIG_DFL, [], SA_RESTORER, 0x7f0383a47270}, 8) = 0
24227 09:51:11 rt_sigaction(SIGINT, {SIG_IGN, [], SA_RESTORER, 0x7f0383a47270}, NULL, 8) = 0
24227 09:51:11 rt_sigaction(SIGINT, NULL, {SIG_IGN, [], SA_RESTORER, 0x7f0383a47270}, 8) = 0
24227 09:51:11 rt_sigaction(SIGINT, {0x55e1654559f0, [], SA_RESTORER, 0x7f0383a47270}, NULL, 8) = 0
24227 09:51:11 rt_sigaction(SIGQUIT, NULL, {SIG_DFL, [], SA_RESTORER, 0x7f0383a47270}, 8) = 0
24227 09:51:11 rt_sigaction(SIGQUIT, {SIG_IGN, [], SA_RESTORER, 0x7f0383a47270}, NULL, 8) = 0
24227 09:51:11 rt_sigaction(SIGQUIT, NULL, {SIG_IGN, [], SA_RESTORER, 0x7f0383a47270}, 8) = 0
24227 09:51:11 rt_sigaction(SIGQUIT, {0x55e1654559f0, [], SA_RESTORER, 0x7f0383a47270}, NULL, 8) = 0
24227 09:51:11 rt_sigaction(SIGTERM, NULL, {SIG_DFL, [], SA_RESTORER, 0x7f0383a47270}, 8) = 0
24227 09:51:11 rt_sigaction(SIGTERM, {SIG_IGN, [], SA_RESTORER, 0x7f0383a47270}, NULL, 8) = 0
24227 09:51:11 rt_sigaction(SIGTERM, NULL, {SIG_IGN, [], SA_RESTORER, 0x7f0383a47270}, 8) = 0
24227 09:51:11 rt_sigaction(SIGTERM, {0x55e1654559f0, [], SA_RESTORER, 0x7f0383a47270}, NULL, 8) = 0
24227 09:51:11 rt_sigaction(SIGWINCH, NULL, {SIG_DFL, [], 0}, 8) = 0
24227 09:51:11 rt_sigaction(SIGWINCH, {0x55e165455c80, [], SA_RESTORER, 0x7f0383a47270}, NULL, 8) = 0
24227 09:51:11 ioctl(0, TCGETS, {B38400 opost isig icanon echo ...}) = 0
24227 09:51:11 ioctl(0, SNDCTL_TMR_STOP or TCSETSW, {B38400 -opost -isig -icanon -echo ...}) = 0
24227 09:51:11 clock_gettime(CLOCK_BOOTTIME, {605358, 499905565}) = 0
24227 09:51:11 clock_gettime(CLOCK_BOOTTIME, {605358, 499954546}) = 0
24227 09:51:11 select(7, [3], [3], NULL, NULL) = 1 (out [3])
24227 09:51:11 clock_gettime(CLOCK_BOOTTIME, {605358, 500049817}) = 0
24227 09:51:11 write(3, "\251\337\376kZ\273\334p\315\7\310\271K\26\22\352\2\256\374\233\266\10\256E\215\205o\0023\25\206\27"..., 112) = 112
24227 09:51:11 clock_gettime(CLOCK_BOOTTIME, {605358, 500143676}) = 0
24227 09:51:11 clock_gettime(CLOCK_BOOTTIME, {605358, 500185572}) = 0
24227 09:51:11 select(7, [3], [], NULL, NULL) = 1 (in [3])
24227 09:51:11 clock_gettime(CLOCK_BOOTTIME, {605358, 509849608}) = 0
24227 09:51:11 read(3, "\377\225\366\24\326\273'h[}\202-\254u\1\317\274\314\300\216e\302\355\34\333\f\273\275\206\26\252\253"..., 8192) = 40
24227 09:51:11 getsockopt(3, SOL_TCP, TCP_NODELAY, [0], [4]) = 0
24227 09:51:11 setsockopt(3, SOL_TCP, TCP_NODELAY, [1], 4) = 0
24227 09:51:11 getsockname(3, {sa_family=AF_INET, sin_port=htons(56924), sin_addr=inet_addr("10.5.0.222")}, [16]) = 0
24227 09:51:11 setsockopt(3, SOL_IP, IP_TOS, [16], 4) = 0
24227 09:51:11 ioctl(0, TIOCGWINSZ, {ws_row=45, ws_col=132, ws_xpixel=0, ws_ypixel=0}) = 0
24227 09:51:11 clock_gettime(CLOCK_BOOTTIME, {605358, 510195307}) = 0
24227 09:51:11 clock_gettime(CLOCK_BOOTTIME, {605358, 510236616}) = 0
24227 09:51:11 select(7, [3], [3], NULL, NULL) = 1 (out [3])
24227 09:51:11 clock_gettime(CLOCK_BOOTTIME, {605358, 510323812}) = 0
24227 09:51:11 write(3, "wZLqA\335\346\17T\23.K\337\f\336\332\21\223v\324Us(X\326\250\252\300\214.\3515"..., 368) = 368
24227 09:51:11 clock_gettime(CLOCK_BOOTTIME, {605358, 510427254}) = 0
24227 09:51:11 clock_gettime(CLOCK_BOOTTIME, {605358, 510468838}) = 0
24227 09:51:11 select(7, [3], [], NULL, NULL) = 1 (in [3])
24227 09:51:11 clock_gettime(CLOCK_BOOTTIME, {605358, 511048646}) = 0
24227 09:51:11 read(3, "\2716\253xEU%\"S\f\235\310>\254el\215\231\275\311\315Z\337\327\v\241|\33\371p\0\347"..., 8192) = 88
24227 09:51:11 clock_gettime(CLOCK_BOOTTIME, {605358, 511140022}) = 0
24227 09:51:11 clock_gettime(CLOCK_BOOTTIME, {605358, 511182331}) = 0
24227 09:51:11 select(7, [3 4], [], NULL, NULL) = 1 (in [3])
24227 09:51:11 clock_gettime(CLOCK_BOOTTIME, {605358, 515761536}) = 0
24227 09:51:11 read(3, "\217yl\235q\247 \233\330v\"=-\377\2\244\5\354\35\215\2408\325\321\265\v\236\320\351\\\355\23"..., 8192) = 152
24227 09:51:11 clock_gettime(CLOCK_BOOTTIME, {605358, 515854201}) = 0
24227 09:51:11 clock_gettime(CLOCK_BOOTTIME, {605358, 515895345}) = 0
24227 09:51:11 select(7, [3 4], [5], NULL, NULL) = 1 (out [5])
24227 09:51:11 clock_gettime(CLOCK_BOOTTIME, {605358, 515983289}) = 0
24227 09:51:11 write(5, "Last login: Thu Jun 21 17:45:49 "..., 111) = 111
24227 09:51:11 clock_gettime(CLOCK_BOOTTIME, {605358, 516103469}) = 0
24227 09:51:11 clock_gettime(CLOCK_BOOTTIME, {605358, 516145527}) = 0
24227 09:51:11 select(7, [3 4], [], NULL, NULL) = 1 (in [3])
24227 09:51:11 clock_gettime(CLOCK_BOOTTIME, {605358, 532767336}) = 0
24227 09:51:11 read(3, "7jQ\314l\225Dq\235K\371L\326\345\311\276\334\6\226/F6h\343?\2\30Nh\306\r\f"..., 8192) = 56
24227 09:51:11 clock_gettime(CLOCK_BOOTTIME, {605358, 532863913}) = 0
24227 09:51:11 clock_gettime(CLOCK_BOOTTIME, {605358, 532904728}) = 0
24227 09:51:11 select(7, [3 4], [5], NULL, NULL) = 1 (out [5])
24227 09:51:11 clock_gettime(CLOCK_BOOTTIME, {605358, 532992905}) = 0
24227 09:51:11 write(5, "[root@ali-p2p-h5-1 ~]# ", 23) = 23
24227 09:51:11 clock_gettime(CLOCK_BOOTTIME, {605358, 533105293}) = 0
24227 09:51:11 clock_gettime(CLOCK_BOOTTIME, {605358, 533147922}) = 0
24227 09:51:11 select(7, [3 4], [], NULL, NULL) = 1 (in [4])
24227 09:51:13 clock_gettime(CLOCK_BOOTTIME, {605360, 576124352}) = 0
24227 09:51:13 read(4, "\r", 16384)     = 1
24227 09:51:13 clock_gettime(CLOCK_BOOTTIME, {605360, 576205991}) = 0
24227 09:51:13 clock_gettime(CLOCK_BOOTTIME, {605360, 576231260}) = 0
24227 09:51:13 select(7, [3 4], [3], NULL, NULL) = 1 (out [3])
24227 09:51:13 clock_gettime(CLOCK_BOOTTIME, {605360, 576289869}) = 0
24227 09:51:13 write(3, "\357\233\337\v\240\367`\323\343\\j\264\202\253\312\367\215\312\261\232\345I\n\260D\345\0209\355\361|i"..., 40) = 40
24227 09:51:13 clock_gettime(CLOCK_BOOTTIME, {605360, 576379962}) = 0
24227 09:51:13 clock_gettime(CLOCK_BOOTTIME, {605360, 576405129}) = 0
24227 09:51:13 select(7, [3 4], [], NULL, NULL) = 1 (in [3])
24227 09:51:13 clock_gettime(CLOCK_BOOTTIME, {605360, 577794419}) = 0
24227 09:51:13 read(3, "B\207}\33,\256\"%\357\253\201W\200\362\360\262\261\22213\254[63\347\254\36 \365\243\326\216"..., 8192) = 40
24227 09:51:13 clock_gettime(CLOCK_BOOTTIME, {605360, 577857991}) = 0
24227 09:51:13 clock_gettime(CLOCK_BOOTTIME, {605360, 577881128}) = 0
24227 09:51:13 select(7, [3 4], [5], NULL, NULL) = 1 (out [5])
24227 09:51:13 clock_gettime(CLOCK_BOOTTIME, {605360, 577938264}) = 0
24227 09:51:13 write(5, "\r\n", 2)      = 2
24227 09:51:13 clock_gettime(CLOCK_BOOTTIME, {605360, 578060857}) = 0
24227 09:51:13 clock_gettime(CLOCK_BOOTTIME, {605360, 578083519}) = 0
24227 09:51:13 select(7, [3 4], [], NULL, NULL) = 1 (in [3])
24227 09:51:13 clock_gettime(CLOCK_BOOTTIME, {605360, 583045662}) = 0
24227 09:51:13 read(3, "\321\6p\4\245\321\264\16'\26@\363F\227\303-\215O\263ZtJ\306\35W%w\244Ha\201f"..., 8192) = 56
24227 09:51:13 clock_gettime(CLOCK_BOOTTIME, {605360, 583106717}) = 0
24227 09:51:13 clock_gettime(CLOCK_BOOTTIME, {605360, 583128485}) = 0
24227 09:51:13 select(7, [3 4], [5], NULL, NULL) = 1 (out [5])
24227 09:51:13 clock_gettime(CLOCK_BOOTTIME, {605360, 583181482}) = 0
24227 09:51:13 write(5, "[root@ali-p2p-h5-1 ~]# ", 23) = 23
24227 09:51:13 clock_gettime(CLOCK_BOOTTIME, {605360, 583236520}) = 0
24227 09:51:13 clock_gettime(CLOCK_BOOTTIME, {605360, 583257818}) = 0
24227 09:51:13 select(7, [3 4], [], NULL, NULL) = 1 (in [4])
24227 09:51:14 clock_gettime(CLOCK_BOOTTIME, {605360, 798501568}) = 0
24227 09:51:14 read(4, "\r", 16384)     = 1
24227 09:51:14 clock_gettime(CLOCK_BOOTTIME, {605360, 798625056}) = 0
24227 09:51:14 clock_gettime(CLOCK_BOOTTIME, {605360, 798666172}) = 0
24227 09:51:14 select(7, [3 4], [3], NULL, NULL) = 1 (out [3])
24227 09:51:14 clock_gettime(CLOCK_BOOTTIME, {605360, 798754993}) = 0
24227 09:51:14 write(3, "H\323qVg\0019\22\334a\0u\207\342gGk\\C\270\32\205\30m\370\202kx\224\252\22<"..., 40) = 40
24227 09:51:14 clock_gettime(CLOCK_BOOTTIME, {605360, 798857886}) = 0
24227 09:51:14 clock_gettime(CLOCK_BOOTTIME, {605360, 798898602}) = 0
24227 09:51:14 select(7, [3 4], [], NULL, NULL) = 1 (in [3])
24227 09:51:14 clock_gettime(CLOCK_BOOTTIME, {605360, 801044250}) = 0
24227 09:51:14 read(3, "Nu:u\37d\330\211\276\245\240\6\370K\317\244\202\270-vxu\5Y\224\326\n\325\35\377;t"..., 8192) = 40
24227 09:51:14 clock_gettime(CLOCK_BOOTTIME, {605360, 801136734}) = 0
24227 09:51:14 clock_gettime(CLOCK_BOOTTIME, {605360, 801176904}) = 0
24227 09:51:14 select(7, [3 4], [5], NULL, NULL) = 1 (out [5])
24227 09:51:14 clock_gettime(CLOCK_BOOTTIME, {605360, 801262519}) = 0
24227 09:51:14 write(5, "\r\n", 2)      = 2
24227 09:51:14 clock_gettime(CLOCK_BOOTTIME, {605360, 801390207}) = 0
24227 09:51:14 clock_gettime(CLOCK_BOOTTIME, {605360, 801431292}) = 0
24227 09:51:14 select(7, [3 4], [], NULL, NULL) = 1 (in [3])
24227 09:51:14 clock_gettime(CLOCK_BOOTTIME, {605360, 805754793}) = 0
24227 09:51:14 read(3, ">\332\370\331\35*3[\355L\212\247m\262\253\266Jl\3758\324\227F\212\342i\36M=\247$\253"..., 8192) = 56
24227 09:51:14 clock_gettime(CLOCK_BOOTTIME, {605360, 805842837}) = 0
24227 09:51:14 clock_gettime(CLOCK_BOOTTIME, {605360, 805883074}) = 0
24227 09:51:14 select(7, [3 4], [5], NULL, NULL) = 1 (out [5])
24227 09:51:14 clock_gettime(CLOCK_BOOTTIME, {605360, 805967117}) = 0
24227 09:51:14 write(5, "[root@ali-p2p-h5-1 ~]# ", 23) = 23
24227 09:51:14 clock_gettime(CLOCK_BOOTTIME, {605360, 806091208}) = 0
24227 09:51:14 clock_gettime(CLOCK_BOOTTIME, {605360, 806134164}) = 0
24227 09:51:14 select(7, [3 4], [], NULL, NULL) = 1 (in [4])
24227 09:51:14 clock_gettime(CLOCK_BOOTTIME, {605361, 39327428}) = 0
24227 09:51:14 read(4, "\r", 16384)     = 1
24227 09:51:14 clock_gettime(CLOCK_BOOTTIME, {605361, 39455900}) = 0
24227 09:51:14 clock_gettime(CLOCK_BOOTTIME, {605361, 39498167}) = 0
24227 09:51:14 select(7, [3 4], [3], NULL, NULL) = 1 (out [3])
24227 09:51:14 clock_gettime(CLOCK_BOOTTIME, {605361, 39600296}) = 0
24227 09:51:14 write(3, "\267\240r\303\0231\324\205\370\267>\242\266\224P[:\346\235\311\302}\253\207\373\334\261 \314#\216\35"..., 40) = 40
24227 09:51:14 clock_gettime(CLOCK_BOOTTIME, {605361, 39697791}) = 0
24227 09:51:14 clock_gettime(CLOCK_BOOTTIME, {605361, 39738626}) = 0
24227 09:51:14 select(7, [3 4], [], NULL, NULL) = 1 (in [3])
24227 09:51:14 clock_gettime(CLOCK_BOOTTIME, {605361, 41768948}) = 0
24227 09:51:14 read(3, "\214a\204\376-\366\325\245\234\210;\16\1\342\222\222Q\342)\372V\32\364I,\330\364E\347\301 \v"..., 8192) = 40
24227 09:51:14 clock_gettime(CLOCK_BOOTTIME, {605361, 41859016}) = 0
24227 09:51:14 clock_gettime(CLOCK_BOOTTIME, {605361, 41900446}) = 0
24227 09:51:14 select(7, [3 4], [5], NULL, NULL) = 1 (out [5])
24227 09:51:14 clock_gettime(CLOCK_BOOTTIME, {605361, 42037658}) = 0
24227 09:51:14 write(5, "\r\n", 2)      = 2
24227 09:51:14 clock_gettime(CLOCK_BOOTTIME, {605361, 42162886}) = 0
24227 09:51:14 clock_gettime(CLOCK_BOOTTIME, {605361, 42205960}) = 0
24227 09:51:14 select(7, [3 4], [], NULL, NULL) = 1 (in [3])
24227 09:51:14 clock_gettime(CLOCK_BOOTTIME, {605361, 47033291}) = 0
24227 09:51:14 read(3, "\216\222C\211\225b\316\317\325\1I\25\320|\30\237\177\323I\253\201\252\251\37\367\361\356D\2279-\216"..., 8192) = 56
24227 09:51:14 clock_gettime(CLOCK_BOOTTIME, {605361, 47128023}) = 0
24227 09:51:14 clock_gettime(CLOCK_BOOTTIME, {605361, 47170418}) = 0
24227 09:51:14 select(7, [3 4], [5], NULL, NULL) = 1 (out [5])
24227 09:51:14 clock_gettime(CLOCK_BOOTTIME, {605361, 47262245}) = 0
24227 09:51:14 write(5, "[root@ali-p2p-h5-1 ~]# ", 23) = 23
24227 09:51:14 clock_gettime(CLOCK_BOOTTIME, {605361, 47381539}) = 0
24227 09:51:14 clock_gettime(CLOCK_BOOTTIME, {605361, 47423657}) = 0
24227 09:51:14 select(7, [3 4], [], NULL, NULL) = 1 (in [4])
24227 09:51:15 clock_gettime(CLOCK_BOOTTIME, {605362, 245585864}) = 0
24227 09:51:15 read(4, "i", 16384)      = 1
24227 09:51:15 clock_gettime(CLOCK_BOOTTIME, {605362, 245701476}) = 0
24227 09:51:15 clock_gettime(CLOCK_BOOTTIME, {605362, 245745254}) = 0
24227 09:51:15 select(7, [3 4], [3], NULL, NULL) = 1 (out [3])
24227 09:51:15 clock_gettime(CLOCK_BOOTTIME, {605362, 245835700}) = 0
24227 09:51:15 write(3, "M\"\310\30k\345\300F\354\t\341\260L\307y\3{P\305\305\21\24\354\16\313hO\235bz\372`"..., 40) = 40
24227 09:51:15 clock_gettime(CLOCK_BOOTTIME, {605362, 245942104}) = 0
24227 09:51:15 clock_gettime(CLOCK_BOOTTIME, {605362, 245983602}) = 0
24227 09:51:15 select(7, [3 4], [], NULL, NULL) = 1 (in [3])
24227 09:51:15 clock_gettime(CLOCK_BOOTTIME, {605362, 248011501}) = 0
24227 09:51:15 read(3, "\337|\347\307|:p%\253j\16\226AR\251NXb\213\21\246\7r\267\272\24\341\305\312*\"\32"..., 8192) = 40
24227 09:51:15 clock_gettime(CLOCK_BOOTTIME, {605362, 248105408}) = 0
24227 09:51:15 clock_gettime(CLOCK_BOOTTIME, {605362, 248146745}) = 0
24227 09:51:15 select(7, [3 4], [5], NULL, NULL) = 1 (out [5])
24227 09:51:15 clock_gettime(CLOCK_BOOTTIME, {605362, 248236418}) = 0
24227 09:51:15 write(5, "i", 1)         = 1
24227 09:51:15 clock_gettime(CLOCK_BOOTTIME, {605362, 248372158}) = 0
24227 09:51:15 clock_gettime(CLOCK_BOOTTIME, {605362, 248413857}) = 0
24227 09:51:15 select(7, [3 4], [], NULL, NULL) = 1 (in [4])
24227 09:51:15 clock_gettime(CLOCK_BOOTTIME, {605362, 353026204}) = 0
24227 09:51:15 read(4, "f", 16384)      = 1
24227 09:51:15 clock_gettime(CLOCK_BOOTTIME, {605362, 353133218}) = 0
24227 09:51:15 clock_gettime(CLOCK_BOOTTIME, {605362, 353175446}) = 0
24227 09:51:15 select(7, [3 4], [3], NULL, NULL) = 1 (out [3])
24227 09:51:15 clock_gettime(CLOCK_BOOTTIME, {605362, 353265758}) = 0
24227 09:51:15 write(3, "\2\206\263\3536eJ\3_\324\371\375^K;\327\331\34c\251N\355M\356\310\324v\340\354T\362\346"..., 40) = 40
24227 09:51:15 clock_gettime(CLOCK_BOOTTIME, {605362, 353372186}) = 0
24227 09:51:15 clock_gettime(CLOCK_BOOTTIME, {605362, 353414033}) = 0
24227 09:51:15 select(7, [3 4], [], NULL, NULL) = 1 (in [3])
24227 09:51:15 clock_gettime(CLOCK_BOOTTIME, {605362, 355017630}) = 0
24227 09:51:15 read(3, "t\251\21\235-\"t\346\263tj\27TiuCV\223\371\351\n\323\252\27\343|\211\271\272\206\3663"..., 8192) = 40
24227 09:51:15 clock_gettime(CLOCK_BOOTTIME, {605362, 355123045}) = 0
24227 09:51:15 clock_gettime(CLOCK_BOOTTIME, {605362, 355164597}) = 0
24227 09:51:15 select(7, [3 4], [5], NULL, NULL) = 1 (out [5])
24227 09:51:15 clock_gettime(CLOCK_BOOTTIME, {605362, 355253451}) = 0
24227 09:51:15 write(5, "f", 1)         = 1
24227 09:51:15 clock_gettime(CLOCK_BOOTTIME, {605362, 355378233}) = 0
24227 09:51:15 clock_gettime(CLOCK_BOOTTIME, {605362, 355421928}) = 0
24227 09:51:15 select(7, [3 4], [], NULL, NULL) = 1 (in [4])
24227 09:51:15 clock_gettime(CLOCK_BOOTTIME, {605362, 573202109}) = 0
24227 09:51:15 read(4, "c", 16384)      = 1
24227 09:51:15 clock_gettime(CLOCK_BOOTTIME, {605362, 573325999}) = 0
24227 09:51:15 clock_gettime(CLOCK_BOOTTIME, {605362, 573378718}) = 0
24227 09:51:15 select(7, [3 4], [3], NULL, NULL) = 1 (out [3])
24227 09:51:15 clock_gettime(CLOCK_BOOTTIME, {605362, 573470485}) = 0
24227 09:51:15 write(3, "\266\243QE\335\343F\360\330\250y\234\263\323q\20\235<r/o\210X\302\267\345\255\367|\276g\215"..., 40) = 40
24227 09:51:15 clock_gettime(CLOCK_BOOTTIME, {605362, 573564850}) = 0
24227 09:51:15 clock_gettime(CLOCK_BOOTTIME, {605362, 573605637}) = 0
24227 09:51:15 select(7, [3 4], [], NULL, NULL) = 1 (in [3])
24227 09:51:15 clock_gettime(CLOCK_BOOTTIME, {605362, 576010375}) = 0
24227 09:51:15 read(3, "V6Ww\274B\34\2660\25\275\3\270Ej\10k`\300$\343p 0\36\334l\31\263`h\243"..., 8192) = 40
24227 09:51:15 clock_gettime(CLOCK_BOOTTIME, {605362, 576103008}) = 0
24227 09:51:15 clock_gettime(CLOCK_BOOTTIME, {605362, 576143721}) = 0
24227 09:51:15 select(7, [3 4], [5], NULL, NULL) = 1 (out [5])
24227 09:51:15 clock_gettime(CLOCK_BOOTTIME, {605362, 576231195}) = 0
24227 09:51:15 write(5, "c", 1)         = 1
24227 09:51:15 clock_gettime(CLOCK_BOOTTIME, {605362, 576344160}) = 0
24227 09:51:15 clock_gettime(CLOCK_BOOTTIME, {605362, 576392113}) = 0
24227 09:51:15 select(7, [3 4], [], NULL, NULL) = 1 (in [4])
24227 09:51:16 clock_gettime(CLOCK_BOOTTIME, {605362, 638708068}) = 0
24227 09:51:16 read(4, "o", 16384)      = 1
24227 09:51:16 clock_gettime(CLOCK_BOOTTIME, {605362, 638806524}) = 0
24227 09:51:16 clock_gettime(CLOCK_BOOTTIME, {605362, 638846754}) = 0
24227 09:51:16 select(7, [3 4], [3], NULL, NULL) = 1 (out [3])
24227 09:51:16 clock_gettime(CLOCK_BOOTTIME, {605362, 638932794}) = 0
24227 09:51:16 write(3, "t(\243\272N\272\7\251U\345\314\232\316\213k\236\232\376R\307\303\332GE\207\22}9\242\367T\33"..., 40) = 40
24227 09:51:16 clock_gettime(CLOCK_BOOTTIME, {605362, 639032930}) = 0
24227 09:51:16 clock_gettime(CLOCK_BOOTTIME, {605362, 639073832}) = 0
24227 09:51:16 select(7, [3 4], [], NULL, NULL) = 1 (in [3])
24227 09:51:16 clock_gettime(CLOCK_BOOTTIME, {605362, 640997161}) = 0
24227 09:51:16 read(3, "\v\5m\353o2ub8d\207\206S@\367+j\271\267k\271\37k\204\213T\267\203A\2360p"..., 8192) = 40
24227 09:51:16 clock_gettime(CLOCK_BOOTTIME, {605362, 641091248}) = 0
24227 09:51:16 clock_gettime(CLOCK_BOOTTIME, {605362, 641131346}) = 0
24227 09:51:16 select(7, [3 4], [5], NULL, NULL) = 1 (out [5])
24227 09:51:16 clock_gettime(CLOCK_BOOTTIME, {605362, 641217134}) = 0
24227 09:51:16 write(5, "o", 1)         = 1
24227 09:51:16 clock_gettime(CLOCK_BOOTTIME, {605362, 641329905}) = 0
24227 09:51:16 clock_gettime(CLOCK_BOOTTIME, {605362, 641382252}) = 0
24227 09:51:16 select(7, [3 4], [], NULL, NULL) = 1 (in [4])
24227 09:51:16 clock_gettime(CLOCK_BOOTTIME, {605362, 769715474}) = 0
24227 09:51:16 read(4, "n", 16384)      = 1
24227 09:51:16 clock_gettime(CLOCK_BOOTTIME, {605362, 769837650}) = 0
24227 09:51:16 clock_gettime(CLOCK_BOOTTIME, {605362, 769880040}) = 0
24227 09:51:16 select(7, [3 4], [3], NULL, NULL) = 1 (out [3])
24227 09:51:16 clock_gettime(CLOCK_BOOTTIME, {605362, 769969680}) = 0
24227 09:51:16 write(3, "\320\303\337.\246;\245\262\326\2aXl\214\200\207\372\245\275We\374\305M\223+Iy\241\322\\\343"..., 40) = 40
24227 09:51:16 clock_gettime(CLOCK_BOOTTIME, {605362, 770078421}) = 0
24227 09:51:16 clock_gettime(CLOCK_BOOTTIME, {605362, 770131764}) = 0
24227 09:51:16 select(7, [3 4], [], NULL, NULL) = 1 (in [3])
24227 09:51:16 clock_gettime(CLOCK_BOOTTIME, {605362, 772018093}) = 0
24227 09:51:16 read(3, "\253\240\16(<\36*d\345\3375\354\374\32\307\312\203Y,\234\334\240\273\257a\373\326B\255\330k\343"..., 8192) = 40
24227 09:51:16 clock_gettime(CLOCK_BOOTTIME, {605362, 772111510}) = 0
24227 09:51:16 clock_gettime(CLOCK_BOOTTIME, {605362, 772154058}) = 0
24227 09:51:16 select(7, [3 4], [5], NULL, NULL) = 1 (out [5])
24227 09:51:16 clock_gettime(CLOCK_BOOTTIME, {605362, 772243598}) = 0
24227 09:51:16 write(5, "n", 1)         = 1
24227 09:51:16 clock_gettime(CLOCK_BOOTTIME, {605362, 772368591}) = 0
24227 09:51:16 clock_gettime(CLOCK_BOOTTIME, {605362, 772411840}) = 0
24227 09:51:16 select(7, [3 4], [], NULL, NULL) = 1 (in [4])
24227 09:51:16 clock_gettime(CLOCK_BOOTTIME, {605362, 899128063}) = 0
24227 09:51:16 read(4, "f", 16384)      = 1
24227 09:51:16 clock_gettime(CLOCK_BOOTTIME, {605362, 899226525}) = 0
24227 09:51:16 clock_gettime(CLOCK_BOOTTIME, {605362, 899268156}) = 0
24227 09:51:16 select(7, [3 4], [3], NULL, NULL) = 1 (out [3])
24227 09:51:16 clock_gettime(CLOCK_BOOTTIME, {605362, 899365071}) = 0
24227 09:51:16 write(3, ">\210\300\371\374\342c\332\236\263\372\256\341\207\27\353cf\270\37t\267\241/\226\267\361x\350\212\222\237"..., 40) = 40
24227 09:51:16 clock_gettime(CLOCK_BOOTTIME, {605362, 899469604}) = 0
24227 09:51:16 clock_gettime(CLOCK_BOOTTIME, {605362, 899512378}) = 0
24227 09:51:16 select(7, [3 4], [], NULL, NULL) = 1 (in [3])
24227 09:51:16 clock_gettime(CLOCK_BOOTTIME, {605362, 901019506}) = 0
24227 09:51:16 read(3, "\311z\373,\362vI\25W\311\225,\234\17\16\344*h\251\352\236\323W\247t\321\212\257\220\251\2468"..., 8192) = 40
24227 09:51:16 clock_gettime(CLOCK_BOOTTIME, {605362, 901113502}) = 0
24227 09:51:16 clock_gettime(CLOCK_BOOTTIME, {605362, 901156990}) = 0
24227 09:51:16 select(7, [3 4], [5], NULL, NULL) = 1 (out [5])
24227 09:51:16 clock_gettime(CLOCK_BOOTTIME, {605362, 901246703}) = 0
24227 09:51:16 write(5, "f", 1)         = 1
24227 09:51:16 clock_gettime(CLOCK_BOOTTIME, {605362, 901369443}) = 0
24227 09:51:16 clock_gettime(CLOCK_BOOTTIME, {605362, 901412167}) = 0
24227 09:51:16 select(7, [3 4], [], NULL, NULL) = 1 (in [4])
24227 09:51:16 clock_gettime(CLOCK_BOOTTIME, {605362, 992056410}) = 0
24227 09:51:16 read(4, "i", 16384)      = 1
24227 09:51:16 clock_gettime(CLOCK_BOOTTIME, {605362, 992161088}) = 0
24227 09:51:16 clock_gettime(CLOCK_BOOTTIME, {605362, 992204115}) = 0
24227 09:51:16 select(7, [3 4], [3], NULL, NULL) = 1 (out [3])
24227 09:51:16 clock_gettime(CLOCK_BOOTTIME, {605362, 992293158}) = 0
24227 09:51:16 write(3, "\26\347m\316\352\233O\307{Kw\247\222\32\224]\27\242\272I\37\2234\2218\27\\dv\325ab"..., 40) = 40
24227 09:51:16 clock_gettime(CLOCK_BOOTTIME, {605362, 992394512}) = 0
24227 09:51:16 clock_gettime(CLOCK_BOOTTIME, {605362, 992436748}) = 0
24227 09:51:16 select(7, [3 4], [], NULL, NULL) = 1 (in [3])
24227 09:51:16 clock_gettime(CLOCK_BOOTTIME, {605362, 994008787}) = 0
24227 09:51:16 read(3, "\2136\26V\206\rl\253:\243\220\206\361v\r\0319\244\261]\324\22\334\6e\264\374\0376\360\17\331"..., 8192) = 40
24227 09:51:16 clock_gettime(CLOCK_BOOTTIME, {605362, 994102066}) = 0
24227 09:51:16 clock_gettime(CLOCK_BOOTTIME, {605362, 994143856}) = 0
24227 09:51:16 select(7, [3 4], [5], NULL, NULL) = 1 (out [5])
24227 09:51:16 clock_gettime(CLOCK_BOOTTIME, {605362, 994233528}) = 0
24227 09:51:16 write(5, "i", 1)         = 1
24227 09:51:16 clock_gettime(CLOCK_BOOTTIME, {605362, 994347194}) = 0
24227 09:51:16 clock_gettime(CLOCK_BOOTTIME, {605362, 994393784}) = 0
24227 09:51:16 select(7, [3 4], [], NULL, NULL) = 1 (in [4])
24227 09:51:16 clock_gettime(CLOCK_BOOTTIME, {605363, 145461703}) = 0
24227 09:51:16 read(4, "g", 16384)      = 1
24227 09:51:16 clock_gettime(CLOCK_BOOTTIME, {605363, 145564086}) = 0
24227 09:51:16 clock_gettime(CLOCK_BOOTTIME, {605363, 145605766}) = 0
24227 09:51:16 select(7, [3 4], [3], NULL, NULL) = 1 (out [3])
24227 09:51:16 clock_gettime(CLOCK_BOOTTIME, {605363, 145696196}) = 0
24227 09:51:16 write(3, "\222\216\244\327\33\327kY\221\35P\271\262\215\\\35\0178\\W\334J\245\313=\205\312I\250'\223("..., 40) = 40
24227 09:51:16 clock_gettime(CLOCK_BOOTTIME, {605363, 145801082}) = 0
24227 09:51:16 clock_gettime(CLOCK_BOOTTIME, {605363, 145842597}) = 0
24227 09:51:16 select(7, [3 4], [], NULL, NULL) = 1 (in [3])
24227 09:51:16 clock_gettime(CLOCK_BOOTTIME, {605363, 148010522}) = 0
24227 09:51:16 read(3, "\t\267f;\245P\305n\250\260\332\274_\5\254\312\0\0339\305\27\276\210\275\37\324D|~\370\260\v"..., 8192) = 40
24227 09:51:16 clock_gettime(CLOCK_BOOTTIME, {605363, 148102218}) = 0
24227 09:51:16 clock_gettime(CLOCK_BOOTTIME, {605363, 148144688}) = 0
24227 09:51:16 select(7, [3 4], [5], NULL, NULL) = 1 (out [5])
24227 09:51:16 clock_gettime(CLOCK_BOOTTIME, {605363, 148234788}) = 0
24227 09:51:16 write(5, "g", 1)         = 1
24227 09:51:16 clock_gettime(CLOCK_BOOTTIME, {605363, 148357210}) = 0
24227 09:51:16 clock_gettime(CLOCK_BOOTTIME, {605363, 148400263}) = 0
24227 09:51:16 select(7, [3 4], [], NULL, NULL) = 1 (in [4])
24227 09:51:16 clock_gettime(CLOCK_BOOTTIME, {605363, 285199608}) = 0
24227 09:51:16 read(4, "\r", 16384)     = 1
24227 09:51:16 clock_gettime(CLOCK_BOOTTIME, {605363, 285307662}) = 0
24227 09:51:16 clock_gettime(CLOCK_BOOTTIME, {605363, 285356848}) = 0
24227 09:51:16 select(7, [3 4], [3], NULL, NULL) = 1 (out [3])
24227 09:51:16 clock_gettime(CLOCK_BOOTTIME, {605363, 285446377}) = 0
24227 09:51:16 write(3, "\363\221\310#\326\324OG\324\324\16(\243\5\30d\227\346\237\225\275,{4\352\300oB?R\367V"..., 40) = 40
24227 09:51:16 clock_gettime(CLOCK_BOOTTIME, {605363, 285540595}) = 0
24227 09:51:16 clock_gettime(CLOCK_BOOTTIME, {605363, 285582067}) = 0
24227 09:51:16 select(7, [3 4], [], NULL, NULL) = 1 (in [3])
24227 09:51:16 clock_gettime(CLOCK_BOOTTIME, {605363, 288027443}) = 0
24227 09:51:16 read(3, ",s\300\211\231\260[*5\37\26\316`X\263\v~\364oI\21\356\310aP\362\6+\341\346\257t"..., 8192) = 40
24227 09:51:16 clock_gettime(CLOCK_BOOTTIME, {605363, 288119279}) = 0
24227 09:51:16 clock_gettime(CLOCK_BOOTTIME, {605363, 288161453}) = 0
24227 09:51:16 select(7, [3 4], [5], NULL, NULL) = 1 (out [5])
24227 09:51:16 clock_gettime(CLOCK_BOOTTIME, {605363, 288250802}) = 0
24227 09:51:16 write(5, "\r\n", 2)      = 2
24227 09:51:16 clock_gettime(CLOCK_BOOTTIME, {605363, 288371146}) = 0
24227 09:51:16 clock_gettime(CLOCK_BOOTTIME, {605363, 288412824}) = 0
24227 09:51:16 select(7, [3 4], [], NULL, NULL) = 1 (in [3])
24227 09:51:16 clock_gettime(CLOCK_BOOTTIME, {605363, 289058609}) = 0
24227 09:51:16 read(3, "!\n\307\361#\22\323Q9\255~\257\"\212\16\234\22a\213\245T\5\17\302U_\333\37L\20\302\217"..., 8192) = 872
24227 09:51:16 clock_gettime(CLOCK_BOOTTIME, {605363, 289161014}) = 0
24227 09:51:16 clock_gettime(CLOCK_BOOTTIME, {605363, 289203151}) = 0
24227 09:51:16 select(7, [3 4], [5], NULL, NULL) = 1 (out [5])
24227 09:51:16 clock_gettime(CLOCK_BOOTTIME, {605363, 289292939}) = 0
24227 09:51:16 write(5, "eth0      Link encap:Ethernet  H"..., 836) = 836
24227 09:51:16 clock_gettime(CLOCK_BOOTTIME, {605363, 289405526}) = 0
24227 09:51:16 clock_gettime(CLOCK_BOOTTIME, {605363, 289446897}) = 0
24227 09:51:16 select(7, [3 4], [], NULL, NULL) = 1 (in [3])
24227 09:51:16 clock_gettime(CLOCK_BOOTTIME, {605363, 293997087}) = 0
24227 09:51:16 read(3, "\317&\247%\6E\204.\2740\374C\301Jn#Q\3131\25\21\23\306\245\263\4S[\331<d\226"..., 8192) = 56
24227 09:51:16 clock_gettime(CLOCK_BOOTTIME, {605363, 294096321}) = 0
24227 09:51:16 clock_gettime(CLOCK_BOOTTIME, {605363, 294138185}) = 0
24227 09:51:16 select(7, [3 4], [5], NULL, NULL) = 1 (out [5])
24227 09:51:16 clock_gettime(CLOCK_BOOTTIME, {605363, 294226713}) = 0
24227 09:51:16 write(5, "[root@ali-p2p-h5-1 ~]# ", 23) = 23
24227 09:51:16 clock_gettime(CLOCK_BOOTTIME, {605363, 294325954}) = 0
24227 09:51:16 clock_gettime(CLOCK_BOOTTIME, {605363, 294373752}) = 0
24227 09:51:16 select(7, [3 4], [], NULL, NULL) = 1 (in [4])
24227 09:51:18 clock_gettime(CLOCK_BOOTTIME, {605365, 305163736}) = 0
24227 09:51:18 read(4, "e", 16384)      = 1
24227 09:51:18 clock_gettime(CLOCK_BOOTTIME, {605365, 305340335}) = 0
24227 09:51:18 clock_gettime(CLOCK_BOOTTIME, {605365, 305391786}) = 0
24227 09:51:18 select(7, [3 4], [3], NULL, NULL) = 1 (out [3])
24227 09:51:18 clock_gettime(CLOCK_BOOTTIME, {605365, 305487061}) = 0
24227 09:51:18 write(3, "\337k:\347,\232\273\35\316\250\241\fD\220\2\211!\207\321\243sr\327\221\216\237\275\263\205}\373Q"..., 40) = 40
24227 09:51:18 clock_gettime(CLOCK_BOOTTIME, {605365, 305587687}) = 0
24227 09:51:18 clock_gettime(CLOCK_BOOTTIME, {605365, 305629696}) = 0
24227 09:51:18 select(7, [3 4], [], NULL, NULL) = 1 (in [3])
24227 09:51:18 clock_gettime(CLOCK_BOOTTIME, {605365, 308021321}) = 0
24227 09:51:18 read(3, "\226W\230+\243\31\210\30\222\376\311N]o\324\rl+\214G8.}Ms\263\355\33\374\341*N"..., 8192) = 40
24227 09:51:18 clock_gettime(CLOCK_BOOTTIME, {605365, 308118486}) = 0
24227 09:51:18 clock_gettime(CLOCK_BOOTTIME, {605365, 308160311}) = 0
24227 09:51:18 select(7, [3 4], [5], NULL, NULL) = 1 (out [5])
24227 09:51:18 clock_gettime(CLOCK_BOOTTIME, {605365, 308249617}) = 0
24227 09:51:18 write(5, "e", 1)         = 1
24227 09:51:18 clock_gettime(CLOCK_BOOTTIME, {605365, 308385764}) = 0
24227 09:51:18 clock_gettime(CLOCK_BOOTTIME, {605365, 308428776}) = 0
24227 09:51:18 select(7, [3 4], [], NULL, NULL) = 1 (in [4])
24227 09:51:19 clock_gettime(CLOCK_BOOTTIME, {605365, 647630890}) = 0
24227 09:51:19 read(4, "x", 16384)      = 1
24227 09:51:19 clock_gettime(CLOCK_BOOTTIME, {605365, 647752856}) = 0
24227 09:51:19 clock_gettime(CLOCK_BOOTTIME, {605365, 647795109}) = 0
24227 09:51:19 select(7, [3 4], [3], NULL, NULL) = 1 (out [3])
24227 09:51:19 clock_gettime(CLOCK_BOOTTIME, {605365, 647887498}) = 0
24227 09:51:19 write(3, "q\351\344M8$w\251Z\234\344\250\277\341\225\335\260\321\3709\243\225\314M\224.\377\260\276D\2P"..., 40) = 40
24227 09:51:19 clock_gettime(CLOCK_BOOTTIME, {605365, 647985218}) = 0
24227 09:51:19 clock_gettime(CLOCK_BOOTTIME, {605365, 648028249}) = 0
24227 09:51:19 select(7, [3 4], [], NULL, NULL) = 1 (in [3])
24227 09:51:19 clock_gettime(CLOCK_BOOTTIME, {605365, 650023985}) = 0
24227 09:51:19 read(3, "G\225\232\340\361\350\27\251X\254m\325\30\354\233?\300\327\366\300\342\30U\250+\223\325\3l\276J\235"..., 8192) = 40
24227 09:51:19 clock_gettime(CLOCK_BOOTTIME, {605365, 650118914}) = 0
24227 09:51:19 clock_gettime(CLOCK_BOOTTIME, {605365, 650162187}) = 0
24227 09:51:19 select(7, [3 4], [5], NULL, NULL) = 1 (out [5])
24227 09:51:19 clock_gettime(CLOCK_BOOTTIME, {605365, 650252916}) = 0
24227 09:51:19 write(5, "x", 1)         = 1
24227 09:51:19 clock_gettime(CLOCK_BOOTTIME, {605365, 650376257}) = 0
24227 09:51:19 clock_gettime(CLOCK_BOOTTIME, {605365, 650419955}) = 0
24227 09:51:19 select(7, [3 4], [], NULL, NULL) = 1 (in [4])
24227 09:51:19 clock_gettime(CLOCK_BOOTTIME, {605365, 857666583}) = 0
24227 09:51:19 read(4, "i", 16384)      = 1
24227 09:51:19 clock_gettime(CLOCK_BOOTTIME, {605365, 857786755}) = 0
24227 09:51:19 clock_gettime(CLOCK_BOOTTIME, {605365, 857828977}) = 0
24227 09:51:19 select(7, [3 4], [3], NULL, NULL) = 1 (out [3])
24227 09:51:19 clock_gettime(CLOCK_BOOTTIME, {605365, 857930053}) = 0
24227 09:51:19 write(3, "\242\342\27\30Xw&%c\33\267\262p\302[\361l\337\310\241,\340\24\31\211Y\6\vv\336\21i"..., 40) = 40
24227 09:51:19 clock_gettime(CLOCK_BOOTTIME, {605365, 858036154}) = 0
24227 09:51:19 clock_gettime(CLOCK_BOOTTIME, {605365, 858079393}) = 0
24227 09:51:19 select(7, [3 4], [], NULL, NULL) = 1 (in [3])
24227 09:51:19 clock_gettime(CLOCK_BOOTTIME, {605365, 860022903}) = 0
24227 09:51:19 read(3, "\267\303/\255I\234\255\t\235\327Z\341<\243e7\242\364\255P\264#\346\"\3477S\2175s\210\353"..., 8192) = 40
24227 09:51:19 clock_gettime(CLOCK_BOOTTIME, {605365, 860119391}) = 0
24227 09:51:19 clock_gettime(CLOCK_BOOTTIME, {605365, 860162991}) = 0
24227 09:51:19 select(7, [3 4], [5], NULL, NULL) = 1 (out [5])
24227 09:51:19 clock_gettime(CLOCK_BOOTTIME, {605365, 860249913}) = 0
24227 09:51:19 write(5, "i", 1)         = 1
24227 09:51:19 clock_gettime(CLOCK_BOOTTIME, {605365, 860381070}) = 0
24227 09:51:19 clock_gettime(CLOCK_BOOTTIME, {605365, 860422902}) = 0
24227 09:51:19 select(7, [3 4], [], NULL, NULL) = 1 (in [4])
24227 09:51:19 clock_gettime(CLOCK_BOOTTIME, {605366, 34112241}) = 0
24227 09:51:19 read(4, "t", 16384)      = 1
24227 09:51:19 clock_gettime(CLOCK_BOOTTIME, {605366, 34228943}) = 0
24227 09:51:19 clock_gettime(CLOCK_BOOTTIME, {605366, 34270970}) = 0
24227 09:51:19 select(7, [3 4], [3], NULL, NULL) = 1 (out [3])
24227 09:51:19 clock_gettime(CLOCK_BOOTTIME, {605366, 34369046}) = 0
24227 09:51:19 write(3, "\361\252J\256\305\321\353&\5_-2}\256\"X\254K\246\r\34\222\362L*\277\204\372\205\2014\264"..., 40) = 40
24227 09:51:19 clock_gettime(CLOCK_BOOTTIME, {605366, 34466082}) = 0
24227 09:51:19 clock_gettime(CLOCK_BOOTTIME, {605366, 34507814}) = 0
24227 09:51:19 select(7, [3 4], [], NULL, NULL) = 1 (in [3])
24227 09:51:19 clock_gettime(CLOCK_BOOTTIME, {605366, 36010258}) = 0
24227 09:51:19 read(3, "h\37\202\222jI{\354/0mqh\325A#\202\351\0350\325 H\f\301\210\245%7\0020l"..., 8192) = 40
24227 09:51:19 clock_gettime(CLOCK_BOOTTIME, {605366, 36102368}) = 0
24227 09:51:19 clock_gettime(CLOCK_BOOTTIME, {605366, 36144035}) = 0
24227 09:51:19 select(7, [3 4], [5], NULL, NULL) = 1 (out [5])
24227 09:51:19 clock_gettime(CLOCK_BOOTTIME, {605366, 36231879}) = 0
24227 09:51:19 write(5, "t", 1)         = 1
24227 09:51:19 clock_gettime(CLOCK_BOOTTIME, {605366, 36359838}) = 0
24227 09:51:19 clock_gettime(CLOCK_BOOTTIME, {605366, 36401640}) = 0
24227 09:51:19 select(7, [3 4], [], NULL, NULL) = 1 (in [4])
24227 09:51:19 clock_gettime(CLOCK_BOOTTIME, {605366, 253071093}) = 0
24227 09:51:19 read(4, "\r", 16384)     = 1
24227 09:51:19 clock_gettime(CLOCK_BOOTTIME, {605366, 253218714}) = 0
24227 09:51:19 clock_gettime(CLOCK_BOOTTIME, {605366, 253261032}) = 0
24227 09:51:19 select(7, [3 4], [3], NULL, NULL) = 1 (out [3])
24227 09:51:19 clock_gettime(CLOCK_BOOTTIME, {605366, 253360894}) = 0
24227 09:51:19 write(3, "\354m\264)@Z2\301\314`\343\366\20\322\204\320\2358\1Y\224\312\247:L\311\217\1\2<\333\313"..., 40) = 40
24227 09:51:19 clock_gettime(CLOCK_BOOTTIME, {605366, 253465393}) = 0
24227 09:51:19 clock_gettime(CLOCK_BOOTTIME, {605366, 253507894}) = 0
24227 09:51:19 select(7, [3 4], [], NULL, NULL) = 1 (in [3])
24227 09:51:19 clock_gettime(CLOCK_BOOTTIME, {605366, 257227195}) = 0
24227 09:51:19 read(3, "v\35(I\t\2\337Eo\273@:\234\360\355?\17\345J1\37\37\206 l$\177\327Zs\304\271"..., 8192) = 40
24227 09:51:19 clock_gettime(CLOCK_BOOTTIME, {605366, 257317927}) = 0
24227 09:51:19 clock_gettime(CLOCK_BOOTTIME, {605366, 257365133}) = 0
24227 09:51:19 select(7, [3 4], [5], NULL, NULL) = 2 (in [3], out [5])
24227 09:51:19 clock_gettime(CLOCK_BOOTTIME, {605366, 257470247}) = 0
24227 09:51:19 write(5, "\r\nlogout\r\n", 10) = 10
24227 09:51:19 read(3, "~\200m\211\235\240r\244\273\266\207dOM6O\27^1z\357\225\256\304", 8192) = 24
24227 09:51:19 close(5)                 = 0
24227 09:51:19 clock_gettime(CLOCK_BOOTTIME, {605366, 257676266}) = 0
24227 09:51:19 clock_gettime(CLOCK_BOOTTIME, {605366, 257716465}) = 0
24227 09:51:19 select(7, [3 4], [], NULL, NULL) = 1 (in [3])
24227 09:51:19 clock_gettime(CLOCK_BOOTTIME, {605366, 260997746}) = 0
24227 09:51:19 read(3, "x\346\232\3W\237\371\375\361%\231\344\332\203=\251|\245\353\301\237\211\260@\nI\3\17\210\372\201m"..., 8192) = 136
24227 09:51:19 close(4)                 = 0
24227 09:51:19 clock_gettime(CLOCK_BOOTTIME, {605366, 261139128}) = 0
24227 09:51:19 clock_gettime(CLOCK_BOOTTIME, {605366, 261180074}) = 0
24227 09:51:19 ioctl(0, SNDCTL_TMR_STOP or TCSETSW, {B38400 opost isig icanon echo ...}) = 0
24227 09:51:19 close(6)                 = 0
24227 09:51:19 select(7, [3], [3], NULL, NULL) = 1 (out [3])
24227 09:51:19 clock_gettime(CLOCK_BOOTTIME, {605366, 261377704}) = 0
24227 09:51:19 write(3, "\336\2506\262\307A\213\215\0\17\vX\322Cc0\266\37\243\277\0l\345\245", 24) = 24
24227 09:51:19 rt_sigaction(SIGWINCH, NULL, {0x55e165455c80, [], SA_RESTORER, 0x7f0383a47270}, 8) = 0
24227 09:51:19 rt_sigaction(SIGWINCH, {SIG_DFL, [], SA_RESTORER, 0x7f0383a47270}, NULL, 8) = 0
24227 09:51:19 write(3, "\16\211\305\371j,D\353\211\0\360}/\364\272\340\352\30\2035\r\\\311\263\355\210\372\16!\315\254\t"..., 56) = 56
24227 09:51:19 ioctl(0, TCGETS, {B38400 opost isig icanon echo ...}) = 0
24227 09:51:19 ioctl(1, TCGETS, {B38400 opost isig icanon echo ...}) = 0
24227 09:51:19 ioctl(2, TCGETS, {B38400 opost isig icanon echo ...}) = 0
24227 09:51:19 write(2, "Connection to 10.5.0.208 closed."..., 34) = 34
24227 09:51:19 shutdown(3, SHUT_RDWR)   = 0
24227 09:51:19 close(3)                 = 0
24227 09:51:19 write(1, "random tag:u03qe4yl2p", 21) = 21
24227 09:51:19 exit_group(0)            = ?
24227 09:51:19 +++ exited with 0 +++
