22546 05:40:44 select(4, [3], NULL, NULL, NULL) = 1 (in [3])
22546 05:40:44 read(3, "\0\0\3\274\t!\0\0\1\25\0\0\0\7ssh-rsa\0\0\0\1#\0\0\1\1\0\264"..., 8192) = 976
22546 05:40:44 open("/root/.ssh/known_hosts", O_RDONLY) = 4
22546 05:40:44 fstat(4, {st_mode=S_IFREG|0644, st_size=1177, ...}) = 0
22546 05:40:44 mmap(NULL, 4096, PROT_READ|PROT_WRITE, MAP_PRIVATE|MAP_ANONYMOUS, -1, 0) = 0x7faca6531000
22546 05:40:44 read(4, "172.19.0.36 ssh-rsa AAAAB3NzaC1y"..., 4096) = 1177
22546 05:40:44 read(4, "", 4096)        = 0
22546 05:40:44 close(4)                 = 0
22546 05:40:44 munmap(0x7faca6531000, 4096) = 0
22546 05:40:44 open("/root/.ssh/known_hosts2", O_RDONLY) = -1 ENOENT (No such file or directory)
22546 05:40:44 open("/usr/local/openssh/etc/ssh_known_hosts", O_RDONLY) = -1 ENOENT (No such file or directory)
22546 05:40:44 open("/usr/local/openssh/etc/ssh_known_hosts2", O_RDONLY) = -1 ENOENT (No such file or directory)
22546 05:40:44 clock_gettime(CLOCK_BOOTTIME, {676731, 520254191}) = 0
22546 05:40:44 write(3, "\0\0\0\f\n\25\0\0\0\0\0\0\0\0\0\0", 16) = 16
22546 05:40:44 write(3, "\360\355\353\320s\234\360|d=]\363u\215\231\272\314*G\277\364\320\311\206\21v\302\305\372~P\212"..., 40) = 40
22546 05:40:44 select(4, [3], NULL, NULL, NULL) = 1 (in [3])
22546 05:40:44 read(3, "\277\r,Efg\27\210y\353\37\370YE\230\fRS\0\332\232\203\360\240\367'\34\262\321$J\257"..., 8192) = 40
22546 05:40:44 write(3, "\211\263\313\360\251\271C\206\33%?\356\375\315\16\6E\302\222\366\362fr@\3231X\217\355\264U\267"..., 56) = 56
22546 05:40:44 select(4, [3], NULL, NULL, NULL) = 1 (in [3])
22546 05:40:44 read(3, "\234\220\3613W\257I\232\36C\27\7D\274\0\321\216q7\334@\3756\336\230O@\302\237\331P\366"..., 8192) = 72
22546 05:40:44 stat("/root/.ssh/id_rsa", 0x7ffe21675110) = -1 ENOENT (No such file or directory)
22546 05:40:44 stat("/root/.ssh/id_dsa", 0x7ffe21675110) = -1 ENOENT (No such file or directory)
22546 05:40:44 stat("/root/.ssh/id_ecdsa", 0x7ffe21675110) = -1 ENOENT (No such file or directory)
22546 05:40:44 stat("/root/.ssh/id_ed25519", 0x7ffe21675110) = -1 ENOENT (No such file or directory)
22546 05:40:44 open("/dev/tty", O_RDWR) = 4
22546 05:40:44 close(4)                 = 0
22546 05:40:44 open("/dev/tty", O_RDWR) = 4
22546 05:40:44 ioctl(4, TCGETS, {B38400 opost isig icanon echo ...}) = 0
22546 05:40:44 ioctl(4, SNDCTL_TMR_CONTINUE or TCSETSF, {B38400 opost isig icanon -echo ...}) = 0
22546 05:40:44 rt_sigaction(SIGALRM, {0x5561250820a0, [], SA_RESTORER, 0x7faca50b5270}, {SIG_DFL, [], 0}, 8) = 0
22546 05:40:44 rt_sigaction(SIGHUP, {0x5561250820a0, [], SA_RESTORER, 0x7faca50b5270}, {SIG_DFL, [], 0}, 8) = 0
22546 05:40:44 rt_sigaction(SIGINT, {0x5561250820a0, [], SA_RESTORER, 0x7faca50b5270}, {SIG_DFL, [], 0}, 8) = 0
22546 05:40:44 rt_sigaction(SIGPIPE, {0x5561250820a0, [], SA_RESTORER, 0x7faca50b5270}, {SIG_IGN, [], SA_RESTORER, 0x7faca50b5270}, 8) = 0
22546 05:40:44 rt_sigaction(SIGQUIT, {0x5561250820a0, [], SA_RESTORER, 0x7faca50b5270}, {SIG_DFL, [], 0}, 8) = 0
22546 05:40:44 rt_sigaction(SIGTERM, {0x5561250820a0, [], SA_RESTORER, 0x7faca50b5270}, {SIG_DFL, [], 0}, 8) = 0
22546 05:40:44 rt_sigaction(SIGTSTP, {0x5561250820a0, [], SA_RESTORER, 0x7faca50b5270}, {SIG_DFL, [], 0}, 8) = 0
22546 05:40:44 rt_sigaction(SIGTTIN, {0x5561250820a0, [], SA_RESTORER, 0x7faca50b5270}, {SIG_DFL, [], 0}, 8) = 0
22546 05:40:44 rt_sigaction(SIGTTOU, {0x5561250820a0, [], SA_RESTORER, 0x7faca50b5270}, {SIG_DFL, [], 0}, 8) = 0
22546 05:40:44 write(4, "root@10.5.0.208's password: ", 28) = 28
22546 05:40:44 read(4, "y", 1)          = 1
22546 05:40:44 read(4, "o", 1)          = 1
22546 05:40:44 read(4, "t", 1)          = 1
22546 05:40:44 read(4, "p", 1)          = 1
22546 05:40:44 read(4, "4", 1)          = 1
22546 05:40:44 read(4, "o", 1)          = 1
22546 05:40:44 read(4, "z", 1)          = 1
22546 05:40:44 read(4, "A", 1)          = 1
22546 05:40:44 read(4, "c", 1)          = 1
22546 05:40:44 read(4, "C", 1)          = 1
22546 05:40:44 read(4, "=", 1)          = 1
22546 05:40:44 read(4, "b", 1)          = 1
22546 05:40:44 read(4, "~", 1)          = 1
22546 05:40:44 read(4, "V", 1)          = 1
22546 05:40:44 read(4, "4", 1)          = 1
22546 05:40:44 read(4, "K", 1)          = 1
22546 05:40:44 read(4, "G", 1)          = 1
22546 05:40:44 read(4, "V", 1)          = 1
22546 05:40:44 read(4, "/", 1)          = 1
22546 05:40:44 read(4, "s", 1)          = 1
22546 05:40:44 read(4, "\n", 1)         = 1
22546 05:40:44 write(4, "\n", 1)        = 1
22546 05:40:44 ioctl(4, SNDCTL_TMR_CONTINUE or TCSETSF, {B38400 opost isig icanon echo ...}) = 0
22546 05:40:44 rt_sigaction(SIGALRM, {SIG_DFL, [], SA_RESTORER, 0x7faca50b5270}, NULL, 8) = 0
22546 05:40:44 rt_sigaction(SIGHUP, {SIG_DFL, [], SA_RESTORER, 0x7faca50b5270}, NULL, 8) = 0
22546 05:40:44 rt_sigaction(SIGINT, {SIG_DFL, [], SA_RESTORER, 0x7faca50b5270}, NULL, 8) = 0
22546 05:40:44 rt_sigaction(SIGQUIT, {SIG_DFL, [], SA_RESTORER, 0x7faca50b5270}, NULL, 8) = 0
22546 05:40:44 rt_sigaction(SIGPIPE, {SIG_IGN, [], SA_RESTORER, 0x7faca50b5270}, NULL, 8) = 0
22546 05:40:44 rt_sigaction(SIGTERM, {SIG_DFL, [], SA_RESTORER, 0x7faca50b5270}, NULL, 8) = 0
22546 05:40:44 rt_sigaction(SIGTSTP, {SIG_DFL, [], SA_RESTORER, 0x7faca50b5270}, NULL, 8) = 0
22546 05:40:44 rt_sigaction(SIGTTIN, {SIG_DFL, [], SA_RESTORER, 0x7faca50b5270}, NULL, 8) = 0
22546 05:40:44 rt_sigaction(SIGTTOU, {SIG_DFL, [], SA_RESTORER, 0x7faca50b5270}, NULL, 8) = 0
22546 05:40:44 close(4)                 = 0
22546 05:40:44 write(3, "e\340\4\234\270\31\3227\273\214\237k\235\264\4\n\367\251j\2206\356\377}\304\3010\350L\240\24\31"..., 136) = 136
22546 05:40:44 select(4, [3], NULL, NULL, NULL) = 1 (in [3])
22546 05:40:44 read(3, "Zg^\336\336\237J%m\345aO#\f\266\263e\245\10\3\300\315n\\", 8192) = 24
22546 05:40:44 dup(0)                   = 4
22546 05:40:44 dup(1)                   = 5
22546 05:40:44 dup(2)                   = 6
22546 05:40:44 ioctl(4, TCGETS, {B38400 opost isig icanon echo ...}) = 0
22546 05:40:44 ioctl(5, TCGETS, {B38400 opost isig icanon echo ...}) = 0
22546 05:40:44 ioctl(6, TCGETS, {B38400 opost isig icanon echo ...}) = 0
22546 05:40:44 fcntl(4, F_SETFD, FD_CLOEXEC) = 0
22546 05:40:44 fcntl(5, F_SETFD, FD_CLOEXEC) = 0
22546 05:40:44 fcntl(6, F_SETFD, FD_CLOEXEC) = 0
22546 05:40:44 rt_sigaction(SIGHUP, NULL, {SIG_DFL, [], SA_RESTORER, 0x7faca50b5270}, 8) = 0
22546 05:40:44 rt_sigaction(SIGHUP, {SIG_IGN, [], SA_RESTORER, 0x7faca50b5270}, NULL, 8) = 0
22546 05:40:44 rt_sigaction(SIGHUP, NULL, {SIG_IGN, [], SA_RESTORER, 0x7faca50b5270}, 8) = 0
22546 05:40:44 rt_sigaction(SIGHUP, {0x55612502a9c0, [], SA_RESTORER, 0x7faca50b5270}, NULL, 8) = 0
22546 05:40:44 rt_sigaction(SIGINT, NULL, {SIG_DFL, [], SA_RESTORER, 0x7faca50b5270}, 8) = 0
22546 05:40:44 rt_sigaction(SIGINT, {SIG_IGN, [], SA_RESTORER, 0x7faca50b5270}, NULL, 8) = 0
22546 05:40:44 rt_sigaction(SIGINT, NULL, {SIG_IGN, [], SA_RESTORER, 0x7faca50b5270}, 8) = 0
22546 05:40:44 rt_sigaction(SIGINT, {0x55612502a9c0, [], SA_RESTORER, 0x7faca50b5270}, NULL, 8) = 0
22546 05:40:44 rt_sigaction(SIGQUIT, NULL, {SIG_DFL, [], SA_RESTORER, 0x7faca50b5270}, 8) = 0
22546 05:40:44 rt_sigaction(SIGQUIT, {SIG_IGN, [], SA_RESTORER, 0x7faca50b5270}, NULL, 8) = 0
22546 05:40:44 rt_sigaction(SIGQUIT, NULL, {SIG_IGN, [], SA_RESTORER, 0x7faca50b5270}, 8) = 0
22546 05:40:44 rt_sigaction(SIGQUIT, {0x55612502a9c0, [], SA_RESTORER, 0x7faca50b5270}, NULL, 8) = 0
22546 05:40:44 rt_sigaction(SIGTERM, NULL, {SIG_DFL, [], SA_RESTORER, 0x7faca50b5270}, 8) = 0
22546 05:40:44 rt_sigaction(SIGTERM, {SIG_IGN, [], SA_RESTORER, 0x7faca50b5270}, NULL, 8) = 0
22546 05:40:44 rt_sigaction(SIGTERM, NULL, {SIG_IGN, [], SA_RESTORER, 0x7faca50b5270}, 8) = 0
22546 05:40:44 rt_sigaction(SIGTERM, {0x55612502a9c0, [], SA_RESTORER, 0x7faca50b5270}, NULL, 8) = 0
22546 05:40:44 rt_sigaction(SIGWINCH, NULL, {SIG_DFL, [], 0}, 8) = 0
22546 05:40:44 rt_sigaction(SIGWINCH, {0x55612502ac50, [], SA_RESTORER, 0x7faca50b5270}, NULL, 8) = 0
22546 05:40:44 ioctl(0, TCGETS, {B38400 opost isig icanon echo ...}) = 0
22546 05:40:44 ioctl(0, SNDCTL_TMR_STOP or TCSETSW, {B38400 -opost -isig -icanon -echo ...}) = 0
22546 05:40:44 clock_gettime(CLOCK_BOOTTIME, {676731, 596625791}) = 0
22546 05:40:44 clock_gettime(CLOCK_BOOTTIME, {676731, 596672732}) = 0
22546 05:40:44 select(7, [3], [3], NULL, NULL) = 1 (out [3])
22546 05:40:44 clock_gettime(CLOCK_BOOTTIME, {676731, 596771802}) = 0
22546 05:40:44 write(3, ";\354\32\245\27\207~Z\335\22\1o\207R\255\264!\236\360\237\1h\317Q\27\30\267p\216tf\214"..., 112) = 112
22546 05:40:44 clock_gettime(CLOCK_BOOTTIME, {676731, 596864452}) = 0
22546 05:40:44 clock_gettime(CLOCK_BOOTTIME, {676731, 596905789}) = 0
22546 05:40:44 select(7, [3], [], NULL, NULL) = 1 (in [3])
22546 05:40:44 clock_gettime(CLOCK_BOOTTIME, {676731, 600089130}) = 0
22546 05:40:44 read(3, "\r\266\263\211B\331\35i\330\22\264\24\242\353\247\206H\353QzY\346D|\n*\225*\225\246|\250"..., 8192) = 40
22546 05:40:44 getsockopt(3, SOL_TCP, TCP_NODELAY, [0], [4]) = 0
22546 05:40:44 setsockopt(3, SOL_TCP, TCP_NODELAY, [1], 4) = 0
22546 05:40:44 getsockname(3, {sa_family=AF_INET, sin_port=htons(51318), sin_addr=inet_addr("10.5.0.222")}, [16]) = 0
22546 05:40:44 setsockopt(3, SOL_IP, IP_TOS, [16], 4) = 0
22546 05:40:44 ioctl(0, TIOCGWINSZ, {ws_row=24, ws_col=147, ws_xpixel=0, ws_ypixel=0}) = 0
22546 05:40:44 clock_gettime(CLOCK_BOOTTIME, {676731, 600431472}) = 0
22546 05:40:44 clock_gettime(CLOCK_BOOTTIME, {676731, 600473026}) = 0
22546 05:40:44 select(7, [3], [3], NULL, NULL) = 1 (out [3])
22546 05:40:44 clock_gettime(CLOCK_BOOTTIME, {676731, 600559419}) = 0
22546 05:40:44 write(3, "\0270\n\232\316rA\321\377\337/\330G\274\263\247M\302\234\10\302X\266\306MR\345\333[\343D@"..., 368) = 368
22546 05:40:44 clock_gettime(CLOCK_BOOTTIME, {676731, 600655605}) = 0
22546 05:40:44 clock_gettime(CLOCK_BOOTTIME, {676731, 600696718}) = 0
22546 05:40:44 select(7, [3], [], NULL, NULL) = 1 (in [3])
22546 05:40:44 clock_gettime(CLOCK_BOOTTIME, {676731, 601191253}) = 0
22546 05:40:44 read(3, "\257S}J\376(\32`\271I+P[{\203\32R\6\331\301aI\344\346\264R\201.X!\335\1"..., 8192) = 88
22546 05:40:44 clock_gettime(CLOCK_BOOTTIME, {676731, 601282952}) = 0
22546 05:40:44 clock_gettime(CLOCK_BOOTTIME, {676731, 601323822}) = 0
22546 05:40:44 select(7, [3 4], [], NULL, NULL) = 1 (in [3])
22546 05:40:45 clock_gettime(CLOCK_BOOTTIME, {676731, 606214601}) = 0
22546 05:40:45 read(3, "\27=\237\177\271\225\224\233\34\fy\350YU\330p@M\fp\227\207\364\320j\204\213Z\200\"]\200"..., 8192) = 152
22546 05:40:45 clock_gettime(CLOCK_BOOTTIME, {676731, 606308454}) = 0
22546 05:40:45 clock_gettime(CLOCK_BOOTTIME, {676731, 606350689}) = 0
22546 05:40:45 select(7, [3 4], [5], NULL, NULL) = 1 (out [5])
22546 05:40:45 clock_gettime(CLOCK_BOOTTIME, {676731, 606438402}) = 0
22546 05:40:45 write(5, "Last login: Fri Jun 22 13:40:27 "..., 111) = 111
22546 05:40:45 clock_gettime(CLOCK_BOOTTIME, {676731, 606565345}) = 0
22546 05:40:45 clock_gettime(CLOCK_BOOTTIME, {676731, 606607406}) = 0
22546 05:40:45 select(7, [3 4], [], NULL, NULL) = 1 (in [3])
22546 05:40:45 clock_gettime(CLOCK_BOOTTIME, {676731, 622475273}) = 0
22546 05:40:45 read(3, "@Q\325\304\\N;\4\32=\33JR\345\0\305\314|58\350\1\tl1\206(\262&\342F\301"..., 8192) = 56
22546 05:40:45 clock_gettime(CLOCK_BOOTTIME, {676731, 622571248}) = 0
22546 05:40:45 clock_gettime(CLOCK_BOOTTIME, {676731, 622612015}) = 0
22546 05:40:45 select(7, [3 4], [5], NULL, NULL) = 1 (out [5])
22546 05:40:45 clock_gettime(CLOCK_BOOTTIME, {676731, 622699103}) = 0
22546 05:40:45 write(5, "[root@ali-p2p-h5-1 ~]# ", 23) = 23
22546 05:40:45 clock_gettime(CLOCK_BOOTTIME, {676731, 622823740}) = 0
22546 05:40:45 clock_gettime(CLOCK_BOOTTIME, {676731, 622864006}) = 0
22546 05:40:45 select(7, [3 4], [], NULL, NULL) = 1 (in [4])
22546 05:40:46 clock_gettime(CLOCK_BOOTTIME, {676732, 793540570}) = 0
22546 05:40:46 read(4, "e", 16384)      = 1
22546 05:40:46 clock_gettime(CLOCK_BOOTTIME, {676732, 793654091}) = 0
22546 05:40:46 clock_gettime(CLOCK_BOOTTIME, {676732, 793697505}) = 0
22546 05:40:46 select(7, [3 4], [3], NULL, NULL) = 1 (out [3])
22546 05:40:46 clock_gettime(CLOCK_BOOTTIME, {676732, 793798276}) = 0
22546 05:40:46 write(3, "/\326\321\202\36\311\212\347B\315a \2402\341'9\254\317\316)SmR\321\315\255K\262/\"\307"..., 40) = 40
22546 05:40:46 clock_gettime(CLOCK_BOOTTIME, {676732, 793909481}) = 0
22546 05:40:46 clock_gettime(CLOCK_BOOTTIME, {676732, 793951842}) = 0
22546 05:40:46 select(7, [3 4], [], NULL, NULL) = 1 (in [3])
22546 05:40:46 clock_gettime(CLOCK_BOOTTIME, {676732, 795461041}) = 0
22546 05:40:46 read(3, "\225\33sW\356\31\311\350\343\215\243bss!\240\37:\231g\1DS;\222\0\202\322:twA"..., 8192) = 40
22546 05:40:46 clock_gettime(CLOCK_BOOTTIME, {676732, 795552515}) = 0
22546 05:40:46 clock_gettime(CLOCK_BOOTTIME, {676732, 795594150}) = 0
22546 05:40:46 select(7, [3 4], [5], NULL, NULL) = 1 (out [5])
22546 05:40:46 clock_gettime(CLOCK_BOOTTIME, {676732, 795683317}) = 0
22546 05:40:46 write(5, "e", 1)         = 1
22546 05:40:46 clock_gettime(CLOCK_BOOTTIME, {676732, 795811921}) = 0
22546 05:40:46 clock_gettime(CLOCK_BOOTTIME, {676732, 795853097}) = 0
22546 05:40:46 select(7, [3 4], [], NULL, NULL) = 1 (in [4])
22546 05:40:46 clock_gettime(CLOCK_BOOTTIME, {676733, 89374950}) = 0
22546 05:40:46 read(4, "x", 16384)      = 1
22546 05:40:46 clock_gettime(CLOCK_BOOTTIME, {676733, 89497627}) = 0
22546 05:40:46 clock_gettime(CLOCK_BOOTTIME, {676733, 89539886}) = 0
22546 05:40:46 select(7, [3 4], [3], NULL, NULL) = 1 (out [3])
22546 05:40:46 clock_gettime(CLOCK_BOOTTIME, {676733, 89631696}) = 0
22546 05:40:46 write(3, "\271\357J\366\255l\\\203))\204\6\247:\341\351\207\377\361\353\204\374\33\262\n\6J\267\254\333\22\211"..., 40) = 40
22546 05:40:46 clock_gettime(CLOCK_BOOTTIME, {676733, 89746312}) = 0
22546 05:40:46 clock_gettime(CLOCK_BOOTTIME, {676733, 89787842}) = 0
22546 05:40:46 select(7, [3 4], [], NULL, NULL) = 1 (in [3])
22546 05:40:46 clock_gettime(CLOCK_BOOTTIME, {676733, 91461382}) = 0
22546 05:40:46 read(3, "u\270\302\356l\202\263\356\36\3075\240\360U\321\260\360T\313\261Y\332\242\263\303\22\354\255\332s\252\26"..., 8192) = 40
22546 05:40:46 clock_gettime(CLOCK_BOOTTIME, {676733, 91554199}) = 0
22546 05:40:46 clock_gettime(CLOCK_BOOTTIME, {676733, 91596580}) = 0
22546 05:40:46 select(7, [3 4], [5], NULL, NULL) = 1 (out [5])
22546 05:40:46 clock_gettime(CLOCK_BOOTTIME, {676733, 91684784}) = 0
22546 05:40:46 write(5, "x", 1)         = 1
22546 05:40:46 clock_gettime(CLOCK_BOOTTIME, {676733, 91811799}) = 0
22546 05:40:46 clock_gettime(CLOCK_BOOTTIME, {676733, 91854032}) = 0
22546 05:40:46 select(7, [3 4], [], NULL, NULL) = 1 (in [4])
22546 05:40:46 clock_gettime(CLOCK_BOOTTIME, {676733, 218311885}) = 0
22546 05:40:46 read(4, "i", 16384)      = 1
22546 05:40:46 clock_gettime(CLOCK_BOOTTIME, {676733, 218420820}) = 0
22546 05:40:46 clock_gettime(CLOCK_BOOTTIME, {676733, 218463918}) = 0
22546 05:40:46 select(7, [3 4], [3], NULL, NULL) = 1 (out [3])
22546 05:40:46 clock_gettime(CLOCK_BOOTTIME, {676733, 218552823}) = 0
22546 05:40:46 write(3, "\217\225=\244\316\260\364\250\10V\255\235\345\255\205Tb &j\236\0P\325\n\1\212\334l\30l\265"..., 40) = 40
22546 05:40:46 clock_gettime(CLOCK_BOOTTIME, {676733, 218646945}) = 0
22546 05:40:46 clock_gettime(CLOCK_BOOTTIME, {676733, 218688565}) = 0
22546 05:40:46 select(7, [3 4], [], NULL, NULL) = 1 (in [3])
22546 05:40:46 clock_gettime(CLOCK_BOOTTIME, {676733, 220458660}) = 0
22546 05:40:46 read(3, "\217\37\357\37\220\306\f\234\274\267\251\341Wg{\373c\321\354\336<\310\270c,\34\357m;\354\267\367"..., 8192) = 40
22546 05:40:46 clock_gettime(CLOCK_BOOTTIME, {676733, 220549663}) = 0
22546 05:40:46 clock_gettime(CLOCK_BOOTTIME, {676733, 220591122}) = 0
22546 05:40:46 select(7, [3 4], [5], NULL, NULL) = 1 (out [5])
22546 05:40:46 clock_gettime(CLOCK_BOOTTIME, {676733, 220679457}) = 0
22546 05:40:46 write(5, "i", 1)         = 1
22546 05:40:46 clock_gettime(CLOCK_BOOTTIME, {676733, 220802307}) = 0
22546 05:40:46 clock_gettime(CLOCK_BOOTTIME, {676733, 220844445}) = 0
22546 05:40:46 select(7, [3 4], [], NULL, NULL) = 1 (in [4])
22546 05:40:46 clock_gettime(CLOCK_BOOTTIME, {676733, 385442491}) = 0
22546 05:40:46 read(4, "t", 16384)      = 1
22546 05:40:46 clock_gettime(CLOCK_BOOTTIME, {676733, 385545074}) = 0
22546 05:40:46 clock_gettime(CLOCK_BOOTTIME, {676733, 385587779}) = 0
22546 05:40:46 select(7, [3 4], [3], NULL, NULL) = 1 (out [3])
22546 05:40:46 clock_gettime(CLOCK_BOOTTIME, {676733, 385690727}) = 0
22546 05:40:46 write(3, "\v\21\"\331\355h\324\0270\0329\177\333yu\10\7!\220C\310\355\366\337\7\301\33\264\205o\2013"..., 40) = 40
22546 05:40:46 clock_gettime(CLOCK_BOOTTIME, {676733, 385793076}) = 0
22546 05:40:46 clock_gettime(CLOCK_BOOTTIME, {676733, 385834146}) = 0
22546 05:40:46 select(7, [3 4], [], NULL, NULL) = 1 (in [3])
22546 05:40:46 clock_gettime(CLOCK_BOOTTIME, {676733, 387460589}) = 0
22546 05:40:46 read(3, "6\347a\222\255\200\377\222${\255\201\303\337\207\16\250o3I\36\346\235[\270\332\242\353\321^\240p"..., 8192) = 40
22546 05:40:46 clock_gettime(CLOCK_BOOTTIME, {676733, 387551420}) = 0
22546 05:40:46 clock_gettime(CLOCK_BOOTTIME, {676733, 387593276}) = 0
22546 05:40:46 select(7, [3 4], [5], NULL, NULL) = 1 (out [5])
22546 05:40:46 clock_gettime(CLOCK_BOOTTIME, {676733, 387681432}) = 0
22546 05:40:46 write(5, "t", 1)         = 1
22546 05:40:46 clock_gettime(CLOCK_BOOTTIME, {676733, 387813499}) = 0
22546 05:40:46 clock_gettime(CLOCK_BOOTTIME, {676733, 387857232}) = 0
22546 05:40:46 select(7, [3 4], [], NULL, NULL) = 1 (in [4])
22546 05:40:46 clock_gettime(CLOCK_BOOTTIME, {676733, 514903669}) = 0
22546 05:40:46 read(4, "\r", 16384)     = 1
22546 05:40:46 clock_gettime(CLOCK_BOOTTIME, {676733, 515008118}) = 0
22546 05:40:46 clock_gettime(CLOCK_BOOTTIME, {676733, 515053396}) = 0
22546 05:40:46 select(7, [3 4], [3], NULL, NULL) = 1 (out [3])
22546 05:40:46 clock_gettime(CLOCK_BOOTTIME, {676733, 515144046}) = 0
22546 05:40:46 write(3, "\251\317a[\210V\262\211\332EN\357\2041\33~\323\334@p\330\337f\0\327m\335\336xa\274\345"..., 40) = 40
22546 05:40:46 clock_gettime(CLOCK_BOOTTIME, {676733, 515239316}) = 0
22546 05:40:46 clock_gettime(CLOCK_BOOTTIME, {676733, 515280783}) = 0
22546 05:40:46 select(7, [3 4], [], NULL, NULL) = 1 (in [3])
22546 05:40:46 clock_gettime(CLOCK_BOOTTIME, {676733, 521701291}) = 0
22546 05:40:46 read(3, "\333\351|\362\323\335?y\3544\3709\200)\344T\224\201I\222\312n|\243'\235\231i\256ID\244"..., 8192) = 200
22546 05:40:46 close(4)                 = 0
22546 05:40:46 clock_gettime(CLOCK_BOOTTIME, {676733, 521853788}) = 0
22546 05:40:46 clock_gettime(CLOCK_BOOTTIME, {676733, 521895223}) = 0
22546 05:40:46 select(7, [3], [5], NULL, NULL) = 1 (out [5])
22546 05:40:46 clock_gettime(CLOCK_BOOTTIME, {676733, 521983112}) = 0
22546 05:40:46 write(5, "\r\nlogout\r\n", 10) = 10
22546 05:40:46 clock_gettime(CLOCK_BOOTTIME, {676733, 522099801}) = 0
22546 05:40:46 clock_gettime(CLOCK_BOOTTIME, {676733, 522142187}) = 0
22546 05:40:46 close(5)                 = 0
22546 05:40:46 ioctl(0, SNDCTL_TMR_STOP or TCSETSW, {B38400 opost isig icanon echo ...}) = 0
22546 05:40:46 close(6)                 = 0
22546 05:40:46 select(7, [3], [3], NULL, NULL) = 1 (out [3])
22546 05:40:46 clock_gettime(CLOCK_BOOTTIME, {676733, 522379856}) = 0
22546 05:40:46 write(3, "\257\351\263H\201m\232\237j&\244\212]R\33\222\354\30\277V\"r\343t", 24) = 24
22546 05:40:46 rt_sigaction(SIGWINCH, NULL, {0x55612502ac50, [], SA_RESTORER, 0x7faca50b5270}, 8) = 0
22546 05:40:46 rt_sigaction(SIGWINCH, {SIG_DFL, [], SA_RESTORER, 0x7faca50b5270}, NULL, 8) = 0
22546 05:40:46 write(3, "\2317\350L\3\366\233\357\22N\356\252\316\231l\316R\232N??\215\264\304,\3564A\301\210z\335"..., 56) = 56
22546 05:40:46 ioctl(0, TCGETS, {B38400 opost isig icanon echo ...}) = 0
22546 05:40:46 ioctl(1, TCGETS, {B38400 opost isig icanon echo ...}) = 0
22546 05:40:46 ioctl(2, TCGETS, {B38400 opost isig icanon echo ...}) = 0
22546 05:40:46 write(2, "Connection to 10.5.0.208 closed."..., 34) = 34
22546 05:40:46 shutdown(3, SHUT_RDWR)   = 0
22546 05:40:46 close(3)                 = 0
22546 05:40:46 exit_group(0)            = ?
22546 05:40:46 +++ exited with 0 +++
