25644 10:24:53 select(4, [3], NULL, NULL, NULL) = 1 (in [3])
25644 10:24:53 read(3, "\0\0\3\274\n!\0\0\1\25\0\0\0\7ssh-rsa\0\0\0\1#\0\0\1\1\0\264"..., 8192) = 976
25644 10:24:53 open("/root/.ssh/known_hosts", O_RDONLY) = 4
25644 10:24:53 fstat(4, {st_mode=S_IFREG|0644, st_size=1177, ...}) = 0
25644 10:24:53 mmap(NULL, 4096, PROT_READ|PROT_WRITE, MAP_PRIVATE|MAP_ANONYMOUS, -1, 0) = 0x7fa72a14d000
25644 10:24:53 read(4, "172.19.0.36 ssh-rsa AAAAB3NzaC1y"..., 4096) = 1177
25644 10:24:53 read(4, "", 4096)        = 0
25644 10:24:53 close(4)                 = 0
25644 10:24:53 munmap(0x7fa72a14d000, 4096) = 0
25644 10:24:53 open("/root/.ssh/known_hosts2", O_RDONLY) = -1 ENOENT (No such file or directory)
25644 10:24:53 open("/usr/local/openssh/etc/ssh_known_hosts", O_RDONLY) = -1 ENOENT (No such file or directory)
25644 10:24:53 open("/usr/local/openssh/etc/ssh_known_hosts2", O_RDONLY) = -1 ENOENT (No such file or directory)
25644 10:24:53 clock_gettime(CLOCK_BOOTTIME, {607379, 892380632}) = 0
25644 10:24:53 write(3, "\0\0\0\f\n\25\0\0\0\0\0\0\0\0\0\0", 16) = 16
25644 10:24:53 write(3, "\275\244\2553\5\242\321/Q\302.\201TT\211\214\244\2\321e\241\350\370\247\201!\261\365 \373\352-"..., 40) = 40
25644 10:24:53 select(4, [3], NULL, NULL, NULL) = 1 (in [3])
25644 10:24:53 read(3, "<\222\247z\6\356\266\224\301\26\rn\370\302\214\333M\306z\343\324\203\307\240)\276\30\\\3G\237C"..., 8192) = 40
25644 10:24:53 write(3, "\336\275y{\370\254kl\251\v\312\301\275\373\212\307\374\310\306\361)\244\n\355u\352K\325\3648\274W"..., 56) = 56
25644 10:24:53 select(4, [3], NULL, NULL, NULL) = 1 (in [3])
25644 10:24:53 read(3, "N\32t\273\27\212]AqZ\20\246\242\223\n\260x\205\17\227F\356J\264\335\310\325y\270\242~\225"..., 8192) = 72
25644 10:24:53 stat("/root/.ssh/id_rsa", 0x7fffbea7ea90) = -1 ENOENT (No such file or directory)
25644 10:24:53 stat("/root/.ssh/id_dsa", 0x7fffbea7ea90) = -1 ENOENT (No such file or directory)
25644 10:24:53 stat("/root/.ssh/id_ecdsa", 0x7fffbea7ea90) = -1 ENOENT (No such file or directory)
25644 10:24:53 stat("/root/.ssh/id_ed25519", 0x7fffbea7ea90) = -1 ENOENT (No such file or directory)
25644 10:24:53 open("/dev/tty", O_RDWR) = 4
25644 10:24:53 close(4)                 = 0
25644 10:24:53 open("/dev/tty", O_RDWR) = 4
25644 10:24:53 ioctl(4, TCGETS, {B38400 opost isig icanon echo ...}) = 0
25644 10:24:53 ioctl(4, SNDCTL_TMR_CONTINUE or TCSETSF, {B38400 opost isig icanon -echo ...}) = 0
25644 10:24:53 rt_sigaction(SIGALRM, {0x55cd5b0b10d0, [], SA_RESTORER, 0x7fa728cd2270}, {SIG_DFL, [], 0}, 8) = 0
25644 10:24:53 rt_sigaction(SIGHUP, {0x55cd5b0b10d0, [], SA_RESTORER, 0x7fa728cd2270}, {SIG_DFL, [], 0}, 8) = 0
25644 10:24:53 rt_sigaction(SIGINT, {0x55cd5b0b10d0, [], SA_RESTORER, 0x7fa728cd2270}, {SIG_DFL, [], 0}, 8) = 0
25644 10:24:53 rt_sigaction(SIGPIPE, {0x55cd5b0b10d0, [], SA_RESTORER, 0x7fa728cd2270}, {SIG_IGN, [], SA_RESTORER, 0x7fa728cd2270}, 8) = 0
25644 10:24:53 rt_sigaction(SIGQUIT, {0x55cd5b0b10d0, [], SA_RESTORER, 0x7fa728cd2270}, {SIG_DFL, [], 0}, 8) = 0
25644 10:24:53 rt_sigaction(SIGTERM, {0x55cd5b0b10d0, [], SA_RESTORER, 0x7fa728cd2270}, {SIG_DFL, [], 0}, 8) = 0
25644 10:24:53 rt_sigaction(SIGTSTP, {0x55cd5b0b10d0, [], SA_RESTORER, 0x7fa728cd2270}, {SIG_DFL, [], 0}, 8) = 0
25644 10:24:53 rt_sigaction(SIGTTIN, {0x55cd5b0b10d0, [], SA_RESTORER, 0x7fa728cd2270}, {SIG_DFL, [], 0}, 8) = 0
25644 10:24:53 rt_sigaction(SIGTTOU, {0x55cd5b0b10d0, [], SA_RESTORER, 0x7fa728cd2270}, {SIG_DFL, [], 0}, 8) = 0
25644 10:24:53 write(4, "root@10.5.0.208's password: ", 28) = 28
25644 10:24:53 read(4, "y", 1)          = 1
25644 10:24:53 read(4, "o", 1)          = 1
25644 10:24:53 read(4, "t", 1)          = 1
25644 10:24:53 read(4, "p", 1)          = 1
25644 10:24:53 read(4, "4", 1)          = 1
25644 10:24:53 read(4, "o", 1)          = 1
25644 10:24:53 read(4, "z", 1)          = 1
25644 10:24:53 read(4, "A", 1)          = 1
25644 10:24:53 read(4, "c", 1)          = 1
25644 10:24:53 read(4, "C", 1)          = 1
25644 10:24:53 read(4, "=", 1)          = 1
25644 10:24:53 read(4, "b", 1)          = 1
25644 10:24:53 read(4, "~", 1)          = 1
25644 10:24:53 read(4, "V", 1)          = 1
25644 10:24:53 read(4, "4", 1)          = 1
25644 10:24:53 read(4, "K", 1)          = 1
25644 10:24:53 read(4, "G", 1)          = 1
25644 10:24:53 read(4, "V", 1)          = 1
25644 10:24:53 read(4, "/", 1)          = 1
25644 10:24:53 read(4, "s", 1)          = 1
25644 10:24:53 read(4, "\n", 1)         = 1
25644 10:24:53 write(4, "\n", 1)        = 1
25644 10:24:53 ioctl(4, SNDCTL_TMR_CONTINUE or TCSETSF, {B38400 opost isig icanon echo ...}) = 0
25644 10:24:53 rt_sigaction(SIGALRM, {SIG_DFL, [], SA_RESTORER, 0x7fa728cd2270}, NULL, 8) = 0
25644 10:24:53 rt_sigaction(SIGHUP, {SIG_DFL, [], SA_RESTORER, 0x7fa728cd2270}, NULL, 8) = 0
25644 10:24:53 rt_sigaction(SIGINT, {SIG_DFL, [], SA_RESTORER, 0x7fa728cd2270}, NULL, 8) = 0
25644 10:24:53 rt_sigaction(SIGQUIT, {SIG_DFL, [], SA_RESTORER, 0x7fa728cd2270}, NULL, 8) = 0
25644 10:24:53 rt_sigaction(SIGPIPE, {SIG_IGN, [], SA_RESTORER, 0x7fa728cd2270}, NULL, 8) = 0
25644 10:24:53 rt_sigaction(SIGTERM, {SIG_DFL, [], SA_RESTORER, 0x7fa728cd2270}, NULL, 8) = 0
25644 10:24:53 rt_sigaction(SIGTSTP, {SIG_DFL, [], SA_RESTORER, 0x7fa728cd2270}, NULL, 8) = 0
25644 10:24:53 rt_sigaction(SIGTTIN, {SIG_DFL, [], SA_RESTORER, 0x7fa728cd2270}, NULL, 8) = 0
25644 10:24:53 rt_sigaction(SIGTTOU, {SIG_DFL, [], SA_RESTORER, 0x7fa728cd2270}, NULL, 8) = 0
25644 10:24:53 close(4)                 = 0
25644 10:24:53 write(3, "R\220~\363\367\323\370\210\255f\31d\24\215\204\245\v\220_\315-\305\260\6\3^X\17\0\240\240X"..., 136) = 136
25644 10:24:53 select(4, [3], NULL, NULL, NULL) = 1 (in [3])
25644 10:24:53 read(3, "\262T'd\341\0023\266\231\311\16F\322/\6\2016k\235a\333hz\270", 8192) = 24
25644 10:24:53 dup(0)                   = 4
25644 10:24:53 dup(1)                   = 5
25644 10:24:53 dup(2)                   = 6
25644 10:24:53 ioctl(4, TCGETS, {B38400 opost isig icanon echo ...}) = 0
25644 10:24:53 ioctl(5, TCGETS, {B38400 opost isig icanon echo ...}) = 0
25644 10:24:53 ioctl(6, TCGETS, {B38400 opost isig icanon echo ...}) = 0
25644 10:24:53 fcntl(4, F_SETFD, FD_CLOEXEC) = 0
25644 10:24:53 fcntl(5, F_SETFD, FD_CLOEXEC) = 0
25644 10:24:53 fcntl(6, F_SETFD, FD_CLOEXEC) = 0
25644 10:24:53 rt_sigaction(SIGHUP, NULL, {SIG_DFL, [], SA_RESTORER, 0x7fa728cd2270}, 8) = 0
25644 10:24:53 rt_sigaction(SIGHUP, {SIG_IGN, [], SA_RESTORER, 0x7fa728cd2270}, NULL, 8) = 0
25644 10:24:53 rt_sigaction(SIGHUP, NULL, {SIG_IGN, [], SA_RESTORER, 0x7fa728cd2270}, 8) = 0
25644 10:24:53 rt_sigaction(SIGHUP, {0x55cd5b0599f0, [], SA_RESTORER, 0x7fa728cd2270}, NULL, 8) = 0
25644 10:24:53 rt_sigaction(SIGINT, NULL, {SIG_DFL, [], SA_RESTORER, 0x7fa728cd2270}, 8) = 0
25644 10:24:53 rt_sigaction(SIGINT, {SIG_IGN, [], SA_RESTORER, 0x7fa728cd2270}, NULL, 8) = 0
25644 10:24:53 rt_sigaction(SIGINT, NULL, {SIG_IGN, [], SA_RESTORER, 0x7fa728cd2270}, 8) = 0
25644 10:24:53 rt_sigaction(SIGINT, {0x55cd5b0599f0, [], SA_RESTORER, 0x7fa728cd2270}, NULL, 8) = 0
25644 10:24:53 rt_sigaction(SIGQUIT, NULL, {SIG_DFL, [], SA_RESTORER, 0x7fa728cd2270}, 8) = 0
25644 10:24:53 rt_sigaction(SIGQUIT, {SIG_IGN, [], SA_RESTORER, 0x7fa728cd2270}, NULL, 8) = 0
25644 10:24:53 rt_sigaction(SIGQUIT, NULL, {SIG_IGN, [], SA_RESTORER, 0x7fa728cd2270}, 8) = 0
25644 10:24:53 rt_sigaction(SIGQUIT, {0x55cd5b0599f0, [], SA_RESTORER, 0x7fa728cd2270}, NULL, 8) = 0
25644 10:24:53 rt_sigaction(SIGTERM, NULL, {SIG_DFL, [], SA_RESTORER, 0x7fa728cd2270}, 8) = 0
25644 10:24:53 rt_sigaction(SIGTERM, {SIG_IGN, [], SA_RESTORER, 0x7fa728cd2270}, NULL, 8) = 0
25644 10:24:53 rt_sigaction(SIGTERM, NULL, {SIG_IGN, [], SA_RESTORER, 0x7fa728cd2270}, 8) = 0
25644 10:24:53 rt_sigaction(SIGTERM, {0x55cd5b0599f0, [], SA_RESTORER, 0x7fa728cd2270}, NULL, 8) = 0
25644 10:24:53 rt_sigaction(SIGWINCH, NULL, {SIG_DFL, [], 0}, 8) = 0
25644 10:24:53 rt_sigaction(SIGWINCH, {0x55cd5b059c80, [], SA_RESTORER, 0x7fa728cd2270}, NULL, 8) = 0
25644 10:24:53 ioctl(0, TCGETS, {B38400 opost isig icanon echo ...}) = 0
25644 10:24:53 ioctl(0, SNDCTL_TMR_STOP or TCSETSW, {B38400 -opost -isig -icanon -echo ...}) = 0
25644 10:24:53 clock_gettime(CLOCK_BOOTTIME, {607379, 960490308}) = 0
25644 10:24:53 clock_gettime(CLOCK_BOOTTIME, {607379, 960541813}) = 0
25644 10:24:53 select(7, [3], [3], NULL, NULL) = 1 (out [3])
25644 10:24:53 clock_gettime(CLOCK_BOOTTIME, {607379, 960626214}) = 0
25644 10:24:53 write(3, "R\345\354\254\242D\353aI6\366\275\300Gq\27\2641\f\3125w\3341\271\240\247\227iBnN"..., 112) = 112
25644 10:24:53 clock_gettime(CLOCK_BOOTTIME, {607379, 960716019}) = 0
25644 10:24:53 clock_gettime(CLOCK_BOOTTIME, {607379, 960755283}) = 0
25644 10:24:53 select(7, [3], [], NULL, NULL) = 1 (in [3])
25644 10:24:53 clock_gettime(CLOCK_BOOTTIME, {607379, 963835656}) = 0
25644 10:24:53 read(3, "\202\16|^\360\202\331\245\321\317\367\4\324\320\300\301\362\255\275M\2077\340=\223\305\355\306\302pb2"..., 8192) = 40
25644 10:24:53 getsockopt(3, SOL_TCP, TCP_NODELAY, [0], [4]) = 0
25644 10:24:53 setsockopt(3, SOL_TCP, TCP_NODELAY, [1], 4) = 0
25644 10:24:53 getsockname(3, {sa_family=AF_INET, sin_port=htons(48588), sin_addr=inet_addr("10.5.0.222")}, [16]) = 0
25644 10:24:53 setsockopt(3, SOL_IP, IP_TOS, [16], 4) = 0
25644 10:24:53 ioctl(0, TIOCGWINSZ, {ws_row=45, ws_col=132, ws_xpixel=0, ws_ypixel=0}) = 0
25644 10:24:53 clock_gettime(CLOCK_BOOTTIME, {607379, 964172724}) = 0
25644 10:24:53 clock_gettime(CLOCK_BOOTTIME, {607379, 964212591}) = 0
25644 10:24:53 select(7, [3], [3], NULL, NULL) = 1 (out [3])
25644 10:24:53 clock_gettime(CLOCK_BOOTTIME, {607379, 964294762}) = 0
25644 10:24:53 write(3, "L\213\302:[\207\270%\246[V*\232\304\323`\324CJ\232\206\5\310l\7\237Oq\241\266\330q"..., 368) = 368
25644 10:24:53 clock_gettime(CLOCK_BOOTTIME, {607379, 964390310}) = 0
25644 10:24:53 clock_gettime(CLOCK_BOOTTIME, {607379, 964429672}) = 0
25644 10:24:53 select(7, [3], [], NULL, NULL) = 1 (in [3])
25644 10:24:53 clock_gettime(CLOCK_BOOTTIME, {607379, 964912440}) = 0
25644 10:24:53 read(3, "o\366\304)\370B\30\244o\324\267\262\37Ns\1\36\f\327\235l\243\365\321\243\351\33\34\207\277D\264"..., 8192) = 88
25644 10:24:53 clock_gettime(CLOCK_BOOTTIME, {607379, 965018500}) = 0
25644 10:24:53 clock_gettime(CLOCK_BOOTTIME, {607379, 965059985}) = 0
25644 10:24:53 select(7, [3 4], [], NULL, NULL) = 1 (in [3])
25644 10:24:53 clock_gettime(CLOCK_BOOTTIME, {607379, 969409271}) = 0
25644 10:24:53 read(3, "\36\301\207\35\361\365,\254\356\4\236\253\201\342\315{`p\273JK\256\f[\261\24\277\r\255C\32C"..., 8192) = 152
25644 10:24:53 clock_gettime(CLOCK_BOOTTIME, {607379, 969498429}) = 0
25644 10:24:53 clock_gettime(CLOCK_BOOTTIME, {607379, 969538023}) = 0
25644 10:24:53 select(7, [3 4], [5], NULL, NULL) = 1 (out [5])
25644 10:24:53 clock_gettime(CLOCK_BOOTTIME, {607379, 969622091}) = 0
25644 10:24:53 write(5, "Last login: Thu Jun 21 18:12:46 "..., 111) = 111
25644 10:24:53 clock_gettime(CLOCK_BOOTTIME, {607379, 969760140}) = 0
25644 10:24:53 clock_gettime(CLOCK_BOOTTIME, {607379, 969800887}) = 0
25644 10:24:53 select(7, [3 4], [], NULL, NULL) = 1 (in [3])
25644 10:24:53 clock_gettime(CLOCK_BOOTTIME, {607379, 985668056}) = 0
25644 10:24:53 read(3, "{\371\360\220\36\230\336L&\316\352cw\367\0h\310\204\354!\4R\313\370\2320\37\0\363\211s\274"..., 8192) = 56
25644 10:24:53 clock_gettime(CLOCK_BOOTTIME, {607379, 985772623}) = 0
25644 10:24:53 clock_gettime(CLOCK_BOOTTIME, {607379, 985820497}) = 0
25644 10:24:53 select(7, [3 4], [5], NULL, NULL) = 1 (out [5])
25644 10:24:53 clock_gettime(CLOCK_BOOTTIME, {607379, 985904693}) = 0
25644 10:24:53 write(5, "[root@ali-p2p-h5-1 ~]# ", 23) = 23
25644 10:24:53 clock_gettime(CLOCK_BOOTTIME, {607379, 986028603}) = 0
25644 10:24:53 clock_gettime(CLOCK_BOOTTIME, {607379, 986068477}) = 0
25644 10:24:53 select(7, [3 4], [], NULL, NULL) = 1 (in [4])
25644 10:24:54 clock_gettime(CLOCK_BOOTTIME, {607381, 596418446}) = 0
25644 10:24:54 read(4, "\r", 16384)     = 1
25644 10:24:54 clock_gettime(CLOCK_BOOTTIME, {607381, 596543269}) = 0
25644 10:24:54 clock_gettime(CLOCK_BOOTTIME, {607381, 596586834}) = 0
25644 10:24:54 select(7, [3 4], [3], NULL, NULL) = 1 (out [3])
25644 10:24:54 clock_gettime(CLOCK_BOOTTIME, {607381, 596678891}) = 0
25644 10:24:54 write(3, "\23w\317\213\236#\342\306_\210\311d\333.\216~\253\261\353Z\265\242\267\364\30\203U\3378\6\27\307"..., 40) = 40
25644 10:24:54 clock_gettime(CLOCK_BOOTTIME, {607381, 596802030}) = 0
25644 10:24:54 clock_gettime(CLOCK_BOOTTIME, {607381, 596845537}) = 0
25644 10:24:54 select(7, [3 4], [], NULL, NULL) = 1 (in [3])
25644 10:24:54 clock_gettime(CLOCK_BOOTTIME, {607381, 598678375}) = 0
25644 10:24:54 read(3, "g9\371>3@\24\320z[\260\343\227\\K\223\330\261i\0237`\365F\22B\37\221L:h\350"..., 8192) = 40
25644 10:24:54 clock_gettime(CLOCK_BOOTTIME, {607381, 598770292}) = 0
25644 10:24:54 clock_gettime(CLOCK_BOOTTIME, {607381, 598810983}) = 0
25644 10:24:54 select(7, [3 4], [5], NULL, NULL) = 1 (out [5])
25644 10:24:54 clock_gettime(CLOCK_BOOTTIME, {607381, 598901122}) = 0
25644 10:24:54 write(5, "\r\n", 2)      = 2
25644 10:24:54 clock_gettime(CLOCK_BOOTTIME, {607381, 599057577}) = 0
25644 10:24:54 clock_gettime(CLOCK_BOOTTIME, {607381, 599108910}) = 0
25644 10:24:54 select(7, [3 4], [], NULL, NULL) = 1 (in [3])
25644 10:24:54 clock_gettime(CLOCK_BOOTTIME, {607381, 603408217}) = 0
25644 10:24:54 read(3, "\201\313\370\254\360\274\2454)&9\362\253\334\323\330\350\375\271\243 \317;\\\20\21\233!\245b\217\351"..., 8192) = 56
25644 10:24:54 clock_gettime(CLOCK_BOOTTIME, {607381, 603497500}) = 0
25644 10:24:54 clock_gettime(CLOCK_BOOTTIME, {607381, 603538160}) = 0
25644 10:24:54 select(7, [3 4], [5], NULL, NULL) = 1 (out [5])
25644 10:24:54 clock_gettime(CLOCK_BOOTTIME, {607381, 603624137}) = 0
25644 10:24:54 write(5, "[root@ali-p2p-h5-1 ~]# ", 23) = 23
25644 10:24:54 clock_gettime(CLOCK_BOOTTIME, {607381, 603732331}) = 0
25644 10:24:54 clock_gettime(CLOCK_BOOTTIME, {607381, 603773075}) = 0
25644 10:24:54 select(7, [3 4], [], NULL, NULL) = 1 (in [4])
25644 10:24:55 clock_gettime(CLOCK_BOOTTIME, {607381, 845251700}) = 0
25644 10:24:55 read(4, "\r", 16384)     = 1
25644 10:24:55 clock_gettime(CLOCK_BOOTTIME, {607381, 845364076}) = 0
25644 10:24:55 clock_gettime(CLOCK_BOOTTIME, {607381, 845406010}) = 0
25644 10:24:55 select(7, [3 4], [3], NULL, NULL) = 1 (out [3])
25644 10:24:55 clock_gettime(CLOCK_BOOTTIME, {607381, 845496034}) = 0
25644 10:24:55 write(3, "\212\373_K\240\234\4\2011\203w\v\366\267[c\370\307GA\257ps\25\235\217\363\227\5\233\1s"..., 40) = 40
25644 10:24:55 clock_gettime(CLOCK_BOOTTIME, {607381, 845603667}) = 0
25644 10:24:55 clock_gettime(CLOCK_BOOTTIME, {607381, 845644634}) = 0
25644 10:24:55 select(7, [3 4], [], NULL, NULL) = 1 (in [3])
25644 10:24:55 clock_gettime(CLOCK_BOOTTIME, {607381, 847433262}) = 0
25644 10:24:55 read(3, "#\315\331W\242\24\25\20\272c|\216\236E(\265\335w\252\350\331\324\303\242\272\376l\212\232\261+\316"..., 8192) = 40
25644 10:24:55 clock_gettime(CLOCK_BOOTTIME, {607381, 847525287}) = 0
25644 10:24:55 clock_gettime(CLOCK_BOOTTIME, {607381, 847566773}) = 0
25644 10:24:55 select(7, [3 4], [5], NULL, NULL) = 1 (out [5])
25644 10:24:55 clock_gettime(CLOCK_BOOTTIME, {607381, 847653679}) = 0
25644 10:24:55 write(5, "\r\n", 2)      = 2
25644 10:24:55 clock_gettime(CLOCK_BOOTTIME, {607381, 847785451}) = 0
25644 10:24:55 clock_gettime(CLOCK_BOOTTIME, {607381, 847827218}) = 0
25644 10:24:55 select(7, [3 4], [], NULL, NULL) = 1 (in [3])
25644 10:24:55 clock_gettime(CLOCK_BOOTTIME, {607381, 852700171}) = 0
25644 10:24:55 read(3, "\344\357\311\20D#\236\3\1\320\325\226V\20)R\241\36J\353H\322\255\262~i\4\337Z\24\330\261"..., 8192) = 56
25644 10:24:55 clock_gettime(CLOCK_BOOTTIME, {607381, 852798443}) = 0
25644 10:24:55 clock_gettime(CLOCK_BOOTTIME, {607381, 852842259}) = 0
25644 10:24:55 select(7, [3 4], [5], NULL, NULL) = 1 (out [5])
25644 10:24:55 clock_gettime(CLOCK_BOOTTIME, {607381, 852936378}) = 0
25644 10:24:55 write(5, "[root@ali-p2p-h5-1 ~]# ", 23) = 23
25644 10:24:55 clock_gettime(CLOCK_BOOTTIME, {607381, 853038990}) = 0
25644 10:24:55 clock_gettime(CLOCK_BOOTTIME, {607381, 853062372}) = 0
25644 10:24:55 select(7, [3 4], [], NULL, NULL) = 1 (in [4])
25644 10:24:56 clock_gettime(CLOCK_BOOTTIME, {607383, 286188221}) = 0
25644 10:24:56 read(4, " ", 16384)      = 1
25644 10:24:56 clock_gettime(CLOCK_BOOTTIME, {607383, 286323024}) = 0
25644 10:24:56 clock_gettime(CLOCK_BOOTTIME, {607383, 286402879}) = 0
25644 10:24:56 select(7, [3 4], [3], NULL, NULL) = 1 (out [3])
25644 10:24:56 clock_gettime(CLOCK_BOOTTIME, {607383, 286509005}) = 0
25644 10:24:56 write(3, "\330\357\266\222\3542)8\354+d4iKU \17\361\230\367_\210\3730s:\262*q\0\204\27"..., 40) = 40
25644 10:24:56 clock_gettime(CLOCK_BOOTTIME, {607383, 286618286}) = 0
25644 10:24:56 clock_gettime(CLOCK_BOOTTIME, {607383, 286659095}) = 0
25644 10:24:56 select(7, [3 4], [], NULL, NULL) = 1 (in [3])
25644 10:24:56 clock_gettime(CLOCK_BOOTTIME, {607383, 288669957}) = 0
25644 10:24:56 read(3, "\344\6\t\316\352\254\326\362ze \221Kq\26a~\331\36\374Uf}\317\1.\307\30z\337m5"..., 8192) = 40
25644 10:24:56 clock_gettime(CLOCK_BOOTTIME, {607383, 288759993}) = 0
25644 10:24:56 clock_gettime(CLOCK_BOOTTIME, {607383, 288799271}) = 0
25644 10:24:56 select(7, [3 4], [5], NULL, NULL) = 1 (out [5])
25644 10:24:56 clock_gettime(CLOCK_BOOTTIME, {607383, 288885823}) = 0
25644 10:24:56 write(5, " ", 1)         = 1
25644 10:24:56 clock_gettime(CLOCK_BOOTTIME, {607383, 288979335}) = 0
25644 10:24:56 clock_gettime(CLOCK_BOOTTIME, {607383, 289015530}) = 0
25644 10:24:56 select(7, [3 4], [], NULL, NULL) = 1 (in [4])
25644 10:24:56 clock_gettime(CLOCK_BOOTTIME, {607383, 515212424}) = 0
25644 10:24:56 read(4, " ", 16384)      = 1
25644 10:24:56 clock_gettime(CLOCK_BOOTTIME, {607383, 515320348}) = 0
25644 10:24:56 clock_gettime(CLOCK_BOOTTIME, {607383, 515360798}) = 0
25644 10:24:56 select(7, [3 4], [3], NULL, NULL) = 1 (out [3])
25644 10:24:56 clock_gettime(CLOCK_BOOTTIME, {607383, 515450436}) = 0
25644 10:24:56 write(3, "oi:\n\273v\36`\277\371\21\37\24\357?\266\205\324\236\347\315\324\201C\236]s\v\7n>\315"..., 40) = 40
25644 10:24:56 clock_gettime(CLOCK_BOOTTIME, {607383, 515553318}) = 0
25644 10:24:56 clock_gettime(CLOCK_BOOTTIME, {607383, 515594402}) = 0
25644 10:24:56 select(7, [3 4], [], NULL, NULL) = 1 (in [3])
25644 10:24:56 clock_gettime(CLOCK_BOOTTIME, {607383, 517668379}) = 0
25644 10:24:56 read(3, "X\372G\357o\336;k\355]\304\331l&]\202Y5\336\300E\31g\235\326\2553\34\36:J\177"..., 8192) = 40
25644 10:24:56 clock_gettime(CLOCK_BOOTTIME, {607383, 517760264}) = 0
25644 10:24:56 clock_gettime(CLOCK_BOOTTIME, {607383, 517801858}) = 0
25644 10:24:56 select(7, [3 4], [5], NULL, NULL) = 1 (out [5])
25644 10:24:56 clock_gettime(CLOCK_BOOTTIME, {607383, 517890939}) = 0
25644 10:24:56 write(5, " ", 1)         = 1
25644 10:24:56 clock_gettime(CLOCK_BOOTTIME, {607383, 518028924}) = 0
25644 10:24:56 clock_gettime(CLOCK_BOOTTIME, {607383, 518070503}) = 0
25644 10:24:56 select(7, [3 4], [], NULL, NULL) = 1 (in [4])
25644 10:24:57 clock_gettime(CLOCK_BOOTTIME, {607383, 732164141}) = 0
25644 10:24:57 read(4, " ", 16384)      = 1
25644 10:24:57 clock_gettime(CLOCK_BOOTTIME, {607383, 732236480}) = 0
25644 10:24:57 clock_gettime(CLOCK_BOOTTIME, {607383, 732257968}) = 0
25644 10:24:57 select(7, [3 4], [3], NULL, NULL) = 1 (out [3])
25644 10:24:57 clock_gettime(CLOCK_BOOTTIME, {607383, 732312523}) = 0
25644 10:24:57 write(3, "\362\367_18\343\347\305dS\343s\6E\177Z\1\370\253\357\\\224\227u\212\22\316\207\323\247\360\271"..., 40) = 40
25644 10:24:57 clock_gettime(CLOCK_BOOTTIME, {607383, 732387401}) = 0
25644 10:24:57 clock_gettime(CLOCK_BOOTTIME, {607383, 732410208}) = 0
25644 10:24:57 select(7, [3 4], [], NULL, NULL) = 1 (in [3])
25644 10:24:57 clock_gettime(CLOCK_BOOTTIME, {607383, 734684375}) = 0
25644 10:24:57 read(3, "\221\233\327\2426\24\215\206\323\353N\203\341\364\213\204\326\223\232\34\262\323Vt\235~\217M91\301\16"..., 8192) = 40
25644 10:24:57 clock_gettime(CLOCK_BOOTTIME, {607383, 734746744}) = 0
25644 10:24:57 clock_gettime(CLOCK_BOOTTIME, {607383, 734769963}) = 0
25644 10:24:57 select(7, [3 4], [5], NULL, NULL) = 1 (out [5])
25644 10:24:57 clock_gettime(CLOCK_BOOTTIME, {607383, 734823765}) = 0
25644 10:24:57 write(5, " ", 1)         = 1
25644 10:24:57 clock_gettime(CLOCK_BOOTTIME, {607383, 734920171}) = 0
25644 10:24:57 clock_gettime(CLOCK_BOOTTIME, {607383, 734951856}) = 0
25644 10:24:57 select(7, [3 4], [], NULL, NULL) = 1 (in [4])
25644 10:24:57 clock_gettime(CLOCK_BOOTTIME, {607384, 236116596}) = 0
25644 10:24:57 read(4, "f", 16384)      = 1
25644 10:24:57 clock_gettime(CLOCK_BOOTTIME, {607384, 236225213}) = 0
25644 10:24:57 clock_gettime(CLOCK_BOOTTIME, {607384, 236266045}) = 0
25644 10:24:57 select(7, [3 4], [3], NULL, NULL) = 1 (out [3])
25644 10:24:57 clock_gettime(CLOCK_BOOTTIME, {607384, 236355135}) = 0
25644 10:24:57 write(3, "8\230&\331\20\31\37\201\203\371\6\315k\313h:d)\313\336\316\232\3J\214N\324\2G`\265\223"..., 40) = 40
25644 10:24:57 clock_gettime(CLOCK_BOOTTIME, {607384, 236455438}) = 0
25644 10:24:57 clock_gettime(CLOCK_BOOTTIME, {607384, 236494636}) = 0
25644 10:24:57 select(7, [3 4], [], NULL, NULL) = 1 (in [3])
25644 10:24:57 clock_gettime(CLOCK_BOOTTIME, {607384, 238433686}) = 0
25644 10:24:57 read(3, "j\32Q\30\231\n\261\277\237\3676\340\250\363:B\354\317\322\30\244\322,sy\304\310\2209\241\351|"..., 8192) = 40
25644 10:24:57 clock_gettime(CLOCK_BOOTTIME, {607384, 238525686}) = 0
25644 10:24:57 clock_gettime(CLOCK_BOOTTIME, {607384, 238568238}) = 0
25644 10:24:57 select(7, [3 4], [5], NULL, NULL) = 1 (out [5])
25644 10:24:57 clock_gettime(CLOCK_BOOTTIME, {607384, 238654372}) = 0
25644 10:24:57 write(5, "f", 1)         = 1
25644 10:24:57 clock_gettime(CLOCK_BOOTTIME, {607384, 238775075}) = 0
25644 10:24:57 clock_gettime(CLOCK_BOOTTIME, {607384, 238814763}) = 0
25644 10:24:57 select(7, [3 4], [], NULL, NULL) = 1 (in [4])
25644 10:24:57 clock_gettime(CLOCK_BOOTTIME, {607384, 355337398}) = 0
25644 10:24:57 read(4, "a", 16384)      = 1
25644 10:24:57 clock_gettime(CLOCK_BOOTTIME, {607384, 355483350}) = 0
25644 10:24:57 clock_gettime(CLOCK_BOOTTIME, {607384, 355526219}) = 0
25644 10:24:57 select(7, [3 4], [3], NULL, NULL) = 1 (out [3])
25644 10:24:57 clock_gettime(CLOCK_BOOTTIME, {607384, 355616945}) = 0
25644 10:24:57 write(3, "\332\336\275\304\273\214.#\371\226\233\316\261\2015\216%\256r&\241\32\242q\332\357ne\322!g\345"..., 40) = 40
25644 10:24:57 clock_gettime(CLOCK_BOOTTIME, {607384, 355724867}) = 0
25644 10:24:57 clock_gettime(CLOCK_BOOTTIME, {607384, 355766181}) = 0
25644 10:24:57 select(7, [3 4], [], NULL, NULL) = 1 (in [3])
25644 10:24:57 clock_gettime(CLOCK_BOOTTIME, {607384, 357679007}) = 0
25644 10:24:57 read(3, "\206U\271\22vIl\340\3368\230|\20\265\220'\376\346\214m\355\357\262\t|\35\10\377\240rRn"..., 8192) = 40
25644 10:24:57 clock_gettime(CLOCK_BOOTTIME, {607384, 357770955}) = 0
25644 10:24:57 clock_gettime(CLOCK_BOOTTIME, {607384, 357812044}) = 0
25644 10:24:57 select(7, [3 4], [5], NULL, NULL) = 1 (out [5])
25644 10:24:57 clock_gettime(CLOCK_BOOTTIME, {607384, 357898711}) = 0
25644 10:24:57 write(5, "a", 1)         = 1
25644 10:24:57 clock_gettime(CLOCK_BOOTTIME, {607384, 357993846}) = 0
25644 10:24:57 clock_gettime(CLOCK_BOOTTIME, {607384, 358028069}) = 0
25644 10:24:57 select(7, [3 4], [], NULL, NULL) = 1 (in [4])
25644 10:24:57 clock_gettime(CLOCK_BOOTTIME, {607384, 404590926}) = 0
25644 10:24:57 read(4, "sd", 16384)     = 2
25644 10:24:57 clock_gettime(CLOCK_BOOTTIME, {607384, 404717157}) = 0
25644 10:24:57 clock_gettime(CLOCK_BOOTTIME, {607384, 404756420}) = 0
25644 10:24:57 select(7, [3 4], [3], NULL, NULL) = 1 (out [3])
25644 10:24:57 clock_gettime(CLOCK_BOOTTIME, {607384, 404844310}) = 0
25644 10:24:57 write(3, "\10\377\226A\205\320\305q\16\"\353\26\303\371\274EN\345\301p\256\3061\360\345\361_\347\223`\245\7"..., 40) = 40
25644 10:24:57 clock_gettime(CLOCK_BOOTTIME, {607384, 404948395}) = 0
25644 10:24:57 clock_gettime(CLOCK_BOOTTIME, {607384, 404989237}) = 0
25644 10:24:57 select(7, [3 4], [], NULL, NULL) = 1 (in [3])
25644 10:24:57 clock_gettime(CLOCK_BOOTTIME, {607384, 406653675}) = 0
25644 10:24:57 read(3, "\216\222B\331\246Dh\265\17\1\177\262\2\242\352Ba$\206\37\264.\336H\033043#\27a\334"..., 8192) = 40
25644 10:24:57 clock_gettime(CLOCK_BOOTTIME, {607384, 406741637}) = 0
25644 10:24:57 clock_gettime(CLOCK_BOOTTIME, {607384, 406780993}) = 0
25644 10:24:57 select(7, [3 4], [5], NULL, NULL) = 1 (out [5])
25644 10:24:57 clock_gettime(CLOCK_BOOTTIME, {607384, 406864926}) = 0
25644 10:24:57 write(5, "sd", 2)        = 2
25644 10:24:57 clock_gettime(CLOCK_BOOTTIME, {607384, 407008914}) = 0
25644 10:24:57 clock_gettime(CLOCK_BOOTTIME, {607384, 407051505}) = 0
25644 10:24:57 select(7, [3 4], [], NULL, NULL) = 1 (in [4])
25644 10:24:58 clock_gettime(CLOCK_BOOTTIME, {607384, 852303010}) = 0
25644 10:24:58 read(4, "\r", 16384)     = 1
25644 10:24:58 clock_gettime(CLOCK_BOOTTIME, {607384, 852453283}) = 0
25644 10:24:58 clock_gettime(CLOCK_BOOTTIME, {607384, 852496062}) = 0
25644 10:24:58 select(7, [3 4], [3], NULL, NULL) = 1 (out [3])
25644 10:24:58 clock_gettime(CLOCK_BOOTTIME, {607384, 852589036}) = 0
25644 10:24:58 write(3, "\10\0\322A\316|^\177h[\345\270\373O#\326\274\330\350\362\247\355\246\3u<\377\343a\17-\n"..., 40) = 40
25644 10:24:58 clock_gettime(CLOCK_BOOTTIME, {607384, 852697886}) = 0
25644 10:24:58 clock_gettime(CLOCK_BOOTTIME, {607384, 852739453}) = 0
25644 10:24:58 select(7, [3 4], [], NULL, NULL) = 1 (in [3])
25644 10:24:58 clock_gettime(CLOCK_BOOTTIME, {607384, 854687338}) = 0
25644 10:24:58 read(3, "\24\270z\335\251&\265H\212\216*\357\365\221\373G\212>&\24\230\311\33L\345j\5Apo`\33"..., 8192) = 72
25644 10:24:58 clock_gettime(CLOCK_BOOTTIME, {607384, 854780662}) = 0
25644 10:24:58 clock_gettime(CLOCK_BOOTTIME, {607384, 854822426}) = 0
25644 10:24:58 select(7, [3 4], [5], NULL, NULL) = 1 (out [5])
25644 10:24:58 clock_gettime(CLOCK_BOOTTIME, {607384, 854912745}) = 0
25644 10:24:58 write(5, "\r\n-bash: fasd: command not found"..., 34) = 34
25644 10:24:58 clock_gettime(CLOCK_BOOTTIME, {607384, 855081847}) = 0
25644 10:24:58 clock_gettime(CLOCK_BOOTTIME, {607384, 855122377}) = 0
25644 10:24:58 select(7, [3 4], [], NULL, NULL) = 1 (in [3])
25644 10:24:58 clock_gettime(CLOCK_BOOTTIME, {607384, 859682446}) = 0
25644 10:24:58 read(3, "\247*D\306JCj\3266\365\214\214\32\306\212\367\243\26r\375x\346\314\217 \30\tP\221\345\236\225"..., 8192) = 56
25644 10:24:58 clock_gettime(CLOCK_BOOTTIME, {607384, 859774261}) = 0
25644 10:24:58 clock_gettime(CLOCK_BOOTTIME, {607384, 859815419}) = 0
25644 10:24:58 select(7, [3 4], [5], NULL, NULL) = 1 (out [5])
25644 10:24:58 clock_gettime(CLOCK_BOOTTIME, {607384, 859901017}) = 0
25644 10:24:58 write(5, "[root@ali-p2p-h5-1 ~]# ", 23) = 23
25644 10:24:58 clock_gettime(CLOCK_BOOTTIME, {607384, 860023421}) = 0
25644 10:24:58 clock_gettime(CLOCK_BOOTTIME, {607384, 860065508}) = 0
25644 10:24:58 select(7, [3 4], [], NULL, NULL) = 1 (in [4])
25644 10:24:59 clock_gettime(CLOCK_BOOTTIME, {607386, 59827404}) = 0
25644 10:24:59 read(4, "e", 16384)      = 1
25644 10:24:59 clock_gettime(CLOCK_BOOTTIME, {607386, 59953082}) = 0
25644 10:24:59 clock_gettime(CLOCK_BOOTTIME, {607386, 59996807}) = 0
25644 10:24:59 select(7, [3 4], [3], NULL, NULL) = 1 (out [3])
25644 10:24:59 clock_gettime(CLOCK_BOOTTIME, {607386, 60097980}) = 0
25644 10:24:59 write(3, "\264\200\321n\270\210\367\203\262\221p@\322\363\273zF\220\36O\363\224\316.u^r\261gK\"\363"..., 40) = 40
25644 10:24:59 clock_gettime(CLOCK_BOOTTIME, {607386, 60210229}) = 0
25644 10:24:59 clock_gettime(CLOCK_BOOTTIME, {607386, 60251744}) = 0
25644 10:24:59 select(7, [3 4], [], NULL, NULL) = 1 (in [3])
25644 10:24:59 clock_gettime(CLOCK_BOOTTIME, {607386, 62664126}) = 0
25644 10:24:59 read(3, "J7\302\212\276\\\357n\323\213U\252>%Hy`\226\225\230~\30mq#tP\3339\373\301F"..., 8192) = 40
25644 10:24:59 clock_gettime(CLOCK_BOOTTIME, {607386, 62760076}) = 0
25644 10:24:59 clock_gettime(CLOCK_BOOTTIME, {607386, 62802770}) = 0
25644 10:24:59 select(7, [3 4], [5], NULL, NULL) = 1 (out [5])
25644 10:24:59 clock_gettime(CLOCK_BOOTTIME, {607386, 62892814}) = 0
25644 10:24:59 write(5, "e", 1)         = 1
25644 10:24:59 clock_gettime(CLOCK_BOOTTIME, {607386, 63030440}) = 0
25644 10:24:59 clock_gettime(CLOCK_BOOTTIME, {607386, 63073550}) = 0
25644 10:24:59 select(7, [3 4], [], NULL, NULL) = 1 (in [4])
25644 10:24:59 clock_gettime(CLOCK_BOOTTIME, {607386, 367741058}) = 0
25644 10:24:59 read(4, "x", 16384)      = 1
25644 10:24:59 clock_gettime(CLOCK_BOOTTIME, {607386, 367858236}) = 0
25644 10:24:59 clock_gettime(CLOCK_BOOTTIME, {607386, 367901318}) = 0
25644 10:24:59 select(7, [3 4], [3], NULL, NULL) = 1 (out [3])
25644 10:24:59 clock_gettime(CLOCK_BOOTTIME, {607386, 368028083}) = 0
25644 10:24:59 write(3, "\332\377\207\32\251\n\303\37\fsv\365:\345v\276\266\20\7\37\326\34n\254\212\212\227\225\342\10\310+"..., 40) = 40
25644 10:24:59 clock_gettime(CLOCK_BOOTTIME, {607386, 368137034}) = 0
25644 10:24:59 clock_gettime(CLOCK_BOOTTIME, {607386, 368179375}) = 0
25644 10:24:59 select(7, [3 4], [], NULL, NULL) = 1 (in [3])
25644 10:24:59 clock_gettime(CLOCK_BOOTTIME, {607386, 369660613}) = 0
25644 10:24:59 read(3, "\317D\342\3371H\314*\212D+\252\343\305\325\213\224jH\36KK\273/\267\227\316\232w\273\25m"..., 8192) = 40
25644 10:24:59 clock_gettime(CLOCK_BOOTTIME, {607386, 369756630}) = 0
25644 10:24:59 clock_gettime(CLOCK_BOOTTIME, {607386, 369798764}) = 0
25644 10:24:59 select(7, [3 4], [5], NULL, NULL) = 1 (out [5])
25644 10:24:59 clock_gettime(CLOCK_BOOTTIME, {607386, 369888036}) = 0
25644 10:24:59 write(5, "x", 1)         = 1
25644 10:24:59 clock_gettime(CLOCK_BOOTTIME, {607386, 369980979}) = 0
25644 10:24:59 clock_gettime(CLOCK_BOOTTIME, {607386, 370023792}) = 0
25644 10:24:59 select(7, [3 4], [], NULL, NULL) = 1 (in [4])
25644 10:24:59 clock_gettime(CLOCK_BOOTTIME, {607386, 451348825}) = 0
25644 10:24:59 read(4, "i", 16384)      = 1
25644 10:24:59 clock_gettime(CLOCK_BOOTTIME, {607386, 451504931}) = 0
25644 10:24:59 clock_gettime(CLOCK_BOOTTIME, {607386, 451553083}) = 0
25644 10:24:59 select(7, [3 4], [3], NULL, NULL) = 1 (out [3])
25644 10:24:59 clock_gettime(CLOCK_BOOTTIME, {607386, 451646135}) = 0
25644 10:24:59 write(3, "\357k\202\375'\337\350\333L\201\263\221\200|\177\263\310\257\256\f@\322i\335\250z\367r\211\210\2029"..., 40) = 40
25644 10:24:59 clock_gettime(CLOCK_BOOTTIME, {607386, 451749995}) = 0
25644 10:24:59 clock_gettime(CLOCK_BOOTTIME, {607386, 451789842}) = 0
25644 10:24:59 select(7, [3 4], [], NULL, NULL) = 1 (in [3])
25644 10:24:59 clock_gettime(CLOCK_BOOTTIME, {607386, 453669820}) = 0
25644 10:24:59 read(3, "\277#\10\317|\17\273\254y6\0\27\1{^\333,`\203K\327F\312\247 \245\340\0\1\311\6\222"..., 8192) = 40
25644 10:24:59 clock_gettime(CLOCK_BOOTTIME, {607386, 453758358}) = 0
25644 10:24:59 clock_gettime(CLOCK_BOOTTIME, {607386, 453798352}) = 0
25644 10:24:59 select(7, [3 4], [5], NULL, NULL) = 1 (out [5])
25644 10:24:59 clock_gettime(CLOCK_BOOTTIME, {607386, 453882483}) = 0
25644 10:24:59 write(5, "i", 1)         = 1
25644 10:24:59 clock_gettime(CLOCK_BOOTTIME, {607386, 454023392}) = 0
25644 10:24:59 clock_gettime(CLOCK_BOOTTIME, {607386, 454063827}) = 0
25644 10:24:59 select(7, [3 4], [], NULL, NULL) = 1 (in [4])
25644 10:25:00 clock_gettime(CLOCK_BOOTTIME, {607386, 635074360}) = 0
25644 10:25:00 read(4, "t", 16384)      = 1
25644 10:25:00 clock_gettime(CLOCK_BOOTTIME, {607386, 635205510}) = 0
25644 10:25:00 clock_gettime(CLOCK_BOOTTIME, {607386, 635247890}) = 0
25644 10:25:00 select(7, [3 4], [3], NULL, NULL) = 1 (out [3])
25644 10:25:00 clock_gettime(CLOCK_BOOTTIME, {607386, 635350336}) = 0
25644 10:25:00 write(3, "\261\351=\340\355\346r\230\370\370\262gv\337\217*\2163\0162\36\250\356\256\375\346Dk\245\333p\213"..., 40) = 40
25644 10:25:00 clock_gettime(CLOCK_BOOTTIME, {607386, 635453143}) = 0
25644 10:25:00 clock_gettime(CLOCK_BOOTTIME, {607386, 635493658}) = 0
25644 10:25:00 select(7, [3 4], [], NULL, NULL) = 1 (in [3])
25644 10:25:00 clock_gettime(CLOCK_BOOTTIME, {607386, 637672107}) = 0
25644 10:25:00 read(3, "\233\272\312n\215\333\7\21\34fV#\357F\7\312\240\236\207\240(F&x\205K\354\237L\324`\203"..., 8192) = 40
25644 10:25:00 clock_gettime(CLOCK_BOOTTIME, {607386, 637762495}) = 0
25644 10:25:00 clock_gettime(CLOCK_BOOTTIME, {607386, 637802784}) = 0
25644 10:25:00 select(7, [3 4], [5], NULL, NULL) = 1 (out [5])
25644 10:25:00 clock_gettime(CLOCK_BOOTTIME, {607386, 637889719}) = 0
25644 10:25:00 write(5, "t", 1)         = 1
25644 10:25:00 clock_gettime(CLOCK_BOOTTIME, {607386, 638032205}) = 0
25644 10:25:00 clock_gettime(CLOCK_BOOTTIME, {607386, 638075331}) = 0
25644 10:25:00 select(7, [3 4], [], NULL, NULL) = 1 (in [4])
25644 10:25:00 clock_gettime(CLOCK_BOOTTIME, {607386, 771902368}) = 0
25644 10:25:00 read(4, "\r", 16384)     = 1
25644 10:25:00 clock_gettime(CLOCK_BOOTTIME, {607386, 772065568}) = 0
25644 10:25:00 clock_gettime(CLOCK_BOOTTIME, {607386, 772108710}) = 0
25644 10:25:00 select(7, [3 4], [3], NULL, NULL) = 1 (out [3])
25644 10:25:00 clock_gettime(CLOCK_BOOTTIME, {607386, 772209807}) = 0
25644 10:25:00 write(3, "\250\231*\n\210\251\243j\236tltd\361\363\275\355)O\3\302d\"oG(\351\340\371F\325@"..., 40) = 40
25644 10:25:00 clock_gettime(CLOCK_BOOTTIME, {607386, 772318647}) = 0
25644 10:25:00 clock_gettime(CLOCK_BOOTTIME, {607386, 772359979}) = 0
25644 10:25:00 select(7, [3 4], [], NULL, NULL) = 1 (in [3])
25644 10:25:00 clock_gettime(CLOCK_BOOTTIME, {607386, 777025269}) = 0
25644 10:25:00 read(3, "v\303j\345$\306\22T\321\336\360\233\275\337L\357\361Q\236\303O@\340\244Y\350\307\262D\327\363|"..., 8192) = 40
25644 10:25:00 clock_gettime(CLOCK_BOOTTIME, {607386, 777118266}) = 0
25644 10:25:00 clock_gettime(CLOCK_BOOTTIME, {607386, 777158531}) = 0
25644 10:25:00 select(7, [3 4], [5], NULL, NULL) = 1 (out [5])
25644 10:25:00 clock_gettime(CLOCK_BOOTTIME, {607386, 777245891}) = 0
25644 10:25:00 write(5, "\r\nlogout\r\n", 10) = 10
25644 10:25:00 clock_gettime(CLOCK_BOOTTIME, {607386, 777371146}) = 0
25644 10:25:00 clock_gettime(CLOCK_BOOTTIME, {607386, 777412070}) = 0
25644 10:25:00 select(7, [3 4], [], NULL, NULL) = 1 (in [3])
25644 10:25:00 clock_gettime(CLOCK_BOOTTIME, {607386, 780681435}) = 0
25644 10:25:00 read(3, "7\314\2705\271Y\223\316\242ey\",-\344\0011\3\233\201\27z\367\231+\361\200\343\27\251\204\337"..., 8192) = 160
25644 10:25:00 close(5)                 = 0
25644 10:25:00 close(4)                 = 0
25644 10:25:00 clock_gettime(CLOCK_BOOTTIME, {607386, 780858714}) = 0
25644 10:25:00 clock_gettime(CLOCK_BOOTTIME, {607386, 780898821}) = 0
25644 10:25:00 ioctl(0, SNDCTL_TMR_STOP or TCSETSW, {B38400 opost isig icanon echo ...}) = 0
25644 10:25:00 close(6)                 = 0
25644 10:25:00 select(7, [3], [3], NULL, NULL) = 1 (out [3])
25644 10:25:00 clock_gettime(CLOCK_BOOTTIME, {607386, 781107386}) = 0
25644 10:25:00 write(3, "\352\362\365$\16\237\35A\277\310p\25\351\vc\323\343\2505\3,\315\3\254", 24) = 24
25644 10:25:00 rt_sigaction(SIGWINCH, NULL, {0x55cd5b059c80, [], SA_RESTORER, 0x7fa728cd2270}, 8) = 0
25644 10:25:00 rt_sigaction(SIGWINCH, {SIG_DFL, [], SA_RESTORER, 0x7fa728cd2270}, NULL, 8) = 0
25644 10:25:00 write(3, "\35\266h\251)/\235\370-\31\204\266\322\207\322p\374>2\360~\tw\336k]&\306\332\364\265\343"..., 56) = 56
25644 10:25:00 ioctl(0, TCGETS, {B38400 opost isig icanon echo ...}) = 0
25644 10:25:00 ioctl(1, TCGETS, {B38400 opost isig icanon echo ...}) = 0
25644 10:25:00 ioctl(2, TCGETS, {B38400 opost isig icanon echo ...}) = 0
25644 10:25:00 write(2, "Connection to 10.5.0.208 closed."..., 34) = 34
25644 10:25:00 shutdown(3, SHUT_RDWR)   = 0
25644 10:25:00 close(3)                 = 0
25644 10:25:00 write(1, "random tag:er3pm0x69s", 21) = 21
25644 10:25:00 exit_group(127)          = ?
25644 10:25:00 +++ exited with 127 +++
