24692 06:00:51 select(4, [3], NULL, NULL, NULL) = 1 (in [3])
24692 06:00:51 read(3, "Y\267\310\247\0\6\214T\257\310\352\326M\t\366\241\32\355\313\343\332Y\2575\262\31d\317Z?\255\33"..., 8192) = 40
24692 06:00:51 write(3, ")*\20X$r\275\326\325u\246>\235\307A}K\37G\345C\235\216l.]\316\354\213SHF"..., 56) = 56
24692 06:00:51 select(4, [3], NULL, NULL, NULL) = 1 (in [3])
24692 06:00:51 read(3, "/\t\361A\367H\354\365\300Q\24?\334\266Gu\214e\277:\3467\202\202\243f\202\36\225L3\377"..., 8192) = 72
24692 06:00:51 stat("/root/.ssh/id_rsa", 0x7ffdcda56600) = -1 ENOENT (No such file or directory)
24692 06:00:51 stat("/root/.ssh/id_dsa", 0x7ffdcda56600) = -1 ENOENT (No such file or directory)
24692 06:00:51 stat("/root/.ssh/id_ecdsa", 0x7ffdcda56600) = -1 ENOENT (No such file or directory)
24692 06:00:51 stat("/root/.ssh/id_ed25519", 0x7ffdcda56600) = -1 ENOENT (No such file or directory)
24692 06:00:51 open("/dev/tty", O_RDWR) = 4
24692 06:00:51 close(4)                 = 0
24692 06:00:51 open("/dev/tty", O_RDWR) = 4
24692 06:00:51 ioctl(4, TCGETS, {B38400 opost isig icanon echo ...}) = 0
24692 06:00:51 ioctl(4, SNDCTL_TMR_CONTINUE or TCSETSF, {B38400 opost isig icanon -echo ...}) = 0
24692 06:00:51 rt_sigaction(SIGALRM, {0x55e612af60a0, [], SA_RESTORER, 0x7f8875fe6270}, {SIG_DFL, [], 0}, 8) = 0
24692 06:00:51 rt_sigaction(SIGHUP, {0x55e612af60a0, [], SA_RESTORER, 0x7f8875fe6270}, {SIG_DFL, [], 0}, 8) = 0
24692 06:00:51 rt_sigaction(SIGINT, {0x55e612af60a0, [], SA_RESTORER, 0x7f8875fe6270}, {SIG_DFL, [], 0}, 8) = 0
24692 06:00:51 rt_sigaction(SIGPIPE, {0x55e612af60a0, [], SA_RESTORER, 0x7f8875fe6270}, {SIG_IGN, [], SA_RESTORER, 0x7f8875fe6270}, 8) = 0
24692 06:00:51 rt_sigaction(SIGQUIT, {0x55e612af60a0, [], SA_RESTORER, 0x7f8875fe6270}, {SIG_DFL, [], 0}, 8) = 0
24692 06:00:51 rt_sigaction(SIGTERM, {0x55e612af60a0, [], SA_RESTORER, 0x7f8875fe6270}, {SIG_DFL, [], 0}, 8) = 0
24692 06:00:51 rt_sigaction(SIGTSTP, {0x55e612af60a0, [], SA_RESTORER, 0x7f8875fe6270}, {SIG_DFL, [], 0}, 8) = 0
24692 06:00:51 rt_sigaction(SIGTTIN, {0x55e612af60a0, [], SA_RESTORER, 0x7f8875fe6270}, {SIG_DFL, [], 0}, 8) = 0
24692 06:00:51 rt_sigaction(SIGTTOU, {0x55e612af60a0, [], SA_RESTORER, 0x7f8875fe6270}, {SIG_DFL, [], 0}, 8) = 0
24692 06:00:51 write(4, "root@10.5.0.208's password: ", 28) = 28
24692 06:00:51 read(4, "y", 1)          = 1
24692 06:00:51 read(4, "o", 1)          = 1
24692 06:00:51 read(4, "t", 1)          = 1
24692 06:00:51 read(4, "p", 1)          = 1
24692 06:00:51 read(4, "4", 1)          = 1
24692 06:00:51 read(4, "o", 1)          = 1
24692 06:00:51 read(4, "z", 1)          = 1
24692 06:00:51 read(4, "A", 1)          = 1
24692 06:00:51 read(4, "c", 1)          = 1
24692 06:00:51 read(4, "C", 1)          = 1
24692 06:00:51 read(4, "=", 1)          = 1
24692 06:00:51 read(4, "b", 1)          = 1
24692 06:00:51 read(4, "~", 1)          = 1
24692 06:00:51 read(4, "V", 1)          = 1
24692 06:00:51 read(4, "4", 1)          = 1
24692 06:00:51 read(4, "K", 1)          = 1
24692 06:00:51 read(4, "G", 1)          = 1
24692 06:00:51 read(4, "V", 1)          = 1
24692 06:00:51 read(4, "/", 1)          = 1
24692 06:00:51 read(4, "s", 1)          = 1
24692 06:00:51 read(4, "\n", 1)         = 1
24692 06:00:51 write(4, "\n", 1)        = 1
24692 06:00:51 ioctl(4, SNDCTL_TMR_CONTINUE or TCSETSF, {B38400 opost isig icanon echo ...}) = 0
24692 06:00:51 rt_sigaction(SIGALRM, {SIG_DFL, [], SA_RESTORER, 0x7f8875fe6270}, NULL, 8) = 0
24692 06:00:51 rt_sigaction(SIGHUP, {SIG_DFL, [], SA_RESTORER, 0x7f8875fe6270}, NULL, 8) = 0
24692 06:00:51 rt_sigaction(SIGINT, {SIG_DFL, [], SA_RESTORER, 0x7f8875fe6270}, NULL, 8) = 0
24692 06:00:51 rt_sigaction(SIGQUIT, {SIG_DFL, [], SA_RESTORER, 0x7f8875fe6270}, NULL, 8) = 0
24692 06:00:51 rt_sigaction(SIGPIPE, {SIG_IGN, [], SA_RESTORER, 0x7f8875fe6270}, NULL, 8) = 0
24692 06:00:51 rt_sigaction(SIGTERM, {SIG_DFL, [], SA_RESTORER, 0x7f8875fe6270}, NULL, 8) = 0
24692 06:00:51 rt_sigaction(SIGTSTP, {SIG_DFL, [], SA_RESTORER, 0x7f8875fe6270}, NULL, 8) = 0
24692 06:00:51 rt_sigaction(SIGTTIN, {SIG_DFL, [], SA_RESTORER, 0x7f8875fe6270}, NULL, 8) = 0
24692 06:00:51 rt_sigaction(SIGTTOU, {SIG_DFL, [], SA_RESTORER, 0x7f8875fe6270}, NULL, 8) = 0
24692 06:00:51 close(4)                 = 0
24692 06:00:51 write(3, "\301H\177\260.L\376\344\357\355\"1\250\361%\277\341\352\3546\235\277\333\326\30/\215\t\372k\373*"..., 136) = 136
24692 06:00:51 select(4, [3], NULL, NULL, NULL) = 1 (in [3])
24692 06:00:51 read(3, "\\r[p;\303\330=\242\230\331\242\v\v\350\235S\303\364\210\224\254$\277", 8192) = 24
24692 06:00:51 dup(0)                   = 4
24692 06:00:51 dup(1)                   = 5
24692 06:00:51 dup(2)                   = 6
24692 06:00:51 ioctl(4, TCGETS, {B38400 opost isig icanon echo ...}) = 0
24692 06:00:51 ioctl(5, TCGETS, {B38400 opost isig icanon echo ...}) = 0
24692 06:00:51 ioctl(6, TCGETS, {B38400 opost isig icanon echo ...}) = 0
24692 06:00:51 fcntl(4, F_SETFD, FD_CLOEXEC) = 0
24692 06:00:51 fcntl(5, F_SETFD, FD_CLOEXEC) = 0
24692 06:00:51 fcntl(6, F_SETFD, FD_CLOEXEC) = 0
24692 06:00:51 rt_sigaction(SIGHUP, NULL, {SIG_DFL, [], SA_RESTORER, 0x7f8875fe6270}, 8) = 0
24692 06:00:51 rt_sigaction(SIGHUP, {SIG_IGN, [], SA_RESTORER, 0x7f8875fe6270}, NULL, 8) = 0
24692 06:00:51 rt_sigaction(SIGHUP, NULL, {SIG_IGN, [], SA_RESTORER, 0x7f8875fe6270}, 8) = 0
24692 06:00:51 rt_sigaction(SIGHUP, {0x55e612a9e9c0, [], SA_RESTORER, 0x7f8875fe6270}, NULL, 8) = 0
24692 06:00:51 rt_sigaction(SIGINT, NULL, {SIG_DFL, [], SA_RESTORER, 0x7f8875fe6270}, 8) = 0
24692 06:00:51 rt_sigaction(SIGINT, {SIG_IGN, [], SA_RESTORER, 0x7f8875fe6270}, NULL, 8) = 0
24692 06:00:51 rt_sigaction(SIGINT, NULL, {SIG_IGN, [], SA_RESTORER, 0x7f8875fe6270}, 8) = 0
24692 06:00:51 rt_sigaction(SIGINT, {0x55e612a9e9c0, [], SA_RESTORER, 0x7f8875fe6270}, NULL, 8) = 0
24692 06:00:51 rt_sigaction(SIGQUIT, NULL, {SIG_DFL, [], SA_RESTORER, 0x7f8875fe6270}, 8) = 0
24692 06:00:51 rt_sigaction(SIGQUIT, {SIG_IGN, [], SA_RESTORER, 0x7f8875fe6270}, NULL, 8) = 0
24692 06:00:51 rt_sigaction(SIGQUIT, NULL, {SIG_IGN, [], SA_RESTORER, 0x7f8875fe6270}, 8) = 0
24692 06:00:51 rt_sigaction(SIGQUIT, {0x55e612a9e9c0, [], SA_RESTORER, 0x7f8875fe6270}, NULL, 8) = 0
24692 06:00:51 rt_sigaction(SIGTERM, NULL, {SIG_DFL, [], SA_RESTORER, 0x7f8875fe6270}, 8) = 0
24692 06:00:51 rt_sigaction(SIGTERM, {SIG_IGN, [], SA_RESTORER, 0x7f8875fe6270}, NULL, 8) = 0
24692 06:00:51 rt_sigaction(SIGTERM, NULL, {SIG_IGN, [], SA_RESTORER, 0x7f8875fe6270}, 8) = 0
24692 06:00:51 rt_sigaction(SIGTERM, {0x55e612a9e9c0, [], SA_RESTORER, 0x7f8875fe6270}, NULL, 8) = 0
24692 06:00:51 rt_sigaction(SIGWINCH, NULL, {SIG_DFL, [], 0}, 8) = 0
24692 06:00:51 rt_sigaction(SIGWINCH, {0x55e612a9ec50, [], SA_RESTORER, 0x7f8875fe6270}, NULL, 8) = 0
24692 06:00:51 ioctl(0, TCGETS, {B38400 opost isig icanon echo ...}) = 0
24692 06:00:51 ioctl(0, SNDCTL_TMR_STOP or TCSETSW, {B38400 -opost -isig -icanon -echo ...}) = 0
24692 06:00:51 clock_gettime(CLOCK_BOOTTIME, {677938, 579758663}) = 0
24692 06:00:51 clock_gettime(CLOCK_BOOTTIME, {677938, 579786297}) = 0
24692 06:00:51 select(7, [3], [3], NULL, NULL) = 1 (out [3])
24692 06:00:51 clock_gettime(CLOCK_BOOTTIME, {677938, 579839477}) = 0
24692 06:00:51 write(3, "\311\30P\262\31d\5\327\nF\5\272\2\272\6\304\260\21SQH(\373\23\270H\20\373\201\203>s"..., 112) = 112
24692 06:00:51 clock_gettime(CLOCK_BOOTTIME, {677938, 579898489}) = 0
24692 06:00:51 clock_gettime(CLOCK_BOOTTIME, {677938, 579921286}) = 0
24692 06:00:51 select(7, [3], [], NULL, NULL) = 1 (in [3])
24692 06:00:51 clock_gettime(CLOCK_BOOTTIME, {677938, 583557068}) = 0
24692 06:00:51 read(3, "\250`\230\33\317\30\250\5\366\200(\366\27_\242\247\357.\277\21&\27\373rcyHR\253\357\324\177"..., 8192) = 40
24692 06:00:51 getsockopt(3, SOL_TCP, TCP_NODELAY, [0], [4]) = 0
24692 06:00:51 setsockopt(3, SOL_TCP, TCP_NODELAY, [1], 4) = 0
24692 06:00:51 getsockname(3, {sa_family=AF_INET, sin_port=htons(34996), sin_addr=inet_addr("10.5.0.222")}, [16]) = 0
24692 06:00:51 setsockopt(3, SOL_IP, IP_TOS, [16], 4) = 0
24692 06:00:51 ioctl(0, TIOCGWINSZ, {ws_row=24, ws_col=147, ws_xpixel=0, ws_ypixel=0}) = 0
24692 06:00:51 clock_gettime(CLOCK_BOOTTIME, {677938, 583781307}) = 0
24692 06:00:51 clock_gettime(CLOCK_BOOTTIME, {677938, 583809883}) = 0
24692 06:00:51 select(7, [3], [3], NULL, NULL) = 1 (out [3])
24692 06:00:51 clock_gettime(CLOCK_BOOTTIME, {677938, 583861853}) = 0
24692 06:00:51 write(3, "\31\232\271yHQ\231\251\311\"\211\202\251\366\31a\377?\16\23\367d\25\317\317\\5_^Bw\352"..., 368) = 368
24692 06:00:51 clock_gettime(CLOCK_BOOTTIME, {677938, 583923245}) = 0
24692 06:00:51 clock_gettime(CLOCK_BOOTTIME, {677938, 583946139}) = 0
24692 06:00:51 select(7, [3], [], NULL, NULL) = 1 (in [3])
24692 06:00:51 clock_gettime(CLOCK_BOOTTIME, {677938, 584512986}) = 0
24692 06:00:51 read(3, "rR\3039\355\314$\30\253E\222\252\25Y\336\263\244\265\273Q\304\261M\16\207\235\377AA\251\334\325"..., 8192) = 88
24692 06:00:51 clock_gettime(CLOCK_BOOTTIME, {677938, 584568256}) = 0
24692 06:00:51 clock_gettime(CLOCK_BOOTTIME, {677938, 584590456}) = 0
24692 06:00:51 select(7, [3 4], [], NULL, NULL) = 1 (in [3])
24692 06:00:51 clock_gettime(CLOCK_BOOTTIME, {677938, 589154949}) = 0
24692 06:00:51 read(3, "\243\3\264PP\205\221D\323\336T\374\360& |\316\323n\16\222\3\323\200*\254\201f4\303\374\202"..., 8192) = 152
24692 06:00:51 clock_gettime(CLOCK_BOOTTIME, {677938, 589264785}) = 0
24692 06:00:51 clock_gettime(CLOCK_BOOTTIME, {677938, 589307163}) = 0
24692 06:00:51 select(7, [3 4], [5], NULL, NULL) = 1 (out [5])
24692 06:00:51 clock_gettime(CLOCK_BOOTTIME, {677938, 589397260}) = 0
24692 06:00:51 write(5, "Last login: Fri Jun 22 13:58:23 "..., 111) = 111
24692 06:00:51 clock_gettime(CLOCK_BOOTTIME, {677938, 589526741}) = 0
24692 06:00:51 clock_gettime(CLOCK_BOOTTIME, {677938, 589569997}) = 0
24692 06:00:51 select(7, [3 4], [], NULL, NULL) = 1 (in [3])
24692 06:00:52 clock_gettime(CLOCK_BOOTTIME, {677938, 606162917}) = 0
24692 06:00:52 read(3, "\313 \207\233w\32\303\376\232\n\260\233j!\327a\2\261A\21\2\341J\322\177\327>\234[\240\f\\"..., 8192) = 56
24692 06:00:52 clock_gettime(CLOCK_BOOTTIME, {677938, 606294121}) = 0
24692 06:00:52 clock_gettime(CLOCK_BOOTTIME, {677938, 606335892}) = 0
24692 06:00:52 select(7, [3 4], [5], NULL, NULL) = 1 (out [5])
24692 06:00:52 clock_gettime(CLOCK_BOOTTIME, {677938, 606424620}) = 0
24692 06:00:52 write(5, "[root@ali-p2p-h5-1 ~]# ", 23) = 23
24692 06:00:52 clock_gettime(CLOCK_BOOTTIME, {677938, 606526976}) = 0
24692 06:00:52 clock_gettime(CLOCK_BOOTTIME, {677938, 606569758}) = 0
24692 06:00:52 select(7, [3 4], [], NULL, NULL) = 1 (in [4])
24692 06:00:52 clock_gettime(CLOCK_BOOTTIME, {677939, 484401512}) = 0
24692 06:00:52 read(4, "\r", 16384)     = 1
24692 06:00:52 clock_gettime(CLOCK_BOOTTIME, {677939, 484524840}) = 0
24692 06:00:52 clock_gettime(CLOCK_BOOTTIME, {677939, 484567813}) = 0
24692 06:00:52 select(7, [3 4], [3], NULL, NULL) = 1 (out [3])
24692 06:00:52 clock_gettime(CLOCK_BOOTTIME, {677939, 484661357}) = 0
24692 06:00:52 write(3, "\302\311]i\231a\304\223\266\310\22\205\271\270\2d\376V\374=S\310\364\255\373s\205\265\311\342\241d"..., 40) = 40
24692 06:00:52 clock_gettime(CLOCK_BOOTTIME, {677939, 484773559}) = 0
24692 06:00:52 clock_gettime(CLOCK_BOOTTIME, {677939, 484815703}) = 0
24692 06:00:52 select(7, [3 4], [], NULL, NULL) = 1 (in [3])
24692 06:00:52 clock_gettime(CLOCK_BOOTTIME, {677939, 486181205}) = 0
24692 06:00:52 read(3, "j!\374\342\253\3\34\246\354\374\3771\213\4\317i\327.\325\363\227U\242\312\321\333'O\376b\341\\"..., 8192) = 40
24692 06:00:52 clock_gettime(CLOCK_BOOTTIME, {677939, 486277402}) = 0
24692 06:00:52 clock_gettime(CLOCK_BOOTTIME, {677939, 486318661}) = 0
24692 06:00:52 select(7, [3 4], [5], NULL, NULL) = 1 (out [5])
24692 06:00:52 clock_gettime(CLOCK_BOOTTIME, {677939, 486408629}) = 0
24692 06:00:52 write(5, "\r\n", 2)      = 2
24692 06:00:52 clock_gettime(CLOCK_BOOTTIME, {677939, 486539328}) = 0
24692 06:00:52 clock_gettime(CLOCK_BOOTTIME, {677939, 486581735}) = 0
24692 06:00:52 select(7, [3 4], [], NULL, NULL) = 1 (in [3])
24692 06:00:52 clock_gettime(CLOCK_BOOTTIME, {677939, 491465255}) = 0
24692 06:00:52 read(3, "\311\246\270\0\223\300\277A*\34\21\27\35yR\313\2247\307\317{~\231\f\330}Q~\372\302\355\304"..., 8192) = 56
24692 06:00:52 clock_gettime(CLOCK_BOOTTIME, {677939, 491568161}) = 0
24692 06:00:52 clock_gettime(CLOCK_BOOTTIME, {677939, 491610198}) = 0
24692 06:00:52 select(7, [3 4], [5], NULL, NULL) = 1 (out [5])
24692 06:00:52 clock_gettime(CLOCK_BOOTTIME, {677939, 491699430}) = 0
24692 06:00:52 write(5, "[root@ali-p2p-h5-1 ~]# ", 23) = 23
24692 06:00:52 clock_gettime(CLOCK_BOOTTIME, {677939, 491825476}) = 0
24692 06:00:52 clock_gettime(CLOCK_BOOTTIME, {677939, 491868098}) = 0
24692 06:00:52 select(7, [3 4], [], NULL, NULL) = 1 (in [4])
24692 06:00:53 clock_gettime(CLOCK_BOOTTIME, {677939, 677405304}) = 0
24692 06:00:53 read(4, "\r", 16384)     = 1
24692 06:00:53 clock_gettime(CLOCK_BOOTTIME, {677939, 677521735}) = 0
24692 06:00:53 clock_gettime(CLOCK_BOOTTIME, {677939, 677563524}) = 0
24692 06:00:53 select(7, [3 4], [3], NULL, NULL) = 1 (out [3])
24692 06:00:53 clock_gettime(CLOCK_BOOTTIME, {677939, 677652936}) = 0
24692 06:00:53 write(3, "\270@\354\360\277\233V=\22ne\333l:S<\26049U\255}{}O\366oY\366'\7\232"..., 40) = 40
24692 06:00:53 clock_gettime(CLOCK_BOOTTIME, {677939, 677758278}) = 0
24692 06:00:53 clock_gettime(CLOCK_BOOTTIME, {677939, 677799084}) = 0
24692 06:00:53 select(7, [3 4], [], NULL, NULL) = 1 (in [3])
24692 06:00:53 clock_gettime(CLOCK_BOOTTIME, {677939, 679413015}) = 0
24692 06:00:53 read(3, "5\260\36dh\272\251\361\305\20\v\254\333\216\360\303\220\34\300h\32\356\206es\245\23\364\22\241V\266"..., 8192) = 40
24692 06:00:53 clock_gettime(CLOCK_BOOTTIME, {677939, 679505394}) = 0
24692 06:00:53 clock_gettime(CLOCK_BOOTTIME, {677939, 679545775}) = 0
24692 06:00:53 select(7, [3 4], [5], NULL, NULL) = 1 (out [5])
24692 06:00:53 clock_gettime(CLOCK_BOOTTIME, {677939, 679632280}) = 0
24692 06:00:53 write(5, "\r\n", 2)      = 2
24692 06:00:53 clock_gettime(CLOCK_BOOTTIME, {677939, 679760424}) = 0
24692 06:00:53 clock_gettime(CLOCK_BOOTTIME, {677939, 679801794}) = 0
24692 06:00:53 select(7, [3 4], [], NULL, NULL) = 1 (in [3])
24692 06:00:53 clock_gettime(CLOCK_BOOTTIME, {677939, 684158096}) = 0
24692 06:00:53 read(3, "\0<\247\302\326\34:~\205\34\272\34c4\204\16Z\334\310\"K\343M\271b\203,\351`\224\257H"..., 8192) = 56
24692 06:00:53 clock_gettime(CLOCK_BOOTTIME, {677939, 684250721}) = 0
24692 06:00:53 clock_gettime(CLOCK_BOOTTIME, {677939, 684293520}) = 0
24692 06:00:53 select(7, [3 4], [5], NULL, NULL) = 1 (out [5])
24692 06:00:53 clock_gettime(CLOCK_BOOTTIME, {677939, 684382410}) = 0
24692 06:00:53 write(5, "[root@ali-p2p-h5-1 ~]# ", 23) = 23
24692 06:00:53 clock_gettime(CLOCK_BOOTTIME, {677939, 684496681}) = 0
24692 06:00:53 clock_gettime(CLOCK_BOOTTIME, {677939, 684539140}) = 0
24692 06:00:53 select(7, [3 4], [], NULL, NULL) = 1 (in [4])
24692 06:00:53 clock_gettime(CLOCK_BOOTTIME, {677939, 861336518}) = 0
24692 06:00:53 read(4, "\r", 16384)     = 1
24692 06:00:53 clock_gettime(CLOCK_BOOTTIME, {677939, 861458945}) = 0
24692 06:00:53 clock_gettime(CLOCK_BOOTTIME, {677939, 861501946}) = 0
24692 06:00:53 select(7, [3 4], [3], NULL, NULL) = 1 (out [3])
24692 06:00:53 clock_gettime(CLOCK_BOOTTIME, {677939, 861589954}) = 0
24692 06:00:53 write(3, "\277WZT=g\34\336i\223\314|tY\220\37\2368?s{s\255o \3665\202\303\201\0227"..., 40) = 40
24692 06:00:53 clock_gettime(CLOCK_BOOTTIME, {677939, 861684371}) = 0
24692 06:00:53 clock_gettime(CLOCK_BOOTTIME, {677939, 861734999}) = 0
24692 06:00:53 select(7, [3 4], [], NULL, NULL) = 1 (in [3])
24692 06:00:53 clock_gettime(CLOCK_BOOTTIME, {677939, 863169226}) = 0
24692 06:00:53 read(3, "\220\223\264m\375\322\326\210-\304\362\347\367\350\31\240\364\320L\352\243\306\265f\220\4\215x2ti\244"..., 8192) = 40
24692 06:00:53 clock_gettime(CLOCK_BOOTTIME, {677939, 863260708}) = 0
24692 06:00:53 clock_gettime(CLOCK_BOOTTIME, {677939, 863303102}) = 0
24692 06:00:53 select(7, [3 4], [5], NULL, NULL) = 1 (out [5])
24692 06:00:53 clock_gettime(CLOCK_BOOTTIME, {677939, 863392333}) = 0
24692 06:00:53 write(5, "\r\n", 2)      = 2
24692 06:00:53 clock_gettime(CLOCK_BOOTTIME, {677939, 863513587}) = 0
24692 06:00:53 clock_gettime(CLOCK_BOOTTIME, {677939, 863555813}) = 0
24692 06:00:53 select(7, [3 4], [], NULL, NULL) = 1 (in [3])
24692 06:00:53 clock_gettime(CLOCK_BOOTTIME, {677939, 868419766}) = 0
24692 06:00:53 read(3, "w\367\247\34\356\333\320y,}\323\324\225\226\242\260\212\373\260w]\177D\337\370E\243\16\"\266\262\200"..., 8192) = 56
24692 06:00:53 clock_gettime(CLOCK_BOOTTIME, {677939, 868511631}) = 0
24692 06:00:53 clock_gettime(CLOCK_BOOTTIME, {677939, 868553171}) = 0
24692 06:00:53 select(7, [3 4], [5], NULL, NULL) = 1 (out [5])
24692 06:00:53 clock_gettime(CLOCK_BOOTTIME, {677939, 868642446}) = 0
24692 06:00:53 write(5, "[root@ali-p2p-h5-1 ~]# ", 23) = 23
24692 06:00:53 clock_gettime(CLOCK_BOOTTIME, {677939, 868765538}) = 0
24692 06:00:53 clock_gettime(CLOCK_BOOTTIME, {677939, 868808093}) = 0
24692 06:00:53 select(7, [3 4], [], NULL, NULL) = 1 (in [4])
24692 06:00:53 clock_gettime(CLOCK_BOOTTIME, {677940, 28952192}) = 0
24692 06:00:53 read(4, "\r", 16384)     = 1
24692 06:00:53 clock_gettime(CLOCK_BOOTTIME, {677940, 29083762}) = 0
24692 06:00:53 clock_gettime(CLOCK_BOOTTIME, {677940, 29125779}) = 0
24692 06:00:53 select(7, [3 4], [3], NULL, NULL) = 1 (out [3])
24692 06:00:53 clock_gettime(CLOCK_BOOTTIME, {677940, 29217925}) = 0
24692 06:00:53 write(3, "m\263\301\2319\302\352\6\5\240\224!wK\2356\275f\341\27\325\256<\337\236\341<\353\203C`\255"..., 40) = 40
24692 06:00:53 clock_gettime(CLOCK_BOOTTIME, {677940, 29315901}) = 0
24692 06:00:53 clock_gettime(CLOCK_BOOTTIME, {677940, 29357626}) = 0
24692 06:00:53 select(7, [3 4], [], NULL, NULL) = 1 (in [3])
24692 06:00:53 clock_gettime(CLOCK_BOOTTIME, {677940, 31414296}) = 0
24692 06:00:53 read(3, "5\367\336\256\222\226\277\317\314e\0\347f\272\262\264f\370\310B\243\26v\276B\30X\240\311\303\252\330"..., 8192) = 40
24692 06:00:53 clock_gettime(CLOCK_BOOTTIME, {677940, 31507114}) = 0
24692 06:00:53 clock_gettime(CLOCK_BOOTTIME, {677940, 31548784}) = 0
24692 06:00:53 select(7, [3 4], [5], NULL, NULL) = 1 (out [5])
24692 06:00:53 clock_gettime(CLOCK_BOOTTIME, {677940, 31637931}) = 0
24692 06:00:53 write(5, "\r\n", 2)      = 2
24692 06:00:53 clock_gettime(CLOCK_BOOTTIME, {677940, 31767322}) = 0
24692 06:00:53 clock_gettime(CLOCK_BOOTTIME, {677940, 31809090}) = 0
24692 06:00:53 select(7, [3 4], [], NULL, NULL) = 1 (in [3])
24692 06:00:53 clock_gettime(CLOCK_BOOTTIME, {677940, 36141992}) = 0
24692 06:00:53 read(3, "\334)\211\362\224[.\321\3120\316yTk)\344\355\260\26\356\345\265\321jM\207\2018\231$n\r"..., 8192) = 56
24692 06:00:53 clock_gettime(CLOCK_BOOTTIME, {677940, 36234718}) = 0
24692 06:00:53 clock_gettime(CLOCK_BOOTTIME, {677940, 36277110}) = 0
24692 06:00:53 select(7, [3 4], [5], NULL, NULL) = 1 (out [5])
24692 06:00:53 clock_gettime(CLOCK_BOOTTIME, {677940, 36367270}) = 0
24692 06:00:53 write(5, "[root@ali-p2p-h5-1 ~]# ", 23) = 23
24692 06:00:53 clock_gettime(CLOCK_BOOTTIME, {677940, 36481264}) = 0
24692 06:00:53 clock_gettime(CLOCK_BOOTTIME, {677940, 36523871}) = 0
24692 06:00:53 select(7, [3 4], [], NULL, NULL) = 1 (in [4])
24692 06:00:53 clock_gettime(CLOCK_BOOTTIME, {677940, 189368588}) = 0
24692 06:00:53 read(4, "\r", 16384)     = 1
24692 06:00:53 clock_gettime(CLOCK_BOOTTIME, {677940, 189484390}) = 0
24692 06:00:53 clock_gettime(CLOCK_BOOTTIME, {677940, 189526548}) = 0
24692 06:00:53 select(7, [3 4], [3], NULL, NULL) = 1 (out [3])
24692 06:00:53 clock_gettime(CLOCK_BOOTTIME, {677940, 189618569}) = 0
24692 06:00:53 write(3, "\372w\341\232l\207\346q*dHX\224u`\220Jp\316\311Q\367$\352\302>\360\326k{i\374"..., 40) = 40
24692 06:00:53 clock_gettime(CLOCK_BOOTTIME, {677940, 189728331}) = 0
24692 06:00:53 clock_gettime(CLOCK_BOOTTIME, {677940, 189770236}) = 0
24692 06:00:53 select(7, [3 4], [], NULL, NULL) = 1 (in [3])
24692 06:00:53 clock_gettime(CLOCK_BOOTTIME, {677940, 191178264}) = 0
24692 06:00:53 read(3, "\255l\23\373+M\254\267\204a\367\t\314\nO\2\303\17\26\223\335\337z\270k\326\301G\3338>\23"..., 8192) = 40
24692 06:00:53 clock_gettime(CLOCK_BOOTTIME, {677940, 191271113}) = 0
24692 06:00:53 clock_gettime(CLOCK_BOOTTIME, {677940, 191312586}) = 0
24692 06:00:53 select(7, [3 4], [5], NULL, NULL) = 1 (out [5])
24692 06:00:53 clock_gettime(CLOCK_BOOTTIME, {677940, 191402081}) = 0
24692 06:00:53 write(5, "\r\n", 2)      = 2
24692 06:00:53 clock_gettime(CLOCK_BOOTTIME, {677940, 191536623}) = 0
24692 06:00:53 clock_gettime(CLOCK_BOOTTIME, {677940, 191580195}) = 0
24692 06:00:53 select(7, [3 4], [], NULL, NULL) = 1 (in [3])
24692 06:00:53 clock_gettime(CLOCK_BOOTTIME, {677940, 196400802}) = 0
24692 06:00:53 read(3, "d\32\307\34\244\352\356;o\363\247\315\25\323!\231\204L\230_6\364\330\16\"\370\177$.^f,"..., 8192) = 56
24692 06:00:53 clock_gettime(CLOCK_BOOTTIME, {677940, 196497816}) = 0
24692 06:00:53 clock_gettime(CLOCK_BOOTTIME, {677940, 196539565}) = 0
24692 06:00:53 select(7, [3 4], [5], NULL, NULL) = 1 (out [5])
24692 06:00:53 clock_gettime(CLOCK_BOOTTIME, {677940, 196628750}) = 0
24692 06:00:53 write(5, "[root@ali-p2p-h5-1 ~]# ", 23) = 23
24692 06:00:53 clock_gettime(CLOCK_BOOTTIME, {677940, 196748540}) = 0
24692 06:00:53 clock_gettime(CLOCK_BOOTTIME, {677940, 196791027}) = 0
24692 06:00:53 select(7, [3 4], [], NULL, NULL) = 1 (in [4])
24692 06:00:56 clock_gettime(CLOCK_BOOTTIME, {677942, 748515605}) = 0
24692 06:00:56 read(4, "e", 16384)      = 1
24692 06:00:56 clock_gettime(CLOCK_BOOTTIME, {677942, 748631253}) = 0
24692 06:00:56 clock_gettime(CLOCK_BOOTTIME, {677942, 748674514}) = 0
24692 06:00:56 select(7, [3 4], [3], NULL, NULL) = 1 (out [3])
24692 06:00:56 clock_gettime(CLOCK_BOOTTIME, {677942, 748776699}) = 0
24692 06:00:56 write(3, "\300\27\22\326U\312\312\3714\367\200?\376PX\373K\267\2301\203\237\r\366:D\vj%]d\316"..., 40) = 40
24692 06:00:56 clock_gettime(CLOCK_BOOTTIME, {677942, 748878850}) = 0
24692 06:00:56 clock_gettime(CLOCK_BOOTTIME, {677942, 748920416}) = 0
24692 06:00:56 select(7, [3 4], [], NULL, NULL) = 1 (in [3])
24692 06:00:56 clock_gettime(CLOCK_BOOTTIME, {677942, 750403689}) = 0
24692 06:00:56 read(3, "\332\267\20d[s\324sB\355\300\357\335\237\\b\310\37\247\255id\344\320\256\26\351\225U^Y\345"..., 8192) = 40
24692 06:00:56 clock_gettime(CLOCK_BOOTTIME, {677942, 750495143}) = 0
24692 06:00:56 clock_gettime(CLOCK_BOOTTIME, {677942, 750535927}) = 0
24692 06:00:56 select(7, [3 4], [5], NULL, NULL) = 1 (out [5])
24692 06:00:56 clock_gettime(CLOCK_BOOTTIME, {677942, 750622151}) = 0
24692 06:00:56 write(5, "e", 1)         = 1
24692 06:00:56 clock_gettime(CLOCK_BOOTTIME, {677942, 750753879}) = 0
24692 06:00:56 clock_gettime(CLOCK_BOOTTIME, {677942, 750794808}) = 0
24692 06:00:56 select(7, [3 4], [], NULL, NULL) = 1 (in [4])
24692 06:00:56 clock_gettime(CLOCK_BOOTTIME, {677943, 4679825}) = 0
24692 06:00:56 read(4, "x", 16384)      = 1
24692 06:00:56 clock_gettime(CLOCK_BOOTTIME, {677943, 4824835}) = 0
24692 06:00:56 clock_gettime(CLOCK_BOOTTIME, {677943, 4865077}) = 0
24692 06:00:56 select(7, [3 4], [3], NULL, NULL) = 1 (out [3])
24692 06:00:56 clock_gettime(CLOCK_BOOTTIME, {677943, 4953687}) = 0
24692 06:00:56 write(3, "\364\270\304\375\3U9\\\324\333\216\372j\314\315\305\264\253R\3#%\1z\5Q\225\32v\211J\273"..., 40) = 40
24692 06:00:56 clock_gettime(CLOCK_BOOTTIME, {677943, 5061972}) = 0
24692 06:00:56 clock_gettime(CLOCK_BOOTTIME, {677943, 5103915}) = 0
24692 06:00:56 select(7, [3 4], [], NULL, NULL) = 1 (in [3])
24692 06:00:56 clock_gettime(CLOCK_BOOTTIME, {677943, 7393464}) = 0
24692 06:00:56 read(3, "\227\233~\305\367I\2\236\177\327\324dR?E\fG\313\35\252\317\353%\307K\2467\r,\22G\20"..., 8192) = 40
24692 06:00:56 clock_gettime(CLOCK_BOOTTIME, {677943, 7484790}) = 0
24692 06:00:56 clock_gettime(CLOCK_BOOTTIME, {677943, 7524909}) = 0
24692 06:00:56 select(7, [3 4], [5], NULL, NULL) = 1 (out [5])
24692 06:00:56 clock_gettime(CLOCK_BOOTTIME, {677943, 7611796}) = 0
24692 06:00:56 write(5, "x", 1)         = 1
24692 06:00:56 clock_gettime(CLOCK_BOOTTIME, {677943, 7734750}) = 0
24692 06:00:56 clock_gettime(CLOCK_BOOTTIME, {677943, 7775783}) = 0
24692 06:00:56 select(7, [3 4], [], NULL, NULL) = 1 (in [4])
24692 06:00:56 clock_gettime(CLOCK_BOOTTIME, {677943, 134249415}) = 0
24692 06:00:56 read(4, "i", 16384)      = 1
24692 06:00:56 clock_gettime(CLOCK_BOOTTIME, {677943, 134346667}) = 0
24692 06:00:56 clock_gettime(CLOCK_BOOTTIME, {677943, 134386515}) = 0
24692 06:00:56 select(7, [3 4], [3], NULL, NULL) = 1 (out [3])
24692 06:00:56 clock_gettime(CLOCK_BOOTTIME, {677943, 134480813}) = 0
24692 06:00:56 write(3, "\334\202^q\274\216\22\317~~\212\226\t\346(X\3244\207S9\37yu+\352@\242H\216\272W"..., 40) = 40
24692 06:00:56 clock_gettime(CLOCK_BOOTTIME, {677943, 134569658}) = 0
24692 06:00:56 clock_gettime(CLOCK_BOOTTIME, {677943, 134608211}) = 0
24692 06:00:56 select(7, [3 4], [], NULL, NULL) = 1 (in [3])
24692 06:00:56 clock_gettime(CLOCK_BOOTTIME, {677943, 136402366}) = 0
24692 06:00:56 read(3, "\356\371(MTt\351\360!\300\232@\337\231\241\256\371\225\27\244\314\26I\357\373yZ\2107+Xp"..., 8192) = 40
24692 06:00:56 clock_gettime(CLOCK_BOOTTIME, {677943, 136487413}) = 0
24692 06:00:56 clock_gettime(CLOCK_BOOTTIME, {677943, 136526386}) = 0
24692 06:00:56 select(7, [3 4], [5], NULL, NULL) = 1 (out [5])
24692 06:00:56 clock_gettime(CLOCK_BOOTTIME, {677943, 136609559}) = 0
24692 06:00:56 write(5, "i", 1)         = 1
24692 06:00:56 clock_gettime(CLOCK_BOOTTIME, {677943, 136729173}) = 0
24692 06:00:56 clock_gettime(CLOCK_BOOTTIME, {677943, 136768429}) = 0
24692 06:00:56 select(7, [3 4], [], NULL, NULL) = 1 (in [4])
24692 06:00:56 clock_gettime(CLOCK_BOOTTIME, {677943, 301349716}) = 0
24692 06:00:56 read(4, "t", 16384)      = 1
24692 06:00:56 clock_gettime(CLOCK_BOOTTIME, {677943, 301458799}) = 0
24692 06:00:56 clock_gettime(CLOCK_BOOTTIME, {677943, 301500778}) = 0
24692 06:00:56 select(7, [3 4], [3], NULL, NULL) = 1 (out [3])
24692 06:00:56 clock_gettime(CLOCK_BOOTTIME, {677943, 301625657}) = 0
24692 06:00:56 write(3, "V3\271\2319\202~\333\265Li\207\20\27I\277,g\221\3729\307^\4\0A\312eQs\214\372"..., 40) = 40
24692 06:00:56 clock_gettime(CLOCK_BOOTTIME, {677943, 301728806}) = 0
24692 06:00:56 clock_gettime(CLOCK_BOOTTIME, {677943, 301770559}) = 0
24692 06:00:56 select(7, [3 4], [], NULL, NULL) = 1 (in [3])
24692 06:00:56 clock_gettime(CLOCK_BOOTTIME, {677943, 303402000}) = 0
24692 06:00:56 read(3, "\365*dF\31|E\3369_U\20\360\244i\341\307\35\2333@8\357\t\332\3f\352\242\253Go"..., 8192) = 40
24692 06:00:56 clock_gettime(CLOCK_BOOTTIME, {677943, 303494627}) = 0
24692 06:00:56 clock_gettime(CLOCK_BOOTTIME, {677943, 303537572}) = 0
24692 06:00:56 select(7, [3 4], [5], NULL, NULL) = 1 (out [5])
24692 06:00:56 clock_gettime(CLOCK_BOOTTIME, {677943, 303627236}) = 0
24692 06:00:56 write(5, "t", 1)         = 1
24692 06:00:56 clock_gettime(CLOCK_BOOTTIME, {677943, 303753256}) = 0
24692 06:00:56 clock_gettime(CLOCK_BOOTTIME, {677943, 303796032}) = 0
24692 06:00:56 select(7, [3 4], [], NULL, NULL) = 1 (in [4])
24692 06:00:56 clock_gettime(CLOCK_BOOTTIME, {677943, 445096806}) = 0
24692 06:00:56 read(4, "\r", 16384)     = 1
24692 06:00:56 clock_gettime(CLOCK_BOOTTIME, {677943, 445203434}) = 0
24692 06:00:56 clock_gettime(CLOCK_BOOTTIME, {677943, 445245454}) = 0
24692 06:00:56 select(7, [3 4], [3], NULL, NULL) = 1 (out [3])
24692 06:00:56 clock_gettime(CLOCK_BOOTTIME, {677943, 445336475}) = 0
24692 06:00:56 write(3, "6\212{_\215\304\264\326\216Xj\23\244~\255\2n\335-p\23n\254\10O\317\272\235\213q\311\203"..., 40) = 40
24692 06:00:56 clock_gettime(CLOCK_BOOTTIME, {677943, 445432592}) = 0
24692 06:00:56 clock_gettime(CLOCK_BOOTTIME, {677943, 445475975}) = 0
24692 06:00:56 select(7, [3 4], [], NULL, NULL) = 1 (in [3])
24692 06:00:56 clock_gettime(CLOCK_BOOTTIME, {677943, 450324977}) = 0
24692 06:00:56 read(3, "L\334\313\376\7\321\334\6\372oP@R\35\217\330n\371\223^\250=\315\226\23\261d\271\27\265S\226"..., 8192) = 200
24692 06:00:56 close(4)                 = 0
24692 06:00:56 clock_gettime(CLOCK_BOOTTIME, {677943, 450466904}) = 0
24692 06:00:56 clock_gettime(CLOCK_BOOTTIME, {677943, 450508711}) = 0
24692 06:00:56 select(7, [3], [5], NULL, NULL) = 1 (out [5])
24692 06:00:56 clock_gettime(CLOCK_BOOTTIME, {677943, 450598771}) = 0
24692 06:00:56 write(5, "\r\nlogout\r\n", 10) = 10
24692 06:00:56 clock_gettime(CLOCK_BOOTTIME, {677943, 450724354}) = 0
24692 06:00:56 clock_gettime(CLOCK_BOOTTIME, {677943, 450766595}) = 0
24692 06:00:56 close(5)                 = 0
24692 06:00:56 ioctl(0, SNDCTL_TMR_STOP or TCSETSW, {B38400 opost isig icanon echo ...}) = 0
24692 06:00:56 close(6)                 = 0
24692 06:00:56 select(7, [3], [3], NULL, NULL) = 1 (out [3])
24692 06:00:56 clock_gettime(CLOCK_BOOTTIME, {677943, 451021924}) = 0
24692 06:00:56 write(3, "\316\250\10\273\203B`\326\343\322\237\346\36\207Jn\4\336\260^\362\207\16s", 24) = 24
24692 06:00:56 rt_sigaction(SIGWINCH, NULL, {0x55e612a9ec50, [], SA_RESTORER, 0x7f8875fe6270}, 8) = 0
24692 06:00:56 rt_sigaction(SIGWINCH, {SIG_DFL, [], SA_RESTORER, 0x7f8875fe6270}, NULL, 8) = 0
24692 06:00:56 write(3, "\346\262[\376K\347Q\3308M\364!|\2277\370\2473\177\275Iz|_.46x D\340\276"..., 56) = 56
24692 06:00:56 ioctl(0, TCGETS, {B38400 opost isig icanon echo ...}) = 0
24692 06:00:56 ioctl(1, TCGETS, {B38400 opost isig icanon echo ...}) = 0
24692 06:00:56 ioctl(2, TCGETS, {B38400 opost isig icanon echo ...}) = 0
24692 06:00:56 write(2, "Connection to 10.5.0.208 closed."..., 34) = 34
24692 06:00:56 shutdown(3, SHUT_RDWR)   = 0
24692 06:00:56 close(3)                 = 0
24692 06:00:56 exit_group(0)            = ?
24692 06:00:56 +++ exited with 0 +++
