2201  02:51:01 select(4, [3], NULL, NULL, NULL) = 1 (in [3])
2201  02:51:01 read(3, "\0\0\3\274\n!\0\0\1\25\0\0\0\7ssh-rsa\0\0\0\1#\0\0\1\1\0\264"..., 8192) = 976
2201  02:51:01 open("/root/.ssh/known_hosts", O_RDONLY) = 4
2201  02:51:01 fstat(4, {st_mode=S_IFREG|0644, st_size=1177, ...}) = 0
2201  02:51:01 mmap(NULL, 4096, PROT_READ|PROT_WRITE, MAP_PRIVATE|MAP_ANONYMOUS, -1, 0) = 0x7f9cb31f4000
2201  02:51:01 read(4, "172.19.0.36 ssh-rsa AAAAB3NzaC1y"..., 4096) = 1177
2201  02:51:01 read(4, "", 4096)        = 0
2201  02:51:01 close(4)                 = 0
2201  02:51:01 munmap(0x7f9cb31f4000, 4096) = 0
2201  02:51:01 open("/root/.ssh/known_hosts2", O_RDONLY) = -1 ENOENT (No such file or directory)
2201  02:51:01 open("/usr/local/openssh/etc/ssh_known_hosts", O_RDONLY) = -1 ENOENT (No such file or directory)
2201  02:51:01 open("/usr/local/openssh/etc/ssh_known_hosts2", O_RDONLY) = -1 ENOENT (No such file or directory)
2201  02:51:01 clock_gettime(CLOCK_BOOTTIME, {666547, 860920728}) = 0
2201  02:51:01 write(3, "\0\0\0\f\n\25\0\0\0\0\0\0\0\0\0\0", 16) = 16
2201  02:51:01 write(3, "\2063\265y\316\266q\223\7\365\203\332\222\246\361\375\334\371v\371)\346\261\334\301\376\6\306\301\315S\200"..., 40) = 40
2201  02:51:01 select(4, [3], NULL, NULL, NULL) = 1 (in [3])
2201  02:51:01 read(3, "2)\356\"ne\355\2020rA\355\235\vr\31\271<\245B\265M\324t@\261Q\322|\vzI"..., 8192) = 40
2201  02:51:01 write(3, "\316\203\235\232\265\234\377\210m\20F\321\272\253i\3\321f\307\240\v\34\322x\366r\33\304Y\301+\364"..., 56) = 56
2201  02:51:01 select(4, [3], NULL, NULL, NULL) = 1 (in [3])
2201  02:51:01 read(3, "\234\253\274\217\312\34HM\371\225y=\2\0176By\205\5\300b\202c9\374\t\311b\fub\224"..., 8192) = 72
2201  02:51:01 stat("/root/.ssh/id_rsa", 0x7ffea57b5b10) = -1 ENOENT (No such file or directory)
2201  02:51:01 stat("/root/.ssh/id_dsa", 0x7ffea57b5b10) = -1 ENOENT (No such file or directory)
2201  02:51:01 stat("/root/.ssh/id_ecdsa", 0x7ffea57b5b10) = -1 ENOENT (No such file or directory)
2201  02:51:01 stat("/root/.ssh/id_ed25519", 0x7ffea57b5b10) = -1 ENOENT (No such file or directory)
2201  02:51:01 open("/dev/tty", O_RDWR) = 4
2201  02:51:01 close(4)                 = 0
2201  02:51:01 open("/dev/tty", O_RDWR) = 4
2201  02:51:01 ioctl(4, TCGETS, {B38400 opost isig icanon echo ...}) = 0
2201  02:51:01 ioctl(4, SNDCTL_TMR_CONTINUE or TCSETSF, {B38400 opost isig icanon -echo ...}) = 0
2201  02:51:01 rt_sigaction(SIGALRM, {0x55f48119e0d0, [], SA_RESTORER, 0x7f9cb1d79270}, {SIG_DFL, [], 0}, 8) = 0
2201  02:51:01 rt_sigaction(SIGHUP, {0x55f48119e0d0, [], SA_RESTORER, 0x7f9cb1d79270}, {SIG_DFL, [], 0}, 8) = 0
2201  02:51:01 rt_sigaction(SIGINT, {0x55f48119e0d0, [], SA_RESTORER, 0x7f9cb1d79270}, {SIG_DFL, [], 0}, 8) = 0
2201  02:51:01 rt_sigaction(SIGPIPE, {0x55f48119e0d0, [], SA_RESTORER, 0x7f9cb1d79270}, {SIG_IGN, [], SA_RESTORER, 0x7f9cb1d79270}, 8) = 0
2201  02:51:01 rt_sigaction(SIGQUIT, {0x55f48119e0d0, [], SA_RESTORER, 0x7f9cb1d79270}, {SIG_DFL, [], 0}, 8) = 0
2201  02:51:01 rt_sigaction(SIGTERM, {0x55f48119e0d0, [], SA_RESTORER, 0x7f9cb1d79270}, {SIG_DFL, [], 0}, 8) = 0
2201  02:51:01 rt_sigaction(SIGTSTP, {0x55f48119e0d0, [], SA_RESTORER, 0x7f9cb1d79270}, {SIG_DFL, [], 0}, 8) = 0
2201  02:51:01 rt_sigaction(SIGTTIN, {0x55f48119e0d0, [], SA_RESTORER, 0x7f9cb1d79270}, {SIG_DFL, [], 0}, 8) = 0
2201  02:51:01 rt_sigaction(SIGTTOU, {0x55f48119e0d0, [], SA_RESTORER, 0x7f9cb1d79270}, {SIG_DFL, [], 0}, 8) = 0
2201  02:51:01 write(4, "root@10.5.0.208's password: ", 28) = 28
2201  02:51:01 read(4, "y", 1)          = 1
2201  02:51:01 read(4, "o", 1)          = 1
2201  02:51:01 read(4, "t", 1)          = 1
2201  02:51:01 read(4, "p", 1)          = 1
2201  02:51:01 read(4, "4", 1)          = 1
2201  02:51:01 read(4, "o", 1)          = 1
2201  02:51:01 read(4, "z", 1)          = 1
2201  02:51:01 read(4, "A", 1)          = 1
2201  02:51:01 read(4, "c", 1)          = 1
2201  02:51:01 read(4, "C", 1)          = 1
2201  02:51:01 read(4, "=", 1)          = 1
2201  02:51:01 read(4, "b", 1)          = 1
2201  02:51:01 read(4, "~", 1)          = 1
2201  02:51:01 read(4, "V", 1)          = 1
2201  02:51:01 read(4, "4", 1)          = 1
2201  02:51:01 read(4, "K", 1)          = 1
2201  02:51:01 read(4, "G", 1)          = 1
2201  02:51:01 read(4, "V", 1)          = 1
2201  02:51:01 read(4, "/", 1)          = 1
2201  02:51:01 read(4, "s", 1)          = 1
2201  02:51:01 read(4, "\n", 1)         = 1
2201  02:51:01 write(4, "\n", 1)        = 1
2201  02:51:01 ioctl(4, SNDCTL_TMR_CONTINUE or TCSETSF, {B38400 opost isig icanon echo ...}) = 0
2201  02:51:01 rt_sigaction(SIGALRM, {SIG_DFL, [], SA_RESTORER, 0x7f9cb1d79270}, NULL, 8) = 0
2201  02:51:01 rt_sigaction(SIGHUP, {SIG_DFL, [], SA_RESTORER, 0x7f9cb1d79270}, NULL, 8) = 0
2201  02:51:01 rt_sigaction(SIGINT, {SIG_DFL, [], SA_RESTORER, 0x7f9cb1d79270}, NULL, 8) = 0
2201  02:51:01 rt_sigaction(SIGQUIT, {SIG_DFL, [], SA_RESTORER, 0x7f9cb1d79270}, NULL, 8) = 0
2201  02:51:01 rt_sigaction(SIGPIPE, {SIG_IGN, [], SA_RESTORER, 0x7f9cb1d79270}, NULL, 8) = 0
2201  02:51:01 rt_sigaction(SIGTERM, {SIG_DFL, [], SA_RESTORER, 0x7f9cb1d79270}, NULL, 8) = 0
2201  02:51:01 rt_sigaction(SIGTSTP, {SIG_DFL, [], SA_RESTORER, 0x7f9cb1d79270}, NULL, 8) = 0
2201  02:51:01 rt_sigaction(SIGTTIN, {SIG_DFL, [], SA_RESTORER, 0x7f9cb1d79270}, NULL, 8) = 0
2201  02:51:01 rt_sigaction(SIGTTOU, {SIG_DFL, [], SA_RESTORER, 0x7f9cb1d79270}, NULL, 8) = 0
2201  02:51:01 close(4)                 = 0
2201  02:51:01 write(3, "\22\323V4E\227\244\210\341\325\244tW\276\253\260+b\215\253\354\262NC\202\352\340\220K\347Q\250"..., 136) = 136
2201  02:51:01 select(4, [3], NULL, NULL, NULL) = 1 (in [3])
2201  02:51:01 read(3, "\n\31\203\247\342.\23\321\303Td\217O\276\225\230Wf\354\f\2114\22\264", 8192) = 24
2201  02:51:01 dup(0)                   = 4
2201  02:51:01 dup(1)                   = 5
2201  02:51:01 dup(2)                   = 6
2201  02:51:01 ioctl(4, TCGETS, {B38400 opost isig icanon echo ...}) = 0
2201  02:51:01 ioctl(5, TCGETS, {B38400 opost isig icanon echo ...}) = 0
2201  02:51:01 ioctl(6, TCGETS, {B38400 opost isig icanon echo ...}) = 0
2201  02:51:01 fcntl(4, F_SETFD, FD_CLOEXEC) = 0
2201  02:51:01 fcntl(5, F_SETFD, FD_CLOEXEC) = 0
2201  02:51:01 fcntl(6, F_SETFD, FD_CLOEXEC) = 0
2201  02:51:01 rt_sigaction(SIGHUP, NULL, {SIG_DFL, [], SA_RESTORER, 0x7f9cb1d79270}, 8) = 0
2201  02:51:01 rt_sigaction(SIGHUP, {SIG_IGN, [], SA_RESTORER, 0x7f9cb1d79270}, NULL, 8) = 0
2201  02:51:01 rt_sigaction(SIGHUP, NULL, {SIG_IGN, [], SA_RESTORER, 0x7f9cb1d79270}, 8) = 0
2201  02:51:01 rt_sigaction(SIGHUP, {0x55f4811469f0, [], SA_RESTORER, 0x7f9cb1d79270}, NULL, 8) = 0
2201  02:51:01 rt_sigaction(SIGINT, NULL, {SIG_DFL, [], SA_RESTORER, 0x7f9cb1d79270}, 8) = 0
2201  02:51:01 rt_sigaction(SIGINT, {SIG_IGN, [], SA_RESTORER, 0x7f9cb1d79270}, NULL, 8) = 0
2201  02:51:01 rt_sigaction(SIGINT, NULL, {SIG_IGN, [], SA_RESTORER, 0x7f9cb1d79270}, 8) = 0
2201  02:51:01 rt_sigaction(SIGINT, {0x55f4811469f0, [], SA_RESTORER, 0x7f9cb1d79270}, NULL, 8) = 0
2201  02:51:01 rt_sigaction(SIGQUIT, NULL, {SIG_DFL, [], SA_RESTORER, 0x7f9cb1d79270}, 8) = 0
2201  02:51:01 rt_sigaction(SIGQUIT, {SIG_IGN, [], SA_RESTORER, 0x7f9cb1d79270}, NULL, 8) = 0
2201  02:51:01 rt_sigaction(SIGQUIT, NULL, {SIG_IGN, [], SA_RESTORER, 0x7f9cb1d79270}, 8) = 0
2201  02:51:01 rt_sigaction(SIGQUIT, {0x55f4811469f0, [], SA_RESTORER, 0x7f9cb1d79270}, NULL, 8) = 0
2201  02:51:01 rt_sigaction(SIGTERM, NULL, {SIG_DFL, [], SA_RESTORER, 0x7f9cb1d79270}, 8) = 0
2201  02:51:01 rt_sigaction(SIGTERM, {SIG_IGN, [], SA_RESTORER, 0x7f9cb1d79270}, NULL, 8) = 0
2201  02:51:01 rt_sigaction(SIGTERM, NULL, {SIG_IGN, [], SA_RESTORER, 0x7f9cb1d79270}, 8) = 0
2201  02:51:01 rt_sigaction(SIGTERM, {0x55f4811469f0, [], SA_RESTORER, 0x7f9cb1d79270}, NULL, 8) = 0
2201  02:51:01 rt_sigaction(SIGWINCH, NULL, {SIG_DFL, [], 0}, 8) = 0
2201  02:51:01 rt_sigaction(SIGWINCH, {0x55f481146c80, [], SA_RESTORER, 0x7f9cb1d79270}, NULL, 8) = 0
2201  02:51:01 ioctl(0, TCGETS, {B38400 opost isig icanon echo ...}) = 0
2201  02:51:01 ioctl(0, SNDCTL_TMR_STOP or TCSETSW, {B38400 -opost -isig -icanon -echo ...}) = 0
2201  02:51:01 clock_gettime(CLOCK_BOOTTIME, {666547, 941890509}) = 0
2201  02:51:01 clock_gettime(CLOCK_BOOTTIME, {666547, 941937645}) = 0
2201  02:51:01 select(7, [3], [3], NULL, NULL) = 1 (out [3])
2201  02:51:01 clock_gettime(CLOCK_BOOTTIME, {666547, 942031022}) = 0
2201  02:51:01 write(3, "\rF\205\340G]\tS\362\377\314\361\240)\210@\324C9\3148\30\250\264\354jr)\343W\220\242"..., 112) = 112
2201  02:51:01 clock_gettime(CLOCK_BOOTTIME, {666547, 942134410}) = 0
2201  02:51:01 clock_gettime(CLOCK_BOOTTIME, {666547, 942175103}) = 0
2201  02:51:01 select(7, [3], [], NULL, NULL) = 1 (in [3])
2201  02:51:01 clock_gettime(CLOCK_BOOTTIME, {666547, 945083460}) = 0
2201  02:51:01 read(3, "\v\223\21q\241\303g\334T\352\332\257\271\34Q\212\252\217})\367\265\26!\264gf\346\361\6\330\277"..., 8192) = 40
2201  02:51:01 getsockopt(3, SOL_TCP, TCP_NODELAY, [0], [4]) = 0
2201  02:51:01 setsockopt(3, SOL_TCP, TCP_NODELAY, [1], 4) = 0
2201  02:51:01 getsockname(3, {sa_family=AF_INET, sin_port=htons(36082), sin_addr=inet_addr("10.5.0.222")}, [16]) = 0
2201  02:51:01 setsockopt(3, SOL_IP, IP_TOS, [16], 4) = 0
2201  02:51:01 ioctl(0, TIOCGWINSZ, {ws_row=24, ws_col=80, ws_xpixel=0, ws_ypixel=0}) = 0
2201  02:51:01 clock_gettime(CLOCK_BOOTTIME, {666547, 945417033}) = 0
2201  02:51:01 clock_gettime(CLOCK_BOOTTIME, {666547, 945458975}) = 0
2201  02:51:01 select(7, [3], [3], NULL, NULL) = 1 (out [3])
2201  02:51:01 clock_gettime(CLOCK_BOOTTIME, {666547, 945552331}) = 0
2201  02:51:01 write(3, "\305\21\21\242\31\324M\204\367}\372J\334I3\222\220\335\233\27\301\343\213\354\311V\364\357\266S4("..., 368) = 368
2201  02:51:01 clock_gettime(CLOCK_BOOTTIME, {666547, 945648013}) = 0
2201  02:51:01 clock_gettime(CLOCK_BOOTTIME, {666547, 945689089}) = 0
2201  02:51:01 select(7, [3], [], NULL, NULL) = 1 (in [3])
2201  02:51:01 clock_gettime(CLOCK_BOOTTIME, {666547, 946182954}) = 0
2201  02:51:01 read(3, "*-I%\263\270\330\335\251d\241(_0(\315V\24\376me\21C\306\345\233\261\360\324\201\213\201"..., 8192) = 88
2201  02:51:01 clock_gettime(CLOCK_BOOTTIME, {666547, 946274701}) = 0
2201  02:51:01 clock_gettime(CLOCK_BOOTTIME, {666547, 946315600}) = 0
2201  02:51:01 select(7, [3 4], [], NULL, NULL) = 1 (in [3])
2201  02:51:01 clock_gettime(CLOCK_BOOTTIME, {666547, 951133174}) = 0
2201  02:51:01 read(3, "\376\252\204\246u\vXU\250\254f\364\261\312?\310\234\250\266D}\251\t|O\3565V\376\216\313\226"..., 8192) = 152
2201  02:51:01 clock_gettime(CLOCK_BOOTTIME, {666547, 951228254}) = 0
2201  02:51:01 clock_gettime(CLOCK_BOOTTIME, {666547, 951269284}) = 0
2201  02:51:01 select(7, [3 4], [5], NULL, NULL) = 1 (out [5])
2201  02:51:01 clock_gettime(CLOCK_BOOTTIME, {666547, 951380127}) = 0
2201  02:51:01 write(5, "Last login: Fri Jun 22 10:50:29 "..., 111) = 111
2201  02:51:01 clock_gettime(CLOCK_BOOTTIME, {666547, 951501376}) = 0
2201  02:51:01 clock_gettime(CLOCK_BOOTTIME, {666547, 951553177}) = 0
2201  02:51:01 select(7, [3 4], [], NULL, NULL) = 1 (in [3])
2201  02:51:01 clock_gettime(CLOCK_BOOTTIME, {666547, 967342310}) = 0
2201  02:51:01 read(3, "7e\273\262.\3620\227\346\0201\370o\307gC xs\320\203\340M\203D\345\23\376z\360\311\325"..., 8192) = 56
2201  02:51:01 clock_gettime(CLOCK_BOOTTIME, {666547, 967438203}) = 0
2201  02:51:01 clock_gettime(CLOCK_BOOTTIME, {666547, 967478832}) = 0
2201  02:51:01 select(7, [3 4], [5], NULL, NULL) = 1 (out [5])
2201  02:51:01 clock_gettime(CLOCK_BOOTTIME, {666547, 967585190}) = 0
2201  02:51:01 write(5, "[root@ali-p2p-h5-1 ~]# ", 23) = 23
2201  02:51:01 clock_gettime(CLOCK_BOOTTIME, {666547, 967685900}) = 0
2201  02:51:01 clock_gettime(CLOCK_BOOTTIME, {666547, 967725289}) = 0
2201  02:51:01 select(7, [3 4], [], NULL, NULL) = 1 (in [4])
2201  02:51:02 clock_gettime(CLOCK_BOOTTIME, {666549, 463201211}) = 0
2201  02:51:02 read(4, "e", 16384)      = 1
2201  02:51:02 clock_gettime(CLOCK_BOOTTIME, {666549, 463325959}) = 0
2201  02:51:02 clock_gettime(CLOCK_BOOTTIME, {666549, 463369055}) = 0
2201  02:51:02 select(7, [3 4], [3], NULL, NULL) = 1 (out [3])
2201  02:51:02 clock_gettime(CLOCK_BOOTTIME, {666549, 463460677}) = 0
2201  02:51:02 write(3, "\f\255{\216u\25\34\321I\302\301E\33\305@:\363{bS\356#\311\2\233\\%\233\253\310\177\0"..., 40) = 40
2201  02:51:02 clock_gettime(CLOCK_BOOTTIME, {666549, 463582455}) = 0
2201  02:51:02 clock_gettime(CLOCK_BOOTTIME, {666549, 463624788}) = 0
2201  02:51:02 select(7, [3 4], [], NULL, NULL) = 1 (in [3])
2201  02:51:02 clock_gettime(CLOCK_BOOTTIME, {666549, 465348845}) = 0
2201  02:51:02 read(3, "\25h\200\302H\207\332\236\374\361\366\r\"cx>\7\350Q\275\241\301\30\235\351\312\264\34\2510~f"..., 8192) = 40
2201  02:51:02 clock_gettime(CLOCK_BOOTTIME, {666549, 465441937}) = 0
2201  02:51:02 clock_gettime(CLOCK_BOOTTIME, {666549, 465485091}) = 0
2201  02:51:02 select(7, [3 4], [5], NULL, NULL) = 1 (out [5])
2201  02:51:02 clock_gettime(CLOCK_BOOTTIME, {666549, 465580652}) = 0
2201  02:51:02 write(5, "e", 1)         = 1
2201  02:51:02 clock_gettime(CLOCK_BOOTTIME, {666549, 465709276}) = 0
2201  02:51:02 clock_gettime(CLOCK_BOOTTIME, {666549, 465751870}) = 0
2201  02:51:02 select(7, [3 4], [], NULL, NULL) = 1 (in [4])
2201  02:51:03 clock_gettime(CLOCK_BOOTTIME, {666549, 916112596}) = 0
2201  02:51:03 read(4, "x", 16384)      = 1
2201  02:51:03 clock_gettime(CLOCK_BOOTTIME, {666549, 916227606}) = 0
2201  02:51:03 clock_gettime(CLOCK_BOOTTIME, {666549, 916271998}) = 0
2201  02:51:03 select(7, [3 4], [3], NULL, NULL) = 1 (out [3])
2201  02:51:03 clock_gettime(CLOCK_BOOTTIME, {666549, 916364772}) = 0
2201  02:51:03 write(3, "u\277\340\246>i\22\33\200\227)F\340#88*\307\2\343\247\336\274c\210\375f\235\241\250A:"..., 40) = 40
2201  02:51:03 clock_gettime(CLOCK_BOOTTIME, {666549, 916462469}) = 0
2201  02:51:03 clock_gettime(CLOCK_BOOTTIME, {666549, 916504100}) = 0
2201  02:51:03 select(7, [3 4], [], NULL, NULL) = 1 (in [3])
2201  02:51:03 clock_gettime(CLOCK_BOOTTIME, {666549, 918345609}) = 0
2201  02:51:03 read(3, "\243Z\361\266\304\353\236\271gO\264T\26\n\3RF\332\335}\25\f\20n\n\351\247\254\220\3432\34"..., 8192) = 40
2201  02:51:03 clock_gettime(CLOCK_BOOTTIME, {666549, 918435963}) = 0
2201  02:51:03 clock_gettime(CLOCK_BOOTTIME, {666549, 918476545}) = 0
2201  02:51:03 select(7, [3 4], [5], NULL, NULL) = 1 (out [5])
2201  02:51:03 clock_gettime(CLOCK_BOOTTIME, {666549, 918568776}) = 0
2201  02:51:03 write(5, "x", 1)         = 1
2201  02:51:03 clock_gettime(CLOCK_BOOTTIME, {666549, 918689815}) = 0
2201  02:51:03 clock_gettime(CLOCK_BOOTTIME, {666549, 918731028}) = 0
2201  02:51:03 select(7, [3 4], [], NULL, NULL) = 1 (in [4])
2201  02:51:04 clock_gettime(CLOCK_BOOTTIME, {666550, 652609035}) = 0
2201  02:51:04 read(4, "i", 16384)      = 1
2201  02:51:04 clock_gettime(CLOCK_BOOTTIME, {666550, 652742105}) = 0
2201  02:51:04 clock_gettime(CLOCK_BOOTTIME, {666550, 652784374}) = 0
2201  02:51:04 select(7, [3 4], [3], NULL, NULL) = 1 (out [3])
2201  02:51:04 clock_gettime(CLOCK_BOOTTIME, {666550, 652877632}) = 0
2201  02:51:04 write(3, "\335<\355\344o\247\320\227\334\360\353\227\306\177\7%6\24\226\247\310$\351(\342\307\243MJ\35\262\367"..., 40) = 40
2201  02:51:04 clock_gettime(CLOCK_BOOTTIME, {666550, 652978223}) = 0
2201  02:51:04 clock_gettime(CLOCK_BOOTTIME, {666550, 653026180}) = 0
2201  02:51:04 select(7, [3 4], [], NULL, NULL) = 1 (in [3])
2201  02:51:04 clock_gettime(CLOCK_BOOTTIME, {666550, 655355112}) = 0
2201  02:51:04 read(3, "\22\361\1\253{\210\201\370\331\243\240\341eX\317\334W\206\374\33\27m\205\246.\324\345%\1\213\225b"..., 8192) = 40
2201  02:51:04 clock_gettime(CLOCK_BOOTTIME, {666550, 655458519}) = 0
2201  02:51:04 clock_gettime(CLOCK_BOOTTIME, {666550, 655502551}) = 0
2201  02:51:04 select(7, [3 4], [5], NULL, NULL) = 1 (out [5])
2201  02:51:04 clock_gettime(CLOCK_BOOTTIME, {666550, 655599310}) = 0
2201  02:51:04 write(5, "i", 1)         = 1
2201  02:51:04 clock_gettime(CLOCK_BOOTTIME, {666550, 655711555}) = 0
2201  02:51:04 clock_gettime(CLOCK_BOOTTIME, {666550, 655753990}) = 0
2201  02:51:04 select(7, [3 4], [], NULL, NULL) = 1 (in [4])
2201  02:51:04 clock_gettime(CLOCK_BOOTTIME, {666550, 884095985}) = 0
2201  02:51:04 read(4, "t", 16384)      = 1
2201  02:51:04 clock_gettime(CLOCK_BOOTTIME, {666550, 884211644}) = 0
2201  02:51:04 clock_gettime(CLOCK_BOOTTIME, {666550, 884254038}) = 0
2201  02:51:04 select(7, [3 4], [3], NULL, NULL) = 1 (out [3])
2201  02:51:04 clock_gettime(CLOCK_BOOTTIME, {666550, 884356996}) = 0
2201  02:51:04 write(3, "\347\332\350\331\362CQ\367\27#\345\306\327\366\324XW\353\30n\352\210<5\356\355\300\376\314\320\236f"..., 40) = 40
2201  02:51:04 clock_gettime(CLOCK_BOOTTIME, {666550, 884452276}) = 0
2201  02:51:04 clock_gettime(CLOCK_BOOTTIME, {666550, 884493935}) = 0
2201  02:51:04 select(7, [3 4], [], NULL, NULL) = 1 (in [3])
2201  02:51:04 clock_gettime(CLOCK_BOOTTIME, {666550, 886329544}) = 0
2201  02:51:04 read(3, "\21584\211\r2K\3205v\205\244\204\342\327R\177\10\250\362\276$\232\32\230.3\363\232\343\3667"..., 8192) = 40
2201  02:51:04 clock_gettime(CLOCK_BOOTTIME, {666550, 886425225}) = 0
2201  02:51:04 clock_gettime(CLOCK_BOOTTIME, {666550, 886466433}) = 0
2201  02:51:04 select(7, [3 4], [5], NULL, NULL) = 1 (out [5])
2201  02:51:04 clock_gettime(CLOCK_BOOTTIME, {666550, 886566091}) = 0
2201  02:51:04 write(5, "t", 1)         = 1
2201  02:51:04 clock_gettime(CLOCK_BOOTTIME, {666550, 886691012}) = 0
2201  02:51:04 clock_gettime(CLOCK_BOOTTIME, {666550, 886734404}) = 0
2201  02:51:04 select(7, [3 4], [], NULL, NULL) = 1 (in [4])
2201  02:51:04 clock_gettime(CLOCK_BOOTTIME, {666550, 996943017}) = 0
2201  02:51:04 read(4, "\r", 16384)     = 1
2201  02:51:04 clock_gettime(CLOCK_BOOTTIME, {666550, 997056244}) = 0
2201  02:51:04 clock_gettime(CLOCK_BOOTTIME, {666550, 997099000}) = 0
2201  02:51:04 select(7, [3 4], [3], NULL, NULL) = 1 (out [3])
2201  02:51:04 clock_gettime(CLOCK_BOOTTIME, {666550, 997189747}) = 0
2201  02:51:04 write(3, "\306\3451>\262A!\332ki>\365\351\221\335\206\t\20\330\212\331\310sc)\25x+\350\250>\267"..., 40) = 40
2201  02:51:04 clock_gettime(CLOCK_BOOTTIME, {666550, 997285663}) = 0
2201  02:51:04 clock_gettime(CLOCK_BOOTTIME, {666550, 997327461}) = 0
2201  02:51:04 select(7, [3 4], [], NULL, NULL) = 1 (in [3])
2201  02:51:04 clock_gettime(CLOCK_BOOTTIME, {666551, 2307995}) = 0
2201  02:51:04 read(3, "\10\205\277B\273\251\220\207Q\302,\332\254\247\4\36\263\5\217\314\374\224\341\306\223T\206V\321D4_"..., 8192) = 200
2201  02:51:04 close(4)                 = 0
2201  02:51:04 clock_gettime(CLOCK_BOOTTIME, {666551, 2457318}) = 0
2201  02:51:04 clock_gettime(CLOCK_BOOTTIME, {666551, 2498971}) = 0
2201  02:51:04 select(7, [3], [5], NULL, NULL) = 1 (out [5])
2201  02:51:04 clock_gettime(CLOCK_BOOTTIME, {666551, 2596557}) = 0
2201  02:51:04 write(5, "\r\nlogout\r\n", 10) = 10
2201  02:51:04 clock_gettime(CLOCK_BOOTTIME, {666551, 2715756}) = 0
2201  02:51:04 clock_gettime(CLOCK_BOOTTIME, {666551, 2757776}) = 0
2201  02:51:04 close(5)                 = 0
2201  02:51:04 ioctl(0, SNDCTL_TMR_STOP or TCSETSW, {B38400 opost isig icanon echo ...}) = 0
2201  02:51:04 close(6)                 = 0
2201  02:51:04 select(7, [3], [3], NULL, NULL) = 1 (out [3])
2201  02:51:04 clock_gettime(CLOCK_BOOTTIME, {666551, 2998505}) = 0
2201  02:51:04 write(3, "\221\3219ifT\326&C\315\222\306;vF\236\363\353\267A\225@ \232", 24) = 24
2201  02:51:04 rt_sigaction(SIGWINCH, NULL, {0x55f481146c80, [], SA_RESTORER, 0x7f9cb1d79270}, 8) = 0
2201  02:51:04 rt_sigaction(SIGWINCH, {SIG_DFL, [], SA_RESTORER, 0x7f9cb1d79270}, NULL, 8) = 0
2201  02:51:04 write(3, "\335\363\375\23r\216\211\261\335\374\351\26T^e~ScL\3123!mr|XM\252\265\217\352\232"..., 56) = 56
2201  02:51:04 ioctl(0, TCGETS, {B38400 opost isig icanon echo ...}) = 0
2201  02:51:04 ioctl(1, TCGETS, {B38400 opost isig icanon echo ...}) = 0
2201  02:51:04 ioctl(2, TCGETS, {B38400 opost isig icanon echo ...}) = 0
2201  02:51:04 write(2, "Connection to 10.5.0.208 closed."..., 34) = 34
2201  02:51:04 shutdown(3, SHUT_RDWR)   = 0
2201  02:51:04 close(3)                 = 0
2201  02:51:04 write(1, "random tag:ldu5gfa1hj", 21) = 21
2201  02:51:04 exit_group(0)            = ?
2201  02:51:04 +++ exited with 0 +++
