24447 05:58:15 read(3, "S", 1)          = 1
24447 05:58:15 read(3, "S", 1)          = 1
24447 05:58:15 read(3, "H", 1)          = 1
24447 05:58:15 read(3, "-", 1)          = 1
24447 05:58:15 read(3, "2", 1)          = 1
24447 05:58:15 read(3, ".", 1)          = 1
24447 05:58:15 read(3, "0", 1)          = 1
24447 05:58:15 read(3, "-", 1)          = 1
24447 05:58:15 read(3, "O", 1)          = 1
24447 05:58:15 read(3, "p", 1)          = 1
24447 05:58:15 read(3, "e", 1)          = 1
24447 05:58:15 read(3, "n", 1)          = 1
24447 05:58:15 read(3, "S", 1)          = 1
24447 05:58:15 read(3, "S", 1)          = 1
24447 05:58:15 read(3, "H", 1)          = 1
24447 05:58:15 read(3, "_", 1)          = 1
24447 05:58:15 read(3, "5", 1)          = 1
24447 05:58:15 read(3, ".", 1)          = 1
24447 05:58:15 read(3, "3", 1)          = 1
24447 05:58:15 read(3, "\r", 1)         = 1
24447 05:58:15 read(3, "\n", 1)         = 1
24447 05:58:15 fcntl(3, F_GETFL)        = 0x2 (flags O_RDWR)
24447 05:58:15 fcntl(3, F_SETFL, O_RDWR|O_NONBLOCK) = 0
24447 05:58:15 open("/root/.ssh/known_hosts", O_RDONLY) = 4
24447 05:58:15 fstat(4, {st_mode=S_IFREG|0644, st_size=1177, ...}) = 0
24447 05:58:15 mmap(NULL, 4096, PROT_READ|PROT_WRITE, MAP_PRIVATE|MAP_ANONYMOUS, -1, 0) = 0x7efc7ad96000
24447 05:58:15 read(4, "172.19.0.36 ssh-rsa AAAAB3NzaC1y"..., 4096) = 1177
24447 05:58:15 read(4, "", 4096)        = 0
24447 05:58:15 close(4)                 = 0
24447 05:58:15 munmap(0x7efc7ad96000, 4096) = 0
24447 05:58:15 open("/root/.ssh/known_hosts2", O_RDONLY) = -1 ENOENT (No such file or directory)
24447 05:58:15 open("/usr/local/openssh/etc/ssh_known_hosts", O_RDONLY) = -1 ENOENT (No such file or directory)
24447 05:58:15 open("/usr/local/openssh/etc/ssh_known_hosts2", O_RDONLY) = -1 ENOENT (No such file or directory)
24447 05:58:15 brk(NULL)                = 0x55954e5e7000
24447 05:58:15 brk(0x55954e608000)      = 0x55954e608000
24447 05:58:15 write(3, "\0\0\5\224\v\24\fp\260\33\260\370\0\332\225\301\4S\333\324\304R\0\0\0010curve2"..., 1432) = 1432
24447 05:58:15 select(4, [3], NULL, NULL, NULL) = 1 (in [3])
24447 05:58:15 read(3, "\0\0\3D\n\24\335\315\2050\202\2373\262\3337\254\23\357\271\237Q\0\0\0~diffie"..., 8192) = 840
24447 05:58:15 write(3, "\0\0\0\24\6\"\0\0\10\0\0\0\f\0\0\0 \0\0\0\0\0\0\0", 24) = 24
24447 05:58:15 select(4, [3], NULL, NULL, NULL) = 1 (in [3])
24447 05:58:15 read(3, "\0\0\1\224\10\37\0\0\1\201\0\323#\r#ur\354\351\371#Xq^\272\303\244\330\237-kM"..., 8192) = 408
24447 05:58:15 write(3, "\0\0\1\214\6 \0\0\1\200,-\2\23\273\275\3621\352|\33}\34\2\306}\235\262q\342\343\236"..., 400) = 400
24447 05:58:15 select(4, [3], NULL, NULL, NULL) = 1 (in [3])
24447 05:58:15 read(3, "\0\0\3\274\t!\0\0\1\25\0\0\0\7ssh-rsa\0\0\0\1#\0\0\1\1\0\263"..., 8192) = 976
24447 05:58:15 open("/root/.ssh/known_hosts", O_RDONLY) = 4
24447 05:58:15 fstat(4, {st_mode=S_IFREG|0644, st_size=1177, ...}) = 0
24447 05:58:15 mmap(NULL, 4096, PROT_READ|PROT_WRITE, MAP_PRIVATE|MAP_ANONYMOUS, -1, 0) = 0x7efc7ad96000
24447 05:58:15 read(4, "172.19.0.36 ssh-rsa AAAAB3NzaC1y"..., 4096) = 1177
24447 05:58:15 read(4, "", 4096)        = 0
24447 05:58:15 close(4)                 = 0
24447 05:58:15 munmap(0x7efc7ad96000, 4096) = 0
24447 05:58:15 open("/root/.ssh/known_hosts2", O_RDONLY) = -1 ENOENT (No such file or directory)
24447 05:58:15 open("/usr/local/openssh/etc/ssh_known_hosts", O_RDONLY) = -1 ENOENT (No such file or directory)
24447 05:58:15 open("/usr/local/openssh/etc/ssh_known_hosts2", O_RDONLY) = -1 ENOENT (No such file or directory)
24447 05:58:15 clock_gettime(CLOCK_BOOTTIME, {677781, 776837979}) = 0
24447 05:58:15 write(3, "\0\0\0\f\n\25\0\0\0\0\0\0\0\0\0\0", 16) = 16
24447 05:58:15 write(3, "\253\211\322\251\303\202\260\241,\312b\204X\0)3\222\33\214\367y\212\361\341\22605\254v?D\273"..., 40) = 40
24447 05:58:15 select(4, [3], NULL, NULL, NULL) = 1 (in [3])
24447 05:58:15 read(3, "7\36\215\352\2Sq<\234\326\227\210E|I\37\237\7\324]1\374I&`1te98\2\214"..., 8192) = 40
24447 05:58:15 write(3, "\356\202\2725\16B\237 m%ig\211[n\206<\231\20\333\2741$\240\2\0y\37\274d1\n"..., 56) = 56
24447 05:58:15 select(4, [3], NULL, NULL, NULL) = 1 (in [3])
24447 05:58:15 read(3, "2\250\314\23\305\2013p\347\332\257\342S.\235\230IV)\307\324\255\20_;\251\250\360\305G\245\23"..., 8192) = 72
24447 05:58:15 stat("/root/.ssh/id_rsa", 0x7ffc286284b0) = -1 ENOENT (No such file or directory)
24447 05:58:15 stat("/root/.ssh/id_dsa", 0x7ffc286284b0) = -1 ENOENT (No such file or directory)
24447 05:58:15 stat("/root/.ssh/id_ecdsa", 0x7ffc286284b0) = -1 ENOENT (No such file or directory)
24447 05:58:15 stat("/root/.ssh/id_ed25519", 0x7ffc286284b0) = -1 ENOENT (No such file or directory)
24447 05:58:15 open("/dev/tty", O_RDWR) = 4
24447 05:58:15 close(4)                 = 0
24447 05:58:15 open("/dev/tty", O_RDWR) = 4
24447 05:58:15 ioctl(4, TCGETS, {B38400 opost isig icanon echo ...}) = 0
24447 05:58:15 ioctl(4, SNDCTL_TMR_CONTINUE or TCSETSF, {B38400 opost isig icanon -echo ...}) = 0
24447 05:58:15 rt_sigaction(SIGALRM, {0x55954cc6d0a0, [], SA_RESTORER, 0x7efc7991a270}, {SIG_DFL, [], 0}, 8) = 0
24447 05:58:15 rt_sigaction(SIGHUP, {0x55954cc6d0a0, [], SA_RESTORER, 0x7efc7991a270}, {SIG_DFL, [], 0}, 8) = 0
24447 05:58:15 rt_sigaction(SIGINT, {0x55954cc6d0a0, [], SA_RESTORER, 0x7efc7991a270}, {SIG_DFL, [], 0}, 8) = 0
24447 05:58:15 rt_sigaction(SIGPIPE, {0x55954cc6d0a0, [], SA_RESTORER, 0x7efc7991a270}, {SIG_IGN, [], SA_RESTORER, 0x7efc7991a270}, 8) = 0
24447 05:58:15 rt_sigaction(SIGQUIT, {0x55954cc6d0a0, [], SA_RESTORER, 0x7efc7991a270}, {SIG_DFL, [], 0}, 8) = 0
24447 05:58:15 rt_sigaction(SIGTERM, {0x55954cc6d0a0, [], SA_RESTORER, 0x7efc7991a270}, {SIG_DFL, [], 0}, 8) = 0
24447 05:58:15 rt_sigaction(SIGTSTP, {0x55954cc6d0a0, [], SA_RESTORER, 0x7efc7991a270}, {SIG_DFL, [], 0}, 8) = 0
24447 05:58:15 rt_sigaction(SIGTTIN, {0x55954cc6d0a0, [], SA_RESTORER, 0x7efc7991a270}, {SIG_DFL, [], 0}, 8) = 0
24447 05:58:15 rt_sigaction(SIGTTOU, {0x55954cc6d0a0, [], SA_RESTORER, 0x7efc7991a270}, {SIG_DFL, [], 0}, 8) = 0
24447 05:58:15 write(4, "root@10.5.0.209's password: ", 28) = 28
24447 05:58:15 read(4, "|", 1)          = 1
24447 05:58:15 read(4, "5", 1)          = 1
24447 05:58:15 read(4, "o", 1)          = 1
24447 05:58:15 read(4, "#", 1)          = 1
24447 05:58:15 read(4, "J", 1)          = 1
24447 05:58:15 read(4, "9", 1)          = 1
24447 05:58:15 read(4, "Z", 1)          = 1
24447 05:58:15 read(4, "#", 1)          = 1
24447 05:58:15 read(4, ";", 1)          = 1
24447 05:58:15 read(4, "*", 1)          = 1
24447 05:58:15 read(4, "Q", 1)          = 1
24447 05:58:15 read(4, "%", 1)          = 1
24447 05:58:15 read(4, "F", 1)          = 1
24447 05:58:15 read(4, "h", 1)          = 1
24447 05:58:15 read(4, "O", 1)          = 1
24447 05:58:15 read(4, "r", 1)          = 1
24447 05:58:15 read(4, "C", 1)          = 1
24447 05:58:15 read(4, "Z", 1)          = 1
24447 05:58:15 read(4, "v", 1)          = 1
24447 05:58:15 read(4, "i", 1)          = 1
24447 05:58:15 read(4, "\n", 1)         = 1
24447 05:58:15 write(4, "\n", 1)        = 1
24447 05:58:15 ioctl(4, SNDCTL_TMR_CONTINUE or TCSETSF, {B38400 opost isig icanon echo ...}) = 0
24447 05:58:15 rt_sigaction(SIGALRM, {SIG_DFL, [], SA_RESTORER, 0x7efc7991a270}, NULL, 8) = 0
24447 05:58:15 rt_sigaction(SIGHUP, {SIG_DFL, [], SA_RESTORER, 0x7efc7991a270}, NULL, 8) = 0
24447 05:58:15 rt_sigaction(SIGINT, {SIG_DFL, [], SA_RESTORER, 0x7efc7991a270}, NULL, 8) = 0
24447 05:58:15 rt_sigaction(SIGQUIT, {SIG_DFL, [], SA_RESTORER, 0x7efc7991a270}, NULL, 8) = 0
24447 05:58:15 rt_sigaction(SIGPIPE, {SIG_IGN, [], SA_RESTORER, 0x7efc7991a270}, NULL, 8) = 0
24447 05:58:15 rt_sigaction(SIGTERM, {SIG_DFL, [], SA_RESTORER, 0x7efc7991a270}, NULL, 8) = 0
24447 05:58:15 rt_sigaction(SIGTSTP, {SIG_DFL, [], SA_RESTORER, 0x7efc7991a270}, NULL, 8) = 0
24447 05:58:15 rt_sigaction(SIGTTIN, {SIG_DFL, [], SA_RESTORER, 0x7efc7991a270}, NULL, 8) = 0
24447 05:58:15 rt_sigaction(SIGTTOU, {SIG_DFL, [], SA_RESTORER, 0x7efc7991a270}, NULL, 8) = 0
24447 05:58:15 close(4)                 = 0
24447 05:58:15 write(3, "&>(\226\316e\276\234*\37\275\21hP2\236\251\200\224}h.\245\256\25\30\355\17\347\326\7\352"..., 136) = 136
24447 05:58:15 select(4, [3], NULL, NULL, NULL) = 1 (in [3])
24447 05:58:15 read(3, "L\210t`\35Ml\267(O\251\5\252\311\10\16\251\270\203\16U\1\310\316", 8192) = 24
24447 05:58:15 dup(0)                   = 4
24447 05:58:15 dup(1)                   = 5
24447 05:58:15 dup(2)                   = 6
24447 05:58:15 ioctl(4, TCGETS, {B38400 opost isig icanon echo ...}) = 0
24447 05:58:15 ioctl(5, TCGETS, {B38400 opost isig icanon echo ...}) = 0
24447 05:58:15 ioctl(6, TCGETS, {B38400 opost isig icanon echo ...}) = 0
24447 05:58:15 fcntl(4, F_SETFD, FD_CLOEXEC) = 0
24447 05:58:15 fcntl(5, F_SETFD, FD_CLOEXEC) = 0
24447 05:58:15 fcntl(6, F_SETFD, FD_CLOEXEC) = 0
24447 05:58:15 rt_sigaction(SIGHUP, NULL, {SIG_DFL, [], SA_RESTORER, 0x7efc7991a270}, 8) = 0
24447 05:58:15 rt_sigaction(SIGHUP, {SIG_IGN, [], SA_RESTORER, 0x7efc7991a270}, NULL, 8) = 0
24447 05:58:15 rt_sigaction(SIGHUP, NULL, {SIG_IGN, [], SA_RESTORER, 0x7efc7991a270}, 8) = 0
24447 05:58:15 rt_sigaction(SIGHUP, {0x55954cc159c0, [], SA_RESTORER, 0x7efc7991a270}, NULL, 8) = 0
24447 05:58:15 rt_sigaction(SIGINT, NULL, {SIG_DFL, [], SA_RESTORER, 0x7efc7991a270}, 8) = 0
24447 05:58:15 rt_sigaction(SIGINT, {SIG_IGN, [], SA_RESTORER, 0x7efc7991a270}, NULL, 8) = 0
24447 05:58:15 rt_sigaction(SIGINT, NULL, {SIG_IGN, [], SA_RESTORER, 0x7efc7991a270}, 8) = 0
24447 05:58:15 rt_sigaction(SIGINT, {0x55954cc159c0, [], SA_RESTORER, 0x7efc7991a270}, NULL, 8) = 0
24447 05:58:15 rt_sigaction(SIGQUIT, NULL, {SIG_DFL, [], SA_RESTORER, 0x7efc7991a270}, 8) = 0
24447 05:58:15 rt_sigaction(SIGQUIT, {SIG_IGN, [], SA_RESTORER, 0x7efc7991a270}, NULL, 8) = 0
24447 05:58:15 rt_sigaction(SIGQUIT, NULL, {SIG_IGN, [], SA_RESTORER, 0x7efc7991a270}, 8) = 0
24447 05:58:15 rt_sigaction(SIGQUIT, {0x55954cc159c0, [], SA_RESTORER, 0x7efc7991a270}, NULL, 8) = 0
24447 05:58:15 rt_sigaction(SIGTERM, NULL, {SIG_DFL, [], SA_RESTORER, 0x7efc7991a270}, 8) = 0
24447 05:58:15 rt_sigaction(SIGTERM, {SIG_IGN, [], SA_RESTORER, 0x7efc7991a270}, NULL, 8) = 0
24447 05:58:15 rt_sigaction(SIGTERM, NULL, {SIG_IGN, [], SA_RESTORER, 0x7efc7991a270}, 8) = 0
24447 05:58:15 rt_sigaction(SIGTERM, {0x55954cc159c0, [], SA_RESTORER, 0x7efc7991a270}, NULL, 8) = 0
24447 05:58:15 rt_sigaction(SIGWINCH, NULL, {SIG_DFL, [], 0}, 8) = 0
24447 05:58:15 rt_sigaction(SIGWINCH, {0x55954cc15c50, [], SA_RESTORER, 0x7efc7991a270}, NULL, 8) = 0
24447 05:58:15 ioctl(0, TCGETS, {B38400 opost isig icanon echo ...}) = 0
24447 05:58:15 ioctl(0, SNDCTL_TMR_STOP or TCSETSW, {B38400 -opost -isig -icanon -echo ...}) = 0
24447 05:58:15 clock_gettime(CLOCK_BOOTTIME, {677781, 875842215}) = 0
24447 05:58:15 clock_gettime(CLOCK_BOOTTIME, {677781, 875885575}) = 0
24447 05:58:15 select(7, [3], [3], NULL, NULL) = 1 (out [3])
24447 05:58:15 clock_gettime(CLOCK_BOOTTIME, {677781, 875973257}) = 0
24447 05:58:15 write(3, "`\351/k1c\301\227g\\\370\257X=\210\303\332kR4\2671\360\373V\2723#\21/\1\201"..., 112) = 112
24447 05:58:15 clock_gettime(CLOCK_BOOTTIME, {677781, 876146068}) = 0
24447 05:58:15 clock_gettime(CLOCK_BOOTTIME, {677781, 876194357}) = 0
24447 05:58:15 select(7, [3], [], NULL, NULL) = 1 (in [3])
24447 05:58:15 clock_gettime(CLOCK_BOOTTIME, {677781, 881250125}) = 0
24447 05:58:15 read(3, "\35\222\204\333\375RP\243\212\217a\370@,_sf\347$b\343\312\212\364\333\31\341\216#\253\250\342"..., 8192) = 40
24447 05:58:15 getsockopt(3, SOL_TCP, TCP_NODELAY, [0], [4]) = 0
24447 05:58:15 setsockopt(3, SOL_TCP, TCP_NODELAY, [1], 4) = 0
24447 05:58:15 getsockname(3, {sa_family=AF_INET, sin_port=htons(33242), sin_addr=inet_addr("10.5.0.222")}, [16]) = 0
24447 05:58:15 setsockopt(3, SOL_IP, IP_TOS, [16], 4) = 0
24447 05:58:15 ioctl(0, TIOCGWINSZ, {ws_row=24, ws_col=147, ws_xpixel=0, ws_ypixel=0}) = 0
24447 05:58:15 clock_gettime(CLOCK_BOOTTIME, {677781, 881590791}) = 0
24447 05:58:15 clock_gettime(CLOCK_BOOTTIME, {677781, 881633301}) = 0
24447 05:58:15 select(7, [3], [3], NULL, NULL) = 1 (out [3])
24447 05:58:15 clock_gettime(CLOCK_BOOTTIME, {677781, 881724040}) = 0
24447 05:58:15 write(3, "\6i^a\207\357\356p\211|\317S\253n\304\226\230\270R\231\342\337~\332P\226D\233A\23\336\20"..., 368) = 368
24447 05:58:15 clock_gettime(CLOCK_BOOTTIME, {677781, 881830177}) = 0
24447 05:58:15 clock_gettime(CLOCK_BOOTTIME, {677781, 881870904}) = 0
24447 05:58:15 select(7, [3], [], NULL, NULL) = 1 (in [3])
24447 05:58:15 clock_gettime(CLOCK_BOOTTIME, {677781, 882372113}) = 0
24447 05:58:15 read(3, "\336\307\372\7U\236\301\22\34\332\321\222\274\217h\305~j\321{\327`\366\307XDk\306_\34P{"..., 8192) = 88
24447 05:58:15 clock_gettime(CLOCK_BOOTTIME, {677781, 882462286}) = 0
24447 05:58:15 clock_gettime(CLOCK_BOOTTIME, {677781, 882503267}) = 0
24447 05:58:15 select(7, [3 4], [], NULL, NULL) = 1 (in [3])
24447 05:58:15 clock_gettime(CLOCK_BOOTTIME, {677781, 890482924}) = 0
24447 05:58:15 read(3, "\275\240G\312i`I\265%F8mJu\25\205e\3658\347C$_\0221J~R,\267/\375"..., 8192) = 152
24447 05:58:15 clock_gettime(CLOCK_BOOTTIME, {677781, 890584734}) = 0
24447 05:58:15 clock_gettime(CLOCK_BOOTTIME, {677781, 890624384}) = 0
24447 05:58:15 select(7, [3 4], [5], NULL, NULL) = 1 (out [5])
24447 05:58:15 clock_gettime(CLOCK_BOOTTIME, {677781, 890710194}) = 0
24447 05:58:15 write(5, "Last login: Thu Jun 21 16:06:54 "..., 111) = 111
24447 05:58:15 clock_gettime(CLOCK_BOOTTIME, {677781, 890860100}) = 0
24447 05:58:15 clock_gettime(CLOCK_BOOTTIME, {677781, 890900413}) = 0
24447 05:58:15 select(7, [3 4], [], NULL, NULL) = 1 (in [3])
24447 05:58:15 clock_gettime(CLOCK_BOOTTIME, {677781, 912228195}) = 0
24447 05:58:15 read(3, "\336\n\25L-\222\247G\23k\324>\177\r\270Q%t,\241\336n\34\3633??\177\200\0175+"..., 8192) = 56
24447 05:58:15 clock_gettime(CLOCK_BOOTTIME, {677781, 912357439}) = 0
24447 05:58:15 clock_gettime(CLOCK_BOOTTIME, {677781, 912397934}) = 0
24447 05:58:15 select(7, [3 4], [5], NULL, NULL) = 1 (out [5])
24447 05:58:15 clock_gettime(CLOCK_BOOTTIME, {677781, 912485024}) = 0
24447 05:58:15 write(5, "[root@ali-p2p-h5-2 ~]# ", 23) = 23
24447 05:58:15 clock_gettime(CLOCK_BOOTTIME, {677781, 912600128}) = 0
24447 05:58:15 clock_gettime(CLOCK_BOOTTIME, {677781, 912640860}) = 0
24447 05:58:15 select(7, [3 4], [], NULL, NULL) = 1 (in [4])
24447 05:58:16 clock_gettime(CLOCK_BOOTTIME, {677783, 422615444}) = 0
24447 05:58:16 read(4, "e", 16384)      = 1
24447 05:58:16 clock_gettime(CLOCK_BOOTTIME, {677783, 422740698}) = 0
24447 05:58:16 clock_gettime(CLOCK_BOOTTIME, {677783, 422783047}) = 0
24447 05:58:16 select(7, [3 4], [3], NULL, NULL) = 1 (out [3])
24447 05:58:16 clock_gettime(CLOCK_BOOTTIME, {677783, 422874386}) = 0
24447 05:58:16 write(3, "'5\261\275l\270\236g\310\2076\0069\221^\344\3658\237\330R\266X\35\225/\20\214t\27g?"..., 40) = 40
24447 05:58:16 clock_gettime(CLOCK_BOOTTIME, {677783, 422970449}) = 0
24447 05:58:16 clock_gettime(CLOCK_BOOTTIME, {677783, 423022705}) = 0
24447 05:58:16 select(7, [3 4], [], NULL, NULL) = 1 (in [3])
24447 05:58:16 clock_gettime(CLOCK_BOOTTIME, {677783, 424222381}) = 0
24447 05:58:16 read(3, "o\376\245\354Y|0\312\336\314wX\242\206$V\220\1\22f+\3064d]\1\370>\31\34i\366"..., 8192) = 40
24447 05:58:16 clock_gettime(CLOCK_BOOTTIME, {677783, 424315253}) = 0
24447 05:58:16 clock_gettime(CLOCK_BOOTTIME, {677783, 424358004}) = 0
24447 05:58:16 select(7, [3 4], [5], NULL, NULL) = 1 (out [5])
24447 05:58:16 clock_gettime(CLOCK_BOOTTIME, {677783, 424449123}) = 0
24447 05:58:16 write(5, "e", 1)         = 1
24447 05:58:16 clock_gettime(CLOCK_BOOTTIME, {677783, 424577023}) = 0
24447 05:58:16 clock_gettime(CLOCK_BOOTTIME, {677783, 424618485}) = 0
24447 05:58:16 select(7, [3 4], [], NULL, NULL) = 1 (in [4])
24447 05:58:17 clock_gettime(CLOCK_BOOTTIME, {677783, 741996488}) = 0
24447 05:58:17 read(4, "x", 16384)      = 1
24447 05:58:17 clock_gettime(CLOCK_BOOTTIME, {677783, 742117581}) = 0
24447 05:58:17 clock_gettime(CLOCK_BOOTTIME, {677783, 742159725}) = 0
24447 05:58:17 select(7, [3 4], [3], NULL, NULL) = 1 (out [3])
24447 05:58:17 clock_gettime(CLOCK_BOOTTIME, {677783, 742250294}) = 0
24447 05:58:17 write(3, "\340\304\325\365\365\v\337u<\220\340\347\340\\\201\0337\2269T\224sd\250\35\330F\375h\35\244\177"..., 40) = 40
24447 05:58:17 clock_gettime(CLOCK_BOOTTIME, {677783, 742353521}) = 0
24447 05:58:17 clock_gettime(CLOCK_BOOTTIME, {677783, 742407094}) = 0
24447 05:58:17 select(7, [3 4], [], NULL, NULL) = 1 (in [3])
24447 05:58:17 clock_gettime(CLOCK_BOOTTIME, {677783, 744228137}) = 0
24447 05:58:17 read(3, "\17\330\20\263\347\261\237\256\245H\214\330\244\vw*\260\244\234\7\201\"3\357\23\247\36\266B_\256n"..., 8192) = 40
24447 05:58:17 clock_gettime(CLOCK_BOOTTIME, {677783, 744323948}) = 0
24447 05:58:17 clock_gettime(CLOCK_BOOTTIME, {677783, 744365625}) = 0
24447 05:58:17 select(7, [3 4], [5], NULL, NULL) = 1 (out [5])
24447 05:58:17 clock_gettime(CLOCK_BOOTTIME, {677783, 744454703}) = 0
24447 05:58:17 write(5, "x", 1)         = 1
24447 05:58:17 clock_gettime(CLOCK_BOOTTIME, {677783, 744584495}) = 0
24447 05:58:17 clock_gettime(CLOCK_BOOTTIME, {677783, 744627157}) = 0
24447 05:58:17 select(7, [3 4], [], NULL, NULL) = 1 (in [4])
24447 05:58:17 clock_gettime(CLOCK_BOOTTIME, {677783, 919982901}) = 0
24447 05:58:17 read(4, "i", 16384)      = 1
24447 05:58:17 clock_gettime(CLOCK_BOOTTIME, {677783, 920092168}) = 0
24447 05:58:17 clock_gettime(CLOCK_BOOTTIME, {677783, 920134822}) = 0
24447 05:58:17 select(7, [3 4], [3], NULL, NULL) = 1 (out [3])
24447 05:58:17 clock_gettime(CLOCK_BOOTTIME, {677783, 920226326}) = 0
24447 05:58:17 write(3, "I\221\214q\206\324u\n<B-\354\251\177Ih#\n4\245%t\312n\324\301\324\213N7U\t"..., 40) = 40
24447 05:58:17 clock_gettime(CLOCK_BOOTTIME, {677783, 920326184}) = 0
24447 05:58:17 clock_gettime(CLOCK_BOOTTIME, {677783, 920368263}) = 0
24447 05:58:17 select(7, [3 4], [], NULL, NULL) = 1 (in [3])
24447 05:58:17 clock_gettime(CLOCK_BOOTTIME, {677783, 922242230}) = 0
24447 05:58:17 read(3, "\\\201\307\255\336\266\t\3415\251;Qg\224\337\23u}1d\277)\232\34\273o\303\344\257\255\27\213"..., 8192) = 40
24447 05:58:17 clock_gettime(CLOCK_BOOTTIME, {677783, 922335044}) = 0
24447 05:58:17 clock_gettime(CLOCK_BOOTTIME, {677783, 922376089}) = 0
24447 05:58:17 select(7, [3 4], [5], NULL, NULL) = 1 (out [5])
24447 05:58:17 clock_gettime(CLOCK_BOOTTIME, {677783, 922465884}) = 0
24447 05:58:17 write(5, "i", 1)         = 1
24447 05:58:17 clock_gettime(CLOCK_BOOTTIME, {677783, 922585858}) = 0
24447 05:58:17 clock_gettime(CLOCK_BOOTTIME, {677783, 922628464}) = 0
24447 05:58:17 select(7, [3 4], [], NULL, NULL) = 1 (in [4])
24447 05:58:17 clock_gettime(CLOCK_BOOTTIME, {677784, 118144930}) = 0
24447 05:58:17 read(4, "t", 16384)      = 1
24447 05:58:17 clock_gettime(CLOCK_BOOTTIME, {677784, 118275134}) = 0
24447 05:58:17 clock_gettime(CLOCK_BOOTTIME, {677784, 118319111}) = 0
24447 05:58:17 select(7, [3 4], [3], NULL, NULL) = 1 (out [3])
24447 05:58:17 clock_gettime(CLOCK_BOOTTIME, {677784, 118411941}) = 0
24447 05:58:17 write(3, "\36\227\360\331wM\267/\344\222DG\370P|\330t\266\202\\5(\263\6\323\377\2P\254\213\2159"..., 40) = 40
24447 05:58:17 clock_gettime(CLOCK_BOOTTIME, {677784, 118508546}) = 0
24447 05:58:17 clock_gettime(CLOCK_BOOTTIME, {677784, 118550187}) = 0
24447 05:58:17 select(7, [3 4], [], NULL, NULL) = 1 (in [3])
24447 05:58:17 clock_gettime(CLOCK_BOOTTIME, {677784, 120203793}) = 0
24447 05:58:17 read(3, "kS\316.\275\244^0<)\342\17\374#\256\233\363n@|\241\262{\212\335\261\27\331+n\354\203"..., 8192) = 40
24447 05:58:17 clock_gettime(CLOCK_BOOTTIME, {677784, 120257520}) = 0
24447 05:58:17 clock_gettime(CLOCK_BOOTTIME, {677784, 120279702}) = 0
24447 05:58:17 select(7, [3 4], [5], NULL, NULL) = 1 (out [5])
24447 05:58:17 clock_gettime(CLOCK_BOOTTIME, {677784, 120330530}) = 0
24447 05:58:17 write(5, "t", 1)         = 1
24447 05:58:17 clock_gettime(CLOCK_BOOTTIME, {677784, 120384406}) = 0
24447 05:58:17 clock_gettime(CLOCK_BOOTTIME, {677784, 120407057}) = 0
24447 05:58:17 select(7, [3 4], [], NULL, NULL) = 1 (in [4])
24447 05:58:17 clock_gettime(CLOCK_BOOTTIME, {677784, 270779565}) = 0
24447 05:58:17 read(4, "\r", 16384)     = 1
24447 05:58:17 clock_gettime(CLOCK_BOOTTIME, {677784, 270897863}) = 0
24447 05:58:17 clock_gettime(CLOCK_BOOTTIME, {677784, 270939802}) = 0
24447 05:58:17 select(7, [3 4], [3], NULL, NULL) = 1 (out [3])
24447 05:58:17 clock_gettime(CLOCK_BOOTTIME, {677784, 271040808}) = 0
24447 05:58:17 write(3, "\0{\316\315\375\225\257\216c\224e\267\246&V\206\374\247\344g\322\373\0\365\235~#\324\3502\t\6"..., 40) = 40
24447 05:58:17 clock_gettime(CLOCK_BOOTTIME, {677784, 271148765}) = 0
24447 05:58:17 clock_gettime(CLOCK_BOOTTIME, {677784, 271191516}) = 0
24447 05:58:17 select(7, [3 4], [], NULL, NULL) = 1 (in [3])
24447 05:58:17 clock_gettime(CLOCK_BOOTTIME, {677784, 273767363}) = 0
24447 05:58:17 read(3, "5\372>\23Hf\237)]\270\333x\205\37\244v\3012\221\360\210}1o\214\370\313[r\274\2\364"..., 8192) = 40
24447 05:58:17 clock_gettime(CLOCK_BOOTTIME, {677784, 273857923}) = 0
24447 05:58:17 clock_gettime(CLOCK_BOOTTIME, {677784, 273899526}) = 0
24447 05:58:17 select(7, [3 4], [5], NULL, NULL) = 2 (in [3], out [5])
24447 05:58:17 clock_gettime(CLOCK_BOOTTIME, {677784, 273999484}) = 0
24447 05:58:17 write(5, "\r\nlogout\r\n", 10) = 10
24447 05:58:17 read(3, "op\216M\223\373\326>\333\310\340\254\r\35\2632z\261h;_\nhe", 8192) = 24
24447 05:58:17 close(5)                 = 0
24447 05:58:17 clock_gettime(CLOCK_BOOTTIME, {677784, 274212451}) = 0
24447 05:58:17 clock_gettime(CLOCK_BOOTTIME, {677784, 274254184}) = 0
24447 05:58:17 select(7, [3 4], [], NULL, NULL) = 1 (in [3])
24447 05:58:17 clock_gettime(CLOCK_BOOTTIME, {677784, 277622576}) = 0
24447 05:58:17 read(3, "\0213\275\304\v\5\315w\321\26i%\333\355s\311\324/@\332\252\30Q\271\1\225i\251u\344o\376"..., 8192) = 136
24447 05:58:17 close(4)                 = 0
24447 05:58:17 clock_gettime(CLOCK_BOOTTIME, {677784, 277764187}) = 0
24447 05:58:17 clock_gettime(CLOCK_BOOTTIME, {677784, 277805570}) = 0
24447 05:58:17 ioctl(0, SNDCTL_TMR_STOP or TCSETSW, {B38400 opost isig icanon echo ...}) = 0
24447 05:58:17 close(6)                 = 0
24447 05:58:17 select(7, [3], [3], NULL, NULL) = 1 (out [3])
24447 05:58:17 clock_gettime(CLOCK_BOOTTIME, {677784, 277998420}) = 0
24447 05:58:17 write(3, "y?M\357\17\267[\343\361\0\263\256\373\312\3014&|z\302\236\10\201\277", 24) = 24
24447 05:58:17 rt_sigaction(SIGWINCH, NULL, {0x55954cc15c50, [], SA_RESTORER, 0x7efc7991a270}, 8) = 0
24447 05:58:17 rt_sigaction(SIGWINCH, {SIG_DFL, [], SA_RESTORER, 0x7efc7991a270}, NULL, 8) = 0
24447 05:58:17 write(3, "{Z\36G\350\24\220@\247t\342\34y\t0%\205\204\274!\206VQ;\334\223\31\311\223\240w\206"..., 56) = 56
24447 05:58:17 ioctl(0, TCGETS, {B38400 opost isig icanon echo ...}) = 0
24447 05:58:17 ioctl(1, TCGETS, {B38400 opost isig icanon echo ...}) = 0
24447 05:58:17 ioctl(2, TCGETS, {B38400 opost isig icanon echo ...}) = 0
24447 05:58:17 write(2, "Connection to 10.5.0.209 closed."..., 34) = 34
24447 05:58:17 shutdown(3, SHUT_RDWR)   = 0
24447 05:58:17 close(3)                 = 0
24447 05:58:17 exit_group(0)            = ?
24447 05:58:17 +++ exited with 0 +++
