6372  03:41:26 select(4, [3], NULL, NULL, NULL) = 1 (in [3])
6372  03:41:26 read(3, "\0\0\3\274\n!\0\0\1\25\0\0\0\7ssh-rsa\0\0\0\1#\0\0\1\1\0\264"..., 8192) = 976
6372  03:41:26 open("/root/.ssh/known_hosts", O_RDONLY) = 4
6372  03:41:26 fstat(4, {st_mode=S_IFREG|0644, st_size=1177, ...}) = 0
6372  03:41:26 mmap(NULL, 4096, PROT_READ|PROT_WRITE, MAP_PRIVATE|MAP_ANONYMOUS, -1, 0) = 0x7fa07a8d5000
6372  03:41:26 read(4, "172.19.0.36 ssh-rsa AAAAB3NzaC1y"..., 4096) = 1177
6372  03:41:26 read(4, "", 4096)        = 0
6372  03:41:26 close(4)                 = 0
6372  03:41:26 munmap(0x7fa07a8d5000, 4096) = 0
6372  03:41:26 open("/root/.ssh/known_hosts2", O_RDONLY) = -1 ENOENT (No such file or directory)
6372  03:41:26 open("/usr/local/openssh/etc/ssh_known_hosts", O_RDONLY) = -1 ENOENT (No such file or directory)
6372  03:41:26 open("/usr/local/openssh/etc/ssh_known_hosts2", O_RDONLY) = -1 ENOENT (No such file or directory)
6372  03:41:26 clock_gettime(CLOCK_BOOTTIME, {669573, 205578388}) = 0
6372  03:41:26 write(3, "\0\0\0\f\n\25\0\0\0\0\0\0\0\0\0\0", 16) = 16
6372  03:41:26 write(3, "{z\362\1\375\362\276`\212-n`\22A\307A'{\346>\177\232U\357\7\207j\355P\262u]"..., 40) = 40
6372  03:41:26 select(4, [3], NULL, NULL, NULL) = 1 (in [3])
6372  03:41:26 read(3, "\26\347\353d/\217\357T\321\272\274\276o\234\214\204\34e\20\254\236(\243\300\237E;\315\7\263\357w"..., 8192) = 40
6372  03:41:26 write(3, "\366x\334\230\271F\355z9\277s\2477\232\340\327<\210\26\311\335i\225,\207\240\362\210\374\334YE"..., 56) = 56
6372  03:41:26 select(4, [3], NULL, NULL, NULL) = 1 (in [3])
6372  03:41:26 read(3, "oB\332)\10X\251?\353O\355\6\10\364O\343\341\250\347\371v\220!$3\200G\270\225\277\223\371"..., 8192) = 72
6372  03:41:26 stat("/root/.ssh/id_rsa", 0x7ffe0fba3720) = -1 ENOENT (No such file or directory)
6372  03:41:26 stat("/root/.ssh/id_dsa", 0x7ffe0fba3720) = -1 ENOENT (No such file or directory)
6372  03:41:26 stat("/root/.ssh/id_ecdsa", 0x7ffe0fba3720) = -1 ENOENT (No such file or directory)
6372  03:41:26 stat("/root/.ssh/id_ed25519", 0x7ffe0fba3720) = -1 ENOENT (No such file or directory)
6372  03:41:26 open("/dev/tty", O_RDWR) = 4
6372  03:41:26 close(4)                 = 0
6372  03:41:26 open("/dev/tty", O_RDWR) = 4
6372  03:41:26 ioctl(4, TCGETS, {B38400 opost isig icanon echo ...}) = 0
6372  03:41:26 ioctl(4, SNDCTL_TMR_CONTINUE or TCSETSF, {B38400 opost isig icanon -echo ...}) = 0
6372  03:41:26 rt_sigaction(SIGALRM, {0x55a938f6a0d0, [], SA_RESTORER, 0x7fa07945a270}, {SIG_DFL, [], 0}, 8) = 0
6372  03:41:26 rt_sigaction(SIGHUP, {0x55a938f6a0d0, [], SA_RESTORER, 0x7fa07945a270}, {SIG_DFL, [], 0}, 8) = 0
6372  03:41:26 rt_sigaction(SIGINT, {0x55a938f6a0d0, [], SA_RESTORER, 0x7fa07945a270}, {SIG_DFL, [], 0}, 8) = 0
6372  03:41:26 rt_sigaction(SIGPIPE, {0x55a938f6a0d0, [], SA_RESTORER, 0x7fa07945a270}, {SIG_IGN, [], SA_RESTORER, 0x7fa07945a270}, 8) = 0
6372  03:41:26 rt_sigaction(SIGQUIT, {0x55a938f6a0d0, [], SA_RESTORER, 0x7fa07945a270}, {SIG_DFL, [], 0}, 8) = 0
6372  03:41:26 rt_sigaction(SIGTERM, {0x55a938f6a0d0, [], SA_RESTORER, 0x7fa07945a270}, {SIG_DFL, [], 0}, 8) = 0
6372  03:41:26 rt_sigaction(SIGTSTP, {0x55a938f6a0d0, [], SA_RESTORER, 0x7fa07945a270}, {SIG_DFL, [], 0}, 8) = 0
6372  03:41:26 rt_sigaction(SIGTTIN, {0x55a938f6a0d0, [], SA_RESTORER, 0x7fa07945a270}, {SIG_DFL, [], 0}, 8) = 0
6372  03:41:26 rt_sigaction(SIGTTOU, {0x55a938f6a0d0, [], SA_RESTORER, 0x7fa07945a270}, {SIG_DFL, [], 0}, 8) = 0
6372  03:41:26 write(4, "root@10.5.0.208's password: ", 28) = 28
6372  03:41:26 read(4, "y", 1)          = 1
6372  03:41:26 read(4, "o", 1)          = 1
6372  03:41:26 read(4, "t", 1)          = 1
6372  03:41:26 read(4, "p", 1)          = 1
6372  03:41:26 read(4, "4", 1)          = 1
6372  03:41:26 read(4, "o", 1)          = 1
6372  03:41:26 read(4, "z", 1)          = 1
6372  03:41:26 read(4, "A", 1)          = 1
6372  03:41:26 read(4, "c", 1)          = 1
6372  03:41:26 read(4, "C", 1)          = 1
6372  03:41:26 read(4, "=", 1)          = 1
6372  03:41:26 read(4, "b", 1)          = 1
6372  03:41:26 read(4, "~", 1)          = 1
6372  03:41:26 read(4, "V", 1)          = 1
6372  03:41:26 read(4, "4", 1)          = 1
6372  03:41:26 read(4, "K", 1)          = 1
6372  03:41:26 read(4, "G", 1)          = 1
6372  03:41:26 read(4, "V", 1)          = 1
6372  03:41:26 read(4, "/", 1)          = 1
6372  03:41:26 read(4, "s", 1)          = 1
6372  03:41:26 read(4, "\n", 1)         = 1
6372  03:41:26 write(4, "\n", 1)        = 1
6372  03:41:26 ioctl(4, SNDCTL_TMR_CONTINUE or TCSETSF, {B38400 opost isig icanon echo ...}) = 0
6372  03:41:26 rt_sigaction(SIGALRM, {SIG_DFL, [], SA_RESTORER, 0x7fa07945a270}, NULL, 8) = 0
6372  03:41:26 rt_sigaction(SIGHUP, {SIG_DFL, [], SA_RESTORER, 0x7fa07945a270}, NULL, 8) = 0
6372  03:41:26 rt_sigaction(SIGINT, {SIG_DFL, [], SA_RESTORER, 0x7fa07945a270}, NULL, 8) = 0
6372  03:41:26 rt_sigaction(SIGQUIT, {SIG_DFL, [], SA_RESTORER, 0x7fa07945a270}, NULL, 8) = 0
6372  03:41:26 rt_sigaction(SIGPIPE, {SIG_IGN, [], SA_RESTORER, 0x7fa07945a270}, NULL, 8) = 0
6372  03:41:26 rt_sigaction(SIGTERM, {SIG_DFL, [], SA_RESTORER, 0x7fa07945a270}, NULL, 8) = 0
6372  03:41:26 rt_sigaction(SIGTSTP, {SIG_DFL, [], SA_RESTORER, 0x7fa07945a270}, NULL, 8) = 0
6372  03:41:26 rt_sigaction(SIGTTIN, {SIG_DFL, [], SA_RESTORER, 0x7fa07945a270}, NULL, 8) = 0
6372  03:41:26 rt_sigaction(SIGTTOU, {SIG_DFL, [], SA_RESTORER, 0x7fa07945a270}, NULL, 8) = 0
6372  03:41:26 close(4)                 = 0
6372  03:41:26 write(3, "u\322b~;\331\233\240\356-4p\200R0W\336\t\225\237\345u~nFE\374#\315\f\305\276"..., 136) = 136
6372  03:41:26 select(4, [3], NULL, NULL, NULL) = 1 (in [3])
6372  03:41:26 read(3, "\244\237\343\273\340\365\3W\330\vS\261P\342T\220\240\226\5d\31\177\".", 8192) = 24
6372  03:41:26 dup(0)                   = 4
6372  03:41:26 dup(1)                   = 5
6372  03:41:26 dup(2)                   = 6
6372  03:41:26 ioctl(4, TCGETS, {B38400 opost isig icanon echo ...}) = 0
6372  03:41:26 ioctl(5, TCGETS, {B38400 opost isig icanon echo ...}) = 0
6372  03:41:26 ioctl(6, TCGETS, {B38400 opost isig icanon echo ...}) = 0
6372  03:41:26 fcntl(4, F_SETFD, FD_CLOEXEC) = 0
6372  03:41:26 fcntl(5, F_SETFD, FD_CLOEXEC) = 0
6372  03:41:26 fcntl(6, F_SETFD, FD_CLOEXEC) = 0
6372  03:41:26 rt_sigaction(SIGHUP, NULL, {SIG_DFL, [], SA_RESTORER, 0x7fa07945a270}, 8) = 0
6372  03:41:26 rt_sigaction(SIGHUP, {SIG_IGN, [], SA_RESTORER, 0x7fa07945a270}, NULL, 8) = 0
6372  03:41:26 rt_sigaction(SIGHUP, NULL, {SIG_IGN, [], SA_RESTORER, 0x7fa07945a270}, 8) = 0
6372  03:41:26 rt_sigaction(SIGHUP, {0x55a938f129f0, [], SA_RESTORER, 0x7fa07945a270}, NULL, 8) = 0
6372  03:41:26 rt_sigaction(SIGINT, NULL, {SIG_DFL, [], SA_RESTORER, 0x7fa07945a270}, 8) = 0
6372  03:41:26 rt_sigaction(SIGINT, {SIG_IGN, [], SA_RESTORER, 0x7fa07945a270}, NULL, 8) = 0
6372  03:41:26 rt_sigaction(SIGINT, NULL, {SIG_IGN, [], SA_RESTORER, 0x7fa07945a270}, 8) = 0
6372  03:41:26 rt_sigaction(SIGINT, {0x55a938f129f0, [], SA_RESTORER, 0x7fa07945a270}, NULL, 8) = 0
6372  03:41:26 rt_sigaction(SIGQUIT, NULL, {SIG_DFL, [], SA_RESTORER, 0x7fa07945a270}, 8) = 0
6372  03:41:26 rt_sigaction(SIGQUIT, {SIG_IGN, [], SA_RESTORER, 0x7fa07945a270}, NULL, 8) = 0
6372  03:41:26 rt_sigaction(SIGQUIT, NULL, {SIG_IGN, [], SA_RESTORER, 0x7fa07945a270}, 8) = 0
6372  03:41:26 rt_sigaction(SIGQUIT, {0x55a938f129f0, [], SA_RESTORER, 0x7fa07945a270}, NULL, 8) = 0
6372  03:41:26 rt_sigaction(SIGTERM, NULL, {SIG_DFL, [], SA_RESTORER, 0x7fa07945a270}, 8) = 0
6372  03:41:26 rt_sigaction(SIGTERM, {SIG_IGN, [], SA_RESTORER, 0x7fa07945a270}, NULL, 8) = 0
6372  03:41:26 rt_sigaction(SIGTERM, NULL, {SIG_IGN, [], SA_RESTORER, 0x7fa07945a270}, 8) = 0
6372  03:41:26 rt_sigaction(SIGTERM, {0x55a938f129f0, [], SA_RESTORER, 0x7fa07945a270}, NULL, 8) = 0
6372  03:41:26 rt_sigaction(SIGWINCH, NULL, {SIG_DFL, [], 0}, 8) = 0
6372  03:41:26 rt_sigaction(SIGWINCH, {0x55a938f12c80, [], SA_RESTORER, 0x7fa07945a270}, NULL, 8) = 0
6372  03:41:26 ioctl(0, TCGETS, {B38400 opost isig icanon echo ...}) = 0
6372  03:41:26 ioctl(0, SNDCTL_TMR_STOP or TCSETSW, {B38400 -opost -isig -icanon -echo ...}) = 0
6372  03:41:26 clock_gettime(CLOCK_BOOTTIME, {669573, 273232025}) = 0
6372  03:41:26 clock_gettime(CLOCK_BOOTTIME, {669573, 273263298}) = 0
6372  03:41:26 select(7, [3], [3], NULL, NULL) = 1 (out [3])
6372  03:41:26 clock_gettime(CLOCK_BOOTTIME, {669573, 273312166}) = 0
6372  03:41:26 write(3, "\25\267P\363'\rc6\346a\301\250\305O\321\231(\210\245\236\365\225\316v\1\307k\351\nN\321\326"..., 112) = 112
6372  03:41:26 clock_gettime(CLOCK_BOOTTIME, {669573, 273367644}) = 0
6372  03:41:26 clock_gettime(CLOCK_BOOTTIME, {669573, 273388898}) = 0
6372  03:41:26 select(7, [3], [], NULL, NULL) = 1 (in [3])
6372  03:41:26 clock_gettime(CLOCK_BOOTTIME, {669573, 278393035}) = 0
6372  03:41:26 read(3, "\227\246\235\232\265e\224_U\346\316\3236\24K\217F\363\360\303\207\343\321\204\207v~\275le\2\201"..., 8192) = 40
6372  03:41:26 getsockopt(3, SOL_TCP, TCP_NODELAY, [0], [4]) = 0
6372  03:41:26 setsockopt(3, SOL_TCP, TCP_NODELAY, [1], 4) = 0
6372  03:41:26 getsockname(3, {sa_family=AF_INET, sin_port=htons(37596), sin_addr=inet_addr("10.5.0.222")}, [16]) = 0
6372  03:41:26 setsockopt(3, SOL_IP, IP_TOS, [16], 4) = 0
6372  03:41:26 ioctl(0, TIOCGWINSZ, {ws_row=24, ws_col=122, ws_xpixel=0, ws_ypixel=0}) = 0
6372  03:41:26 clock_gettime(CLOCK_BOOTTIME, {669573, 278743337}) = 0
6372  03:41:26 clock_gettime(CLOCK_BOOTTIME, {669573, 278783306}) = 0
6372  03:41:26 select(7, [3], [3], NULL, NULL) = 1 (out [3])
6372  03:41:26 clock_gettime(CLOCK_BOOTTIME, {669573, 278866390}) = 0
6372  03:41:26 write(3, "\10M\212\250\2431\315\246\26.\23\305\224\241\3159D\4:xn\213\331\360\310\322\6l[O\200}"..., 368) = 368
6372  03:41:26 clock_gettime(CLOCK_BOOTTIME, {669573, 278960502}) = 0
6372  03:41:26 clock_gettime(CLOCK_BOOTTIME, {669573, 278998525}) = 0
6372  03:41:26 select(7, [3], [], NULL, NULL) = 1 (in [3])
6372  03:41:26 clock_gettime(CLOCK_BOOTTIME, {669573, 279520950}) = 0
6372  03:41:26 read(3, ".\201\6\327h\336\t\247e\222\323\331\211zu\363\311\177pp[\201\347Do\207\316?`[\262\203"..., 8192) = 88
6372  03:41:26 clock_gettime(CLOCK_BOOTTIME, {669573, 279605406}) = 0
6372  03:41:26 clock_gettime(CLOCK_BOOTTIME, {669573, 279643475}) = 0
6372  03:41:26 select(7, [3 4], [], NULL, NULL) = 1 (in [3])
6372  03:41:26 clock_gettime(CLOCK_BOOTTIME, {669573, 284072964}) = 0
6372  03:41:26 read(3, "[\251$\6W$\0105n\327\240\373\220e\331R{0\255V\25\220]=\357\325~Q\274\211\214\344"..., 8192) = 152
6372  03:41:26 clock_gettime(CLOCK_BOOTTIME, {669573, 284162740}) = 0
6372  03:41:26 clock_gettime(CLOCK_BOOTTIME, {669573, 284202279}) = 0
6372  03:41:26 select(7, [3 4], [5], NULL, NULL) = 1 (out [5])
6372  03:41:26 clock_gettime(CLOCK_BOOTTIME, {669573, 284284727}) = 0
6372  03:41:26 write(5, "Last login: Fri Jun 22 11:40:31 "..., 111) = 111
6372  03:41:26 clock_gettime(CLOCK_BOOTTIME, {669573, 284407189}) = 0
6372  03:41:26 clock_gettime(CLOCK_BOOTTIME, {669573, 284447085}) = 0
6372  03:41:26 select(7, [3 4], [], NULL, NULL) = 1 (in [3])
6372  03:41:26 clock_gettime(CLOCK_BOOTTIME, {669573, 300092321}) = 0
6372  03:41:26 read(3, "f\1\225*\352\347\30d\227_\272+\340}\223\352\235\23\354u\254M\360\335\200\177Oj\6\300\2575"..., 8192) = 56
6372  03:41:26 clock_gettime(CLOCK_BOOTTIME, {669573, 300188593}) = 0
6372  03:41:26 clock_gettime(CLOCK_BOOTTIME, {669573, 300232417}) = 0
6372  03:41:26 select(7, [3 4], [5], NULL, NULL) = 1 (out [5])
6372  03:41:26 clock_gettime(CLOCK_BOOTTIME, {669573, 300316631}) = 0
6372  03:41:26 write(5, "[root@ali-p2p-h5-1 ~]# ", 23) = 23
6372  03:41:26 clock_gettime(CLOCK_BOOTTIME, {669573, 300419542}) = 0
6372  03:41:26 clock_gettime(CLOCK_BOOTTIME, {669573, 300465001}) = 0
6372  03:41:26 select(7, [3 4], [], NULL, NULL) = 1 (in [4])
6372  03:41:27 clock_gettime(CLOCK_BOOTTIME, {669574, 293823100}) = 0
6372  03:41:27 read(4, "e", 16384)      = 1
6372  03:41:27 clock_gettime(CLOCK_BOOTTIME, {669574, 293951133}) = 0
6372  03:41:27 clock_gettime(CLOCK_BOOTTIME, {669574, 293993501}) = 0
6372  03:41:27 select(7, [3 4], [3], NULL, NULL) = 1 (out [3])
6372  03:41:27 clock_gettime(CLOCK_BOOTTIME, {669574, 294095497}) = 0
6372  03:41:27 write(3, "G5\306\311\327\247\20\"\356\332G\276\263h\4\3iX\316~\27\373\0038;K{j=\236\311\274"..., 40) = 40
6372  03:41:27 clock_gettime(CLOCK_BOOTTIME, {669574, 294204980}) = 0
6372  03:41:27 clock_gettime(CLOCK_BOOTTIME, {669574, 294247994}) = 0
6372  03:41:27 select(7, [3 4], [], NULL, NULL) = 1 (in [3])
6372  03:41:27 clock_gettime(CLOCK_BOOTTIME, {669574, 296064714}) = 0
6372  03:41:27 read(3, "\7\177\316S\250+\234\220JP\352\247\366\222\37F\30\302/\215:l\266\363\37NQ\301r\203\245\36"..., 8192) = 40
6372  03:41:27 clock_gettime(CLOCK_BOOTTIME, {669574, 296157002}) = 0
6372  03:41:27 clock_gettime(CLOCK_BOOTTIME, {669574, 296198682}) = 0
6372  03:41:27 select(7, [3 4], [5], NULL, NULL) = 1 (out [5])
6372  03:41:27 clock_gettime(CLOCK_BOOTTIME, {669574, 296288715}) = 0
6372  03:41:27 write(5, "e", 1)         = 1
6372  03:41:27 clock_gettime(CLOCK_BOOTTIME, {669574, 296413268}) = 0
6372  03:41:27 clock_gettime(CLOCK_BOOTTIME, {669574, 296464908}) = 0
6372  03:41:27 select(7, [3 4], [], NULL, NULL) = 1 (in [4])
6372  03:41:27 clock_gettime(CLOCK_BOOTTIME, {669574, 597937469}) = 0
6372  03:41:27 read(4, "x", 16384)      = 1
6372  03:41:27 clock_gettime(CLOCK_BOOTTIME, {669574, 598059064}) = 0
6372  03:41:27 clock_gettime(CLOCK_BOOTTIME, {669574, 598102402}) = 0
6372  03:41:27 select(7, [3 4], [3], NULL, NULL) = 1 (out [3])
6372  03:41:27 clock_gettime(CLOCK_BOOTTIME, {669574, 598193233}) = 0
6372  03:41:27 write(3, "\377[\270R\323\215Q\211#\321\10_\341Jk\311\261\276\315\244\302\316\177\277\226l\224\347\277}\26\31"..., 40) = 40
6372  03:41:27 clock_gettime(CLOCK_BOOTTIME, {669574, 598292758}) = 0
6372  03:41:27 clock_gettime(CLOCK_BOOTTIME, {669574, 598334688}) = 0
6372  03:41:27 select(7, [3 4], [], NULL, NULL) = 1 (in [3])
6372  03:41:27 clock_gettime(CLOCK_BOOTTIME, {669574, 600067940}) = 0
6372  03:41:27 read(3, "E\22\225vg?\2126{\237\7'\302\347\362\212\24#\221\264qSM\340i\325\356T\r%\240\327"..., 8192) = 40
6372  03:41:27 clock_gettime(CLOCK_BOOTTIME, {669574, 600162082}) = 0
6372  03:41:27 clock_gettime(CLOCK_BOOTTIME, {669574, 600203402}) = 0
6372  03:41:27 select(7, [3 4], [5], NULL, NULL) = 1 (out [5])
6372  03:41:27 clock_gettime(CLOCK_BOOTTIME, {669574, 600292065}) = 0
6372  03:41:27 write(5, "x", 1)         = 1
6372  03:41:27 clock_gettime(CLOCK_BOOTTIME, {669574, 600411365}) = 0
6372  03:41:27 clock_gettime(CLOCK_BOOTTIME, {669574, 600461228}) = 0
6372  03:41:27 select(7, [3 4], [], NULL, NULL) = 1 (in [4])
6372  03:41:28 clock_gettime(CLOCK_BOOTTIME, {669574, 701522047}) = 0
6372  03:41:28 read(4, "i", 16384)      = 1
6372  03:41:28 clock_gettime(CLOCK_BOOTTIME, {669574, 701625333}) = 0
6372  03:41:28 clock_gettime(CLOCK_BOOTTIME, {669574, 701667421}) = 0
6372  03:41:28 select(7, [3 4], [3], NULL, NULL) = 1 (out [3])
6372  03:41:28 clock_gettime(CLOCK_BOOTTIME, {669574, 701756545}) = 0
6372  03:41:28 write(3, "_\264c\331pE\347#\241\240t\322\204\226}\251\205\4P\251\371\354j\334\315\0x5\34S9\305"..., 40) = 40
6372  03:41:28 clock_gettime(CLOCK_BOOTTIME, {669574, 701849855}) = 0
6372  03:41:28 clock_gettime(CLOCK_BOOTTIME, {669574, 701891487}) = 0
6372  03:41:28 select(7, [3 4], [], NULL, NULL) = 1 (in [3])
6372  03:41:28 clock_gettime(CLOCK_BOOTTIME, {669574, 703063864}) = 0
6372  03:41:28 read(3, "R*\37\271\360\236\346u\20\245\332\271\263m\223RR\310\306\274\3313,|\347\26\351\247S\220\250\324"..., 8192) = 40
6372  03:41:28 clock_gettime(CLOCK_BOOTTIME, {669574, 703154861}) = 0
6372  03:41:28 clock_gettime(CLOCK_BOOTTIME, {669574, 703196301}) = 0
6372  03:41:28 select(7, [3 4], [5], NULL, NULL) = 1 (out [5])
6372  03:41:28 clock_gettime(CLOCK_BOOTTIME, {669574, 703283931}) = 0
6372  03:41:28 write(5, "i", 1)         = 1
6372  03:41:28 clock_gettime(CLOCK_BOOTTIME, {669574, 703399194}) = 0
6372  03:41:28 clock_gettime(CLOCK_BOOTTIME, {669574, 703441629}) = 0
6372  03:41:28 select(7, [3 4], [], NULL, NULL) = 1 (in [4])
6372  03:41:28 clock_gettime(CLOCK_BOOTTIME, {669574, 894058486}) = 0
6372  03:41:28 read(4, "t", 16384)      = 1
6372  03:41:28 clock_gettime(CLOCK_BOOTTIME, {669574, 894160640}) = 0
6372  03:41:28 clock_gettime(CLOCK_BOOTTIME, {669574, 894203772}) = 0
6372  03:41:28 select(7, [3 4], [3], NULL, NULL) = 1 (out [3])
6372  03:41:28 clock_gettime(CLOCK_BOOTTIME, {669574, 894304563}) = 0
6372  03:41:28 write(3, "\321\243ju\243\10RLqh\326\245{\4\10\245L+\32i=>\342h\1E\275\307')\367F"..., 40) = 40
6372  03:41:28 clock_gettime(CLOCK_BOOTTIME, {669574, 894398958}) = 0
6372  03:41:28 clock_gettime(CLOCK_BOOTTIME, {669574, 894441895}) = 0
6372  03:41:28 select(7, [3 4], [], NULL, NULL) = 1 (in [3])
6372  03:41:28 clock_gettime(CLOCK_BOOTTIME, {669574, 896059996}) = 0
6372  03:41:28 read(3, "\32y\30\24\177\265X/p-kN\262\236\205\236\253\3127\265\33J\254Mf4CLy\0\212\255"..., 8192) = 40
6372  03:41:28 clock_gettime(CLOCK_BOOTTIME, {669574, 896151938}) = 0
6372  03:41:28 clock_gettime(CLOCK_BOOTTIME, {669574, 896193792}) = 0
6372  03:41:28 select(7, [3 4], [5], NULL, NULL) = 1 (out [5])
6372  03:41:28 clock_gettime(CLOCK_BOOTTIME, {669574, 896283640}) = 0
6372  03:41:28 write(5, "t", 1)         = 1
6372  03:41:28 clock_gettime(CLOCK_BOOTTIME, {669574, 896399498}) = 0
6372  03:41:28 clock_gettime(CLOCK_BOOTTIME, {669574, 896441485}) = 0
6372  03:41:28 select(7, [3 4], [], NULL, NULL) = 1 (in [4])
6372  03:41:28 clock_gettime(CLOCK_BOOTTIME, {669574, 999067149}) = 0
6372  03:41:28 read(4, "\r", 16384)     = 1
6372  03:41:28 clock_gettime(CLOCK_BOOTTIME, {669574, 999175810}) = 0
6372  03:41:28 clock_gettime(CLOCK_BOOTTIME, {669574, 999218259}) = 0
6372  03:41:28 select(7, [3 4], [3], NULL, NULL) = 1 (out [3])
6372  03:41:28 clock_gettime(CLOCK_BOOTTIME, {669574, 999308852}) = 0
6372  03:41:28 write(3, "\367\316\321\7\360\3\333h\17\240\20\374z\251]~\346w\210\31\t\2410\312e\217'\226O\2657\30"..., 40) = 40
6372  03:41:28 clock_gettime(CLOCK_BOOTTIME, {669574, 999417677}) = 0
6372  03:41:28 clock_gettime(CLOCK_BOOTTIME, {669574, 999471063}) = 0
6372  03:41:28 select(7, [3 4], [], NULL, NULL) = 1 (in [3])
6372  03:41:28 clock_gettime(CLOCK_BOOTTIME, {669575, 3791649}) = 0
6372  03:41:28 read(3, "n\235J\16\307,k\5<\325\375X\333\230\201\262\314\360\276\365\241\3225\326\23RTS\215mM\321"..., 8192) = 40
6372  03:41:28 clock_gettime(CLOCK_BOOTTIME, {669575, 3890187}) = 0
6372  03:41:28 clock_gettime(CLOCK_BOOTTIME, {669575, 3931925}) = 0
6372  03:41:28 select(7, [3 4], [5], NULL, NULL) = 1 (out [5])
6372  03:41:28 clock_gettime(CLOCK_BOOTTIME, {669575, 4024461}) = 0
6372  03:41:28 write(5, "\r\nlogout\r\n", 10) = 10
6372  03:41:28 clock_gettime(CLOCK_BOOTTIME, {669575, 4139446}) = 0
6372  03:41:28 clock_gettime(CLOCK_BOOTTIME, {669575, 4182076}) = 0
6372  03:41:28 select(7, [3 4], [], NULL, NULL) = 1 (in [3])
6372  03:41:28 clock_gettime(CLOCK_BOOTTIME, {669575, 7712250}) = 0
6372  03:41:28 read(3, "\342o9M\366N \332\346\203%Y-\361\325\10\245\f[\246Sc\265\34\252\307\315j\334\247V:"..., 8192) = 160
6372  03:41:28 close(5)                 = 0
6372  03:41:28 close(4)                 = 0
6372  03:41:28 clock_gettime(CLOCK_BOOTTIME, {669575, 7892764}) = 0
6372  03:41:28 clock_gettime(CLOCK_BOOTTIME, {669575, 7934104}) = 0
6372  03:41:28 ioctl(0, SNDCTL_TMR_STOP or TCSETSW, {B38400 opost isig icanon echo ...}) = 0
6372  03:41:28 close(6)                 = 0
6372  03:41:28 select(7, [3], [3], NULL, NULL) = 1 (out [3])
6372  03:41:28 clock_gettime(CLOCK_BOOTTIME, {669575, 8134032}) = 0
6372  03:41:28 write(3, "\227\5\236\236\317\335\24\331\245MC\257\361\20@,\376R\350\253L\32\347m", 24) = 24
6372  03:41:28 rt_sigaction(SIGWINCH, NULL, {0x55a938f12c80, [], SA_RESTORER, 0x7fa07945a270}, 8) = 0
6372  03:41:28 rt_sigaction(SIGWINCH, {SIG_DFL, [], SA_RESTORER, 0x7fa07945a270}, NULL, 8) = 0
6372  03:41:28 write(3, "\365K\22\314\347\22#R\250\246\317CQ2D#\352\372M{W\26\303\230\36\24\t\275\232M\203W"..., 56) = 56
6372  03:41:28 ioctl(0, TCGETS, {B38400 opost isig icanon echo ...}) = 0
6372  03:41:28 ioctl(1, TCGETS, {B38400 opost isig icanon echo ...}) = 0
6372  03:41:28 ioctl(2, TCGETS, {B38400 opost isig icanon echo ...}) = 0
6372  03:41:28 write(2, "Connection to 10.5.0.208 closed."..., 34) = 34
6372  03:41:28 shutdown(3, SHUT_RDWR)   = 0
6372  03:41:28 close(3)                 = 0
6372  03:41:28 write(1, "random tag:951fqwsba6", 21) = 21
6372  03:41:28 exit_group(0)            = ?
6372  03:41:28 +++ exited with 0 +++
