29384 11:50:07 select(4, [3], NULL, NULL, NULL) = 1 (in [3])
29384 11:50:07 read(3, "\0\0\3\274\t!\0\0\1\25\0\0\0\7ssh-rsa\0\0\0\1#\0\0\1\1\0\264"..., 8192) = 976
29384 11:50:07 open("/root/.ssh/known_hosts", O_RDONLY) = 4
29384 11:50:07 fstat(4, {st_mode=S_IFREG|0644, st_size=1177, ...}) = 0
29384 11:50:07 mmap(NULL, 4096, PROT_READ|PROT_WRITE, MAP_PRIVATE|MAP_ANONYMOUS, -1, 0) = 0x7ffac2a79000
29384 11:50:07 read(4, "172.19.0.36 ssh-rsa AAAAB3NzaC1y"..., 4096) = 1177
29384 11:50:07 read(4, "", 4096)        = 0
29384 11:50:07 close(4)                 = 0
29384 11:50:07 munmap(0x7ffac2a79000, 4096) = 0
29384 11:50:07 open("/root/.ssh/known_hosts2", O_RDONLY) = -1 ENOENT (No such file or directory)
29384 11:50:07 open("/usr/local/openssh/etc/ssh_known_hosts", O_RDONLY) = -1 ENOENT (No such file or directory)
29384 11:50:07 open("/usr/local/openssh/etc/ssh_known_hosts2", O_RDONLY) = -1 ENOENT (No such file or directory)
29384 11:50:07 clock_gettime(CLOCK_BOOTTIME, {612494, 515320139}) = 0
29384 11:50:07 write(3, "\0\0\0\f\n\25\0\0\0\0\0\0\0\0\0\0", 16) = 16
29384 11:50:07 write(3, ":\275\222e\f\36\265\321B\331i#c,>]\372\250\25,\235A!\32Eg\26\313\302\224\t\266"..., 40) = 40
29384 11:50:07 select(4, [3], NULL, NULL, NULL) = 1 (in [3])
29384 11:50:07 read(3, "\266LM\364\254\246v\276\24\0011a\32\255J\310\376\226x\360\226\0336\323\331UH\345\253\330\16M"..., 8192) = 40
29384 11:50:07 write(3, "[`\231\332%V!_L/,;\335\247\3744o\0\331\33\21\243\f'XB6\365\311\177\36\310"..., 56) = 56
29384 11:50:07 select(4, [3], NULL, NULL, NULL) = 1 (in [3])
29384 11:50:07 read(3, "\32\316\203\177z1\200 \240Y&\371\263\253\313K[cQ\315\310E\344\26\253n0\364,\320\23\207"..., 8192) = 72
29384 11:50:07 stat("/root/.ssh/id_rsa", 0x7ffee7872ab0) = -1 ENOENT (No such file or directory)
29384 11:50:07 stat("/root/.ssh/id_dsa", 0x7ffee7872ab0) = -1 ENOENT (No such file or directory)
29384 11:50:07 stat("/root/.ssh/id_ecdsa", 0x7ffee7872ab0) = -1 ENOENT (No such file or directory)
29384 11:50:07 stat("/root/.ssh/id_ed25519", 0x7ffee7872ab0) = -1 ENOENT (No such file or directory)
29384 11:50:07 open("/dev/tty", O_RDWR) = 4
29384 11:50:07 close(4)                 = 0
29384 11:50:07 open("/dev/tty", O_RDWR) = 4
29384 11:50:07 ioctl(4, TCGETS, {B38400 opost isig icanon echo ...}) = 0
29384 11:50:07 ioctl(4, SNDCTL_TMR_CONTINUE or TCSETSF, {B38400 opost isig icanon -echo ...}) = 0
29384 11:50:07 rt_sigaction(SIGALRM, {0x5608fece90d0, [], SA_RESTORER, 0x7ffac15fe270}, {SIG_DFL, [], 0}, 8) = 0
29384 11:50:07 rt_sigaction(SIGHUP, {0x5608fece90d0, [], SA_RESTORER, 0x7ffac15fe270}, {SIG_DFL, [], 0}, 8) = 0
29384 11:50:07 rt_sigaction(SIGINT, {0x5608fece90d0, [], SA_RESTORER, 0x7ffac15fe270}, {SIG_DFL, [], 0}, 8) = 0
29384 11:50:07 rt_sigaction(SIGPIPE, {0x5608fece90d0, [], SA_RESTORER, 0x7ffac15fe270}, {SIG_IGN, [], SA_RESTORER, 0x7ffac15fe270}, 8) = 0
29384 11:50:07 rt_sigaction(SIGQUIT, {0x5608fece90d0, [], SA_RESTORER, 0x7ffac15fe270}, {SIG_DFL, [], 0}, 8) = 0
29384 11:50:07 rt_sigaction(SIGTERM, {0x5608fece90d0, [], SA_RESTORER, 0x7ffac15fe270}, {SIG_DFL, [], 0}, 8) = 0
29384 11:50:07 rt_sigaction(SIGTSTP, {0x5608fece90d0, [], SA_RESTORER, 0x7ffac15fe270}, {SIG_DFL, [], 0}, 8) = 0
29384 11:50:07 rt_sigaction(SIGTTIN, {0x5608fece90d0, [], SA_RESTORER, 0x7ffac15fe270}, {SIG_DFL, [], 0}, 8) = 0
29384 11:50:07 rt_sigaction(SIGTTOU, {0x5608fece90d0, [], SA_RESTORER, 0x7ffac15fe270}, {SIG_DFL, [], 0}, 8) = 0
29384 11:50:07 write(4, "root@10.5.0.208's password: ", 28) = 28
29384 11:50:07 read(4, "y", 1)          = 1
29384 11:50:07 read(4, "o", 1)          = 1
29384 11:50:07 read(4, "t", 1)          = 1
29384 11:50:07 read(4, "p", 1)          = 1
29384 11:50:07 read(4, "4", 1)          = 1
29384 11:50:07 read(4, "o", 1)          = 1
29384 11:50:07 read(4, "z", 1)          = 1
29384 11:50:07 read(4, "A", 1)          = 1
29384 11:50:07 read(4, "c", 1)          = 1
29384 11:50:07 read(4, "C", 1)          = 1
29384 11:50:07 read(4, "=", 1)          = 1
29384 11:50:07 read(4, "b", 1)          = 1
29384 11:50:07 read(4, "~", 1)          = 1
29384 11:50:07 read(4, "V", 1)          = 1
29384 11:50:07 read(4, "4", 1)          = 1
29384 11:50:07 read(4, "K", 1)          = 1
29384 11:50:07 read(4, "G", 1)          = 1
29384 11:50:07 read(4, "V", 1)          = 1
29384 11:50:07 read(4, "/", 1)          = 1
29384 11:50:07 read(4, "s", 1)          = 1
29384 11:50:07 read(4, "\n", 1)         = 1
29384 11:50:07 write(4, "\n", 1)        = 1
29384 11:50:07 ioctl(4, SNDCTL_TMR_CONTINUE or TCSETSF, {B38400 opost isig icanon echo ...}) = 0
29384 11:50:07 rt_sigaction(SIGALRM, {SIG_DFL, [], SA_RESTORER, 0x7ffac15fe270}, NULL, 8) = 0
29384 11:50:07 rt_sigaction(SIGHUP, {SIG_DFL, [], SA_RESTORER, 0x7ffac15fe270}, NULL, 8) = 0
29384 11:50:07 rt_sigaction(SIGINT, {SIG_DFL, [], SA_RESTORER, 0x7ffac15fe270}, NULL, 8) = 0
29384 11:50:07 rt_sigaction(SIGQUIT, {SIG_DFL, [], SA_RESTORER, 0x7ffac15fe270}, NULL, 8) = 0
29384 11:50:07 rt_sigaction(SIGPIPE, {SIG_IGN, [], SA_RESTORER, 0x7ffac15fe270}, NULL, 8) = 0
29384 11:50:07 rt_sigaction(SIGTERM, {SIG_DFL, [], SA_RESTORER, 0x7ffac15fe270}, NULL, 8) = 0
29384 11:50:07 rt_sigaction(SIGTSTP, {SIG_DFL, [], SA_RESTORER, 0x7ffac15fe270}, NULL, 8) = 0
29384 11:50:07 rt_sigaction(SIGTTIN, {SIG_DFL, [], SA_RESTORER, 0x7ffac15fe270}, NULL, 8) = 0
29384 11:50:07 rt_sigaction(SIGTTOU, {SIG_DFL, [], SA_RESTORER, 0x7ffac15fe270}, NULL, 8) = 0
29384 11:50:07 close(4)                 = 0
29384 11:50:07 write(3, "\3\343e\216J\363j\260\27^\204&\332\16\205kH\262\274.\340\366\217=\214\312\263g\2565lk"..., 136) = 136
29384 11:50:07 select(4, [3], NULL, NULL, NULL) = 1 (in [3])
29384 11:50:07 read(3, "c\213\213\317\343\216\217%\365\231\321\274\320E\364\224\255AwX}\24\225\275", 8192) = 24
29384 11:50:07 dup(0)                   = 4
29384 11:50:07 dup(1)                   = 5
29384 11:50:07 dup(2)                   = 6
29384 11:50:07 ioctl(4, TCGETS, {B38400 opost isig icanon echo ...}) = 0
29384 11:50:07 ioctl(5, TCGETS, {B38400 opost isig icanon echo ...}) = 0
29384 11:50:07 ioctl(6, TCGETS, {B38400 opost isig icanon echo ...}) = 0
29384 11:50:07 fcntl(4, F_SETFD, FD_CLOEXEC) = 0
29384 11:50:07 fcntl(5, F_SETFD, FD_CLOEXEC) = 0
29384 11:50:07 fcntl(6, F_SETFD, FD_CLOEXEC) = 0
29384 11:50:07 rt_sigaction(SIGHUP, NULL, {SIG_DFL, [], SA_RESTORER, 0x7ffac15fe270}, 8) = 0
29384 11:50:07 rt_sigaction(SIGHUP, {SIG_IGN, [], SA_RESTORER, 0x7ffac15fe270}, NULL, 8) = 0
29384 11:50:07 rt_sigaction(SIGHUP, NULL, {SIG_IGN, [], SA_RESTORER, 0x7ffac15fe270}, 8) = 0
29384 11:50:07 rt_sigaction(SIGHUP, {0x5608fec919f0, [], SA_RESTORER, 0x7ffac15fe270}, NULL, 8) = 0
29384 11:50:07 rt_sigaction(SIGINT, NULL, {SIG_DFL, [], SA_RESTORER, 0x7ffac15fe270}, 8) = 0
29384 11:50:07 rt_sigaction(SIGINT, {SIG_IGN, [], SA_RESTORER, 0x7ffac15fe270}, NULL, 8) = 0
29384 11:50:07 rt_sigaction(SIGINT, NULL, {SIG_IGN, [], SA_RESTORER, 0x7ffac15fe270}, 8) = 0
29384 11:50:07 rt_sigaction(SIGINT, {0x5608fec919f0, [], SA_RESTORER, 0x7ffac15fe270}, NULL, 8) = 0
29384 11:50:07 rt_sigaction(SIGQUIT, NULL, {SIG_DFL, [], SA_RESTORER, 0x7ffac15fe270}, 8) = 0
29384 11:50:07 rt_sigaction(SIGQUIT, {SIG_IGN, [], SA_RESTORER, 0x7ffac15fe270}, NULL, 8) = 0
29384 11:50:07 rt_sigaction(SIGQUIT, NULL, {SIG_IGN, [], SA_RESTORER, 0x7ffac15fe270}, 8) = 0
29384 11:50:07 rt_sigaction(SIGQUIT, {0x5608fec919f0, [], SA_RESTORER, 0x7ffac15fe270}, NULL, 8) = 0
29384 11:50:07 rt_sigaction(SIGTERM, NULL, {SIG_DFL, [], SA_RESTORER, 0x7ffac15fe270}, 8) = 0
29384 11:50:07 rt_sigaction(SIGTERM, {SIG_IGN, [], SA_RESTORER, 0x7ffac15fe270}, NULL, 8) = 0
29384 11:50:07 rt_sigaction(SIGTERM, NULL, {SIG_IGN, [], SA_RESTORER, 0x7ffac15fe270}, 8) = 0
29384 11:50:07 rt_sigaction(SIGTERM, {0x5608fec919f0, [], SA_RESTORER, 0x7ffac15fe270}, NULL, 8) = 0
29384 11:50:07 rt_sigaction(SIGWINCH, NULL, {SIG_DFL, [], 0}, 8) = 0
29384 11:50:07 rt_sigaction(SIGWINCH, {0x5608fec91c80, [], SA_RESTORER, 0x7ffac15fe270}, NULL, 8) = 0
29384 11:50:07 ioctl(0, TCGETS, {B38400 opost isig icanon echo ...}) = 0
29384 11:50:07 ioctl(0, SNDCTL_TMR_STOP or TCSETSW, {B38400 -opost -isig -icanon -echo ...}) = 0
29384 11:50:07 clock_gettime(CLOCK_BOOTTIME, {612494, 590460171}) = 0
29384 11:50:07 clock_gettime(CLOCK_BOOTTIME, {612494, 590515991}) = 0
29384 11:50:07 select(7, [3], [3], NULL, NULL) = 1 (out [3])
29384 11:50:07 clock_gettime(CLOCK_BOOTTIME, {612494, 590606381}) = 0
29384 11:50:07 write(3, "eU\310\32a\375n\314.\216\331\250B\356\351\336\334K\237^\1\376\2701\332'\215a\271\6?r"..., 112) = 112
29384 11:50:07 clock_gettime(CLOCK_BOOTTIME, {612494, 590704647}) = 0
29384 11:50:07 clock_gettime(CLOCK_BOOTTIME, {612494, 590745146}) = 0
29384 11:50:07 select(7, [3], [], NULL, NULL) = 1 (in [3])
29384 11:50:07 clock_gettime(CLOCK_BOOTTIME, {612494, 593913958}) = 0
29384 11:50:07 read(3, ")pJ\335\376^\367\225\7\241\375`\v\253\346\260 \231\254\3451\271\237\201\t\17y,\315\231Y\34"..., 8192) = 40
29384 11:50:07 getsockopt(3, SOL_TCP, TCP_NODELAY, [0], [4]) = 0
29384 11:50:07 setsockopt(3, SOL_TCP, TCP_NODELAY, [1], 4) = 0
29384 11:50:07 getsockname(3, {sa_family=AF_INET, sin_port=htons(42230), sin_addr=inet_addr("10.5.0.222")}, [16]) = 0
29384 11:50:07 setsockopt(3, SOL_IP, IP_TOS, [16], 4) = 0
29384 11:50:07 ioctl(0, TIOCGWINSZ, {ws_row=45, ws_col=132, ws_xpixel=0, ws_ypixel=0}) = 0
29384 11:50:07 clock_gettime(CLOCK_BOOTTIME, {612494, 594274380}) = 0
29384 11:50:07 clock_gettime(CLOCK_BOOTTIME, {612494, 594322570}) = 0
29384 11:50:07 select(7, [3], [3], NULL, NULL) = 1 (out [3])
29384 11:50:07 clock_gettime(CLOCK_BOOTTIME, {612494, 594410377}) = 0
29384 11:50:07 write(3, "\235\351F\247.U\222\372?v5\263\3375\275\26\232x\1~\314-U5\257\270\277q/]\25\277"..., 368) = 368
29384 11:50:07 clock_gettime(CLOCK_BOOTTIME, {612494, 594510141}) = 0
29384 11:50:07 clock_gettime(CLOCK_BOOTTIME, {612494, 594551738}) = 0
29384 11:50:07 select(7, [3], [], NULL, NULL) = 1 (in [3])
29384 11:50:07 clock_gettime(CLOCK_BOOTTIME, {612494, 595065290}) = 0
29384 11:50:07 read(3, "\204u)7c&\352\240LK$\377k\204by\36;\231\25\342V\226\243\315\242\216^\332c\357\221"..., 8192) = 88
29384 11:50:07 clock_gettime(CLOCK_BOOTTIME, {612494, 595156226}) = 0
29384 11:50:07 clock_gettime(CLOCK_BOOTTIME, {612494, 595198055}) = 0
29384 11:50:07 select(7, [3 4], [], NULL, NULL) = 1 (in [3])
29384 11:50:07 clock_gettime(CLOCK_BOOTTIME, {612494, 599803032}) = 0
29384 11:50:07 read(3, "J\253H`.d\342Y8 \3750\332\353ZW\364\312+\321\5^\5\212\343\361\226\311\20H\304\201"..., 8192) = 152
29384 11:50:07 clock_gettime(CLOCK_BOOTTIME, {612494, 599899709}) = 0
29384 11:50:07 clock_gettime(CLOCK_BOOTTIME, {612494, 599940021}) = 0
29384 11:50:07 select(7, [3 4], [5], NULL, NULL) = 1 (out [5])
29384 11:50:07 clock_gettime(CLOCK_BOOTTIME, {612494, 600042612}) = 0
29384 11:50:07 write(5, "Last login: Thu Jun 21 19:48:07 "..., 111) = 111
29384 11:50:07 clock_gettime(CLOCK_BOOTTIME, {612494, 600187594}) = 0
29384 11:50:07 clock_gettime(CLOCK_BOOTTIME, {612494, 600232086}) = 0
29384 11:50:07 select(7, [3 4], [], NULL, NULL) = 1 (in [3])
29384 11:50:08 clock_gettime(CLOCK_BOOTTIME, {612494, 616096538}) = 0
29384 11:50:08 read(3, "\276\355`\205K\315N\203P\24\256\5]\245\t\v\4\264c\177\177^\355|\313w\273\257sAC\266"..., 8192) = 56
29384 11:50:08 clock_gettime(CLOCK_BOOTTIME, {612494, 616220879}) = 0
29384 11:50:08 clock_gettime(CLOCK_BOOTTIME, {612494, 616263087}) = 0
29384 11:50:08 select(7, [3 4], [5], NULL, NULL) = 1 (out [5])
29384 11:50:08 clock_gettime(CLOCK_BOOTTIME, {612494, 616361412}) = 0
29384 11:50:08 write(5, "[root@ali-p2p-h5-1 ~]# ", 23) = 23
29384 11:50:08 clock_gettime(CLOCK_BOOTTIME, {612494, 616482331}) = 0
29384 11:50:08 clock_gettime(CLOCK_BOOTTIME, {612494, 616525508}) = 0
29384 11:50:08 select(7, [3 4], [], NULL, NULL) = 1 (in [4])
29384 11:50:08 clock_gettime(CLOCK_BOOTTIME, {612495, 577649299}) = 0
29384 11:50:08 read(4, "\r", 16384)     = 1
29384 11:50:08 clock_gettime(CLOCK_BOOTTIME, {612495, 577766048}) = 0
29384 11:50:08 clock_gettime(CLOCK_BOOTTIME, {612495, 577806473}) = 0
29384 11:50:08 select(7, [3 4], [3], NULL, NULL) = 1 (out [3])
29384 11:50:08 clock_gettime(CLOCK_BOOTTIME, {612495, 577894303}) = 0
29384 11:50:08 write(3, "\31Sf\251\310%\364\5\246\311\266v\231\353\5\336V\7\272\234T\23\336\206;\366\4x\336&1N"..., 40) = 40
29384 11:50:08 clock_gettime(CLOCK_BOOTTIME, {612495, 578009657}) = 0
29384 11:50:08 clock_gettime(CLOCK_BOOTTIME, {612495, 578046483}) = 0
29384 11:50:08 select(7, [3 4], [], NULL, NULL) = 1 (in [3])
29384 11:50:08 clock_gettime(CLOCK_BOOTTIME, {612495, 580110354}) = 0
29384 11:50:08 read(3, "I\200\231 kR\374\234\216\276'\265\264\0007\207\344\2757\302\2447r\234\24%mxM\37 U"..., 8192) = 40
29384 11:50:08 clock_gettime(CLOCK_BOOTTIME, {612495, 580199716}) = 0
29384 11:50:08 clock_gettime(CLOCK_BOOTTIME, {612495, 580240079}) = 0
29384 11:50:08 select(7, [3 4], [5], NULL, NULL) = 1 (out [5])
29384 11:50:08 clock_gettime(CLOCK_BOOTTIME, {612495, 580329297}) = 0
29384 11:50:08 write(5, "\r\n", 2)      = 2
29384 11:50:08 clock_gettime(CLOCK_BOOTTIME, {612495, 580458686}) = 0
29384 11:50:08 clock_gettime(CLOCK_BOOTTIME, {612495, 580497839}) = 0
29384 11:50:08 select(7, [3 4], [], NULL, NULL) = 1 (in [3])
29384 11:50:08 clock_gettime(CLOCK_BOOTTIME, {612495, 584821774}) = 0
29384 11:50:08 read(3, "\243\322\305I0\2738\317\227\3\305\267\360QD\302\266n\16\200'b}\266\311\237\246\367W\203\360\37"..., 8192) = 56
29384 11:50:08 clock_gettime(CLOCK_BOOTTIME, {612495, 584910366}) = 0
29384 11:50:08 clock_gettime(CLOCK_BOOTTIME, {612495, 584949550}) = 0
29384 11:50:08 select(7, [3 4], [5], NULL, NULL) = 1 (out [5])
29384 11:50:08 clock_gettime(CLOCK_BOOTTIME, {612495, 585045381}) = 0
29384 11:50:08 write(5, "[root@ali-p2p-h5-1 ~]# ", 23) = 23
29384 11:50:08 clock_gettime(CLOCK_BOOTTIME, {612495, 585161114}) = 0
29384 11:50:08 clock_gettime(CLOCK_BOOTTIME, {612495, 585201029}) = 0
29384 11:50:08 select(7, [3 4], [], NULL, NULL) = 1 (in [4])
29384 11:50:09 clock_gettime(CLOCK_BOOTTIME, {612495, 788649052}) = 0
29384 11:50:09 read(4, "\r", 16384)     = 1
29384 11:50:09 clock_gettime(CLOCK_BOOTTIME, {612495, 788769463}) = 0
29384 11:50:09 clock_gettime(CLOCK_BOOTTIME, {612495, 788809000}) = 0
29384 11:50:09 select(7, [3 4], [3], NULL, NULL) = 1 (out [3])
29384 11:50:09 clock_gettime(CLOCK_BOOTTIME, {612495, 788896636}) = 0
29384 11:50:09 write(3, "\3034I\207:\333\3056\303\223\375\205\271(\250\235\237]v\247(\367\227b\361\342\334\274\335\273\302\30"..., 40) = 40
29384 11:50:09 clock_gettime(CLOCK_BOOTTIME, {612495, 789010230}) = 0
29384 11:50:09 clock_gettime(CLOCK_BOOTTIME, {612495, 789053443}) = 0
29384 11:50:09 select(7, [3 4], [], NULL, NULL) = 1 (in [3])
29384 11:50:09 clock_gettime(CLOCK_BOOTTIME, {612495, 790839275}) = 0
29384 11:50:09 read(3, "%\214\355\37\245\223\266\35i\223im\1\302 \266VsV\t\33\22\277g\337\2659\274\23\3466\22"..., 8192) = 40
29384 11:50:09 clock_gettime(CLOCK_BOOTTIME, {612495, 790930223}) = 0
29384 11:50:09 clock_gettime(CLOCK_BOOTTIME, {612495, 790968883}) = 0
29384 11:50:09 select(7, [3 4], [5], NULL, NULL) = 1 (out [5])
29384 11:50:09 clock_gettime(CLOCK_BOOTTIME, {612495, 791075873}) = 0
29384 11:50:09 write(5, "\r\n", 2)      = 2
29384 11:50:09 clock_gettime(CLOCK_BOOTTIME, {612495, 791194028}) = 0
29384 11:50:09 clock_gettime(CLOCK_BOOTTIME, {612495, 791234596}) = 0
29384 11:50:09 select(7, [3 4], [], NULL, NULL) = 1 (in [3])
29384 11:50:09 clock_gettime(CLOCK_BOOTTIME, {612495, 796077126}) = 0
29384 11:50:09 read(3, "\4\333p:\274;\361}\337\234\326\210 \222\341\220\350i:f\321X\327j|`\246\301\317\3702\367"..., 8192) = 56
29384 11:50:09 clock_gettime(CLOCK_BOOTTIME, {612495, 796166634}) = 0
29384 11:50:09 clock_gettime(CLOCK_BOOTTIME, {612495, 796205952}) = 0
29384 11:50:09 select(7, [3 4], [5], NULL, NULL) = 1 (out [5])
29384 11:50:09 clock_gettime(CLOCK_BOOTTIME, {612495, 796299103}) = 0
29384 11:50:09 write(5, "[root@ali-p2p-h5-1 ~]# ", 23) = 23
29384 11:50:09 clock_gettime(CLOCK_BOOTTIME, {612495, 796403067}) = 0
29384 11:50:09 clock_gettime(CLOCK_BOOTTIME, {612495, 796442406}) = 0
29384 11:50:09 select(7, [3 4], [], NULL, NULL) = 1 (in [4])
29384 11:50:09 clock_gettime(CLOCK_BOOTTIME, {612495, 989378862}) = 0
29384 11:50:09 read(4, "\r", 16384)     = 1
29384 11:50:09 clock_gettime(CLOCK_BOOTTIME, {612495, 989488763}) = 0
29384 11:50:09 clock_gettime(CLOCK_BOOTTIME, {612495, 989529016}) = 0
29384 11:50:09 select(7, [3 4], [3], NULL, NULL) = 1 (out [3])
29384 11:50:09 clock_gettime(CLOCK_BOOTTIME, {612495, 989625018}) = 0
29384 11:50:09 write(3, "rd\271:r\2179\f\21\312v\v4iW\350\341\16\3533?8\3\362@\216\364\235~2,\302"..., 40) = 40
29384 11:50:09 clock_gettime(CLOCK_BOOTTIME, {612495, 989737743}) = 0
29384 11:50:09 clock_gettime(CLOCK_BOOTTIME, {612495, 989787738}) = 0
29384 11:50:09 select(7, [3 4], [], NULL, NULL) = 1 (in [3])
29384 11:50:09 clock_gettime(CLOCK_BOOTTIME, {612495, 992109411}) = 0
29384 11:50:09 read(3, "\337\244\206\215\220\230\3655\t\27}\254\247\253\262\35\225\350}\6\314\3020\17\0\f1x\270\300\2\365"..., 8192) = 40
29384 11:50:09 clock_gettime(CLOCK_BOOTTIME, {612495, 992209961}) = 0
29384 11:50:09 clock_gettime(CLOCK_BOOTTIME, {612495, 992251692}) = 0
29384 11:50:09 select(7, [3 4], [5], NULL, NULL) = 1 (out [5])
29384 11:50:09 clock_gettime(CLOCK_BOOTTIME, {612495, 992348861}) = 0
29384 11:50:09 write(5, "\r\n", 2)      = 2
29384 11:50:09 clock_gettime(CLOCK_BOOTTIME, {612495, 992480252}) = 0
29384 11:50:09 clock_gettime(CLOCK_BOOTTIME, {612495, 992522881}) = 0
29384 11:50:09 select(7, [3 4], [], NULL, NULL) = 1 (in [3])
29384 11:50:09 clock_gettime(CLOCK_BOOTTIME, {612495, 996076208}) = 0
29384 11:50:09 read(3, "\375u\374\226?\317\247\276_\t\360\306\353y.\v:\rRq\301\220<(89\32\325\304p\370\6"..., 8192) = 56
29384 11:50:09 clock_gettime(CLOCK_BOOTTIME, {612495, 996174749}) = 0
29384 11:50:09 clock_gettime(CLOCK_BOOTTIME, {612495, 996216474}) = 0
29384 11:50:09 select(7, [3 4], [5], NULL, NULL) = 1 (out [5])
29384 11:50:09 clock_gettime(CLOCK_BOOTTIME, {612495, 996315345}) = 0
29384 11:50:09 write(5, "[root@ali-p2p-h5-1 ~]# ", 23) = 23
29384 11:50:09 clock_gettime(CLOCK_BOOTTIME, {612495, 996432930}) = 0
29384 11:50:09 clock_gettime(CLOCK_BOOTTIME, {612495, 996474944}) = 0
29384 11:50:09 select(7, [3 4], [], NULL, NULL) = 1 (in [4])
29384 11:50:09 clock_gettime(CLOCK_BOOTTIME, {612496, 167979546}) = 0
29384 11:50:09 read(4, "\r", 16384)     = 1
29384 11:50:09 clock_gettime(CLOCK_BOOTTIME, {612496, 168120171}) = 0
29384 11:50:09 clock_gettime(CLOCK_BOOTTIME, {612496, 168161802}) = 0
29384 11:50:09 select(7, [3 4], [3], NULL, NULL) = 1 (out [3])
29384 11:50:09 clock_gettime(CLOCK_BOOTTIME, {612496, 168252385}) = 0
29384 11:50:09 write(3, ")\223\206\347\321\367\307\333\276>ct\321\317\225\205j\372\315\262e\325=?C,\177\3259rx\332"..., 40) = 40
29384 11:50:09 clock_gettime(CLOCK_BOOTTIME, {612496, 168370037}) = 0
29384 11:50:09 clock_gettime(CLOCK_BOOTTIME, {612496, 168411490}) = 0
29384 11:50:09 select(7, [3 4], [], NULL, NULL) = 1 (in [3])
29384 11:50:09 clock_gettime(CLOCK_BOOTTIME, {612496, 170108109}) = 0
29384 11:50:09 read(3, "\362\243%@m\234\332~h\320\213\220Hf\303vE\344\274p\342!\272\246Y\252\311\0050L(\336"..., 8192) = 40
29384 11:50:09 clock_gettime(CLOCK_BOOTTIME, {612496, 170200818}) = 0
29384 11:50:09 clock_gettime(CLOCK_BOOTTIME, {612496, 170241645}) = 0
29384 11:50:09 select(7, [3 4], [5], NULL, NULL) = 1 (out [5])
29384 11:50:09 clock_gettime(CLOCK_BOOTTIME, {612496, 170338395}) = 0
29384 11:50:09 write(5, "\r\n", 2)      = 2
29384 11:50:09 clock_gettime(CLOCK_BOOTTIME, {612496, 170469622}) = 0
29384 11:50:09 clock_gettime(CLOCK_BOOTTIME, {612496, 170510565}) = 0
29384 11:50:09 select(7, [3 4], [], NULL, NULL) = 1 (in [3])
29384 11:50:09 clock_gettime(CLOCK_BOOTTIME, {612496, 174066971}) = 0
29384 11:50:09 read(3, "B\206\266|\211\350\222\241\243\224\320\354\344\22\4\212\24\262\333\233QL\16j\370\360S\374W\351\211_"..., 8192) = 56
29384 11:50:09 clock_gettime(CLOCK_BOOTTIME, {612496, 174161137}) = 0
29384 11:50:09 clock_gettime(CLOCK_BOOTTIME, {612496, 174203401}) = 0
29384 11:50:09 select(7, [3 4], [5], NULL, NULL) = 1 (out [5])
29384 11:50:09 clock_gettime(CLOCK_BOOTTIME, {612496, 174300992}) = 0
29384 11:50:09 write(5, "[root@ali-p2p-h5-1 ~]# ", 23) = 23
29384 11:50:09 clock_gettime(CLOCK_BOOTTIME, {612496, 174415333}) = 0
29384 11:50:09 clock_gettime(CLOCK_BOOTTIME, {612496, 174457070}) = 0
29384 11:50:09 select(7, [3 4], [], NULL, NULL) = 1 (in [3])
29384 11:53:09 clock_gettime(CLOCK_BOOTTIME, {612676, 173438833}) = 0
29384 11:53:09 read(3, "\t\214v2\355,\344[\203\343~\2220X\356\360\370\317J\226@?\27\256a\245M\306\373\277\177\247"..., 8192) = 232
29384 11:53:09 close(4)                 = 0
29384 11:53:09 clock_gettime(CLOCK_BOOTTIME, {612676, 173630527}) = 0
29384 11:53:09 clock_gettime(CLOCK_BOOTTIME, {612676, 173671368}) = 0
29384 11:53:09 select(7, [3], [5], NULL, NULL) = 1 (out [5])
29384 11:53:09 clock_gettime(CLOCK_BOOTTIME, {612676, 173760771}) = 0
29384 11:53:09 write(5, "\7timed out waiting for input: au"..., 43) = 43
29384 11:53:09 clock_gettime(CLOCK_BOOTTIME, {612676, 173851377}) = 0
29384 11:53:09 clock_gettime(CLOCK_BOOTTIME, {612676, 173872644}) = 0
29384 11:53:09 close(5)                 = 0
29384 11:53:09 ioctl(0, SNDCTL_TMR_STOP or TCSETSW, {B38400 opost isig icanon echo ...}) = 0
29384 11:53:09 close(6)                 = 0
29384 11:53:09 select(7, [3], [3], NULL, NULL) = 1 (out [3])
29384 11:53:09 clock_gettime(CLOCK_BOOTTIME, {612676, 174091968}) = 0
29384 11:53:09 write(3, "\37Fv\0MO\1{\277\312\367\200!\233\227\3423W\33\214\6~\243\365", 24) = 24
29384 11:53:09 rt_sigaction(SIGWINCH, NULL, {0x5608fec91c80, [], SA_RESTORER, 0x7ffac15fe270}, 8) = 0
29384 11:53:09 rt_sigaction(SIGWINCH, {SIG_DFL, [], SA_RESTORER, 0x7ffac15fe270}, NULL, 8) = 0
29384 11:53:09 write(3, "\226?\227%\342R\305kN]\244\30:$g\34\7\362\20#\36\10\216\236\334\222+\303I\202#\242"..., 56) = 56
29384 11:53:09 ioctl(0, TCGETS, {B38400 opost isig icanon echo ...}) = 0
29384 11:53:09 ioctl(1, TCGETS, {B38400 opost isig icanon echo ...}) = 0
29384 11:53:09 ioctl(2, TCGETS, {B38400 opost isig icanon echo ...}) = 0
29384 11:53:09 write(2, "Connection to 10.5.0.208 closed."..., 34) = 34
29384 11:53:09 shutdown(3, SHUT_RDWR)   = 0
29384 11:53:09 close(3)                 = 0
29384 11:53:09 write(1, "random tag:2flmogvspe", 21) = 21
29384 11:53:09 exit_group(0)            = ?
29384 11:53:09 +++ exited with 0 +++
