28241 11:31:31 select(4, [3], NULL, NULL, NULL) = 1 (in [3])
28241 11:31:31 read(3, "\0\0\1\224\10\37\0\0\1\201\0\323#\r#ur\354\351\371#Xq^\272\303\244\330\237-kM"..., 8192) = 408
28241 11:31:31 write(3, "\0\0\1\214\6 \0\0\1\200\32s4y@\32-z\301\274D\23\340\277\311\334\245\21\2\247<\250"..., 400) = 400
28241 11:31:31 select(4, [3], NULL, NULL, NULL) = 1 (in [3])
28241 11:31:31 read(3, "\0\0\3\274\n!\0\0\1\25\0\0\0\7ssh-rsa\0\0\0\1#\0\0\1\1\0\264"..., 8192) = 976
28241 11:31:31 open("/root/.ssh/known_hosts", O_RDONLY) = 4
28241 11:31:31 fstat(4, {st_mode=S_IFREG|0644, st_size=1177, ...}) = 0
28241 11:31:31 mmap(NULL, 4096, PROT_READ|PROT_WRITE, MAP_PRIVATE|MAP_ANONYMOUS, -1, 0) = 0x7f66ac598000
28241 11:31:31 read(4, "172.19.0.36 ssh-rsa AAAAB3NzaC1y"..., 4096) = 1177
28241 11:31:31 read(4, "", 4096)        = 0
28241 11:31:31 close(4)                 = 0
28241 11:31:31 munmap(0x7f66ac598000, 4096) = 0
28241 11:31:31 open("/root/.ssh/known_hosts2", O_RDONLY) = -1 ENOENT (No such file or directory)
28241 11:31:31 open("/usr/local/openssh/etc/ssh_known_hosts", O_RDONLY) = -1 ENOENT (No such file or directory)
28241 11:31:31 open("/usr/local/openssh/etc/ssh_known_hosts2", O_RDONLY) = -1 ENOENT (No such file or directory)
28241 11:31:31 clock_gettime(CLOCK_BOOTTIME, {611378, 244658234}) = 0
28241 11:31:31 write(3, "\0\0\0\f\n\25\0\0\0\0\0\0\0\0\0\0", 16) = 16
28241 11:31:31 write(3, "7\206k\303\342(\227\340\24\363u\353\36.\322G\221\313?\177\206\222\27r\376+\207\243\304\266k3"..., 40) = 40
28241 11:31:31 select(4, [3], NULL, NULL, NULL) = 1 (in [3])
28241 11:31:31 read(3, "Z\224\5\253%vX0M\224\247\207\324\354\353\3672\303\r\207t\306\231\0026\0\376\20\33F\0\234"..., 8192) = 40
28241 11:31:31 write(3, ",\357\305E'k\350\347\224\2061BqE\260\\\217 \307zC=\220\271\205\311CN\257\366\364\361"..., 56) = 56
28241 11:31:31 select(4, [3], NULL, NULL, NULL) = 1 (in [3])
28241 11:31:31 read(3, "\2268uR9\331\374\24\325\24\f\232b\\(\250\16)\331\317\255/\7\274x\34\207_^\\\v|"..., 8192) = 72
28241 11:31:31 stat("/root/.ssh/id_rsa", 0x7ffe393a57f0) = -1 ENOENT (No such file or directory)
28241 11:31:31 stat("/root/.ssh/id_dsa", 0x7ffe393a57f0) = -1 ENOENT (No such file or directory)
28241 11:31:31 stat("/root/.ssh/id_ecdsa", 0x7ffe393a57f0) = -1 ENOENT (No such file or directory)
28241 11:31:31 stat("/root/.ssh/id_ed25519", 0x7ffe393a57f0) = -1 ENOENT (No such file or directory)
28241 11:31:31 open("/dev/tty", O_RDWR) = 4
28241 11:31:31 close(4)                 = 0
28241 11:31:31 open("/dev/tty", O_RDWR) = 4
28241 11:31:31 ioctl(4, TCGETS, {B38400 opost isig icanon echo ...}) = 0
28241 11:31:31 ioctl(4, SNDCTL_TMR_CONTINUE or TCSETSF, {B38400 opost isig icanon -echo ...}) = 0
28241 11:31:31 rt_sigaction(SIGALRM, {0x55d1bd7540d0, [], SA_RESTORER, 0x7f66ab11d270}, {SIG_DFL, [], 0}, 8) = 0
28241 11:31:31 rt_sigaction(SIGHUP, {0x55d1bd7540d0, [], SA_RESTORER, 0x7f66ab11d270}, {SIG_DFL, [], 0}, 8) = 0
28241 11:31:31 rt_sigaction(SIGINT, {0x55d1bd7540d0, [], SA_RESTORER, 0x7f66ab11d270}, {SIG_DFL, [], 0}, 8) = 0
28241 11:31:31 rt_sigaction(SIGPIPE, {0x55d1bd7540d0, [], SA_RESTORER, 0x7f66ab11d270}, {SIG_IGN, [], SA_RESTORER, 0x7f66ab11d270}, 8) = 0
28241 11:31:31 rt_sigaction(SIGQUIT, {0x55d1bd7540d0, [], SA_RESTORER, 0x7f66ab11d270}, {SIG_DFL, [], 0}, 8) = 0
28241 11:31:31 rt_sigaction(SIGTERM, {0x55d1bd7540d0, [], SA_RESTORER, 0x7f66ab11d270}, {SIG_DFL, [], 0}, 8) = 0
28241 11:31:31 rt_sigaction(SIGTSTP, {0x55d1bd7540d0, [], SA_RESTORER, 0x7f66ab11d270}, {SIG_DFL, [], 0}, 8) = 0
28241 11:31:31 rt_sigaction(SIGTTIN, {0x55d1bd7540d0, [], SA_RESTORER, 0x7f66ab11d270}, {SIG_DFL, [], 0}, 8) = 0
28241 11:31:31 rt_sigaction(SIGTTOU, {0x55d1bd7540d0, [], SA_RESTORER, 0x7f66ab11d270}, {SIG_DFL, [], 0}, 8) = 0
28241 11:31:31 write(4, "root@10.5.0.208's password: ", 28) = 28
28241 11:31:31 read(4, "y", 1)          = 1
28241 11:31:31 read(4, "o", 1)          = 1
28241 11:31:31 read(4, "t", 1)          = 1
28241 11:31:31 read(4, "p", 1)          = 1
28241 11:31:31 read(4, "4", 1)          = 1
28241 11:31:31 read(4, "o", 1)          = 1
28241 11:31:31 read(4, "z", 1)          = 1
28241 11:31:31 read(4, "A", 1)          = 1
28241 11:31:31 read(4, "c", 1)          = 1
28241 11:31:31 read(4, "C", 1)          = 1
28241 11:31:31 read(4, "=", 1)          = 1
28241 11:31:31 read(4, "b", 1)          = 1
28241 11:31:31 read(4, "~", 1)          = 1
28241 11:31:31 read(4, "V", 1)          = 1
28241 11:31:31 read(4, "4", 1)          = 1
28241 11:31:31 read(4, "K", 1)          = 1
28241 11:31:31 read(4, "G", 1)          = 1
28241 11:31:31 read(4, "V", 1)          = 1
28241 11:31:31 read(4, "/", 1)          = 1
28241 11:31:31 read(4, "s", 1)          = 1
28241 11:31:31 read(4, "\n", 1)         = 1
28241 11:31:31 write(4, "\n", 1)        = 1
28241 11:31:31 ioctl(4, SNDCTL_TMR_CONTINUE or TCSETSF, {B38400 opost isig icanon echo ...}) = 0
28241 11:31:31 rt_sigaction(SIGALRM, {SIG_DFL, [], SA_RESTORER, 0x7f66ab11d270}, NULL, 8) = 0
28241 11:31:31 rt_sigaction(SIGHUP, {SIG_DFL, [], SA_RESTORER, 0x7f66ab11d270}, NULL, 8) = 0
28241 11:31:31 rt_sigaction(SIGINT, {SIG_DFL, [], SA_RESTORER, 0x7f66ab11d270}, NULL, 8) = 0
28241 11:31:31 rt_sigaction(SIGQUIT, {SIG_DFL, [], SA_RESTORER, 0x7f66ab11d270}, NULL, 8) = 0
28241 11:31:31 rt_sigaction(SIGPIPE, {SIG_IGN, [], SA_RESTORER, 0x7f66ab11d270}, NULL, 8) = 0
28241 11:31:31 rt_sigaction(SIGTERM, {SIG_DFL, [], SA_RESTORER, 0x7f66ab11d270}, NULL, 8) = 0
28241 11:31:31 rt_sigaction(SIGTSTP, {SIG_DFL, [], SA_RESTORER, 0x7f66ab11d270}, NULL, 8) = 0
28241 11:31:31 rt_sigaction(SIGTTIN, {SIG_DFL, [], SA_RESTORER, 0x7f66ab11d270}, NULL, 8) = 0
28241 11:31:31 rt_sigaction(SIGTTOU, {SIG_DFL, [], SA_RESTORER, 0x7f66ab11d270}, NULL, 8) = 0
28241 11:31:31 close(4)                 = 0
28241 11:31:31 write(3, "_c\376\332\304\214\304%\327\311\351\35\251k\22u\2553\271\254\301\371\357\2169\317\226>\333x\264\262"..., 136) = 136
28241 11:31:31 select(4, [3], NULL, NULL, NULL) = 1 (in [3])
28241 11:31:31 read(3, "?w\334\236\217Z\256S\310\37\307\26\n5\232r\316i/\313B'DK", 8192) = 24
28241 11:31:31 dup(0)                   = 4
28241 11:31:31 dup(1)                   = 5
28241 11:31:31 dup(2)                   = 6
28241 11:31:31 ioctl(4, TCGETS, {B38400 opost isig icanon echo ...}) = 0
28241 11:31:31 ioctl(5, TCGETS, {B38400 opost isig icanon echo ...}) = 0
28241 11:31:31 ioctl(6, TCGETS, {B38400 opost isig icanon echo ...}) = 0
28241 11:31:31 fcntl(4, F_SETFD, FD_CLOEXEC) = 0
28241 11:31:31 fcntl(5, F_SETFD, FD_CLOEXEC) = 0
28241 11:31:31 fcntl(6, F_SETFD, FD_CLOEXEC) = 0
28241 11:31:31 rt_sigaction(SIGHUP, NULL, {SIG_DFL, [], SA_RESTORER, 0x7f66ab11d270}, 8) = 0
28241 11:31:31 rt_sigaction(SIGHUP, {SIG_IGN, [], SA_RESTORER, 0x7f66ab11d270}, NULL, 8) = 0
28241 11:31:31 rt_sigaction(SIGHUP, NULL, {SIG_IGN, [], SA_RESTORER, 0x7f66ab11d270}, 8) = 0
28241 11:31:31 rt_sigaction(SIGHUP, {0x55d1bd6fc9f0, [], SA_RESTORER, 0x7f66ab11d270}, NULL, 8) = 0
28241 11:31:31 rt_sigaction(SIGINT, NULL, {SIG_DFL, [], SA_RESTORER, 0x7f66ab11d270}, 8) = 0
28241 11:31:31 rt_sigaction(SIGINT, {SIG_IGN, [], SA_RESTORER, 0x7f66ab11d270}, NULL, 8) = 0
28241 11:31:31 rt_sigaction(SIGINT, NULL, {SIG_IGN, [], SA_RESTORER, 0x7f66ab11d270}, 8) = 0
28241 11:31:31 rt_sigaction(SIGINT, {0x55d1bd6fc9f0, [], SA_RESTORER, 0x7f66ab11d270}, NULL, 8) = 0
28241 11:31:31 rt_sigaction(SIGQUIT, NULL, {SIG_DFL, [], SA_RESTORER, 0x7f66ab11d270}, 8) = 0
28241 11:31:31 rt_sigaction(SIGQUIT, {SIG_IGN, [], SA_RESTORER, 0x7f66ab11d270}, NULL, 8) = 0
28241 11:31:31 rt_sigaction(SIGQUIT, NULL, {SIG_IGN, [], SA_RESTORER, 0x7f66ab11d270}, 8) = 0
28241 11:31:31 rt_sigaction(SIGQUIT, {0x55d1bd6fc9f0, [], SA_RESTORER, 0x7f66ab11d270}, NULL, 8) = 0
28241 11:31:31 rt_sigaction(SIGTERM, NULL, {SIG_DFL, [], SA_RESTORER, 0x7f66ab11d270}, 8) = 0
28241 11:31:31 rt_sigaction(SIGTERM, {SIG_IGN, [], SA_RESTORER, 0x7f66ab11d270}, NULL, 8) = 0
28241 11:31:31 rt_sigaction(SIGTERM, NULL, {SIG_IGN, [], SA_RESTORER, 0x7f66ab11d270}, 8) = 0
28241 11:31:31 rt_sigaction(SIGTERM, {0x55d1bd6fc9f0, [], SA_RESTORER, 0x7f66ab11d270}, NULL, 8) = 0
28241 11:31:31 rt_sigaction(SIGWINCH, NULL, {SIG_DFL, [], 0}, 8) = 0
28241 11:31:31 rt_sigaction(SIGWINCH, {0x55d1bd6fcc80, [], SA_RESTORER, 0x7f66ab11d270}, NULL, 8) = 0
28241 11:31:31 ioctl(0, TCGETS, {B38400 opost isig icanon echo ...}) = 0
28241 11:31:31 ioctl(0, SNDCTL_TMR_STOP or TCSETSW, {B38400 -opost -isig -icanon -echo ...}) = 0
28241 11:31:31 clock_gettime(CLOCK_BOOTTIME, {611378, 313075351}) = 0
28241 11:31:31 clock_gettime(CLOCK_BOOTTIME, {611378, 313117423}) = 0
28241 11:31:31 select(7, [3], [3], NULL, NULL) = 1 (out [3])
28241 11:31:31 clock_gettime(CLOCK_BOOTTIME, {611378, 313201662}) = 0
28241 11:31:31 write(3, "\32\200\251\235+\216\374\231<\3264g@\37X\223.\373\315\351\317m\264\255d\7@\23\314\270\340\211"..., 112) = 112
28241 11:31:31 clock_gettime(CLOCK_BOOTTIME, {611378, 313291458}) = 0
28241 11:31:31 clock_gettime(CLOCK_BOOTTIME, {611378, 313330940}) = 0
28241 11:31:31 select(7, [3], [], NULL, NULL) = 1 (in [3])
28241 11:31:31 clock_gettime(CLOCK_BOOTTIME, {611378, 316825657}) = 0
28241 11:31:31 read(3, "\3242\200zu\3sZ<\340\302\2040\f\315%kG\r3\t\rH)\0355J\331\23\25\3\33"..., 8192) = 40
28241 11:31:31 getsockopt(3, SOL_TCP, TCP_NODELAY, [0], [4]) = 0
28241 11:31:31 setsockopt(3, SOL_TCP, TCP_NODELAY, [1], 4) = 0
28241 11:31:31 getsockname(3, {sa_family=AF_INET, sin_port=htons(59582), sin_addr=inet_addr("10.5.0.222")}, [16]) = 0
28241 11:31:31 setsockopt(3, SOL_IP, IP_TOS, [16], 4) = 0
28241 11:31:31 ioctl(0, TIOCGWINSZ, {ws_row=45, ws_col=132, ws_xpixel=0, ws_ypixel=0}) = 0
28241 11:31:31 clock_gettime(CLOCK_BOOTTIME, {611378, 317170613}) = 0
28241 11:31:31 clock_gettime(CLOCK_BOOTTIME, {611378, 317210413}) = 0
28241 11:31:31 select(7, [3], [3], NULL, NULL) = 1 (out [3])
28241 11:31:31 clock_gettime(CLOCK_BOOTTIME, {611378, 317292376}) = 0
28241 11:31:31 write(3, "\303\2\347\350n\27i\344\7\t\17]\371\244\256\333g\263\320\"`\311\206\35\242\2432\320\334\233\347\233"..., 368) = 368
28241 11:31:31 clock_gettime(CLOCK_BOOTTIME, {611378, 317387237}) = 0
28241 11:31:31 clock_gettime(CLOCK_BOOTTIME, {611378, 317426161}) = 0
28241 11:31:31 select(7, [3], [], NULL, NULL) = 1 (in [3])
28241 11:31:31 clock_gettime(CLOCK_BOOTTIME, {611378, 317908705}) = 0
28241 11:31:31 read(3, "\303\367)\35\207\tA\257\214\6V\200v^\231(\356\373\327\7\304|\353\315\36\371\230h\363\365N\246"..., 8192) = 88
28241 11:31:31 clock_gettime(CLOCK_BOOTTIME, {611378, 318008054}) = 0
28241 11:31:31 clock_gettime(CLOCK_BOOTTIME, {611378, 318046334}) = 0
28241 11:31:31 select(7, [3 4], [], NULL, NULL) = 1 (in [3])
28241 11:31:31 clock_gettime(CLOCK_BOOTTIME, {611378, 322555946}) = 0
28241 11:31:31 read(3, "u:\327F\33$\376\221\234\357!\244\221\341`\325\234!\253\2024\232w.\242\261\366:\300\322\37@"..., 8192) = 152
28241 11:31:31 clock_gettime(CLOCK_BOOTTIME, {611378, 322647118}) = 0
28241 11:31:31 clock_gettime(CLOCK_BOOTTIME, {611378, 322686235}) = 0
28241 11:31:31 select(7, [3 4], [5], NULL, NULL) = 1 (out [5])
28241 11:31:31 clock_gettime(CLOCK_BOOTTIME, {611378, 322771775}) = 0
28241 11:31:31 write(5, "Last login: Thu Jun 21 19:19:12 "..., 111) = 111
28241 11:31:31 clock_gettime(CLOCK_BOOTTIME, {611378, 322905660}) = 0
28241 11:31:31 clock_gettime(CLOCK_BOOTTIME, {611378, 322945917}) = 0
28241 11:31:31 select(7, [3 4], [], NULL, NULL) = 1 (in [3])
28241 11:31:31 clock_gettime(CLOCK_BOOTTIME, {611378, 338590872}) = 0
28241 11:31:31 read(3, "\355\330Xz\356\256&\264\256\265E\242*\301\275g\v\317\322)4\340\\\371\263,\6\10\231\257\215`"..., 8192) = 56
28241 11:31:31 clock_gettime(CLOCK_BOOTTIME, {611378, 338686397}) = 0
28241 11:31:31 clock_gettime(CLOCK_BOOTTIME, {611378, 338724648}) = 0
28241 11:31:31 select(7, [3 4], [5], NULL, NULL) = 1 (out [5])
28241 11:31:31 clock_gettime(CLOCK_BOOTTIME, {611378, 338808839}) = 0
28241 11:31:31 write(5, "[root@ali-p2p-h5-1 ~]# ", 23) = 23
28241 11:31:31 clock_gettime(CLOCK_BOOTTIME, {611378, 338932675}) = 0
28241 11:31:31 clock_gettime(CLOCK_BOOTTIME, {611378, 338972164}) = 0
28241 11:31:31 select(7, [3 4], [], NULL, NULL) = 1 (in [4])
28241 11:32:20 clock_gettime(CLOCK_BOOTTIME, {611426, 608322509}) = 0
28241 11:32:20 read(4, "\33[A", 16384)  = 3
28241 11:32:20 clock_gettime(CLOCK_BOOTTIME, {611426, 608450597}) = 0
28241 11:32:20 clock_gettime(CLOCK_BOOTTIME, {611426, 608503976}) = 0
28241 11:32:20 select(7, [3 4], [3], NULL, NULL) = 1 (out [3])
28241 11:32:20 clock_gettime(CLOCK_BOOTTIME, {611426, 608594852}) = 0
28241 11:32:20 write(3, "\215b\6\"C\352r\251L\33\300(\231\351~\233\276\35\215\201\367\0063\246Y\344o\322j\356\201."..., 40) = 40
28241 11:32:20 clock_gettime(CLOCK_BOOTTIME, {611426, 608702460}) = 0
28241 11:32:20 clock_gettime(CLOCK_BOOTTIME, {611426, 608743749}) = 0
28241 11:32:20 select(7, [3 4], [], NULL, NULL) = 1 (in [3])
28241 11:32:20 clock_gettime(CLOCK_BOOTTIME, {611426, 610602484}) = 0
28241 11:32:20 read(3, "\26\31\366\353\215\322\200\16+\21\376j\276b\264\305MB\242\346\241H\352\332\277\241B\221\203a\17\226"..., 8192) = 40
28241 11:32:20 clock_gettime(CLOCK_BOOTTIME, {611426, 610693828}) = 0
28241 11:32:20 clock_gettime(CLOCK_BOOTTIME, {611426, 610734603}) = 0
28241 11:32:20 select(7, [3 4], [5], NULL, NULL) = 1 (out [5])
28241 11:32:20 clock_gettime(CLOCK_BOOTTIME, {611426, 610823098}) = 0
28241 11:32:20 write(5, "exit", 4)      = 4
28241 11:32:20 clock_gettime(CLOCK_BOOTTIME, {611426, 610957038}) = 0
28241 11:32:20 clock_gettime(CLOCK_BOOTTIME, {611426, 610998752}) = 0
28241 11:32:20 select(7, [3 4], [], NULL, NULL) = 1 (in [4])
28241 11:32:20 clock_gettime(CLOCK_BOOTTIME, {611426, 891539823}) = 0
28241 11:32:20 read(4, "\33[A", 16384)  = 3
28241 11:32:20 clock_gettime(CLOCK_BOOTTIME, {611426, 891659197}) = 0
28241 11:32:20 clock_gettime(CLOCK_BOOTTIME, {611426, 891701429}) = 0
28241 11:32:20 select(7, [3 4], [3], NULL, NULL) = 1 (out [3])
28241 11:32:20 clock_gettime(CLOCK_BOOTTIME, {611426, 891793840}) = 0
28241 11:32:20 write(3, "\365!J\257\16\226\r\2\2b\n\220\331\304\36c\5\"\3452\246]a\214\270S2\343\7\316/\213"..., 40) = 40
28241 11:32:20 clock_gettime(CLOCK_BOOTTIME, {611426, 891903031}) = 0
28241 11:32:20 clock_gettime(CLOCK_BOOTTIME, {611426, 891944843}) = 0
28241 11:32:20 select(7, [3 4], [], NULL, NULL) = 1 (in [3])
28241 11:32:20 clock_gettime(CLOCK_BOOTTIME, {611426, 894589791}) = 0
28241 11:32:20 read(3, "Kc\2227\263\317\344\231\207b\257\177\200L\22\255t\311\345{s\241\230\36\201h\253\255\301t\226r"..., 8192) = 40
28241 11:32:20 clock_gettime(CLOCK_BOOTTIME, {611426, 894689791}) = 0
28241 11:32:20 clock_gettime(CLOCK_BOOTTIME, {611426, 894731143}) = 0
28241 11:32:20 select(7, [3 4], [5], NULL, NULL) = 1 (out [5])
28241 11:32:20 clock_gettime(CLOCK_BOOTTIME, {611426, 894819598}) = 0
28241 11:32:20 write(5, "\10\10\10\10ls\33[K", 9) = 9
28241 11:32:20 clock_gettime(CLOCK_BOOTTIME, {611426, 894950546}) = 0
28241 11:32:20 clock_gettime(CLOCK_BOOTTIME, {611426, 894993418}) = 0
28241 11:32:20 select(7, [3 4], [], NULL, NULL) = 1 (in [4])
28241 11:32:20 clock_gettime(CLOCK_BOOTTIME, {611427, 235637412}) = 0
28241 11:32:20 read(4, "\33[A", 16384)  = 3
28241 11:32:20 clock_gettime(CLOCK_BOOTTIME, {611427, 235755930}) = 0
28241 11:32:20 clock_gettime(CLOCK_BOOTTIME, {611427, 235799062}) = 0
28241 11:32:20 select(7, [3 4], [3], NULL, NULL) = 1 (out [3])
28241 11:32:20 clock_gettime(CLOCK_BOOTTIME, {611427, 235891573}) = 0
28241 11:32:20 write(3, "b\204\370\332,\1\201\306\252\312\267\277\300[Z\35\201\2716\22\356\377\320\345\232\375\371\361\306\276\33Y"..., 40) = 40
28241 11:32:20 clock_gettime(CLOCK_BOOTTIME, {611427, 235997074}) = 0
28241 11:32:20 clock_gettime(CLOCK_BOOTTIME, {611427, 236051765}) = 0
28241 11:32:20 select(7, [3 4], [], NULL, NULL) = 1 (in [3])
28241 11:32:20 clock_gettime(CLOCK_BOOTTIME, {611427, 237594180}) = 0
28241 11:32:20 read(3, "\333\321\0366\243\212\10\253\344\nZ\205\376y $\f[\25_u#\326x\256$\16\2_q\n\7"..., 8192) = 40
28241 11:32:20 clock_gettime(CLOCK_BOOTTIME, {611427, 237683668}) = 0
28241 11:32:20 clock_gettime(CLOCK_BOOTTIME, {611427, 237723304}) = 0
28241 11:32:20 select(7, [3 4], [5], NULL, NULL) = 1 (out [5])
28241 11:32:20 clock_gettime(CLOCK_BOOTTIME, {611427, 237808890}) = 0
28241 11:32:20 write(5, "\10\10exit", 6) = 6
28241 11:32:20 clock_gettime(CLOCK_BOOTTIME, {611427, 237935149}) = 0
28241 11:32:20 clock_gettime(CLOCK_BOOTTIME, {611427, 237976112}) = 0
28241 11:32:20 select(7, [3 4], [], NULL, NULL) = 1 (in [4])
28241 11:32:20 clock_gettime(CLOCK_BOOTTIME, {611427, 548581178}) = 0
28241 11:32:20 read(4, "\33[A", 16384)  = 3
28241 11:32:20 clock_gettime(CLOCK_BOOTTIME, {611427, 548708309}) = 0
28241 11:32:20 clock_gettime(CLOCK_BOOTTIME, {611427, 548750133}) = 0
28241 11:32:20 select(7, [3 4], [3], NULL, NULL) = 1 (out [3])
28241 11:32:20 clock_gettime(CLOCK_BOOTTIME, {611427, 548839922}) = 0
28241 11:32:20 write(3, "\302\243\343\3265'\371k\26\24\350\211@[\270\315~Es\344\30\342\345\203\17\314\311v:\230\f7"..., 40) = 40
28241 11:32:20 clock_gettime(CLOCK_BOOTTIME, {611427, 548944920}) = 0
28241 11:32:20 clock_gettime(CLOCK_BOOTTIME, {611427, 548984784}) = 0
28241 11:32:20 select(7, [3 4], [], NULL, NULL) = 1 (in [3])
28241 11:32:20 clock_gettime(CLOCK_BOOTTIME, {611427, 550589863}) = 0
28241 11:32:20 read(3, "X4\243H\272d\342\222\20x\237\371\260\253\276\214\2230W\232Z@55327\n\205\0069q"..., 8192) = 40
28241 11:32:20 clock_gettime(CLOCK_BOOTTIME, {611427, 550682160}) = 0
28241 11:32:20 clock_gettime(CLOCK_BOOTTIME, {611427, 550721833}) = 0
28241 11:32:20 select(7, [3 4], [5], NULL, NULL) = 1 (out [5])
28241 11:32:20 clock_gettime(CLOCK_BOOTTIME, {611427, 550806472}) = 0
28241 11:32:20 write(5, "\10\10\10\10ifconfig", 12) = 12
28241 11:32:20 clock_gettime(CLOCK_BOOTTIME, {611427, 550932268}) = 0
28241 11:32:20 clock_gettime(CLOCK_BOOTTIME, {611427, 550973892}) = 0
28241 11:32:20 select(7, [3 4], [], NULL, NULL) = 1 (in [4])
28241 11:32:21 clock_gettime(CLOCK_BOOTTIME, {611427, 892351321}) = 0
28241 11:32:21 read(4, "\33[A", 16384)  = 3
28241 11:32:21 clock_gettime(CLOCK_BOOTTIME, {611427, 892510765}) = 0
28241 11:32:21 clock_gettime(CLOCK_BOOTTIME, {611427, 892553782}) = 0
28241 11:32:21 select(7, [3 4], [3], NULL, NULL) = 1 (out [3])
28241 11:32:21 clock_gettime(CLOCK_BOOTTIME, {611427, 892646411}) = 0
28241 11:32:21 write(3, "\355q\312\264\243^\245\3V\260a\"0^8\224[hX99\263\311|\371\177\30t\236\202\235\325"..., 40) = 40
28241 11:32:21 clock_gettime(CLOCK_BOOTTIME, {611427, 892754945}) = 0
28241 11:32:21 clock_gettime(CLOCK_BOOTTIME, {611427, 892796453}) = 0
28241 11:32:21 select(7, [3 4], [], NULL, NULL) = 1 (in [3])
28241 11:32:21 clock_gettime(CLOCK_BOOTTIME, {611427, 895600287}) = 0
28241 11:32:21 read(3, "\32\225$^~?5k\25\263\353P\322\372\224W^.[\353\346\210\357\256\341\324~\0278\252\361\205"..., 8192) = 56
28241 11:32:21 clock_gettime(CLOCK_BOOTTIME, {611427, 895696550}) = 0
28241 11:32:21 clock_gettime(CLOCK_BOOTTIME, {611427, 895737089}) = 0
28241 11:32:21 select(7, [3 4], [5], NULL, NULL) = 1 (out [5])
28241 11:32:21 clock_gettime(CLOCK_BOOTTIME, {611427, 895827101}) = 0
28241 11:32:21 write(5, "\10\10\10\10\10\10\10\10exit\33[K", 15) = 15
28241 11:32:21 clock_gettime(CLOCK_BOOTTIME, {611427, 895962986}) = 0
28241 11:32:21 clock_gettime(CLOCK_BOOTTIME, {611427, 896014100}) = 0
28241 11:32:21 select(7, [3 4], [], NULL, NULL) = 1 (in [4])
28241 11:32:21 clock_gettime(CLOCK_BOOTTIME, {611428, 219839613}) = 0
28241 11:32:21 read(4, "\33[A", 16384)  = 3
28241 11:32:21 clock_gettime(CLOCK_BOOTTIME, {611428, 219957617}) = 0
28241 11:32:21 clock_gettime(CLOCK_BOOTTIME, {611428, 219997298}) = 0
28241 11:32:21 select(7, [3 4], [3], NULL, NULL) = 1 (out [3])
28241 11:32:21 clock_gettime(CLOCK_BOOTTIME, {611428, 220102695}) = 0
28241 11:32:21 write(3, "\342\235`\343\322(h\245\20\34\353p/\233nk\332\0341\223\343\34,P\267\331\350-\227\314\232\316"..., 40) = 40
28241 11:32:21 clock_gettime(CLOCK_BOOTTIME, {611428, 220207022}) = 0
28241 11:32:21 clock_gettime(CLOCK_BOOTTIME, {611428, 220245641}) = 0
28241 11:32:21 select(7, [3 4], [], NULL, NULL) = 1 (in [3])
28241 11:32:21 clock_gettime(CLOCK_BOOTTIME, {611428, 221593705}) = 0
28241 11:32:21 read(3, "\35\vSgf\303\265\317\231E\202\177\177P\10:~\f\22\362\313\272\f\17\236P\302\303\240\213\243#"..., 8192) = 40
28241 11:32:21 clock_gettime(CLOCK_BOOTTIME, {611428, 221686524}) = 0
28241 11:32:21 clock_gettime(CLOCK_BOOTTIME, {611428, 221729249}) = 0
28241 11:32:21 select(7, [3 4], [5], NULL, NULL) = 1 (out [5])
28241 11:32:21 clock_gettime(CLOCK_BOOTTIME, {611428, 221817045}) = 0
28241 11:32:21 write(5, "\10\10\10\10   fasd", 11) = 11
28241 11:32:21 clock_gettime(CLOCK_BOOTTIME, {611428, 221965724}) = 0
28241 11:32:21 clock_gettime(CLOCK_BOOTTIME, {611428, 222024934}) = 0
28241 11:32:21 select(7, [3 4], [], NULL, NULL) = 1 (in [4])
28241 11:32:21 clock_gettime(CLOCK_BOOTTIME, {611428, 565048456}) = 0
28241 11:32:21 read(4, "\33[A", 16384)  = 3
28241 11:32:21 clock_gettime(CLOCK_BOOTTIME, {611428, 565167875}) = 0
28241 11:32:21 clock_gettime(CLOCK_BOOTTIME, {611428, 565209862}) = 0
28241 11:32:21 select(7, [3 4], [3], NULL, NULL) = 1 (out [3])
28241 11:32:21 clock_gettime(CLOCK_BOOTTIME, {611428, 565303298}) = 0
28241 11:32:21 write(3, "\266\212\2306\360\356Y\357\300\312h\357p\301\272\317\265\33;\0276m\253\350%\2q\201#*\3\206"..., 40) = 40
28241 11:32:21 clock_gettime(CLOCK_BOOTTIME, {611428, 565413382}) = 0
28241 11:32:21 clock_gettime(CLOCK_BOOTTIME, {611428, 565454682}) = 0
28241 11:32:21 select(7, [3 4], [], NULL, NULL) = 1 (in [3])
28241 11:32:21 clock_gettime(CLOCK_BOOTTIME, {611428, 567594642}) = 0
28241 11:32:21 read(3, "\2016\377:~\352bgt*\337\210\204\34\367}\3029q\21\223\200\25\217\343\211Gv\343\357\35<"..., 8192) = 40
28241 11:32:21 clock_gettime(CLOCK_BOOTTIME, {611428, 567685462}) = 0
28241 11:32:21 clock_gettime(CLOCK_BOOTTIME, {611428, 567726481}) = 0
28241 11:32:21 select(7, [3 4], [5], NULL, NULL) = 1 (out [5])
28241 11:32:21 clock_gettime(CLOCK_BOOTTIME, {611428, 567814515}) = 0
28241 11:32:21 write(5, "\10\10\10\10\10\10\10exit\33[K", 14) = 14
28241 11:32:21 clock_gettime(CLOCK_BOOTTIME, {611428, 567946715}) = 0
28241 11:32:21 clock_gettime(CLOCK_BOOTTIME, {611428, 567988440}) = 0
28241 11:32:21 select(7, [3 4], [], NULL, NULL) = 1 (in [4])
28241 11:32:22 clock_gettime(CLOCK_BOOTTIME, {611428, 908243300}) = 0
28241 11:32:22 read(4, "\33[A", 16384)  = 3
28241 11:32:22 clock_gettime(CLOCK_BOOTTIME, {611428, 908369887}) = 0
28241 11:32:22 clock_gettime(CLOCK_BOOTTIME, {611428, 908412655}) = 0
28241 11:32:22 select(7, [3 4], [3], NULL, NULL) = 1 (out [3])
28241 11:32:22 clock_gettime(CLOCK_BOOTTIME, {611428, 908504195}) = 0
28241 11:32:22 write(3, "\36\330\264\376\212\225t\330M\232\276\222\330`\37d\212r\257\304bDf\262\7O6Y\220An&"..., 40) = 40
28241 11:32:22 clock_gettime(CLOCK_BOOTTIME, {611428, 908615021}) = 0
28241 11:32:22 clock_gettime(CLOCK_BOOTTIME, {611428, 908656551}) = 0
28241 11:32:22 select(7, [3 4], [], NULL, NULL) = 1 (in [3])
28241 11:32:22 clock_gettime(CLOCK_BOOTTIME, {611428, 910598017}) = 0
28241 11:32:22 read(3, "\32\332\35\227\252\271U\316a\3378\250\304\247[\256\216\355\326wT\334\205v3\352\234\243>\0\235\267"..., 8192) = 40
28241 11:32:22 clock_gettime(CLOCK_BOOTTIME, {611428, 910690541}) = 0
28241 11:32:22 clock_gettime(CLOCK_BOOTTIME, {611428, 910731755}) = 0
28241 11:32:22 select(7, [3 4], [5], NULL, NULL) = 1 (out [5])
28241 11:32:22 clock_gettime(CLOCK_BOOTTIME, {611428, 910820252}) = 0
28241 11:32:22 write(5, "\10\10\10\10ifconfig", 12) = 12
28241 11:32:22 clock_gettime(CLOCK_BOOTTIME, {611428, 910953737}) = 0
28241 11:32:22 clock_gettime(CLOCK_BOOTTIME, {611428, 910995521}) = 0
28241 11:32:22 select(7, [3 4], [], NULL, NULL) = 1 (in [4])
28241 11:32:22 clock_gettime(CLOCK_BOOTTIME, {611429, 267795947}) = 0
28241 11:32:22 read(4, "\33[A", 16384)  = 3
28241 11:32:22 clock_gettime(CLOCK_BOOTTIME, {611429, 267922964}) = 0
28241 11:32:22 clock_gettime(CLOCK_BOOTTIME, {611429, 267963805}) = 0
28241 11:32:22 select(7, [3 4], [3], NULL, NULL) = 1 (out [3])
28241 11:32:22 clock_gettime(CLOCK_BOOTTIME, {611429, 268081340}) = 0
28241 11:32:22 write(3, "u;D\253\337-h\340\n\37\215\221\315O\377\230\7\374\250\204\374\205\236\246\262K\237\307#\322>L"..., 40) = 40
28241 11:32:22 clock_gettime(CLOCK_BOOTTIME, {611429, 268189657}) = 0
28241 11:32:22 clock_gettime(CLOCK_BOOTTIME, {611429, 268231455}) = 0
28241 11:32:22 select(7, [3 4], [], NULL, NULL) = 1 (in [3])
28241 11:32:22 clock_gettime(CLOCK_BOOTTIME, {611429, 269597137}) = 0
28241 11:32:22 read(3, "\362\223R\310\35-p\215\337\307\250\254\366I\221\334\320\232\201\21\245\266#,\35j#P\0\262\332\217"..., 8192) = 56
28241 11:32:22 clock_gettime(CLOCK_BOOTTIME, {611429, 269704060}) = 0
28241 11:32:22 clock_gettime(CLOCK_BOOTTIME, {611429, 269744839}) = 0
28241 11:32:22 select(7, [3 4], [5], NULL, NULL) = 1 (out [5])
28241 11:32:22 clock_gettime(CLOCK_BOOTTIME, {611429, 269831835}) = 0
28241 11:32:22 write(5, "\10\10\10\10\10\10\10\10exit\33[K", 15) = 15
28241 11:32:22 clock_gettime(CLOCK_BOOTTIME, {611429, 269965476}) = 0
28241 11:32:22 clock_gettime(CLOCK_BOOTTIME, {611429, 270024088}) = 0
28241 11:32:22 select(7, [3 4], [], NULL, NULL) = 1 (in [4])
28241 11:32:23 clock_gettime(CLOCK_BOOTTIME, {611429, 607177855}) = 0
28241 11:32:23 read(4, "\33[A", 16384)  = 3
28241 11:32:23 clock_gettime(CLOCK_BOOTTIME, {611429, 607303978}) = 0
28241 11:32:23 clock_gettime(CLOCK_BOOTTIME, {611429, 607345992}) = 0
28241 11:32:23 select(7, [3 4], [3], NULL, NULL) = 1 (out [3])
28241 11:32:23 clock_gettime(CLOCK_BOOTTIME, {611429, 607437121}) = 0
28241 11:32:23 write(3, "\361s\10H\36\265\253kg\247\336\324\2\2370\275\220\203\250I\"\256pa\250\276RkHld\251"..., 40) = 40
28241 11:32:23 clock_gettime(CLOCK_BOOTTIME, {611429, 607546915}) = 0
28241 11:32:23 clock_gettime(CLOCK_BOOTTIME, {611429, 607588904}) = 0
28241 11:32:23 select(7, [3 4], [], NULL, NULL) = 1 (in [3])
28241 11:32:23 clock_gettime(CLOCK_BOOTTIME, {611429, 609599539}) = 0
28241 11:32:23 read(3, "\226\0\177_( GHbv\33\r\21\302-+\31K\32\3174\214I\326\372\305\372\331\252\rlR"..., 8192) = 40
28241 11:32:23 clock_gettime(CLOCK_BOOTTIME, {611429, 609691919}) = 0
28241 11:32:23 clock_gettime(CLOCK_BOOTTIME, {611429, 609731925}) = 0
28241 11:32:23 select(7, [3 4], [5], NULL, NULL) = 1 (out [5])
28241 11:32:23 clock_gettime(CLOCK_BOOTTIME, {611429, 609819574}) = 0
28241 11:32:23 write(5, "\10\10\10\10ifconfig", 12) = 12
28241 11:32:23 clock_gettime(CLOCK_BOOTTIME, {611429, 609950345}) = 0
28241 11:32:23 clock_gettime(CLOCK_BOOTTIME, {611429, 609992408}) = 0
28241 11:32:23 select(7, [3 4], [], NULL, NULL) = 1 (in [4])
28241 11:32:23 clock_gettime(CLOCK_BOOTTIME, {611429, 907819786}) = 0
28241 11:32:23 read(4, "\33[A", 16384)  = 3
28241 11:32:23 clock_gettime(CLOCK_BOOTTIME, {611429, 907932160}) = 0
28241 11:32:23 clock_gettime(CLOCK_BOOTTIME, {611429, 907975180}) = 0
28241 11:32:23 select(7, [3 4], [3], NULL, NULL) = 1 (out [3])
28241 11:32:23 clock_gettime(CLOCK_BOOTTIME, {611429, 908086774}) = 0
28241 11:32:23 write(3, "\2364\257T\16J\205U\200e\246/\223c\351\314{\272\355\370\247\10\277\213^\352\212t\355\324\6 "..., 40) = 40
28241 11:32:23 clock_gettime(CLOCK_BOOTTIME, {611429, 908194391}) = 0
28241 11:32:23 clock_gettime(CLOCK_BOOTTIME, {611429, 908235203}) = 0
28241 11:32:23 select(7, [3 4], [], NULL, NULL) = 1 (in [3])
28241 11:32:23 clock_gettime(CLOCK_BOOTTIME, {611429, 909594437}) = 0
28241 11:32:23 read(3, "\271\255mC\255\351\366lz\260\333\347\347\n\356\33\352\35\7\304v\265\217\352\276\224\2637X\253m\352"..., 8192) = 56
28241 11:32:23 clock_gettime(CLOCK_BOOTTIME, {611429, 909689189}) = 0
28241 11:32:23 clock_gettime(CLOCK_BOOTTIME, {611429, 909729828}) = 0
28241 11:32:23 select(7, [3 4], [5], NULL, NULL) = 1 (out [5])
28241 11:32:23 clock_gettime(CLOCK_BOOTTIME, {611429, 909816906}) = 0
28241 11:32:23 write(5, "\10\10\10\10\10\10\10\10exit\33[K", 15) = 15
28241 11:32:23 clock_gettime(CLOCK_BOOTTIME, {611429, 909946271}) = 0
28241 11:32:23 clock_gettime(CLOCK_BOOTTIME, {611429, 909987798}) = 0
28241 11:32:23 select(7, [3 4], [], NULL, NULL) = 1 (in [4])
28241 11:32:23 clock_gettime(CLOCK_BOOTTIME, {611430, 214107563}) = 0
28241 11:32:23 read(4, "\33[A", 16384)  = 3
28241 11:32:23 clock_gettime(CLOCK_BOOTTIME, {611430, 214258937}) = 0
28241 11:32:23 clock_gettime(CLOCK_BOOTTIME, {611430, 214301897}) = 0
28241 11:32:23 select(7, [3 4], [3], NULL, NULL) = 1 (out [3])
28241 11:32:23 clock_gettime(CLOCK_BOOTTIME, {611430, 214396706}) = 0
28241 11:32:23 write(3, "-W\0`F\363\23\275u\215S\202\5q*l\v\202\35A\355\fD\343`b\344G0\0301p"..., 40) = 40
28241 11:32:23 clock_gettime(CLOCK_BOOTTIME, {611430, 214506643}) = 0
28241 11:32:23 clock_gettime(CLOCK_BOOTTIME, {611430, 214547531}) = 0
28241 11:32:23 select(7, [3 4], [], NULL, NULL) = 1 (in [3])
28241 11:32:23 clock_gettime(CLOCK_BOOTTIME, {611430, 216594204}) = 0
28241 11:32:23 read(3, ")\6\223\33\241\1\237\v\223\363\236\20d\246\250\235\332\320\26!n\3564\5d\200\201\270|\20X."..., 8192) = 40
28241 11:32:23 clock_gettime(CLOCK_BOOTTIME, {611430, 216689899}) = 0
28241 11:32:23 clock_gettime(CLOCK_BOOTTIME, {611430, 216733196}) = 0
28241 11:32:23 select(7, [3 4], [5], NULL, NULL) = 1 (out [5])
28241 11:32:23 clock_gettime(CLOCK_BOOTTIME, {611430, 216823392}) = 0
28241 11:32:23 write(5, "\10\10\10\10ls\33[K", 9) = 9
28241 11:32:23 clock_gettime(CLOCK_BOOTTIME, {611430, 216964833}) = 0
28241 11:32:23 clock_gettime(CLOCK_BOOTTIME, {611430, 217015594}) = 0
28241 11:32:23 select(7, [3 4], [], NULL, NULL) = 1 (in [4])
28241 11:32:23 clock_gettime(CLOCK_BOOTTIME, {611430, 493418797}) = 0
28241 11:32:23 read(4, "\33[A", 16384)  = 3
28241 11:32:23 clock_gettime(CLOCK_BOOTTIME, {611430, 493536894}) = 0
28241 11:32:23 clock_gettime(CLOCK_BOOTTIME, {611430, 493578603}) = 0
28241 11:32:23 select(7, [3 4], [3], NULL, NULL) = 1 (out [3])
28241 11:32:23 clock_gettime(CLOCK_BOOTTIME, {611430, 493670387}) = 0
28241 11:32:23 write(3, "*X\36\17G\337l1K\25\215\23\2QG\342w\337]\330\2041\301zF\27D5r\210\31M"..., 40) = 40
28241 11:32:23 clock_gettime(CLOCK_BOOTTIME, {611430, 493776925}) = 0
28241 11:32:23 clock_gettime(CLOCK_BOOTTIME, {611430, 493819279}) = 0
28241 11:32:23 select(7, [3 4], [], NULL, NULL) = 1 (in [3])
28241 11:32:23 clock_gettime(CLOCK_BOOTTIME, {611430, 495605775}) = 0
28241 11:32:23 read(3, "\25\23\271\366\224\205,\36K\367K\t\261\222\"\202\324x\357\320\24x6\243\34o\340\345\337H\10\n"..., 8192) = 40
28241 11:32:23 clock_gettime(CLOCK_BOOTTIME, {611430, 495698057}) = 0
28241 11:32:23 clock_gettime(CLOCK_BOOTTIME, {611430, 495740269}) = 0
28241 11:32:23 select(7, [3 4], [5], NULL, NULL) = 1 (out [5])
28241 11:32:23 clock_gettime(CLOCK_BOOTTIME, {611430, 495842841}) = 0
28241 11:32:23 write(5, "dafasd", 6)    = 6
28241 11:32:23 clock_gettime(CLOCK_BOOTTIME, {611430, 495963394}) = 0
28241 11:32:23 clock_gettime(CLOCK_BOOTTIME, {611430, 496016051}) = 0
28241 11:32:23 select(7, [3 4], [], NULL, NULL) = 1 (in [4])
28241 11:32:24 clock_gettime(CLOCK_BOOTTIME, {611430, 757462956}) = 0
28241 11:32:24 read(4, "\33[A", 16384)  = 3
28241 11:32:24 clock_gettime(CLOCK_BOOTTIME, {611430, 757585394}) = 0
28241 11:32:24 clock_gettime(CLOCK_BOOTTIME, {611430, 757628957}) = 0
28241 11:32:24 select(7, [3 4], [3], NULL, NULL) = 1 (out [3])
28241 11:32:24 clock_gettime(CLOCK_BOOTTIME, {611430, 757720397}) = 0
28241 11:32:24 write(3, "\353\203SL8\n\262\3717$.?H.\377\327K\24\216\371\320\31g]\201\17\341\373\337+\247\225"..., 40) = 40
28241 11:32:24 clock_gettime(CLOCK_BOOTTIME, {611430, 757829782}) = 0
28241 11:32:24 clock_gettime(CLOCK_BOOTTIME, {611430, 757870671}) = 0
28241 11:32:24 select(7, [3 4], [], NULL, NULL) = 1 (in [3])
28241 11:32:24 clock_gettime(CLOCK_BOOTTIME, {611430, 759597692}) = 0
28241 11:32:24 read(3, "9\312\262k2\265Q3q\n\371\305]^p\352\355\335\30\333\210D\265\20%-Z\334\340\330\236\232"..., 8192) = 56
28241 11:32:24 clock_gettime(CLOCK_BOOTTIME, {611430, 759690329}) = 0
28241 11:32:24 clock_gettime(CLOCK_BOOTTIME, {611430, 759731741}) = 0
28241 11:32:24 select(7, [3 4], [5], NULL, NULL) = 1 (out [5])
28241 11:32:24 clock_gettime(CLOCK_BOOTTIME, {611430, 759819368}) = 0
28241 11:32:24 write(5, "\10\10\10\10\10\10\10\10ifconfig", 16) = 16
28241 11:32:24 clock_gettime(CLOCK_BOOTTIME, {611430, 759951670}) = 0
28241 11:32:24 clock_gettime(CLOCK_BOOTTIME, {611430, 759993629}) = 0
28241 11:32:24 select(7, [3 4], [], NULL, NULL) = 1 (in [4])
28241 11:32:24 clock_gettime(CLOCK_BOOTTIME, {611431, 25474295}) = 0
28241 11:32:24 read(4, "\33[A", 16384)  = 3
28241 11:32:24 clock_gettime(CLOCK_BOOTTIME, {611431, 25605457}) = 0
28241 11:32:24 clock_gettime(CLOCK_BOOTTIME, {611431, 25647072}) = 0
28241 11:32:24 select(7, [3 4], [3], NULL, NULL) = 1 (out [3])
28241 11:32:24 clock_gettime(CLOCK_BOOTTIME, {611431, 25738073}) = 0
28241 11:32:24 write(3, "X\275\263\17/\347\36py\365\311 \250\343Z\272\237\302;\246Y@Z\242}\255I\"P(\363h"..., 40) = 40
28241 11:32:24 clock_gettime(CLOCK_BOOTTIME, {611431, 25856577}) = 0
28241 11:32:24 clock_gettime(CLOCK_BOOTTIME, {611431, 25897465}) = 0
28241 11:32:24 select(7, [3 4], [], NULL, NULL) = 1 (in [3])
28241 11:32:24 clock_gettime(CLOCK_BOOTTIME, {611431, 27595918}) = 0
28241 11:32:24 read(3, "\217\203\214\306\214\375\30Fk\1\317\1\366\231\213\360\t[\201\20\306\241\371\323\360\220\22;\356\323X/"..., 8192) = 56
28241 11:32:24 clock_gettime(CLOCK_BOOTTIME, {611431, 27692045}) = 0
28241 11:32:24 clock_gettime(CLOCK_BOOTTIME, {611431, 27732204}) = 0
28241 11:32:24 select(7, [3 4], [5], NULL, NULL) = 1 (out [5])
28241 11:32:24 clock_gettime(CLOCK_BOOTTIME, {611431, 27823089}) = 0
28241 11:32:24 write(5, "\10\10\10\10\10\10\10\10exit\33[K", 15) = 15
28241 11:32:24 clock_gettime(CLOCK_BOOTTIME, {611431, 27952561}) = 0
28241 11:32:24 clock_gettime(CLOCK_BOOTTIME, {611431, 27994551}) = 0
28241 11:32:24 select(7, [3 4], [], NULL, NULL) = 1 (in [4])
28241 11:32:24 clock_gettime(CLOCK_BOOTTIME, {611431, 261694571}) = 0
28241 11:32:24 read(4, "\33[A", 16384)  = 3
28241 11:32:24 clock_gettime(CLOCK_BOOTTIME, {611431, 261810102}) = 0
28241 11:32:24 clock_gettime(CLOCK_BOOTTIME, {611431, 261852825}) = 0
28241 11:32:24 select(7, [3 4], [3], NULL, NULL) = 1 (out [3])
28241 11:32:24 clock_gettime(CLOCK_BOOTTIME, {611431, 261945028}) = 0
28241 11:32:24 write(3, "\373\31\213\347\365X\207\302\275\204\177,\221\16\232s\271\21\\\321\236\17\261\214\252W\353\350\373\207\214X"..., 40) = 40
28241 11:32:24 clock_gettime(CLOCK_BOOTTIME, {611431, 262077865}) = 0
28241 11:32:24 clock_gettime(CLOCK_BOOTTIME, {611431, 262120228}) = 0
28241 11:32:24 select(7, [3 4], [], NULL, NULL) = 1 (in [3])
28241 11:32:24 clock_gettime(CLOCK_BOOTTIME, {611431, 263591516}) = 0
28241 11:32:24 read(3, "G\31\16^9\275\365\340i~k\6\314\327\21\177!F\303s\242\33\213\220F\212\243M\307\244\210\203"..., 8192) = 40
28241 11:32:24 clock_gettime(CLOCK_BOOTTIME, {611431, 263683552}) = 0
28241 11:32:24 clock_gettime(CLOCK_BOOTTIME, {611431, 263724417}) = 0
28241 11:32:24 select(7, [3 4], [5], NULL, NULL) = 1 (out [5])
28241 11:32:24 clock_gettime(CLOCK_BOOTTIME, {611431, 263813410}) = 0
28241 11:32:24 write(5, "\10\10\10\10ifconfig", 12) = 12
28241 11:32:24 clock_gettime(CLOCK_BOOTTIME, {611431, 263946189}) = 0
28241 11:32:24 clock_gettime(CLOCK_BOOTTIME, {611431, 263988886}) = 0
28241 11:32:24 select(7, [3 4], [], NULL, NULL) = 1 (in [4])
28241 11:32:24 clock_gettime(CLOCK_BOOTTIME, {611431, 478754892}) = 0
28241 11:32:24 read(4, "\33[A", 16384)  = 3
28241 11:32:24 clock_gettime(CLOCK_BOOTTIME, {611431, 478876055}) = 0
28241 11:32:24 clock_gettime(CLOCK_BOOTTIME, {611431, 478917796}) = 0
28241 11:32:24 select(7, [3 4], [3], NULL, NULL) = 1 (out [3])
28241 11:32:24 clock_gettime(CLOCK_BOOTTIME, {611431, 479026113}) = 0
28241 11:32:24 write(3, ";\342\342\276\313{\360\277\251\206\4\254I\262\327\265o\24\201\364\273(\257\206\30\334OP}Q*0"..., 40) = 40
28241 11:32:24 clock_gettime(CLOCK_BOOTTIME, {611431, 479131525}) = 0
28241 11:32:24 clock_gettime(CLOCK_BOOTTIME, {611431, 479171119}) = 0
28241 11:32:24 select(7, [3 4], [], NULL, NULL) = 1 (in [3])
28241 11:32:24 clock_gettime(CLOCK_BOOTTIME, {611431, 480587213}) = 0
28241 11:32:24 read(3, "7\305\213\255\276\205\313Pc\300\244\215n0V\7Zq\357\25\16)\237\7\363'\261z\364\210\36n"..., 8192) = 56
28241 11:32:24 clock_gettime(CLOCK_BOOTTIME, {611431, 480678010}) = 0
28241 11:32:24 clock_gettime(CLOCK_BOOTTIME, {611431, 480718938}) = 0
28241 11:32:24 select(7, [3 4], [5], NULL, NULL) = 1 (out [5])
28241 11:32:24 clock_gettime(CLOCK_BOOTTIME, {611431, 480804714}) = 0
28241 11:32:24 write(5, "\10\10\10\10\10\10\10\10exit\33[K", 15) = 15
28241 11:32:24 clock_gettime(CLOCK_BOOTTIME, {611431, 480935762}) = 0
28241 11:32:24 clock_gettime(CLOCK_BOOTTIME, {611431, 480978273}) = 0
28241 11:32:24 select(7, [3 4], [], NULL, NULL) = 1 (in [4])
28241 11:32:25 clock_gettime(CLOCK_BOOTTIME, {611431, 724946263}) = 0
28241 11:32:25 read(4, "\33[A", 16384)  = 3
28241 11:32:25 clock_gettime(CLOCK_BOOTTIME, {611431, 725127722}) = 0
28241 11:32:25 clock_gettime(CLOCK_BOOTTIME, {611431, 725170346}) = 0
28241 11:32:25 select(7, [3 4], [3], NULL, NULL) = 1 (out [3])
28241 11:32:25 clock_gettime(CLOCK_BOOTTIME, {611431, 725263371}) = 0
28241 11:32:25 write(3, "i<an\374\6~ #\244\242\204\236\22\4\332i\31\r\307y\276\203\3504\277\32N\262\221Q\212"..., 40) = 40
28241 11:32:25 clock_gettime(CLOCK_BOOTTIME, {611431, 725369818}) = 0
28241 11:32:25 clock_gettime(CLOCK_BOOTTIME, {611431, 725411739}) = 0
28241 11:32:25 select(7, [3 4], [], NULL, NULL) = 1 (in [3])
28241 11:32:25 clock_gettime(CLOCK_BOOTTIME, {611431, 726590338}) = 0
28241 11:32:25 read(3, "\236\3736\31y\4\26ENaE\3341\36\33:?\261\372\32\373\312\357\30\211\325\315\256\273\261\316\10"..., 8192) = 40
28241 11:32:25 clock_gettime(CLOCK_BOOTTIME, {611431, 726684354}) = 0
28241 11:32:25 clock_gettime(CLOCK_BOOTTIME, {611431, 726725284}) = 0
28241 11:32:25 select(7, [3 4], [5], NULL, NULL) = 1 (out [5])
28241 11:32:25 clock_gettime(CLOCK_BOOTTIME, {611431, 726813931}) = 0
28241 11:32:25 write(5, "\10\10\10\10ifconfi", 11) = 11
28241 11:32:25 clock_gettime(CLOCK_BOOTTIME, {611431, 726942908}) = 0
28241 11:32:25 clock_gettime(CLOCK_BOOTTIME, {611431, 726985887}) = 0
28241 11:32:25 select(7, [3 4], [], NULL, NULL) = 1 (in [4])
28241 11:32:25 clock_gettime(CLOCK_BOOTTIME, {611431, 991901120}) = 0
28241 11:32:25 read(4, "\33[A", 16384)  = 3
28241 11:32:25 clock_gettime(CLOCK_BOOTTIME, {611431, 992031360}) = 0
28241 11:32:25 clock_gettime(CLOCK_BOOTTIME, {611431, 992072984}) = 0
28241 11:32:25 select(7, [3 4], [3], NULL, NULL) = 1 (out [3])
28241 11:32:25 clock_gettime(CLOCK_BOOTTIME, {611431, 992162720}) = 0
28241 11:32:25 write(3, "\202\202\"\251\205\242\320\307C$XZv\203y\375C\310\345\313\2677}\263\23\313\223\320\302H\0\31"..., 40) = 40
28241 11:32:25 clock_gettime(CLOCK_BOOTTIME, {611431, 992267607}) = 0
28241 11:32:25 clock_gettime(CLOCK_BOOTTIME, {611431, 992307985}) = 0
28241 11:32:25 select(7, [3 4], [], NULL, NULL) = 1 (in [3])
28241 11:32:25 clock_gettime(CLOCK_BOOTTIME, {611431, 993594403}) = 0
28241 11:32:25 read(3, "5k\373\302\31\361\245_h\360\327\312\nUU\363(\23\26\202\300\273\2776\257\227 \321\256*\331j"..., 8192) = 40
28241 11:32:25 clock_gettime(CLOCK_BOOTTIME, {611431, 993685995}) = 0
28241 11:32:25 clock_gettime(CLOCK_BOOTTIME, {611431, 993726440}) = 0
28241 11:32:25 select(7, [3 4], [5], NULL, NULL) = 1 (out [5])
28241 11:32:25 clock_gettime(CLOCK_BOOTTIME, {611431, 993811207}) = 0
28241 11:32:25 write(5, "\10\10\10\10\10\10\10exit\33[K", 14) = 14
28241 11:32:25 clock_gettime(CLOCK_BOOTTIME, {611431, 993935169}) = 0
28241 11:32:25 clock_gettime(CLOCK_BOOTTIME, {611431, 993975126}) = 0
28241 11:32:25 select(7, [3 4], [], NULL, NULL) = 1 (in [4])
28241 11:32:25 clock_gettime(CLOCK_BOOTTIME, {611432, 268284785}) = 0
28241 11:32:25 read(4, "\33[A", 16384)  = 3
28241 11:32:25 clock_gettime(CLOCK_BOOTTIME, {611432, 268404071}) = 0
28241 11:32:25 clock_gettime(CLOCK_BOOTTIME, {611432, 268443953}) = 0
28241 11:32:25 select(7, [3 4], [3], NULL, NULL) = 1 (out [3])
28241 11:32:25 clock_gettime(CLOCK_BOOTTIME, {611432, 268530967}) = 0
28241 11:32:25 write(3, "eZ\312\267\215\272\366p\333\354\216\214w\253n\320\34\264\260\215yA\304e\6iy/\364\353h-"..., 40) = 40
28241 11:32:25 clock_gettime(CLOCK_BOOTTIME, {611432, 268631961}) = 0
28241 11:32:25 clock_gettime(CLOCK_BOOTTIME, {611432, 268670872}) = 0
28241 11:32:25 select(7, [3 4], [], NULL, NULL) = 1 (in [3])
28241 11:32:25 clock_gettime(CLOCK_BOOTTIME, {611432, 270599731}) = 0
28241 11:32:25 read(3, "\6\31\317\212\6\307\10[\261N\324\313\177*W\305\7\245\350\7\351\221\332h^#\352 ,\177\303%"..., 8192) = 40
28241 11:32:25 clock_gettime(CLOCK_BOOTTIME, {611432, 270689183}) = 0
28241 11:32:25 clock_gettime(CLOCK_BOOTTIME, {611432, 270727468}) = 0
28241 11:32:25 select(7, [3 4], [5], NULL, NULL) = 1 (out [5])
28241 11:32:25 clock_gettime(CLOCK_BOOTTIME, {611432, 270810649}) = 0
28241 11:32:25 write(5, "\10\10\10\10ifconfig", 12) = 12
28241 11:32:25 clock_gettime(CLOCK_BOOTTIME, {611432, 270936180}) = 0
28241 11:32:25 clock_gettime(CLOCK_BOOTTIME, {611432, 270989670}) = 0
28241 11:32:25 select(7, [3 4], [], NULL, NULL) = 1 (in [4])
28241 11:32:26 clock_gettime(CLOCK_BOOTTIME, {611432, 730595056}) = 0
28241 11:32:26 read(4, "\33[A", 16384)  = 3
28241 11:32:26 clock_gettime(CLOCK_BOOTTIME, {611432, 730713314}) = 0
28241 11:32:26 clock_gettime(CLOCK_BOOTTIME, {611432, 730753987}) = 0
28241 11:32:26 select(7, [3 4], [3], NULL, NULL) = 1 (out [3])
28241 11:32:26 clock_gettime(CLOCK_BOOTTIME, {611432, 730844013}) = 0
28241 11:32:26 write(3, "\246\3T\373*\340\331\341\321$\231\32\231\355\21\300b;\273\24\256l\261Q\355\2476)\v\265Nm"..., 40) = 40
28241 11:32:26 clock_gettime(CLOCK_BOOTTIME, {611432, 730947251}) = 0
28241 11:32:26 clock_gettime(CLOCK_BOOTTIME, {611432, 730986734}) = 0
28241 11:32:26 select(7, [3 4], [], NULL, NULL) = 1 (in [3])
28241 11:32:26 clock_gettime(CLOCK_BOOTTIME, {611432, 732592223}) = 0
28241 11:32:26 read(3, "\230\251\35\200\342\272j\365:l\206\217\375\217s\333\301\372f\310\320\362\356\37'\210\f\27\31\271\221\220"..., 8192) = 56
28241 11:32:26 clock_gettime(CLOCK_BOOTTIME, {611432, 732686232}) = 0
28241 11:32:26 clock_gettime(CLOCK_BOOTTIME, {611432, 732728913}) = 0
28241 11:32:26 select(7, [3 4], [5], NULL, NULL) = 1 (out [5])
28241 11:32:26 clock_gettime(CLOCK_BOOTTIME, {611432, 732817355}) = 0
28241 11:32:26 write(5, "\10\10\10\10\10\10\10\10exit\33[K", 15) = 15
28241 11:32:26 clock_gettime(CLOCK_BOOTTIME, {611432, 732949735}) = 0
28241 11:32:26 clock_gettime(CLOCK_BOOTTIME, {611432, 732991689}) = 0
28241 11:32:26 select(7, [3 4], [], NULL, NULL) = 1 (in [4])
28241 11:32:27 clock_gettime(CLOCK_BOOTTIME, {611434, 337490434}) = 0
28241 11:32:27 read(4, "\r", 16384)     = 1
28241 11:32:27 clock_gettime(CLOCK_BOOTTIME, {611434, 337607011}) = 0
28241 11:32:27 clock_gettime(CLOCK_BOOTTIME, {611434, 337647032}) = 0
28241 11:32:27 select(7, [3 4], [3], NULL, NULL) = 1 (out [3])
28241 11:32:27 clock_gettime(CLOCK_BOOTTIME, {611434, 337733977}) = 0
28241 11:32:27 write(3, "9\32\6n\2630DJk\211I>\21U\351\273vu\267\2\35]\21\266\20g{9\26\367\230q"..., 40) = 40
28241 11:32:27 clock_gettime(CLOCK_BOOTTIME, {611434, 337838022}) = 0
28241 11:32:27 clock_gettime(CLOCK_BOOTTIME, {611434, 337877005}) = 0
28241 11:32:27 select(7, [3 4], [], NULL, NULL) = 1 (in [3])
28241 11:32:27 clock_gettime(CLOCK_BOOTTIME, {611434, 343149831}) = 0
28241 11:32:27 read(3, "~\6\224\213\"\273\374\317\352\10\241\210\2748\r2\235sgi\323\374*\316\267\314>\246\336\327\204\17"..., 8192) = 200
28241 11:32:27 close(4)                 = 0
28241 11:32:27 clock_gettime(CLOCK_BOOTTIME, {611434, 343286071}) = 0
28241 11:32:27 clock_gettime(CLOCK_BOOTTIME, {611434, 343324795}) = 0
28241 11:32:27 select(7, [3], [5], NULL, NULL) = 1 (out [5])
28241 11:32:27 clock_gettime(CLOCK_BOOTTIME, {611434, 343408291}) = 0
28241 11:32:27 write(5, "\r\nlogout\r\n", 10) = 10
28241 11:32:27 clock_gettime(CLOCK_BOOTTIME, {611434, 343534213}) = 0
28241 11:32:27 clock_gettime(CLOCK_BOOTTIME, {611434, 343574342}) = 0
28241 11:32:27 close(5)                 = 0
28241 11:32:27 ioctl(0, SNDCTL_TMR_STOP or TCSETSW, {B38400 opost isig icanon echo ...}) = 0
28241 11:32:27 close(6)                 = 0
28241 11:32:27 select(7, [3], [3], NULL, NULL) = 1 (out [3])
28241 11:32:27 clock_gettime(CLOCK_BOOTTIME, {611434, 343799344}) = 0
28241 11:32:27 write(3, ")\225h\263\276\362z\352\316H\210\357\332t\234\353\237~=7\334\256s\314", 24) = 24
28241 11:32:27 rt_sigaction(SIGWINCH, NULL, {0x55d1bd6fcc80, [], SA_RESTORER, 0x7f66ab11d270}, 8) = 0
28241 11:32:27 rt_sigaction(SIGWINCH, {SIG_DFL, [], SA_RESTORER, 0x7f66ab11d270}, NULL, 8) = 0
28241 11:32:27 write(3, "Q\324#\214\366\253\315\"\315\256\311M8\276\246}\10\37dr\323\360I\37M\231m\34r\364'\260"..., 56) = 56
28241 11:32:27 ioctl(0, TCGETS, {B38400 opost isig icanon echo ...}) = 0
28241 11:32:27 ioctl(1, TCGETS, {B38400 opost isig icanon echo ...}) = 0
28241 11:32:27 ioctl(2, TCGETS, {B38400 opost isig icanon echo ...}) = 0
28241 11:32:27 write(2, "Connection to 10.5.0.208 closed."..., 34) = 34
28241 11:32:27 shutdown(3, SHUT_RDWR)   = 0
28241 11:32:27 close(3)                 = 0
28241 11:32:27 write(1, "random tag:kxfuibascr", 21) = 21
28241 11:32:27 exit_group(0)            = ?
28241 11:32:27 +++ exited with 0 +++
