23052 05:46:00 select(4, [3], NULL, NULL, NULL) = 1 (in [3])
23052 05:46:00 read(3, "\0\0\3\274\n!\0\0\1\25\0\0\0\7ssh-rsa\0\0\0\1#\0\0\1\1\0\264"..., 8192) = 976
23052 05:46:00 open("/root/.ssh/known_hosts", O_RDONLY) = 4
23052 05:46:00 fstat(4, {st_mode=S_IFREG|0644, st_size=1177, ...}) = 0
23052 05:46:00 mmap(NULL, 4096, PROT_READ|PROT_WRITE, MAP_PRIVATE|MAP_ANONYMOUS, -1, 0) = 0x7f3d431b5000
23052 05:46:00 read(4, "172.19.0.36 ssh-rsa AAAAB3NzaC1y"..., 4096) = 1177
23052 05:46:00 read(4, "", 4096)        = 0
23052 05:46:00 close(4)                 = 0
23052 05:46:00 munmap(0x7f3d431b5000, 4096) = 0
23052 05:46:00 open("/root/.ssh/known_hosts2", O_RDONLY) = -1 ENOENT (No such file or directory)
23052 05:46:00 open("/usr/local/openssh/etc/ssh_known_hosts", O_RDONLY) = -1 ENOENT (No such file or directory)
23052 05:46:00 open("/usr/local/openssh/etc/ssh_known_hosts2", O_RDONLY) = -1 ENOENT (No such file or directory)
23052 05:46:00 clock_gettime(CLOCK_BOOTTIME, {677046, 855350897}) = 0
23052 05:46:00 write(3, "\0\0\0\f\n\25\0\0\0\0\0\0\0\0\0\0", 16) = 16
23052 05:46:00 write(3, "||\303\337\305\343\367_[\235h\2020F\22\242{\246\21\250\354d\376\356\261tk\6\0\237\6W"..., 40) = 40
23052 05:46:00 select(4, [3], NULL, NULL, NULL) = 1 (in [3])
23052 05:46:00 read(3, "\270\223+\10\253+6\200\203\333\21J\220\312\365,\333\5D\264\21\257E\267\371\321]\230%\334\10r"..., 8192) = 40
23052 05:46:00 write(3, "\277\316Q\203\f\204\t\264\201\312\31FQb=\240+\303f\200'\324/p\262\246HM%\231G+"..., 56) = 56
23052 05:46:00 select(4, [3], NULL, NULL, NULL) = 1 (in [3])
23052 05:46:00 read(3, "\365_;\240\203\302\264<\261\233]\373~\340\330Y\236\31_\227v&h\324\327\360\271\t\201E\223~"..., 8192) = 72
23052 05:46:00 stat("/root/.ssh/id_rsa", 0x7ffce50f0db0) = -1 ENOENT (No such file or directory)
23052 05:46:00 stat("/root/.ssh/id_dsa", 0x7ffce50f0db0) = -1 ENOENT (No such file or directory)
23052 05:46:00 stat("/root/.ssh/id_ecdsa", 0x7ffce50f0db0) = -1 ENOENT (No such file or directory)
23052 05:46:00 stat("/root/.ssh/id_ed25519", 0x7ffce50f0db0) = -1 ENOENT (No such file or directory)
23052 05:46:00 open("/dev/tty", O_RDWR) = 4
23052 05:46:00 close(4)                 = 0
23052 05:46:00 open("/dev/tty", O_RDWR) = 4
23052 05:46:00 ioctl(4, TCGETS, {B38400 opost isig icanon echo ...}) = 0
23052 05:46:00 ioctl(4, SNDCTL_TMR_CONTINUE or TCSETSF, {B38400 opost isig icanon -echo ...}) = 0
23052 05:46:00 rt_sigaction(SIGALRM, {0x5650dff220a0, [], SA_RESTORER, 0x7f3d41d39270}, {SIG_DFL, [], 0}, 8) = 0
23052 05:46:00 rt_sigaction(SIGHUP, {0x5650dff220a0, [], SA_RESTORER, 0x7f3d41d39270}, {SIG_DFL, [], 0}, 8) = 0
23052 05:46:00 rt_sigaction(SIGINT, {0x5650dff220a0, [], SA_RESTORER, 0x7f3d41d39270}, {SIG_DFL, [], 0}, 8) = 0
23052 05:46:00 rt_sigaction(SIGPIPE, {0x5650dff220a0, [], SA_RESTORER, 0x7f3d41d39270}, {SIG_IGN, [], SA_RESTORER, 0x7f3d41d39270}, 8) = 0
23052 05:46:00 rt_sigaction(SIGQUIT, {0x5650dff220a0, [], SA_RESTORER, 0x7f3d41d39270}, {SIG_DFL, [], 0}, 8) = 0
23052 05:46:00 rt_sigaction(SIGTERM, {0x5650dff220a0, [], SA_RESTORER, 0x7f3d41d39270}, {SIG_DFL, [], 0}, 8) = 0
23052 05:46:00 rt_sigaction(SIGTSTP, {0x5650dff220a0, [], SA_RESTORER, 0x7f3d41d39270}, {SIG_DFL, [], 0}, 8) = 0
23052 05:46:00 rt_sigaction(SIGTTIN, {0x5650dff220a0, [], SA_RESTORER, 0x7f3d41d39270}, {SIG_DFL, [], 0}, 8) = 0
23052 05:46:00 rt_sigaction(SIGTTOU, {0x5650dff220a0, [], SA_RESTORER, 0x7f3d41d39270}, {SIG_DFL, [], 0}, 8) = 0
23052 05:46:00 write(4, "root@10.5.0.208's password: ", 28) = 28
23052 05:46:00 read(4, "y", 1)          = 1
23052 05:46:00 read(4, "o", 1)          = 1
23052 05:46:00 read(4, "t", 1)          = 1
23052 05:46:00 read(4, "p", 1)          = 1
23052 05:46:00 read(4, "4", 1)          = 1
23052 05:46:00 read(4, "o", 1)          = 1
23052 05:46:00 read(4, "z", 1)          = 1
23052 05:46:00 read(4, "A", 1)          = 1
23052 05:46:00 read(4, "c", 1)          = 1
23052 05:46:00 read(4, "C", 1)          = 1
23052 05:46:00 read(4, "=", 1)          = 1
23052 05:46:00 read(4, "b", 1)          = 1
23052 05:46:00 read(4, "~", 1)          = 1
23052 05:46:00 read(4, "V", 1)          = 1
23052 05:46:00 read(4, "4", 1)          = 1
23052 05:46:00 read(4, "K", 1)          = 1
23052 05:46:00 read(4, "G", 1)          = 1
23052 05:46:00 read(4, "V", 1)          = 1
23052 05:46:00 read(4, "/", 1)          = 1
23052 05:46:00 read(4, "s", 1)          = 1
23052 05:46:00 read(4, "\n", 1)         = 1
23052 05:46:00 write(4, "\n", 1)        = 1
23052 05:46:00 ioctl(4, SNDCTL_TMR_CONTINUE or TCSETSF, {B38400 opost isig icanon echo ...}) = 0
23052 05:46:00 rt_sigaction(SIGALRM, {SIG_DFL, [], SA_RESTORER, 0x7f3d41d39270}, NULL, 8) = 0
23052 05:46:00 rt_sigaction(SIGHUP, {SIG_DFL, [], SA_RESTORER, 0x7f3d41d39270}, NULL, 8) = 0
23052 05:46:00 rt_sigaction(SIGINT, {SIG_DFL, [], SA_RESTORER, 0x7f3d41d39270}, NULL, 8) = 0
23052 05:46:00 rt_sigaction(SIGQUIT, {SIG_DFL, [], SA_RESTORER, 0x7f3d41d39270}, NULL, 8) = 0
23052 05:46:00 rt_sigaction(SIGPIPE, {SIG_IGN, [], SA_RESTORER, 0x7f3d41d39270}, NULL, 8) = 0
23052 05:46:00 rt_sigaction(SIGTERM, {SIG_DFL, [], SA_RESTORER, 0x7f3d41d39270}, NULL, 8) = 0
23052 05:46:00 rt_sigaction(SIGTSTP, {SIG_DFL, [], SA_RESTORER, 0x7f3d41d39270}, NULL, 8) = 0
23052 05:46:00 rt_sigaction(SIGTTIN, {SIG_DFL, [], SA_RESTORER, 0x7f3d41d39270}, NULL, 8) = 0
23052 05:46:00 rt_sigaction(SIGTTOU, {SIG_DFL, [], SA_RESTORER, 0x7f3d41d39270}, NULL, 8) = 0
23052 05:46:00 close(4)                 = 0
23052 05:46:00 write(3, "v\225\255\6\265\231\332\230\230V\344\273\247\264GG\220>\321W\31\250?\300\3775g\222\320\205Z\242"..., 136) = 136
23052 05:46:00 select(4, [3], NULL, NULL, NULL) = 1 (in [3])
23052 05:46:00 read(3, "S\232\256j=:\305\221\221\7\256\23O\345G\362)\250\205C\320/\260x", 8192) = 24
23052 05:46:00 dup(0)                   = 4
23052 05:46:00 dup(1)                   = 5
23052 05:46:00 dup(2)                   = 6
23052 05:46:00 ioctl(4, TCGETS, {B38400 opost isig icanon echo ...}) = 0
23052 05:46:00 ioctl(5, TCGETS, {B38400 opost isig icanon echo ...}) = 0
23052 05:46:00 ioctl(6, TCGETS, {B38400 opost isig icanon echo ...}) = 0
23052 05:46:00 fcntl(4, F_SETFD, FD_CLOEXEC) = 0
23052 05:46:00 fcntl(5, F_SETFD, FD_CLOEXEC) = 0
23052 05:46:00 fcntl(6, F_SETFD, FD_CLOEXEC) = 0
23052 05:46:00 rt_sigaction(SIGHUP, NULL, {SIG_DFL, [], SA_RESTORER, 0x7f3d41d39270}, 8) = 0
23052 05:46:00 rt_sigaction(SIGHUP, {SIG_IGN, [], SA_RESTORER, 0x7f3d41d39270}, NULL, 8) = 0
23052 05:46:00 rt_sigaction(SIGHUP, NULL, {SIG_IGN, [], SA_RESTORER, 0x7f3d41d39270}, 8) = 0
23052 05:46:00 rt_sigaction(SIGHUP, {0x5650dfeca9c0, [], SA_RESTORER, 0x7f3d41d39270}, NULL, 8) = 0
23052 05:46:00 rt_sigaction(SIGINT, NULL, {SIG_DFL, [], SA_RESTORER, 0x7f3d41d39270}, 8) = 0
23052 05:46:00 rt_sigaction(SIGINT, {SIG_IGN, [], SA_RESTORER, 0x7f3d41d39270}, NULL, 8) = 0
23052 05:46:00 rt_sigaction(SIGINT, NULL, {SIG_IGN, [], SA_RESTORER, 0x7f3d41d39270}, 8) = 0
23052 05:46:00 rt_sigaction(SIGINT, {0x5650dfeca9c0, [], SA_RESTORER, 0x7f3d41d39270}, NULL, 8) = 0
23052 05:46:00 rt_sigaction(SIGQUIT, NULL, {SIG_DFL, [], SA_RESTORER, 0x7f3d41d39270}, 8) = 0
23052 05:46:00 rt_sigaction(SIGQUIT, {SIG_IGN, [], SA_RESTORER, 0x7f3d41d39270}, NULL, 8) = 0
23052 05:46:00 rt_sigaction(SIGQUIT, NULL, {SIG_IGN, [], SA_RESTORER, 0x7f3d41d39270}, 8) = 0
23052 05:46:00 rt_sigaction(SIGQUIT, {0x5650dfeca9c0, [], SA_RESTORER, 0x7f3d41d39270}, NULL, 8) = 0
23052 05:46:00 rt_sigaction(SIGTERM, NULL, {SIG_DFL, [], SA_RESTORER, 0x7f3d41d39270}, 8) = 0
23052 05:46:00 rt_sigaction(SIGTERM, {SIG_IGN, [], SA_RESTORER, 0x7f3d41d39270}, NULL, 8) = 0
23052 05:46:00 rt_sigaction(SIGTERM, NULL, {SIG_IGN, [], SA_RESTORER, 0x7f3d41d39270}, 8) = 0
23052 05:46:00 rt_sigaction(SIGTERM, {0x5650dfeca9c0, [], SA_RESTORER, 0x7f3d41d39270}, NULL, 8) = 0
23052 05:46:00 rt_sigaction(SIGWINCH, NULL, {SIG_DFL, [], 0}, 8) = 0
23052 05:46:00 rt_sigaction(SIGWINCH, {0x5650dfecac50, [], SA_RESTORER, 0x7f3d41d39270}, NULL, 8) = 0
23052 05:46:00 ioctl(0, TCGETS, {B38400 opost isig icanon echo ...}) = 0
23052 05:46:00 ioctl(0, SNDCTL_TMR_STOP or TCSETSW, {B38400 -opost -isig -icanon -echo ...}) = 0
23052 05:46:00 clock_gettime(CLOCK_BOOTTIME, {677046, 923853006}) = 0
23052 05:46:00 clock_gettime(CLOCK_BOOTTIME, {677046, 923899768}) = 0
23052 05:46:00 select(7, [3], [3], NULL, NULL) = 1 (out [3])
23052 05:46:00 clock_gettime(CLOCK_BOOTTIME, {677046, 923985370}) = 0
23052 05:46:00 write(3, "x\341\314b\304\20=\344,\212\214\367\211K\200\337\276\236\312n\243\304\7\377i\20\262\320A\17\34\266"..., 112) = 112
23052 05:46:00 clock_gettime(CLOCK_BOOTTIME, {677046, 924083508}) = 0
23052 05:46:00 clock_gettime(CLOCK_BOOTTIME, {677046, 924124093}) = 0
23052 05:46:00 select(7, [3], [], NULL, NULL) = 1 (in [3])
23052 05:46:00 clock_gettime(CLOCK_BOOTTIME, {677046, 929108795}) = 0
23052 05:46:00 read(3, "\253\237n\35\301|\362I\6+\201\n\231\251\303\217%\305\3460\211qM\2111\235\217\210\246!\262]"..., 8192) = 40
23052 05:46:00 getsockopt(3, SOL_TCP, TCP_NODELAY, [0], [4]) = 0
23052 05:46:00 setsockopt(3, SOL_TCP, TCP_NODELAY, [1], 4) = 0
23052 05:46:00 getsockname(3, {sa_family=AF_INET, sin_port=htons(54430), sin_addr=inet_addr("10.5.0.222")}, [16]) = 0
23052 05:46:00 setsockopt(3, SOL_IP, IP_TOS, [16], 4) = 0
23052 05:46:00 ioctl(0, TIOCGWINSZ, {ws_row=24, ws_col=147, ws_xpixel=0, ws_ypixel=0}) = 0
23052 05:46:00 clock_gettime(CLOCK_BOOTTIME, {677046, 929434430}) = 0
23052 05:46:00 clock_gettime(CLOCK_BOOTTIME, {677046, 929475459}) = 0
23052 05:46:00 select(7, [3], [3], NULL, NULL) = 1 (out [3])
23052 05:46:00 clock_gettime(CLOCK_BOOTTIME, {677046, 929560425}) = 0
23052 05:46:00 write(3, "\2679[(\225\301}\227\232\267F3\4\321\0$u3\373\257\251L\253U\234\362\310\322\247P\21`"..., 368) = 368
23052 05:46:00 clock_gettime(CLOCK_BOOTTIME, {677046, 929655105}) = 0
23052 05:46:00 clock_gettime(CLOCK_BOOTTIME, {677046, 929694932}) = 0
23052 05:46:00 select(7, [3], [], NULL, NULL) = 1 (in [3])
23052 05:46:00 clock_gettime(CLOCK_BOOTTIME, {677046, 930228648}) = 0
23052 05:46:00 read(3, "\304\336aU\347\360l\246\357\0\207\236\366b\302\321\360q\231\353j\t\30\234C\342}\26\0l\25\313"..., 8192) = 88
23052 05:46:00 clock_gettime(CLOCK_BOOTTIME, {677046, 930317481}) = 0
23052 05:46:00 clock_gettime(CLOCK_BOOTTIME, {677046, 930357715}) = 0
23052 05:46:00 select(7, [3 4], [], NULL, NULL) = 1 (in [3])
23052 05:46:00 clock_gettime(CLOCK_BOOTTIME, {677046, 935307002}) = 0
23052 05:46:00 read(3, "Q\207\246}u\352\4U\334\0044\364\337s\334\271\357\0\231|\331x\212\17\3262\264\214\344\17\305k"..., 8192) = 152
23052 05:46:00 clock_gettime(CLOCK_BOOTTIME, {677046, 935404075}) = 0
23052 05:46:00 clock_gettime(CLOCK_BOOTTIME, {677046, 935443918}) = 0
23052 05:46:00 select(7, [3 4], [5], NULL, NULL) = 1 (out [5])
23052 05:46:00 clock_gettime(CLOCK_BOOTTIME, {677046, 935529934}) = 0
23052 05:46:00 write(5, "Last login: Fri Jun 22 13:43:52 "..., 111) = 111
23052 05:46:00 clock_gettime(CLOCK_BOOTTIME, {677046, 935650911}) = 0
23052 05:46:00 clock_gettime(CLOCK_BOOTTIME, {677046, 935692645}) = 0
23052 05:46:00 select(7, [3 4], [], NULL, NULL) = 1 (in [3])
23052 05:46:00 clock_gettime(CLOCK_BOOTTIME, {677046, 951216331}) = 0
23052 05:46:00 read(3, "|\r\276 \356A\351\30EE\313B-\357-\247xA{+\303\237\306\352[B\344\361\267\n\271\355"..., 8192) = 56
23052 05:46:00 clock_gettime(CLOCK_BOOTTIME, {677046, 951319347}) = 0
23052 05:46:00 clock_gettime(CLOCK_BOOTTIME, {677046, 951359689}) = 0
23052 05:46:00 select(7, [3 4], [5], NULL, NULL) = 1 (out [5])
23052 05:46:00 clock_gettime(CLOCK_BOOTTIME, {677046, 951444738}) = 0
23052 05:46:00 write(5, "[root@ali-p2p-h5-1 ~]# ", 23) = 23
23052 05:46:00 clock_gettime(CLOCK_BOOTTIME, {677046, 951540937}) = 0
23052 05:46:00 clock_gettime(CLOCK_BOOTTIME, {677046, 951580064}) = 0
23052 05:46:00 select(7, [3 4], [], NULL, NULL) = 1 (in [4])
23052 05:46:01 clock_gettime(CLOCK_BOOTTIME, {677048, 22032658}) = 0
23052 05:46:01 read(4, "e", 16384)      = 1
23052 05:46:01 clock_gettime(CLOCK_BOOTTIME, {677048, 22152765}) = 0
23052 05:46:01 clock_gettime(CLOCK_BOOTTIME, {677048, 22201237}) = 0
23052 05:46:01 select(7, [3 4], [3], NULL, NULL) = 1 (out [3])
23052 05:46:01 clock_gettime(CLOCK_BOOTTIME, {677048, 22293156}) = 0
23052 05:46:01 write(3, "ob\355\271dk]\251\327\215\256\361\364|#\17}\\\233\256\203\345\346\0d\374\3F\225\301\317\16"..., 40) = 40
23052 05:46:01 clock_gettime(CLOCK_BOOTTIME, {677048, 22406480}) = 0
23052 05:46:01 clock_gettime(CLOCK_BOOTTIME, {677048, 22448345}) = 0
23052 05:46:01 select(7, [3 4], [], NULL, NULL) = 1 (in [3])
23052 05:46:01 clock_gettime(CLOCK_BOOTTIME, {677048, 24235931}) = 0
23052 05:46:01 read(3, "\331\243PI\367P\267\365\342\275\337\177\333\355a\32\363l4\354\22\277\325A+\261\4\240AJ\252\303"..., 8192) = 40
23052 05:46:01 clock_gettime(CLOCK_BOOTTIME, {677048, 24328524}) = 0
23052 05:46:01 clock_gettime(CLOCK_BOOTTIME, {677048, 24370137}) = 0
23052 05:46:01 select(7, [3 4], [5], NULL, NULL) = 1 (out [5])
23052 05:46:01 clock_gettime(CLOCK_BOOTTIME, {677048, 24458548}) = 0
23052 05:46:01 write(5, "e", 1)         = 1
23052 05:46:01 clock_gettime(CLOCK_BOOTTIME, {677048, 24587769}) = 0
23052 05:46:01 clock_gettime(CLOCK_BOOTTIME, {677048, 24629377}) = 0
23052 05:46:01 select(7, [3 4], [], NULL, NULL) = 1 (in [4])
23052 05:46:01 clock_gettime(CLOCK_BOOTTIME, {677048, 318506308}) = 0
23052 05:46:01 read(4, "x", 16384)      = 1
23052 05:46:01 clock_gettime(CLOCK_BOOTTIME, {677048, 318641134}) = 0
23052 05:46:01 clock_gettime(CLOCK_BOOTTIME, {677048, 318682724}) = 0
23052 05:46:01 select(7, [3 4], [3], NULL, NULL) = 1 (out [3])
23052 05:46:01 clock_gettime(CLOCK_BOOTTIME, {677048, 318780355}) = 0
23052 05:46:01 write(3, "\241\233\266\237\233\0h\211\22\32\341\326\333\375\316\206U\22D\366\206\305\315{\252\37A\307C8f\212"..., 40) = 40
23052 05:46:01 clock_gettime(CLOCK_BOOTTIME, {677048, 318878085}) = 0
23052 05:46:01 clock_gettime(CLOCK_BOOTTIME, {677048, 318926445}) = 0
23052 05:46:01 select(7, [3 4], [], NULL, NULL) = 1 (in [3])
23052 05:46:01 clock_gettime(CLOCK_BOOTTIME, {677048, 320227412}) = 0
23052 05:46:01 read(3, "h\235#^\232Qy\22\347O\34\10\0200!\332\354\35I;\363\366{V.\343\17\233r\30Hq"..., 8192) = 40
23052 05:46:01 clock_gettime(CLOCK_BOOTTIME, {677048, 320320003}) = 0
23052 05:46:01 clock_gettime(CLOCK_BOOTTIME, {677048, 320360972}) = 0
23052 05:46:01 select(7, [3 4], [5], NULL, NULL) = 1 (out [5])
23052 05:46:01 clock_gettime(CLOCK_BOOTTIME, {677048, 320447226}) = 0
23052 05:46:01 write(5, "x", 1)         = 1
23052 05:46:01 clock_gettime(CLOCK_BOOTTIME, {677048, 320553276}) = 0
23052 05:46:01 clock_gettime(CLOCK_BOOTTIME, {677048, 320594925}) = 0
23052 05:46:01 select(7, [3 4], [], NULL, NULL) = 1 (in [4])
23052 05:46:01 clock_gettime(CLOCK_BOOTTIME, {677048, 462226971}) = 0
23052 05:46:01 read(4, "i", 16384)      = 1
23052 05:46:01 clock_gettime(CLOCK_BOOTTIME, {677048, 462374411}) = 0
23052 05:46:01 clock_gettime(CLOCK_BOOTTIME, {677048, 462416466}) = 0
23052 05:46:01 select(7, [3 4], [3], NULL, NULL) = 1 (out [3])
23052 05:46:01 clock_gettime(CLOCK_BOOTTIME, {677048, 462505135}) = 0
23052 05:46:01 write(3, "-?]6C\275G\16\254\0324\t#\326\6m\222\307\n!\2j.\2607\346a;\250\376\362:"..., 40) = 40
23052 05:46:01 clock_gettime(CLOCK_BOOTTIME, {677048, 462601582}) = 0
23052 05:46:01 clock_gettime(CLOCK_BOOTTIME, {677048, 462642513}) = 0
23052 05:46:01 select(7, [3 4], [], NULL, NULL) = 1 (in [3])
23052 05:46:01 clock_gettime(CLOCK_BOOTTIME, {677048, 464232659}) = 0
23052 05:46:01 read(3, "=6\365\222\340\"\245\245\\\330\261<\342\243\25\2628\23\362[\301\360|+\0\374>\273\275\204\273\22"..., 8192) = 40
23052 05:46:01 clock_gettime(CLOCK_BOOTTIME, {677048, 464324899}) = 0
23052 05:46:01 clock_gettime(CLOCK_BOOTTIME, {677048, 464366921}) = 0
23052 05:46:01 select(7, [3 4], [5], NULL, NULL) = 1 (out [5])
23052 05:46:01 clock_gettime(CLOCK_BOOTTIME, {677048, 464456365}) = 0
23052 05:46:01 write(5, "i", 1)         = 1
23052 05:46:01 clock_gettime(CLOCK_BOOTTIME, {677048, 464577578}) = 0
23052 05:46:01 clock_gettime(CLOCK_BOOTTIME, {677048, 464620231}) = 0
23052 05:46:01 select(7, [3 4], [], NULL, NULL) = 1 (in [4])
23052 05:46:02 clock_gettime(CLOCK_BOOTTIME, {677048, 646533243}) = 0
23052 05:46:02 read(4, "t", 16384)      = 1
23052 05:46:02 clock_gettime(CLOCK_BOOTTIME, {677048, 646651755}) = 0
23052 05:46:02 clock_gettime(CLOCK_BOOTTIME, {677048, 646698317}) = 0
23052 05:46:02 select(7, [3 4], [3], NULL, NULL) = 1 (out [3])
23052 05:46:02 clock_gettime(CLOCK_BOOTTIME, {677048, 646807851}) = 0
23052 05:46:02 write(3, "\314E\352\211\30\243\353c\330\212\367\332S\311\377\274\204\205\31j\1\32\rE||\5\347\3700\r\240"..., 40) = 40
23052 05:46:02 clock_gettime(CLOCK_BOOTTIME, {677048, 646909065}) = 0
23052 05:46:02 clock_gettime(CLOCK_BOOTTIME, {677048, 646948629}) = 0
23052 05:46:02 select(7, [3 4], [], NULL, NULL) = 1 (in [3])
23052 05:46:02 clock_gettime(CLOCK_BOOTTIME, {677048, 648229828}) = 0
23052 05:46:02 read(3, "\246#\317\2\263w\310\335?tI\237\2\306\17\2639O\307_\322U\267\301\255J]O\334Y\331\35"..., 8192) = 40
23052 05:46:02 clock_gettime(CLOCK_BOOTTIME, {677048, 648321074}) = 0
23052 05:46:02 clock_gettime(CLOCK_BOOTTIME, {677048, 648361874}) = 0
23052 05:46:02 select(7, [3 4], [5], NULL, NULL) = 1 (out [5])
23052 05:46:02 clock_gettime(CLOCK_BOOTTIME, {677048, 648448163}) = 0
23052 05:46:02 write(5, "t", 1)         = 1
23052 05:46:02 clock_gettime(CLOCK_BOOTTIME, {677048, 648556393}) = 0
23052 05:46:02 clock_gettime(CLOCK_BOOTTIME, {677048, 648597066}) = 0
23052 05:46:02 select(7, [3 4], [], NULL, NULL) = 1 (in [4])
23052 05:46:02 clock_gettime(CLOCK_BOOTTIME, {677048, 742599795}) = 0
23052 05:46:02 read(4, "\r", 16384)     = 1
23052 05:46:02 clock_gettime(CLOCK_BOOTTIME, {677048, 742667499}) = 0
23052 05:46:02 clock_gettime(CLOCK_BOOTTIME, {677048, 742689987}) = 0
23052 05:46:02 select(7, [3 4], [3], NULL, NULL) = 1 (out [3])
23052 05:46:02 clock_gettime(CLOCK_BOOTTIME, {677048, 742754087}) = 0
23052 05:46:02 write(3, "\224\4|\366\0052\f\267~^\315J\250\21V\302!gF\32U\206\276Bf\342\371F\340\26a\362"..., 40) = 40
23052 05:46:02 clock_gettime(CLOCK_BOOTTIME, {677048, 742815003}) = 0
23052 05:46:02 clock_gettime(CLOCK_BOOTTIME, {677048, 742879689}) = 0
23052 05:46:02 select(7, [3 4], [], NULL, NULL) = 1 (in [3])
23052 05:46:02 clock_gettime(CLOCK_BOOTTIME, {677048, 747989788}) = 0
23052 05:46:02 read(3, "\322O\334\370\205\200WO\217\311F\344\331|tpI\0226\350\22\216h9\27\306\210\365\207\222o\201"..., 8192) = 200
23052 05:46:02 close(4)                 = 0
23052 05:46:02 clock_gettime(CLOCK_BOOTTIME, {677048, 748145761}) = 0
23052 05:46:02 clock_gettime(CLOCK_BOOTTIME, {677048, 748185040}) = 0
23052 05:46:02 select(7, [3], [5], NULL, NULL) = 1 (out [5])
23052 05:46:02 clock_gettime(CLOCK_BOOTTIME, {677048, 748281777}) = 0
23052 05:46:02 write(5, "\r\nlogout\r\n", 10) = 10
23052 05:46:02 clock_gettime(CLOCK_BOOTTIME, {677048, 748393849}) = 0
23052 05:46:02 clock_gettime(CLOCK_BOOTTIME, {677048, 748433643}) = 0
23052 05:46:02 close(5)                 = 0
23052 05:46:02 ioctl(0, SNDCTL_TMR_STOP or TCSETSW, {B38400 opost isig icanon echo ...}) = 0
23052 05:46:02 close(6)                 = 0
23052 05:46:02 select(7, [3], [3], NULL, NULL) = 1 (out [3])
23052 05:46:02 clock_gettime(CLOCK_BOOTTIME, {677048, 748662828}) = 0
23052 05:46:02 write(3, "C\27X\16J\270\2242s\7KU\302\205]\316f\254\371\221\t\273\264p", 24) = 24
23052 05:46:02 rt_sigaction(SIGWINCH, NULL, {0x5650dfecac50, [], SA_RESTORER, 0x7f3d41d39270}, 8) = 0
23052 05:46:02 rt_sigaction(SIGWINCH, {SIG_DFL, [], SA_RESTORER, 0x7f3d41d39270}, NULL, 8) = 0
23052 05:46:02 write(3, "\331\314\241\251\32\17\317+w\233pt<\24\332R\316\303\346Zj\256\204\34\313.[A1\267\312="..., 56) = 56
23052 05:46:02 ioctl(0, TCGETS, {B38400 opost isig icanon echo ...}) = 0
23052 05:46:02 ioctl(1, TCGETS, {B38400 opost isig icanon echo ...}) = 0
23052 05:46:02 ioctl(2, TCGETS, {B38400 opost isig icanon echo ...}) = 0
23052 05:46:02 write(2, "Connection to 10.5.0.208 closed."..., 34) = 34
23052 05:46:02 shutdown(3, SHUT_RDWR)   = 0
23052 05:46:02 close(3)                 = 0
23052 05:46:02 exit_group(0)            = ?
23052 05:46:02 +++ exited with 0 +++
