1811  02:47:14 select(4, [3], NULL, NULL, NULL) = 1 (in [3])
1811  02:47:14 read(3, "\0\0\1\224\10\37\0\0\1\201\0\323#\r#ur\354\351\371#Xq^\272\303\244\330\237-kM"..., 8192) = 408
1811  02:47:14 write(3, "\0\0\1\214\5 \0\0\1\201\0\264G\335\243u\250\36\374\36b\17\271xu\347\301\5\275+\315J"..., 400) = 400
1811  02:47:14 select(4, [3], NULL, NULL, NULL) = 1 (in [3])
1811  02:47:14 read(3, "\0\0\3\274\n!\0\0\1\25\0\0\0\7ssh-rsa\0\0\0\1#\0\0\1\1\0\264"..., 8192) = 976
1811  02:47:14 open("/root/.ssh/known_hosts", O_RDONLY) = 4
1811  02:47:14 fstat(4, {st_mode=S_IFREG|0644, st_size=1177, ...}) = 0
1811  02:47:14 mmap(NULL, 4096, PROT_READ|PROT_WRITE, MAP_PRIVATE|MAP_ANONYMOUS, -1, 0) = 0x7f7990428000
1811  02:47:14 read(4, "172.19.0.36 ssh-rsa AAAAB3NzaC1y"..., 4096) = 1177
1811  02:47:14 read(4, "", 4096)        = 0
1811  02:47:14 close(4)                 = 0
1811  02:47:14 munmap(0x7f7990428000, 4096) = 0
1811  02:47:14 open("/root/.ssh/known_hosts2", O_RDONLY) = -1 ENOENT (No such file or directory)
1811  02:47:14 open("/usr/local/openssh/etc/ssh_known_hosts", O_RDONLY) = -1 ENOENT (No such file or directory)
1811  02:47:14 open("/usr/local/openssh/etc/ssh_known_hosts2", O_RDONLY) = -1 ENOENT (No such file or directory)
1811  02:47:14 clock_gettime(CLOCK_BOOTTIME, {666321, 430837177}) = 0
1811  02:47:14 write(3, "\0\0\0\f\n\25\0\0\0\0\0\0\0\0\0\0", 16) = 16
1811  02:47:14 write(3, "\341%P\0\204v\212\365;\343\30\325\364\304\202\30#\371\313\345\305VE\341\377\234\355e\253\376b#"..., 40) = 40
1811  02:47:14 select(4, [3], NULL, NULL, NULL) = 1 (in [3])
1811  02:47:14 read(3, "\370\301x\10\354k\236;\326\357\v\340\276)\310\35\0308K\2119\350\305\0u\202\33\274.R\235\260"..., 8192) = 40
1811  02:47:14 write(3, "\317\342\355v\325o\354(\260\24-q\374\267\31\227\r\225ot\307R|\262\\b#\203\tL\356&"..., 56) = 56
1811  02:47:14 select(4, [3], NULL, NULL, NULL) = 1 (in [3])
1811  02:47:14 read(3, "\27\30\367\335\330\310\177\366x\232c\345\4\354T3\254\205\313\253\265w\302u\36lEy\217\256>\301"..., 8192) = 72
1811  02:47:14 stat("/root/.ssh/id_rsa", 0x7fffd45fe260) = -1 ENOENT (No such file or directory)
1811  02:47:14 stat("/root/.ssh/id_dsa", 0x7fffd45fe260) = -1 ENOENT (No such file or directory)
1811  02:47:14 stat("/root/.ssh/id_ecdsa", 0x7fffd45fe260) = -1 ENOENT (No such file or directory)
1811  02:47:14 stat("/root/.ssh/id_ed25519", 0x7fffd45fe260) = -1 ENOENT (No such file or directory)
1811  02:47:14 open("/dev/tty", O_RDWR) = 4
1811  02:47:14 close(4)                 = 0
1811  02:47:14 open("/dev/tty", O_RDWR) = 4
1811  02:47:14 ioctl(4, TCGETS, {B38400 opost isig icanon echo ...}) = 0
1811  02:47:14 ioctl(4, SNDCTL_TMR_CONTINUE or TCSETSF, {B38400 opost isig icanon -echo ...}) = 0
1811  02:47:14 rt_sigaction(SIGALRM, {0x55ae9b5120d0, [], SA_RESTORER, 0x7f798efad270}, {SIG_DFL, [], 0}, 8) = 0
1811  02:47:14 rt_sigaction(SIGHUP, {0x55ae9b5120d0, [], SA_RESTORER, 0x7f798efad270}, {SIG_DFL, [], 0}, 8) = 0
1811  02:47:14 rt_sigaction(SIGINT, {0x55ae9b5120d0, [], SA_RESTORER, 0x7f798efad270}, {SIG_DFL, [], 0}, 8) = 0
1811  02:47:14 rt_sigaction(SIGPIPE, {0x55ae9b5120d0, [], SA_RESTORER, 0x7f798efad270}, {SIG_IGN, [], SA_RESTORER, 0x7f798efad270}, 8) = 0
1811  02:47:14 rt_sigaction(SIGQUIT, {0x55ae9b5120d0, [], SA_RESTORER, 0x7f798efad270}, {SIG_DFL, [], 0}, 8) = 0
1811  02:47:14 rt_sigaction(SIGTERM, {0x55ae9b5120d0, [], SA_RESTORER, 0x7f798efad270}, {SIG_DFL, [], 0}, 8) = 0
1811  02:47:14 rt_sigaction(SIGTSTP, {0x55ae9b5120d0, [], SA_RESTORER, 0x7f798efad270}, {SIG_DFL, [], 0}, 8) = 0
1811  02:47:14 rt_sigaction(SIGTTIN, {0x55ae9b5120d0, [], SA_RESTORER, 0x7f798efad270}, {SIG_DFL, [], 0}, 8) = 0
1811  02:47:14 rt_sigaction(SIGTTOU, {0x55ae9b5120d0, [], SA_RESTORER, 0x7f798efad270}, {SIG_DFL, [], 0}, 8) = 0
1811  02:47:14 write(4, "root@10.5.0.208's password: ", 28) = 28
1811  02:47:14 read(4, "y", 1)          = 1
1811  02:47:14 read(4, "o", 1)          = 1
1811  02:47:14 read(4, "t", 1)          = 1
1811  02:47:14 read(4, "p", 1)          = 1
1811  02:47:14 read(4, "4", 1)          = 1
1811  02:47:14 read(4, "o", 1)          = 1
1811  02:47:14 read(4, "z", 1)          = 1
1811  02:47:14 read(4, "A", 1)          = 1
1811  02:47:14 read(4, "c", 1)          = 1
1811  02:47:14 read(4, "C", 1)          = 1
1811  02:47:14 read(4, "=", 1)          = 1
1811  02:47:14 read(4, "b", 1)          = 1
1811  02:47:14 read(4, "~", 1)          = 1
1811  02:47:14 read(4, "V", 1)          = 1
1811  02:47:14 read(4, "4", 1)          = 1
1811  02:47:14 read(4, "K", 1)          = 1
1811  02:47:14 read(4, "G", 1)          = 1
1811  02:47:14 read(4, "V", 1)          = 1
1811  02:47:14 read(4, "/", 1)          = 1
1811  02:47:14 read(4, "s", 1)          = 1
1811  02:47:14 read(4, "\n", 1)         = 1
1811  02:47:14 write(4, "\n", 1)        = 1
1811  02:47:14 ioctl(4, SNDCTL_TMR_CONTINUE or TCSETSF, {B38400 opost isig icanon echo ...}) = 0
1811  02:47:14 rt_sigaction(SIGALRM, {SIG_DFL, [], SA_RESTORER, 0x7f798efad270}, NULL, 8) = 0
1811  02:47:14 rt_sigaction(SIGHUP, {SIG_DFL, [], SA_RESTORER, 0x7f798efad270}, NULL, 8) = 0
1811  02:47:14 rt_sigaction(SIGINT, {SIG_DFL, [], SA_RESTORER, 0x7f798efad270}, NULL, 8) = 0
1811  02:47:14 rt_sigaction(SIGQUIT, {SIG_DFL, [], SA_RESTORER, 0x7f798efad270}, NULL, 8) = 0
1811  02:47:14 rt_sigaction(SIGPIPE, {SIG_IGN, [], SA_RESTORER, 0x7f798efad270}, NULL, 8) = 0
1811  02:47:14 rt_sigaction(SIGTERM, {SIG_DFL, [], SA_RESTORER, 0x7f798efad270}, NULL, 8) = 0
1811  02:47:14 rt_sigaction(SIGTSTP, {SIG_DFL, [], SA_RESTORER, 0x7f798efad270}, NULL, 8) = 0
1811  02:47:14 rt_sigaction(SIGTTIN, {SIG_DFL, [], SA_RESTORER, 0x7f798efad270}, NULL, 8) = 0
1811  02:47:14 rt_sigaction(SIGTTOU, {SIG_DFL, [], SA_RESTORER, 0x7f798efad270}, NULL, 8) = 0
1811  02:47:14 close(4)                 = 0
1811  02:47:14 write(3, "\330^\254\354\317\237C\264HP\250\nT\242/,hg\2551\r\202t\1~s\27\347\36\250\37\n"..., 136) = 136
1811  02:47:14 select(4, [3], NULL, NULL, NULL) = 1 (in [3])
1811  02:47:14 read(3, "\327\220<\225\2378X\350\3005\271^\215\\]a\337\f\305\367t\243F\332", 8192) = 24
1811  02:47:14 dup(0)                   = 4
1811  02:47:14 dup(1)                   = 5
1811  02:47:14 dup(2)                   = 6
1811  02:47:14 ioctl(4, TCGETS, {B38400 opost isig icanon echo ...}) = 0
1811  02:47:14 ioctl(5, TCGETS, {B38400 opost isig icanon echo ...}) = 0
1811  02:47:14 ioctl(6, TCGETS, {B38400 opost isig icanon echo ...}) = 0
1811  02:47:14 fcntl(4, F_SETFD, FD_CLOEXEC) = 0
1811  02:47:14 fcntl(5, F_SETFD, FD_CLOEXEC) = 0
1811  02:47:14 fcntl(6, F_SETFD, FD_CLOEXEC) = 0
1811  02:47:14 rt_sigaction(SIGHUP, NULL, {SIG_DFL, [], SA_RESTORER, 0x7f798efad270}, 8) = 0
1811  02:47:14 rt_sigaction(SIGHUP, {SIG_IGN, [], SA_RESTORER, 0x7f798efad270}, NULL, 8) = 0
1811  02:47:14 rt_sigaction(SIGHUP, NULL, {SIG_IGN, [], SA_RESTORER, 0x7f798efad270}, 8) = 0
1811  02:47:14 rt_sigaction(SIGHUP, {0x55ae9b4ba9f0, [], SA_RESTORER, 0x7f798efad270}, NULL, 8) = 0
1811  02:47:14 rt_sigaction(SIGINT, NULL, {SIG_DFL, [], SA_RESTORER, 0x7f798efad270}, 8) = 0
1811  02:47:14 rt_sigaction(SIGINT, {SIG_IGN, [], SA_RESTORER, 0x7f798efad270}, NULL, 8) = 0
1811  02:47:14 rt_sigaction(SIGINT, NULL, {SIG_IGN, [], SA_RESTORER, 0x7f798efad270}, 8) = 0
1811  02:47:14 rt_sigaction(SIGINT, {0x55ae9b4ba9f0, [], SA_RESTORER, 0x7f798efad270}, NULL, 8) = 0
1811  02:47:14 rt_sigaction(SIGQUIT, NULL, {SIG_DFL, [], SA_RESTORER, 0x7f798efad270}, 8) = 0
1811  02:47:14 rt_sigaction(SIGQUIT, {SIG_IGN, [], SA_RESTORER, 0x7f798efad270}, NULL, 8) = 0
1811  02:47:14 rt_sigaction(SIGQUIT, NULL, {SIG_IGN, [], SA_RESTORER, 0x7f798efad270}, 8) = 0
1811  02:47:14 rt_sigaction(SIGQUIT, {0x55ae9b4ba9f0, [], SA_RESTORER, 0x7f798efad270}, NULL, 8) = 0
1811  02:47:14 rt_sigaction(SIGTERM, NULL, {SIG_DFL, [], SA_RESTORER, 0x7f798efad270}, 8) = 0
1811  02:47:14 rt_sigaction(SIGTERM, {SIG_IGN, [], SA_RESTORER, 0x7f798efad270}, NULL, 8) = 0
1811  02:47:14 rt_sigaction(SIGTERM, NULL, {SIG_IGN, [], SA_RESTORER, 0x7f798efad270}, 8) = 0
1811  02:47:14 rt_sigaction(SIGTERM, {0x55ae9b4ba9f0, [], SA_RESTORER, 0x7f798efad270}, NULL, 8) = 0
1811  02:47:14 rt_sigaction(SIGWINCH, NULL, {SIG_DFL, [], 0}, 8) = 0
1811  02:47:14 rt_sigaction(SIGWINCH, {0x55ae9b4bac80, [], SA_RESTORER, 0x7f798efad270}, NULL, 8) = 0
1811  02:47:14 ioctl(0, TCGETS, {B38400 opost isig icanon echo ...}) = 0
1811  02:47:14 ioctl(0, SNDCTL_TMR_STOP or TCSETSW, {B38400 -opost -isig -icanon -echo ...}) = 0
1811  02:47:14 clock_gettime(CLOCK_BOOTTIME, {666321, 524947441}) = 0
1811  02:47:14 clock_gettime(CLOCK_BOOTTIME, {666321, 524990107}) = 0
1811  02:47:14 select(7, [3], [3], NULL, NULL) = 1 (out [3])
1811  02:47:14 clock_gettime(CLOCK_BOOTTIME, {666321, 525087415}) = 0
1811  02:47:14 write(3, "\357\312\365(WtQ\307H\v\22\255G\220\226\250\f\200\37l\354\3169_\373\333\17\23~\233\332\223"..., 112) = 112
1811  02:47:14 clock_gettime(CLOCK_BOOTTIME, {666321, 525178539}) = 0
1811  02:47:14 clock_gettime(CLOCK_BOOTTIME, {666321, 525219526}) = 0
1811  02:47:14 select(7, [3], [], NULL, NULL) = 1 (in [3])
1811  02:47:14 clock_gettime(CLOCK_BOOTTIME, {666321, 533441249}) = 0
1811  02:47:14 read(3, "Y\360\361,\376$}\300COm\312\324\255}\5\306\303X\205i3\360\33\202%\225#9\250\346\343"..., 8192) = 40
1811  02:47:14 getsockopt(3, SOL_TCP, TCP_NODELAY, [0], [4]) = 0
1811  02:47:14 setsockopt(3, SOL_TCP, TCP_NODELAY, [1], 4) = 0
1811  02:47:14 getsockname(3, {sa_family=AF_INET, sin_port=htons(33882), sin_addr=inet_addr("10.5.0.222")}, [16]) = 0
1811  02:47:14 setsockopt(3, SOL_IP, IP_TOS, [16], 4) = 0
1811  02:47:14 ioctl(0, TIOCGWINSZ, {ws_row=24, ws_col=80, ws_xpixel=0, ws_ypixel=0}) = 0
1811  02:47:14 clock_gettime(CLOCK_BOOTTIME, {666321, 533789993}) = 0
1811  02:47:14 clock_gettime(CLOCK_BOOTTIME, {666321, 533829854}) = 0
1811  02:47:14 select(7, [3], [3], NULL, NULL) = 1 (out [3])
1811  02:47:14 clock_gettime(CLOCK_BOOTTIME, {666321, 533913978}) = 0
1811  02:47:14 write(3, "\220R\303={\333B\323n\223\r\32o\363\203\325\362\24\236\230\337'\27_\313,\220\222\241\366d\317"..., 368) = 368
1811  02:47:14 clock_gettime(CLOCK_BOOTTIME, {666321, 534018173}) = 0
1811  02:47:14 clock_gettime(CLOCK_BOOTTIME, {666321, 534059667}) = 0
1811  02:47:14 select(7, [3], [], NULL, NULL) = 1 (in [3])
1811  02:47:14 clock_gettime(CLOCK_BOOTTIME, {666321, 534604808}) = 0
1811  02:47:14 read(3, ":AUI\200\21`D\21\364/\374D@\10r\372\367qj\227\27>\235]\351g\205^\2759\210"..., 8192) = 88
1811  02:47:14 clock_gettime(CLOCK_BOOTTIME, {666321, 534694240}) = 0
1811  02:47:14 clock_gettime(CLOCK_BOOTTIME, {666321, 534735033}) = 0
1811  02:47:14 select(7, [3 4], [], NULL, NULL) = 1 (in [3])
1811  02:47:14 clock_gettime(CLOCK_BOOTTIME, {666321, 540343898}) = 0
1811  02:47:14 read(3, "\261\321H\327\0\357\210\325\305!\270u\17\202\26\313\236\363\376\374\207\1773\314Fb@6jB%["..., 8192) = 152
1811  02:47:14 clock_gettime(CLOCK_BOOTTIME, {666321, 540437470}) = 0
1811  02:47:14 clock_gettime(CLOCK_BOOTTIME, {666321, 540479842}) = 0
1811  02:47:14 select(7, [3 4], [5], NULL, NULL) = 1 (out [5])
1811  02:47:14 clock_gettime(CLOCK_BOOTTIME, {666321, 540585735}) = 0
1811  02:47:14 write(5, "Last login: Thu Jun 21 20:03:01 "..., 111) = 111
1811  02:47:14 clock_gettime(CLOCK_BOOTTIME, {666321, 540715434}) = 0
1811  02:47:14 clock_gettime(CLOCK_BOOTTIME, {666321, 540756019}) = 0
1811  02:47:14 select(7, [3 4], [], NULL, NULL) = 1 (in [3])
1811  02:47:14 clock_gettime(CLOCK_BOOTTIME, {666321, 561135658}) = 0
1811  02:47:14 read(3, "L\253D\22R\337\21'\230\362\215D\264X\307\26\244\336f\211mTV\322^\340\222\204\232\354\243\276"..., 8192) = 56
1811  02:47:14 clock_gettime(CLOCK_BOOTTIME, {666321, 561263461}) = 0
1811  02:47:14 clock_gettime(CLOCK_BOOTTIME, {666321, 561304724}) = 0
1811  02:47:14 select(7, [3 4], [5], NULL, NULL) = 1 (out [5])
1811  02:47:14 clock_gettime(CLOCK_BOOTTIME, {666321, 561392842}) = 0
1811  02:47:14 write(5, "[root@ali-p2p-h5-1 ~]# ", 23) = 23
1811  02:47:14 clock_gettime(CLOCK_BOOTTIME, {666321, 561513667}) = 0
1811  02:47:14 clock_gettime(CLOCK_BOOTTIME, {666321, 561562190}) = 0
1811  02:47:14 select(7, [3 4], [], NULL, NULL) = 1 (in [4])
1811  02:47:25 clock_gettime(CLOCK_BOOTTIME, {666332, 526219081}) = 0
1811  02:47:25 read(4, "\33[A", 16384)  = 3
1811  02:47:25 clock_gettime(CLOCK_BOOTTIME, {666332, 526359838}) = 0
1811  02:47:25 clock_gettime(CLOCK_BOOTTIME, {666332, 526415271}) = 0
1811  02:47:25 select(7, [3 4], [3], NULL, NULL) = 1 (out [3])
1811  02:47:25 clock_gettime(CLOCK_BOOTTIME, {666332, 526508751}) = 0
1811  02:47:25 write(3, "-\302\1\37\34\325F\370uje\260\340l\6\272\270\205\36g\377(\234\26\321\3\377\337P\333\262Q"..., 40) = 40
1811  02:47:25 clock_gettime(CLOCK_BOOTTIME, {666332, 526619859}) = 0
1811  02:47:25 clock_gettime(CLOCK_BOOTTIME, {666332, 526661637}) = 0
1811  02:47:25 select(7, [3 4], [], NULL, NULL) = 1 (in [3])
1811  02:47:25 clock_gettime(CLOCK_BOOTTIME, {666332, 528101799}) = 0
1811  02:47:25 read(3, "\6\221z/\333\306\253%\341\217\220\333\240[%\17\234\264\203\4\250\235k\367*\371\27L\211\370\27\n"..., 8192) = 40
1811  02:47:25 clock_gettime(CLOCK_BOOTTIME, {666332, 528193178}) = 0
1811  02:47:25 clock_gettime(CLOCK_BOOTTIME, {666332, 528234440}) = 0
1811  02:47:25 select(7, [3 4], [5], NULL, NULL) = 1 (out [5])
1811  02:47:25 clock_gettime(CLOCK_BOOTTIME, {666332, 528323728}) = 0
1811  02:47:25 write(5, "exit", 4)      = 4
1811  02:47:25 clock_gettime(CLOCK_BOOTTIME, {666332, 528452780}) = 0
1811  02:47:25 clock_gettime(CLOCK_BOOTTIME, {666332, 528503580}) = 0
1811  02:47:25 select(7, [3 4], [], NULL, NULL) = 1 (in [3])
1811  02:50:14 clock_gettime(CLOCK_BOOTTIME, {666501, 559053895}) = 0
1811  02:50:14 read(3, "\3v\366\351K\34\235E\262\357\361T\0WY55\26754y/\335W'\272\17\222\2066\324\30"..., 8192) = 72
1811  02:50:14 clock_gettime(CLOCK_BOOTTIME, {666501, 559200076}) = 0
1811  02:50:14 clock_gettime(CLOCK_BOOTTIME, {666501, 559243901}) = 0
1811  02:50:14 select(7, [3 4], [5], NULL, NULL) = 1 (out [5])
1811  02:50:14 clock_gettime(CLOCK_BOOTTIME, {666501, 559341129}) = 0
1811  02:50:14 write(5, "\7timed out waiting for input: au"..., 43) = 43
1811  02:50:14 clock_gettime(CLOCK_BOOTTIME, {666501, 559496191}) = 0
1811  02:50:14 clock_gettime(CLOCK_BOOTTIME, {666501, 559560872}) = 0
1811  02:50:14 select(7, [3 4], [], NULL, NULL) = 1 (in [3])
1811  02:50:14 clock_gettime(CLOCK_BOOTTIME, {666501, 562129789}) = 0
1811  02:50:14 read(3, "\370\";b\351\251\210 \370\316\353<#\234\256\251\3659Y\210\341\213\243\21\354\375\237\204#\372\210t"..., 8192) = 160
1811  02:50:14 close(5)                 = 0
1811  02:50:14 close(4)                 = 0
1811  02:50:14 clock_gettime(CLOCK_BOOTTIME, {666501, 562340608}) = 0
1811  02:50:14 clock_gettime(CLOCK_BOOTTIME, {666501, 562390721}) = 0
1811  02:50:14 ioctl(0, SNDCTL_TMR_STOP or TCSETSW, {B38400 opost isig icanon echo ...}) = 0
1811  02:50:14 close(6)                 = 0
1811  02:50:14 select(7, [3], [3], NULL, NULL) = 1 (out [3])
1811  02:50:14 clock_gettime(CLOCK_BOOTTIME, {666501, 562612534}) = 0
1811  02:50:14 write(3, "3\247\243\255\30\205\347\257J\2\313!\325\300\24\2-\365\322\275x\221\216\242", 24) = 24
1811  02:50:14 rt_sigaction(SIGWINCH, NULL, {0x55ae9b4bac80, [], SA_RESTORER, 0x7f798efad270}, 8) = 0
1811  02:50:14 rt_sigaction(SIGWINCH, {SIG_DFL, [], SA_RESTORER, 0x7f798efad270}, NULL, 8) = 0
1811  02:50:14 write(3, "\200\316\223\220\222~\272\304E}j\6\307G\25)\301\10\375\236\177;\346\321\352\363\36\373\2216\315\342"..., 56) = 56
1811  02:50:14 ioctl(0, TCGETS, {B38400 opost isig icanon echo ...}) = 0
1811  02:50:14 ioctl(1, TCGETS, {B38400 opost isig icanon echo ...}) = 0
1811  02:50:14 ioctl(2, TCGETS, {B38400 opost isig icanon echo ...}) = 0
1811  02:50:14 write(2, "Connection to 10.5.0.208 closed."..., 34) = 34
1811  02:50:14 shutdown(3, SHUT_RDWR)   = 0
1811  02:50:14 close(3)                 = 0
1811  02:50:14 write(1, "random tag:taq4gj2buo", 21) = 21
1811  02:50:14 exit_group(0)            = ?
1811  02:50:14 +++ exited with 0 +++
