24888 10:12:46 select(4, [3], NULL, NULL, NULL) = 1 (in [3])
24888 10:12:46 read(3, "\0\0\3\274\t!\0\0\1\25\0\0\0\7ssh-rsa\0\0\0\1#\0\0\1\1\0\264"..., 8192) = 976
24888 10:12:46 open("/root/.ssh/known_hosts", O_RDONLY) = 4
24888 10:12:46 fstat(4, {st_mode=S_IFREG|0644, st_size=1177, ...}) = 0
24888 10:12:46 mmap(NULL, 4096, PROT_READ|PROT_WRITE, MAP_PRIVATE|MAP_ANONYMOUS, -1, 0) = 0x7f2d8fd11000
24888 10:12:46 read(4, "172.19.0.36 ssh-rsa AAAAB3NzaC1y"..., 4096) = 1177
24888 10:12:46 read(4, "", 4096)        = 0
24888 10:12:46 close(4)                 = 0
24888 10:12:46 munmap(0x7f2d8fd11000, 4096) = 0
24888 10:12:46 open("/root/.ssh/known_hosts2", O_RDONLY) = -1 ENOENT (No such file or directory)
24888 10:12:46 open("/usr/local/openssh/etc/ssh_known_hosts", O_RDONLY) = -1 ENOENT (No such file or directory)
24888 10:12:46 open("/usr/local/openssh/etc/ssh_known_hosts2", O_RDONLY) = -1 ENOENT (No such file or directory)
24888 10:12:46 clock_gettime(CLOCK_BOOTTIME, {606652, 962411444}) = 0
24888 10:12:46 write(3, "\0\0\0\f\n\25\0\0\0\0\0\0\0\0\0\0", 16) = 16
24888 10:12:46 write(3, "\247\r:\177l\204Q\374\304\34l\\\245\375E\375\353O\323WY\n\204\27\2\325\374)\16\314\301\5"..., 40) = 40
24888 10:12:46 select(4, [3], NULL, NULL, NULL) = 1 (in [3])
24888 10:12:46 read(3, "K,\366\370\302\2120?\34\20\nMqe\225R\315\362\263\260\206W\360\365\342nr\354$\350\v_"..., 8192) = 40
24888 10:12:46 write(3, "\216\16\2525\5\220}\262\314\23U\240{a#ZW\347D\34Pe4a\251\212E\352\322\255&\316"..., 56) = 56
24888 10:12:46 select(4, [3], NULL, NULL, NULL) = 1 (in [3])
24888 10:12:46 read(3, "^^\325d8cR\344\25\356\320\374'X\2\277\335B\377^to\"\nN\241\363\237C\2306\n"..., 8192) = 72
24888 10:12:46 stat("/root/.ssh/id_rsa", 0x7ffd3b3f80c0) = -1 ENOENT (No such file or directory)
24888 10:12:46 stat("/root/.ssh/id_dsa", 0x7ffd3b3f80c0) = -1 ENOENT (No such file or directory)
24888 10:12:46 stat("/root/.ssh/id_ecdsa", 0x7ffd3b3f80c0) = -1 ENOENT (No such file or directory)
24888 10:12:46 stat("/root/.ssh/id_ed25519", 0x7ffd3b3f80c0) = -1 ENOENT (No such file or directory)
24888 10:12:46 open("/dev/tty", O_RDWR) = 4
24888 10:12:46 close(4)                 = 0
24888 10:12:46 open("/dev/tty", O_RDWR) = 4
24888 10:12:46 ioctl(4, TCGETS, {B38400 opost isig icanon echo ...}) = 0
24888 10:12:46 ioctl(4, SNDCTL_TMR_CONTINUE or TCSETSF, {B38400 opost isig icanon -echo ...}) = 0
24888 10:12:46 rt_sigaction(SIGALRM, {0x56446b3570d0, [], SA_RESTORER, 0x7f2d8e896270}, {SIG_DFL, [], 0}, 8) = 0
24888 10:12:46 rt_sigaction(SIGHUP, {0x56446b3570d0, [], SA_RESTORER, 0x7f2d8e896270}, {SIG_DFL, [], 0}, 8) = 0
24888 10:12:46 rt_sigaction(SIGINT, {0x56446b3570d0, [], SA_RESTORER, 0x7f2d8e896270}, {SIG_DFL, [], 0}, 8) = 0
24888 10:12:46 rt_sigaction(SIGPIPE, {0x56446b3570d0, [], SA_RESTORER, 0x7f2d8e896270}, {SIG_IGN, [], SA_RESTORER, 0x7f2d8e896270}, 8) = 0
24888 10:12:46 rt_sigaction(SIGQUIT, {0x56446b3570d0, [], SA_RESTORER, 0x7f2d8e896270}, {SIG_DFL, [], 0}, 8) = 0
24888 10:12:46 rt_sigaction(SIGTERM, {0x56446b3570d0, [], SA_RESTORER, 0x7f2d8e896270}, {SIG_DFL, [], 0}, 8) = 0
24888 10:12:46 rt_sigaction(SIGTSTP, {0x56446b3570d0, [], SA_RESTORER, 0x7f2d8e896270}, {SIG_DFL, [], 0}, 8) = 0
24888 10:12:46 rt_sigaction(SIGTTIN, {0x56446b3570d0, [], SA_RESTORER, 0x7f2d8e896270}, {SIG_DFL, [], 0}, 8) = 0
24888 10:12:46 rt_sigaction(SIGTTOU, {0x56446b3570d0, [], SA_RESTORER, 0x7f2d8e896270}, {SIG_DFL, [], 0}, 8) = 0
24888 10:12:46 write(4, "root@10.5.0.208's password: ", 28) = 28
24888 10:12:46 read(4, "y", 1)          = 1
24888 10:12:46 read(4, "o", 1)          = 1
24888 10:12:46 read(4, "t", 1)          = 1
24888 10:12:46 read(4, "p", 1)          = 1
24888 10:12:46 read(4, "4", 1)          = 1
24888 10:12:46 read(4, "o", 1)          = 1
24888 10:12:46 read(4, "z", 1)          = 1
24888 10:12:46 read(4, "A", 1)          = 1
24888 10:12:46 read(4, "c", 1)          = 1
24888 10:12:46 read(4, "C", 1)          = 1
24888 10:12:46 read(4, "=", 1)          = 1
24888 10:12:46 read(4, "b", 1)          = 1
24888 10:12:46 read(4, "~", 1)          = 1
24888 10:12:46 read(4, "V", 1)          = 1
24888 10:12:46 read(4, "4", 1)          = 1
24888 10:12:46 read(4, "K", 1)          = 1
24888 10:12:46 read(4, "G", 1)          = 1
24888 10:12:46 read(4, "V", 1)          = 1
24888 10:12:46 read(4, "/", 1)          = 1
24888 10:12:46 read(4, "s", 1)          = 1
24888 10:12:46 read(4, "\n", 1)         = 1
24888 10:12:46 write(4, "\n", 1)        = 1
24888 10:12:46 ioctl(4, SNDCTL_TMR_CONTINUE or TCSETSF, {B38400 opost isig icanon echo ...}) = 0
24888 10:12:46 rt_sigaction(SIGALRM, {SIG_DFL, [], SA_RESTORER, 0x7f2d8e896270}, NULL, 8) = 0
24888 10:12:46 rt_sigaction(SIGHUP, {SIG_DFL, [], SA_RESTORER, 0x7f2d8e896270}, NULL, 8) = 0
24888 10:12:46 rt_sigaction(SIGINT, {SIG_DFL, [], SA_RESTORER, 0x7f2d8e896270}, NULL, 8) = 0
24888 10:12:46 rt_sigaction(SIGQUIT, {SIG_DFL, [], SA_RESTORER, 0x7f2d8e896270}, NULL, 8) = 0
24888 10:12:46 rt_sigaction(SIGPIPE, {SIG_IGN, [], SA_RESTORER, 0x7f2d8e896270}, NULL, 8) = 0
24888 10:12:46 rt_sigaction(SIGTERM, {SIG_DFL, [], SA_RESTORER, 0x7f2d8e896270}, NULL, 8) = 0
24888 10:12:46 rt_sigaction(SIGTSTP, {SIG_DFL, [], SA_RESTORER, 0x7f2d8e896270}, NULL, 8) = 0
24888 10:12:46 rt_sigaction(SIGTTIN, {SIG_DFL, [], SA_RESTORER, 0x7f2d8e896270}, NULL, 8) = 0
24888 10:12:46 rt_sigaction(SIGTTOU, {SIG_DFL, [], SA_RESTORER, 0x7f2d8e896270}, NULL, 8) = 0
24888 10:12:46 close(4)                 = 0
24888 10:12:46 write(3, "\347ke\325<d\323\360t\35\365\325\7\2712\330H@\357\3\v\236\234\227\256o]\301\315\331\206\233"..., 136) = 136
24888 10:12:46 select(4, [3], NULL, NULL, NULL) = 1 (in [3])
24888 10:12:46 read(3, "J\205f\t\252\r\243\211\364\275l\353\1qc\310\375\200w\7\335\261\240F", 8192) = 24
24888 10:12:46 dup(0)                   = 4
24888 10:12:46 dup(1)                   = 5
24888 10:12:46 dup(2)                   = 6
24888 10:12:46 ioctl(4, TCGETS, {B38400 opost isig icanon echo ...}) = 0
24888 10:12:46 ioctl(5, TCGETS, {B38400 opost isig icanon echo ...}) = 0
24888 10:12:46 ioctl(6, TCGETS, {B38400 opost isig icanon echo ...}) = 0
24888 10:12:46 fcntl(4, F_SETFD, FD_CLOEXEC) = 0
24888 10:12:46 fcntl(5, F_SETFD, FD_CLOEXEC) = 0
24888 10:12:46 fcntl(6, F_SETFD, FD_CLOEXEC) = 0
24888 10:12:46 rt_sigaction(SIGHUP, NULL, {SIG_DFL, [], SA_RESTORER, 0x7f2d8e896270}, 8) = 0
24888 10:12:46 rt_sigaction(SIGHUP, {SIG_IGN, [], SA_RESTORER, 0x7f2d8e896270}, NULL, 8) = 0
24888 10:12:46 rt_sigaction(SIGHUP, NULL, {SIG_IGN, [], SA_RESTORER, 0x7f2d8e896270}, 8) = 0
24888 10:12:46 rt_sigaction(SIGHUP, {0x56446b2ff9f0, [], SA_RESTORER, 0x7f2d8e896270}, NULL, 8) = 0
24888 10:12:46 rt_sigaction(SIGINT, NULL, {SIG_DFL, [], SA_RESTORER, 0x7f2d8e896270}, 8) = 0
24888 10:12:46 rt_sigaction(SIGINT, {SIG_IGN, [], SA_RESTORER, 0x7f2d8e896270}, NULL, 8) = 0
24888 10:12:46 rt_sigaction(SIGINT, NULL, {SIG_IGN, [], SA_RESTORER, 0x7f2d8e896270}, 8) = 0
24888 10:12:46 rt_sigaction(SIGINT, {0x56446b2ff9f0, [], SA_RESTORER, 0x7f2d8e896270}, NULL, 8) = 0
24888 10:12:46 rt_sigaction(SIGQUIT, NULL, {SIG_DFL, [], SA_RESTORER, 0x7f2d8e896270}, 8) = 0
24888 10:12:46 rt_sigaction(SIGQUIT, {SIG_IGN, [], SA_RESTORER, 0x7f2d8e896270}, NULL, 8) = 0
24888 10:12:46 rt_sigaction(SIGQUIT, NULL, {SIG_IGN, [], SA_RESTORER, 0x7f2d8e896270}, 8) = 0
24888 10:12:46 rt_sigaction(SIGQUIT, {0x56446b2ff9f0, [], SA_RESTORER, 0x7f2d8e896270}, NULL, 8) = 0
24888 10:12:46 rt_sigaction(SIGTERM, NULL, {SIG_DFL, [], SA_RESTORER, 0x7f2d8e896270}, 8) = 0
24888 10:12:46 rt_sigaction(SIGTERM, {SIG_IGN, [], SA_RESTORER, 0x7f2d8e896270}, NULL, 8) = 0
24888 10:12:46 rt_sigaction(SIGTERM, NULL, {SIG_IGN, [], SA_RESTORER, 0x7f2d8e896270}, 8) = 0
24888 10:12:46 rt_sigaction(SIGTERM, {0x56446b2ff9f0, [], SA_RESTORER, 0x7f2d8e896270}, NULL, 8) = 0
24888 10:12:46 rt_sigaction(SIGWINCH, NULL, {SIG_DFL, [], 0}, 8) = 0
24888 10:12:46 rt_sigaction(SIGWINCH, {0x56446b2ffc80, [], SA_RESTORER, 0x7f2d8e896270}, NULL, 8) = 0
24888 10:12:46 ioctl(0, TCGETS, {B38400 opost isig icanon echo ...}) = 0
24888 10:12:46 ioctl(0, SNDCTL_TMR_STOP or TCSETSW, {B38400 -opost -isig -icanon -echo ...}) = 0
24888 10:12:46 clock_gettime(CLOCK_BOOTTIME, {606653, 47912402}) = 0
24888 10:12:46 clock_gettime(CLOCK_BOOTTIME, {606653, 47961651}) = 0
24888 10:12:46 select(7, [3], [3], NULL, NULL) = 1 (out [3])
24888 10:12:46 clock_gettime(CLOCK_BOOTTIME, {606653, 48060215}) = 0
24888 10:12:46 write(3, "vO|\242\3@\320\25\21\330}\317\"Q4g\261$=s<\305\212\231gQ\32'|Vq^"..., 112) = 112
24888 10:12:46 clock_gettime(CLOCK_BOOTTIME, {606653, 48153662}) = 0
24888 10:12:46 clock_gettime(CLOCK_BOOTTIME, {606653, 48203954}) = 0
24888 10:12:46 select(7, [3], [], NULL, NULL) = 1 (in [3])
24888 10:12:46 clock_gettime(CLOCK_BOOTTIME, {606653, 51549176}) = 0
24888 10:12:46 read(3, "5$x\352H\307\242\302\354`\236|<s\316YA\266\226\267\363\357\327\34|\264\224\273\35GE\322"..., 8192) = 40
24888 10:12:46 getsockopt(3, SOL_TCP, TCP_NODELAY, [0], [4]) = 0
24888 10:12:46 setsockopt(3, SOL_TCP, TCP_NODELAY, [1], 4) = 0
24888 10:12:46 getsockname(3, {sa_family=AF_INET, sin_port=htons(41498), sin_addr=inet_addr("10.5.0.222")}, [16]) = 0
24888 10:12:46 setsockopt(3, SOL_IP, IP_TOS, [16], 4) = 0
24888 10:12:46 ioctl(0, TIOCGWINSZ, {ws_row=45, ws_col=132, ws_xpixel=0, ws_ypixel=0}) = 0
24888 10:12:46 clock_gettime(CLOCK_BOOTTIME, {606653, 51886679}) = 0
24888 10:12:46 clock_gettime(CLOCK_BOOTTIME, {606653, 51928504}) = 0
24888 10:12:46 select(7, [3], [3], NULL, NULL) = 1 (out [3])
24888 10:12:46 clock_gettime(CLOCK_BOOTTIME, {606653, 52023854}) = 0
24888 10:12:46 write(3, "3\271q\354\341L0\325\274\366~\336\371\322\376\34v\216 \250\207\367\373w\205\233\323O\204\tEj"..., 368) = 368
24888 10:12:46 clock_gettime(CLOCK_BOOTTIME, {606653, 52120915}) = 0
24888 10:12:46 clock_gettime(CLOCK_BOOTTIME, {606653, 52162321}) = 0
24888 10:12:46 select(7, [3], [], NULL, NULL) = 1 (in [3])
24888 10:12:46 clock_gettime(CLOCK_BOOTTIME, {606653, 52685418}) = 0
24888 10:12:46 read(3, "n\260\365\360\376a\353\35\264Q\221\341%{*\221(Zn\335\376\374-\212\236\300.\2164\300\221b"..., 8192) = 88
24888 10:12:46 clock_gettime(CLOCK_BOOTTIME, {606653, 52781960}) = 0
24888 10:12:46 clock_gettime(CLOCK_BOOTTIME, {606653, 52823195}) = 0
24888 10:12:46 select(7, [3 4], [], NULL, NULL) = 1 (in [3])
24888 10:12:46 clock_gettime(CLOCK_BOOTTIME, {606653, 57197478}) = 0
24888 10:12:46 read(3, "J\6\352\274_\30C!\304\363\256W\223U\241\302\335\r(\237\224M\242\311\225\214\210\321\234\10/\341"..., 8192) = 152
24888 10:12:46 clock_gettime(CLOCK_BOOTTIME, {606653, 57293040}) = 0
24888 10:12:46 clock_gettime(CLOCK_BOOTTIME, {606653, 57334713}) = 0
24888 10:12:46 select(7, [3 4], [5], NULL, NULL) = 1 (out [5])
24888 10:12:46 clock_gettime(CLOCK_BOOTTIME, {606653, 57422694}) = 0
24888 10:12:46 write(5, "Last login: Thu Jun 21 17:51:11 "..., 111) = 111
24888 10:12:46 clock_gettime(CLOCK_BOOTTIME, {606653, 57549424}) = 0
24888 10:12:46 clock_gettime(CLOCK_BOOTTIME, {606653, 57591624}) = 0
24888 10:12:46 select(7, [3 4], [], NULL, NULL) = 1 (in [3])
24888 10:12:46 clock_gettime(CLOCK_BOOTTIME, {606653, 74460690}) = 0
24888 10:12:46 read(3, "7\37\270\250\"\377\r\324\n\371\372\277\334\247\256\222\324\23\357\372\312\334\16\315\225\203\5%\36!%\265"..., 8192) = 56
24888 10:12:46 clock_gettime(CLOCK_BOOTTIME, {606653, 74566816}) = 0
24888 10:12:46 clock_gettime(CLOCK_BOOTTIME, {606653, 74607863}) = 0
24888 10:12:46 select(7, [3 4], [5], NULL, NULL) = 1 (out [5])
24888 10:12:46 clock_gettime(CLOCK_BOOTTIME, {606653, 74693587}) = 0
24888 10:12:46 write(5, "[root@ali-p2p-h5-1 ~]# ", 23) = 23
24888 10:12:46 clock_gettime(CLOCK_BOOTTIME, {606653, 74813116}) = 0
24888 10:12:46 clock_gettime(CLOCK_BOOTTIME, {606653, 74854212}) = 0
24888 10:12:46 select(7, [3 4], [], NULL, NULL) = 1 (in [4])
24888 10:12:49 clock_gettime(CLOCK_BOOTTIME, {606655, 847086045}) = 0
24888 10:12:49 read(4, "\r", 16384)     = 1
24888 10:12:49 clock_gettime(CLOCK_BOOTTIME, {606655, 847218437}) = 0
24888 10:12:49 clock_gettime(CLOCK_BOOTTIME, {606655, 847261001}) = 0
24888 10:12:49 select(7, [3 4], [3], NULL, NULL) = 1 (out [3])
24888 10:12:49 clock_gettime(CLOCK_BOOTTIME, {606655, 847352644}) = 0
24888 10:12:49 write(3, "\277\336\366\27-R\231\246A\230\231:\204mt\265*\3406\203\212\364}\341j\352\3470\261\326\316\243"..., 40) = 40
24888 10:12:49 clock_gettime(CLOCK_BOOTTIME, {606655, 847463739}) = 0
24888 10:12:49 clock_gettime(CLOCK_BOOTTIME, {606655, 847505958}) = 0
24888 10:12:49 select(7, [3 4], [], NULL, NULL) = 1 (in [3])
24888 10:12:49 clock_gettime(CLOCK_BOOTTIME, {606655, 849487252}) = 0
24888 10:12:49 read(3, "\310\261\246\22\213\374x>\333\251\314\346\314\234x\350\245(\231\177\3302\362n\2322\246x\240\t^\251"..., 8192) = 40
24888 10:12:49 clock_gettime(CLOCK_BOOTTIME, {606655, 849581050}) = 0
24888 10:12:49 clock_gettime(CLOCK_BOOTTIME, {606655, 849623521}) = 0
24888 10:12:49 select(7, [3 4], [5], NULL, NULL) = 1 (out [5])
24888 10:12:49 clock_gettime(CLOCK_BOOTTIME, {606655, 849712798}) = 0
24888 10:12:49 write(5, "\r\n", 2)      = 2
24888 10:12:49 clock_gettime(CLOCK_BOOTTIME, {606655, 849850260}) = 0
24888 10:12:49 clock_gettime(CLOCK_BOOTTIME, {606655, 849893137}) = 0
24888 10:12:49 select(7, [3 4], [], NULL, NULL) = 1 (in [3])
24888 10:12:49 clock_gettime(CLOCK_BOOTTIME, {606655, 853463350}) = 0
24888 10:12:49 read(3, "\212\241vY\362\227\340\325\244\263:\300\271\214\255\242\237\21\177\202\233\350\311\322\246\244\303\1\2034:C"..., 8192) = 56
24888 10:12:49 clock_gettime(CLOCK_BOOTTIME, {606655, 853555537}) = 0
24888 10:12:49 clock_gettime(CLOCK_BOOTTIME, {606655, 853596485}) = 0
24888 10:12:49 select(7, [3 4], [5], NULL, NULL) = 1 (out [5])
24888 10:12:49 clock_gettime(CLOCK_BOOTTIME, {606655, 853685498}) = 0
24888 10:12:49 write(5, "[root@ali-p2p-h5-1 ~]# ", 23) = 23
24888 10:12:49 clock_gettime(CLOCK_BOOTTIME, {606655, 853806612}) = 0
24888 10:12:49 clock_gettime(CLOCK_BOOTTIME, {606655, 853848689}) = 0
24888 10:12:49 select(7, [3 4], [], NULL, NULL) = 1 (in [4])
24888 10:12:49 clock_gettime(CLOCK_BOOTTIME, {606656, 212094413}) = 0
24888 10:12:49 read(4, "\r", 16384)     = 1
24888 10:12:49 clock_gettime(CLOCK_BOOTTIME, {606656, 212219583}) = 0
24888 10:12:49 clock_gettime(CLOCK_BOOTTIME, {606656, 212262235}) = 0
24888 10:12:49 select(7, [3 4], [3], NULL, NULL) = 1 (out [3])
24888 10:12:49 clock_gettime(CLOCK_BOOTTIME, {606656, 212351644}) = 0
24888 10:12:49 write(3, "CIL\3672\314\nsF\316\324\26:\340\0\10\356\203\213\263\263\366\271\3446\210CiZ\265\374\f"..., 40) = 40
24888 10:12:49 clock_gettime(CLOCK_BOOTTIME, {606656, 212458536}) = 0
24888 10:12:49 clock_gettime(CLOCK_BOOTTIME, {606656, 212499515}) = 0
24888 10:12:49 select(7, [3 4], [], NULL, NULL) = 1 (in [3])
24888 10:12:49 clock_gettime(CLOCK_BOOTTIME, {606656, 214503192}) = 0
24888 10:12:49 read(3, "\234\254\276t\231\177\236#\177\261\333\370\21.lFk\322\332\36{|\252\224\327\226\376h\241\261\374\342"..., 8192) = 40
24888 10:12:49 clock_gettime(CLOCK_BOOTTIME, {606656, 214595179}) = 0
24888 10:12:49 clock_gettime(CLOCK_BOOTTIME, {606656, 214635835}) = 0
24888 10:12:49 select(7, [3 4], [5], NULL, NULL) = 1 (out [5])
24888 10:12:49 clock_gettime(CLOCK_BOOTTIME, {606656, 214721751}) = 0
24888 10:12:49 write(5, "\r\n", 2)      = 2
24888 10:12:49 clock_gettime(CLOCK_BOOTTIME, {606656, 214852561}) = 0
24888 10:12:49 clock_gettime(CLOCK_BOOTTIME, {606656, 214893170}) = 0
24888 10:12:49 select(7, [3 4], [], NULL, NULL) = 1 (in [3])
24888 10:12:49 clock_gettime(CLOCK_BOOTTIME, {606656, 219215878}) = 0
24888 10:12:49 read(3, "\3465t\370/\371S\245\2451\272zE\210;\205{\234q\21\30Q\"+4\2\243w\306AGI"..., 8192) = 56
24888 10:12:49 clock_gettime(CLOCK_BOOTTIME, {606656, 219304103}) = 0
24888 10:12:49 clock_gettime(CLOCK_BOOTTIME, {606656, 219345509}) = 0
24888 10:12:49 select(7, [3 4], [5], NULL, NULL) = 1 (out [5])
24888 10:12:49 clock_gettime(CLOCK_BOOTTIME, {606656, 219432273}) = 0
24888 10:12:49 write(5, "[root@ali-p2p-h5-1 ~]# ", 23) = 23
24888 10:12:49 clock_gettime(CLOCK_BOOTTIME, {606656, 219542536}) = 0
24888 10:12:49 clock_gettime(CLOCK_BOOTTIME, {606656, 219583998}) = 0
24888 10:12:49 select(7, [3 4], [], NULL, NULL) = 1 (in [4])
24888 10:12:50 clock_gettime(CLOCK_BOOTTIME, {606656, 780495259}) = 0
24888 10:12:50 read(4, "e", 16384)      = 1
24888 10:12:50 clock_gettime(CLOCK_BOOTTIME, {606656, 780628057}) = 0
24888 10:12:50 clock_gettime(CLOCK_BOOTTIME, {606656, 780670774}) = 0
24888 10:12:50 select(7, [3 4], [3], NULL, NULL) = 1 (out [3])
24888 10:12:50 clock_gettime(CLOCK_BOOTTIME, {606656, 780783021}) = 0
24888 10:12:50 write(3, "\357\35\203(\223\307\225s@'\201t_\226{KVA\224\314,\355es1-\367}\24?\251\230"..., 40) = 40
24888 10:12:50 clock_gettime(CLOCK_BOOTTIME, {606656, 780887462}) = 0
24888 10:12:50 clock_gettime(CLOCK_BOOTTIME, {606656, 780927590}) = 0
24888 10:12:50 select(7, [3 4], [], NULL, NULL) = 1 (in [3])
24888 10:12:50 clock_gettime(CLOCK_BOOTTIME, {606656, 782222887}) = 0
24888 10:12:50 read(3, "\344'\2441\210\312\346\335^Z\216\311P\362\255\213\247\241\263\314\177\332\274a\263\257!\21\265\367\3267"..., 8192) = 40
24888 10:12:50 clock_gettime(CLOCK_BOOTTIME, {606656, 782312845}) = 0
24888 10:12:50 clock_gettime(CLOCK_BOOTTIME, {606656, 782353026}) = 0
24888 10:12:50 select(7, [3 4], [5], NULL, NULL) = 1 (out [5])
24888 10:12:50 clock_gettime(CLOCK_BOOTTIME, {606656, 782439989}) = 0
24888 10:12:50 write(5, "e", 1)         = 1
24888 10:12:50 clock_gettime(CLOCK_BOOTTIME, {606656, 782560807}) = 0
24888 10:12:50 clock_gettime(CLOCK_BOOTTIME, {606656, 782601723}) = 0
24888 10:12:50 select(7, [3 4], [], NULL, NULL) = 1 (in [4])
24888 10:12:50 clock_gettime(CLOCK_BOOTTIME, {606657, 83224613}) = 0
24888 10:12:50 read(4, "x", 16384)      = 1
24888 10:12:50 clock_gettime(CLOCK_BOOTTIME, {606657, 83336004}) = 0
24888 10:12:50 clock_gettime(CLOCK_BOOTTIME, {606657, 83378424}) = 0
24888 10:12:50 select(7, [3 4], [3], NULL, NULL) = 1 (out [3])
24888 10:12:50 clock_gettime(CLOCK_BOOTTIME, {606657, 83469646}) = 0
24888 10:12:50 write(3, "\205\205\321\220N\240u\v\275@;\270\30\t\242\231\25\27\325&b\v1^}uG\247\333\254\2+"..., 40) = 40
24888 10:12:50 clock_gettime(CLOCK_BOOTTIME, {606657, 83566933}) = 0
24888 10:12:50 clock_gettime(CLOCK_BOOTTIME, {606657, 83609017}) = 0
24888 10:12:50 select(7, [3 4], [], NULL, NULL) = 1 (in [3])
24888 10:12:50 clock_gettime(CLOCK_BOOTTIME, {606657, 85216796}) = 0
24888 10:12:50 read(3, "\227\26\335N\17}+\304\304\v\5\210\257\347\31\263\316\214\341\242\252\370\222u\361\0\204XX\330*v"..., 8192) = 40
24888 10:12:50 clock_gettime(CLOCK_BOOTTIME, {606657, 85309543}) = 0
24888 10:12:50 clock_gettime(CLOCK_BOOTTIME, {606657, 85351509}) = 0
24888 10:12:50 select(7, [3 4], [5], NULL, NULL) = 1 (out [5])
24888 10:12:50 clock_gettime(CLOCK_BOOTTIME, {606657, 85440710}) = 0
24888 10:12:50 write(5, "x", 1)         = 1
24888 10:12:50 clock_gettime(CLOCK_BOOTTIME, {606657, 85562643}) = 0
24888 10:12:50 clock_gettime(CLOCK_BOOTTIME, {606657, 85607140}) = 0
24888 10:12:50 select(7, [3 4], [], NULL, NULL) = 1 (in [4])
24888 10:12:50 clock_gettime(CLOCK_BOOTTIME, {606657, 248208353}) = 0
24888 10:12:50 read(4, "i", 16384)      = 1
24888 10:12:50 clock_gettime(CLOCK_BOOTTIME, {606657, 248316940}) = 0
24888 10:12:50 clock_gettime(CLOCK_BOOTTIME, {606657, 248359055}) = 0
24888 10:12:50 select(7, [3 4], [3], NULL, NULL) = 1 (out [3])
24888 10:12:50 clock_gettime(CLOCK_BOOTTIME, {606657, 248450583}) = 0
24888 10:12:50 write(3, "%\317c\227c\2433\246\345Qv\243\316\331\34HV\232 \24\313\246\216\314jk\217oOr\366k"..., 40) = 40
24888 10:12:50 clock_gettime(CLOCK_BOOTTIME, {606657, 248547756}) = 0
24888 10:12:50 clock_gettime(CLOCK_BOOTTIME, {606657, 248589996}) = 0
24888 10:12:50 select(7, [3 4], [], NULL, NULL) = 1 (in [3])
24888 10:12:50 clock_gettime(CLOCK_BOOTTIME, {606657, 250214736}) = 0
24888 10:12:50 read(3, "}\4\245'?\300k\0F\234\260N\33\34\257\207\307::|\354\263\251y\365\203ES\266\367\370E"..., 8192) = 40
24888 10:12:50 clock_gettime(CLOCK_BOOTTIME, {606657, 250306067}) = 0
24888 10:12:50 clock_gettime(CLOCK_BOOTTIME, {606657, 250347767}) = 0
24888 10:12:50 select(7, [3 4], [5], NULL, NULL) = 1 (out [5])
24888 10:12:50 clock_gettime(CLOCK_BOOTTIME, {606657, 250436929}) = 0
24888 10:12:50 write(5, "i", 1)         = 1
24888 10:12:50 clock_gettime(CLOCK_BOOTTIME, {606657, 250553590}) = 0
24888 10:12:50 clock_gettime(CLOCK_BOOTTIME, {606657, 250596236}) = 0
24888 10:12:50 select(7, [3 4], [], NULL, NULL) = 1 (in [4])
24888 10:12:50 clock_gettime(CLOCK_BOOTTIME, {606657, 401026343}) = 0
24888 10:12:50 read(4, "t", 16384)      = 1
24888 10:12:50 clock_gettime(CLOCK_BOOTTIME, {606657, 401135258}) = 0
24888 10:12:50 clock_gettime(CLOCK_BOOTTIME, {606657, 401177406}) = 0
24888 10:12:50 select(7, [3 4], [3], NULL, NULL) = 1 (out [3])
24888 10:12:50 clock_gettime(CLOCK_BOOTTIME, {606657, 401268295}) = 0
24888 10:12:50 write(3, "\266\265\222\237\276+5c\ty\344w\307g\364\373\31OA\203wG\205\377\321\321D%:G\323T"..., 40) = 40
24888 10:12:50 clock_gettime(CLOCK_BOOTTIME, {606657, 401362798}) = 0
24888 10:12:50 clock_gettime(CLOCK_BOOTTIME, {606657, 401405176}) = 0
24888 10:12:50 select(7, [3 4], [], NULL, NULL) = 1 (in [3])
24888 10:12:50 clock_gettime(CLOCK_BOOTTIME, {606657, 403222350}) = 0
24888 10:12:50 read(3, "\225\350\22\221P\200\300\5\343\210ThMn\247\310\30,\365\351~pQ\325\366NV\355Lm[&"..., 8192) = 40
24888 10:12:50 clock_gettime(CLOCK_BOOTTIME, {606657, 403312996}) = 0
24888 10:12:50 clock_gettime(CLOCK_BOOTTIME, {606657, 403354903}) = 0
24888 10:12:50 select(7, [3 4], [5], NULL, NULL) = 1 (out [5])
24888 10:12:50 clock_gettime(CLOCK_BOOTTIME, {606657, 403444301}) = 0
24888 10:12:50 write(5, "t", 1)         = 1
24888 10:12:50 clock_gettime(CLOCK_BOOTTIME, {606657, 403559308}) = 0
24888 10:12:50 clock_gettime(CLOCK_BOOTTIME, {606657, 403601799}) = 0
24888 10:12:50 select(7, [3 4], [], NULL, NULL) = 1 (in [4])
24888 10:12:51 clock_gettime(CLOCK_BOOTTIME, {606658, 18308024}) = 0
24888 10:12:51 read(4, "\r", 16384)     = 1
24888 10:12:51 clock_gettime(CLOCK_BOOTTIME, {606658, 18424075}) = 0
24888 10:12:51 clock_gettime(CLOCK_BOOTTIME, {606658, 18467047}) = 0
24888 10:12:51 select(7, [3 4], [3], NULL, NULL) = 1 (out [3])
24888 10:12:51 clock_gettime(CLOCK_BOOTTIME, {606658, 18559883}) = 0
24888 10:12:51 write(3, "E\32\233\237\4\314M\217\307\312<p7b\24\205\202\207\372\6\214\364.\363PH\352v\332\3152@"..., 40) = 40
24888 10:12:51 clock_gettime(CLOCK_BOOTTIME, {606658, 18658392}) = 0
24888 10:12:51 clock_gettime(CLOCK_BOOTTIME, {606658, 18700325}) = 0
24888 10:12:51 select(7, [3 4], [], NULL, NULL) = 1 (in [3])
24888 10:12:51 clock_gettime(CLOCK_BOOTTIME, {606658, 23650046}) = 0
24888 10:12:51 read(3, "\312C\371{u\303R\3031\34/]\222X.</\26\205z\310\16\320(\216jgo\347\v\221\225"..., 8192) = 200
24888 10:12:51 close(4)                 = 0
24888 10:12:51 clock_gettime(CLOCK_BOOTTIME, {606658, 23807607}) = 0
24888 10:12:51 clock_gettime(CLOCK_BOOTTIME, {606658, 23848636}) = 0
24888 10:12:51 select(7, [3], [5], NULL, NULL) = 1 (out [5])
24888 10:12:51 clock_gettime(CLOCK_BOOTTIME, {606658, 23936954}) = 0
24888 10:12:51 write(5, "\r\nlogout\r\n", 10) = 10
24888 10:12:51 clock_gettime(CLOCK_BOOTTIME, {606658, 24076111}) = 0
24888 10:12:51 clock_gettime(CLOCK_BOOTTIME, {606658, 24120145}) = 0
24888 10:12:51 close(5)                 = 0
24888 10:12:51 ioctl(0, SNDCTL_TMR_STOP or TCSETSW, {B38400 opost isig icanon echo ...}) = 0
24888 10:12:51 close(6)                 = 0
24888 10:12:51 select(7, [3], [3], NULL, NULL) = 1 (out [3])
24888 10:12:51 clock_gettime(CLOCK_BOOTTIME, {606658, 24361971}) = 0
24888 10:12:51 write(3, "o;Z\210~\350R\323\365\367\24\320\245,\r\247\345\215\226h\31B\17\4", 24) = 24
24888 10:12:51 rt_sigaction(SIGWINCH, NULL, {0x56446b2ffc80, [], SA_RESTORER, 0x7f2d8e896270}, 8) = 0
24888 10:12:51 rt_sigaction(SIGWINCH, {SIG_DFL, [], SA_RESTORER, 0x7f2d8e896270}, NULL, 8) = 0
24888 10:12:51 write(3, "\317\21\216\275\270\310\326\200\212\32\203\276~\363k?AB\31\356\22#\212\273\335f;\344/\302\277\321"..., 56) = 56
24888 10:12:51 ioctl(0, TCGETS, {B38400 opost isig icanon echo ...}) = 0
24888 10:12:51 ioctl(1, TCGETS, {B38400 opost isig icanon echo ...}) = 0
24888 10:12:51 ioctl(2, TCGETS, {B38400 opost isig icanon echo ...}) = 0
24888 10:12:51 write(2, "Connection to 10.5.0.208 closed."..., 34) = 34
24888 10:12:51 shutdown(3, SHUT_RDWR)   = 0
24888 10:12:51 close(3)                 = 0
24888 10:12:51 write(1, "random tag:2h936nxdof", 21) = 21
24888 10:12:51 exit_group(0)            = ?
24888 10:12:51 +++ exited with 0 +++
