28395 11:36:11 select(4, [3], NULL, NULL, NULL) = 1 (in [3])
28395 11:36:11 read(3, "\0\0\3\274\n!\0\0\1\25\0\0\0\7ssh-rsa\0\0\0\1#\0\0\1\1\0\264"..., 8192) = 976
28395 11:36:11 open("/root/.ssh/known_hosts", O_RDONLY) = 4
28395 11:36:11 fstat(4, {st_mode=S_IFREG|0644, st_size=1177, ...}) = 0
28395 11:36:11 mmap(NULL, 4096, PROT_READ|PROT_WRITE, MAP_PRIVATE|MAP_ANONYMOUS, -1, 0) = 0x7f6812bfc000
28395 11:36:11 read(4, "172.19.0.36 ssh-rsa AAAAB3NzaC1y"..., 4096) = 1177
28395 11:36:11 read(4, "", 4096)        = 0
28395 11:36:11 close(4)                 = 0
28395 11:36:11 munmap(0x7f6812bfc000, 4096) = 0
28395 11:36:11 open("/root/.ssh/known_hosts2", O_RDONLY) = -1 ENOENT (No such file or directory)
28395 11:36:11 open("/usr/local/openssh/etc/ssh_known_hosts", O_RDONLY) = -1 ENOENT (No such file or directory)
28395 11:36:11 open("/usr/local/openssh/etc/ssh_known_hosts2", O_RDONLY) = -1 ENOENT (No such file or directory)
28395 11:36:11 clock_gettime(CLOCK_BOOTTIME, {611657, 742442379}) = 0
28395 11:36:11 write(3, "\0\0\0\f\n\25\0\0\0\0\0\0\0\0\0\0", 16) = 16
28395 11:36:11 write(3, "O\360\331\177\350\367\2770\344j\347\34\365\213\2612\307\274,\3\362\214\263\201\241`a\361\262~UI"..., 40) = 40
28395 11:36:11 select(4, [3], NULL, NULL, NULL) = 1 (in [3])
28395 11:36:11 read(3, "\35J\370\220*G\307v\31;\201\342a\270e\r\214.\376\313\2273\27};J\27\336K\217w\222"..., 8192) = 40
28395 11:36:11 write(3, "\243\374\273\360%5\337\245H\214\3306\326\31qX\177\233Z\5\321\35\27'\253\216K\tN9\307\1"..., 56) = 56
28395 11:36:11 select(4, [3], NULL, NULL, NULL) = 1 (in [3])
28395 11:36:11 read(3, "\375\33\27\257\36_\242\246n*\203`\377\376\31\214\5^x\354\216\363\241\361\324\n~\5\363'\17E"..., 8192) = 72
28395 11:36:11 stat("/root/.ssh/id_rsa", 0x7ffefba2e0b0) = -1 ENOENT (No such file or directory)
28395 11:36:11 stat("/root/.ssh/id_dsa", 0x7ffefba2e0b0) = -1 ENOENT (No such file or directory)
28395 11:36:11 stat("/root/.ssh/id_ecdsa", 0x7ffefba2e0b0) = -1 ENOENT (No such file or directory)
28395 11:36:11 stat("/root/.ssh/id_ed25519", 0x7ffefba2e0b0) = -1 ENOENT (No such file or directory)
28395 11:36:11 open("/dev/tty", O_RDWR) = 4
28395 11:36:11 close(4)                 = 0
28395 11:36:11 open("/dev/tty", O_RDWR) = 4
28395 11:36:11 ioctl(4, TCGETS, {B38400 opost isig icanon echo ...}) = 0
28395 11:36:11 ioctl(4, SNDCTL_TMR_CONTINUE or TCSETSF, {B38400 opost isig icanon -echo ...}) = 0
28395 11:36:11 rt_sigaction(SIGALRM, {0x562d3c25b0d0, [], SA_RESTORER, 0x7f6811781270}, {SIG_DFL, [], 0}, 8) = 0
28395 11:36:11 rt_sigaction(SIGHUP, {0x562d3c25b0d0, [], SA_RESTORER, 0x7f6811781270}, {SIG_DFL, [], 0}, 8) = 0
28395 11:36:11 rt_sigaction(SIGINT, {0x562d3c25b0d0, [], SA_RESTORER, 0x7f6811781270}, {SIG_DFL, [], 0}, 8) = 0
28395 11:36:11 rt_sigaction(SIGPIPE, {0x562d3c25b0d0, [], SA_RESTORER, 0x7f6811781270}, {SIG_IGN, [], SA_RESTORER, 0x7f6811781270}, 8) = 0
28395 11:36:11 rt_sigaction(SIGQUIT, {0x562d3c25b0d0, [], SA_RESTORER, 0x7f6811781270}, {SIG_DFL, [], 0}, 8) = 0
28395 11:36:11 rt_sigaction(SIGTERM, {0x562d3c25b0d0, [], SA_RESTORER, 0x7f6811781270}, {SIG_DFL, [], 0}, 8) = 0
28395 11:36:11 rt_sigaction(SIGTSTP, {0x562d3c25b0d0, [], SA_RESTORER, 0x7f6811781270}, {SIG_DFL, [], 0}, 8) = 0
28395 11:36:11 rt_sigaction(SIGTTIN, {0x562d3c25b0d0, [], SA_RESTORER, 0x7f6811781270}, {SIG_DFL, [], 0}, 8) = 0
28395 11:36:11 rt_sigaction(SIGTTOU, {0x562d3c25b0d0, [], SA_RESTORER, 0x7f6811781270}, {SIG_DFL, [], 0}, 8) = 0
28395 11:36:11 write(4, "root@10.5.0.208's password: ", 28) = 28
28395 11:36:11 read(4, "y", 1)          = 1
28395 11:36:11 read(4, "o", 1)          = 1
28395 11:36:11 read(4, "t", 1)          = 1
28395 11:36:11 read(4, "p", 1)          = 1
28395 11:36:11 read(4, "4", 1)          = 1
28395 11:36:11 read(4, "o", 1)          = 1
28395 11:36:11 read(4, "z", 1)          = 1
28395 11:36:11 read(4, "A", 1)          = 1
28395 11:36:11 read(4, "c", 1)          = 1
28395 11:36:11 read(4, "C", 1)          = 1
28395 11:36:11 read(4, "=", 1)          = 1
28395 11:36:11 read(4, "b", 1)          = 1
28395 11:36:11 read(4, "~", 1)          = 1
28395 11:36:11 read(4, "V", 1)          = 1
28395 11:36:11 read(4, "4", 1)          = 1
28395 11:36:11 read(4, "K", 1)          = 1
28395 11:36:11 read(4, "G", 1)          = 1
28395 11:36:11 read(4, "V", 1)          = 1
28395 11:36:11 read(4, "/", 1)          = 1
28395 11:36:11 read(4, "s", 1)          = 1
28395 11:36:11 read(4, "\n", 1)         = 1
28395 11:36:11 write(4, "\n", 1)        = 1
28395 11:36:11 ioctl(4, SNDCTL_TMR_CONTINUE or TCSETSF, {B38400 opost isig icanon echo ...}) = 0
28395 11:36:11 rt_sigaction(SIGALRM, {SIG_DFL, [], SA_RESTORER, 0x7f6811781270}, NULL, 8) = 0
28395 11:36:11 rt_sigaction(SIGHUP, {SIG_DFL, [], SA_RESTORER, 0x7f6811781270}, NULL, 8) = 0
28395 11:36:11 rt_sigaction(SIGINT, {SIG_DFL, [], SA_RESTORER, 0x7f6811781270}, NULL, 8) = 0
28395 11:36:11 rt_sigaction(SIGQUIT, {SIG_DFL, [], SA_RESTORER, 0x7f6811781270}, NULL, 8) = 0
28395 11:36:11 rt_sigaction(SIGPIPE, {SIG_IGN, [], SA_RESTORER, 0x7f6811781270}, NULL, 8) = 0
28395 11:36:11 rt_sigaction(SIGTERM, {SIG_DFL, [], SA_RESTORER, 0x7f6811781270}, NULL, 8) = 0
28395 11:36:11 rt_sigaction(SIGTSTP, {SIG_DFL, [], SA_RESTORER, 0x7f6811781270}, NULL, 8) = 0
28395 11:36:11 rt_sigaction(SIGTTIN, {SIG_DFL, [], SA_RESTORER, 0x7f6811781270}, NULL, 8) = 0
28395 11:36:11 rt_sigaction(SIGTTOU, {SIG_DFL, [], SA_RESTORER, 0x7f6811781270}, NULL, 8) = 0
28395 11:36:11 close(4)                 = 0
28395 11:36:11 write(3, "r\242\267\277\263\253@P~]\306\323\372Qr\213\0176\31\257\212i\362G\222\337\345C\23\305\202E"..., 136) = 136
28395 11:36:11 select(4, [3], NULL, NULL, NULL) = 1 (in [3])
28395 11:36:11 read(3, "\253\4?\233\33\230\352d\346\24\236\36Lr\253(G=;\5\336\254\234.", 8192) = 24
28395 11:36:11 dup(0)                   = 4
28395 11:36:11 dup(1)                   = 5
28395 11:36:11 dup(2)                   = 6
28395 11:36:11 ioctl(4, TCGETS, {B38400 opost isig icanon echo ...}) = 0
28395 11:36:11 ioctl(5, TCGETS, {B38400 opost isig icanon echo ...}) = 0
28395 11:36:11 ioctl(6, TCGETS, {B38400 opost isig icanon echo ...}) = 0
28395 11:36:11 fcntl(4, F_SETFD, FD_CLOEXEC) = 0
28395 11:36:11 fcntl(5, F_SETFD, FD_CLOEXEC) = 0
28395 11:36:11 fcntl(6, F_SETFD, FD_CLOEXEC) = 0
28395 11:36:11 rt_sigaction(SIGHUP, NULL, {SIG_DFL, [], SA_RESTORER, 0x7f6811781270}, 8) = 0
28395 11:36:11 rt_sigaction(SIGHUP, {SIG_IGN, [], SA_RESTORER, 0x7f6811781270}, NULL, 8) = 0
28395 11:36:11 rt_sigaction(SIGHUP, NULL, {SIG_IGN, [], SA_RESTORER, 0x7f6811781270}, 8) = 0
28395 11:36:11 rt_sigaction(SIGHUP, {0x562d3c2039f0, [], SA_RESTORER, 0x7f6811781270}, NULL, 8) = 0
28395 11:36:11 rt_sigaction(SIGINT, NULL, {SIG_DFL, [], SA_RESTORER, 0x7f6811781270}, 8) = 0
28395 11:36:11 rt_sigaction(SIGINT, {SIG_IGN, [], SA_RESTORER, 0x7f6811781270}, NULL, 8) = 0
28395 11:36:11 rt_sigaction(SIGINT, NULL, {SIG_IGN, [], SA_RESTORER, 0x7f6811781270}, 8) = 0
28395 11:36:11 rt_sigaction(SIGINT, {0x562d3c2039f0, [], SA_RESTORER, 0x7f6811781270}, NULL, 8) = 0
28395 11:36:11 rt_sigaction(SIGQUIT, NULL, {SIG_DFL, [], SA_RESTORER, 0x7f6811781270}, 8) = 0
28395 11:36:11 rt_sigaction(SIGQUIT, {SIG_IGN, [], SA_RESTORER, 0x7f6811781270}, NULL, 8) = 0
28395 11:36:11 rt_sigaction(SIGQUIT, NULL, {SIG_IGN, [], SA_RESTORER, 0x7f6811781270}, 8) = 0
28395 11:36:11 rt_sigaction(SIGQUIT, {0x562d3c2039f0, [], SA_RESTORER, 0x7f6811781270}, NULL, 8) = 0
28395 11:36:11 rt_sigaction(SIGTERM, NULL, {SIG_DFL, [], SA_RESTORER, 0x7f6811781270}, 8) = 0
28395 11:36:11 rt_sigaction(SIGTERM, {SIG_IGN, [], SA_RESTORER, 0x7f6811781270}, NULL, 8) = 0
28395 11:36:11 rt_sigaction(SIGTERM, NULL, {SIG_IGN, [], SA_RESTORER, 0x7f6811781270}, 8) = 0
28395 11:36:11 rt_sigaction(SIGTERM, {0x562d3c2039f0, [], SA_RESTORER, 0x7f6811781270}, NULL, 8) = 0
28395 11:36:11 rt_sigaction(SIGWINCH, NULL, {SIG_DFL, [], 0}, 8) = 0
28395 11:36:11 rt_sigaction(SIGWINCH, {0x562d3c203c80, [], SA_RESTORER, 0x7f6811781270}, NULL, 8) = 0
28395 11:36:11 ioctl(0, TCGETS, {B38400 opost isig icanon echo ...}) = 0
28395 11:36:11 ioctl(0, SNDCTL_TMR_STOP or TCSETSW, {B38400 -opost -isig -icanon -echo ...}) = 0
28395 11:36:11 clock_gettime(CLOCK_BOOTTIME, {611657, 817669530}) = 0
28395 11:36:11 clock_gettime(CLOCK_BOOTTIME, {611657, 817724784}) = 0
28395 11:36:11 select(7, [3], [3], NULL, NULL) = 1 (out [3])
28395 11:36:11 clock_gettime(CLOCK_BOOTTIME, {611657, 817814257}) = 0
28395 11:36:11 write(3, "\362J\2613o\205o\356\311\252\271D\220\2615\226\261\250<\261x\264q\3110\17\321}Sd\t\256"..., 112) = 112
28395 11:36:11 clock_gettime(CLOCK_BOOTTIME, {611657, 817908756}) = 0
28395 11:36:11 clock_gettime(CLOCK_BOOTTIME, {611657, 817950910}) = 0
28395 11:36:11 select(7, [3], [], NULL, NULL) = 1 (in [3])
28395 11:36:11 clock_gettime(CLOCK_BOOTTIME, {611657, 821007169}) = 0
28395 11:36:11 read(3, "\265<\330\271\36y\266\320\305\32k\7\224\313\374\246\341;\5\365U2c\201?'\354\21\361\276J\352"..., 8192) = 40
28395 11:36:11 getsockopt(3, SOL_TCP, TCP_NODELAY, [0], [4]) = 0
28395 11:36:11 setsockopt(3, SOL_TCP, TCP_NODELAY, [1], 4) = 0
28395 11:36:11 getsockname(3, {sa_family=AF_INET, sin_port=htons(34074), sin_addr=inet_addr("10.5.0.222")}, [16]) = 0
28395 11:36:11 setsockopt(3, SOL_IP, IP_TOS, [16], 4) = 0
28395 11:36:11 ioctl(0, TIOCGWINSZ, {ws_row=45, ws_col=132, ws_xpixel=0, ws_ypixel=0}) = 0
28395 11:36:11 clock_gettime(CLOCK_BOOTTIME, {611657, 821354618}) = 0
28395 11:36:11 clock_gettime(CLOCK_BOOTTIME, {611657, 821395995}) = 0
28395 11:36:11 select(7, [3], [3], NULL, NULL) = 1 (out [3])
28395 11:36:11 clock_gettime(CLOCK_BOOTTIME, {611657, 821481703}) = 0
28395 11:36:11 write(3, "\360*\321\252\342!Z)mb\30\\\243=+\364\270\326\315!\225\324\267\323\325\303\364V?\6@\212"..., 368) = 368
28395 11:36:11 clock_gettime(CLOCK_BOOTTIME, {611657, 821580231}) = 0
28395 11:36:11 clock_gettime(CLOCK_BOOTTIME, {611657, 821621978}) = 0
28395 11:36:11 select(7, [3], [], NULL, NULL) = 1 (in [3])
28395 11:36:11 clock_gettime(CLOCK_BOOTTIME, {611657, 822145504}) = 0
28395 11:36:11 read(3, "\1\\@2\300\17\30\37#\346^\307\234;\r\213[\254\5\3662@\302\337\1774\355<y\250?\236"..., 8192) = 88
28395 11:36:11 clock_gettime(CLOCK_BOOTTIME, {611657, 822235897}) = 0
28395 11:36:11 clock_gettime(CLOCK_BOOTTIME, {611657, 822277122}) = 0
28395 11:36:11 select(7, [3 4], [], NULL, NULL) = 1 (in [3])
28395 11:36:11 clock_gettime(CLOCK_BOOTTIME, {611657, 826666602}) = 0
28395 11:36:11 read(3, "\227\340\233\3\205r\260$\5j\37\2469:\256u\34U0\7\222G(\nr\246g\344s\210\363\32"..., 8192) = 152
28395 11:36:11 clock_gettime(CLOCK_BOOTTIME, {611657, 826760207}) = 0
28395 11:36:11 clock_gettime(CLOCK_BOOTTIME, {611657, 826800925}) = 0
28395 11:36:11 select(7, [3 4], [5], NULL, NULL) = 1 (out [5])
28395 11:36:11 clock_gettime(CLOCK_BOOTTIME, {611657, 826888315}) = 0
28395 11:36:11 write(5, "Last login: Thu Jun 21 19:32:52 "..., 111) = 111
28395 11:36:11 clock_gettime(CLOCK_BOOTTIME, {611657, 826978065}) = 0
28395 11:36:11 clock_gettime(CLOCK_BOOTTIME, {611657, 827009002}) = 0
28395 11:36:11 select(7, [3 4], [], NULL, NULL) = 1 (in [3])
28395 11:36:11 clock_gettime(CLOCK_BOOTTIME, {611657, 843683219}) = 0
28395 11:36:11 read(3, "\306\2501xh7\256\202r\265\37\266\332:\350\361\244I\305\362\240&\332p/%\306\366\361J&\306"..., 8192) = 56
28395 11:36:11 clock_gettime(CLOCK_BOOTTIME, {611657, 843785852}) = 0
28395 11:36:11 clock_gettime(CLOCK_BOOTTIME, {611657, 843826291}) = 0
28395 11:36:11 select(7, [3 4], [5], NULL, NULL) = 1 (out [5])
28395 11:36:11 clock_gettime(CLOCK_BOOTTIME, {611657, 843911935}) = 0
28395 11:36:11 write(5, "[root@ali-p2p-h5-1 ~]# ", 23) = 23
28395 11:36:11 clock_gettime(CLOCK_BOOTTIME, {611657, 844025072}) = 0
28395 11:36:11 clock_gettime(CLOCK_BOOTTIME, {611657, 844066971}) = 0
28395 11:36:11 select(7, [3 4], [], NULL, NULL) = 1 (in [3])
28395 11:39:11 clock_gettime(CLOCK_BOOTTIME, {611837, 843072413}) = 0
28395 11:39:11 read(3, "GHzQ\205dx\215K\306A\22,<\3\20\256\227\226;\22\275p\372F\376\"\226\203\274\306\234"..., 8192) = 232
28395 11:39:11 close(4)                 = 0
28395 11:39:11 clock_gettime(CLOCK_BOOTTIME, {611837, 843270833}) = 0
28395 11:39:11 clock_gettime(CLOCK_BOOTTIME, {611837, 843313999}) = 0
28395 11:39:11 select(7, [3], [5], NULL, NULL) = 1 (out [5])
28395 11:39:11 clock_gettime(CLOCK_BOOTTIME, {611837, 843408679}) = 0
28395 11:39:11 write(5, "\7timed out waiting for input: au"..., 43) = 43
28395 11:39:11 clock_gettime(CLOCK_BOOTTIME, {611837, 843571133}) = 0
28395 11:39:11 clock_gettime(CLOCK_BOOTTIME, {611837, 843612525}) = 0
28395 11:39:11 close(5)                 = 0
28395 11:39:11 ioctl(0, SNDCTL_TMR_STOP or TCSETSW, {B38400 opost isig icanon echo ...}) = 0
28395 11:39:11 close(6)                 = 0
28395 11:39:11 select(7, [3], [3], NULL, NULL) = 1 (out [3])
28395 11:39:11 clock_gettime(CLOCK_BOOTTIME, {611837, 843851974}) = 0
28395 11:39:11 write(3, "7\271VnW\273N\313\tl\305\34\215\16>\301\257\22\v~d\31\16\333", 24) = 24
28395 11:39:11 rt_sigaction(SIGWINCH, NULL, {0x562d3c203c80, [], SA_RESTORER, 0x7f6811781270}, 8) = 0
28395 11:39:11 rt_sigaction(SIGWINCH, {SIG_DFL, [], SA_RESTORER, 0x7f6811781270}, NULL, 8) = 0
28395 11:39:11 write(3, "\214+\255\253v\323*]\267N\335O\vSJ\203K\3233_\241G\207o&Z\246\203M\211\321&"..., 56) = 56
28395 11:39:11 ioctl(0, TCGETS, {B38400 opost isig icanon echo ...}) = 0
28395 11:39:11 ioctl(1, TCGETS, {B38400 opost isig icanon echo ...}) = 0
28395 11:39:11 ioctl(2, TCGETS, {B38400 opost isig icanon echo ...}) = 0
28395 11:39:11 write(2, "Connection to 10.5.0.208 closed."..., 34) = 34
28395 11:39:11 shutdown(3, SHUT_RDWR)   = 0
28395 11:39:11 close(3)                 = 0
28395 11:39:11 write(1, "random tag:hnmclbk29x", 21) = 21
28395 11:39:11 exit_group(0)            = ?
28395 11:39:11 +++ exited with 0 +++
