30176 12:03:01 select(4, [3], NULL, NULL, NULL) = 1 (in [3])
30176 12:03:01 read(3, "\r5\366\233\333\213;\303\307\vD\6\247\347i\344vj\220E4oO\26\264I\322\3\350\351?\361"..., 8192) = 40
30176 12:03:01 write(3, "\220\246\22\2256\27\1\4\0f\5\335G\365\356\305\261\356\347\333\367\373\4$?;v\273\242\36.a"..., 56) = 56
30176 12:03:01 select(4, [3], NULL, NULL, NULL) = 1 (in [3])
30176 12:03:01 read(3, "\233EE\347\310\336\267t\204U*\204\210OVi*\314<t\211\203\27H\364\343y\257\217b<\325"..., 8192) = 72
30176 12:03:01 stat("/root/.ssh/id_rsa", 0x7ffc56256b00) = -1 ENOENT (No such file or directory)
30176 12:03:01 stat("/root/.ssh/id_dsa", 0x7ffc56256b00) = -1 ENOENT (No such file or directory)
30176 12:03:01 stat("/root/.ssh/id_ecdsa", 0x7ffc56256b00) = -1 ENOENT (No such file or directory)
30176 12:03:01 stat("/root/.ssh/id_ed25519", 0x7ffc56256b00) = -1 ENOENT (No such file or directory)
30176 12:03:01 open("/dev/tty", O_RDWR) = 4
30176 12:03:01 close(4)                 = 0
30176 12:03:01 open("/dev/tty", O_RDWR) = 4
30176 12:03:01 ioctl(4, TCGETS, {B38400 opost isig icanon echo ...}) = 0
30176 12:03:01 ioctl(4, SNDCTL_TMR_CONTINUE or TCSETSF, {B38400 opost isig icanon -echo ...}) = 0
30176 12:03:01 rt_sigaction(SIGALRM, {0x56089a92d0d0, [], SA_RESTORER, 0x7fb1ebd25270}, {SIG_DFL, [], 0}, 8) = 0
30176 12:03:01 rt_sigaction(SIGHUP, {0x56089a92d0d0, [], SA_RESTORER, 0x7fb1ebd25270}, {SIG_DFL, [], 0}, 8) = 0
30176 12:03:01 rt_sigaction(SIGINT, {0x56089a92d0d0, [], SA_RESTORER, 0x7fb1ebd25270}, {SIG_DFL, [], 0}, 8) = 0
30176 12:03:01 rt_sigaction(SIGPIPE, {0x56089a92d0d0, [], SA_RESTORER, 0x7fb1ebd25270}, {SIG_IGN, [], SA_RESTORER, 0x7fb1ebd25270}, 8) = 0
30176 12:03:01 rt_sigaction(SIGQUIT, {0x56089a92d0d0, [], SA_RESTORER, 0x7fb1ebd25270}, {SIG_DFL, [], 0}, 8) = 0
30176 12:03:01 rt_sigaction(SIGTERM, {0x56089a92d0d0, [], SA_RESTORER, 0x7fb1ebd25270}, {SIG_DFL, [], 0}, 8) = 0
30176 12:03:01 rt_sigaction(SIGTSTP, {0x56089a92d0d0, [], SA_RESTORER, 0x7fb1ebd25270}, {SIG_DFL, [], 0}, 8) = 0
30176 12:03:01 rt_sigaction(SIGTTIN, {0x56089a92d0d0, [], SA_RESTORER, 0x7fb1ebd25270}, {SIG_DFL, [], 0}, 8) = 0
30176 12:03:01 rt_sigaction(SIGTTOU, {0x56089a92d0d0, [], SA_RESTORER, 0x7fb1ebd25270}, {SIG_DFL, [], 0}, 8) = 0
30176 12:03:01 write(4, "root@10.5.0.208's password: ", 28) = 28
30176 12:03:01 read(4, "y", 1)          = 1
30176 12:03:01 read(4, "o", 1)          = 1
30176 12:03:01 read(4, "t", 1)          = 1
30176 12:03:01 read(4, "p", 1)          = 1
30176 12:03:01 read(4, "4", 1)          = 1
30176 12:03:01 read(4, "o", 1)          = 1
30176 12:03:01 read(4, "z", 1)          = 1
30176 12:03:01 read(4, "A", 1)          = 1
30176 12:03:01 read(4, "c", 1)          = 1
30176 12:03:01 read(4, "C", 1)          = 1
30176 12:03:01 read(4, "=", 1)          = 1
30176 12:03:01 read(4, "b", 1)          = 1
30176 12:03:01 read(4, "~", 1)          = 1
30176 12:03:01 read(4, "V", 1)          = 1
30176 12:03:01 read(4, "4", 1)          = 1
30176 12:03:01 read(4, "K", 1)          = 1
30176 12:03:01 read(4, "G", 1)          = 1
30176 12:03:01 read(4, "V", 1)          = 1
30176 12:03:01 read(4, "/", 1)          = 1
30176 12:03:01 read(4, "s", 1)          = 1
30176 12:03:01 read(4, "\n", 1)         = 1
30176 12:03:01 write(4, "\n", 1)        = 1
30176 12:03:01 ioctl(4, SNDCTL_TMR_CONTINUE or TCSETSF, {B38400 opost isig icanon echo ...}) = 0
30176 12:03:01 rt_sigaction(SIGALRM, {SIG_DFL, [], SA_RESTORER, 0x7fb1ebd25270}, NULL, 8) = 0
30176 12:03:01 rt_sigaction(SIGHUP, {SIG_DFL, [], SA_RESTORER, 0x7fb1ebd25270}, NULL, 8) = 0
30176 12:03:01 rt_sigaction(SIGINT, {SIG_DFL, [], SA_RESTORER, 0x7fb1ebd25270}, NULL, 8) = 0
30176 12:03:01 rt_sigaction(SIGQUIT, {SIG_DFL, [], SA_RESTORER, 0x7fb1ebd25270}, NULL, 8) = 0
30176 12:03:01 rt_sigaction(SIGPIPE, {SIG_IGN, [], SA_RESTORER, 0x7fb1ebd25270}, NULL, 8) = 0
30176 12:03:01 rt_sigaction(SIGTERM, {SIG_DFL, [], SA_RESTORER, 0x7fb1ebd25270}, NULL, 8) = 0
30176 12:03:01 rt_sigaction(SIGTSTP, {SIG_DFL, [], SA_RESTORER, 0x7fb1ebd25270}, NULL, 8) = 0
30176 12:03:01 rt_sigaction(SIGTTIN, {SIG_DFL, [], SA_RESTORER, 0x7fb1ebd25270}, NULL, 8) = 0
30176 12:03:01 rt_sigaction(SIGTTOU, {SIG_DFL, [], SA_RESTORER, 0x7fb1ebd25270}, NULL, 8) = 0
30176 12:03:01 close(4)                 = 0
30176 12:03:01 write(3, "\210e\315\264$V\222n\261e\311\376O\2054\321\242\303\260S\245\205\237l\5d\277\300\360\31\362\37"..., 136) = 136
30176 12:03:01 select(4, [3], NULL, NULL, NULL) = 1 (in [3])
30176 12:03:01 read(3, "\3314\24\357\360\261U\353\365\7W\244\366~\205\367\300\272\345S\31\33(L", 8192) = 24
30176 12:03:01 dup(0)                   = 4
30176 12:03:01 dup(1)                   = 5
30176 12:03:01 dup(2)                   = 6
30176 12:03:01 ioctl(4, TCGETS, {B38400 opost isig icanon echo ...}) = 0
30176 12:03:01 ioctl(5, TCGETS, {B38400 opost isig icanon echo ...}) = 0
30176 12:03:01 ioctl(6, TCGETS, {B38400 opost isig icanon echo ...}) = 0
30176 12:03:01 fcntl(4, F_SETFD, FD_CLOEXEC) = 0
30176 12:03:01 fcntl(5, F_SETFD, FD_CLOEXEC) = 0
30176 12:03:01 fcntl(6, F_SETFD, FD_CLOEXEC) = 0
30176 12:03:01 rt_sigaction(SIGHUP, NULL, {SIG_DFL, [], SA_RESTORER, 0x7fb1ebd25270}, 8) = 0
30176 12:03:01 rt_sigaction(SIGHUP, {SIG_IGN, [], SA_RESTORER, 0x7fb1ebd25270}, NULL, 8) = 0
30176 12:03:01 rt_sigaction(SIGHUP, NULL, {SIG_IGN, [], SA_RESTORER, 0x7fb1ebd25270}, 8) = 0
30176 12:03:01 rt_sigaction(SIGHUP, {0x56089a8d59f0, [], SA_RESTORER, 0x7fb1ebd25270}, NULL, 8) = 0
30176 12:03:01 rt_sigaction(SIGINT, NULL, {SIG_DFL, [], SA_RESTORER, 0x7fb1ebd25270}, 8) = 0
30176 12:03:01 rt_sigaction(SIGINT, {SIG_IGN, [], SA_RESTORER, 0x7fb1ebd25270}, NULL, 8) = 0
30176 12:03:01 rt_sigaction(SIGINT, NULL, {SIG_IGN, [], SA_RESTORER, 0x7fb1ebd25270}, 8) = 0
30176 12:03:01 rt_sigaction(SIGINT, {0x56089a8d59f0, [], SA_RESTORER, 0x7fb1ebd25270}, NULL, 8) = 0
30176 12:03:01 rt_sigaction(SIGQUIT, NULL, {SIG_DFL, [], SA_RESTORER, 0x7fb1ebd25270}, 8) = 0
30176 12:03:01 rt_sigaction(SIGQUIT, {SIG_IGN, [], SA_RESTORER, 0x7fb1ebd25270}, NULL, 8) = 0
30176 12:03:01 rt_sigaction(SIGQUIT, NULL, {SIG_IGN, [], SA_RESTORER, 0x7fb1ebd25270}, 8) = 0
30176 12:03:01 rt_sigaction(SIGQUIT, {0x56089a8d59f0, [], SA_RESTORER, 0x7fb1ebd25270}, NULL, 8) = 0
30176 12:03:01 rt_sigaction(SIGTERM, NULL, {SIG_DFL, [], SA_RESTORER, 0x7fb1ebd25270}, 8) = 0
30176 12:03:01 rt_sigaction(SIGTERM, {SIG_IGN, [], SA_RESTORER, 0x7fb1ebd25270}, NULL, 8) = 0
30176 12:03:01 rt_sigaction(SIGTERM, NULL, {SIG_IGN, [], SA_RESTORER, 0x7fb1ebd25270}, 8) = 0
30176 12:03:01 rt_sigaction(SIGTERM, {0x56089a8d59f0, [], SA_RESTORER, 0x7fb1ebd25270}, NULL, 8) = 0
30176 12:03:01 rt_sigaction(SIGWINCH, NULL, {SIG_DFL, [], 0}, 8) = 0
30176 12:03:01 rt_sigaction(SIGWINCH, {0x56089a8d5c80, [], SA_RESTORER, 0x7fb1ebd25270}, NULL, 8) = 0
30176 12:03:01 ioctl(0, TCGETS, {B38400 opost isig icanon echo ...}) = 0
30176 12:03:01 ioctl(0, SNDCTL_TMR_STOP or TCSETSW, {B38400 -opost -isig -icanon -echo ...}) = 0
30176 12:03:01 clock_gettime(CLOCK_BOOTTIME, {613267, 925271462}) = 0
30176 12:03:01 clock_gettime(CLOCK_BOOTTIME, {613267, 925316084}) = 0
30176 12:03:01 select(7, [3], [3], NULL, NULL) = 1 (out [3])
30176 12:03:01 clock_gettime(CLOCK_BOOTTIME, {613267, 925406286}) = 0
30176 12:03:01 write(3, "\2040k\177:\34\351\217\377h\272 \337\370o\334\266\377i\316{}\221y\377\"\315\22z\374\313t"..., 112) = 112
30176 12:03:01 clock_gettime(CLOCK_BOOTTIME, {613267, 925500242}) = 0
30176 12:03:01 clock_gettime(CLOCK_BOOTTIME, {613267, 925538972}) = 0
30176 12:03:01 select(7, [3], [], NULL, NULL) = 1 (in [3])
30176 12:03:01 clock_gettime(CLOCK_BOOTTIME, {613267, 928400521}) = 0
30176 12:03:01 read(3, "\3373\"\323\244\7\333k\223/$FD\32\337\31_\254\211\v\206\355\354\233\273M\241vsT7\7"..., 8192) = 40
30176 12:03:01 getsockopt(3, SOL_TCP, TCP_NODELAY, [0], [4]) = 0
30176 12:03:01 setsockopt(3, SOL_TCP, TCP_NODELAY, [1], 4) = 0
30176 12:03:01 getsockname(3, {sa_family=AF_INET, sin_port=htons(49912), sin_addr=inet_addr("10.5.0.222")}, [16]) = 0
30176 12:03:01 setsockopt(3, SOL_IP, IP_TOS, [16], 4) = 0
30176 12:03:01 ioctl(0, TIOCGWINSZ, {ws_row=24, ws_col=80, ws_xpixel=0, ws_ypixel=0}) = 0
30176 12:03:01 clock_gettime(CLOCK_BOOTTIME, {613267, 928729955}) = 0
30176 12:03:01 clock_gettime(CLOCK_BOOTTIME, {613267, 928779656}) = 0
30176 12:03:01 select(7, [3], [3], NULL, NULL) = 1 (out [3])
30176 12:03:01 clock_gettime(CLOCK_BOOTTIME, {613267, 928862708}) = 0
30176 12:03:01 write(3, "\224\266\353\313S+\301Y\4\37\0210\16\324\246\266\357\177tb\272s\202\204\335\316O\3222\227Ok"..., 368) = 368
30176 12:03:01 clock_gettime(CLOCK_BOOTTIME, {613267, 928958998}) = 0
30176 12:03:01 clock_gettime(CLOCK_BOOTTIME, {613267, 928997406}) = 0
30176 12:03:01 select(7, [3], [], NULL, NULL) = 1 (in [3])
30176 12:03:01 clock_gettime(CLOCK_BOOTTIME, {613267, 929473835}) = 0
30176 12:03:01 read(3, "EpS\207\215\246\16N\2201L\341\313\332?\254\323\0251\366\224\312\263\3542{\23\201\350M-\336"..., 8192) = 88
30176 12:03:01 clock_gettime(CLOCK_BOOTTIME, {613267, 929559369}) = 0
30176 12:03:01 clock_gettime(CLOCK_BOOTTIME, {613267, 929598040}) = 0
30176 12:03:01 select(7, [3 4], [], NULL, NULL) = 1 (in [3])
30176 12:03:01 clock_gettime(CLOCK_BOOTTIME, {613267, 933830877}) = 0
30176 12:03:01 read(3, "\207x\305\333\345'L\274\312\341\332\344\226\342[\334\315Q\30\230\324 h\360;\0277^\336\275\246\377"..., 8192) = 152
30176 12:03:01 clock_gettime(CLOCK_BOOTTIME, {613267, 933919954}) = 0
30176 12:03:01 clock_gettime(CLOCK_BOOTTIME, {613267, 933958463}) = 0
30176 12:03:01 select(7, [3 4], [5], NULL, NULL) = 1 (out [5])
30176 12:03:01 clock_gettime(CLOCK_BOOTTIME, {613267, 934051536}) = 0
30176 12:03:01 write(5, "Last login: Thu Jun 21 19:50:07 "..., 111) = 111
30176 12:03:01 clock_gettime(CLOCK_BOOTTIME, {613267, 934136930}) = 0
30176 12:03:01 clock_gettime(CLOCK_BOOTTIME, {613267, 934157621}) = 0
30176 12:03:01 select(7, [3 4], [], NULL, NULL) = 1 (in [3])
30176 12:03:01 clock_gettime(CLOCK_BOOTTIME, {613267, 949877250}) = 0
30176 12:03:01 read(3, "X\303i\6`4t\253\301\260\255\361\30K\342\273v\360jn\253\215\253\224\242\2370\332))\354\367"..., 8192) = 56
30176 12:03:01 clock_gettime(CLOCK_BOOTTIME, {613267, 950046444}) = 0
30176 12:03:01 clock_gettime(CLOCK_BOOTTIME, {613267, 950106634}) = 0
30176 12:03:01 select(7, [3 4], [5], NULL, NULL) = 1 (out [5])
30176 12:03:01 clock_gettime(CLOCK_BOOTTIME, {613267, 950191200}) = 0
30176 12:03:01 write(5, "[root@ali-p2p-h5-1 ~]# ", 23) = 23
30176 12:03:01 clock_gettime(CLOCK_BOOTTIME, {613267, 950305259}) = 0
30176 12:03:01 clock_gettime(CLOCK_BOOTTIME, {613267, 950345382}) = 0
30176 12:03:01 select(7, [3 4], [], NULL, NULL) = 1 (in [4])
30176 12:03:01 clock_gettime(CLOCK_BOOTTIME, {613268, 555896278}) = 0
30176 12:03:01 read(4, "\r", 16384)     = 1
30176 12:03:01 clock_gettime(CLOCK_BOOTTIME, {613268, 556028643}) = 0
30176 12:03:01 clock_gettime(CLOCK_BOOTTIME, {613268, 556069651}) = 0
30176 12:03:01 select(7, [3 4], [3], NULL, NULL) = 1 (out [3])
30176 12:03:01 clock_gettime(CLOCK_BOOTTIME, {613268, 556158421}) = 0
30176 12:03:01 write(3, "z\322\t\n\227\374w\355\23\246\202~\305\361\331\365\330-f\342\204\16I\34F6\337:\246\341a\335"..., 40) = 40
30176 12:03:01 clock_gettime(CLOCK_BOOTTIME, {613268, 556264424}) = 0
30176 12:03:01 clock_gettime(CLOCK_BOOTTIME, {613268, 556304357}) = 0
30176 12:03:01 select(7, [3 4], [], NULL, NULL) = 1 (in [3])
30176 12:03:01 clock_gettime(CLOCK_BOOTTIME, {613268, 557860097}) = 0
30176 12:03:01 read(3, "\245\21\220\337\fd^\266\320\221/ea\r\274\17h\t\207\352\261\v\300\346p\275_p\237cd*"..., 8192) = 40
30176 12:03:01 clock_gettime(CLOCK_BOOTTIME, {613268, 557952332}) = 0
30176 12:03:01 clock_gettime(CLOCK_BOOTTIME, {613268, 557991491}) = 0
30176 12:03:01 select(7, [3 4], [5], NULL, NULL) = 1 (out [5])
30176 12:03:01 clock_gettime(CLOCK_BOOTTIME, {613268, 558087423}) = 0
30176 12:03:01 write(5, "\r\n", 2)      = 2
30176 12:03:01 clock_gettime(CLOCK_BOOTTIME, {613268, 558221431}) = 0
30176 12:03:01 clock_gettime(CLOCK_BOOTTIME, {613268, 558260789}) = 0
30176 12:03:01 select(7, [3 4], [], NULL, NULL) = 1 (in [3])
30176 12:03:01 clock_gettime(CLOCK_BOOTTIME, {613268, 563100653}) = 0
30176 12:03:01 read(3, "(\203\325\270_\v\25$\240s\234\251.\266\3K\270\304k|\331\27Q\236\365R&\260\"1Z\317"..., 8192) = 56
30176 12:03:01 clock_gettime(CLOCK_BOOTTIME, {613268, 563195085}) = 0
30176 12:03:01 clock_gettime(CLOCK_BOOTTIME, {613268, 563248946}) = 0
30176 12:03:01 select(7, [3 4], [5], NULL, NULL) = 1 (out [5])
30176 12:03:01 clock_gettime(CLOCK_BOOTTIME, {613268, 563335274}) = 0
30176 12:03:01 write(5, "[root@ali-p2p-h5-1 ~]# ", 23) = 23
30176 12:03:01 clock_gettime(CLOCK_BOOTTIME, {613268, 563462686}) = 0
30176 12:03:01 clock_gettime(CLOCK_BOOTTIME, {613268, 563501926}) = 0
30176 12:03:01 select(7, [3 4], [], NULL, NULL) = 1 (in [4])
30176 12:03:02 clock_gettime(CLOCK_BOOTTIME, {613268, 740479697}) = 0
30176 12:03:02 read(4, "\r", 16384)     = 1
30176 12:03:02 clock_gettime(CLOCK_BOOTTIME, {613268, 740677418}) = 0
30176 12:03:02 clock_gettime(CLOCK_BOOTTIME, {613268, 740720972}) = 0
30176 12:03:02 select(7, [3 4], [3], NULL, NULL) = 1 (out [3])
30176 12:03:02 clock_gettime(CLOCK_BOOTTIME, {613268, 740813966}) = 0
30176 12:03:02 write(3, "jG\251h:\27(\214\322\f|\257\317\25\33\265x2\217{N\351\256c\0341#\312\37\210\205q"..., 40) = 40
30176 12:03:02 clock_gettime(CLOCK_BOOTTIME, {613268, 740924625}) = 0
30176 12:03:02 clock_gettime(CLOCK_BOOTTIME, {613268, 740966505}) = 0
30176 12:03:02 select(7, [3 4], [], NULL, NULL) = 1 (in [3])
30176 12:03:02 clock_gettime(CLOCK_BOOTTIME, {613268, 743124142}) = 0
30176 12:03:02 read(3, ";\315I\2738dP\372{\276>\n\3514\222$\234\355\353\327Uw#\0\34\303\33Q\2x\7\205"..., 8192) = 40
30176 12:03:02 clock_gettime(CLOCK_BOOTTIME, {613268, 743219057}) = 0
30176 12:03:02 clock_gettime(CLOCK_BOOTTIME, {613268, 743261150}) = 0
30176 12:03:02 select(7, [3 4], [5], NULL, NULL) = 1 (out [5])
30176 12:03:02 clock_gettime(CLOCK_BOOTTIME, {613268, 743350896}) = 0
30176 12:03:02 write(5, "\r\n", 2)      = 2
30176 12:03:02 clock_gettime(CLOCK_BOOTTIME, {613268, 743498822}) = 0
30176 12:03:02 clock_gettime(CLOCK_BOOTTIME, {613268, 743540550}) = 0
30176 12:03:02 select(7, [3 4], [], NULL, NULL) = 1 (in [3])
30176 12:03:02 clock_gettime(CLOCK_BOOTTIME, {613268, 747846254}) = 0
30176 12:03:02 read(3, "\357\236\323\37&\24sHsp\334\300\26x]\357\"u\240Z9\354G\357\210J2\0039O,w"..., 8192) = 56
30176 12:03:02 clock_gettime(CLOCK_BOOTTIME, {613268, 747940364}) = 0
30176 12:03:02 clock_gettime(CLOCK_BOOTTIME, {613268, 747981939}) = 0
30176 12:03:02 select(7, [3 4], [5], NULL, NULL) = 1 (out [5])
30176 12:03:02 clock_gettime(CLOCK_BOOTTIME, {613268, 748078010}) = 0
30176 12:03:02 write(5, "[root@ali-p2p-h5-1 ~]# ", 23) = 23
30176 12:03:02 clock_gettime(CLOCK_BOOTTIME, {613268, 748197162}) = 0
30176 12:03:02 clock_gettime(CLOCK_BOOTTIME, {613268, 748239760}) = 0
30176 12:03:02 select(7, [3 4], [], NULL, NULL) = 1 (in [4])
30176 12:03:02 clock_gettime(CLOCK_BOOTTIME, {613268, 916156297}) = 0
30176 12:03:02 read(4, "\r", 16384)     = 1
30176 12:03:02 clock_gettime(CLOCK_BOOTTIME, {613268, 916271748}) = 0
30176 12:03:02 clock_gettime(CLOCK_BOOTTIME, {613268, 916314111}) = 0
30176 12:03:02 select(7, [3 4], [3], NULL, NULL) = 1 (out [3])
30176 12:03:02 clock_gettime(CLOCK_BOOTTIME, {613268, 916413548}) = 0
30176 12:03:02 write(3, "\300o\342\23\365\371\305\305R\223h\24\1\345\3020'\221--vw\212\262H\330\350\205^\0\16\216"..., 40) = 40
30176 12:03:02 clock_gettime(CLOCK_BOOTTIME, {613268, 916520473}) = 0
30176 12:03:02 clock_gettime(CLOCK_BOOTTIME, {613268, 916558695}) = 0
30176 12:03:02 select(7, [3 4], [], NULL, NULL) = 1 (in [3])
30176 12:03:02 clock_gettime(CLOCK_BOOTTIME, {613268, 917858230}) = 0
30176 12:03:02 read(3, "^\20\204\255\273\257\330t\276\1\200\177\347\335\354\241!\367L\30Q\243?\370\241\276\327J+\361\251\346"..., 8192) = 40
30176 12:03:02 clock_gettime(CLOCK_BOOTTIME, {613268, 917945590}) = 0
30176 12:03:02 clock_gettime(CLOCK_BOOTTIME, {613268, 917984184}) = 0
30176 12:03:02 select(7, [3 4], [5], NULL, NULL) = 1 (out [5])
30176 12:03:02 clock_gettime(CLOCK_BOOTTIME, {613268, 918069711}) = 0
30176 12:03:02 write(5, "\r\n", 2)      = 2
30176 12:03:02 clock_gettime(CLOCK_BOOTTIME, {613268, 918203503}) = 0
30176 12:03:02 clock_gettime(CLOCK_BOOTTIME, {613268, 918243442}) = 0
30176 12:03:02 select(7, [3 4], [], NULL, NULL) = 1 (in [3])
30176 12:03:02 clock_gettime(CLOCK_BOOTTIME, {613268, 922848610}) = 0
30176 12:03:02 read(3, "\247\265\215\200\204\276\362\213\215\343\272\342\275\260\320\251\322+\332\22\332:AP`\340d!\361W\356\346"..., 8192) = 56
30176 12:03:02 clock_gettime(CLOCK_BOOTTIME, {613268, 922948846}) = 0
30176 12:03:02 clock_gettime(CLOCK_BOOTTIME, {613268, 922987240}) = 0
30176 12:03:02 select(7, [3 4], [5], NULL, NULL) = 1 (out [5])
30176 12:03:02 clock_gettime(CLOCK_BOOTTIME, {613268, 923079416}) = 0
30176 12:03:02 write(5, "[root@ali-p2p-h5-1 ~]# ", 23) = 23
30176 12:03:02 clock_gettime(CLOCK_BOOTTIME, {613268, 923190397}) = 0
30176 12:03:02 clock_gettime(CLOCK_BOOTTIME, {613268, 923230191}) = 0
30176 12:03:02 select(7, [3 4], [], NULL, NULL) = 1 (in [4])
30176 12:03:02 clock_gettime(CLOCK_BOOTTIME, {613269, 67884736}) = 0
30176 12:03:02 read(4, "\r", 16384)     = 1
30176 12:03:02 clock_gettime(CLOCK_BOOTTIME, {613269, 68009671}) = 0
30176 12:03:02 clock_gettime(CLOCK_BOOTTIME, {613269, 68050377}) = 0
30176 12:03:02 select(7, [3 4], [3], NULL, NULL) = 1 (out [3])
30176 12:03:02 clock_gettime(CLOCK_BOOTTIME, {613269, 68144129}) = 0
30176 12:03:02 write(3, "\355\301\22\262\377\302&\331~R\203\352\33\304M\2179\334SJ\216-S\377\251\216?6\244\360\364\244"..., 40) = 40
30176 12:03:02 clock_gettime(CLOCK_BOOTTIME, {613269, 68253375}) = 0
30176 12:03:02 clock_gettime(CLOCK_BOOTTIME, {613269, 68295317}) = 0
30176 12:03:02 select(7, [3 4], [], NULL, NULL) = 1 (in [3])
30176 12:03:02 clock_gettime(CLOCK_BOOTTIME, {613269, 69852211}) = 0
30176 12:03:02 read(3, "\375-N\nzz\35\244\366\210\326\317\257Lc\307W\335\273\347\37\16\351\254V\325\324\352g\366<\177"..., 8192) = 40
30176 12:03:02 clock_gettime(CLOCK_BOOTTIME, {613269, 69943824}) = 0
30176 12:03:02 clock_gettime(CLOCK_BOOTTIME, {613269, 69985097}) = 0
30176 12:03:02 select(7, [3 4], [5], NULL, NULL) = 1 (out [5])
30176 12:03:02 clock_gettime(CLOCK_BOOTTIME, {613269, 70083282}) = 0
30176 12:03:02 write(5, "\r\n", 2)      = 2
30176 12:03:02 clock_gettime(CLOCK_BOOTTIME, {613269, 70219439}) = 0
30176 12:03:02 clock_gettime(CLOCK_BOOTTIME, {613269, 70263420}) = 0
30176 12:03:02 select(7, [3 4], [], NULL, NULL) = 1 (in [3])
30176 12:03:02 clock_gettime(CLOCK_BOOTTIME, {613269, 74853590}) = 0
30176 12:03:02 read(3, "f\320\237\2F\332\2445-J\32\306\203$\263w\203\202dY\273\274\334\247\232^\r\267\260.\20\252"..., 8192) = 56
30176 12:03:02 clock_gettime(CLOCK_BOOTTIME, {613269, 74952031}) = 0
30176 12:03:02 clock_gettime(CLOCK_BOOTTIME, {613269, 74994172}) = 0
30176 12:03:02 select(7, [3 4], [5], NULL, NULL) = 1 (out [5])
30176 12:03:02 clock_gettime(CLOCK_BOOTTIME, {613269, 75093939}) = 0
30176 12:03:02 write(5, "[root@ali-p2p-h5-1 ~]# ", 23) = 23
30176 12:03:02 clock_gettime(CLOCK_BOOTTIME, {613269, 75218075}) = 0
30176 12:03:02 clock_gettime(CLOCK_BOOTTIME, {613269, 75260599}) = 0
30176 12:03:02 select(7, [3 4], [], NULL, NULL) = 1 (in [3])
30176 12:06:02 clock_gettime(CLOCK_BOOTTIME, {613449, 75324525}) = 0
30176 12:06:02 read(3, "\223\236\217\301/\257\223\246\365I\v\t\350\315S\354\37!9G\325\374\230\232\16\2062\301\271 P\7"..., 8192) = 232
30176 12:06:02 close(4)                 = 0
30176 12:06:02 clock_gettime(CLOCK_BOOTTIME, {613449, 75544112}) = 0
30176 12:06:02 clock_gettime(CLOCK_BOOTTIME, {613449, 75589016}) = 0
30176 12:06:02 select(7, [3], [5], NULL, NULL) = 1 (out [5])
30176 12:06:02 clock_gettime(CLOCK_BOOTTIME, {613449, 75686040}) = 0
30176 12:06:02 write(5, "\7timed out waiting for input: au"..., 43) = 43
30176 12:06:02 clock_gettime(CLOCK_BOOTTIME, {613449, 75779779}) = 0
30176 12:06:02 clock_gettime(CLOCK_BOOTTIME, {613449, 75803474}) = 0
30176 12:06:02 close(5)                 = 0
30176 12:06:02 ioctl(0, SNDCTL_TMR_STOP or TCSETSW, {B38400 opost isig icanon echo ...}) = 0
30176 12:06:02 close(6)                 = 0
30176 12:06:02 select(7, [3], [3], NULL, NULL) = 1 (out [3])
30176 12:06:02 clock_gettime(CLOCK_BOOTTIME, {613449, 76056788}) = 0
30176 12:06:02 write(3, "\241\20\271\300\206\237@\250\367\200PY\244*3C1:xN\366\24Q\10", 24) = 24
30176 12:06:02 rt_sigaction(SIGWINCH, NULL, {0x56089a8d5c80, [], SA_RESTORER, 0x7fb1ebd25270}, 8) = 0
30176 12:06:02 rt_sigaction(SIGWINCH, {SIG_DFL, [], SA_RESTORER, 0x7fb1ebd25270}, NULL, 8) = 0
30176 12:06:02 write(3, "\37K\234Y\20\344\376\267I]\303\2\215|\220\16\214\227\343;\317\272\34\32=\3021\233b?\242\261"..., 56) = 56
30176 12:06:02 ioctl(0, TCGETS, {B38400 opost isig icanon echo ...}) = 0
30176 12:06:02 ioctl(1, TCGETS, {B38400 opost isig icanon echo ...}) = 0
30176 12:06:02 ioctl(2, TCGETS, {B38400 opost isig icanon echo ...}) = 0
30176 12:06:02 write(2, "Connection to 10.5.0.208 closed."..., 34) = 34
30176 12:06:02 shutdown(3, SHUT_RDWR)   = 0
30176 12:06:02 close(3)                 = 0
30176 12:06:02 write(1, "random tag:dixb04vhsy", 21) = 21
30176 12:06:02 exit_group(0)            = ?
30176 12:06:02 +++ exited with 0 +++
