25994 10:37:10 select(4, [3], NULL, NULL, NULL) = 1 (in [3])
25994 10:37:10 read(3, "\0\0\3\274\t!\0\0\1\25\0\0\0\7ssh-rsa\0\0\0\1#\0\0\1\1\0\264"..., 8192) = 976
25994 10:37:10 open("/root/.ssh/known_hosts", O_RDONLY) = 4
25994 10:37:10 fstat(4, {st_mode=S_IFREG|0644, st_size=1177, ...}) = 0
25994 10:37:10 mmap(NULL, 4096, PROT_READ|PROT_WRITE, MAP_PRIVATE|MAP_ANONYMOUS, -1, 0) = 0x7fd97a4e7000
25994 10:37:10 read(4, "172.19.0.36 ssh-rsa AAAAB3NzaC1y"..., 4096) = 1177
25994 10:37:10 read(4, "", 4096)        = 0
25994 10:37:10 close(4)                 = 0
25994 10:37:10 munmap(0x7fd97a4e7000, 4096) = 0
25994 10:37:10 open("/root/.ssh/known_hosts2", O_RDONLY) = -1 ENOENT (No such file or directory)
25994 10:37:10 open("/usr/local/openssh/etc/ssh_known_hosts", O_RDONLY) = -1 ENOENT (No such file or directory)
25994 10:37:10 open("/usr/local/openssh/etc/ssh_known_hosts2", O_RDONLY) = -1 ENOENT (No such file or directory)
25994 10:37:10 clock_gettime(CLOCK_BOOTTIME, {608116, 829241581}) = 0
25994 10:37:10 write(3, "\0\0\0\f\n\25\0\0\0\0\0\0\0\0\0\0", 16) = 16
25994 10:37:10 write(3, "\324\373\2041\347\352\270\352\366\377\254\236\343\0251g\270\333\23X\353\305L\177\231\303u\201\254k\247\203"..., 40) = 40
25994 10:37:10 select(4, [3], NULL, NULL, NULL) = 1 (in [3])
25994 10:37:10 read(3, "b\10W\24\3109\2125\232\265)?\30\205\363d\345)\270\37\314(\26\211\345U\30\t|\200nh"..., 8192) = 40
25994 10:37:10 write(3, "_\210:\304\27\344\227\243`\243\256O\16\277\3\317s\277\20\313\37o\2426\\\334/C\21]\273\313"..., 56) = 56
25994 10:37:10 select(4, [3], NULL, NULL, NULL) = 1 (in [3])
25994 10:37:10 read(3, "H\251\321\222h\360wig\30F)\256\t\211\33\22@\t\22\373-\202((\240C\350\263\226\225l"..., 8192) = 72
25994 10:37:10 stat("/root/.ssh/id_rsa", 0x7ffccdf3e7a0) = -1 ENOENT (No such file or directory)
25994 10:37:10 stat("/root/.ssh/id_dsa", 0x7ffccdf3e7a0) = -1 ENOENT (No such file or directory)
25994 10:37:10 stat("/root/.ssh/id_ecdsa", 0x7ffccdf3e7a0) = -1 ENOENT (No such file or directory)
25994 10:37:10 stat("/root/.ssh/id_ed25519", 0x7ffccdf3e7a0) = -1 ENOENT (No such file or directory)
25994 10:37:10 open("/dev/tty", O_RDWR) = 4
25994 10:37:10 close(4)                 = 0
25994 10:37:10 open("/dev/tty", O_RDWR) = 4
25994 10:37:10 ioctl(4, TCGETS, {B38400 opost isig icanon echo ...}) = 0
25994 10:37:10 ioctl(4, SNDCTL_TMR_CONTINUE or TCSETSF, {B38400 opost isig icanon -echo ...}) = 0
25994 10:37:10 rt_sigaction(SIGALRM, {0x558c5a8cc0d0, [], SA_RESTORER, 0x7fd97906c270}, {SIG_DFL, [], 0}, 8) = 0
25994 10:37:10 rt_sigaction(SIGHUP, {0x558c5a8cc0d0, [], SA_RESTORER, 0x7fd97906c270}, {SIG_DFL, [], 0}, 8) = 0
25994 10:37:10 rt_sigaction(SIGINT, {0x558c5a8cc0d0, [], SA_RESTORER, 0x7fd97906c270}, {SIG_DFL, [], 0}, 8) = 0
25994 10:37:10 rt_sigaction(SIGPIPE, {0x558c5a8cc0d0, [], SA_RESTORER, 0x7fd97906c270}, {SIG_IGN, [], SA_RESTORER, 0x7fd97906c270}, 8) = 0
25994 10:37:10 rt_sigaction(SIGQUIT, {0x558c5a8cc0d0, [], SA_RESTORER, 0x7fd97906c270}, {SIG_DFL, [], 0}, 8) = 0
25994 10:37:10 rt_sigaction(SIGTERM, {0x558c5a8cc0d0, [], SA_RESTORER, 0x7fd97906c270}, {SIG_DFL, [], 0}, 8) = 0
25994 10:37:10 rt_sigaction(SIGTSTP, {0x558c5a8cc0d0, [], SA_RESTORER, 0x7fd97906c270}, {SIG_DFL, [], 0}, 8) = 0
25994 10:37:10 rt_sigaction(SIGTTIN, {0x558c5a8cc0d0, [], SA_RESTORER, 0x7fd97906c270}, {SIG_DFL, [], 0}, 8) = 0
25994 10:37:10 rt_sigaction(SIGTTOU, {0x558c5a8cc0d0, [], SA_RESTORER, 0x7fd97906c270}, {SIG_DFL, [], 0}, 8) = 0
25994 10:37:10 write(4, "root@10.5.0.208's password: ", 28) = 28
25994 10:37:10 read(4, "y", 1)          = 1
25994 10:37:10 read(4, "o", 1)          = 1
25994 10:37:10 read(4, "t", 1)          = 1
25994 10:37:10 read(4, "p", 1)          = 1
25994 10:37:10 read(4, "4", 1)          = 1
25994 10:37:10 read(4, "o", 1)          = 1
25994 10:37:10 read(4, "z", 1)          = 1
25994 10:37:10 read(4, "A", 1)          = 1
25994 10:37:10 read(4, "c", 1)          = 1
25994 10:37:10 read(4, "C", 1)          = 1
25994 10:37:10 read(4, "=", 1)          = 1
25994 10:37:10 read(4, "b", 1)          = 1
25994 10:37:10 read(4, "~", 1)          = 1
25994 10:37:10 read(4, "V", 1)          = 1
25994 10:37:10 read(4, "4", 1)          = 1
25994 10:37:10 read(4, "K", 1)          = 1
25994 10:37:10 read(4, "G", 1)          = 1
25994 10:37:10 read(4, "V", 1)          = 1
25994 10:37:10 read(4, "/", 1)          = 1
25994 10:37:10 read(4, "s", 1)          = 1
25994 10:37:10 read(4, "\n", 1)         = 1
25994 10:37:10 write(4, "\n", 1)        = 1
25994 10:37:10 ioctl(4, SNDCTL_TMR_CONTINUE or TCSETSF, {B38400 opost isig icanon echo ...}) = 0
25994 10:37:10 rt_sigaction(SIGALRM, {SIG_DFL, [], SA_RESTORER, 0x7fd97906c270}, NULL, 8) = 0
25994 10:37:10 rt_sigaction(SIGHUP, {SIG_DFL, [], SA_RESTORER, 0x7fd97906c270}, NULL, 8) = 0
25994 10:37:10 rt_sigaction(SIGINT, {SIG_DFL, [], SA_RESTORER, 0x7fd97906c270}, NULL, 8) = 0
25994 10:37:10 rt_sigaction(SIGQUIT, {SIG_DFL, [], SA_RESTORER, 0x7fd97906c270}, NULL, 8) = 0
25994 10:37:10 rt_sigaction(SIGPIPE, {SIG_IGN, [], SA_RESTORER, 0x7fd97906c270}, NULL, 8) = 0
25994 10:37:10 rt_sigaction(SIGTERM, {SIG_DFL, [], SA_RESTORER, 0x7fd97906c270}, NULL, 8) = 0
25994 10:37:10 rt_sigaction(SIGTSTP, {SIG_DFL, [], SA_RESTORER, 0x7fd97906c270}, NULL, 8) = 0
25994 10:37:10 rt_sigaction(SIGTTIN, {SIG_DFL, [], SA_RESTORER, 0x7fd97906c270}, NULL, 8) = 0
25994 10:37:10 rt_sigaction(SIGTTOU, {SIG_DFL, [], SA_RESTORER, 0x7fd97906c270}, NULL, 8) = 0
25994 10:37:10 close(4)                 = 0
25994 10:37:10 write(3, "\347\331\23\267\224q\231\213>z\23235J\22AM\324\354Z\244\274\235\250\344\346\20l\343\370\336\277"..., 136) = 136
25994 10:37:10 select(4, [3], NULL, NULL, NULL) = 1 (in [3])
25994 10:37:10 read(3, "\323=\r\22\213\271:\323\277LSV\277\351o\272\2\30_\230\2358\244\30", 8192) = 24
25994 10:37:10 dup(0)                   = 4
25994 10:37:10 dup(1)                   = 5
25994 10:37:10 dup(2)                   = 6
25994 10:37:10 ioctl(4, TCGETS, {B38400 opost isig icanon echo ...}) = 0
25994 10:37:10 ioctl(5, TCGETS, {B38400 opost isig icanon echo ...}) = 0
25994 10:37:10 ioctl(6, TCGETS, {B38400 opost isig icanon echo ...}) = 0
25994 10:37:10 fcntl(4, F_SETFD, FD_CLOEXEC) = 0
25994 10:37:10 fcntl(5, F_SETFD, FD_CLOEXEC) = 0
25994 10:37:10 fcntl(6, F_SETFD, FD_CLOEXEC) = 0
25994 10:37:10 rt_sigaction(SIGHUP, NULL, {SIG_DFL, [], SA_RESTORER, 0x7fd97906c270}, 8) = 0
25994 10:37:10 rt_sigaction(SIGHUP, {SIG_IGN, [], SA_RESTORER, 0x7fd97906c270}, NULL, 8) = 0
25994 10:37:10 rt_sigaction(SIGHUP, NULL, {SIG_IGN, [], SA_RESTORER, 0x7fd97906c270}, 8) = 0
25994 10:37:10 rt_sigaction(SIGHUP, {0x558c5a8749f0, [], SA_RESTORER, 0x7fd97906c270}, NULL, 8) = 0
25994 10:37:10 rt_sigaction(SIGINT, NULL, {SIG_DFL, [], SA_RESTORER, 0x7fd97906c270}, 8) = 0
25994 10:37:10 rt_sigaction(SIGINT, {SIG_IGN, [], SA_RESTORER, 0x7fd97906c270}, NULL, 8) = 0
25994 10:37:10 rt_sigaction(SIGINT, NULL, {SIG_IGN, [], SA_RESTORER, 0x7fd97906c270}, 8) = 0
25994 10:37:10 rt_sigaction(SIGINT, {0x558c5a8749f0, [], SA_RESTORER, 0x7fd97906c270}, NULL, 8) = 0
25994 10:37:10 rt_sigaction(SIGQUIT, NULL, {SIG_DFL, [], SA_RESTORER, 0x7fd97906c270}, 8) = 0
25994 10:37:10 rt_sigaction(SIGQUIT, {SIG_IGN, [], SA_RESTORER, 0x7fd97906c270}, NULL, 8) = 0
25994 10:37:10 rt_sigaction(SIGQUIT, NULL, {SIG_IGN, [], SA_RESTORER, 0x7fd97906c270}, 8) = 0
25994 10:37:10 rt_sigaction(SIGQUIT, {0x558c5a8749f0, [], SA_RESTORER, 0x7fd97906c270}, NULL, 8) = 0
25994 10:37:10 rt_sigaction(SIGTERM, NULL, {SIG_DFL, [], SA_RESTORER, 0x7fd97906c270}, 8) = 0
25994 10:37:10 rt_sigaction(SIGTERM, {SIG_IGN, [], SA_RESTORER, 0x7fd97906c270}, NULL, 8) = 0
25994 10:37:10 rt_sigaction(SIGTERM, NULL, {SIG_IGN, [], SA_RESTORER, 0x7fd97906c270}, 8) = 0
25994 10:37:10 rt_sigaction(SIGTERM, {0x558c5a8749f0, [], SA_RESTORER, 0x7fd97906c270}, NULL, 8) = 0
25994 10:37:10 rt_sigaction(SIGWINCH, NULL, {SIG_DFL, [], 0}, 8) = 0
25994 10:37:10 rt_sigaction(SIGWINCH, {0x558c5a874c80, [], SA_RESTORER, 0x7fd97906c270}, NULL, 8) = 0
25994 10:37:10 ioctl(0, TCGETS, {B38400 opost isig icanon echo ...}) = 0
25994 10:37:10 ioctl(0, SNDCTL_TMR_STOP or TCSETSW, {B38400 -opost -isig -icanon -echo ...}) = 0
25994 10:37:10 clock_gettime(CLOCK_BOOTTIME, {608116, 905422017}) = 0
25994 10:37:10 clock_gettime(CLOCK_BOOTTIME, {608116, 905479766}) = 0
25994 10:37:10 select(7, [3], [3], NULL, NULL) = 1 (out [3])
25994 10:37:10 clock_gettime(CLOCK_BOOTTIME, {608116, 905567927}) = 0
25994 10:37:10 write(3, "\300v2@\242\5\320T\237 \26\314>\25\342\351\260\221g\205N\304\330vEn\234\10&\310\351\321"..., 112) = 112
25994 10:37:10 clock_gettime(CLOCK_BOOTTIME, {608116, 905666318}) = 0
25994 10:37:10 clock_gettime(CLOCK_BOOTTIME, {608116, 905707624}) = 0
25994 10:37:10 select(7, [3], [], NULL, NULL) = 1 (in [3])
25994 10:37:10 clock_gettime(CLOCK_BOOTTIME, {608116, 910119525}) = 0
25994 10:37:10 read(3, "c\237\356\355\227\233\314\215\212\214\26\f\317\2}\225\244@z\340M\206C\267\1\ro\21BF\177S"..., 8192) = 40
25994 10:37:10 getsockopt(3, SOL_TCP, TCP_NODELAY, [0], [4]) = 0
25994 10:37:10 setsockopt(3, SOL_TCP, TCP_NODELAY, [1], 4) = 0
25994 10:37:10 getsockname(3, {sa_family=AF_INET, sin_port=htons(55812), sin_addr=inet_addr("10.5.0.222")}, [16]) = 0
25994 10:37:10 setsockopt(3, SOL_IP, IP_TOS, [16], 4) = 0
25994 10:37:10 ioctl(0, TIOCGWINSZ, {ws_row=45, ws_col=132, ws_xpixel=0, ws_ypixel=0}) = 0
25994 10:37:10 clock_gettime(CLOCK_BOOTTIME, {608116, 910466416}) = 0
25994 10:37:10 clock_gettime(CLOCK_BOOTTIME, {608116, 910508552}) = 0
25994 10:37:10 select(7, [3], [3], NULL, NULL) = 1 (out [3])
25994 10:37:10 clock_gettime(CLOCK_BOOTTIME, {608116, 910595569}) = 0
25994 10:37:10 write(3, "\n\246S\24:\244\26\305\225\332\357[\376\260\366\274\33\217*\351\347c\21Zo\2655N\255\234\375\207"..., 368) = 368
25994 10:37:10 clock_gettime(CLOCK_BOOTTIME, {608116, 910694999}) = 0
25994 10:37:10 clock_gettime(CLOCK_BOOTTIME, {608116, 910735774}) = 0
25994 10:37:10 select(7, [3], [], NULL, NULL) = 1 (in [3])
25994 10:37:10 clock_gettime(CLOCK_BOOTTIME, {608116, 911280467}) = 0
25994 10:37:10 read(3, "\32D\343\326\26<\353J\337k}\325\276\22C\335\255Bk\371\250)\2105\334\363K\361L\255Zk"..., 8192) = 88
25994 10:37:10 clock_gettime(CLOCK_BOOTTIME, {608116, 911369352}) = 0
25994 10:37:10 clock_gettime(CLOCK_BOOTTIME, {608116, 911409965}) = 0
25994 10:37:10 select(7, [3 4], [], NULL, NULL) = 1 (in [3])
25994 10:37:10 clock_gettime(CLOCK_BOOTTIME, {608116, 915624743}) = 0
25994 10:37:10 read(3, "~\3018\223\347\6\3703Jc\304\324[\261\321\373\207\6\367\35\222\352KU\273\f\3\301a\316}\277"..., 8192) = 152
25994 10:37:10 clock_gettime(CLOCK_BOOTTIME, {608116, 915722785}) = 0
25994 10:37:10 clock_gettime(CLOCK_BOOTTIME, {608116, 915763914}) = 0
25994 10:37:10 select(7, [3 4], [5], NULL, NULL) = 1 (out [5])
25994 10:37:10 clock_gettime(CLOCK_BOOTTIME, {608116, 915851062}) = 0
25994 10:37:10 write(5, "Last login: Thu Jun 21 18:24:53 "..., 111) = 111
25994 10:37:10 clock_gettime(CLOCK_BOOTTIME, {608116, 915983398}) = 0
25994 10:37:10 clock_gettime(CLOCK_BOOTTIME, {608116, 916025547}) = 0
25994 10:37:10 select(7, [3 4], [], NULL, NULL) = 1 (in [3])
25994 10:37:10 clock_gettime(CLOCK_BOOTTIME, {608116, 932632645}) = 0
25994 10:37:10 read(3, "_#e\251\205&\3466\37\242\275\275X\346Q>\242\27,tv@\7<U\363\4u\256,\372\21"..., 8192) = 56
25994 10:37:10 clock_gettime(CLOCK_BOOTTIME, {608116, 932730255}) = 0
25994 10:37:10 clock_gettime(CLOCK_BOOTTIME, {608116, 932770919}) = 0
25994 10:37:10 select(7, [3 4], [5], NULL, NULL) = 1 (out [5])
25994 10:37:10 clock_gettime(CLOCK_BOOTTIME, {608116, 932859052}) = 0
25994 10:37:10 write(5, "[root@ali-p2p-h5-1 ~]# ", 23) = 23
25994 10:37:10 clock_gettime(CLOCK_BOOTTIME, {608116, 932973798}) = 0
25994 10:37:10 clock_gettime(CLOCK_BOOTTIME, {608116, 933025800}) = 0
25994 10:37:10 select(7, [3 4], [], NULL, NULL) = 1 (in [4])
25994 10:37:11 clock_gettime(CLOCK_BOOTTIME, {608117, 649075267}) = 0
25994 10:37:11 read(4, "\r", 16384)     = 1
25994 10:37:11 clock_gettime(CLOCK_BOOTTIME, {608117, 649208438}) = 0
25994 10:37:11 clock_gettime(CLOCK_BOOTTIME, {608117, 649251167}) = 0
25994 10:37:11 select(7, [3 4], [3], NULL, NULL) = 1 (out [3])
25994 10:37:11 clock_gettime(CLOCK_BOOTTIME, {608117, 649342574}) = 0
25994 10:37:11 write(3, "\375l\310\355\255\n\377}\304\27\237\276\340\\\7\312G{\34xA\223\251\207\36794\241*\373/\314"..., 40) = 40
25994 10:37:11 clock_gettime(CLOCK_BOOTTIME, {608117, 649464543}) = 0
25994 10:37:11 clock_gettime(CLOCK_BOOTTIME, {608117, 649506835}) = 0
25994 10:37:11 select(7, [3 4], [], NULL, NULL) = 1 (in [3])
25994 10:37:11 clock_gettime(CLOCK_BOOTTIME, {608117, 651633985}) = 0
25994 10:37:11 read(3, "\355\252\346G\251\322\240P<\232\347\275\210\220{\375\252\7\312\235\302\215\343\232R\241\f\364\366\210\220\253"..., 8192) = 40
25994 10:37:11 clock_gettime(CLOCK_BOOTTIME, {608117, 651725238}) = 0
25994 10:37:11 clock_gettime(CLOCK_BOOTTIME, {608117, 651765073}) = 0
25994 10:37:11 select(7, [3 4], [5], NULL, NULL) = 1 (out [5])
25994 10:37:11 clock_gettime(CLOCK_BOOTTIME, {608117, 651849528}) = 0
25994 10:37:11 write(5, "\r\n", 2)      = 2
25994 10:37:11 clock_gettime(CLOCK_BOOTTIME, {608117, 651981798}) = 0
25994 10:37:11 clock_gettime(CLOCK_BOOTTIME, {608117, 652030082}) = 0
25994 10:37:11 select(7, [3 4], [], NULL, NULL) = 1 (in [3])
25994 10:37:11 clock_gettime(CLOCK_BOOTTIME, {608117, 656877150}) = 0
25994 10:37:11 read(3, "\237\277RjH\215\242\236\273<W\230\207\362\23\204:\227\262\233\3039\213_\16F\320X\343#\200\324"..., 8192) = 56
25994 10:37:11 clock_gettime(CLOCK_BOOTTIME, {608117, 656971223}) = 0
25994 10:37:11 clock_gettime(CLOCK_BOOTTIME, {608117, 657022894}) = 0
25994 10:37:11 select(7, [3 4], [5], NULL, NULL) = 1 (out [5])
25994 10:37:11 clock_gettime(CLOCK_BOOTTIME, {608117, 657122200}) = 0
25994 10:37:11 write(5, "[root@ali-p2p-h5-1 ~]# ", 23) = 23
25994 10:37:11 clock_gettime(CLOCK_BOOTTIME, {608117, 657236112}) = 0
25994 10:37:11 clock_gettime(CLOCK_BOOTTIME, {608117, 657275926}) = 0
25994 10:37:11 select(7, [3 4], [], NULL, NULL) = 1 (in [4])
25994 10:37:11 clock_gettime(CLOCK_BOOTTIME, {608117, 860098009}) = 0
25994 10:37:11 read(4, "\r", 16384)     = 1
25994 10:37:11 clock_gettime(CLOCK_BOOTTIME, {608117, 860246090}) = 0
25994 10:37:11 clock_gettime(CLOCK_BOOTTIME, {608117, 860288506}) = 0
25994 10:37:11 select(7, [3 4], [3], NULL, NULL) = 1 (out [3])
25994 10:37:11 clock_gettime(CLOCK_BOOTTIME, {608117, 860381587}) = 0
25994 10:37:11 write(3, "\204\234\235'\320\0033'd\2*\274\270\317\367\200\370\33\357tJln\32\303\363\267z\315\340\347\340"..., 40) = 40
25994 10:37:11 clock_gettime(CLOCK_BOOTTIME, {608117, 860490445}) = 0
25994 10:37:11 clock_gettime(CLOCK_BOOTTIME, {608117, 860532461}) = 0
25994 10:37:11 select(7, [3 4], [], NULL, NULL) = 1 (in [3])
25994 10:37:11 clock_gettime(CLOCK_BOOTTIME, {608117, 862885282}) = 0
25994 10:37:11 read(3, "\213CQ\327\362\226\10\315\277\210w\32\25\222X\340e\24\17\260\217\327\231\271\203<\34\347\276L\256\240"..., 8192) = 40
25994 10:37:11 clock_gettime(CLOCK_BOOTTIME, {608117, 862978886}) = 0
25994 10:37:11 clock_gettime(CLOCK_BOOTTIME, {608117, 863032756}) = 0
25994 10:37:11 select(7, [3 4], [5], NULL, NULL) = 1 (out [5])
25994 10:37:11 clock_gettime(CLOCK_BOOTTIME, {608117, 863128954}) = 0
25994 10:37:11 write(5, "\r\n", 2)      = 2
25994 10:37:11 clock_gettime(CLOCK_BOOTTIME, {608117, 863261095}) = 0
25994 10:37:11 clock_gettime(CLOCK_BOOTTIME, {608117, 863303051}) = 0
25994 10:37:11 select(7, [3 4], [], NULL, NULL) = 1 (in [3])
25994 10:37:11 clock_gettime(CLOCK_BOOTTIME, {608117, 866866597}) = 0
25994 10:37:11 read(3, "!\331\340\366&\315\314\351J\226(\274V-\220,o`\21\234\5|&f\230\214L;?\306\r\300"..., 8192) = 56
25994 10:37:11 clock_gettime(CLOCK_BOOTTIME, {608117, 866958027}) = 0
25994 10:37:11 clock_gettime(CLOCK_BOOTTIME, {608117, 866999004}) = 0
25994 10:37:11 select(7, [3 4], [5], NULL, NULL) = 1 (out [5])
25994 10:37:11 clock_gettime(CLOCK_BOOTTIME, {608117, 867092721}) = 0
25994 10:37:11 write(5, "[root@ali-p2p-h5-1 ~]# ", 23) = 23
25994 10:37:11 clock_gettime(CLOCK_BOOTTIME, {608117, 867214296}) = 0
25994 10:37:11 clock_gettime(CLOCK_BOOTTIME, {608117, 867256420}) = 0
25994 10:37:11 select(7, [3 4], [], NULL, NULL) = 1 (in [4])
25994 10:37:11 clock_gettime(CLOCK_BOOTTIME, {608118, 564636573}) = 0
25994 10:37:11 read(4, "i", 16384)      = 1
25994 10:37:11 clock_gettime(CLOCK_BOOTTIME, {608118, 564756737}) = 0
25994 10:37:11 clock_gettime(CLOCK_BOOTTIME, {608118, 564810078}) = 0
25994 10:37:11 select(7, [3 4], [3], NULL, NULL) = 1 (out [3])
25994 10:37:11 clock_gettime(CLOCK_BOOTTIME, {608118, 564901382}) = 0
25994 10:37:11 write(3, "m\260\364&\322p\327\232\200\257\250H\243\344\254\366y\204\223\\\231)x3o\342Qzg\307x\252"..., 40) = 40
25994 10:37:11 clock_gettime(CLOCK_BOOTTIME, {608118, 565011588}) = 0
25994 10:37:11 clock_gettime(CLOCK_BOOTTIME, {608118, 565050709}) = 0
25994 10:37:11 select(7, [3 4], [], NULL, NULL) = 1 (in [3])
25994 10:37:11 clock_gettime(CLOCK_BOOTTIME, {608118, 566862465}) = 0
25994 10:37:11 read(3, "\251G`X\365\237\234\311\2034\330\243\210\31\254\345\325\213\320\0230V\37\246M\316.y\242Mul"..., 8192) = 40
25994 10:37:11 clock_gettime(CLOCK_BOOTTIME, {608118, 566954001}) = 0
25994 10:37:11 clock_gettime(CLOCK_BOOTTIME, {608118, 566993137}) = 0
25994 10:37:11 select(7, [3 4], [5], NULL, NULL) = 1 (out [5])
25994 10:37:11 clock_gettime(CLOCK_BOOTTIME, {608118, 567090839}) = 0
25994 10:37:11 write(5, "i", 1)         = 1
25994 10:37:11 clock_gettime(CLOCK_BOOTTIME, {608118, 567182791}) = 0
25994 10:37:11 clock_gettime(CLOCK_BOOTTIME, {608118, 567205383}) = 0
25994 10:37:11 select(7, [3 4], [], NULL, NULL) = 1 (in [4])
25994 10:37:12 clock_gettime(CLOCK_BOOTTIME, {608118, 711217809}) = 0
25994 10:37:12 read(4, "f", 16384)      = 1
25994 10:37:12 clock_gettime(CLOCK_BOOTTIME, {608118, 711347918}) = 0
25994 10:37:12 clock_gettime(CLOCK_BOOTTIME, {608118, 711390073}) = 0
25994 10:37:12 select(7, [3 4], [3], NULL, NULL) = 1 (out [3])
25994 10:37:12 clock_gettime(CLOCK_BOOTTIME, {608118, 711481232}) = 0
25994 10:37:12 write(3, "A\257\357\v\320~\253\312\254\334M\344\337C\22=/\376\332a\222\33Q\0047\1\371;\27\245\234o"..., 40) = 40
25994 10:37:12 clock_gettime(CLOCK_BOOTTIME, {608118, 711590827}) = 0
25994 10:37:12 clock_gettime(CLOCK_BOOTTIME, {608118, 711632124}) = 0
25994 10:37:12 select(7, [3 4], [], NULL, NULL) = 1 (in [3])
25994 10:37:12 clock_gettime(CLOCK_BOOTTIME, {608118, 713874945}) = 0
25994 10:37:12 read(3, "\275\5\"\245\351lpN\303o\334e\242\7(y\365\"\355\223\276F\257\346\373\23lC\373\216\322\237"..., 8192) = 40
25994 10:37:12 clock_gettime(CLOCK_BOOTTIME, {608118, 713967833}) = 0
25994 10:37:12 clock_gettime(CLOCK_BOOTTIME, {608118, 714021467}) = 0
25994 10:37:12 select(7, [3 4], [5], NULL, NULL) = 1 (out [5])
25994 10:37:12 clock_gettime(CLOCK_BOOTTIME, {608118, 714108592}) = 0
25994 10:37:12 write(5, "f", 1)         = 1
25994 10:37:12 clock_gettime(CLOCK_BOOTTIME, {608118, 714242536}) = 0
25994 10:37:12 clock_gettime(CLOCK_BOOTTIME, {608118, 714283794}) = 0
25994 10:37:12 select(7, [3 4], [], NULL, NULL) = 1 (in [4])
25994 10:37:12 clock_gettime(CLOCK_BOOTTIME, {608118, 932429221}) = 0
25994 10:37:12 read(4, "c", 16384)      = 1
25994 10:37:12 clock_gettime(CLOCK_BOOTTIME, {608118, 932543863}) = 0
25994 10:37:12 clock_gettime(CLOCK_BOOTTIME, {608118, 932586504}) = 0
25994 10:37:12 select(7, [3 4], [3], NULL, NULL) = 1 (out [3])
25994 10:37:12 clock_gettime(CLOCK_BOOTTIME, {608118, 932676638}) = 0
25994 10:37:12 write(3, "@\243\v\345\330Jx\244\212\n\6\321\361\347?\237]L\31\254\21z\355M\224y\251'\345\302\220\317"..., 40) = 40
25994 10:37:12 clock_gettime(CLOCK_BOOTTIME, {608118, 932784038}) = 0
25994 10:37:12 clock_gettime(CLOCK_BOOTTIME, {608118, 932825628}) = 0
25994 10:37:12 select(7, [3 4], [], NULL, NULL) = 1 (in [3])
25994 10:37:12 clock_gettime(CLOCK_BOOTTIME, {608118, 934874641}) = 0
25994 10:37:12 read(3, "\334\345yi\22\26\370\315\":\304<\16} f\6\277z\36\346\f\233\273\353X\t\342G\374\34\t"..., 8192) = 40
25994 10:37:12 clock_gettime(CLOCK_BOOTTIME, {608118, 934969168}) = 0
25994 10:37:12 clock_gettime(CLOCK_BOOTTIME, {608118, 935026479}) = 0
25994 10:37:12 select(7, [3 4], [5], NULL, NULL) = 1 (out [5])
25994 10:37:12 clock_gettime(CLOCK_BOOTTIME, {608118, 935129609}) = 0
25994 10:37:12 write(5, "c", 1)         = 1
25994 10:37:12 clock_gettime(CLOCK_BOOTTIME, {608118, 935262692}) = 0
25994 10:37:12 clock_gettime(CLOCK_BOOTTIME, {608118, 935304244}) = 0
25994 10:37:12 select(7, [3 4], [], NULL, NULL) = 1 (in [4])
25994 10:37:12 clock_gettime(CLOCK_BOOTTIME, {608119, 39999829}) = 0
25994 10:37:12 read(4, "o", 16384)      = 1
25994 10:37:12 clock_gettime(CLOCK_BOOTTIME, {608119, 40138318}) = 0
25994 10:37:12 clock_gettime(CLOCK_BOOTTIME, {608119, 40181340}) = 0
25994 10:37:12 select(7, [3 4], [3], NULL, NULL) = 1 (out [3])
25994 10:37:12 clock_gettime(CLOCK_BOOTTIME, {608119, 40271956}) = 0
25994 10:37:12 write(3, "7\244]\356\0=\216F\341\35X\253\v\233\25\304\360\207\316\372\7Xs\265\333\330PP0\264\323R"..., 40) = 40
25994 10:37:12 clock_gettime(CLOCK_BOOTTIME, {608119, 40377960}) = 0
25994 10:37:12 clock_gettime(CLOCK_BOOTTIME, {608119, 40419930}) = 0
25994 10:37:12 select(7, [3 4], [], NULL, NULL) = 1 (in [3])
25994 10:37:12 clock_gettime(CLOCK_BOOTTIME, {608119, 41860425}) = 0
25994 10:37:12 read(3, "K\205\241,2\355q\373\7\322\320\257\326\257\246V\324\330Z\364\335)\3675\275\337\32\3704\346]\215"..., 8192) = 40
25994 10:37:12 clock_gettime(CLOCK_BOOTTIME, {608119, 41951588}) = 0
25994 10:37:12 clock_gettime(CLOCK_BOOTTIME, {608119, 41993101}) = 0
25994 10:37:12 select(7, [3 4], [5], NULL, NULL) = 1 (out [5])
25994 10:37:12 clock_gettime(CLOCK_BOOTTIME, {608119, 42093726}) = 0
25994 10:37:12 write(5, "o", 1)         = 1
25994 10:37:12 clock_gettime(CLOCK_BOOTTIME, {608119, 42226450}) = 0
25994 10:37:12 clock_gettime(CLOCK_BOOTTIME, {608119, 42268235}) = 0
25994 10:37:12 select(7, [3 4], [], NULL, NULL) = 1 (in [4])
25994 10:37:12 clock_gettime(CLOCK_BOOTTIME, {608119, 108408376}) = 0
25994 10:37:12 read(4, "n", 16384)      = 1
25994 10:37:12 clock_gettime(CLOCK_BOOTTIME, {608119, 108562414}) = 0
25994 10:37:12 clock_gettime(CLOCK_BOOTTIME, {608119, 108603377}) = 0
25994 10:37:12 select(7, [3 4], [3], NULL, NULL) = 1 (out [3])
25994 10:37:12 clock_gettime(CLOCK_BOOTTIME, {608119, 108691989}) = 0
25994 10:37:12 write(3, "\244\330-\2577<\204\307}\242\26;\347\366\214Z\217S\t|\232]\2\247\204OR.\205\314\310r"..., 40) = 40
25994 10:37:12 clock_gettime(CLOCK_BOOTTIME, {608119, 108795874}) = 0
25994 10:37:12 clock_gettime(CLOCK_BOOTTIME, {608119, 108838140}) = 0
25994 10:37:12 select(7, [3 4], [], NULL, NULL) = 1 (in [3])
25994 10:37:12 clock_gettime(CLOCK_BOOTTIME, {608119, 110865200}) = 0
25994 10:37:12 read(3, " Fdx!g\236\250=\\b\373i\305\3205U\203?\252\252\235\2324\321t2_V`\304\233"..., 8192) = 40
25994 10:37:12 clock_gettime(CLOCK_BOOTTIME, {608119, 110956774}) = 0
25994 10:37:12 clock_gettime(CLOCK_BOOTTIME, {608119, 110997268}) = 0
25994 10:37:12 select(7, [3 4], [5], NULL, NULL) = 1 (out [5])
25994 10:37:12 clock_gettime(CLOCK_BOOTTIME, {608119, 111092110}) = 0
25994 10:37:12 write(5, "n", 1)         = 1
25994 10:37:12 clock_gettime(CLOCK_BOOTTIME, {608119, 111227401}) = 0
25994 10:37:12 clock_gettime(CLOCK_BOOTTIME, {608119, 111268712}) = 0
25994 10:37:12 select(7, [3 4], [], NULL, NULL) = 1 (in [4])
25994 10:37:12 clock_gettime(CLOCK_BOOTTIME, {608119, 258910872}) = 0
25994 10:37:12 read(4, "f", 16384)      = 1
25994 10:37:12 clock_gettime(CLOCK_BOOTTIME, {608119, 259045513}) = 0
25994 10:37:12 clock_gettime(CLOCK_BOOTTIME, {608119, 259087363}) = 0
25994 10:37:12 select(7, [3 4], [3], NULL, NULL) = 1 (out [3])
25994 10:37:12 clock_gettime(CLOCK_BOOTTIME, {608119, 259186500}) = 0
25994 10:37:12 write(3, "\270b\337\33\323\177p!\361\30\321\335#\10\374N\262\335\365\240\330\233\327G\275w\303\252\24'\31\252"..., 40) = 40
25994 10:37:12 clock_gettime(CLOCK_BOOTTIME, {608119, 259286658}) = 0
25994 10:37:12 clock_gettime(CLOCK_BOOTTIME, {608119, 259327769}) = 0
25994 10:37:12 select(7, [3 4], [], NULL, NULL) = 1 (in [3])
25994 10:37:12 clock_gettime(CLOCK_BOOTTIME, {608119, 260870300}) = 0
25994 10:37:12 read(3, "\31\304X\246125\247\350p\32a\302\2743\200 +Ze\245K\267J=T\343\16\326=\355A"..., 8192) = 40
25994 10:37:12 clock_gettime(CLOCK_BOOTTIME, {608119, 260965665}) = 0
25994 10:37:12 clock_gettime(CLOCK_BOOTTIME, {608119, 261017675}) = 0
25994 10:37:12 select(7, [3 4], [5], NULL, NULL) = 1 (out [5])
25994 10:37:12 clock_gettime(CLOCK_BOOTTIME, {608119, 261110924}) = 0
25994 10:37:12 write(5, "f", 1)         = 1
25994 10:37:12 clock_gettime(CLOCK_BOOTTIME, {608119, 261245083}) = 0
25994 10:37:12 clock_gettime(CLOCK_BOOTTIME, {608119, 261299098}) = 0
25994 10:37:12 select(7, [3 4], [], NULL, NULL) = 1 (in [4])
25994 10:37:12 clock_gettime(CLOCK_BOOTTIME, {608119, 323321690}) = 0
25994 10:37:12 read(4, "i", 16384)      = 1
25994 10:37:12 clock_gettime(CLOCK_BOOTTIME, {608119, 323439522}) = 0
25994 10:37:12 clock_gettime(CLOCK_BOOTTIME, {608119, 323481612}) = 0
25994 10:37:12 select(7, [3 4], [3], NULL, NULL) = 1 (out [3])
25994 10:37:12 clock_gettime(CLOCK_BOOTTIME, {608119, 323571293}) = 0
25994 10:37:12 write(3, "]\346\17\214\2617[\257\310K\225\37\242>\367|\355\t\253\23\253\325\301Jb\314#\331\322\37\223\345"..., 40) = 40
25994 10:37:12 clock_gettime(CLOCK_BOOTTIME, {608119, 323668764}) = 0
25994 10:37:12 clock_gettime(CLOCK_BOOTTIME, {608119, 323709308}) = 0
25994 10:37:12 select(7, [3 4], [], NULL, NULL) = 1 (in [3])
25994 10:37:12 clock_gettime(CLOCK_BOOTTIME, {608119, 325861412}) = 0
25994 10:37:12 read(3, "\340\360\314\322Jf+\372\207\242F\367\254^\37\23\v\331\243\0\352\204\200\347\304*\360\f\301\304\231*"..., 8192) = 40
25994 10:37:12 clock_gettime(CLOCK_BOOTTIME, {608119, 325952532}) = 0
25994 10:37:12 clock_gettime(CLOCK_BOOTTIME, {608119, 325993823}) = 0
25994 10:37:12 select(7, [3 4], [5], NULL, NULL) = 1 (out [5])
25994 10:37:12 clock_gettime(CLOCK_BOOTTIME, {608119, 326092357}) = 0
25994 10:37:12 write(5, "i", 1)         = 1
25994 10:37:12 clock_gettime(CLOCK_BOOTTIME, {608119, 326224981}) = 0
25994 10:37:12 clock_gettime(CLOCK_BOOTTIME, {608119, 326267127}) = 0
25994 10:37:12 select(7, [3 4], [], NULL, NULL) = 1 (in [4])
25994 10:37:12 clock_gettime(CLOCK_BOOTTIME, {608119, 491936070}) = 0
25994 10:37:12 read(4, "g", 16384)      = 1
25994 10:37:12 clock_gettime(CLOCK_BOOTTIME, {608119, 492064879}) = 0
25994 10:37:12 clock_gettime(CLOCK_BOOTTIME, {608119, 492106639}) = 0
25994 10:37:12 select(7, [3 4], [3], NULL, NULL) = 1 (out [3])
25994 10:37:12 clock_gettime(CLOCK_BOOTTIME, {608119, 492204959}) = 0
25994 10:37:12 write(3, "\33\25I\303\16\3465\275$\310!Lr8\254]\234\360\20D$4\244+)z\300?\226X\313*"..., 40) = 40
25994 10:37:12 clock_gettime(CLOCK_BOOTTIME, {608119, 492321568}) = 0
25994 10:37:12 clock_gettime(CLOCK_BOOTTIME, {608119, 492360911}) = 0
25994 10:37:12 select(7, [3 4], [], NULL, NULL) = 1 (in [3])
25994 10:37:12 clock_gettime(CLOCK_BOOTTIME, {608119, 493858093}) = 0
25994 10:37:12 read(3, "S\"\207G\177\235F{\10\327\225}\315\341j\333\321.\306*\31\276(\213\377\266\214\0`\261\315Y"..., 8192) = 40
25994 10:37:12 clock_gettime(CLOCK_BOOTTIME, {608119, 493945142}) = 0
25994 10:37:12 clock_gettime(CLOCK_BOOTTIME, {608119, 493983092}) = 0
25994 10:37:12 select(7, [3 4], [5], NULL, NULL) = 1 (out [5])
25994 10:37:12 clock_gettime(CLOCK_BOOTTIME, {608119, 494073266}) = 0
25994 10:37:12 write(5, "g", 1)         = 1
25994 10:37:12 clock_gettime(CLOCK_BOOTTIME, {608119, 494200817}) = 0
25994 10:37:12 clock_gettime(CLOCK_BOOTTIME, {608119, 494241948}) = 0
25994 10:37:12 select(7, [3 4], [], NULL, NULL) = 1 (in [4])
25994 10:37:12 clock_gettime(CLOCK_BOOTTIME, {608119, 584672294}) = 0
25994 10:37:12 read(4, "\r", 16384)     = 1
25994 10:37:12 clock_gettime(CLOCK_BOOTTIME, {608119, 584776962}) = 0
25994 10:37:12 clock_gettime(CLOCK_BOOTTIME, {608119, 584815894}) = 0
25994 10:37:12 select(7, [3 4], [3], NULL, NULL) = 1 (out [3])
25994 10:37:12 clock_gettime(CLOCK_BOOTTIME, {608119, 584898960}) = 0
25994 10:37:12 write(3, "\234\26\343\3\335L\370\360\207\34l]\17\356\377\355\206wW\364{\362\205x:\5\23\360\300\272\367\226"..., 40) = 40
25994 10:37:12 clock_gettime(CLOCK_BOOTTIME, {608119, 584993399}) = 0
25994 10:37:12 clock_gettime(CLOCK_BOOTTIME, {608119, 585043645}) = 0
25994 10:37:12 select(7, [3 4], [], NULL, NULL) = 1 (in [3])
25994 10:37:12 clock_gettime(CLOCK_BOOTTIME, {608119, 586876670}) = 0
25994 10:37:12 read(3, "\242\247C\6o\322\317\f\203\346\370s!'[ThTH\0c;\230,@\330\210\203\221[\272W"..., 8192) = 40
25994 10:37:12 clock_gettime(CLOCK_BOOTTIME, {608119, 586963854}) = 0
25994 10:37:12 clock_gettime(CLOCK_BOOTTIME, {608119, 587006675}) = 0
25994 10:37:12 select(7, [3 4], [5], NULL, NULL) = 1 (out [5])
25994 10:37:12 clock_gettime(CLOCK_BOOTTIME, {608119, 587107337}) = 0
25994 10:37:12 write(5, "\r\n", 2)      = 2
25994 10:37:12 clock_gettime(CLOCK_BOOTTIME, {608119, 587243571}) = 0
25994 10:37:12 clock_gettime(CLOCK_BOOTTIME, {608119, 587285760}) = 0
25994 10:37:12 select(7, [3 4], [], NULL, NULL) = 1 (in [3])
25994 10:37:12 clock_gettime(CLOCK_BOOTTIME, {608119, 587867241}) = 0
25994 10:37:12 read(3, "\202\321\356\300\242\240z\361UQ\306v\10)\225\241rr4\370\2263)\2103t\314\374\355\27\311\24"..., 8192) = 872
25994 10:37:12 clock_gettime(CLOCK_BOOTTIME, {608119, 587970284}) = 0
25994 10:37:12 clock_gettime(CLOCK_BOOTTIME, {608119, 588023152}) = 0
25994 10:37:12 select(7, [3 4], [5], NULL, NULL) = 1 (out [5])
25994 10:37:12 clock_gettime(CLOCK_BOOTTIME, {608119, 588119074}) = 0
25994 10:37:12 write(5, "eth0      Link encap:Ethernet  H"..., 836) = 836
25994 10:37:12 clock_gettime(CLOCK_BOOTTIME, {608119, 588240071}) = 0
25994 10:37:12 clock_gettime(CLOCK_BOOTTIME, {608119, 588282144}) = 0
25994 10:37:12 select(7, [3 4], [], NULL, NULL) = 1 (in [3])
25994 10:37:12 clock_gettime(CLOCK_BOOTTIME, {608119, 592844655}) = 0
25994 10:37:12 read(3, "A\201v^\261\360R\341\33\260@\r\321\260\3\260Q}\205&O\231\25\247v\306\305\330\272\264\20\240"..., 8192) = 56
25994 10:37:12 clock_gettime(CLOCK_BOOTTIME, {608119, 592935066}) = 0
25994 10:37:12 clock_gettime(CLOCK_BOOTTIME, {608119, 592976230}) = 0
25994 10:37:12 select(7, [3 4], [5], NULL, NULL) = 1 (out [5])
25994 10:37:12 clock_gettime(CLOCK_BOOTTIME, {608119, 593071794}) = 0
25994 10:37:12 write(5, "[root@ali-p2p-h5-1 ~]# ", 23) = 23
25994 10:37:12 clock_gettime(CLOCK_BOOTTIME, {608119, 593190689}) = 0
25994 10:37:12 clock_gettime(CLOCK_BOOTTIME, {608119, 593232528}) = 0
25994 10:37:12 select(7, [3 4], [], NULL, NULL) = 1 (in [4])
25994 10:37:13 clock_gettime(CLOCK_BOOTTIME, {608119, 900361628}) = 0
25994 10:37:13 read(4, "e", 16384)      = 1
25994 10:37:13 clock_gettime(CLOCK_BOOTTIME, {608119, 900479773}) = 0
25994 10:37:13 clock_gettime(CLOCK_BOOTTIME, {608119, 900521910}) = 0
25994 10:37:13 select(7, [3 4], [3], NULL, NULL) = 1 (out [3])
25994 10:37:13 clock_gettime(CLOCK_BOOTTIME, {608119, 900611385}) = 0
25994 10:37:13 write(3, "\336d\33H\376n\245\r\272l\357yq\202\344\204\276\347\215\261\f7,Z\200\333\235{4\247\27F"..., 40) = 40
25994 10:37:13 clock_gettime(CLOCK_BOOTTIME, {608119, 900720301}) = 0
25994 10:37:13 clock_gettime(CLOCK_BOOTTIME, {608119, 900762018}) = 0
25994 10:37:13 select(7, [3 4], [], NULL, NULL) = 1 (in [3])
25994 10:37:13 clock_gettime(CLOCK_BOOTTIME, {608119, 902860952}) = 0
25994 10:37:13 read(3, "]{g\323\225\202\211\322\277^\260\316GG4\317p\267\265\336\24\257\373\36q\211;\253\305N\303D"..., 8192) = 40
25994 10:37:13 clock_gettime(CLOCK_BOOTTIME, {608119, 902954372}) = 0
25994 10:37:13 clock_gettime(CLOCK_BOOTTIME, {608119, 902995979}) = 0
25994 10:37:13 select(7, [3 4], [5], NULL, NULL) = 1 (out [5])
25994 10:37:13 clock_gettime(CLOCK_BOOTTIME, {608119, 903092000}) = 0
25994 10:37:13 write(5, "e", 1)         = 1
25994 10:37:13 clock_gettime(CLOCK_BOOTTIME, {608119, 903234378}) = 0
25994 10:37:13 clock_gettime(CLOCK_BOOTTIME, {608119, 903275781}) = 0
25994 10:37:13 select(7, [3 4], [], NULL, NULL) = 1 (in [4])
25994 10:37:13 clock_gettime(CLOCK_BOOTTIME, {608120, 176351790}) = 0
25994 10:37:13 read(4, "x", 16384)      = 1
25994 10:37:13 clock_gettime(CLOCK_BOOTTIME, {608120, 176467287}) = 0
25994 10:37:13 clock_gettime(CLOCK_BOOTTIME, {608120, 176509169}) = 0
25994 10:37:13 select(7, [3 4], [3], NULL, NULL) = 1 (out [3])
25994 10:37:13 clock_gettime(CLOCK_BOOTTIME, {608120, 176600922}) = 0
25994 10:37:13 write(3, "\327M\356T\33\265\4\363Ce)\245\322\35\221A\6\374\373\305<L\266l\0320FZ\206\376\267k"..., 40) = 40
25994 10:37:13 clock_gettime(CLOCK_BOOTTIME, {608120, 176710758}) = 0
25994 10:37:13 clock_gettime(CLOCK_BOOTTIME, {608120, 176751809}) = 0
25994 10:37:13 select(7, [3 4], [], NULL, NULL) = 1 (in [3])
25994 10:37:13 clock_gettime(CLOCK_BOOTTIME, {608120, 178866636}) = 0
25994 10:37:13 read(3, "Au\311\362U\316\234\253\177\367y*\311\307\361\261\3502\253\214\272m\302\336\325YDn\307Y\240\276"..., 8192) = 40
25994 10:37:13 clock_gettime(CLOCK_BOOTTIME, {608120, 178971817}) = 0
25994 10:37:13 clock_gettime(CLOCK_BOOTTIME, {608120, 179023825}) = 0
25994 10:37:13 select(7, [3 4], [5], NULL, NULL) = 1 (out [5])
25994 10:37:13 clock_gettime(CLOCK_BOOTTIME, {608120, 179122870}) = 0
25994 10:37:13 write(5, "x", 1)         = 1
25994 10:37:13 clock_gettime(CLOCK_BOOTTIME, {608120, 179255775}) = 0
25994 10:37:13 clock_gettime(CLOCK_BOOTTIME, {608120, 179298509}) = 0
25994 10:37:13 select(7, [3 4], [], NULL, NULL) = 1 (in [4])
25994 10:37:13 clock_gettime(CLOCK_BOOTTIME, {608120, 260401820}) = 0
25994 10:37:13 read(4, "i", 16384)      = 1
25994 10:37:13 clock_gettime(CLOCK_BOOTTIME, {608120, 260517626}) = 0
25994 10:37:13 clock_gettime(CLOCK_BOOTTIME, {608120, 260559946}) = 0
25994 10:37:13 select(7, [3 4], [3], NULL, NULL) = 1 (out [3])
25994 10:37:13 clock_gettime(CLOCK_BOOTTIME, {608120, 260651975}) = 0
25994 10:37:13 write(3, "\\\317\10s,-\347\304<C\3664@D\313\340\203\225e\1\240\367\35\271\337s!\37\2718\371\230"..., 40) = 40
25994 10:37:13 clock_gettime(CLOCK_BOOTTIME, {608120, 260756635}) = 0
25994 10:37:13 clock_gettime(CLOCK_BOOTTIME, {608120, 260805938}) = 0
25994 10:37:13 select(7, [3 4], [], NULL, NULL) = 1 (in [3])
25994 10:37:13 clock_gettime(CLOCK_BOOTTIME, {608120, 262874306}) = 0
25994 10:37:13 read(3, "\211\371\252\30\211\363\241\356'3-\230\360y\342\267f\v\361\22C%\231\223\370\221Eq\300\241xy"..., 8192) = 40
25994 10:37:13 clock_gettime(CLOCK_BOOTTIME, {608120, 262968259}) = 0
25994 10:37:13 clock_gettime(CLOCK_BOOTTIME, {608120, 263023272}) = 0
25994 10:37:13 select(7, [3 4], [5], NULL, NULL) = 1 (out [5])
25994 10:37:13 clock_gettime(CLOCK_BOOTTIME, {608120, 263121799}) = 0
25994 10:37:13 write(5, "i", 1)         = 1
25994 10:37:13 clock_gettime(CLOCK_BOOTTIME, {608120, 263263914}) = 0
25994 10:37:13 clock_gettime(CLOCK_BOOTTIME, {608120, 263306050}) = 0
25994 10:37:13 select(7, [3 4], [], NULL, NULL) = 1 (in [4])
25994 10:37:13 clock_gettime(CLOCK_BOOTTIME, {608120, 412337924}) = 0
25994 10:37:13 read(4, "t", 16384)      = 1
25994 10:37:13 clock_gettime(CLOCK_BOOTTIME, {608120, 412455552}) = 0
25994 10:37:13 clock_gettime(CLOCK_BOOTTIME, {608120, 412497012}) = 0
25994 10:37:13 select(7, [3 4], [3], NULL, NULL) = 1 (out [3])
25994 10:37:13 clock_gettime(CLOCK_BOOTTIME, {608120, 412589764}) = 0
25994 10:37:13 write(3, "\334\363in.\36\364\377O#\215\272s\245\222\310\3361_\212\366!d\225\322i\226\351\355\303(("..., 40) = 40
25994 10:37:13 clock_gettime(CLOCK_BOOTTIME, {608120, 412698620}) = 0
25994 10:37:13 clock_gettime(CLOCK_BOOTTIME, {608120, 412740875}) = 0
25994 10:37:13 select(7, [3 4], [], NULL, NULL) = 1 (in [3])
25994 10:37:13 clock_gettime(CLOCK_BOOTTIME, {608120, 414869740}) = 0
25994 10:37:13 read(3, "\317\366)6q\364\253\266\315\32k\366\255\32t\322\200\275#\267_\242\263u\347yWBx\244\35\230"..., 8192) = 40
25994 10:37:13 clock_gettime(CLOCK_BOOTTIME, {608120, 414961604}) = 0
25994 10:37:13 clock_gettime(CLOCK_BOOTTIME, {608120, 415007666}) = 0
25994 10:37:13 select(7, [3 4], [5], NULL, NULL) = 1 (out [5])
25994 10:37:13 clock_gettime(CLOCK_BOOTTIME, {608120, 415097537}) = 0
25994 10:37:13 write(5, "t", 1)         = 1
25994 10:37:13 clock_gettime(CLOCK_BOOTTIME, {608120, 415233924}) = 0
25994 10:37:13 clock_gettime(CLOCK_BOOTTIME, {608120, 415276389}) = 0
25994 10:37:13 select(7, [3 4], [], NULL, NULL) = 1 (in [4])
25994 10:37:13 clock_gettime(CLOCK_BOOTTIME, {608120, 556964773}) = 0
25994 10:37:13 read(4, "\r", 16384)     = 1
25994 10:37:13 clock_gettime(CLOCK_BOOTTIME, {608120, 557088808}) = 0
25994 10:37:13 clock_gettime(CLOCK_BOOTTIME, {608120, 557142610}) = 0
25994 10:37:13 select(7, [3 4], [3], NULL, NULL) = 1 (out [3])
25994 10:37:13 clock_gettime(CLOCK_BOOTTIME, {608120, 557234367}) = 0
25994 10:37:13 write(3, "\354\255\326-\232\r\362}\3370\5\265\255\340\362\n?D\16\17\367\243q\r1\242,\177\311%\226\242"..., 40) = 40
25994 10:37:13 clock_gettime(CLOCK_BOOTTIME, {608120, 557339228}) = 0
25994 10:37:13 clock_gettime(CLOCK_BOOTTIME, {608120, 557390111}) = 0
25994 10:37:13 select(7, [3 4], [], NULL, NULL) = 1 (in [3])
25994 10:37:13 clock_gettime(CLOCK_BOOTTIME, {608120, 561225474}) = 0
25994 10:37:13 read(3, "<\0\365\31\22\351\360\rFb\36\212\351\247\4\307p\274\257\265k\263;h\267\34\302\246\262\n\326A"..., 8192) = 40
25994 10:37:13 clock_gettime(CLOCK_BOOTTIME, {608120, 561322373}) = 0
25994 10:37:13 clock_gettime(CLOCK_BOOTTIME, {608120, 561363698}) = 0
25994 10:37:13 select(7, [3 4], [5], NULL, NULL) = 2 (in [3], out [5])
25994 10:37:13 clock_gettime(CLOCK_BOOTTIME, {608120, 561465187}) = 0
25994 10:37:13 write(5, "\r\nlogout\r\n", 10) = 10
25994 10:37:13 read(3, "\7f\231\222\375\210\367/\274{rls\251S\t\351\207(\352d\333\253\314", 8192) = 24
25994 10:37:13 close(5)                 = 0
25994 10:37:13 clock_gettime(CLOCK_BOOTTIME, {608120, 561694508}) = 0
25994 10:37:13 clock_gettime(CLOCK_BOOTTIME, {608120, 561735954}) = 0
25994 10:37:13 select(7, [3 4], [], NULL, NULL) = 1 (in [3])
25994 10:37:13 clock_gettime(CLOCK_BOOTTIME, {608120, 565189451}) = 0
25994 10:37:13 read(3, "l\2146\310\333\31\204\366\274\255|f\31\205J\211i\375\314\v\324\315\363\200\307\25^\252.2R\361"..., 8192) = 136
25994 10:37:13 close(4)                 = 0
25994 10:37:13 clock_gettime(CLOCK_BOOTTIME, {608120, 565326242}) = 0
25994 10:37:13 clock_gettime(CLOCK_BOOTTIME, {608120, 565367588}) = 0
25994 10:37:13 ioctl(0, SNDCTL_TMR_STOP or TCSETSW, {B38400 opost isig icanon echo ...}) = 0
25994 10:37:13 close(6)                 = 0
25994 10:37:13 select(7, [3], [3], NULL, NULL) = 1 (out [3])
25994 10:37:13 clock_gettime(CLOCK_BOOTTIME, {608120, 565561532}) = 0
25994 10:37:13 write(3, "{\v'\25N\245G_]M\221\\\2608Q0scbAU\323\232L", 24) = 24
25994 10:37:13 rt_sigaction(SIGWINCH, NULL, {0x558c5a874c80, [], SA_RESTORER, 0x7fd97906c270}, 8) = 0
25994 10:37:13 rt_sigaction(SIGWINCH, {SIG_DFL, [], SA_RESTORER, 0x7fd97906c270}, NULL, 8) = 0
25994 10:37:13 write(3, "X#\1]fN\341\37\240r\237o\323d\236?\2414s\0270q\223\0225\255\240\260\2366\266\222"..., 56) = 56
25994 10:37:13 ioctl(0, TCGETS, {B38400 opost isig icanon echo ...}) = 0
25994 10:37:13 ioctl(1, TCGETS, {B38400 opost isig icanon echo ...}) = 0
25994 10:37:13 ioctl(2, TCGETS, {B38400 opost isig icanon echo ...}) = 0
25994 10:37:13 write(2, "Connection to 10.5.0.208 closed."..., 34) = 34
25994 10:37:13 shutdown(3, SHUT_RDWR)   = 0
25994 10:37:13 close(3)                 = 0
25994 10:37:13 write(1, "random tag:tx2idl6ekg", 21) = 21
25994 10:37:13 exit_group(0)            = ?
25994 10:37:13 +++ exited with 0 +++
