2148  02:50:28 select(4, [3], NULL, NULL, NULL) = 1 (in [3])
2148  02:50:28 read(3, "\0\0\3\274\t!\0\0\1\25\0\0\0\7ssh-rsa\0\0\0\1#\0\0\1\1\0\264"..., 8192) = 976
2148  02:50:28 open("/root/.ssh/known_hosts", O_RDONLY) = 4
2148  02:50:28 fstat(4, {st_mode=S_IFREG|0644, st_size=1177, ...}) = 0
2148  02:50:28 mmap(NULL, 4096, PROT_READ|PROT_WRITE, MAP_PRIVATE|MAP_ANONYMOUS, -1, 0) = 0x7f7394f67000
2148  02:50:28 read(4, "172.19.0.36 ssh-rsa AAAAB3NzaC1y"..., 4096) = 1177
2148  02:50:28 read(4, "", 4096)        = 0
2148  02:50:28 close(4)                 = 0
2148  02:50:28 munmap(0x7f7394f67000, 4096) = 0
2148  02:50:28 open("/root/.ssh/known_hosts2", O_RDONLY) = -1 ENOENT (No such file or directory)
2148  02:50:28 open("/usr/local/openssh/etc/ssh_known_hosts", O_RDONLY) = -1 ENOENT (No such file or directory)
2148  02:50:28 open("/usr/local/openssh/etc/ssh_known_hosts2", O_RDONLY) = -1 ENOENT (No such file or directory)
2148  02:50:28 clock_gettime(CLOCK_BOOTTIME, {666515, 605348416}) = 0
2148  02:50:28 write(3, "\0\0\0\f\n\25\0\0\0\0\0\0\0\0\0\0", 16) = 16
2148  02:50:28 write(3, "&;\357V\375\22\301\37d\3117\273\276+\177\343\265\v\304\26)wj\321w\202\356\355\310-\336o"..., 40) = 40
2148  02:50:28 select(4, [3], NULL, NULL, NULL) = 1 (in [3])
2148  02:50:29 read(3, "\253\301\233\243\222\222E\244\306\221\n\306\177\267\364X\234\317\34:\231\312+4G\361\rE9\26\3022"..., 8192) = 40
2148  02:50:29 write(3, "un\254\17\301/f\20\225r\241\215\202\n\257n\261\266\225\306RY\6[\234m\24-\272\325h\337"..., 56) = 56
2148  02:50:29 select(4, [3], NULL, NULL, NULL) = 1 (in [3])
2148  02:50:29 read(3, "\226\2749G\31\6\221\5\322\345,;\3766\307\201\2158\252\1\262\373\301\340\1\357k\0071\215\371\247"..., 8192) = 72
2148  02:50:29 stat("/root/.ssh/id_rsa", 0x7ffea6e30db0) = -1 ENOENT (No such file or directory)
2148  02:50:29 stat("/root/.ssh/id_dsa", 0x7ffea6e30db0) = -1 ENOENT (No such file or directory)
2148  02:50:29 stat("/root/.ssh/id_ecdsa", 0x7ffea6e30db0) = -1 ENOENT (No such file or directory)
2148  02:50:29 stat("/root/.ssh/id_ed25519", 0x7ffea6e30db0) = -1 ENOENT (No such file or directory)
2148  02:50:29 open("/dev/tty", O_RDWR) = 4
2148  02:50:29 close(4)                 = 0
2148  02:50:29 open("/dev/tty", O_RDWR) = 4
2148  02:50:29 ioctl(4, TCGETS, {B38400 opost isig icanon echo ...}) = 0
2148  02:50:29 ioctl(4, SNDCTL_TMR_CONTINUE or TCSETSF, {B38400 opost isig icanon -echo ...}) = 0
2148  02:50:29 rt_sigaction(SIGALRM, {0x564bdcf450d0, [], SA_RESTORER, 0x7f7393aec270}, {SIG_DFL, [], 0}, 8) = 0
2148  02:50:29 rt_sigaction(SIGHUP, {0x564bdcf450d0, [], SA_RESTORER, 0x7f7393aec270}, {SIG_DFL, [], 0}, 8) = 0
2148  02:50:29 rt_sigaction(SIGINT, {0x564bdcf450d0, [], SA_RESTORER, 0x7f7393aec270}, {SIG_DFL, [], 0}, 8) = 0
2148  02:50:29 rt_sigaction(SIGPIPE, {0x564bdcf450d0, [], SA_RESTORER, 0x7f7393aec270}, {SIG_IGN, [], SA_RESTORER, 0x7f7393aec270}, 8) = 0
2148  02:50:29 rt_sigaction(SIGQUIT, {0x564bdcf450d0, [], SA_RESTORER, 0x7f7393aec270}, {SIG_DFL, [], 0}, 8) = 0
2148  02:50:29 rt_sigaction(SIGTERM, {0x564bdcf450d0, [], SA_RESTORER, 0x7f7393aec270}, {SIG_DFL, [], 0}, 8) = 0
2148  02:50:29 rt_sigaction(SIGTSTP, {0x564bdcf450d0, [], SA_RESTORER, 0x7f7393aec270}, {SIG_DFL, [], 0}, 8) = 0
2148  02:50:29 rt_sigaction(SIGTTIN, {0x564bdcf450d0, [], SA_RESTORER, 0x7f7393aec270}, {SIG_DFL, [], 0}, 8) = 0
2148  02:50:29 rt_sigaction(SIGTTOU, {0x564bdcf450d0, [], SA_RESTORER, 0x7f7393aec270}, {SIG_DFL, [], 0}, 8) = 0
2148  02:50:29 write(4, "root@10.5.0.208's password: ", 28) = 28
2148  02:50:29 read(4, "y", 1)          = 1
2148  02:50:29 read(4, "o", 1)          = 1
2148  02:50:29 read(4, "t", 1)          = 1
2148  02:50:29 read(4, "p", 1)          = 1
2148  02:50:29 read(4, "4", 1)          = 1
2148  02:50:29 read(4, "o", 1)          = 1
2148  02:50:29 read(4, "z", 1)          = 1
2148  02:50:29 read(4, "A", 1)          = 1
2148  02:50:29 read(4, "c", 1)          = 1
2148  02:50:29 read(4, "C", 1)          = 1
2148  02:50:29 read(4, "=", 1)          = 1
2148  02:50:29 read(4, "b", 1)          = 1
2148  02:50:29 read(4, "~", 1)          = 1
2148  02:50:29 read(4, "V", 1)          = 1
2148  02:50:29 read(4, "4", 1)          = 1
2148  02:50:29 read(4, "K", 1)          = 1
2148  02:50:29 read(4, "G", 1)          = 1
2148  02:50:29 read(4, "V", 1)          = 1
2148  02:50:29 read(4, "/", 1)          = 1
2148  02:50:29 read(4, "s", 1)          = 1
2148  02:50:29 read(4, "\n", 1)         = 1
2148  02:50:29 write(4, "\n", 1)        = 1
2148  02:50:29 ioctl(4, SNDCTL_TMR_CONTINUE or TCSETSF, {B38400 opost isig icanon echo ...}) = 0
2148  02:50:29 rt_sigaction(SIGALRM, {SIG_DFL, [], SA_RESTORER, 0x7f7393aec270}, NULL, 8) = 0
2148  02:50:29 rt_sigaction(SIGHUP, {SIG_DFL, [], SA_RESTORER, 0x7f7393aec270}, NULL, 8) = 0
2148  02:50:29 rt_sigaction(SIGINT, {SIG_DFL, [], SA_RESTORER, 0x7f7393aec270}, NULL, 8) = 0
2148  02:50:29 rt_sigaction(SIGQUIT, {SIG_DFL, [], SA_RESTORER, 0x7f7393aec270}, NULL, 8) = 0
2148  02:50:29 rt_sigaction(SIGPIPE, {SIG_IGN, [], SA_RESTORER, 0x7f7393aec270}, NULL, 8) = 0
2148  02:50:29 rt_sigaction(SIGTERM, {SIG_DFL, [], SA_RESTORER, 0x7f7393aec270}, NULL, 8) = 0
2148  02:50:29 rt_sigaction(SIGTSTP, {SIG_DFL, [], SA_RESTORER, 0x7f7393aec270}, NULL, 8) = 0
2148  02:50:29 rt_sigaction(SIGTTIN, {SIG_DFL, [], SA_RESTORER, 0x7f7393aec270}, NULL, 8) = 0
2148  02:50:29 rt_sigaction(SIGTTOU, {SIG_DFL, [], SA_RESTORER, 0x7f7393aec270}, NULL, 8) = 0
2148  02:50:29 close(4)                 = 0
2148  02:50:29 write(3, "\361\312\304]\4\270\310\350\36\211V\343-\224\260\324P!\360\222\205\247%W^'\0\245_J\30f"..., 136) = 136
2148  02:50:29 select(4, [3], NULL, NULL, NULL) = 1 (in [3])
2148  02:50:29 read(3, "\277\222\327\32\243\1\354\5\312\215\341\336\243r\330\221\375:\310\204\273wrf", 8192) = 24
2148  02:50:29 dup(0)                   = 4
2148  02:50:29 dup(1)                   = 5
2148  02:50:29 dup(2)                   = 6
2148  02:50:29 ioctl(4, TCGETS, {B38400 opost isig icanon echo ...}) = 0
2148  02:50:29 ioctl(5, TCGETS, {B38400 opost isig icanon echo ...}) = 0
2148  02:50:29 ioctl(6, TCGETS, {B38400 opost isig icanon echo ...}) = 0
2148  02:50:29 fcntl(4, F_SETFD, FD_CLOEXEC) = 0
2148  02:50:29 fcntl(5, F_SETFD, FD_CLOEXEC) = 0
2148  02:50:29 fcntl(6, F_SETFD, FD_CLOEXEC) = 0
2148  02:50:29 rt_sigaction(SIGHUP, NULL, {SIG_DFL, [], SA_RESTORER, 0x7f7393aec270}, 8) = 0
2148  02:50:29 rt_sigaction(SIGHUP, {SIG_IGN, [], SA_RESTORER, 0x7f7393aec270}, NULL, 8) = 0
2148  02:50:29 rt_sigaction(SIGHUP, NULL, {SIG_IGN, [], SA_RESTORER, 0x7f7393aec270}, 8) = 0
2148  02:50:29 rt_sigaction(SIGHUP, {0x564bdceed9f0, [], SA_RESTORER, 0x7f7393aec270}, NULL, 8) = 0
2148  02:50:29 rt_sigaction(SIGINT, NULL, {SIG_DFL, [], SA_RESTORER, 0x7f7393aec270}, 8) = 0
2148  02:50:29 rt_sigaction(SIGINT, {SIG_IGN, [], SA_RESTORER, 0x7f7393aec270}, NULL, 8) = 0
2148  02:50:29 rt_sigaction(SIGINT, NULL, {SIG_IGN, [], SA_RESTORER, 0x7f7393aec270}, 8) = 0
2148  02:50:29 rt_sigaction(SIGINT, {0x564bdceed9f0, [], SA_RESTORER, 0x7f7393aec270}, NULL, 8) = 0
2148  02:50:29 rt_sigaction(SIGQUIT, NULL, {SIG_DFL, [], SA_RESTORER, 0x7f7393aec270}, 8) = 0
2148  02:50:29 rt_sigaction(SIGQUIT, {SIG_IGN, [], SA_RESTORER, 0x7f7393aec270}, NULL, 8) = 0
2148  02:50:29 rt_sigaction(SIGQUIT, NULL, {SIG_IGN, [], SA_RESTORER, 0x7f7393aec270}, 8) = 0
2148  02:50:29 rt_sigaction(SIGQUIT, {0x564bdceed9f0, [], SA_RESTORER, 0x7f7393aec270}, NULL, 8) = 0
2148  02:50:29 rt_sigaction(SIGTERM, NULL, {SIG_DFL, [], SA_RESTORER, 0x7f7393aec270}, 8) = 0
2148  02:50:29 rt_sigaction(SIGTERM, {SIG_IGN, [], SA_RESTORER, 0x7f7393aec270}, NULL, 8) = 0
2148  02:50:29 rt_sigaction(SIGTERM, NULL, {SIG_IGN, [], SA_RESTORER, 0x7f7393aec270}, 8) = 0
2148  02:50:29 rt_sigaction(SIGTERM, {0x564bdceed9f0, [], SA_RESTORER, 0x7f7393aec270}, NULL, 8) = 0
2148  02:50:29 rt_sigaction(SIGWINCH, NULL, {SIG_DFL, [], 0}, 8) = 0
2148  02:50:29 rt_sigaction(SIGWINCH, {0x564bdceedc80, [], SA_RESTORER, 0x7f7393aec270}, NULL, 8) = 0
2148  02:50:29 ioctl(0, TCGETS, {B38400 opost isig icanon echo ...}) = 0
2148  02:50:29 ioctl(0, SNDCTL_TMR_STOP or TCSETSW, {B38400 -opost -isig -icanon -echo ...}) = 0
2148  02:50:29 clock_gettime(CLOCK_BOOTTIME, {666515, 679738941}) = 0
2148  02:50:29 clock_gettime(CLOCK_BOOTTIME, {666515, 679787840}) = 0
2148  02:50:29 select(7, [3], [3], NULL, NULL) = 1 (out [3])
2148  02:50:29 clock_gettime(CLOCK_BOOTTIME, {666515, 679875913}) = 0
2148  02:50:29 write(3, "#\361p3\240U\363\354\241\255w\337~*\231\n\235\366\217T\306P\\\r~H-\343\356\335+3"..., 112) = 112
2148  02:50:29 clock_gettime(CLOCK_BOOTTIME, {666515, 679968012}) = 0
2148  02:50:29 clock_gettime(CLOCK_BOOTTIME, {666515, 680019683}) = 0
2148  02:50:29 select(7, [3], [], NULL, NULL) = 1 (in [3])
2148  02:50:29 clock_gettime(CLOCK_BOOTTIME, {666515, 683422815}) = 0
2148  02:50:29 read(3, "AGL\302\255z\364Xw\355\236\f\273H\35\\\371\301\3637(A\223\t\276\225\355Tz\202;;"..., 8192) = 40
2148  02:50:29 getsockopt(3, SOL_TCP, TCP_NODELAY, [0], [4]) = 0
2148  02:50:29 setsockopt(3, SOL_TCP, TCP_NODELAY, [1], 4) = 0
2148  02:50:29 getsockname(3, {sa_family=AF_INET, sin_port=htons(35760), sin_addr=inet_addr("10.5.0.222")}, [16]) = 0
2148  02:50:29 setsockopt(3, SOL_IP, IP_TOS, [16], 4) = 0
2148  02:50:29 ioctl(0, TIOCGWINSZ, {ws_row=24, ws_col=80, ws_xpixel=0, ws_ypixel=0}) = 0
2148  02:50:29 clock_gettime(CLOCK_BOOTTIME, {666515, 683762311}) = 0
2148  02:50:29 clock_gettime(CLOCK_BOOTTIME, {666515, 683803911}) = 0
2148  02:50:29 select(7, [3], [3], NULL, NULL) = 1 (out [3])
2148  02:50:29 clock_gettime(CLOCK_BOOTTIME, {666515, 683891062}) = 0
2148  02:50:29 write(3, "k\340\0o|;x_a\363&m\200!\207$\362\255\300\231xF\202\3565\372\266\316NP\212\36"..., 368) = 368
2148  02:50:29 clock_gettime(CLOCK_BOOTTIME, {666515, 683987587}) = 0
2148  02:50:29 clock_gettime(CLOCK_BOOTTIME, {666515, 684040467}) = 0
2148  02:50:29 select(7, [3], [], NULL, NULL) = 1 (in [3])
2148  02:50:29 clock_gettime(CLOCK_BOOTTIME, {666515, 684564029}) = 0
2148  02:50:29 read(3, "M\373/T\33V\254\212\274 \t\4\271\3357\200\34'\272\205\335\222\34\267\24\373'(Y\227o\276"..., 8192) = 88
2148  02:50:29 clock_gettime(CLOCK_BOOTTIME, {666515, 684654404}) = 0
2148  02:50:29 clock_gettime(CLOCK_BOOTTIME, {666515, 684696176}) = 0
2148  02:50:29 select(7, [3 4], [], NULL, NULL) = 1 (in [3])
2148  02:50:29 clock_gettime(CLOCK_BOOTTIME, {666515, 689094026}) = 0
2148  02:50:29 read(3, "\233\245D\301~+\266JXlF\321\37\321\252g<\3771\324\272\fbo9>\312=}\314U\342"..., 8192) = 152
2148  02:50:29 clock_gettime(CLOCK_BOOTTIME, {666515, 689187639}) = 0
2148  02:50:29 clock_gettime(CLOCK_BOOTTIME, {666515, 689229870}) = 0
2148  02:50:29 select(7, [3 4], [5], NULL, NULL) = 1 (out [5])
2148  02:50:29 clock_gettime(CLOCK_BOOTTIME, {666515, 689317943}) = 0
2148  02:50:29 write(5, "Last login: Fri Jun 22 10:47:14 "..., 111) = 111
2148  02:50:29 clock_gettime(CLOCK_BOOTTIME, {666515, 689437205}) = 0
2148  02:50:29 clock_gettime(CLOCK_BOOTTIME, {666515, 689478528}) = 0
2148  02:50:29 select(7, [3 4], [], NULL, NULL) = 1 (in [3])
2148  02:50:29 clock_gettime(CLOCK_BOOTTIME, {666515, 705350140}) = 0
2148  02:50:29 read(3, "\216n\25\226\223\370\307S\246\223\273%\317do,\22\311\226j\330\242\22\277\203\333e'\221\301\267\22"..., 8192) = 56
2148  02:50:29 clock_gettime(CLOCK_BOOTTIME, {666515, 705455488}) = 0
2148  02:50:29 clock_gettime(CLOCK_BOOTTIME, {666515, 705498532}) = 0
2148  02:50:29 select(7, [3 4], [5], NULL, NULL) = 1 (out [5])
2148  02:50:29 clock_gettime(CLOCK_BOOTTIME, {666515, 705597086}) = 0
2148  02:50:29 write(5, "[root@ali-p2p-h5-1 ~]# ", 23) = 23
2148  02:50:29 clock_gettime(CLOCK_BOOTTIME, {666515, 705696761}) = 0
2148  02:50:29 clock_gettime(CLOCK_BOOTTIME, {666515, 705738608}) = 0
2148  02:50:29 select(7, [3 4], [], NULL, NULL) = 1 (in [4])
2148  02:50:30 clock_gettime(CLOCK_BOOTTIME, {666517, 92935836}) = 0
2148  02:50:30 read(4, "e", 16384)      = 1
2148  02:50:30 clock_gettime(CLOCK_BOOTTIME, {666517, 93067653}) = 0
2148  02:50:30 clock_gettime(CLOCK_BOOTTIME, {666517, 93111095}) = 0
2148  02:50:30 select(7, [3 4], [3], NULL, NULL) = 1 (out [3])
2148  02:50:30 clock_gettime(CLOCK_BOOTTIME, {666517, 93204444}) = 0
2148  02:50:30 write(3, "\235\3456\374\226\34\221L\361+\222)\213\257\303Q\313$\3\233gVQR\347\262\244tf5\316\247"..., 40) = 40
2148  02:50:30 clock_gettime(CLOCK_BOOTTIME, {666517, 93317799}) = 0
2148  02:50:30 clock_gettime(CLOCK_BOOTTIME, {666517, 93361397}) = 0
2148  02:50:30 select(7, [3 4], [], NULL, NULL) = 1 (in [3])
2148  02:50:30 clock_gettime(CLOCK_BOOTTIME, {666517, 95344386}) = 0
2148  02:50:30 read(3, "\f\226\314\2238\210\257\353\\\213X\360H\356\334\276$G\203\221\20\360 \10\361n\375\3019\304\272\230"..., 8192) = 40
2148  02:50:30 clock_gettime(CLOCK_BOOTTIME, {666517, 95437730}) = 0
2148  02:50:30 clock_gettime(CLOCK_BOOTTIME, {666517, 95480135}) = 0
2148  02:50:30 select(7, [3 4], [5], NULL, NULL) = 1 (out [5])
2148  02:50:30 clock_gettime(CLOCK_BOOTTIME, {666517, 95578049}) = 0
2148  02:50:30 write(5, "e", 1)         = 1
2148  02:50:30 clock_gettime(CLOCK_BOOTTIME, {666517, 95711991}) = 0
2148  02:50:30 clock_gettime(CLOCK_BOOTTIME, {666517, 95754759}) = 0
2148  02:50:30 select(7, [3 4], [], NULL, NULL) = 1 (in [4])
2148  02:50:30 clock_gettime(CLOCK_BOOTTIME, {666517, 381263413}) = 0
2148  02:50:30 read(4, "x", 16384)      = 1
2148  02:50:30 clock_gettime(CLOCK_BOOTTIME, {666517, 381389751}) = 0
2148  02:50:30 clock_gettime(CLOCK_BOOTTIME, {666517, 381430383}) = 0
2148  02:50:30 select(7, [3 4], [3], NULL, NULL) = 1 (out [3])
2148  02:50:30 clock_gettime(CLOCK_BOOTTIME, {666517, 381517356}) = 0
2148  02:50:30 write(3, "\31\303\374\250\246\374\367\255\354+/]\312\223C\342\10\202\37s\372\367m\330\330\v.\232\252\177\305\325"..., 40) = 40
2148  02:50:30 clock_gettime(CLOCK_BOOTTIME, {666517, 381631003}) = 0
2148  02:50:30 clock_gettime(CLOCK_BOOTTIME, {666517, 381670191}) = 0
2148  02:50:30 select(7, [3 4], [], NULL, NULL) = 1 (in [3])
2148  02:50:30 clock_gettime(CLOCK_BOOTTIME, {666517, 383355133}) = 0
2148  02:50:30 read(3, "\r\32\226\233\207!<#N\277\33M\227o\315\312\360g\346\330\227\276\333\21\362{_VR\360!-"..., 8192) = 40
2148  02:50:30 clock_gettime(CLOCK_BOOTTIME, {666517, 383446031}) = 0
2148  02:50:30 clock_gettime(CLOCK_BOOTTIME, {666517, 383485997}) = 0
2148  02:50:30 select(7, [3 4], [5], NULL, NULL) = 1 (out [5])
2148  02:50:30 clock_gettime(CLOCK_BOOTTIME, {666517, 383582754}) = 0
2148  02:50:30 write(5, "x", 1)         = 1
2148  02:50:30 clock_gettime(CLOCK_BOOTTIME, {666517, 383702406}) = 0
2148  02:50:30 clock_gettime(CLOCK_BOOTTIME, {666517, 383743191}) = 0
2148  02:50:30 select(7, [3 4], [], NULL, NULL) = 1 (in [4])
2148  02:50:30 clock_gettime(CLOCK_BOOTTIME, {666517, 468660304}) = 0
2148  02:50:30 read(4, "i", 16384)      = 1
2148  02:50:30 clock_gettime(CLOCK_BOOTTIME, {666517, 468813756}) = 0
2148  02:50:30 clock_gettime(CLOCK_BOOTTIME, {666517, 468856424}) = 0
2148  02:50:30 select(7, [3 4], [3], NULL, NULL) = 1 (out [3])
2148  02:50:30 clock_gettime(CLOCK_BOOTTIME, {666517, 468945709}) = 0
2148  02:50:30 write(3, "\364\363\312\27\261\336\v\5\25\255\263\363\367\224\6\316;N\2308\314\307\n\237\330\32\303\210e\272c\r"..., 40) = 40
2148  02:50:30 clock_gettime(CLOCK_BOOTTIME, {666517, 469055375}) = 0
2148  02:50:30 clock_gettime(CLOCK_BOOTTIME, {666517, 469097652}) = 0
2148  02:50:30 select(7, [3 4], [], NULL, NULL) = 1 (in [3])
2148  02:50:30 clock_gettime(CLOCK_BOOTTIME, {666517, 471346882}) = 0
2148  02:50:30 read(3, "\255\367 \266\226J\331\242v+g\276\365\341 \0\262\205\245\336I\r\257\222\375\201\365\353\202\315c?"..., 8192) = 40
2148  02:50:30 clock_gettime(CLOCK_BOOTTIME, {666517, 471437985}) = 0
2148  02:50:30 clock_gettime(CLOCK_BOOTTIME, {666517, 471481070}) = 0
2148  02:50:30 select(7, [3 4], [5], NULL, NULL) = 1 (out [5])
2148  02:50:30 clock_gettime(CLOCK_BOOTTIME, {666517, 471574701}) = 0
2148  02:50:30 write(5, "i", 1)         = 1
2148  02:50:30 clock_gettime(CLOCK_BOOTTIME, {666517, 471692061}) = 0
2148  02:50:30 clock_gettime(CLOCK_BOOTTIME, {666517, 471734320}) = 0
2148  02:50:30 select(7, [3 4], [], NULL, NULL) = 1 (in [4])
2148  02:50:31 clock_gettime(CLOCK_BOOTTIME, {666517, 668979097}) = 0
2148  02:50:31 read(4, "t", 16384)      = 1
2148  02:50:31 clock_gettime(CLOCK_BOOTTIME, {666517, 669107793}) = 0
2148  02:50:31 clock_gettime(CLOCK_BOOTTIME, {666517, 669149443}) = 0
2148  02:50:31 select(7, [3 4], [3], NULL, NULL) = 1 (out [3])
2148  02:50:31 clock_gettime(CLOCK_BOOTTIME, {666517, 669251494}) = 0
2148  02:50:31 write(3, "6P\251\272\26@n\5\243w!:$\7h;\235\274T~1\2566v\307\177cK>\256x\357"..., 40) = 40
2148  02:50:31 clock_gettime(CLOCK_BOOTTIME, {666517, 669346883}) = 0
2148  02:50:31 clock_gettime(CLOCK_BOOTTIME, {666517, 669388007}) = 0
2148  02:50:31 select(7, [3 4], [], NULL, NULL) = 1 (in [3])
2148  02:50:31 clock_gettime(CLOCK_BOOTTIME, {666517, 671346030}) = 0
2148  02:50:31 read(3, "_\25\3\240\244\242\331\337\245M~k5cA~v\t\305Qd\303\"{\16\333\5|\272\221-l"..., 8192) = 40
2148  02:50:31 clock_gettime(CLOCK_BOOTTIME, {666517, 671436561}) = 0
2148  02:50:31 clock_gettime(CLOCK_BOOTTIME, {666517, 671477501}) = 0
2148  02:50:31 select(7, [3 4], [5], NULL, NULL) = 1 (out [5])
2148  02:50:31 clock_gettime(CLOCK_BOOTTIME, {666517, 671572445}) = 0
2148  02:50:31 write(5, "t", 1)         = 1
2148  02:50:31 clock_gettime(CLOCK_BOOTTIME, {666517, 671685362}) = 0
2148  02:50:31 clock_gettime(CLOCK_BOOTTIME, {666517, 671726252}) = 0
2148  02:50:31 select(7, [3 4], [], NULL, NULL) = 1 (in [4])
2148  02:50:31 clock_gettime(CLOCK_BOOTTIME, {666517, 788236162}) = 0
2148  02:50:31 read(4, "\r", 16384)     = 1
2148  02:50:31 clock_gettime(CLOCK_BOOTTIME, {666517, 788337544}) = 0
2148  02:50:31 clock_gettime(CLOCK_BOOTTIME, {666517, 788379136}) = 0
2148  02:50:31 select(7, [3 4], [3], NULL, NULL) = 1 (out [3])
2148  02:50:31 clock_gettime(CLOCK_BOOTTIME, {666517, 788469213}) = 0
2148  02:50:31 write(3, "\312p\267\361\fYa\352\273A\7\355\345\362\341\r\177\214%\230kp\352\231.\"\241\312\321\0\371\32"..., 40) = 40
2148  02:50:31 clock_gettime(CLOCK_BOOTTIME, {666517, 788574246}) = 0
2148  02:50:31 clock_gettime(CLOCK_BOOTTIME, {666517, 788615705}) = 0
2148  02:50:31 select(7, [3 4], [], NULL, NULL) = 1 (in [3])
2148  02:50:31 clock_gettime(CLOCK_BOOTTIME, {666517, 793646391}) = 0
2148  02:50:31 read(3, "Y<\246\3\350\f\3\16\310\256wZs\210\270\350\35\375\vdo\335\353h(\35o\351\374L\302\321"..., 8192) = 200
2148  02:50:31 close(4)                 = 0
2148  02:50:31 clock_gettime(CLOCK_BOOTTIME, {666517, 793797752}) = 0
2148  02:50:31 clock_gettime(CLOCK_BOOTTIME, {666517, 793840194}) = 0
2148  02:50:31 select(7, [3], [5], NULL, NULL) = 1 (out [5])
2148  02:50:31 clock_gettime(CLOCK_BOOTTIME, {666517, 793929195}) = 0
2148  02:50:31 write(5, "\r\nlogout\r\n", 10) = 10
2148  02:50:31 clock_gettime(CLOCK_BOOTTIME, {666517, 794060878}) = 0
2148  02:50:31 clock_gettime(CLOCK_BOOTTIME, {666517, 794102627}) = 0
2148  02:50:31 close(5)                 = 0
2148  02:50:31 ioctl(0, SNDCTL_TMR_STOP or TCSETSW, {B38400 opost isig icanon echo ...}) = 0
2148  02:50:31 close(6)                 = 0
2148  02:50:31 select(7, [3], [3], NULL, NULL) = 1 (out [3])
2148  02:50:31 clock_gettime(CLOCK_BOOTTIME, {666517, 794338602}) = 0
2148  02:50:31 write(3, "\345\3555\30\374nG\n%\22295\301\356gE\363\376R\341N\37\202\35", 24) = 24
2148  02:50:31 rt_sigaction(SIGWINCH, NULL, {0x564bdceedc80, [], SA_RESTORER, 0x7f7393aec270}, 8) = 0
2148  02:50:31 rt_sigaction(SIGWINCH, {SIG_DFL, [], SA_RESTORER, 0x7f7393aec270}, NULL, 8) = 0
2148  02:50:31 write(3, "\1\225\301\2317>\33}\235\354\321\6`~7Z=\231\376\301\306\0\206|\2\245\263\350&\264\337W"..., 56) = 56
2148  02:50:31 ioctl(0, TCGETS, {B38400 opost isig icanon echo ...}) = 0
2148  02:50:31 ioctl(1, TCGETS, {B38400 opost isig icanon echo ...}) = 0
2148  02:50:31 ioctl(2, TCGETS, {B38400 opost isig icanon echo ...}) = 0
2148  02:50:31 write(2, "Connection to 10.5.0.208 closed."..., 34) = 34
2148  02:50:31 shutdown(3, SHUT_RDWR)   = 0
2148  02:50:31 close(3)                 = 0
2148  02:50:31 write(1, "random tag:inw7el2yu8", 21) = 21
2148  02:50:31 exit_group(0)            = ?
2148  02:50:31 +++ exited with 0 +++
