12657 05:29:55 select(4, [3], NULL, NULL, NULL) = 1 (in [3])
12657 05:29:55 read(3, "\0\0\3\274\t!\0\0\1\25\0\0\0\7ssh-rsa\0\0\0\1#\0\0\1\1\0\264"..., 8192) = 976
12657 05:29:55 open("/root/.ssh/known_hosts", O_RDONLY) = 4
12657 05:29:55 fstat(4, {st_mode=S_IFREG|0644, st_size=1177, ...}) = 0
12657 05:29:55 mmap(NULL, 4096, PROT_READ|PROT_WRITE, MAP_PRIVATE|MAP_ANONYMOUS, -1, 0) = 0x7f2e966c0000
12657 05:29:55 read(4, "172.19.0.36 ssh-rsa AAAAB3NzaC1y"..., 4096) = 1177
12657 05:29:55 read(4, "", 4096)        = 0
12657 05:29:55 close(4)                 = 0
12657 05:29:55 munmap(0x7f2e966c0000, 4096) = 0
12657 05:29:55 open("/root/.ssh/known_hosts2", O_RDONLY) = -1 ENOENT (No such file or directory)
12657 05:29:55 open("/usr/local/openssh/etc/ssh_known_hosts", O_RDONLY) = -1 ENOENT (No such file or directory)
12657 05:29:55 open("/usr/local/openssh/etc/ssh_known_hosts2", O_RDONLY) = -1 ENOENT (No such file or directory)
12657 05:29:55 clock_gettime(CLOCK_BOOTTIME, {676081, 802548153}) = 0
12657 05:29:55 write(3, "\0\0\0\f\n\25\0\0\0\0\0\0\0\0\0\0", 16) = 16
12657 05:29:55 write(3, "\5\210\201M\320p\20\f\204\3\\\345\334\342\236(\312\2146\227LB|\266\2267\325\310s\372\314\255"..., 40) = 40
12657 05:29:55 select(4, [3], NULL, NULL, NULL) = 1 (in [3])
12657 05:29:55 read(3, "X\230\25\273\271\2\254b\223\20\0321\307'\233/\350\3\376\343\33\t(w\266p\16\316?k\272:"..., 8192) = 40
12657 05:29:55 write(3, "?\30QZ\246\323Y\372s\271\34\335P\35\325\347\310w\277\225y\324\364m\333\30\352^\227\273\325\313"..., 56) = 56
12657 05:29:55 select(4, [3], NULL, NULL, NULL) = 1 (in [3])
12657 05:29:55 read(3, "\f\235i\213\214\234\r3\21l?\232{\261\177\n\316\33171\252\35\256G\316\rA+U\360\313D"..., 8192) = 72
12657 05:29:55 stat("/root/.ssh/id_rsa", 0x7ffe036b0890) = -1 ENOENT (No such file or directory)
12657 05:29:55 stat("/root/.ssh/id_dsa", 0x7ffe036b0890) = -1 ENOENT (No such file or directory)
12657 05:29:55 stat("/root/.ssh/id_ecdsa", 0x7ffe036b0890) = -1 ENOENT (No such file or directory)
12657 05:29:55 stat("/root/.ssh/id_ed25519", 0x7ffe036b0890) = -1 ENOENT (No such file or directory)
12657 05:29:55 open("/dev/tty", O_RDWR) = 4
12657 05:29:55 close(4)                 = 0
12657 05:29:55 open("/dev/tty", O_RDWR) = 4
12657 05:29:55 ioctl(4, TCGETS, {B38400 opost isig icanon echo ...}) = 0
12657 05:29:55 ioctl(4, SNDCTL_TMR_CONTINUE or TCSETSF, {B38400 opost isig icanon -echo ...}) = 0
12657 05:29:55 rt_sigaction(SIGALRM, {0x5585211fe0d0, [], SA_RESTORER, 0x7f2e95245270}, {SIG_DFL, [], 0}, 8) = 0
12657 05:29:55 rt_sigaction(SIGHUP, {0x5585211fe0d0, [], SA_RESTORER, 0x7f2e95245270}, {SIG_DFL, [], 0}, 8) = 0
12657 05:29:55 rt_sigaction(SIGINT, {0x5585211fe0d0, [], SA_RESTORER, 0x7f2e95245270}, {SIG_DFL, [], 0}, 8) = 0
12657 05:29:55 rt_sigaction(SIGPIPE, {0x5585211fe0d0, [], SA_RESTORER, 0x7f2e95245270}, {SIG_IGN, [], SA_RESTORER, 0x7f2e95245270}, 8) = 0
12657 05:29:55 rt_sigaction(SIGQUIT, {0x5585211fe0d0, [], SA_RESTORER, 0x7f2e95245270}, {SIG_DFL, [], 0}, 8) = 0
12657 05:29:55 rt_sigaction(SIGTERM, {0x5585211fe0d0, [], SA_RESTORER, 0x7f2e95245270}, {SIG_DFL, [], 0}, 8) = 0
12657 05:29:55 rt_sigaction(SIGTSTP, {0x5585211fe0d0, [], SA_RESTORER, 0x7f2e95245270}, {SIG_DFL, [], 0}, 8) = 0
12657 05:29:55 rt_sigaction(SIGTTIN, {0x5585211fe0d0, [], SA_RESTORER, 0x7f2e95245270}, {SIG_DFL, [], 0}, 8) = 0
12657 05:29:55 rt_sigaction(SIGTTOU, {0x5585211fe0d0, [], SA_RESTORER, 0x7f2e95245270}, {SIG_DFL, [], 0}, 8) = 0
12657 05:29:55 write(4, "root@10.5.0.208's password: ", 28) = 28
12657 05:29:55 read(4, "y", 1)          = 1
12657 05:29:55 read(4, "o", 1)          = 1
12657 05:29:55 read(4, "t", 1)          = 1
12657 05:29:55 read(4, "p", 1)          = 1
12657 05:29:55 read(4, "4", 1)          = 1
12657 05:29:55 read(4, "o", 1)          = 1
12657 05:29:55 read(4, "z", 1)          = 1
12657 05:29:55 read(4, "A", 1)          = 1
12657 05:29:55 read(4, "c", 1)          = 1
12657 05:29:55 read(4, "C", 1)          = 1
12657 05:29:55 read(4, "=", 1)          = 1
12657 05:29:55 read(4, "b", 1)          = 1
12657 05:29:55 read(4, "~", 1)          = 1
12657 05:29:55 read(4, "V", 1)          = 1
12657 05:29:55 read(4, "4", 1)          = 1
12657 05:29:55 read(4, "K", 1)          = 1
12657 05:29:55 read(4, "G", 1)          = 1
12657 05:29:55 read(4, "V", 1)          = 1
12657 05:29:55 read(4, "/", 1)          = 1
12657 05:29:55 read(4, "s", 1)          = 1
12657 05:29:55 read(4, "\n", 1)         = 1
12657 05:29:55 write(4, "\n", 1)        = 1
12657 05:29:55 ioctl(4, SNDCTL_TMR_CONTINUE or TCSETSF, {B38400 opost isig icanon echo ...}) = 0
12657 05:29:55 rt_sigaction(SIGALRM, {SIG_DFL, [], SA_RESTORER, 0x7f2e95245270}, NULL, 8) = 0
12657 05:29:55 rt_sigaction(SIGHUP, {SIG_DFL, [], SA_RESTORER, 0x7f2e95245270}, NULL, 8) = 0
12657 05:29:55 rt_sigaction(SIGINT, {SIG_DFL, [], SA_RESTORER, 0x7f2e95245270}, NULL, 8) = 0
12657 05:29:55 rt_sigaction(SIGQUIT, {SIG_DFL, [], SA_RESTORER, 0x7f2e95245270}, NULL, 8) = 0
12657 05:29:55 rt_sigaction(SIGPIPE, {SIG_IGN, [], SA_RESTORER, 0x7f2e95245270}, NULL, 8) = 0
12657 05:29:55 rt_sigaction(SIGTERM, {SIG_DFL, [], SA_RESTORER, 0x7f2e95245270}, NULL, 8) = 0
12657 05:29:55 rt_sigaction(SIGTSTP, {SIG_DFL, [], SA_RESTORER, 0x7f2e95245270}, NULL, 8) = 0
12657 05:29:55 rt_sigaction(SIGTTIN, {SIG_DFL, [], SA_RESTORER, 0x7f2e95245270}, NULL, 8) = 0
12657 05:29:55 rt_sigaction(SIGTTOU, {SIG_DFL, [], SA_RESTORER, 0x7f2e95245270}, NULL, 8) = 0
12657 05:29:55 close(4)                 = 0
12657 05:29:55 write(3, "\302\213 I\243Fx\277U\2\222\2434j\247q\26f$\374\10\7IcM\217V\331\rd!r"..., 136) = 136
12657 05:29:55 select(4, [3], NULL, NULL, NULL) = 1 (in [3])
12657 05:29:55 read(3, "\20\260qC\247\2739NT\216V\323$\300\223Cg\30\2231&\260\321\232", 8192) = 24
12657 05:29:55 dup(0)                   = 4
12657 05:29:55 dup(1)                   = 5
12657 05:29:55 dup(2)                   = 6
12657 05:29:55 ioctl(4, TCGETS, {B38400 opost isig icanon echo ...}) = 0
12657 05:29:55 ioctl(5, TCGETS, {B38400 opost isig icanon echo ...}) = 0
12657 05:29:55 ioctl(6, TCGETS, {B38400 opost isig icanon echo ...}) = 0
12657 05:29:55 fcntl(4, F_SETFD, FD_CLOEXEC) = 0
12657 05:29:55 fcntl(5, F_SETFD, FD_CLOEXEC) = 0
12657 05:29:55 fcntl(6, F_SETFD, FD_CLOEXEC) = 0
12657 05:29:55 rt_sigaction(SIGHUP, NULL, {SIG_DFL, [], SA_RESTORER, 0x7f2e95245270}, 8) = 0
12657 05:29:55 rt_sigaction(SIGHUP, {SIG_IGN, [], SA_RESTORER, 0x7f2e95245270}, NULL, 8) = 0
12657 05:29:55 rt_sigaction(SIGHUP, NULL, {SIG_IGN, [], SA_RESTORER, 0x7f2e95245270}, 8) = 0
12657 05:29:55 rt_sigaction(SIGHUP, {0x5585211a69f0, [], SA_RESTORER, 0x7f2e95245270}, NULL, 8) = 0
12657 05:29:55 rt_sigaction(SIGINT, NULL, {SIG_DFL, [], SA_RESTORER, 0x7f2e95245270}, 8) = 0
12657 05:29:55 rt_sigaction(SIGINT, {SIG_IGN, [], SA_RESTORER, 0x7f2e95245270}, NULL, 8) = 0
12657 05:29:55 rt_sigaction(SIGINT, NULL, {SIG_IGN, [], SA_RESTORER, 0x7f2e95245270}, 8) = 0
12657 05:29:55 rt_sigaction(SIGINT, {0x5585211a69f0, [], SA_RESTORER, 0x7f2e95245270}, NULL, 8) = 0
12657 05:29:55 rt_sigaction(SIGQUIT, NULL, {SIG_DFL, [], SA_RESTORER, 0x7f2e95245270}, 8) = 0
12657 05:29:55 rt_sigaction(SIGQUIT, {SIG_IGN, [], SA_RESTORER, 0x7f2e95245270}, NULL, 8) = 0
12657 05:29:55 rt_sigaction(SIGQUIT, NULL, {SIG_IGN, [], SA_RESTORER, 0x7f2e95245270}, 8) = 0
12657 05:29:55 rt_sigaction(SIGQUIT, {0x5585211a69f0, [], SA_RESTORER, 0x7f2e95245270}, NULL, 8) = 0
12657 05:29:55 rt_sigaction(SIGTERM, NULL, {SIG_DFL, [], SA_RESTORER, 0x7f2e95245270}, 8) = 0
12657 05:29:55 rt_sigaction(SIGTERM, {SIG_IGN, [], SA_RESTORER, 0x7f2e95245270}, NULL, 8) = 0
12657 05:29:55 rt_sigaction(SIGTERM, NULL, {SIG_IGN, [], SA_RESTORER, 0x7f2e95245270}, 8) = 0
12657 05:29:55 rt_sigaction(SIGTERM, {0x5585211a69f0, [], SA_RESTORER, 0x7f2e95245270}, NULL, 8) = 0
12657 05:29:55 rt_sigaction(SIGWINCH, NULL, {SIG_DFL, [], 0}, 8) = 0
12657 05:29:55 rt_sigaction(SIGWINCH, {0x5585211a6c80, [], SA_RESTORER, 0x7f2e95245270}, NULL, 8) = 0
12657 05:29:55 ioctl(0, TCGETS, {B38400 opost isig icanon echo ...}) = 0
12657 05:29:55 ioctl(0, SNDCTL_TMR_STOP or TCSETSW, {B38400 -opost -isig -icanon -echo ...}) = 0
12657 05:29:55 clock_gettime(CLOCK_BOOTTIME, {676081, 876813532}) = 0
12657 05:29:55 clock_gettime(CLOCK_BOOTTIME, {676081, 876861701}) = 0
12657 05:29:55 select(7, [3], [3], NULL, NULL) = 1 (out [3])
12657 05:29:55 clock_gettime(CLOCK_BOOTTIME, {676081, 876947592}) = 0
12657 05:29:55 write(3, "\350\227\210\321l\303\370;tV\230b/|\5T^\362\355\371\221w\357\17+\265V\227}K\342*"..., 112) = 112
12657 05:29:55 clock_gettime(CLOCK_BOOTTIME, {676081, 877046174}) = 0
12657 05:29:55 clock_gettime(CLOCK_BOOTTIME, {676081, 877087399}) = 0
12657 05:29:55 select(7, [3], [], NULL, NULL) = 1 (in [3])
12657 05:29:55 clock_gettime(CLOCK_BOOTTIME, {676081, 881044404}) = 0
12657 05:29:55 read(3, "\371=/\322RQ\235'\262nHp\34&k\302\253\350\227m\27\354\3~']\277>\365_p~"..., 8192) = 40
12657 05:29:55 getsockopt(3, SOL_TCP, TCP_NODELAY, [0], [4]) = 0
12657 05:29:55 setsockopt(3, SOL_TCP, TCP_NODELAY, [1], 4) = 0
12657 05:29:55 getsockname(3, {sa_family=AF_INET, sin_port=htons(44988), sin_addr=inet_addr("10.5.0.222")}, [16]) = 0
12657 05:29:55 setsockopt(3, SOL_IP, IP_TOS, [16], 4) = 0
12657 05:29:55 ioctl(0, TIOCGWINSZ, {ws_row=24, ws_col=122, ws_xpixel=0, ws_ypixel=0}) = 0
12657 05:29:55 clock_gettime(CLOCK_BOOTTIME, {676081, 881369621}) = 0
12657 05:29:55 clock_gettime(CLOCK_BOOTTIME, {676081, 881409605}) = 0
12657 05:29:55 select(7, [3], [3], NULL, NULL) = 1 (out [3])
12657 05:29:55 clock_gettime(CLOCK_BOOTTIME, {676081, 881494027}) = 0
12657 05:29:55 write(3, "\313\373#P\265b^\6\36\r\303\305$\20\310;\351b\372R\211\220\t\226&Xi\230\332\177\0\20"..., 368) = 368
12657 05:29:55 clock_gettime(CLOCK_BOOTTIME, {676081, 881586445}) = 0
12657 05:29:55 clock_gettime(CLOCK_BOOTTIME, {676081, 881625933}) = 0
12657 05:29:55 select(7, [3], [], NULL, NULL) = 1 (in [3])
12657 05:29:55 clock_gettime(CLOCK_BOOTTIME, {676081, 882123259}) = 0
12657 05:29:55 read(3, "\205\t\30?Yp3\253N\252\236\361\273\351L\314\220.\273V\227\230=F\363\212a\326\351B\321\377"..., 8192) = 88
12657 05:29:55 clock_gettime(CLOCK_BOOTTIME, {676081, 882211189}) = 0
12657 05:29:55 clock_gettime(CLOCK_BOOTTIME, {676081, 882250745}) = 0
12657 05:29:55 select(7, [3 4], [], NULL, NULL) = 1 (in [3])
12657 05:29:55 clock_gettime(CLOCK_BOOTTIME, {676081, 887174682}) = 0
12657 05:29:55 read(3, "\236/\276\2431\377\261\31\306\16\352)9\203\31e\254M\377a\177\306\361\246\225UH\353\360\365`W"..., 8192) = 152
12657 05:29:55 clock_gettime(CLOCK_BOOTTIME, {676081, 887266590}) = 0
12657 05:29:55 clock_gettime(CLOCK_BOOTTIME, {676081, 887305707}) = 0
12657 05:29:55 select(7, [3 4], [5], NULL, NULL) = 1 (out [5])
12657 05:29:55 clock_gettime(CLOCK_BOOTTIME, {676081, 887391098}) = 0
12657 05:29:55 write(5, "Last login: Fri Jun 22 13:28:24 "..., 111) = 111
12657 05:29:55 clock_gettime(CLOCK_BOOTTIME, {676081, 887519673}) = 0
12657 05:29:55 clock_gettime(CLOCK_BOOTTIME, {676081, 887559818}) = 0
12657 05:29:55 select(7, [3 4], [], NULL, NULL) = 1 (in [3])
12657 05:29:55 clock_gettime(CLOCK_BOOTTIME, {676081, 903184044}) = 0
12657 05:29:55 read(3, "\350E\222nlTN\252\351\215)e\253\230\3Z^zE`\333w\370W\232kh;\35\244?B"..., 8192) = 56
12657 05:29:55 clock_gettime(CLOCK_BOOTTIME, {676081, 903277067}) = 0
12657 05:29:55 clock_gettime(CLOCK_BOOTTIME, {676081, 903317852}) = 0
12657 05:29:55 select(7, [3 4], [5], NULL, NULL) = 1 (out [5])
12657 05:29:55 clock_gettime(CLOCK_BOOTTIME, {676081, 903403479}) = 0
12657 05:29:55 write(5, "[root@ali-p2p-h5-1 ~]# ", 23) = 23
12657 05:29:55 clock_gettime(CLOCK_BOOTTIME, {676081, 903514539}) = 0
12657 05:29:55 clock_gettime(CLOCK_BOOTTIME, {676081, 903554481}) = 0
12657 05:29:55 select(7, [3 4], [], NULL, NULL) = 1 (in [4])
12657 05:29:56 clock_gettime(CLOCK_BOOTTIME, {676082, 984414886}) = 0
12657 05:29:56 read(4, "e", 16384)      = 1
12657 05:29:56 clock_gettime(CLOCK_BOOTTIME, {676082, 984539126}) = 0
12657 05:29:56 clock_gettime(CLOCK_BOOTTIME, {676082, 984582493}) = 0
12657 05:29:56 select(7, [3 4], [3], NULL, NULL) = 1 (out [3])
12657 05:29:56 clock_gettime(CLOCK_BOOTTIME, {676082, 984686228}) = 0
12657 05:29:56 write(3, "l\274\16\207\1A\203\226\344\372C\261\305\22\276\217V\331?(\256\2564D\315t\262\2652v\315\356"..., 40) = 40
12657 05:29:56 clock_gettime(CLOCK_BOOTTIME, {676082, 984791968}) = 0
12657 05:29:56 clock_gettime(CLOCK_BOOTTIME, {676082, 984833945}) = 0
12657 05:29:56 select(7, [3 4], [], NULL, NULL) = 1 (in [3])
12657 05:29:56 clock_gettime(CLOCK_BOOTTIME, {676082, 986188873}) = 0
12657 05:29:56 read(3, "\354\33\362\246\244\334\326\300\315\200\206N\375ks<\221zd9\2451EV.\1\236\346\210m\261\321"..., 8192) = 40
12657 05:29:56 clock_gettime(CLOCK_BOOTTIME, {676082, 986282570}) = 0
12657 05:29:56 clock_gettime(CLOCK_BOOTTIME, {676082, 986323762}) = 0
12657 05:29:56 select(7, [3 4], [5], NULL, NULL) = 1 (out [5])
12657 05:29:56 clock_gettime(CLOCK_BOOTTIME, {676082, 986412256}) = 0
12657 05:29:56 write(5, "e", 1)         = 1
12657 05:29:56 clock_gettime(CLOCK_BOOTTIME, {676082, 986537778}) = 0
12657 05:29:56 clock_gettime(CLOCK_BOOTTIME, {676082, 986579493}) = 0
12657 05:29:56 select(7, [3 4], [], NULL, NULL) = 1 (in [4])
12657 05:29:56 clock_gettime(CLOCK_BOOTTIME, {676083, 287991334}) = 0
12657 05:29:56 read(4, "x", 16384)      = 1
12657 05:29:56 clock_gettime(CLOCK_BOOTTIME, {676083, 288119676}) = 0
12657 05:29:56 clock_gettime(CLOCK_BOOTTIME, {676083, 288163440}) = 0
12657 05:29:56 select(7, [3 4], [3], NULL, NULL) = 1 (out [3])
12657 05:29:56 clock_gettime(CLOCK_BOOTTIME, {676083, 288255764}) = 0
12657 05:29:56 write(3, "\376\244\355\317\230\346l\326]R\7&?rj\205\252x\216\244\31\330\273b\270\32=SGB\244\303"..., 40) = 40
12657 05:29:56 clock_gettime(CLOCK_BOOTTIME, {676083, 288357000}) = 0
12657 05:29:56 clock_gettime(CLOCK_BOOTTIME, {676083, 288397924}) = 0
12657 05:29:56 select(7, [3 4], [], NULL, NULL) = 1 (in [3])
12657 05:29:56 clock_gettime(CLOCK_BOOTTIME, {676083, 290193794}) = 0
12657 05:29:56 read(3, "\335\346\265`\3346\210\317A%0'\313(\34,\266\226\4\201\275\244\267\224W9\322^\253h\211\234"..., 8192) = 40
12657 05:29:56 clock_gettime(CLOCK_BOOTTIME, {676083, 290286881}) = 0
12657 05:29:56 clock_gettime(CLOCK_BOOTTIME, {676083, 290327933}) = 0
12657 05:29:56 select(7, [3 4], [5], NULL, NULL) = 1 (out [5])
12657 05:29:56 clock_gettime(CLOCK_BOOTTIME, {676083, 290416680}) = 0
12657 05:29:56 write(5, "x", 1)         = 1
12657 05:29:56 clock_gettime(CLOCK_BOOTTIME, {676083, 290539284}) = 0
12657 05:29:56 clock_gettime(CLOCK_BOOTTIME, {676083, 290581425}) = 0
12657 05:29:56 select(7, [3 4], [], NULL, NULL) = 1 (in [4])
12657 05:29:56 clock_gettime(CLOCK_BOOTTIME, {676083, 415364083}) = 0
12657 05:29:56 read(4, "i", 16384)      = 1
12657 05:29:56 clock_gettime(CLOCK_BOOTTIME, {676083, 415470173}) = 0
12657 05:29:56 clock_gettime(CLOCK_BOOTTIME, {676083, 415512379}) = 0
12657 05:29:56 select(7, [3 4], [3], NULL, NULL) = 1 (out [3])
12657 05:29:56 clock_gettime(CLOCK_BOOTTIME, {676083, 415613435}) = 0
12657 05:29:56 write(3, "\250FZ\241\17&;5[\276}\215T\266\361\23\7\24H\355\203h\225-\222\322\200\206$@\3577"..., 40) = 40
12657 05:29:56 clock_gettime(CLOCK_BOOTTIME, {676083, 415721218}) = 0
12657 05:29:56 clock_gettime(CLOCK_BOOTTIME, {676083, 415762787}) = 0
12657 05:29:56 select(7, [3 4], [], NULL, NULL) = 1 (in [3])
12657 05:29:56 clock_gettime(CLOCK_BOOTTIME, {676083, 417190278}) = 0
12657 05:29:56 read(3, "\214\326\3243By\211\241\20\216\247%y\307\340\17\310\207\306q\243\326\342\200\347\356\22\364\231\312I\231"..., 8192) = 40
12657 05:29:56 clock_gettime(CLOCK_BOOTTIME, {676083, 417281994}) = 0
12657 05:29:56 clock_gettime(CLOCK_BOOTTIME, {676083, 417323008}) = 0
12657 05:29:56 select(7, [3 4], [5], NULL, NULL) = 1 (out [5])
12657 05:29:56 clock_gettime(CLOCK_BOOTTIME, {676083, 417411723}) = 0
12657 05:29:56 write(5, "i", 1)         = 1
12657 05:29:56 clock_gettime(CLOCK_BOOTTIME, {676083, 417528889}) = 0
12657 05:29:56 clock_gettime(CLOCK_BOOTTIME, {676083, 417572144}) = 0
12657 05:29:56 select(7, [3 4], [], NULL, NULL) = 1 (in [4])
12657 05:29:56 clock_gettime(CLOCK_BOOTTIME, {676083, 583780472}) = 0
12657 05:29:56 read(4, "t", 16384)      = 1
12657 05:29:56 clock_gettime(CLOCK_BOOTTIME, {676083, 583887207}) = 0
12657 05:29:56 clock_gettime(CLOCK_BOOTTIME, {676083, 583929073}) = 0
12657 05:29:56 select(7, [3 4], [3], NULL, NULL) = 1 (out [3])
12657 05:29:56 clock_gettime(CLOCK_BOOTTIME, {676083, 584037628}) = 0
12657 05:29:56 write(3, "\236\372\235\317U+\17\205\277.\330cY#\365\203\267&\225\211\334\242&W\204\272\354\257\245\202\225\233"..., 40) = 40
12657 05:29:56 clock_gettime(CLOCK_BOOTTIME, {676083, 584136912}) = 0
12657 05:29:56 clock_gettime(CLOCK_BOOTTIME, {676083, 584178488}) = 0
12657 05:29:56 select(7, [3 4], [], NULL, NULL) = 1 (in [3])
12657 05:29:56 clock_gettime(CLOCK_BOOTTIME, {676083, 586191167}) = 0
12657 05:29:56 read(3, "\265)]\276.\361 \354\276\345h\362\25\2779\265\n\363].\33\231\360@\224\302\306X\330\4P["..., 8192) = 40
12657 05:29:56 clock_gettime(CLOCK_BOOTTIME, {676083, 586282818}) = 0
12657 05:29:56 clock_gettime(CLOCK_BOOTTIME, {676083, 586325062}) = 0
12657 05:29:56 select(7, [3 4], [5], NULL, NULL) = 1 (out [5])
12657 05:29:56 clock_gettime(CLOCK_BOOTTIME, {676083, 586414252}) = 0
12657 05:29:56 write(5, "t", 1)         = 1
12657 05:29:56 clock_gettime(CLOCK_BOOTTIME, {676083, 586528455}) = 0
12657 05:29:56 clock_gettime(CLOCK_BOOTTIME, {676083, 586570416}) = 0
12657 05:29:56 select(7, [3 4], [], NULL, NULL) = 1 (in [4])
12657 05:29:57 clock_gettime(CLOCK_BOOTTIME, {676083, 744113288}) = 0
12657 05:29:57 read(4, "\r", 16384)     = 1
12657 05:29:57 clock_gettime(CLOCK_BOOTTIME, {676083, 744210888}) = 0
12657 05:29:57 clock_gettime(CLOCK_BOOTTIME, {676083, 744253066}) = 0
12657 05:29:57 select(7, [3 4], [3], NULL, NULL) = 1 (out [3])
12657 05:29:57 clock_gettime(CLOCK_BOOTTIME, {676083, 744343581}) = 0
12657 05:29:57 write(3, "\315\255\202e\355\250{\35\f_C\301\336\3651\1<\343\310\322\372\306\301\273\204\265\206\252\301.\36\250"..., 40) = 40
12657 05:29:57 clock_gettime(CLOCK_BOOTTIME, {676083, 744439997}) = 0
12657 05:29:57 clock_gettime(CLOCK_BOOTTIME, {676083, 744481518}) = 0
12657 05:29:57 select(7, [3 4], [], NULL, NULL) = 1 (in [3])
12657 05:29:57 clock_gettime(CLOCK_BOOTTIME, {676083, 749662668}) = 0
12657 05:29:57 read(3, ")\356\36\254\334\306\34/\226\235\231\216\360F\313\216V\275\f\214\335\230\346Z\325\227%\177\347\365\366\353"..., 8192) = 200
12657 05:29:57 close(4)                 = 0
12657 05:29:57 clock_gettime(CLOCK_BOOTTIME, {676083, 749806287}) = 0
12657 05:29:57 clock_gettime(CLOCK_BOOTTIME, {676083, 749848185}) = 0
12657 05:29:57 select(7, [3], [5], NULL, NULL) = 1 (out [5])
12657 05:29:57 clock_gettime(CLOCK_BOOTTIME, {676083, 749936041}) = 0
12657 05:29:57 write(5, "\r\nlogout\r\n", 10) = 10
12657 05:29:57 clock_gettime(CLOCK_BOOTTIME, {676083, 750069281}) = 0
12657 05:29:57 clock_gettime(CLOCK_BOOTTIME, {676083, 750114098}) = 0
12657 05:29:57 close(5)                 = 0
12657 05:29:57 ioctl(0, SNDCTL_TMR_STOP or TCSETSW, {B38400 opost isig icanon echo ...}) = 0
12657 05:29:57 close(6)                 = 0
12657 05:29:57 select(7, [3], [3], NULL, NULL) = 1 (out [3])
12657 05:29:57 clock_gettime(CLOCK_BOOTTIME, {676083, 750353448}) = 0
12657 05:29:57 write(3, "s\20\230T\200\376\311\244Y9i\217\226\336~\222\320\247\212\353\272\254&\357", 24) = 24
12657 05:29:57 rt_sigaction(SIGWINCH, NULL, {0x5585211a6c80, [], SA_RESTORER, 0x7f2e95245270}, 8) = 0
12657 05:29:57 rt_sigaction(SIGWINCH, {SIG_DFL, [], SA_RESTORER, 0x7f2e95245270}, NULL, 8) = 0
12657 05:29:57 write(3, "IL\341\272\204p\245j\323:\10i\263\226\364EFY;dI\4\26\f\336\352\2728\362\257\305\371"..., 56) = 56
12657 05:29:57 ioctl(0, TCGETS, {B38400 opost isig icanon echo ...}) = 0
12657 05:29:57 ioctl(1, TCGETS, {B38400 opost isig icanon echo ...}) = 0
12657 05:29:57 ioctl(2, TCGETS, {B38400 opost isig icanon echo ...}) = 0
12657 05:29:57 write(2, "Connection to 10.5.0.208 closed."..., 34) = 34
12657 05:29:57 shutdown(3, SHUT_RDWR)   = 0
12657 05:29:57 close(3)                 = 0
12657 05:29:57 write(1, "random tag:8k6ly43qcs", 21) = 21
12657 05:29:57 exit_group(0)            = ?
12657 05:29:57 +++ exited with 0 +++
