22747 05:42:31 select(4, [3], NULL, NULL, NULL) = 1 (in [3])
22747 05:42:31 read(3, "\0\0\1\224\10\37\0\0\1\201\0\323#\r#ur\354\351\371#Xq^\272\303\244\330\237-kM"..., 8192) = 408
22747 05:42:31 write(3, "\0\0\1\214\5 \0\0\1\201\0\222\16\256n\0_\3046M\357w\221\202\v\36H\236\226\356\344\205"..., 400) = 400
22747 05:42:31 select(4, [3], NULL, NULL, NULL) = 1 (in [3])
22747 05:42:31 read(3, "\0\0\3\274\n!\0\0\1\25\0\0\0\7ssh-rsa\0\0\0\1#\0\0\1\1\0\264"..., 8192) = 976
22747 05:42:31 open("/root/.ssh/known_hosts", O_RDONLY) = 4
22747 05:42:31 fstat(4, {st_mode=S_IFREG|0644, st_size=1177, ...}) = 0
22747 05:42:31 mmap(NULL, 4096, PROT_READ|PROT_WRITE, MAP_PRIVATE|MAP_ANONYMOUS, -1, 0) = 0x7ff7a3a36000
22747 05:42:31 read(4, "172.19.0.36 ssh-rsa AAAAB3NzaC1y"..., 4096) = 1177
22747 05:42:31 read(4, "", 4096)        = 0
22747 05:42:31 close(4)                 = 0
22747 05:42:31 munmap(0x7ff7a3a36000, 4096) = 0
22747 05:42:31 open("/root/.ssh/known_hosts2", O_RDONLY) = -1 ENOENT (No such file or directory)
22747 05:42:31 open("/usr/local/openssh/etc/ssh_known_hosts", O_RDONLY) = -1 ENOENT (No such file or directory)
22747 05:42:31 open("/usr/local/openssh/etc/ssh_known_hosts2", O_RDONLY) = -1 ENOENT (No such file or directory)
22747 05:42:31 clock_gettime(CLOCK_BOOTTIME, {676837, 794780569}) = 0
22747 05:42:31 write(3, "\0\0\0\f\n\25\0\0\0\0\0\0\0\0\0\0", 16) = 16
22747 05:42:31 write(3, "\352\317\30D \277\250\273\344;E\34u\326\206Y\234\22=\2606'\302\24\204DD\251\234~u."..., 40) = 40
22747 05:42:31 select(4, [3], NULL, NULL, NULL) = 1 (in [3])
22747 05:42:31 read(3, "*cr\360h\334$\305\24\344\331\217\212\242\215\366\277\345}\350b[7\17\312\"u\336\35\275\10U"..., 8192) = 40
22747 05:42:31 write(3, "S\234\357\217\227\306\244\201\5\230\220\242\354\25\333f\300r7\360F\311b\275l\302B\267~\300\306\346"..., 56) = 56
22747 05:42:31 select(4, [3], NULL, NULL, NULL) = 1 (in [3])
22747 05:42:31 read(3, "\26X\244\224\317\311\365\261\344\27\240P\213\20&\211\276d\3247\251H\25\230\355\23t!p\316{Y"..., 8192) = 72
22747 05:42:31 stat("/root/.ssh/id_rsa", 0x7ffe6cbfd2c0) = -1 ENOENT (No such file or directory)
22747 05:42:31 stat("/root/.ssh/id_dsa", 0x7ffe6cbfd2c0) = -1 ENOENT (No such file or directory)
22747 05:42:31 stat("/root/.ssh/id_ecdsa", 0x7ffe6cbfd2c0) = -1 ENOENT (No such file or directory)
22747 05:42:31 stat("/root/.ssh/id_ed25519", 0x7ffe6cbfd2c0) = -1 ENOENT (No such file or directory)
22747 05:42:31 open("/dev/tty", O_RDWR) = 4
22747 05:42:31 close(4)                 = 0
22747 05:42:31 open("/dev/tty", O_RDWR) = 4
22747 05:42:31 ioctl(4, TCGETS, {B38400 opost isig icanon echo ...}) = 0
22747 05:42:31 ioctl(4, SNDCTL_TMR_CONTINUE or TCSETSF, {B38400 opost isig icanon -echo ...}) = 0
22747 05:42:31 rt_sigaction(SIGALRM, {0x55e02960e0a0, [], SA_RESTORER, 0x7ff7a25ba270}, {SIG_DFL, [], 0}, 8) = 0
22747 05:42:31 rt_sigaction(SIGHUP, {0x55e02960e0a0, [], SA_RESTORER, 0x7ff7a25ba270}, {SIG_DFL, [], 0}, 8) = 0
22747 05:42:31 rt_sigaction(SIGINT, {0x55e02960e0a0, [], SA_RESTORER, 0x7ff7a25ba270}, {SIG_DFL, [], 0}, 8) = 0
22747 05:42:31 rt_sigaction(SIGPIPE, {0x55e02960e0a0, [], SA_RESTORER, 0x7ff7a25ba270}, {SIG_IGN, [], SA_RESTORER, 0x7ff7a25ba270}, 8) = 0
22747 05:42:31 rt_sigaction(SIGQUIT, {0x55e02960e0a0, [], SA_RESTORER, 0x7ff7a25ba270}, {SIG_DFL, [], 0}, 8) = 0
22747 05:42:31 rt_sigaction(SIGTERM, {0x55e02960e0a0, [], SA_RESTORER, 0x7ff7a25ba270}, {SIG_DFL, [], 0}, 8) = 0
22747 05:42:31 rt_sigaction(SIGTSTP, {0x55e02960e0a0, [], SA_RESTORER, 0x7ff7a25ba270}, {SIG_DFL, [], 0}, 8) = 0
22747 05:42:31 rt_sigaction(SIGTTIN, {0x55e02960e0a0, [], SA_RESTORER, 0x7ff7a25ba270}, {SIG_DFL, [], 0}, 8) = 0
22747 05:42:31 rt_sigaction(SIGTTOU, {0x55e02960e0a0, [], SA_RESTORER, 0x7ff7a25ba270}, {SIG_DFL, [], 0}, 8) = 0
22747 05:42:31 write(4, "root@10.5.0.208's password: ", 28) = 28
22747 05:42:31 read(4, "y", 1)          = 1
22747 05:42:31 read(4, "o", 1)          = 1
22747 05:42:31 read(4, "t", 1)          = 1
22747 05:42:31 read(4, "p", 1)          = 1
22747 05:42:31 read(4, "4", 1)          = 1
22747 05:42:31 read(4, "o", 1)          = 1
22747 05:42:31 read(4, "z", 1)          = 1
22747 05:42:31 read(4, "A", 1)          = 1
22747 05:42:31 read(4, "c", 1)          = 1
22747 05:42:31 read(4, "C", 1)          = 1
22747 05:42:31 read(4, "=", 1)          = 1
22747 05:42:31 read(4, "b", 1)          = 1
22747 05:42:31 read(4, "~", 1)          = 1
22747 05:42:31 read(4, "V", 1)          = 1
22747 05:42:31 read(4, "4", 1)          = 1
22747 05:42:31 read(4, "K", 1)          = 1
22747 05:42:31 read(4, "G", 1)          = 1
22747 05:42:31 read(4, "V", 1)          = 1
22747 05:42:31 read(4, "/", 1)          = 1
22747 05:42:31 read(4, "s", 1)          = 1
22747 05:42:31 read(4, "\n", 1)         = 1
22747 05:42:31 write(4, "\n", 1)        = 1
22747 05:42:31 ioctl(4, SNDCTL_TMR_CONTINUE or TCSETSF, {B38400 opost isig icanon echo ...}) = 0
22747 05:42:31 rt_sigaction(SIGALRM, {SIG_DFL, [], SA_RESTORER, 0x7ff7a25ba270}, NULL, 8) = 0
22747 05:42:31 rt_sigaction(SIGHUP, {SIG_DFL, [], SA_RESTORER, 0x7ff7a25ba270}, NULL, 8) = 0
22747 05:42:31 rt_sigaction(SIGINT, {SIG_DFL, [], SA_RESTORER, 0x7ff7a25ba270}, NULL, 8) = 0
22747 05:42:31 rt_sigaction(SIGQUIT, {SIG_DFL, [], SA_RESTORER, 0x7ff7a25ba270}, NULL, 8) = 0
22747 05:42:31 rt_sigaction(SIGPIPE, {SIG_IGN, [], SA_RESTORER, 0x7ff7a25ba270}, NULL, 8) = 0
22747 05:42:31 rt_sigaction(SIGTERM, {SIG_DFL, [], SA_RESTORER, 0x7ff7a25ba270}, NULL, 8) = 0
22747 05:42:31 rt_sigaction(SIGTSTP, {SIG_DFL, [], SA_RESTORER, 0x7ff7a25ba270}, NULL, 8) = 0
22747 05:42:31 rt_sigaction(SIGTTIN, {SIG_DFL, [], SA_RESTORER, 0x7ff7a25ba270}, NULL, 8) = 0
22747 05:42:31 rt_sigaction(SIGTTOU, {SIG_DFL, [], SA_RESTORER, 0x7ff7a25ba270}, NULL, 8) = 0
22747 05:42:31 close(4)                 = 0
22747 05:42:31 write(3, "\341\311|7 \323F\230a&\314>\323:J\210\226-Xl\306.^\315\305\257\372\214\302G\36)"..., 136) = 136
22747 05:42:31 select(4, [3], NULL, NULL, NULL) = 1 (in [3])
22747 05:42:31 read(3, "~E\363\332\242\333\316\32$\243~\375\224\307\270Nn*\300-\27\321\320;", 8192) = 24
22747 05:42:31 dup(0)                   = 4
22747 05:42:31 dup(1)                   = 5
22747 05:42:31 dup(2)                   = 6
22747 05:42:31 ioctl(4, TCGETS, {B38400 opost isig icanon echo ...}) = 0
22747 05:42:31 ioctl(5, TCGETS, {B38400 opost isig icanon echo ...}) = 0
22747 05:42:31 ioctl(6, TCGETS, {B38400 opost isig icanon echo ...}) = 0
22747 05:42:31 fcntl(4, F_SETFD, FD_CLOEXEC) = 0
22747 05:42:31 fcntl(5, F_SETFD, FD_CLOEXEC) = 0
22747 05:42:31 fcntl(6, F_SETFD, FD_CLOEXEC) = 0
22747 05:42:31 rt_sigaction(SIGHUP, NULL, {SIG_DFL, [], SA_RESTORER, 0x7ff7a25ba270}, 8) = 0
22747 05:42:31 rt_sigaction(SIGHUP, {SIG_IGN, [], SA_RESTORER, 0x7ff7a25ba270}, NULL, 8) = 0
22747 05:42:31 rt_sigaction(SIGHUP, NULL, {SIG_IGN, [], SA_RESTORER, 0x7ff7a25ba270}, 8) = 0
22747 05:42:31 rt_sigaction(SIGHUP, {0x55e0295b69c0, [], SA_RESTORER, 0x7ff7a25ba270}, NULL, 8) = 0
22747 05:42:31 rt_sigaction(SIGINT, NULL, {SIG_DFL, [], SA_RESTORER, 0x7ff7a25ba270}, 8) = 0
22747 05:42:31 rt_sigaction(SIGINT, {SIG_IGN, [], SA_RESTORER, 0x7ff7a25ba270}, NULL, 8) = 0
22747 05:42:31 rt_sigaction(SIGINT, NULL, {SIG_IGN, [], SA_RESTORER, 0x7ff7a25ba270}, 8) = 0
22747 05:42:31 rt_sigaction(SIGINT, {0x55e0295b69c0, [], SA_RESTORER, 0x7ff7a25ba270}, NULL, 8) = 0
22747 05:42:31 rt_sigaction(SIGQUIT, NULL, {SIG_DFL, [], SA_RESTORER, 0x7ff7a25ba270}, 8) = 0
22747 05:42:31 rt_sigaction(SIGQUIT, {SIG_IGN, [], SA_RESTORER, 0x7ff7a25ba270}, NULL, 8) = 0
22747 05:42:31 rt_sigaction(SIGQUIT, NULL, {SIG_IGN, [], SA_RESTORER, 0x7ff7a25ba270}, 8) = 0
22747 05:42:31 rt_sigaction(SIGQUIT, {0x55e0295b69c0, [], SA_RESTORER, 0x7ff7a25ba270}, NULL, 8) = 0
22747 05:42:31 rt_sigaction(SIGTERM, NULL, {SIG_DFL, [], SA_RESTORER, 0x7ff7a25ba270}, 8) = 0
22747 05:42:31 rt_sigaction(SIGTERM, {SIG_IGN, [], SA_RESTORER, 0x7ff7a25ba270}, NULL, 8) = 0
22747 05:42:31 rt_sigaction(SIGTERM, NULL, {SIG_IGN, [], SA_RESTORER, 0x7ff7a25ba270}, 8) = 0
22747 05:42:31 rt_sigaction(SIGTERM, {0x55e0295b69c0, [], SA_RESTORER, 0x7ff7a25ba270}, NULL, 8) = 0
22747 05:42:31 rt_sigaction(SIGWINCH, NULL, {SIG_DFL, [], 0}, 8) = 0
22747 05:42:31 rt_sigaction(SIGWINCH, {0x55e0295b6c50, [], SA_RESTORER, 0x7ff7a25ba270}, NULL, 8) = 0
22747 05:42:31 ioctl(0, TCGETS, {B38400 opost isig icanon echo ...}) = 0
22747 05:42:31 ioctl(0, SNDCTL_TMR_STOP or TCSETSW, {B38400 -opost -isig -icanon -echo ...}) = 0
22747 05:42:31 clock_gettime(CLOCK_BOOTTIME, {676837, 863491510}) = 0
22747 05:42:31 clock_gettime(CLOCK_BOOTTIME, {676837, 863534698}) = 0
22747 05:42:31 select(7, [3], [3], NULL, NULL) = 1 (out [3])
22747 05:42:31 clock_gettime(CLOCK_BOOTTIME, {676837, 863622371}) = 0
22747 05:42:31 write(3, "&\311R\323\266n\5\351#\24\215\376\221Z\233\246\212\327\352K#\214\323&\37\33=\24\301\254-\231"..., 112) = 112
22747 05:42:31 clock_gettime(CLOCK_BOOTTIME, {676837, 863713585}) = 0
22747 05:42:31 clock_gettime(CLOCK_BOOTTIME, {676837, 863761668}) = 0
22747 05:42:31 select(7, [3], [], NULL, NULL) = 1 (in [3])
22747 05:42:31 clock_gettime(CLOCK_BOOTTIME, {676837, 868407272}) = 0
22747 05:42:31 read(3, "\2343\272=\315r3<\353c#\363\312+\203yH\253G\36\331\220#wQ\235(\325Y\n\305g"..., 8192) = 40
22747 05:42:31 getsockopt(3, SOL_TCP, TCP_NODELAY, [0], [4]) = 0
22747 05:42:31 setsockopt(3, SOL_TCP, TCP_NODELAY, [1], 4) = 0
22747 05:42:31 getsockname(3, {sa_family=AF_INET, sin_port=htons(52420), sin_addr=inet_addr("10.5.0.222")}, [16]) = 0
22747 05:42:31 setsockopt(3, SOL_IP, IP_TOS, [16], 4) = 0
22747 05:42:31 ioctl(0, TIOCGWINSZ, {ws_row=24, ws_col=147, ws_xpixel=0, ws_ypixel=0}) = 0
22747 05:42:31 clock_gettime(CLOCK_BOOTTIME, {676837, 868737444}) = 0
22747 05:42:31 clock_gettime(CLOCK_BOOTTIME, {676837, 868778125}) = 0
22747 05:42:31 select(7, [3], [3], NULL, NULL) = 1 (out [3])
22747 05:42:31 clock_gettime(CLOCK_BOOTTIME, {676837, 868862439}) = 0
22747 05:42:31 write(3, "\324y2\227\255;e\226\371SD\3_\311\357g\251\")\201\266=\36\233j\371\35\20\321beF"..., 368) = 368
22747 05:42:31 clock_gettime(CLOCK_BOOTTIME, {676837, 868955356}) = 0
22747 05:42:31 clock_gettime(CLOCK_BOOTTIME, {676837, 868995293}) = 0
22747 05:42:31 select(7, [3], [], NULL, NULL) = 1 (in [3])
22747 05:42:31 clock_gettime(CLOCK_BOOTTIME, {676837, 869472856}) = 0
22747 05:42:31 read(3, "\10\316\210\3304\230\331\336:\267\333=\355$\244B\235Dt\310@\243\245\251\242\237\313\252$g*\204"..., 8192) = 88
22747 05:42:31 clock_gettime(CLOCK_BOOTTIME, {676837, 869560422}) = 0
22747 05:42:31 clock_gettime(CLOCK_BOOTTIME, {676837, 869600853}) = 0
22747 05:42:31 select(7, [3 4], [], NULL, NULL) = 1 (in [3])
22747 05:42:31 clock_gettime(CLOCK_BOOTTIME, {676837, 874209609}) = 0
22747 05:42:31 read(3, "\305\347\300\221\367g\230\277\300Zb\345\370\243\212\363\251\310\10G\361%\353T\200\374\245\313\376U\303\332"..., 8192) = 152
22747 05:42:31 clock_gettime(CLOCK_BOOTTIME, {676837, 874299728}) = 0
22747 05:42:31 clock_gettime(CLOCK_BOOTTIME, {676837, 874341106}) = 0
22747 05:42:31 select(7, [3 4], [5], NULL, NULL) = 1 (out [5])
22747 05:42:31 clock_gettime(CLOCK_BOOTTIME, {676837, 874426277}) = 0
22747 05:42:31 write(5, "Last login: Fri Jun 22 13:40:44 "..., 111) = 111
22747 05:42:31 clock_gettime(CLOCK_BOOTTIME, {676837, 874543160}) = 0
22747 05:42:31 clock_gettime(CLOCK_BOOTTIME, {676837, 874584118}) = 0
22747 05:42:31 select(7, [3 4], [], NULL, NULL) = 1 (in [3])
22747 05:42:31 clock_gettime(CLOCK_BOOTTIME, {676837, 890204464}) = 0
22747 05:42:31 read(3, "\231,o)er\337!Qz\210\257\306\5C\322\260\217I\24\217E\v\316p\31\377M|s\260'"..., 8192) = 56
22747 05:42:31 clock_gettime(CLOCK_BOOTTIME, {676837, 890297225}) = 0
22747 05:42:31 clock_gettime(CLOCK_BOOTTIME, {676837, 890336376}) = 0
22747 05:42:31 select(7, [3 4], [5], NULL, NULL) = 1 (out [5])
22747 05:42:31 clock_gettime(CLOCK_BOOTTIME, {676837, 890420122}) = 0
22747 05:42:31 write(5, "[root@ali-p2p-h5-1 ~]# ", 23) = 23
22747 05:42:31 clock_gettime(CLOCK_BOOTTIME, {676837, 890518504}) = 0
22747 05:42:31 clock_gettime(CLOCK_BOOTTIME, {676837, 890558211}) = 0
22747 05:42:31 select(7, [3 4], [], NULL, NULL) = 1 (in [4])
22747 05:42:32 clock_gettime(CLOCK_BOOTTIME, {676839, 64081131}) = 0
22747 05:42:32 read(4, "e", 16384)      = 1
22747 05:42:32 clock_gettime(CLOCK_BOOTTIME, {676839, 64193669}) = 0
22747 05:42:32 clock_gettime(CLOCK_BOOTTIME, {676839, 64243619}) = 0
22747 05:42:32 select(7, [3 4], [3], NULL, NULL) = 1 (out [3])
22747 05:42:32 clock_gettime(CLOCK_BOOTTIME, {676839, 64334803}) = 0
22747 05:42:32 write(3, "!\320\242\314j\243\1\26\276t\270L\5\365\207b\331{f/\374\225\261{Yi\225\304]n\207R"..., 40) = 40
22747 05:42:32 clock_gettime(CLOCK_BOOTTIME, {676839, 64433188}) = 0
22747 05:42:32 clock_gettime(CLOCK_BOOTTIME, {676839, 64474059}) = 0
22747 05:42:32 select(7, [3 4], [], NULL, NULL) = 1 (in [3])
22747 05:42:32 clock_gettime(CLOCK_BOOTTIME, {676839, 66221074}) = 0
22747 05:42:32 read(3, "@h\6\275d\247\325.\324\237\377\206\32U\241+\rS\24\\\2139\302\363;'\234t %\246\324"..., 8192) = 40
22747 05:42:32 clock_gettime(CLOCK_BOOTTIME, {676839, 66312090}) = 0
22747 05:42:32 clock_gettime(CLOCK_BOOTTIME, {676839, 66352738}) = 0
22747 05:42:32 select(7, [3 4], [5], NULL, NULL) = 1 (out [5])
22747 05:42:32 clock_gettime(CLOCK_BOOTTIME, {676839, 66438380}) = 0
22747 05:42:32 write(5, "e", 1)         = 1
22747 05:42:32 clock_gettime(CLOCK_BOOTTIME, {676839, 66556906}) = 0
22747 05:42:32 clock_gettime(CLOCK_BOOTTIME, {676839, 66597951}) = 0
22747 05:42:32 select(7, [3 4], [], NULL, NULL) = 1 (in [4])
22747 05:42:32 clock_gettime(CLOCK_BOOTTIME, {676839, 336739647}) = 0
22747 05:42:32 read(4, "x", 16384)      = 1
22747 05:42:32 clock_gettime(CLOCK_BOOTTIME, {676839, 336854287}) = 0
22747 05:42:32 clock_gettime(CLOCK_BOOTTIME, {676839, 336894917}) = 0
22747 05:42:32 select(7, [3 4], [3], NULL, NULL) = 1 (out [3])
22747 05:42:32 clock_gettime(CLOCK_BOOTTIME, {676839, 336981965}) = 0
22747 05:42:32 write(3, "\270\343OES\240{\210\226\364\356\257\317Vy\2\1\5/\3269\\t\25=p\225\343\265\3646\352"..., 40) = 40
22747 05:42:32 clock_gettime(CLOCK_BOOTTIME, {676839, 337085308}) = 0
22747 05:42:32 clock_gettime(CLOCK_BOOTTIME, {676839, 337136269}) = 0
22747 05:42:32 select(7, [3 4], [], NULL, NULL) = 1 (in [3])
22747 05:42:32 clock_gettime(CLOCK_BOOTTIME, {676839, 339225193}) = 0
22747 05:42:32 read(3, "\377vp\352\204\271\313\203\2347\256\307\346\343/\230*:T\337\fX\1\n\272\37\256v\320\227\242\364"..., 8192) = 40
22747 05:42:32 clock_gettime(CLOCK_BOOTTIME, {676839, 339317528}) = 0
22747 05:42:32 clock_gettime(CLOCK_BOOTTIME, {676839, 339359637}) = 0
22747 05:42:32 select(7, [3 4], [5], NULL, NULL) = 1 (out [5])
22747 05:42:32 clock_gettime(CLOCK_BOOTTIME, {676839, 339449165}) = 0
22747 05:42:32 write(5, "x", 1)         = 1
22747 05:42:32 clock_gettime(CLOCK_BOOTTIME, {676839, 339553876}) = 0
22747 05:42:32 clock_gettime(CLOCK_BOOTTIME, {676839, 339596334}) = 0
22747 05:42:32 select(7, [3 4], [], NULL, NULL) = 1 (in [4])
22747 05:42:32 clock_gettime(CLOCK_BOOTTIME, {676839, 440345982}) = 0
22747 05:42:32 read(4, "i", 16384)      = 1
22747 05:42:32 clock_gettime(CLOCK_BOOTTIME, {676839, 440441408}) = 0
22747 05:42:32 clock_gettime(CLOCK_BOOTTIME, {676839, 440483217}) = 0
22747 05:42:32 select(7, [3 4], [3], NULL, NULL) = 1 (out [3])
22747 05:42:32 clock_gettime(CLOCK_BOOTTIME, {676839, 440572254}) = 0
22747 05:42:32 write(3, "\2ai\3439K\303B\30J\31sA\256\273\342*\334\20.%\366\32\376,\273\217XO\277r\217"..., 40) = 40
22747 05:42:32 clock_gettime(CLOCK_BOOTTIME, {676839, 440668730}) = 0
22747 05:42:32 clock_gettime(CLOCK_BOOTTIME, {676839, 440709969}) = 0
22747 05:42:32 select(7, [3 4], [], NULL, NULL) = 1 (in [3])
22747 05:42:32 clock_gettime(CLOCK_BOOTTIME, {676839, 442218917}) = 0
22747 05:42:32 read(3, "&\217\333\22\200o\245\321r\206E\2\272\374\344)\343\352\223zxL\233\31\234\210\266\374*\260\257?"..., 8192) = 40
22747 05:42:32 clock_gettime(CLOCK_BOOTTIME, {676839, 442309596}) = 0
22747 05:42:32 clock_gettime(CLOCK_BOOTTIME, {676839, 442350991}) = 0
22747 05:42:32 select(7, [3 4], [5], NULL, NULL) = 1 (out [5])
22747 05:42:32 clock_gettime(CLOCK_BOOTTIME, {676839, 442439054}) = 0
22747 05:42:32 write(5, "i", 1)         = 1
22747 05:42:32 clock_gettime(CLOCK_BOOTTIME, {676839, 442553558}) = 0
22747 05:42:32 clock_gettime(CLOCK_BOOTTIME, {676839, 442596162}) = 0
22747 05:42:32 select(7, [3 4], [], NULL, NULL) = 1 (in [4])
22747 05:42:33 clock_gettime(CLOCK_BOOTTIME, {676839, 613868023}) = 0
22747 05:42:33 read(4, "t", 16384)      = 1
22747 05:42:33 clock_gettime(CLOCK_BOOTTIME, {676839, 613932687}) = 0
22747 05:42:33 clock_gettime(CLOCK_BOOTTIME, {676839, 613956824}) = 0
22747 05:42:33 select(7, [3 4], [3], NULL, NULL) = 1 (out [3])
22747 05:42:33 clock_gettime(CLOCK_BOOTTIME, {676839, 614068956}) = 0
22747 05:42:33 write(3, ".;KN\325).M\314\275:\213\2519\324\222^p\31=~\264\234J\230\356n\0\354\322\3\326"..., 40) = 40
22747 05:42:33 clock_gettime(CLOCK_BOOTTIME, {676839, 614165923}) = 0
22747 05:42:33 clock_gettime(CLOCK_BOOTTIME, {676839, 614189961}) = 0
22747 05:42:33 select(7, [3 4], [], NULL, NULL) = 1 (in [3])
22747 05:42:33 clock_gettime(CLOCK_BOOTTIME, {676839, 623863305}) = 0
22747 05:42:33 read(3, "\271\263;|U#\225\312\377\220X?\332k\21i\347\32E\210\247\204\256\4?0H6m\204?\5"..., 8192) = 40
22747 05:42:33 clock_gettime(CLOCK_BOOTTIME, {676839, 623998928}) = 0
22747 05:42:33 clock_gettime(CLOCK_BOOTTIME, {676839, 624060664}) = 0
22747 05:42:33 select(7, [3 4], [5], NULL, NULL) = 1 (out [5])
22747 05:42:33 clock_gettime(CLOCK_BOOTTIME, {676839, 624193202}) = 0
22747 05:42:33 write(5, "t", 1)         = 1
22747 05:42:33 clock_gettime(CLOCK_BOOTTIME, {676839, 624318090}) = 0
22747 05:42:33 clock_gettime(CLOCK_BOOTTIME, {676839, 624371266}) = 0
22747 05:42:33 select(7, [3 4], [], NULL, NULL) = 1 (in [4])
22747 05:42:33 clock_gettime(CLOCK_BOOTTIME, {676839, 704805240}) = 0
22747 05:42:33 read(4, "\r", 16384)     = 1
22747 05:42:33 clock_gettime(CLOCK_BOOTTIME, {676839, 704923227}) = 0
22747 05:42:33 clock_gettime(CLOCK_BOOTTIME, {676839, 704965518}) = 0
22747 05:42:33 select(7, [3 4], [3], NULL, NULL) = 1 (out [3])
22747 05:42:33 clock_gettime(CLOCK_BOOTTIME, {676839, 705077010}) = 0
22747 05:42:33 write(3, "2f\2328\352\2\31\357$\244\325\270\352\312\3656\200\36\37\364\315\342\33\250\275+[|\276C\213\354"..., 40) = 40
22747 05:42:33 clock_gettime(CLOCK_BOOTTIME, {676839, 705174134}) = 0
22747 05:42:33 clock_gettime(CLOCK_BOOTTIME, {676839, 705216429}) = 0
22747 05:42:33 select(7, [3 4], [], NULL, NULL) = 1 (in [3])
22747 05:42:33 clock_gettime(CLOCK_BOOTTIME, {676839, 710793041}) = 0
22747 05:42:33 read(3, "\244\230e\31\300[\251J]\26\2457\275\1\326\35\5\370\262\22\364x\266l\3476\f\335\243c\213:"..., 8192) = 200
22747 05:42:33 close(4)                 = 0
22747 05:42:33 clock_gettime(CLOCK_BOOTTIME, {676839, 710934217}) = 0
22747 05:42:33 clock_gettime(CLOCK_BOOTTIME, {676839, 710974825}) = 0
22747 05:42:33 select(7, [3], [5], NULL, NULL) = 1 (out [5])
22747 05:42:33 clock_gettime(CLOCK_BOOTTIME, {676839, 711072623}) = 0
22747 05:42:33 write(5, "\r\nlogout\r\n", 10) = 10
22747 05:42:33 clock_gettime(CLOCK_BOOTTIME, {676839, 711191754}) = 0
22747 05:42:33 clock_gettime(CLOCK_BOOTTIME, {676839, 711233781}) = 0
22747 05:42:33 close(5)                 = 0
22747 05:42:33 ioctl(0, SNDCTL_TMR_STOP or TCSETSW, {B38400 opost isig icanon echo ...}) = 0
22747 05:42:33 close(6)                 = 0
22747 05:42:33 select(7, [3], [3], NULL, NULL) = 1 (out [3])
22747 05:42:33 clock_gettime(CLOCK_BOOTTIME, {676839, 711472878}) = 0
22747 05:42:33 write(3, "\212#\37\350\225\230+#\336Zf\276\21\314h\234`\341\300\254\10\202\253*", 24) = 24
22747 05:42:33 rt_sigaction(SIGWINCH, NULL, {0x55e0295b6c50, [], SA_RESTORER, 0x7ff7a25ba270}, 8) = 0
22747 05:42:33 rt_sigaction(SIGWINCH, {SIG_DFL, [], SA_RESTORER, 0x7ff7a25ba270}, NULL, 8) = 0
22747 05:42:33 write(3, "Cp\261\263(K\244M\31\273p\353\257\356D_\363E\1^\256\301t\364\275\272K\371\37Y\\\360"..., 56) = 56
22747 05:42:33 ioctl(0, TCGETS, {B38400 opost isig icanon echo ...}) = 0
22747 05:42:33 ioctl(1, TCGETS, {B38400 opost isig icanon echo ...}) = 0
22747 05:42:33 ioctl(2, TCGETS, {B38400 opost isig icanon echo ...}) = 0
22747 05:42:33 write(2, "Connection to 10.5.0.208 closed."..., 34) = 34
22747 05:42:33 shutdown(3, SHUT_RDWR)   = 0
22747 05:42:33 close(3)                 = 0
22747 05:42:33 exit_group(0)            = ?
22747 05:42:33 +++ exited with 0 +++
