24107 09:45:49 select(4, [3], NULL, NULL, NULL) = 1 (in [3])
24107 09:45:49 read(3, "\0\0\3\274\n!\0\0\1\25\0\0\0\7ssh-rsa\0\0\0\1#\0\0\1\1\0\264"..., 8192) = 976
24107 09:45:49 open("/root/.ssh/known_hosts", O_RDONLY) = 4
24107 09:45:49 fstat(4, {st_mode=S_IFREG|0644, st_size=1177, ...}) = 0
24107 09:45:49 mmap(NULL, 4096, PROT_READ|PROT_WRITE, MAP_PRIVATE|MAP_ANONYMOUS, -1, 0) = 0x7fba1be23000
24107 09:45:49 read(4, "172.19.0.36 ssh-rsa AAAAB3NzaC1y"..., 4096) = 1177
24107 09:45:49 read(4, "", 4096)        = 0
24107 09:45:49 close(4)                 = 0
24107 09:45:49 munmap(0x7fba1be23000, 4096) = 0
24107 09:45:49 open("/root/.ssh/known_hosts2", O_RDONLY) = -1 ENOENT (No such file or directory)
24107 09:45:49 open("/usr/local/openssh/etc/ssh_known_hosts", O_RDONLY) = -1 ENOENT (No such file or directory)
24107 09:45:49 open("/usr/local/openssh/etc/ssh_known_hosts2", O_RDONLY) = -1 ENOENT (No such file or directory)
24107 09:45:49 clock_gettime(CLOCK_BOOTTIME, {605036, 163620334}) = 0
24107 09:45:49 write(3, "\0\0\0\f\n\25\0\0\0\0\0\0\0\0\0\0", 16) = 16
24107 09:45:49 write(3, "k*\346\6\241$gH\375\2\270\200\313\23\275p\20'\246\315\213\n\227\333\264\361\353\272\32s\27."..., 40) = 40
24107 09:45:49 select(4, [3], NULL, NULL, NULL) = 1 (in [3])
24107 09:45:49 read(3, "\355\237`*\275xx\375\235\220\311\372C\330\250\310\304\266\243\346$\v\335h\237x\2KS$\373;"..., 8192) = 40
24107 09:45:49 write(3, "\367\311>F\0\334X\4\253\371Z\306b\276\n\355&\321\333\21`\30/\17\264\223_\355\266\357\334\177"..., 56) = 56
24107 09:45:49 select(4, [3], NULL, NULL, NULL) = 1 (in [3])
24107 09:45:49 read(3, "ijx\362\375G\31\204*\2766\274\302>\322\210\345\254l\301K\240\364\246Co&\tF\254:\4"..., 8192) = 72
24107 09:45:49 stat("/root/.ssh/id_rsa", 0x7ffe3eeeb8a0) = -1 ENOENT (No such file or directory)
24107 09:45:49 stat("/root/.ssh/id_dsa", 0x7ffe3eeeb8a0) = -1 ENOENT (No such file or directory)
24107 09:45:49 stat("/root/.ssh/id_ecdsa", 0x7ffe3eeeb8a0) = -1 ENOENT (No such file or directory)
24107 09:45:49 stat("/root/.ssh/id_ed25519", 0x7ffe3eeeb8a0) = -1 ENOENT (No such file or directory)
24107 09:45:49 open("/dev/tty", O_RDWR) = 4
24107 09:45:49 close(4)                 = 0
24107 09:45:49 open("/dev/tty", O_RDWR) = 4
24107 09:45:49 ioctl(4, TCGETS, {B38400 opost isig icanon echo ...}) = 0
24107 09:45:49 ioctl(4, SNDCTL_TMR_CONTINUE or TCSETSF, {B38400 opost isig icanon -echo ...}) = 0
24107 09:45:49 rt_sigaction(SIGALRM, {0x56022e83f0d0, [], SA_RESTORER, 0x7fba1a9a8270}, {SIG_DFL, [], 0}, 8) = 0
24107 09:45:49 rt_sigaction(SIGHUP, {0x56022e83f0d0, [], SA_RESTORER, 0x7fba1a9a8270}, {SIG_DFL, [], 0}, 8) = 0
24107 09:45:49 rt_sigaction(SIGINT, {0x56022e83f0d0, [], SA_RESTORER, 0x7fba1a9a8270}, {SIG_DFL, [], 0}, 8) = 0
24107 09:45:49 rt_sigaction(SIGPIPE, {0x56022e83f0d0, [], SA_RESTORER, 0x7fba1a9a8270}, {SIG_IGN, [], SA_RESTORER, 0x7fba1a9a8270}, 8) = 0
24107 09:45:49 rt_sigaction(SIGQUIT, {0x56022e83f0d0, [], SA_RESTORER, 0x7fba1a9a8270}, {SIG_DFL, [], 0}, 8) = 0
24107 09:45:49 rt_sigaction(SIGTERM, {0x56022e83f0d0, [], SA_RESTORER, 0x7fba1a9a8270}, {SIG_DFL, [], 0}, 8) = 0
24107 09:45:49 rt_sigaction(SIGTSTP, {0x56022e83f0d0, [], SA_RESTORER, 0x7fba1a9a8270}, {SIG_DFL, [], 0}, 8) = 0
24107 09:45:49 rt_sigaction(SIGTTIN, {0x56022e83f0d0, [], SA_RESTORER, 0x7fba1a9a8270}, {SIG_DFL, [], 0}, 8) = 0
24107 09:45:49 rt_sigaction(SIGTTOU, {0x56022e83f0d0, [], SA_RESTORER, 0x7fba1a9a8270}, {SIG_DFL, [], 0}, 8) = 0
24107 09:45:49 write(4, "root@10.5.0.208's password: ", 28) = 28
24107 09:45:49 read(4, "y", 1)          = 1
24107 09:45:49 read(4, "o", 1)          = 1
24107 09:45:49 read(4, "t", 1)          = 1
24107 09:45:49 read(4, "p", 1)          = 1
24107 09:45:49 read(4, "4", 1)          = 1
24107 09:45:49 read(4, "o", 1)          = 1
24107 09:45:49 read(4, "z", 1)          = 1
24107 09:45:49 read(4, "A", 1)          = 1
24107 09:45:49 read(4, "c", 1)          = 1
24107 09:45:49 read(4, "C", 1)          = 1
24107 09:45:49 read(4, "=", 1)          = 1
24107 09:45:49 read(4, "b", 1)          = 1
24107 09:45:49 read(4, "~", 1)          = 1
24107 09:45:49 read(4, "V", 1)          = 1
24107 09:45:49 read(4, "4", 1)          = 1
24107 09:45:49 read(4, "K", 1)          = 1
24107 09:45:49 read(4, "G", 1)          = 1
24107 09:45:49 read(4, "V", 1)          = 1
24107 09:45:49 read(4, "/", 1)          = 1
24107 09:45:49 read(4, "s", 1)          = 1
24107 09:45:49 read(4, "\n", 1)         = 1
24107 09:45:49 write(4, "\n", 1)        = 1
24107 09:45:49 ioctl(4, SNDCTL_TMR_CONTINUE or TCSETSF, {B38400 opost isig icanon echo ...}) = 0
24107 09:45:49 rt_sigaction(SIGALRM, {SIG_DFL, [], SA_RESTORER, 0x7fba1a9a8270}, NULL, 8) = 0
24107 09:45:49 rt_sigaction(SIGHUP, {SIG_DFL, [], SA_RESTORER, 0x7fba1a9a8270}, NULL, 8) = 0
24107 09:45:49 rt_sigaction(SIGINT, {SIG_DFL, [], SA_RESTORER, 0x7fba1a9a8270}, NULL, 8) = 0
24107 09:45:49 rt_sigaction(SIGQUIT, {SIG_DFL, [], SA_RESTORER, 0x7fba1a9a8270}, NULL, 8) = 0
24107 09:45:49 rt_sigaction(SIGPIPE, {SIG_IGN, [], SA_RESTORER, 0x7fba1a9a8270}, NULL, 8) = 0
24107 09:45:49 rt_sigaction(SIGTERM, {SIG_DFL, [], SA_RESTORER, 0x7fba1a9a8270}, NULL, 8) = 0
24107 09:45:49 rt_sigaction(SIGTSTP, {SIG_DFL, [], SA_RESTORER, 0x7fba1a9a8270}, NULL, 8) = 0
24107 09:45:49 rt_sigaction(SIGTTIN, {SIG_DFL, [], SA_RESTORER, 0x7fba1a9a8270}, NULL, 8) = 0
24107 09:45:49 rt_sigaction(SIGTTOU, {SIG_DFL, [], SA_RESTORER, 0x7fba1a9a8270}, NULL, 8) = 0
24107 09:45:49 close(4)                 = 0
24107 09:45:49 write(3, "\216\335/\255z|\24l\4\264\311-\230\332:\323b\217\260&\254M\314\301\n\270\357\334^Z\253o"..., 136) = 136
24107 09:45:49 select(4, [3], NULL, NULL, NULL) = 1 (in [3])
24107 09:45:49 read(3, "\212h\257p\344\363)c\205bGC\376@\302\271\237\310\235g\226\345\305\377", 8192) = 24
24107 09:45:49 dup(0)                   = 4
24107 09:45:49 dup(1)                   = 5
24107 09:45:49 dup(2)                   = 6
24107 09:45:49 ioctl(4, TCGETS, {B38400 opost isig icanon echo ...}) = 0
24107 09:45:49 ioctl(5, TCGETS, {B38400 opost isig icanon echo ...}) = 0
24107 09:45:49 ioctl(6, TCGETS, {B38400 opost isig icanon echo ...}) = 0
24107 09:45:49 fcntl(4, F_SETFD, FD_CLOEXEC) = 0
24107 09:45:49 fcntl(5, F_SETFD, FD_CLOEXEC) = 0
24107 09:45:49 fcntl(6, F_SETFD, FD_CLOEXEC) = 0
24107 09:45:49 rt_sigaction(SIGHUP, NULL, {SIG_DFL, [], SA_RESTORER, 0x7fba1a9a8270}, 8) = 0
24107 09:45:49 rt_sigaction(SIGHUP, {SIG_IGN, [], SA_RESTORER, 0x7fba1a9a8270}, NULL, 8) = 0
24107 09:45:49 rt_sigaction(SIGHUP, NULL, {SIG_IGN, [], SA_RESTORER, 0x7fba1a9a8270}, 8) = 0
24107 09:45:49 rt_sigaction(SIGHUP, {0x56022e7e79f0, [], SA_RESTORER, 0x7fba1a9a8270}, NULL, 8) = 0
24107 09:45:49 rt_sigaction(SIGINT, NULL, {SIG_DFL, [], SA_RESTORER, 0x7fba1a9a8270}, 8) = 0
24107 09:45:49 rt_sigaction(SIGINT, {SIG_IGN, [], SA_RESTORER, 0x7fba1a9a8270}, NULL, 8) = 0
24107 09:45:49 rt_sigaction(SIGINT, NULL, {SIG_IGN, [], SA_RESTORER, 0x7fba1a9a8270}, 8) = 0
24107 09:45:49 rt_sigaction(SIGINT, {0x56022e7e79f0, [], SA_RESTORER, 0x7fba1a9a8270}, NULL, 8) = 0
24107 09:45:49 rt_sigaction(SIGQUIT, NULL, {SIG_DFL, [], SA_RESTORER, 0x7fba1a9a8270}, 8) = 0
24107 09:45:49 rt_sigaction(SIGQUIT, {SIG_IGN, [], SA_RESTORER, 0x7fba1a9a8270}, NULL, 8) = 0
24107 09:45:49 rt_sigaction(SIGQUIT, NULL, {SIG_IGN, [], SA_RESTORER, 0x7fba1a9a8270}, 8) = 0
24107 09:45:49 rt_sigaction(SIGQUIT, {0x56022e7e79f0, [], SA_RESTORER, 0x7fba1a9a8270}, NULL, 8) = 0
24107 09:45:49 rt_sigaction(SIGTERM, NULL, {SIG_DFL, [], SA_RESTORER, 0x7fba1a9a8270}, 8) = 0
24107 09:45:49 rt_sigaction(SIGTERM, {SIG_IGN, [], SA_RESTORER, 0x7fba1a9a8270}, NULL, 8) = 0
24107 09:45:49 rt_sigaction(SIGTERM, NULL, {SIG_IGN, [], SA_RESTORER, 0x7fba1a9a8270}, 8) = 0
24107 09:45:49 rt_sigaction(SIGTERM, {0x56022e7e79f0, [], SA_RESTORER, 0x7fba1a9a8270}, NULL, 8) = 0
24107 09:45:49 rt_sigaction(SIGWINCH, NULL, {SIG_DFL, [], 0}, 8) = 0
24107 09:45:49 rt_sigaction(SIGWINCH, {0x56022e7e7c80, [], SA_RESTORER, 0x7fba1a9a8270}, NULL, 8) = 0
24107 09:45:49 ioctl(0, TCGETS, {B38400 opost isig icanon echo ...}) = 0
24107 09:45:49 ioctl(0, SNDCTL_TMR_STOP or TCSETSW, {B38400 -opost -isig -icanon -echo ...}) = 0
24107 09:45:49 clock_gettime(CLOCK_BOOTTIME, {605036, 238182201}) = 0
24107 09:45:49 clock_gettime(CLOCK_BOOTTIME, {605036, 238230121}) = 0
24107 09:45:49 select(7, [3], [3], NULL, NULL) = 1 (out [3])
24107 09:45:49 clock_gettime(CLOCK_BOOTTIME, {605036, 238314611}) = 0
24107 09:45:49 write(3, "\246\370\270\1775\320h\236\233E\30\212\367O%\353\366g\frG\312\332\"`\276\376\324\264}\340S"..., 112) = 112
24107 09:45:49 clock_gettime(CLOCK_BOOTTIME, {605036, 238408449}) = 0
24107 09:45:49 clock_gettime(CLOCK_BOOTTIME, {605036, 238447359}) = 0
24107 09:45:49 select(7, [3], [], NULL, NULL) = 1 (in [3])
24107 09:45:49 clock_gettime(CLOCK_BOOTTIME, {605036, 243143462}) = 0
24107 09:45:49 read(3, "Q\222F\347\351\5\377a8\203Q5M\332\272Y\273\276%\344\347<\325\377\226\364\370\342\254{\373y"..., 8192) = 40
24107 09:45:49 getsockopt(3, SOL_TCP, TCP_NODELAY, [0], [4]) = 0
24107 09:45:49 setsockopt(3, SOL_TCP, TCP_NODELAY, [1], 4) = 0
24107 09:45:49 getsockname(3, {sa_family=AF_INET, sin_port=htons(53710), sin_addr=inet_addr("10.5.0.222")}, [16]) = 0
24107 09:45:49 setsockopt(3, SOL_IP, IP_TOS, [16], 4) = 0
24107 09:45:49 ioctl(0, TIOCGWINSZ, {ws_row=45, ws_col=132, ws_xpixel=0, ws_ypixel=0}) = 0
24107 09:45:49 clock_gettime(CLOCK_BOOTTIME, {605036, 243466632}) = 0
24107 09:45:49 clock_gettime(CLOCK_BOOTTIME, {605036, 243505354}) = 0
24107 09:45:49 select(7, [3], [3], NULL, NULL) = 1 (out [3])
24107 09:45:49 clock_gettime(CLOCK_BOOTTIME, {605036, 243603930}) = 0
24107 09:45:49 write(3, "6~\267\211Ix}\325%\7\376D\5'\350\22nj>H\220s\265[\261\0323Y\256\315%\313"..., 368) = 368
24107 09:45:49 clock_gettime(CLOCK_BOOTTIME, {605036, 243691748}) = 0
24107 09:45:49 clock_gettime(CLOCK_BOOTTIME, {605036, 243730499}) = 0
24107 09:45:49 select(7, [3], [], NULL, NULL) = 1 (in [3])
24107 09:45:49 clock_gettime(CLOCK_BOOTTIME, {605036, 244295510}) = 0
24107 09:45:49 read(3, "\312\242\341\224inNdwa!&y\337\223Jw\365M9\33Q\244\26I1\200\265`\257\363\305"..., 8192) = 88
24107 09:45:49 clock_gettime(CLOCK_BOOTTIME, {605036, 244447143}) = 0
24107 09:45:49 clock_gettime(CLOCK_BOOTTIME, {605036, 244630368}) = 0
24107 09:45:49 select(7, [3 4], [], NULL, NULL) = 1 (in [3])
24107 09:45:49 clock_gettime(CLOCK_BOOTTIME, {605036, 248727097}) = 0
24107 09:45:49 read(3, "\3351@\213=\255Y\235\4\254\7\306a\252\5'\331\230\255\17T\255)M\362)\225\7[\270\363\263"..., 8192) = 152
24107 09:45:49 clock_gettime(CLOCK_BOOTTIME, {605036, 248816720}) = 0
24107 09:45:49 clock_gettime(CLOCK_BOOTTIME, {605036, 248855022}) = 0
24107 09:45:49 select(7, [3 4], [5], NULL, NULL) = 1 (out [5])
24107 09:45:49 clock_gettime(CLOCK_BOOTTIME, {605036, 248936708}) = 0
24107 09:45:49 write(5, "Last login: Thu Jun 21 17:44:14 "..., 111) = 111
24107 09:45:49 clock_gettime(CLOCK_BOOTTIME, {605036, 249066415}) = 0
24107 09:45:49 clock_gettime(CLOCK_BOOTTIME, {605036, 249105734}) = 0
24107 09:45:49 select(7, [3 4], [], NULL, NULL) = 1 (in [3])
24107 09:45:49 clock_gettime(CLOCK_BOOTTIME, {605036, 266011503}) = 0
24107 09:45:49 read(3, "/\323\343\333\313\337\223~\343\215\262\301\374\374\306Vh\257\342\240*%\374\263U@gV\260\213\363v"..., 8192) = 56
24107 09:45:49 clock_gettime(CLOCK_BOOTTIME, {605036, 266102487}) = 0
24107 09:45:49 clock_gettime(CLOCK_BOOTTIME, {605036, 266149673}) = 0
24107 09:45:49 select(7, [3 4], [5], NULL, NULL) = 1 (out [5])
24107 09:45:49 clock_gettime(CLOCK_BOOTTIME, {605036, 266234459}) = 0
24107 09:45:49 write(5, "[root@ali-p2p-h5-1 ~]# ", 23) = 23
24107 09:45:49 clock_gettime(CLOCK_BOOTTIME, {605036, 266335017}) = 0
24107 09:45:49 clock_gettime(CLOCK_BOOTTIME, {605036, 266378191}) = 0
24107 09:45:49 select(7, [3 4], [], NULL, NULL) = 1 (in [4])
24107 09:45:50 clock_gettime(CLOCK_BOOTTIME, {605037, 266463628}) = 0
24107 09:45:50 read(4, "\r", 16384)     = 1
24107 09:45:50 clock_gettime(CLOCK_BOOTTIME, {605037, 266586262}) = 0
24107 09:45:50 clock_gettime(CLOCK_BOOTTIME, {605037, 266762146}) = 0
24107 09:45:50 select(7, [3 4], [3], NULL, NULL) = 1 (out [3])
24107 09:45:50 clock_gettime(CLOCK_BOOTTIME, {605037, 266824419}) = 0
24107 09:45:50 write(3, "5\31\f\0066\250\331\370\342mT\6\374\250\32~\303\253\271\\MTM\307\204Zd\273W\237\206\267"..., 40) = 40
24107 09:45:50 clock_gettime(CLOCK_BOOTTIME, {605037, 266894326}) = 0
24107 09:45:50 clock_gettime(CLOCK_BOOTTIME, {605037, 266914843}) = 0
24107 09:45:50 select(7, [3 4], [], NULL, NULL) = 1 (in [3])
24107 09:45:50 clock_gettime(CLOCK_BOOTTIME, {605037, 269146277}) = 0
24107 09:45:50 read(3, "\373\271\374)\237\255\31\217lq\2226\34\366\275\353 \206.V\252\325\243\311:\305\344\204\250\316\232\326"..., 8192) = 40
24107 09:45:50 clock_gettime(CLOCK_BOOTTIME, {605037, 269241459}) = 0
24107 09:45:50 clock_gettime(CLOCK_BOOTTIME, {605037, 269283001}) = 0
24107 09:45:50 select(7, [3 4], [5], NULL, NULL) = 1 (out [5])
24107 09:45:50 clock_gettime(CLOCK_BOOTTIME, {605037, 269374366}) = 0
24107 09:45:50 write(5, "\r\n", 2)      = 2
24107 09:45:50 clock_gettime(CLOCK_BOOTTIME, {605037, 269493284}) = 0
24107 09:45:50 clock_gettime(CLOCK_BOOTTIME, {605037, 269533810}) = 0
24107 09:45:50 select(7, [3 4], [], NULL, NULL) = 1 (in [3])
24107 09:45:50 clock_gettime(CLOCK_BOOTTIME, {605037, 272992477}) = 0
24107 09:45:50 read(3, "{\34kMU\3554\2017\244\22\10\347\361Q;\34\352\215\20.5\360\0)+\220\244R\304\360\263"..., 8192) = 56
24107 09:45:50 clock_gettime(CLOCK_BOOTTIME, {605037, 273091214}) = 0
24107 09:45:50 clock_gettime(CLOCK_BOOTTIME, {605037, 273132942}) = 0
24107 09:45:50 select(7, [3 4], [5], NULL, NULL) = 1 (out [5])
24107 09:45:50 clock_gettime(CLOCK_BOOTTIME, {605037, 273221488}) = 0
24107 09:45:50 write(5, "[root@ali-p2p-h5-1 ~]# ", 23) = 23
24107 09:45:50 clock_gettime(CLOCK_BOOTTIME, {605037, 273332321}) = 0
24107 09:45:50 clock_gettime(CLOCK_BOOTTIME, {605037, 273374610}) = 0
24107 09:45:50 select(7, [3 4], [], NULL, NULL) = 1 (in [4])
24107 09:45:50 clock_gettime(CLOCK_BOOTTIME, {605037, 478871827}) = 0
24107 09:45:50 read(4, "\r", 16384)     = 1
24107 09:45:50 clock_gettime(CLOCK_BOOTTIME, {605037, 478976599}) = 0
24107 09:45:50 clock_gettime(CLOCK_BOOTTIME, {605037, 479023700}) = 0
24107 09:45:50 select(7, [3 4], [3], NULL, NULL) = 1 (out [3])
24107 09:45:50 clock_gettime(CLOCK_BOOTTIME, {605037, 479114012}) = 0
24107 09:45:50 write(3, "!e\203p\277\230\355\252\17\265\2^\331\254\354c\255\343\321\210\343c\323HPl\\$)&\347b"..., 40) = 40
24107 09:45:50 clock_gettime(CLOCK_BOOTTIME, {605037, 479210928}) = 0
24107 09:45:50 clock_gettime(CLOCK_BOOTTIME, {605037, 479253413}) = 0
24107 09:45:50 select(7, [3 4], [], NULL, NULL) = 1 (in [3])
24107 09:45:50 clock_gettime(CLOCK_BOOTTIME, {605037, 481021855}) = 0
24107 09:45:50 read(3, "\323\7\313\315\221\274.\313\360\271&\37H\261\267\10p\260z\211\314.yg\223\300\307M\3170\314,"..., 8192) = 40
24107 09:45:50 clock_gettime(CLOCK_BOOTTIME, {605037, 481115376}) = 0
24107 09:45:50 clock_gettime(CLOCK_BOOTTIME, {605037, 481157750}) = 0
24107 09:45:50 select(7, [3 4], [5], NULL, NULL) = 1 (out [5])
24107 09:45:50 clock_gettime(CLOCK_BOOTTIME, {605037, 481248148}) = 0
24107 09:45:50 write(5, "\r\n", 2)      = 2
24107 09:45:50 clock_gettime(CLOCK_BOOTTIME, {605037, 481364636}) = 0
24107 09:45:50 clock_gettime(CLOCK_BOOTTIME, {605037, 481413962}) = 0
24107 09:45:50 select(7, [3 4], [], NULL, NULL) = 1 (in [3])
24107 09:45:50 clock_gettime(CLOCK_BOOTTIME, {605037, 485749437}) = 0
24107 09:45:50 read(3, "\333$ds\331W\324\217\305\300\277\237f\274]4\330\226W\255~\332\350\212|\372\2036\271\210I\251"..., 8192) = 56
24107 09:45:50 clock_gettime(CLOCK_BOOTTIME, {605037, 485839127}) = 0
24107 09:45:50 clock_gettime(CLOCK_BOOTTIME, {605037, 485880677}) = 0
24107 09:45:50 select(7, [3 4], [5], NULL, NULL) = 1 (out [5])
24107 09:45:50 clock_gettime(CLOCK_BOOTTIME, {605037, 485968853}) = 0
24107 09:45:50 write(5, "[root@ali-p2p-h5-1 ~]# ", 23) = 23
24107 09:45:50 clock_gettime(CLOCK_BOOTTIME, {605037, 486090218}) = 0
24107 09:45:50 clock_gettime(CLOCK_BOOTTIME, {605037, 486132636}) = 0
24107 09:45:50 select(7, [3 4], [], NULL, NULL) = 1 (in [4])
24107 09:45:51 clock_gettime(CLOCK_BOOTTIME, {605037, 626395154}) = 0
24107 09:45:51 read(4, "\r", 16384)     = 1
24107 09:45:51 clock_gettime(CLOCK_BOOTTIME, {605037, 626544399}) = 0
24107 09:45:51 clock_gettime(CLOCK_BOOTTIME, {605037, 626585783}) = 0
24107 09:45:51 select(7, [3 4], [3], NULL, NULL) = 1 (out [3])
24107 09:45:51 clock_gettime(CLOCK_BOOTTIME, {605037, 626685042}) = 0
24107 09:45:51 write(3, "\203X9\":8k\260\202\374\350;j\10B\t|=\234\224\370\24n\232 \332\327\\Nv\23\202"..., 40) = 40
24107 09:45:51 clock_gettime(CLOCK_BOOTTIME, {605037, 626780773}) = 0
24107 09:45:51 clock_gettime(CLOCK_BOOTTIME, {605037, 626821923}) = 0
24107 09:45:51 select(7, [3 4], [], NULL, NULL) = 1 (in [3])
24107 09:45:51 clock_gettime(CLOCK_BOOTTIME, {605037, 628751036}) = 0
24107 09:45:51 read(3, "gI\221\272\23Z\311\277\20\247?\302G\30\271\366}b]X\255\360\216\363{\243Zz\311\377\30\227"..., 8192) = 40
24107 09:45:51 clock_gettime(CLOCK_BOOTTIME, {605037, 628839609}) = 0
24107 09:45:51 clock_gettime(CLOCK_BOOTTIME, {605037, 628881341}) = 0
24107 09:45:51 select(7, [3 4], [5], NULL, NULL) = 1 (out [5])
24107 09:45:51 clock_gettime(CLOCK_BOOTTIME, {605037, 628969404}) = 0
24107 09:45:51 write(5, "\r\n", 2)      = 2
24107 09:45:51 clock_gettime(CLOCK_BOOTTIME, {605037, 629118941}) = 0
24107 09:45:51 clock_gettime(CLOCK_BOOTTIME, {605037, 629161242}) = 0
24107 09:45:51 select(7, [3 4], [], NULL, NULL) = 1 (in [3])
24107 09:45:51 clock_gettime(CLOCK_BOOTTIME, {605037, 633986608}) = 0
24107 09:45:51 read(3, "\320\3656\5\250D\302\367\343\231j2.\346\365\207w\261\25\323F|\211\"\215\252\212J:[m\32"..., 8192) = 56
24107 09:45:51 clock_gettime(CLOCK_BOOTTIME, {605037, 634090761}) = 0
24107 09:45:51 clock_gettime(CLOCK_BOOTTIME, {605037, 634132359}) = 0
24107 09:45:51 select(7, [3 4], [5], NULL, NULL) = 1 (out [5])
24107 09:45:51 clock_gettime(CLOCK_BOOTTIME, {605037, 634222533}) = 0
24107 09:45:51 write(5, "[root@ali-p2p-h5-1 ~]# ", 23) = 23
24107 09:45:51 clock_gettime(CLOCK_BOOTTIME, {605037, 634334823}) = 0
24107 09:45:51 clock_gettime(CLOCK_BOOTTIME, {605037, 634385022}) = 0
24107 09:45:51 select(7, [3 4], [], NULL, NULL) = 1 (in [4])
24107 09:45:54 clock_gettime(CLOCK_BOOTTIME, {605041, 87569715}) = 0
24107 09:45:54 read(4, "i", 16384)      = 1
24107 09:45:54 clock_gettime(CLOCK_BOOTTIME, {605041, 87715631}) = 0
24107 09:45:54 clock_gettime(CLOCK_BOOTTIME, {605041, 87758959}) = 0
24107 09:45:54 select(7, [3 4], [3], NULL, NULL) = 1 (out [3])
24107 09:45:54 clock_gettime(CLOCK_BOOTTIME, {605041, 87850600}) = 0
24107 09:45:54 write(3, "\374K<\6\24l\330\200\213\fTz\331k\200\366cZ\332\332Q^/\214vr\226\37\213\tb "..., 40) = 40
24107 09:45:54 clock_gettime(CLOCK_BOOTTIME, {605041, 87959496}) = 0
24107 09:45:54 clock_gettime(CLOCK_BOOTTIME, {605041, 88007447}) = 0
24107 09:45:54 select(7, [3 4], [], NULL, NULL) = 1 (in [3])
24107 09:45:54 clock_gettime(CLOCK_BOOTTIME, {605041, 90047780}) = 0
24107 09:45:54 read(3, "1\325\233\367\221%6S[\0306\241HC\212\332\223\223\243\320\315\330\274\227\325\374B+\351\206\202\t"..., 8192) = 40
24107 09:45:54 clock_gettime(CLOCK_BOOTTIME, {605041, 90145510}) = 0
24107 09:45:54 clock_gettime(CLOCK_BOOTTIME, {605041, 90187649}) = 0
24107 09:45:54 select(7, [3 4], [5], NULL, NULL) = 1 (out [5])
24107 09:45:54 clock_gettime(CLOCK_BOOTTIME, {605041, 90278035}) = 0
24107 09:45:54 write(5, "i", 1)         = 1
24107 09:45:54 clock_gettime(CLOCK_BOOTTIME, {605041, 90419020}) = 0
24107 09:45:54 clock_gettime(CLOCK_BOOTTIME, {605041, 90461041}) = 0
24107 09:45:54 select(7, [3 4], [], NULL, NULL) = 1 (in [4])
24107 09:45:54 clock_gettime(CLOCK_BOOTTIME, {605041, 210658623}) = 0
24107 09:45:54 read(4, "f", 16384)      = 1
24107 09:45:54 clock_gettime(CLOCK_BOOTTIME, {605041, 210783192}) = 0
24107 09:45:54 clock_gettime(CLOCK_BOOTTIME, {605041, 210825207}) = 0
24107 09:45:54 select(7, [3 4], [3], NULL, NULL) = 1 (out [3])
24107 09:45:54 clock_gettime(CLOCK_BOOTTIME, {605041, 210917381}) = 0
24107 09:45:54 write(3, "_\206\200G\241\251\253)\207\276\346H\203\34<\2216\301\2765\253\376\206\316h\367O\244\350ZAe"..., 40) = 40
24107 09:45:54 clock_gettime(CLOCK_BOOTTIME, {605041, 211024991}) = 0
24107 09:45:54 clock_gettime(CLOCK_BOOTTIME, {605041, 211066778}) = 0
24107 09:45:54 select(7, [3 4], [], NULL, NULL) = 1 (in [3])
24107 09:45:54 clock_gettime(CLOCK_BOOTTIME, {605041, 212983122}) = 0
24107 09:45:54 read(3, "\263\362\1,\202\221\306t\24\337\333\364\315<&\350\254\344\217R\v\315^W\314\313\301\221\246f\300\v"..., 8192) = 40
24107 09:45:54 clock_gettime(CLOCK_BOOTTIME, {605041, 213094225}) = 0
24107 09:45:54 clock_gettime(CLOCK_BOOTTIME, {605041, 213136153}) = 0
24107 09:45:54 select(7, [3 4], [5], NULL, NULL) = 1 (out [5])
24107 09:45:54 clock_gettime(CLOCK_BOOTTIME, {605041, 213225872}) = 0
24107 09:45:54 write(5, "f", 1)         = 1
24107 09:45:54 clock_gettime(CLOCK_BOOTTIME, {605041, 213334560}) = 0
24107 09:45:54 clock_gettime(CLOCK_BOOTTIME, {605041, 213386075}) = 0
24107 09:45:54 select(7, [3 4], [], NULL, NULL) = 1 (in [4])
24107 09:45:54 clock_gettime(CLOCK_BOOTTIME, {605041, 426843737}) = 0
24107 09:45:54 read(4, "c", 16384)      = 1
24107 09:45:54 clock_gettime(CLOCK_BOOTTIME, {605041, 426942681}) = 0
24107 09:45:54 clock_gettime(CLOCK_BOOTTIME, {605041, 426983752}) = 0
24107 09:45:54 select(7, [3 4], [3], NULL, NULL) = 1 (out [3])
24107 09:45:54 clock_gettime(CLOCK_BOOTTIME, {605041, 427078261}) = 0
24107 09:45:54 write(3, "\3501\213|\333e\213J\10\311\222h\24\177\360rn\270\0.\371:\264\347)\f\322\3714\374\273 "..., 40) = 40
24107 09:45:54 clock_gettime(CLOCK_BOOTTIME, {605041, 427171721}) = 0
24107 09:45:54 clock_gettime(CLOCK_BOOTTIME, {605041, 427212485}) = 0
24107 09:45:54 select(7, [3 4], [], NULL, NULL) = 1 (in [3])
24107 09:45:54 clock_gettime(CLOCK_BOOTTIME, {605041, 428993504}) = 0
24107 09:45:54 read(3, "r.\271\317A\266\254\3704\277W\360\331$v\304pW,$\336\270\23\32\306\327\261\350\247>i\276"..., 8192) = 40
24107 09:45:54 clock_gettime(CLOCK_BOOTTIME, {605041, 429092693}) = 0
24107 09:45:54 clock_gettime(CLOCK_BOOTTIME, {605041, 429132943}) = 0
24107 09:45:54 select(7, [3 4], [5], NULL, NULL) = 1 (out [5])
24107 09:45:54 clock_gettime(CLOCK_BOOTTIME, {605041, 429221068}) = 0
24107 09:45:54 write(5, "c", 1)         = 1
24107 09:45:54 clock_gettime(CLOCK_BOOTTIME, {605041, 429334057}) = 0
24107 09:45:54 clock_gettime(CLOCK_BOOTTIME, {605041, 429385339}) = 0
24107 09:45:54 select(7, [3 4], [], NULL, NULL) = 1 (in [4])
24107 09:45:54 clock_gettime(CLOCK_BOOTTIME, {605041, 502025146}) = 0
24107 09:45:54 read(4, "o", 16384)      = 1
24107 09:45:54 clock_gettime(CLOCK_BOOTTIME, {605041, 502119266}) = 0
24107 09:45:54 clock_gettime(CLOCK_BOOTTIME, {605041, 502160057}) = 0
24107 09:45:54 select(7, [3 4], [3], NULL, NULL) = 1 (out [3])
24107 09:45:54 clock_gettime(CLOCK_BOOTTIME, {605041, 502248205}) = 0
24107 09:45:54 write(3, "\357F\v$\237j\307\303\341,\2672\355\341@h\260\317i \3009\\~\255;S?dcc["..., 40) = 40
24107 09:45:54 clock_gettime(CLOCK_BOOTTIME, {605041, 502340876}) = 0
24107 09:45:54 clock_gettime(CLOCK_BOOTTIME, {605041, 502389317}) = 0
24107 09:45:54 select(7, [3 4], [], NULL, NULL) = 1 (in [3])
24107 09:45:54 clock_gettime(CLOCK_BOOTTIME, {605041, 503985937}) = 0
24107 09:45:54 read(3, "9\257\364\31\355\257I\257\17\226\342\355C\34\327\232\23+|-\273\377k\365\224\366\n9\34\261\360!"..., 8192) = 40
24107 09:45:54 clock_gettime(CLOCK_BOOTTIME, {605041, 504084376}) = 0
24107 09:45:54 clock_gettime(CLOCK_BOOTTIME, {605041, 504124485}) = 0
24107 09:45:54 select(7, [3 4], [5], NULL, NULL) = 1 (out [5])
24107 09:45:54 clock_gettime(CLOCK_BOOTTIME, {605041, 504211734}) = 0
24107 09:45:54 write(5, "o", 1)         = 1
24107 09:45:54 clock_gettime(CLOCK_BOOTTIME, {605041, 504324746}) = 0
24107 09:45:54 clock_gettime(CLOCK_BOOTTIME, {605041, 504365287}) = 0
24107 09:45:54 select(7, [3 4], [], NULL, NULL) = 1 (in [4])
24107 09:45:55 clock_gettime(CLOCK_BOOTTIME, {605041, 612490788}) = 0
24107 09:45:55 read(4, "n", 16384)      = 1
24107 09:45:55 clock_gettime(CLOCK_BOOTTIME, {605041, 612601670}) = 0
24107 09:45:55 clock_gettime(CLOCK_BOOTTIME, {605041, 612652389}) = 0
24107 09:45:55 select(7, [3 4], [3], NULL, NULL) = 1 (out [3])
24107 09:45:55 clock_gettime(CLOCK_BOOTTIME, {605041, 612740651}) = 0
24107 09:45:55 write(3, "\276:\275\320\312\21\203H&cv\345\207\223R\375\302\226\301;n\213~\223\265\261\255_\355m\256."..., 40) = 40
24107 09:45:55 clock_gettime(CLOCK_BOOTTIME, {605041, 612835172}) = 0
24107 09:45:55 clock_gettime(CLOCK_BOOTTIME, {605041, 612888109}) = 0
24107 09:45:55 select(7, [3 4], [], NULL, NULL) = 1 (in [3])
24107 09:45:55 clock_gettime(CLOCK_BOOTTIME, {605041, 614991269}) = 0
24107 09:45:55 read(3, "|\367\333c\332u\20\273\323\347Ou\313\32\307U\273\31\314(lt*>\3050\247n\351\204s\232"..., 8192) = 40
24107 09:45:55 clock_gettime(CLOCK_BOOTTIME, {605041, 615090923}) = 0
24107 09:45:55 clock_gettime(CLOCK_BOOTTIME, {605041, 615132389}) = 0
24107 09:45:55 select(7, [3 4], [5], NULL, NULL) = 1 (out [5])
24107 09:45:55 clock_gettime(CLOCK_BOOTTIME, {605041, 615221575}) = 0
24107 09:45:55 write(5, "n", 1)         = 1
24107 09:45:55 clock_gettime(CLOCK_BOOTTIME, {605041, 615335128}) = 0
24107 09:45:55 clock_gettime(CLOCK_BOOTTIME, {605041, 615384368}) = 0
24107 09:45:55 select(7, [3 4], [], NULL, NULL) = 1 (in [4])
24107 09:45:55 clock_gettime(CLOCK_BOOTTIME, {605041, 730694815}) = 0
24107 09:45:55 read(4, "f", 16384)      = 1
24107 09:45:55 clock_gettime(CLOCK_BOOTTIME, {605041, 730787602}) = 0
24107 09:45:55 clock_gettime(CLOCK_BOOTTIME, {605041, 730828433}) = 0
24107 09:45:55 select(7, [3 4], [3], NULL, NULL) = 1 (out [3])
24107 09:45:55 clock_gettime(CLOCK_BOOTTIME, {605041, 730914077}) = 0
24107 09:45:55 write(3, "\273\343C\207\220H\213r\0\305\265z\4v\305-\320r\245U\213\17:\216\267\253#\272\257w.\316"..., 40) = 40
24107 09:45:55 clock_gettime(CLOCK_BOOTTIME, {605041, 731009562}) = 0
24107 09:45:55 clock_gettime(CLOCK_BOOTTIME, {605041, 731053894}) = 0
24107 09:45:55 select(7, [3 4], [], NULL, NULL) = 1 (in [3])
24107 09:45:55 clock_gettime(CLOCK_BOOTTIME, {605041, 732984096}) = 0
24107 09:45:55 read(3, "\325Z\366jTFi4X\206z^\216v\315\256\37dV\245\rO\221L\365\t\300A\206\177\7\332"..., 8192) = 40
24107 09:45:55 clock_gettime(CLOCK_BOOTTIME, {605041, 733079195}) = 0
24107 09:45:55 clock_gettime(CLOCK_BOOTTIME, {605041, 733119248}) = 0
24107 09:45:55 select(7, [3 4], [5], NULL, NULL) = 1 (out [5])
24107 09:45:55 clock_gettime(CLOCK_BOOTTIME, {605041, 733205596}) = 0
24107 09:45:55 write(5, "f", 1)         = 1
24107 09:45:55 clock_gettime(CLOCK_BOOTTIME, {605041, 733316306}) = 0
24107 09:45:55 clock_gettime(CLOCK_BOOTTIME, {605041, 733356621}) = 0
24107 09:45:55 select(7, [3 4], [], NULL, NULL) = 1 (in [4])
24107 09:45:55 clock_gettime(CLOCK_BOOTTIME, {605041, 817644828}) = 0
24107 09:45:55 read(4, "i", 16384)      = 1
24107 09:45:55 clock_gettime(CLOCK_BOOTTIME, {605041, 817747854}) = 0
24107 09:45:55 clock_gettime(CLOCK_BOOTTIME, {605041, 817788170}) = 0
24107 09:45:55 select(7, [3 4], [3], NULL, NULL) = 1 (out [3])
24107 09:45:55 clock_gettime(CLOCK_BOOTTIME, {605041, 817874678}) = 0
24107 09:45:55 write(3, "\365\315\352\310\242a\265}\376\277\354\346U'\235sVu\23Azb\6y\314\361\324\311`\217\375:"..., 40) = 40
24107 09:45:55 clock_gettime(CLOCK_BOOTTIME, {605041, 817965705}) = 0
24107 09:45:55 clock_gettime(CLOCK_BOOTTIME, {605041, 818010500}) = 0
24107 09:45:55 select(7, [3 4], [], NULL, NULL) = 1 (in [3])
24107 09:45:55 clock_gettime(CLOCK_BOOTTIME, {605041, 819985987}) = 0
24107 09:45:55 read(3, "\236)E1\3\373\364\305\203K\346\3625p\363U\346\"\213\353\356\303\327|\245y\302\354\25s\321\346"..., 8192) = 40
24107 09:45:55 clock_gettime(CLOCK_BOOTTIME, {605041, 820079731}) = 0
24107 09:45:55 clock_gettime(CLOCK_BOOTTIME, {605041, 820119420}) = 0
24107 09:45:55 select(7, [3 4], [5], NULL, NULL) = 1 (out [5])
24107 09:45:55 clock_gettime(CLOCK_BOOTTIME, {605041, 820205570}) = 0
24107 09:45:55 write(5, "i", 1)         = 1
24107 09:45:55 clock_gettime(CLOCK_BOOTTIME, {605041, 820316604}) = 0
24107 09:45:55 clock_gettime(CLOCK_BOOTTIME, {605041, 820357699}) = 0
24107 09:45:55 select(7, [3 4], [], NULL, NULL) = 1 (in [4])
24107 09:45:55 clock_gettime(CLOCK_BOOTTIME, {605041, 961707072}) = 0
24107 09:45:55 read(4, "g", 16384)      = 1
24107 09:45:55 clock_gettime(CLOCK_BOOTTIME, {605041, 961810262}) = 0
24107 09:45:55 clock_gettime(CLOCK_BOOTTIME, {605041, 961852249}) = 0
24107 09:45:55 select(7, [3 4], [3], NULL, NULL) = 1 (out [3])
24107 09:45:55 clock_gettime(CLOCK_BOOTTIME, {605041, 961940275}) = 0
24107 09:45:55 write(3, "\334_6\266\334\211\372\3251\365\234\f\25\273\315\311\325\344\250Bk<z\224\243\205\263\16\226\224'\30"..., 40) = 40
24107 09:45:55 clock_gettime(CLOCK_BOOTTIME, {605041, 962062860}) = 0
24107 09:45:55 clock_gettime(CLOCK_BOOTTIME, {605041, 962104940}) = 0
24107 09:45:55 select(7, [3 4], [], NULL, NULL) = 1 (in [3])
24107 09:45:55 clock_gettime(CLOCK_BOOTTIME, {605041, 964009650}) = 0
24107 09:45:55 read(3, "^\332cA)\261\253)d[\200\v\334\250\237s\204\352\307\207\360\241\230\360\324\32\211\210I\336\375L"..., 8192) = 40
24107 09:45:55 clock_gettime(CLOCK_BOOTTIME, {605041, 964105744}) = 0
24107 09:45:55 clock_gettime(CLOCK_BOOTTIME, {605041, 964148097}) = 0
24107 09:45:55 select(7, [3 4], [5], NULL, NULL) = 1 (out [5])
24107 09:45:55 clock_gettime(CLOCK_BOOTTIME, {605041, 964237528}) = 0
24107 09:45:55 write(5, "g", 1)         = 1
24107 09:45:55 clock_gettime(CLOCK_BOOTTIME, {605041, 964353144}) = 0
24107 09:45:55 clock_gettime(CLOCK_BOOTTIME, {605041, 964408265}) = 0
24107 09:45:55 select(7, [3 4], [], NULL, NULL) = 1 (in [4])
24107 09:45:55 clock_gettime(CLOCK_BOOTTIME, {605042, 26221940}) = 0
24107 09:45:55 read(4, "\r", 16384)     = 1
24107 09:45:55 clock_gettime(CLOCK_BOOTTIME, {605042, 26340724}) = 0
24107 09:45:55 clock_gettime(CLOCK_BOOTTIME, {605042, 26388920}) = 0
24107 09:45:55 select(7, [3 4], [3], NULL, NULL) = 1 (out [3])
24107 09:45:55 clock_gettime(CLOCK_BOOTTIME, {605042, 26476093}) = 0
24107 09:45:55 write(3, "\243\2!?\v\200\22\344\327\340\24\266\204\7\207MQ\205\27\03641\304\21H\204\20\267a\331\0\202"..., 40) = 40
24107 09:45:55 clock_gettime(CLOCK_BOOTTIME, {605042, 26568374}) = 0
24107 09:45:55 clock_gettime(CLOCK_BOOTTIME, {605042, 26608086}) = 0
24107 09:45:55 select(7, [3 4], [], NULL, NULL) = 1 (in [3])
24107 09:45:55 clock_gettime(CLOCK_BOOTTIME, {605042, 29018979}) = 0
24107 09:45:55 read(3, "\212\231\271\37?\\i\222\261\34L\304'\211\310\232\32\20Q\335\322%V\270\261\215b|\0319@M"..., 8192) = 40
24107 09:45:55 clock_gettime(CLOCK_BOOTTIME, {605042, 29112498}) = 0
24107 09:45:55 clock_gettime(CLOCK_BOOTTIME, {605042, 29155004}) = 0
24107 09:45:55 select(7, [3 4], [5], NULL, NULL) = 1 (out [5])
24107 09:45:55 clock_gettime(CLOCK_BOOTTIME, {605042, 29244049}) = 0
24107 09:45:55 write(5, "\r\n", 2)      = 2
24107 09:45:55 clock_gettime(CLOCK_BOOTTIME, {605042, 29359107}) = 0
24107 09:45:55 clock_gettime(CLOCK_BOOTTIME, {605042, 29406808}) = 0
24107 09:45:55 select(7, [3 4], [], NULL, NULL) = 1 (in [3])
24107 09:45:55 clock_gettime(CLOCK_BOOTTIME, {605042, 29992730}) = 0
24107 09:45:55 read(3, "\340Omc\5\\\305\366Q+\224~\4\1 \3050H\222\344<\333c/\301\241C\25;<\352r"..., 8192) = 872
24107 09:45:55 clock_gettime(CLOCK_BOOTTIME, {605042, 30104397}) = 0
24107 09:45:55 clock_gettime(CLOCK_BOOTTIME, {605042, 30146535}) = 0
24107 09:45:55 select(7, [3 4], [5], NULL, NULL) = 1 (out [5])
24107 09:45:55 clock_gettime(CLOCK_BOOTTIME, {605042, 30236372}) = 0
24107 09:45:55 write(5, "eth0      Link encap:Ethernet  H"..., 836) = 836
24107 09:45:55 clock_gettime(CLOCK_BOOTTIME, {605042, 30354198}) = 0
24107 09:45:55 clock_gettime(CLOCK_BOOTTIME, {605042, 30402277}) = 0
24107 09:45:55 select(7, [3 4], [], NULL, NULL) = 1 (in [3])
24107 09:45:55 clock_gettime(CLOCK_BOOTTIME, {605042, 34733567}) = 0
24107 09:45:55 read(3, "\230\352\210r\346\23\26-\242\240n\234^)UH\237I\222\v\356M@\363\311\232t8\225\356p\34"..., 8192) = 56
24107 09:45:55 clock_gettime(CLOCK_BOOTTIME, {605042, 34822339}) = 0
24107 09:45:55 clock_gettime(CLOCK_BOOTTIME, {605042, 34862463}) = 0
24107 09:45:55 select(7, [3 4], [5], NULL, NULL) = 1 (out [5])
24107 09:45:55 clock_gettime(CLOCK_BOOTTIME, {605042, 34950262}) = 0
24107 09:45:55 write(5, "[root@ali-p2p-h5-1 ~]# ", 23) = 23
24107 09:45:55 clock_gettime(CLOCK_BOOTTIME, {605042, 35039255}) = 0
24107 09:45:55 clock_gettime(CLOCK_BOOTTIME, {605042, 35080957}) = 0
24107 09:45:55 select(7, [3 4], [], NULL, NULL) = 1 (in [4])
24107 09:45:56 clock_gettime(CLOCK_BOOTTIME, {605043, 254769887}) = 0
24107 09:45:56 read(4, "e", 16384)      = 1
24107 09:45:56 clock_gettime(CLOCK_BOOTTIME, {605043, 254878871}) = 0
24107 09:45:56 clock_gettime(CLOCK_BOOTTIME, {605043, 254931623}) = 0
24107 09:45:56 select(7, [3 4], [3], NULL, NULL) = 1 (out [3])
24107 09:45:56 clock_gettime(CLOCK_BOOTTIME, {605043, 255033848}) = 0
24107 09:45:56 write(3, "\204\356\307\275\341\363\2000w\35s\356\251N\0245F\225\0\334\217\21\254\346TnZ$\303Ss\336"..., 40) = 40
24107 09:45:56 clock_gettime(CLOCK_BOOTTIME, {605043, 255133777}) = 0
24107 09:45:56 clock_gettime(CLOCK_BOOTTIME, {605043, 255174796}) = 0
24107 09:45:56 select(7, [3 4], [], NULL, NULL) = 1 (in [3])
24107 09:45:56 clock_gettime(CLOCK_BOOTTIME, {605043, 256740107}) = 0
24107 09:45:56 read(3, "\256\2s\225\301q\353\334\344\340\365#\320-l\340kC\16*\202b\204\177W=\20\20\7\331&\3"..., 8192) = 40
24107 09:45:56 clock_gettime(CLOCK_BOOTTIME, {605043, 256833309}) = 0
24107 09:45:56 clock_gettime(CLOCK_BOOTTIME, {605043, 256874020}) = 0
24107 09:45:56 select(7, [3 4], [5], NULL, NULL) = 1 (out [5])
24107 09:45:56 clock_gettime(CLOCK_BOOTTIME, {605043, 256961565}) = 0
24107 09:45:56 write(5, "e", 1)         = 1
24107 09:45:56 clock_gettime(CLOCK_BOOTTIME, {605043, 257075195}) = 0
24107 09:45:56 clock_gettime(CLOCK_BOOTTIME, {605043, 257117258}) = 0
24107 09:45:56 select(7, [3 4], [], NULL, NULL) = 1 (in [4])
24107 09:45:56 clock_gettime(CLOCK_BOOTTIME, {605043, 585582110}) = 0
24107 09:45:56 read(4, "x", 16384)      = 1
24107 09:45:56 clock_gettime(CLOCK_BOOTTIME, {605043, 585693013}) = 0
24107 09:45:56 clock_gettime(CLOCK_BOOTTIME, {605043, 585735219}) = 0
24107 09:45:56 select(7, [3 4], [3], NULL, NULL) = 1 (out [3])
24107 09:45:56 clock_gettime(CLOCK_BOOTTIME, {605043, 585826222}) = 0
24107 09:45:56 write(3, "c0\3670f\fR\352K)\201\1(\377\266\375\263\4\342\203\232Gn\0\230%P\241\r\364r\343"..., 40) = 40
24107 09:45:56 clock_gettime(CLOCK_BOOTTIME, {605043, 585924266}) = 0
24107 09:45:56 clock_gettime(CLOCK_BOOTTIME, {605043, 585966166}) = 0
24107 09:45:56 select(7, [3 4], [], NULL, NULL) = 1 (in [3])
24107 09:45:56 clock_gettime(CLOCK_BOOTTIME, {605043, 587760629}) = 0
24107 09:45:56 read(3, "\333~\327CT\"G\v\230\217\206\200`1\2046\r\213\355\377\177/\t\331\350 \34\322\201H\3732"..., 8192) = 40
24107 09:45:56 clock_gettime(CLOCK_BOOTTIME, {605043, 587851973}) = 0
24107 09:45:56 clock_gettime(CLOCK_BOOTTIME, {605043, 587892787}) = 0
24107 09:45:56 select(7, [3 4], [5], NULL, NULL) = 1 (out [5])
24107 09:45:56 clock_gettime(CLOCK_BOOTTIME, {605043, 587953198}) = 0
24107 09:45:56 write(5, "x", 1)         = 1
24107 09:45:56 clock_gettime(CLOCK_BOOTTIME, {605043, 588089533}) = 0
24107 09:45:56 clock_gettime(CLOCK_BOOTTIME, {605043, 588131358}) = 0
24107 09:45:56 select(7, [3 4], [], NULL, NULL) = 1 (in [4])
24107 09:45:58 clock_gettime(CLOCK_BOOTTIME, {605044, 674145255}) = 0
24107 09:45:58 read(4, "i", 16384)      = 1
24107 09:45:58 clock_gettime(CLOCK_BOOTTIME, {605044, 674260781}) = 0
24107 09:45:58 clock_gettime(CLOCK_BOOTTIME, {605044, 674303881}) = 0
24107 09:45:58 select(7, [3 4], [3], NULL, NULL) = 1 (out [3])
24107 09:45:58 clock_gettime(CLOCK_BOOTTIME, {605044, 674404848}) = 0
24107 09:45:58 write(3, "\3510S|j\20<\347\233\327\24\r\250\343Pj\f\234\5\204C\313\373A\353\2068\206O\274\254\4"..., 40) = 40
24107 09:45:58 clock_gettime(CLOCK_BOOTTIME, {605044, 674503888}) = 0
24107 09:45:58 clock_gettime(CLOCK_BOOTTIME, {605044, 674546094}) = 0
24107 09:45:58 select(7, [3 4], [], NULL, NULL) = 1 (in [3])
24107 09:45:58 clock_gettime(CLOCK_BOOTTIME, {605044, 675750072}) = 0
24107 09:45:58 read(3, "\254[r\200%.6*H\217l\33\245\0\177\277\t\26R@\257\233\223g\352\20\262^\327\223r0"..., 8192) = 40
24107 09:45:58 clock_gettime(CLOCK_BOOTTIME, {605044, 675846091}) = 0
24107 09:45:58 clock_gettime(CLOCK_BOOTTIME, {605044, 675887757}) = 0
24107 09:45:58 select(7, [3 4], [5], NULL, NULL) = 1 (out [5])
24107 09:45:58 clock_gettime(CLOCK_BOOTTIME, {605044, 675976802}) = 0
24107 09:45:58 write(5, "i", 1)         = 1
24107 09:45:58 clock_gettime(CLOCK_BOOTTIME, {605044, 676110755}) = 0
24107 09:45:58 clock_gettime(CLOCK_BOOTTIME, {605044, 676154388}) = 0
24107 09:45:58 select(7, [3 4], [], NULL, NULL) = 1 (in [4])
24107 09:45:58 clock_gettime(CLOCK_BOOTTIME, {605044, 980509411}) = 0
24107 09:45:58 read(4, "t", 16384)      = 1
24107 09:45:58 clock_gettime(CLOCK_BOOTTIME, {605044, 980625577}) = 0
24107 09:45:58 clock_gettime(CLOCK_BOOTTIME, {605044, 980667174}) = 0
24107 09:45:58 select(7, [3 4], [3], NULL, NULL) = 1 (out [3])
24107 09:45:58 clock_gettime(CLOCK_BOOTTIME, {605044, 980758133}) = 0
24107 09:45:58 write(3, "\374\371\27\37H\364\360\10S\r\247\303\216\262\270t\304T\377\t\265\0369H:\215B\306\6\320\1{"..., 40) = 40
24107 09:45:58 clock_gettime(CLOCK_BOOTTIME, {605044, 980854034}) = 0
24107 09:45:58 clock_gettime(CLOCK_BOOTTIME, {605044, 980896684}) = 0
24107 09:45:58 select(7, [3 4], [], NULL, NULL) = 1 (in [3])
24107 09:45:58 clock_gettime(CLOCK_BOOTTIME, {605044, 982745050}) = 0
24107 09:45:58 read(3, "\243\351\25\324\33c\263\36\352\274\372W\320\206I\0059D\272)B\334\vl\227.{YP6`\315"..., 8192) = 40
24107 09:45:58 clock_gettime(CLOCK_BOOTTIME, {605044, 982834756}) = 0
24107 09:45:58 clock_gettime(CLOCK_BOOTTIME, {605044, 982875586}) = 0
24107 09:45:58 select(7, [3 4], [5], NULL, NULL) = 1 (out [5])
24107 09:45:58 clock_gettime(CLOCK_BOOTTIME, {605044, 982962774}) = 0
24107 09:45:58 write(5, "t", 1)         = 1
24107 09:45:58 clock_gettime(CLOCK_BOOTTIME, {605044, 983086573}) = 0
24107 09:45:58 clock_gettime(CLOCK_BOOTTIME, {605044, 983130668}) = 0
24107 09:45:58 select(7, [3 4], [], NULL, NULL) = 1 (in [4])
24107 09:46:02 clock_gettime(CLOCK_BOOTTIME, {605049, 133849250}) = 0
24107 09:46:02 read(4, "\r", 16384)     = 1
24107 09:46:02 clock_gettime(CLOCK_BOOTTIME, {605049, 133990049}) = 0
24107 09:46:02 clock_gettime(CLOCK_BOOTTIME, {605049, 134044722}) = 0
24107 09:46:02 select(7, [3 4], [3], NULL, NULL) = 1 (out [3])
24107 09:46:02 clock_gettime(CLOCK_BOOTTIME, {605049, 134138010}) = 0
24107 09:46:02 write(3, "&\265\226\377T\321+\nO\203 \307H\306\232&\361\340\27\2\257\2352\27X\34st}\255\351."..., 40) = 40
24107 09:46:02 clock_gettime(CLOCK_BOOTTIME, {605049, 134247168}) = 0
24107 09:46:02 clock_gettime(CLOCK_BOOTTIME, {605049, 134289688}) = 0
24107 09:46:02 select(7, [3 4], [], NULL, NULL) = 1 (in [3])
24107 09:46:02 clock_gettime(CLOCK_BOOTTIME, {605049, 138472813}) = 0
24107 09:46:02 read(3, "K0\306:L~\7\301\301\26\237\331\"\301\335\310\21\33}U0\370D\246\325B\374\36+M\246\207"..., 8192) = 40
24107 09:46:02 clock_gettime(CLOCK_BOOTTIME, {605049, 138566010}) = 0
24107 09:46:02 clock_gettime(CLOCK_BOOTTIME, {605049, 138607384}) = 0
24107 09:46:02 select(7, [3 4], [5], NULL, NULL) = 2 (in [3], out [5])
24107 09:46:02 clock_gettime(CLOCK_BOOTTIME, {605049, 138703841}) = 0
24107 09:46:02 write(5, "\r\nlogout\r\n", 10) = 10
24107 09:46:02 read(3, "g\362\204~\226\246\275\276\31\346n~T.W\304\320\332\373\226Sv\215\212", 8192) = 24
24107 09:46:02 close(5)                 = 0
24107 09:46:02 clock_gettime(CLOCK_BOOTTIME, {605049, 138919952}) = 0
24107 09:46:02 clock_gettime(CLOCK_BOOTTIME, {605049, 138960622}) = 0
24107 09:46:02 select(7, [3 4], [], NULL, NULL) = 1 (in [3])
24107 09:46:02 clock_gettime(CLOCK_BOOTTIME, {605049, 142350967}) = 0
24107 09:46:02 read(3, "2\343\224H-g\226\30\331\336\310\305\370(T\177\243\366\306\231X\270\35;\212\361\373\372\325\322\362K"..., 8192) = 136
24107 09:46:02 close(4)                 = 0
24107 09:46:02 clock_gettime(CLOCK_BOOTTIME, {605049, 142501131}) = 0
24107 09:46:02 clock_gettime(CLOCK_BOOTTIME, {605049, 142542566}) = 0
24107 09:46:02 ioctl(0, SNDCTL_TMR_STOP or TCSETSW, {B38400 opost isig icanon echo ...}) = 0
24107 09:46:02 close(6)                 = 0
24107 09:46:02 select(7, [3], [3], NULL, NULL) = 1 (out [3])
24107 09:46:02 clock_gettime(CLOCK_BOOTTIME, {605049, 142735198}) = 0
24107 09:46:02 write(3, "\375\"\311\345l\212\2635\27\321\25F\201\334QDe\260\r\207g\4\347\362", 24) = 24
24107 09:46:02 rt_sigaction(SIGWINCH, NULL, {0x56022e7e7c80, [], SA_RESTORER, 0x7fba1a9a8270}, 8) = 0
24107 09:46:02 rt_sigaction(SIGWINCH, {SIG_DFL, [], SA_RESTORER, 0x7fba1a9a8270}, NULL, 8) = 0
24107 09:46:02 write(3, "\30\16\321\va<\351{4~\233u\263|\4\23\270\311Q\3\207l\240\241\362\17\351\272\252\214%S"..., 56) = 56
24107 09:46:02 ioctl(0, TCGETS, {B38400 opost isig icanon echo ...}) = 0
24107 09:46:02 ioctl(1, TCGETS, {B38400 opost isig icanon echo ...}) = 0
24107 09:46:02 ioctl(2, TCGETS, {B38400 opost isig icanon echo ...}) = 0
24107 09:46:02 write(2, "Connection to 10.5.0.208 closed."..., 34) = 34
24107 09:46:02 shutdown(3, SHUT_RDWR)   = 0
24107 09:46:02 close(3)                 = 0
24107 09:46:02 write(1, "random tag:i8eos5qck1", 21) = 21
24107 09:46:02 exit_group(0)            = ?
24107 09:46:02 +++ exited with 0 +++
