22876 05:43:52 select(4, [3], NULL, NULL, NULL) = 1 (in [3])
22876 05:43:52 read(3, "\0\0\3\274\t!\0\0\1\25\0\0\0\7ssh-rsa\0\0\0\1#\0\0\1\1\0\264"..., 8192) = 976
22876 05:43:52 open("/root/.ssh/known_hosts", O_RDONLY) = 4
22876 05:43:52 fstat(4, {st_mode=S_IFREG|0644, st_size=1177, ...}) = 0
22876 05:43:52 mmap(NULL, 4096, PROT_READ|PROT_WRITE, MAP_PRIVATE|MAP_ANONYMOUS, -1, 0) = 0x7ffb04e04000
22876 05:43:52 read(4, "172.19.0.36 ssh-rsa AAAAB3NzaC1y"..., 4096) = 1177
22876 05:43:52 read(4, "", 4096)        = 0
22876 05:43:52 close(4)                 = 0
22876 05:43:52 munmap(0x7ffb04e04000, 4096) = 0
22876 05:43:52 open("/root/.ssh/known_hosts2", O_RDONLY) = -1 ENOENT (No such file or directory)
22876 05:43:52 open("/usr/local/openssh/etc/ssh_known_hosts", O_RDONLY) = -1 ENOENT (No such file or directory)
22876 05:43:52 open("/usr/local/openssh/etc/ssh_known_hosts2", O_RDONLY) = -1 ENOENT (No such file or directory)
22876 05:43:52 clock_gettime(CLOCK_BOOTTIME, {676919, 456488427}) = 0
22876 05:43:52 write(3, "\0\0\0\f\n\25\0\0\0\0\0\0\0\0\0\0", 16) = 16
22876 05:43:52 write(3, "\220\2609\377&\327\217\251\n3\275l\240-j\221V\364\312\230x\277\337\17C...b#}o"..., 40) = 40
22876 05:43:52 select(4, [3], NULL, NULL, NULL) = 1 (in [3])
22876 05:43:52 read(3, "\231\0023\350\216\304\37K\256r\23xCm\335\34UW\305\223\325\362>\225\321f\207\312\215\vv&"..., 8192) = 40
22876 05:43:52 write(3, "\276\221 \t\263\273\341\210\3124\4\266\305\234p\1\223\316\352I\307m\21\201o\310n\304B-\372+"..., 56) = 56
22876 05:43:52 select(4, [3], NULL, NULL, NULL) = 1 (in [3])
22876 05:43:52 read(3, "\247O\304\355u\2434|\224\231,z\206m\275g\363M661\21\215\300\4N\"\v\3606\250c"..., 8192) = 72
22876 05:43:52 stat("/root/.ssh/id_rsa", 0x7fff65ba3970) = -1 ENOENT (No such file or directory)
22876 05:43:52 stat("/root/.ssh/id_dsa", 0x7fff65ba3970) = -1 ENOENT (No such file or directory)
22876 05:43:52 stat("/root/.ssh/id_ecdsa", 0x7fff65ba3970) = -1 ENOENT (No such file or directory)
22876 05:43:52 stat("/root/.ssh/id_ed25519", 0x7fff65ba3970) = -1 ENOENT (No such file or directory)
22876 05:43:52 open("/dev/tty", O_RDWR) = 4
22876 05:43:52 close(4)                 = 0
22876 05:43:52 open("/dev/tty", O_RDWR) = 4
22876 05:43:52 ioctl(4, TCGETS, {B38400 opost isig icanon echo ...}) = 0
22876 05:43:52 ioctl(4, SNDCTL_TMR_CONTINUE or TCSETSF, {B38400 opost isig icanon -echo ...}) = 0
22876 05:43:52 rt_sigaction(SIGALRM, {0x55811f9320a0, [], SA_RESTORER, 0x7ffb03988270}, {SIG_DFL, [], 0}, 8) = 0
22876 05:43:52 rt_sigaction(SIGHUP, {0x55811f9320a0, [], SA_RESTORER, 0x7ffb03988270}, {SIG_DFL, [], 0}, 8) = 0
22876 05:43:52 rt_sigaction(SIGINT, {0x55811f9320a0, [], SA_RESTORER, 0x7ffb03988270}, {SIG_DFL, [], 0}, 8) = 0
22876 05:43:52 rt_sigaction(SIGPIPE, {0x55811f9320a0, [], SA_RESTORER, 0x7ffb03988270}, {SIG_IGN, [], SA_RESTORER, 0x7ffb03988270}, 8) = 0
22876 05:43:52 rt_sigaction(SIGQUIT, {0x55811f9320a0, [], SA_RESTORER, 0x7ffb03988270}, {SIG_DFL, [], 0}, 8) = 0
22876 05:43:52 rt_sigaction(SIGTERM, {0x55811f9320a0, [], SA_RESTORER, 0x7ffb03988270}, {SIG_DFL, [], 0}, 8) = 0
22876 05:43:52 rt_sigaction(SIGTSTP, {0x55811f9320a0, [], SA_RESTORER, 0x7ffb03988270}, {SIG_DFL, [], 0}, 8) = 0
22876 05:43:52 rt_sigaction(SIGTTIN, {0x55811f9320a0, [], SA_RESTORER, 0x7ffb03988270}, {SIG_DFL, [], 0}, 8) = 0
22876 05:43:52 rt_sigaction(SIGTTOU, {0x55811f9320a0, [], SA_RESTORER, 0x7ffb03988270}, {SIG_DFL, [], 0}, 8) = 0
22876 05:43:52 write(4, "root@10.5.0.208's password: ", 28) = 28
22876 05:43:52 read(4, "y", 1)          = 1
22876 05:43:52 read(4, "o", 1)          = 1
22876 05:43:52 read(4, "t", 1)          = 1
22876 05:43:52 read(4, "p", 1)          = 1
22876 05:43:52 read(4, "4", 1)          = 1
22876 05:43:52 read(4, "o", 1)          = 1
22876 05:43:52 read(4, "z", 1)          = 1
22876 05:43:52 read(4, "A", 1)          = 1
22876 05:43:52 read(4, "c", 1)          = 1
22876 05:43:52 read(4, "C", 1)          = 1
22876 05:43:52 read(4, "=", 1)          = 1
22876 05:43:52 read(4, "b", 1)          = 1
22876 05:43:52 read(4, "~", 1)          = 1
22876 05:43:52 read(4, "V", 1)          = 1
22876 05:43:52 read(4, "4", 1)          = 1
22876 05:43:52 read(4, "K", 1)          = 1
22876 05:43:52 read(4, "G", 1)          = 1
22876 05:43:52 read(4, "V", 1)          = 1
22876 05:43:52 read(4, "/", 1)          = 1
22876 05:43:52 read(4, "s", 1)          = 1
22876 05:43:52 read(4, "\n", 1)         = 1
22876 05:43:52 write(4, "\n", 1)        = 1
22876 05:43:52 ioctl(4, SNDCTL_TMR_CONTINUE or TCSETSF, {B38400 opost isig icanon echo ...}) = 0
22876 05:43:52 rt_sigaction(SIGALRM, {SIG_DFL, [], SA_RESTORER, 0x7ffb03988270}, NULL, 8) = 0
22876 05:43:52 rt_sigaction(SIGHUP, {SIG_DFL, [], SA_RESTORER, 0x7ffb03988270}, NULL, 8) = 0
22876 05:43:52 rt_sigaction(SIGINT, {SIG_DFL, [], SA_RESTORER, 0x7ffb03988270}, NULL, 8) = 0
22876 05:43:52 rt_sigaction(SIGQUIT, {SIG_DFL, [], SA_RESTORER, 0x7ffb03988270}, NULL, 8) = 0
22876 05:43:52 rt_sigaction(SIGPIPE, {SIG_IGN, [], SA_RESTORER, 0x7ffb03988270}, NULL, 8) = 0
22876 05:43:52 rt_sigaction(SIGTERM, {SIG_DFL, [], SA_RESTORER, 0x7ffb03988270}, NULL, 8) = 0
22876 05:43:52 rt_sigaction(SIGTSTP, {SIG_DFL, [], SA_RESTORER, 0x7ffb03988270}, NULL, 8) = 0
22876 05:43:52 rt_sigaction(SIGTTIN, {SIG_DFL, [], SA_RESTORER, 0x7ffb03988270}, NULL, 8) = 0
22876 05:43:52 rt_sigaction(SIGTTOU, {SIG_DFL, [], SA_RESTORER, 0x7ffb03988270}, NULL, 8) = 0
22876 05:43:52 close(4)                 = 0
22876 05:43:52 write(3, "Wf\215\252\351F\304\205R7\200\25F\221\201\2408\332\2\304lz(\362\210\275p\16\367'\341\33"..., 136) = 136
22876 05:43:52 select(4, [3], NULL, NULL, NULL) = 1 (in [3])
22876 05:43:52 read(3, "\342\354\234\2739\221-\375!\273C\361\262\344V\v\34\214\356A\30\206\227@", 8192) = 24
22876 05:43:52 dup(0)                   = 4
22876 05:43:52 dup(1)                   = 5
22876 05:43:52 dup(2)                   = 6
22876 05:43:52 ioctl(4, TCGETS, {B38400 opost isig icanon echo ...}) = 0
22876 05:43:52 ioctl(5, TCGETS, {B38400 opost isig icanon echo ...}) = 0
22876 05:43:52 ioctl(6, TCGETS, {B38400 opost isig icanon echo ...}) = 0
22876 05:43:52 fcntl(4, F_SETFD, FD_CLOEXEC) = 0
22876 05:43:52 fcntl(5, F_SETFD, FD_CLOEXEC) = 0
22876 05:43:52 fcntl(6, F_SETFD, FD_CLOEXEC) = 0
22876 05:43:52 rt_sigaction(SIGHUP, NULL, {SIG_DFL, [], SA_RESTORER, 0x7ffb03988270}, 8) = 0
22876 05:43:52 rt_sigaction(SIGHUP, {SIG_IGN, [], SA_RESTORER, 0x7ffb03988270}, NULL, 8) = 0
22876 05:43:52 rt_sigaction(SIGHUP, NULL, {SIG_IGN, [], SA_RESTORER, 0x7ffb03988270}, 8) = 0
22876 05:43:52 rt_sigaction(SIGHUP, {0x55811f8da9c0, [], SA_RESTORER, 0x7ffb03988270}, NULL, 8) = 0
22876 05:43:52 rt_sigaction(SIGINT, NULL, {SIG_DFL, [], SA_RESTORER, 0x7ffb03988270}, 8) = 0
22876 05:43:52 rt_sigaction(SIGINT, {SIG_IGN, [], SA_RESTORER, 0x7ffb03988270}, NULL, 8) = 0
22876 05:43:52 rt_sigaction(SIGINT, NULL, {SIG_IGN, [], SA_RESTORER, 0x7ffb03988270}, 8) = 0
22876 05:43:52 rt_sigaction(SIGINT, {0x55811f8da9c0, [], SA_RESTORER, 0x7ffb03988270}, NULL, 8) = 0
22876 05:43:52 rt_sigaction(SIGQUIT, NULL, {SIG_DFL, [], SA_RESTORER, 0x7ffb03988270}, 8) = 0
22876 05:43:52 rt_sigaction(SIGQUIT, {SIG_IGN, [], SA_RESTORER, 0x7ffb03988270}, NULL, 8) = 0
22876 05:43:52 rt_sigaction(SIGQUIT, NULL, {SIG_IGN, [], SA_RESTORER, 0x7ffb03988270}, 8) = 0
22876 05:43:52 rt_sigaction(SIGQUIT, {0x55811f8da9c0, [], SA_RESTORER, 0x7ffb03988270}, NULL, 8) = 0
22876 05:43:52 rt_sigaction(SIGTERM, NULL, {SIG_DFL, [], SA_RESTORER, 0x7ffb03988270}, 8) = 0
22876 05:43:52 rt_sigaction(SIGTERM, {SIG_IGN, [], SA_RESTORER, 0x7ffb03988270}, NULL, 8) = 0
22876 05:43:52 rt_sigaction(SIGTERM, NULL, {SIG_IGN, [], SA_RESTORER, 0x7ffb03988270}, 8) = 0
22876 05:43:52 rt_sigaction(SIGTERM, {0x55811f8da9c0, [], SA_RESTORER, 0x7ffb03988270}, NULL, 8) = 0
22876 05:43:52 rt_sigaction(SIGWINCH, NULL, {SIG_DFL, [], 0}, 8) = 0
22876 05:43:52 rt_sigaction(SIGWINCH, {0x55811f8dac50, [], SA_RESTORER, 0x7ffb03988270}, NULL, 8) = 0
22876 05:43:52 ioctl(0, TCGETS, {B38400 opost isig icanon echo ...}) = 0
22876 05:43:52 ioctl(0, SNDCTL_TMR_STOP or TCSETSW, {B38400 -opost -isig -icanon -echo ...}) = 0
22876 05:43:52 clock_gettime(CLOCK_BOOTTIME, {676919, 531297267}) = 0
22876 05:43:52 clock_gettime(CLOCK_BOOTTIME, {676919, 531347301}) = 0
22876 05:43:52 select(7, [3], [3], NULL, NULL) = 1 (out [3])
22876 05:43:52 clock_gettime(CLOCK_BOOTTIME, {676919, 531437205}) = 0
22876 05:43:52 write(3, "\"\342\214jM\221Ue>\202\200'\5hr\304y\232\372\331uI(sA\276\377B\324\10\t`"..., 112) = 112
22876 05:43:52 clock_gettime(CLOCK_BOOTTIME, {676919, 531530651}) = 0
22876 05:43:52 clock_gettime(CLOCK_BOOTTIME, {676919, 531572358}) = 0
22876 05:43:52 select(7, [3], [], NULL, NULL) = 1 (in [3])
22876 05:43:52 clock_gettime(CLOCK_BOOTTIME, {676919, 534348870}) = 0
22876 05:43:52 read(3, "qG\301\3517,\310eG\206f\177[\312\36z\341\224\377\2760\1r\2141r\v\321AC\216R"..., 8192) = 40
22876 05:43:52 getsockopt(3, SOL_TCP, TCP_NODELAY, [0], [4]) = 0
22876 05:43:52 setsockopt(3, SOL_TCP, TCP_NODELAY, [1], 4) = 0
22876 05:43:52 getsockname(3, {sa_family=AF_INET, sin_port=htons(53164), sin_addr=inet_addr("10.5.0.222")}, [16]) = 0
22876 05:43:52 setsockopt(3, SOL_IP, IP_TOS, [16], 4) = 0
22876 05:43:52 ioctl(0, TIOCGWINSZ, {ws_row=24, ws_col=147, ws_xpixel=0, ws_ypixel=0}) = 0
22876 05:43:52 clock_gettime(CLOCK_BOOTTIME, {676919, 534685583}) = 0
22876 05:43:52 clock_gettime(CLOCK_BOOTTIME, {676919, 534732665}) = 0
22876 05:43:52 select(7, [3], [3], NULL, NULL) = 1 (out [3])
22876 05:43:52 clock_gettime(CLOCK_BOOTTIME, {676919, 534820338}) = 0
22876 05:43:52 write(3, "\326H\344\24\233\352\337\4\265\330\1G\20\302*\33\277\2350\356Ro\346\vJ\4P\32\37\375L\203"..., 368) = 368
22876 05:43:52 clock_gettime(CLOCK_BOOTTIME, {676919, 534915923}) = 0
22876 05:43:52 clock_gettime(CLOCK_BOOTTIME, {676919, 534955807}) = 0
22876 05:43:52 select(7, [3], [], NULL, NULL) = 1 (in [3])
22876 05:43:52 clock_gettime(CLOCK_BOOTTIME, {676919, 535469213}) = 0
22876 05:43:52 read(3, "\237\230\221\326\322\263\4Rp\251l\274\373MRK\237\215$\n\n\302\244\206{\316\3325\372\340,2"..., 8192) = 88
22876 05:43:52 clock_gettime(CLOCK_BOOTTIME, {676919, 535559835}) = 0
22876 05:43:52 clock_gettime(CLOCK_BOOTTIME, {676919, 535599993}) = 0
22876 05:43:52 select(7, [3 4], [], NULL, NULL) = 1 (in [3])
22876 05:43:52 clock_gettime(CLOCK_BOOTTIME, {676919, 540218205}) = 0
22876 05:43:52 read(3, "k\236\242\315Jx\3157.BG\f0\362\2505P\322\204g~X\231f\365i\345\365IQ@]"..., 8192) = 152
22876 05:43:52 clock_gettime(CLOCK_BOOTTIME, {676919, 540317647}) = 0
22876 05:43:52 clock_gettime(CLOCK_BOOTTIME, {676919, 540358673}) = 0
22876 05:43:52 select(7, [3 4], [5], NULL, NULL) = 1 (out [5])
22876 05:43:52 clock_gettime(CLOCK_BOOTTIME, {676919, 540448688}) = 0
22876 05:43:52 write(5, "Last login: Fri Jun 22 13:42:31 "..., 111) = 111
22876 05:43:52 clock_gettime(CLOCK_BOOTTIME, {676919, 540586727}) = 0
22876 05:43:52 clock_gettime(CLOCK_BOOTTIME, {676919, 540629022}) = 0
22876 05:43:52 select(7, [3 4], [], NULL, NULL) = 1 (in [3])
22876 05:43:52 clock_gettime(CLOCK_BOOTTIME, {676919, 556268005}) = 0
22876 05:43:52 read(3, "d\321\274\253\270\21 \317\\\271&[H\204\221\205\365\31KA\353vt*C\227\211\210w+sn"..., 8192) = 56
22876 05:43:52 clock_gettime(CLOCK_BOOTTIME, {676919, 556383745}) = 0
22876 05:43:52 clock_gettime(CLOCK_BOOTTIME, {676919, 556434961}) = 0
22876 05:43:52 select(7, [3 4], [5], NULL, NULL) = 1 (out [5])
22876 05:43:52 clock_gettime(CLOCK_BOOTTIME, {676919, 556523332}) = 0
22876 05:43:52 write(5, "[root@ali-p2p-h5-1 ~]# ", 23) = 23
22876 05:43:52 clock_gettime(CLOCK_BOOTTIME, {676919, 556636453}) = 0
22876 05:43:52 clock_gettime(CLOCK_BOOTTIME, {676919, 556678841}) = 0
22876 05:43:52 select(7, [3 4], [], NULL, NULL) = 1 (in [4])
22876 05:43:54 clock_gettime(CLOCK_BOOTTIME, {676920, 767703320}) = 0
22876 05:43:54 read(4, "e", 16384)      = 1
22876 05:43:54 clock_gettime(CLOCK_BOOTTIME, {676920, 767899888}) = 0
22876 05:43:54 clock_gettime(CLOCK_BOOTTIME, {676920, 767942773}) = 0
22876 05:43:54 select(7, [3 4], [3], NULL, NULL) = 1 (out [3])
22876 05:43:54 clock_gettime(CLOCK_BOOTTIME, {676920, 768044632}) = 0
22876 05:43:54 write(3, "@$\371\312\3440z\232\226EcF\351&\20k\251X\277`[\n\2.a$\257\333g\330\346\323"..., 40) = 40
22876 05:43:54 clock_gettime(CLOCK_BOOTTIME, {676920, 768152061}) = 0
22876 05:43:54 clock_gettime(CLOCK_BOOTTIME, {676920, 768200050}) = 0
22876 05:43:54 select(7, [3 4], [], NULL, NULL) = 1 (in [3])
22876 05:43:54 clock_gettime(CLOCK_BOOTTIME, {676920, 770231582}) = 0
22876 05:43:54 read(3, "\344\367=\242U\272\257\262\313\36\300\267\320\\\262\35\254EF\25\373\237\256\322\nr\3611\303\4\201\325"..., 8192) = 40
22876 05:43:54 clock_gettime(CLOCK_BOOTTIME, {676920, 770320092}) = 0
22876 05:43:54 clock_gettime(CLOCK_BOOTTIME, {676920, 770359130}) = 0
22876 05:43:54 select(7, [3 4], [5], NULL, NULL) = 1 (out [5])
22876 05:43:54 clock_gettime(CLOCK_BOOTTIME, {676920, 770442959}) = 0
22876 05:43:54 write(5, "e", 1)         = 1
22876 05:43:54 clock_gettime(CLOCK_BOOTTIME, {676920, 770563586}) = 0
22876 05:43:54 clock_gettime(CLOCK_BOOTTIME, {676920, 770602691}) = 0
22876 05:43:54 select(7, [3 4], [], NULL, NULL) = 1 (in [4])
22876 05:43:54 clock_gettime(CLOCK_BOOTTIME, {676921, 63278771}) = 0
22876 05:43:54 read(4, "x", 16384)      = 1
22876 05:43:54 clock_gettime(CLOCK_BOOTTIME, {676921, 63384942}) = 0
22876 05:43:54 clock_gettime(CLOCK_BOOTTIME, {676921, 63426359}) = 0
22876 05:43:54 select(7, [3 4], [3], NULL, NULL) = 1 (out [3])
22876 05:43:54 clock_gettime(CLOCK_BOOTTIME, {676921, 63513930}) = 0
22876 05:43:54 write(3, "\177\353EP\202\265c\244\307\26X>\2\32\326\311\177\260\220\371\213\230>\227\21\273G\227 \274\177m"..., 40) = 40
22876 05:43:54 clock_gettime(CLOCK_BOOTTIME, {676921, 63608491}) = 0
22876 05:43:54 clock_gettime(CLOCK_BOOTTIME, {676921, 63649454}) = 0
22876 05:43:54 select(7, [3 4], [], NULL, NULL) = 1 (in [3])
22876 05:43:54 clock_gettime(CLOCK_BOOTTIME, {676921, 65284868}) = 0
22876 05:43:54 read(3, "`\360AI\20i\336y\31\316pn\363\335=\367\nr\315\355\361\320KP\310\347W\34\327\271~\205"..., 8192) = 40
22876 05:43:54 clock_gettime(CLOCK_BOOTTIME, {676921, 65375900}) = 0
22876 05:43:54 clock_gettime(CLOCK_BOOTTIME, {676921, 65415535}) = 0
22876 05:43:54 select(7, [3 4], [5], NULL, NULL) = 1 (out [5])
22876 05:43:54 clock_gettime(CLOCK_BOOTTIME, {676921, 65500693}) = 0
22876 05:43:54 write(5, "x", 1)         = 1
22876 05:43:54 clock_gettime(CLOCK_BOOTTIME, {676921, 65616435}) = 0
22876 05:43:54 clock_gettime(CLOCK_BOOTTIME, {676921, 65657581}) = 0
22876 05:43:54 select(7, [3 4], [], NULL, NULL) = 1 (in [4])
22876 05:43:54 clock_gettime(CLOCK_BOOTTIME, {676921, 231493698}) = 0
22876 05:43:54 read(4, "i", 16384)      = 1
22876 05:43:54 clock_gettime(CLOCK_BOOTTIME, {676921, 231600880}) = 0
22876 05:43:54 clock_gettime(CLOCK_BOOTTIME, {676921, 231643371}) = 0
22876 05:43:54 select(7, [3 4], [3], NULL, NULL) = 1 (out [3])
22876 05:43:54 clock_gettime(CLOCK_BOOTTIME, {676921, 231741799}) = 0
22876 05:43:54 write(3, "cm\245,\217K\231\236\346\321\337\340\374\2035?O\350\246\20\213\20\213\377\241\227<\337\21\322F\17"..., 40) = 40
22876 05:43:54 clock_gettime(CLOCK_BOOTTIME, {676921, 231847571}) = 0
22876 05:43:54 clock_gettime(CLOCK_BOOTTIME, {676921, 231887689}) = 0
22876 05:43:54 select(7, [3 4], [], NULL, NULL) = 1 (in [3])
22876 05:43:54 clock_gettime(CLOCK_BOOTTIME, {676921, 233234860}) = 0
22876 05:43:54 read(3, "\303R\260\34'\22\334h\226\201\332\311Y\253\334\243p\330\"\356\34\253\313\25\367\256\360C/\330%\203"..., 8192) = 40
22876 05:43:54 clock_gettime(CLOCK_BOOTTIME, {676921, 233327790}) = 0
22876 05:43:54 clock_gettime(CLOCK_BOOTTIME, {676921, 233369687}) = 0
22876 05:43:54 select(7, [3 4], [5], NULL, NULL) = 1 (out [5])
22876 05:43:54 clock_gettime(CLOCK_BOOTTIME, {676921, 233457942}) = 0
22876 05:43:54 write(5, "i", 1)         = 1
22876 05:43:54 clock_gettime(CLOCK_BOOTTIME, {676921, 233579253}) = 0
22876 05:43:54 clock_gettime(CLOCK_BOOTTIME, {676921, 233621445}) = 0
22876 05:43:54 select(7, [3 4], [], NULL, NULL) = 1 (in [4])
22876 05:43:54 clock_gettime(CLOCK_BOOTTIME, {676921, 239198933}) = 0
22876 05:43:54 read(4, "u", 16384)      = 1
22876 05:43:54 clock_gettime(CLOCK_BOOTTIME, {676921, 239292104}) = 0
22876 05:43:54 clock_gettime(CLOCK_BOOTTIME, {676921, 239333503}) = 0
22876 05:43:54 select(7, [3 4], [3], NULL, NULL) = 1 (out [3])
22876 05:43:54 clock_gettime(CLOCK_BOOTTIME, {676921, 239432248}) = 0
22876 05:43:54 write(3, "\26\2179\221\272F\224\356\247\355\325\212\350T%op\232\244[\204q\270[1\27X\300\311mR\222"..., 40) = 40
22876 05:43:54 clock_gettime(CLOCK_BOOTTIME, {676921, 239524690}) = 0
22876 05:43:54 clock_gettime(CLOCK_BOOTTIME, {676921, 239588653}) = 0
22876 05:43:54 select(7, [3 4], [], NULL, NULL) = 1 (in [3])
22876 05:43:54 clock_gettime(CLOCK_BOOTTIME, {676921, 241206769}) = 0
22876 05:43:54 read(3, "\363\0271\24\277\7k\267\263$\206\2065\344\356/&\244\336\326\20q\311\0326\23\331O=\303}Y"..., 8192) = 40
22876 05:43:54 clock_gettime(CLOCK_BOOTTIME, {676921, 241298314}) = 0
22876 05:43:54 clock_gettime(CLOCK_BOOTTIME, {676921, 241340388}) = 0
22876 05:43:54 select(7, [3 4], [5], NULL, NULL) = 1 (out [5])
22876 05:43:54 clock_gettime(CLOCK_BOOTTIME, {676921, 241429305}) = 0
22876 05:43:54 write(5, "u", 1)         = 1
22876 05:43:54 clock_gettime(CLOCK_BOOTTIME, {676921, 241542488}) = 0
22876 05:43:54 clock_gettime(CLOCK_BOOTTIME, {676921, 241584316}) = 0
22876 05:43:54 select(7, [3 4], [], NULL, NULL) = 1 (in [4])
22876 05:43:55 clock_gettime(CLOCK_BOOTTIME, {676921, 807672242}) = 0
22876 05:43:55 read(4, "\10", 16384)    = 1
22876 05:43:55 clock_gettime(CLOCK_BOOTTIME, {676921, 807804683}) = 0
22876 05:43:55 clock_gettime(CLOCK_BOOTTIME, {676921, 807846588}) = 0
22876 05:43:55 select(7, [3 4], [3], NULL, NULL) = 1 (out [3])
22876 05:43:55 clock_gettime(CLOCK_BOOTTIME, {676921, 807936664}) = 0
22876 05:43:55 write(3, "\336\32\250\215\216\370\2\2518\272\366S\311U\"mr\272\325\36\276\313\361\30\357\344\304\362\370\213m\355"..., 40) = 40
22876 05:43:55 clock_gettime(CLOCK_BOOTTIME, {676921, 808042028}) = 0
22876 05:43:55 clock_gettime(CLOCK_BOOTTIME, {676921, 808083272}) = 0
22876 05:43:55 select(7, [3 4], [], NULL, NULL) = 1 (in [3])
22876 05:43:55 clock_gettime(CLOCK_BOOTTIME, {676921, 810218890}) = 0
22876 05:43:55 read(3, "\f\342W\234\v\236\314}\f\233\325\344\331C6L&D_\247\254\20\26+\335\325\352\37\236zT\373"..., 8192) = 40
22876 05:43:55 clock_gettime(CLOCK_BOOTTIME, {676921, 810310938}) = 0
22876 05:43:55 clock_gettime(CLOCK_BOOTTIME, {676921, 810352398}) = 0
22876 05:43:55 select(7, [3 4], [5], NULL, NULL) = 1 (out [5])
22876 05:43:55 clock_gettime(CLOCK_BOOTTIME, {676921, 810439882}) = 0
22876 05:43:55 write(5, "\10\33[K", 4)  = 4
22876 05:43:55 clock_gettime(CLOCK_BOOTTIME, {676921, 810556460}) = 0
22876 05:43:55 clock_gettime(CLOCK_BOOTTIME, {676921, 810598323}) = 0
22876 05:43:55 select(7, [3 4], [], NULL, NULL) = 1 (in [4])
22876 05:43:55 clock_gettime(CLOCK_BOOTTIME, {676922, 223572405}) = 0
22876 05:43:55 read(4, "t", 16384)      = 1
22876 05:43:55 clock_gettime(CLOCK_BOOTTIME, {676922, 223700633}) = 0
22876 05:43:55 clock_gettime(CLOCK_BOOTTIME, {676922, 223748190}) = 0
22876 05:43:55 select(7, [3 4], [3], NULL, NULL) = 1 (out [3])
22876 05:43:55 clock_gettime(CLOCK_BOOTTIME, {676922, 223840848}) = 0
22876 05:43:55 write(3, "KdWoU\263\205ko\342\3\346\34\221\3304\311\370\33<\343\324\267\355\330In\303q|Q\177"..., 40) = 40
22876 05:43:55 clock_gettime(CLOCK_BOOTTIME, {676922, 223941843}) = 0
22876 05:43:55 clock_gettime(CLOCK_BOOTTIME, {676922, 223982988}) = 0
22876 05:43:55 select(7, [3 4], [], NULL, NULL) = 1 (in [3])
22876 05:43:55 clock_gettime(CLOCK_BOOTTIME, {676922, 225222281}) = 0
22876 05:43:55 read(3, "\266rC#\203\217\23\1@\255\244\227\301S\5\324c\346\360\300\35\202\276\3*\372\326-@\365\220\240"..., 8192) = 40
22876 05:43:55 clock_gettime(CLOCK_BOOTTIME, {676922, 225316084}) = 0
22876 05:43:55 clock_gettime(CLOCK_BOOTTIME, {676922, 225357284}) = 0
22876 05:43:55 select(7, [3 4], [5], NULL, NULL) = 1 (out [5])
22876 05:43:55 clock_gettime(CLOCK_BOOTTIME, {676922, 225445400}) = 0
22876 05:43:55 write(5, "t", 1)         = 1
22876 05:43:55 clock_gettime(CLOCK_BOOTTIME, {676922, 225568886}) = 0
22876 05:43:55 clock_gettime(CLOCK_BOOTTIME, {676922, 225611501}) = 0
22876 05:43:55 select(7, [3 4], [], NULL, NULL) = 1 (in [4])
22876 05:43:55 clock_gettime(CLOCK_BOOTTIME, {676922, 383928391}) = 0
22876 05:43:55 read(4, "\r", 16384)     = 1
22876 05:43:55 clock_gettime(CLOCK_BOOTTIME, {676922, 384054910}) = 0
22876 05:43:55 clock_gettime(CLOCK_BOOTTIME, {676922, 384097298}) = 0
22876 05:43:55 select(7, [3 4], [3], NULL, NULL) = 1 (out [3])
22876 05:43:55 clock_gettime(CLOCK_BOOTTIME, {676922, 384187395}) = 0
22876 05:43:55 write(3, "\303\f\273,\7Y=\256J\274u\264v\3449,Q\363\16\203 \ru\227\374h\6\305\264*\357\357"..., 40) = 40
22876 05:43:55 clock_gettime(CLOCK_BOOTTIME, {676922, 384284049}) = 0
22876 05:43:55 clock_gettime(CLOCK_BOOTTIME, {676922, 384325357}) = 0
22876 05:43:55 select(7, [3 4], [], NULL, NULL) = 1 (in [3])
22876 05:43:55 clock_gettime(CLOCK_BOOTTIME, {676922, 389814103}) = 0
22876 05:43:55 read(3, "\335Q\30\27U\276\371\177\6J\215\307\277\355J\316\316%I\215\260-\304\271\263\230W\324\2470\211\205"..., 8192) = 200
22876 05:43:55 close(4)                 = 0
22876 05:43:55 clock_gettime(CLOCK_BOOTTIME, {676922, 389964542}) = 0
22876 05:43:55 clock_gettime(CLOCK_BOOTTIME, {676922, 390010023}) = 0
22876 05:43:55 select(7, [3], [5], NULL, NULL) = 1 (out [5])
22876 05:43:55 clock_gettime(CLOCK_BOOTTIME, {676922, 390101954}) = 0
22876 05:43:55 write(5, "\r\nlogout\r\n", 10) = 10
22876 05:43:55 clock_gettime(CLOCK_BOOTTIME, {676922, 390224345}) = 0
22876 05:43:55 clock_gettime(CLOCK_BOOTTIME, {676922, 390266816}) = 0
22876 05:43:55 close(5)                 = 0
22876 05:43:55 ioctl(0, SNDCTL_TMR_STOP or TCSETSW, {B38400 opost isig icanon echo ...}) = 0
22876 05:43:55 close(6)                 = 0
22876 05:43:55 select(7, [3], [3], NULL, NULL) = 1 (out [3])
22876 05:43:55 clock_gettime(CLOCK_BOOTTIME, {676922, 390506974}) = 0
22876 05:43:55 write(3, "GE\203\236L\16\201\364\345\"\200v\260nz\7P\260:}\264M[`", 24) = 24
22876 05:43:55 rt_sigaction(SIGWINCH, NULL, {0x55811f8dac50, [], SA_RESTORER, 0x7ffb03988270}, 8) = 0
22876 05:43:55 rt_sigaction(SIGWINCH, {SIG_DFL, [], SA_RESTORER, 0x7ffb03988270}, NULL, 8) = 0
22876 05:43:55 write(3, "\214\200cD\325-\375\235\241Q#!\377\263\2\216Z\333\372\6d{\24,\6\266\300\16\204Ns\331"..., 56) = 56
22876 05:43:55 ioctl(0, TCGETS, {B38400 opost isig icanon echo ...}) = 0
22876 05:43:55 ioctl(1, TCGETS, {B38400 opost isig icanon echo ...}) = 0
22876 05:43:55 ioctl(2, TCGETS, {B38400 opost isig icanon echo ...}) = 0
22876 05:43:55 write(2, "Connection to 10.5.0.208 closed."..., 34) = 34
22876 05:43:55 shutdown(3, SHUT_RDWR)   = 0
22876 05:43:55 close(3)                 = 0
22876 05:43:55 exit_group(0)            = ?
22876 05:43:55 +++ exited with 0 +++
