28293 11:32:51 select(4, [3], NULL, NULL, NULL) = 1 (in [3])
28293 11:32:51 read(3, "\0\0\1\224\10\37\0\0\1\201\0\323#\r#ur\354\351\371#Xq^\272\303\244\330\237-kM"..., 8192) = 408
28293 11:32:51 write(3, "\0\0\1\214\5 \0\0\1\201\0\272\33\373\247#\252\16\4\334\301X\233\227\351)\370_\3721]\211"..., 400) = 400
28293 11:32:51 select(4, [3], NULL, NULL, NULL) = 1 (in [3])
28293 11:32:51 read(3, "\0\0\3\274\n!\0\0\1\25\0\0\0\7ssh-rsa\0\0\0\1#\0\0\1\1\0\264"..., 8192) = 976
28293 11:32:51 open("/root/.ssh/known_hosts", O_RDONLY) = 4
28293 11:32:51 fstat(4, {st_mode=S_IFREG|0644, st_size=1177, ...}) = 0
28293 11:32:51 mmap(NULL, 4096, PROT_READ|PROT_WRITE, MAP_PRIVATE|MAP_ANONYMOUS, -1, 0) = 0x7f8146dda000
28293 11:32:51 read(4, "172.19.0.36 ssh-rsa AAAAB3NzaC1y"..., 4096) = 1177
28293 11:32:51 read(4, "", 4096)        = 0
28293 11:32:51 close(4)                 = 0
28293 11:32:51 munmap(0x7f8146dda000, 4096) = 0
28293 11:32:51 open("/root/.ssh/known_hosts2", O_RDONLY) = -1 ENOENT (No such file or directory)
28293 11:32:51 open("/usr/local/openssh/etc/ssh_known_hosts", O_RDONLY) = -1 ENOENT (No such file or directory)
28293 11:32:51 open("/usr/local/openssh/etc/ssh_known_hosts2", O_RDONLY) = -1 ENOENT (No such file or directory)
28293 11:32:51 clock_gettime(CLOCK_BOOTTIME, {611458, 603508497}) = 0
28293 11:32:51 write(3, "\0\0\0\f\n\25\0\0\0\0\0\0\0\0\0\0", 16) = 16
28293 11:32:51 write(3, "\10\243\227l\314\272\306hn]\364P\t.I@\346w{\356\5\336]\306\333R\235i\236\315\367a"..., 40) = 40
28293 11:32:51 select(4, [3], NULL, NULL, NULL) = 1 (in [3])
28293 11:32:52 read(3, "P\205$\1vb\326\306H!\222\323\260\243\332\10\242\265\30\317pK\4\251\2645}\363\351\233K>"..., 8192) = 40
28293 11:32:52 write(3, "\225B\231U9\235\277\317\222\300\350\306\344v\205124\3779\211/H\177\231\227\36\203;\370\316\f"..., 56) = 56
28293 11:32:52 select(4, [3], NULL, NULL, NULL) = 1 (in [3])
28293 11:32:52 read(3, "\"@\346\r\322\343$\307\21\201&\365\350m\"\347\207\2504`\240Ud!v\t\2500\363\253\17\7"..., 8192) = 72
28293 11:32:52 stat("/root/.ssh/id_rsa", 0x7ffd572bfb40) = -1 ENOENT (No such file or directory)
28293 11:32:52 stat("/root/.ssh/id_dsa", 0x7ffd572bfb40) = -1 ENOENT (No such file or directory)
28293 11:32:52 stat("/root/.ssh/id_ecdsa", 0x7ffd572bfb40) = -1 ENOENT (No such file or directory)
28293 11:32:52 stat("/root/.ssh/id_ed25519", 0x7ffd572bfb40) = -1 ENOENT (No such file or directory)
28293 11:32:52 open("/dev/tty", O_RDWR) = 4
28293 11:32:52 close(4)                 = 0
28293 11:32:52 open("/dev/tty", O_RDWR) = 4
28293 11:32:52 ioctl(4, TCGETS, {B38400 opost isig icanon echo ...}) = 0
28293 11:32:52 ioctl(4, SNDCTL_TMR_CONTINUE or TCSETSF, {B38400 opost isig icanon -echo ...}) = 0
28293 11:32:52 rt_sigaction(SIGALRM, {0x55fb7cba90d0, [], SA_RESTORER, 0x7f814595f270}, {SIG_DFL, [], 0}, 8) = 0
28293 11:32:52 rt_sigaction(SIGHUP, {0x55fb7cba90d0, [], SA_RESTORER, 0x7f814595f270}, {SIG_DFL, [], 0}, 8) = 0
28293 11:32:52 rt_sigaction(SIGINT, {0x55fb7cba90d0, [], SA_RESTORER, 0x7f814595f270}, {SIG_DFL, [], 0}, 8) = 0
28293 11:32:52 rt_sigaction(SIGPIPE, {0x55fb7cba90d0, [], SA_RESTORER, 0x7f814595f270}, {SIG_IGN, [], SA_RESTORER, 0x7f814595f270}, 8) = 0
28293 11:32:52 rt_sigaction(SIGQUIT, {0x55fb7cba90d0, [], SA_RESTORER, 0x7f814595f270}, {SIG_DFL, [], 0}, 8) = 0
28293 11:32:52 rt_sigaction(SIGTERM, {0x55fb7cba90d0, [], SA_RESTORER, 0x7f814595f270}, {SIG_DFL, [], 0}, 8) = 0
28293 11:32:52 rt_sigaction(SIGTSTP, {0x55fb7cba90d0, [], SA_RESTORER, 0x7f814595f270}, {SIG_DFL, [], 0}, 8) = 0
28293 11:32:52 rt_sigaction(SIGTTIN, {0x55fb7cba90d0, [], SA_RESTORER, 0x7f814595f270}, {SIG_DFL, [], 0}, 8) = 0
28293 11:32:52 rt_sigaction(SIGTTOU, {0x55fb7cba90d0, [], SA_RESTORER, 0x7f814595f270}, {SIG_DFL, [], 0}, 8) = 0
28293 11:32:52 write(4, "root@10.5.0.208's password: ", 28) = 28
28293 11:32:52 read(4, "y", 1)          = 1
28293 11:32:52 read(4, "o", 1)          = 1
28293 11:32:52 read(4, "t", 1)          = 1
28293 11:32:52 read(4, "p", 1)          = 1
28293 11:32:52 read(4, "4", 1)          = 1
28293 11:32:52 read(4, "o", 1)          = 1
28293 11:32:52 read(4, "z", 1)          = 1
28293 11:32:52 read(4, "A", 1)          = 1
28293 11:32:52 read(4, "c", 1)          = 1
28293 11:32:52 read(4, "C", 1)          = 1
28293 11:32:52 read(4, "=", 1)          = 1
28293 11:32:52 read(4, "b", 1)          = 1
28293 11:32:52 read(4, "~", 1)          = 1
28293 11:32:52 read(4, "V", 1)          = 1
28293 11:32:52 read(4, "4", 1)          = 1
28293 11:32:52 read(4, "K", 1)          = 1
28293 11:32:52 read(4, "G", 1)          = 1
28293 11:32:52 read(4, "V", 1)          = 1
28293 11:32:52 read(4, "/", 1)          = 1
28293 11:32:52 read(4, "s", 1)          = 1
28293 11:32:52 read(4, "\n", 1)         = 1
28293 11:32:52 write(4, "\n", 1)        = 1
28293 11:32:52 ioctl(4, SNDCTL_TMR_CONTINUE or TCSETSF, {B38400 opost isig icanon echo ...}) = 0
28293 11:32:52 rt_sigaction(SIGALRM, {SIG_DFL, [], SA_RESTORER, 0x7f814595f270}, NULL, 8) = 0
28293 11:32:52 rt_sigaction(SIGHUP, {SIG_DFL, [], SA_RESTORER, 0x7f814595f270}, NULL, 8) = 0
28293 11:32:52 rt_sigaction(SIGINT, {SIG_DFL, [], SA_RESTORER, 0x7f814595f270}, NULL, 8) = 0
28293 11:32:52 rt_sigaction(SIGQUIT, {SIG_DFL, [], SA_RESTORER, 0x7f814595f270}, NULL, 8) = 0
28293 11:32:52 rt_sigaction(SIGPIPE, {SIG_IGN, [], SA_RESTORER, 0x7f814595f270}, NULL, 8) = 0
28293 11:32:52 rt_sigaction(SIGTERM, {SIG_DFL, [], SA_RESTORER, 0x7f814595f270}, NULL, 8) = 0
28293 11:32:52 rt_sigaction(SIGTSTP, {SIG_DFL, [], SA_RESTORER, 0x7f814595f270}, NULL, 8) = 0
28293 11:32:52 rt_sigaction(SIGTTIN, {SIG_DFL, [], SA_RESTORER, 0x7f814595f270}, NULL, 8) = 0
28293 11:32:52 rt_sigaction(SIGTTOU, {SIG_DFL, [], SA_RESTORER, 0x7f814595f270}, NULL, 8) = 0
28293 11:32:52 close(4)                 = 0
28293 11:32:52 write(3, "'\16\ni`\302v\254\241\16\342\301\240A\262\277^\257\1>\263tC\274\227\250\216y\222\230:\275"..., 136) = 136
28293 11:32:52 select(4, [3], NULL, NULL, NULL) = 1 (in [3])
28293 11:32:52 read(3, "\24\200\213\347\4j\367\357\343A\203:\21\2629\27V_\222\367\\_\324\256", 8192) = 24
28293 11:32:52 dup(0)                   = 4
28293 11:32:52 dup(1)                   = 5
28293 11:32:52 dup(2)                   = 6
28293 11:32:52 ioctl(4, TCGETS, {B38400 opost isig icanon echo ...}) = 0
28293 11:32:52 ioctl(5, TCGETS, {B38400 opost isig icanon echo ...}) = 0
28293 11:32:52 ioctl(6, TCGETS, {B38400 opost isig icanon echo ...}) = 0
28293 11:32:52 fcntl(4, F_SETFD, FD_CLOEXEC) = 0
28293 11:32:52 fcntl(5, F_SETFD, FD_CLOEXEC) = 0
28293 11:32:52 fcntl(6, F_SETFD, FD_CLOEXEC) = 0
28293 11:32:52 rt_sigaction(SIGHUP, NULL, {SIG_DFL, [], SA_RESTORER, 0x7f814595f270}, 8) = 0
28293 11:32:52 rt_sigaction(SIGHUP, {SIG_IGN, [], SA_RESTORER, 0x7f814595f270}, NULL, 8) = 0
28293 11:32:52 rt_sigaction(SIGHUP, NULL, {SIG_IGN, [], SA_RESTORER, 0x7f814595f270}, 8) = 0
28293 11:32:52 rt_sigaction(SIGHUP, {0x55fb7cb519f0, [], SA_RESTORER, 0x7f814595f270}, NULL, 8) = 0
28293 11:32:52 rt_sigaction(SIGINT, NULL, {SIG_DFL, [], SA_RESTORER, 0x7f814595f270}, 8) = 0
28293 11:32:52 rt_sigaction(SIGINT, {SIG_IGN, [], SA_RESTORER, 0x7f814595f270}, NULL, 8) = 0
28293 11:32:52 rt_sigaction(SIGINT, NULL, {SIG_IGN, [], SA_RESTORER, 0x7f814595f270}, 8) = 0
28293 11:32:52 rt_sigaction(SIGINT, {0x55fb7cb519f0, [], SA_RESTORER, 0x7f814595f270}, NULL, 8) = 0
28293 11:32:52 rt_sigaction(SIGQUIT, NULL, {SIG_DFL, [], SA_RESTORER, 0x7f814595f270}, 8) = 0
28293 11:32:52 rt_sigaction(SIGQUIT, {SIG_IGN, [], SA_RESTORER, 0x7f814595f270}, NULL, 8) = 0
28293 11:32:52 rt_sigaction(SIGQUIT, NULL, {SIG_IGN, [], SA_RESTORER, 0x7f814595f270}, 8) = 0
28293 11:32:52 rt_sigaction(SIGQUIT, {0x55fb7cb519f0, [], SA_RESTORER, 0x7f814595f270}, NULL, 8) = 0
28293 11:32:52 rt_sigaction(SIGTERM, NULL, {SIG_DFL, [], SA_RESTORER, 0x7f814595f270}, 8) = 0
28293 11:32:52 rt_sigaction(SIGTERM, {SIG_IGN, [], SA_RESTORER, 0x7f814595f270}, NULL, 8) = 0
28293 11:32:52 rt_sigaction(SIGTERM, NULL, {SIG_IGN, [], SA_RESTORER, 0x7f814595f270}, 8) = 0
28293 11:32:52 rt_sigaction(SIGTERM, {0x55fb7cb519f0, [], SA_RESTORER, 0x7f814595f270}, NULL, 8) = 0
28293 11:32:52 rt_sigaction(SIGWINCH, NULL, {SIG_DFL, [], 0}, 8) = 0
28293 11:32:52 rt_sigaction(SIGWINCH, {0x55fb7cb51c80, [], SA_RESTORER, 0x7f814595f270}, NULL, 8) = 0
28293 11:32:52 ioctl(0, TCGETS, {B38400 opost isig icanon echo ...}) = 0
28293 11:32:52 ioctl(0, SNDCTL_TMR_STOP or TCSETSW, {B38400 -opost -isig -icanon -echo ...}) = 0
28293 11:32:52 clock_gettime(CLOCK_BOOTTIME, {611458, 672161120}) = 0
28293 11:32:52 clock_gettime(CLOCK_BOOTTIME, {611458, 672203023}) = 0
28293 11:32:52 select(7, [3], [3], NULL, NULL) = 1 (out [3])
28293 11:32:52 clock_gettime(CLOCK_BOOTTIME, {611458, 672283755}) = 0
28293 11:32:52 write(3, "\31C\215\363S\214-\301D\341)\0218\260\373\263\377\3v>\276\230\372L^\342z\5F-Z\313"..., 112) = 112
28293 11:32:52 clock_gettime(CLOCK_BOOTTIME, {611458, 672373607}) = 0
28293 11:32:52 clock_gettime(CLOCK_BOOTTIME, {611458, 672411297}) = 0
28293 11:32:52 select(7, [3], [], NULL, NULL) = 1 (in [3])
28293 11:32:52 clock_gettime(CLOCK_BOOTTIME, {611458, 676121870}) = 0
28293 11:32:52 read(3, "\240\6\331\220\35.\243l\\\317b}\234\37\210prK\32B\356|\241\317\210\10\3558\371\327\2744"..., 8192) = 40
28293 11:32:52 getsockopt(3, SOL_TCP, TCP_NODELAY, [0], [4]) = 0
28293 11:32:52 setsockopt(3, SOL_TCP, TCP_NODELAY, [1], 4) = 0
28293 11:32:52 getsockname(3, {sa_family=AF_INET, sin_port=htons(60334), sin_addr=inet_addr("10.5.0.222")}, [16]) = 0
28293 11:32:52 setsockopt(3, SOL_IP, IP_TOS, [16], 4) = 0
28293 11:32:52 ioctl(0, TIOCGWINSZ, {ws_row=45, ws_col=132, ws_xpixel=0, ws_ypixel=0}) = 0
28293 11:32:52 clock_gettime(CLOCK_BOOTTIME, {611458, 676450627}) = 0
28293 11:32:52 clock_gettime(CLOCK_BOOTTIME, {611458, 676489742}) = 0
28293 11:32:52 select(7, [3], [3], NULL, NULL) = 1 (out [3])
28293 11:32:52 clock_gettime(CLOCK_BOOTTIME, {611458, 676571928}) = 0
28293 11:32:52 write(3, "N\257\361\205\261\23\274M\256\250bpoA~x\210\373 \34b\325w\22\346\4\335\217=\363y\321"..., 368) = 368
28293 11:32:52 clock_gettime(CLOCK_BOOTTIME, {611458, 676665717}) = 0
28293 11:32:52 clock_gettime(CLOCK_BOOTTIME, {611458, 676704785}) = 0
28293 11:32:52 select(7, [3], [], NULL, NULL) = 1 (in [3])
28293 11:32:52 clock_gettime(CLOCK_BOOTTIME, {611458, 677225680}) = 0
28293 11:32:52 read(3, "\244\340L\205\267\34\316\255\346r3\347\356\255\2441B\355\350\215d\2125\334\37q~\341\337`[p"..., 8192) = 88
28293 11:32:52 clock_gettime(CLOCK_BOOTTIME, {611458, 677311012}) = 0
28293 11:32:52 clock_gettime(CLOCK_BOOTTIME, {611458, 677349355}) = 0
28293 11:32:52 select(7, [3 4], [], NULL, NULL) = 1 (in [3])
28293 11:32:52 clock_gettime(CLOCK_BOOTTIME, {611458, 681593137}) = 0
28293 11:32:52 read(3, "\217aB\246\352\270A\303{.F/,\222\252\242\3250BcO\23\5\343\5\255u\5:\21N\207"..., 8192) = 152
28293 11:32:52 clock_gettime(CLOCK_BOOTTIME, {611458, 681680256}) = 0
28293 11:32:52 clock_gettime(CLOCK_BOOTTIME, {611458, 681718697}) = 0
28293 11:32:52 select(7, [3 4], [5], NULL, NULL) = 1 (out [5])
28293 11:32:52 clock_gettime(CLOCK_BOOTTIME, {611458, 681800295}) = 0
28293 11:32:52 write(5, "Last login: Thu Jun 21 19:31:31 "..., 111) = 111
28293 11:32:52 clock_gettime(CLOCK_BOOTTIME, {611458, 681884879}) = 0
28293 11:32:52 clock_gettime(CLOCK_BOOTTIME, {611458, 681906032}) = 0
28293 11:32:52 select(7, [3 4], [], NULL, NULL) = 1 (in [3])
28293 11:32:52 clock_gettime(CLOCK_BOOTTIME, {611458, 698625378}) = 0
28293 11:32:52 read(3, "Hc\251\22-\16dX\351\267\246\n?J\347\22\302\341p\3\325c\275MV\370<\316O\271\214\217"..., 8192) = 56
28293 11:32:52 clock_gettime(CLOCK_BOOTTIME, {611458, 698732131}) = 0
28293 11:32:52 clock_gettime(CLOCK_BOOTTIME, {611458, 698771494}) = 0
28293 11:32:52 select(7, [3 4], [5], NULL, NULL) = 1 (out [5])
28293 11:32:52 clock_gettime(CLOCK_BOOTTIME, {611458, 698855936}) = 0
28293 11:32:52 write(5, "[root@ali-p2p-h5-1 ~]# ", 23) = 23
28293 11:32:52 clock_gettime(CLOCK_BOOTTIME, {611458, 698964207}) = 0
28293 11:32:52 clock_gettime(CLOCK_BOOTTIME, {611458, 699007896}) = 0
28293 11:32:52 select(7, [3 4], [], NULL, NULL) = 1 (in [4])
28293 11:34:31 clock_gettime(CLOCK_BOOTTIME, {611558, 290881230}) = 0
28293 11:34:31 read(4, "\33[A", 16384)  = 3
28293 11:34:31 clock_gettime(CLOCK_BOOTTIME, {611558, 290999899}) = 0
28293 11:34:31 clock_gettime(CLOCK_BOOTTIME, {611558, 291073711}) = 0
28293 11:34:31 select(7, [3 4], [3], NULL, NULL) = 1 (out [3])
28293 11:34:31 clock_gettime(CLOCK_BOOTTIME, {611558, 291166974}) = 0
28293 11:34:31 write(3, "\300\\\32S\203\362\237J\276*%ChC\237\314\262cG\26y5%'\202Z>\360\360K\347 "..., 40) = 40
28293 11:34:31 clock_gettime(CLOCK_BOOTTIME, {611558, 291277110}) = 0
28293 11:34:31 clock_gettime(CLOCK_BOOTTIME, {611558, 291317593}) = 0
28293 11:34:31 select(7, [3 4], [], NULL, NULL) = 1 (in [3])
28293 11:34:31 clock_gettime(CLOCK_BOOTTIME, {611558, 292627667}) = 0
28293 11:34:31 read(3, "\237O\200\241-\354}\244\317\30\254\237\324\320\244\362*\250\363\214\302\346c8\3)\2301\270\t0\305"..., 8192) = 40
28293 11:34:31 clock_gettime(CLOCK_BOOTTIME, {611558, 292717331}) = 0
28293 11:34:31 clock_gettime(CLOCK_BOOTTIME, {611558, 292756732}) = 0
28293 11:34:31 select(7, [3 4], [5], NULL, NULL) = 1 (out [5])
28293 11:34:31 clock_gettime(CLOCK_BOOTTIME, {611558, 292842201}) = 0
28293 11:34:31 write(5, "exit", 4)      = 4
28293 11:34:31 clock_gettime(CLOCK_BOOTTIME, {611558, 292971384}) = 0
28293 11:34:31 clock_gettime(CLOCK_BOOTTIME, {611558, 293024978}) = 0
28293 11:34:31 select(7, [3 4], [], NULL, NULL) = 1 (in [4])
28293 11:34:32 clock_gettime(CLOCK_BOOTTIME, {611558, 710243292}) = 0
28293 11:34:32 read(4, "\33[A", 16384)  = 3
28293 11:34:32 clock_gettime(CLOCK_BOOTTIME, {611558, 710353116}) = 0
28293 11:34:32 clock_gettime(CLOCK_BOOTTIME, {611558, 710394193}) = 0
28293 11:34:32 select(7, [3 4], [3], NULL, NULL) = 1 (out [3])
28293 11:34:32 clock_gettime(CLOCK_BOOTTIME, {611558, 710484391}) = 0
28293 11:34:32 write(3, "\310*\254\330\3\2207%\2042\27\233\270\271\10:\263f\255L\235\270SQ=\320\362\277\300\366\212\330"..., 40) = 40
28293 11:34:32 clock_gettime(CLOCK_BOOTTIME, {611558, 710603259}) = 0
28293 11:34:32 clock_gettime(CLOCK_BOOTTIME, {611558, 710644025}) = 0
28293 11:34:32 select(7, [3 4], [], NULL, NULL) = 1 (in [3])
28293 11:34:32 clock_gettime(CLOCK_BOOTTIME, {611558, 712698693}) = 0
28293 11:34:32 read(3, "'>\365\2005p\366{o\276\374\3\2\242\300\3F#\350\24o\224\\\255\340\317\204O\0\252\330\333"..., 8192) = 40
28293 11:34:32 clock_gettime(CLOCK_BOOTTIME, {611558, 712792943}) = 0
28293 11:34:32 clock_gettime(CLOCK_BOOTTIME, {611558, 712834333}) = 0
28293 11:34:32 select(7, [3 4], [5], NULL, NULL) = 1 (out [5])
28293 11:34:32 clock_gettime(CLOCK_BOOTTIME, {611558, 712922960}) = 0
28293 11:34:32 write(5, "\10\10\10\10ls\33[K", 9) = 9
28293 11:34:32 clock_gettime(CLOCK_BOOTTIME, {611558, 713080406}) = 0
28293 11:34:32 clock_gettime(CLOCK_BOOTTIME, {611558, 713123287}) = 0
28293 11:34:32 select(7, [3 4], [], NULL, NULL) = 1 (in [4])
28293 11:34:32 clock_gettime(CLOCK_BOOTTIME, {611559, 75177446}) = 0
28293 11:34:32 read(4, "\33[A", 16384)  = 3
28293 11:34:32 clock_gettime(CLOCK_BOOTTIME, {611559, 75298735}) = 0
28293 11:34:32 clock_gettime(CLOCK_BOOTTIME, {611559, 75340502}) = 0
28293 11:34:32 select(7, [3 4], [3], NULL, NULL) = 1 (out [3])
28293 11:34:32 clock_gettime(CLOCK_BOOTTIME, {611559, 75433946}) = 0
28293 11:34:32 write(3, "\304\234Gu\324&E4\257\255w\27\314\240\350\370\311\346\245\325\337O>k\335/Hi\20*-\317"..., 40) = 40
28293 11:34:32 clock_gettime(CLOCK_BOOTTIME, {611559, 75545124}) = 0
28293 11:34:32 clock_gettime(CLOCK_BOOTTIME, {611559, 75587252}) = 0
28293 11:34:32 select(7, [3 4], [], NULL, NULL) = 1 (in [3])
28293 11:34:32 clock_gettime(CLOCK_BOOTTIME, {611559, 77634405}) = 0
28293 11:34:32 read(3, "\225\350X\7\261\312\177\245\270m-\260\351<j\322\274\225\373\354uE'N \304\265\321\2\302\337~"..., 8192) = 40
28293 11:34:32 clock_gettime(CLOCK_BOOTTIME, {611559, 77728878}) = 0
28293 11:34:32 clock_gettime(CLOCK_BOOTTIME, {611559, 77770550}) = 0
28293 11:34:32 select(7, [3 4], [5], NULL, NULL) = 1 (out [5])
28293 11:34:32 clock_gettime(CLOCK_BOOTTIME, {611559, 77859534}) = 0
28293 11:34:32 write(5, "\10\10exit", 6) = 6
28293 11:34:32 clock_gettime(CLOCK_BOOTTIME, {611559, 77993228}) = 0
28293 11:34:32 clock_gettime(CLOCK_BOOTTIME, {611559, 78057572}) = 0
28293 11:34:32 select(7, [3 4], [], NULL, NULL) = 1 (in [4])
28293 11:34:32 clock_gettime(CLOCK_BOOTTIME, {611559, 484275193}) = 0
28293 11:34:32 read(4, "\33[A", 16384)  = 3
28293 11:34:32 clock_gettime(CLOCK_BOOTTIME, {611559, 484437219}) = 0
28293 11:34:32 clock_gettime(CLOCK_BOOTTIME, {611559, 484481132}) = 0
28293 11:34:32 select(7, [3 4], [3], NULL, NULL) = 1 (out [3])
28293 11:34:32 clock_gettime(CLOCK_BOOTTIME, {611559, 484574429}) = 0
28293 11:34:32 write(3, "\272/efC 3\262|jT\277v\210\366l#\256e\265\350\221\2136af\343ie!\5\371"..., 40) = 40
28293 11:34:32 clock_gettime(CLOCK_BOOTTIME, {611559, 484684707}) = 0
28293 11:34:32 clock_gettime(CLOCK_BOOTTIME, {611559, 484726700}) = 0
28293 11:34:32 select(7, [3 4], [], NULL, NULL) = 1 (in [3])
28293 11:34:32 clock_gettime(CLOCK_BOOTTIME, {611559, 486637074}) = 0
28293 11:34:32 read(3, "[\205h\5\335\202\256\203\21\257_\1od\35\rs3g\324\274x\22\2\5\201\267\31\350-\226\345"..., 8192) = 40
28293 11:34:32 clock_gettime(CLOCK_BOOTTIME, {611559, 486731378}) = 0
28293 11:34:32 clock_gettime(CLOCK_BOOTTIME, {611559, 486772913}) = 0
28293 11:34:32 select(7, [3 4], [5], NULL, NULL) = 1 (out [5])
28293 11:34:32 clock_gettime(CLOCK_BOOTTIME, {611559, 486861874}) = 0
28293 11:34:32 write(5, "\10\10\10\10ifconfig", 12) = 12
28293 11:34:32 clock_gettime(CLOCK_BOOTTIME, {611559, 486992169}) = 0
28293 11:34:32 clock_gettime(CLOCK_BOOTTIME, {611559, 487058707}) = 0
28293 11:34:32 select(7, [3 4], [], NULL, NULL) = 1 (in [4])
28293 11:34:33 clock_gettime(CLOCK_BOOTTIME, {611560, 150579440}) = 0
28293 11:34:33 read(4, "\33[A", 16384)  = 3
28293 11:34:33 clock_gettime(CLOCK_BOOTTIME, {611560, 150708270}) = 0
28293 11:34:33 clock_gettime(CLOCK_BOOTTIME, {611560, 150750170}) = 0
28293 11:34:33 select(7, [3 4], [3], NULL, NULL) = 1 (out [3])
28293 11:34:33 clock_gettime(CLOCK_BOOTTIME, {611560, 150840299}) = 0
28293 11:34:33 write(3, "\34\253\201^\10\32\32B.\312\30\n<\373\251zi\337.M\302*\v\301P\351V\352\r\277\5a"..., 40) = 40
28293 11:34:33 clock_gettime(CLOCK_BOOTTIME, {611560, 150945837}) = 0
28293 11:34:33 clock_gettime(CLOCK_BOOTTIME, {611560, 150986301}) = 0
28293 11:34:33 select(7, [3 4], [], NULL, NULL) = 1 (in [3])
28293 11:34:33 clock_gettime(CLOCK_BOOTTIME, {611560, 152659316}) = 0
28293 11:34:33 read(3, "q\215/#\345\243\323\353f\33~(M\r,_\323d\2439W\255\306\t\323\277%Yn\262\324|"..., 8192) = 56
28293 11:34:33 clock_gettime(CLOCK_BOOTTIME, {611560, 152750463}) = 0
28293 11:34:33 clock_gettime(CLOCK_BOOTTIME, {611560, 152790317}) = 0
28293 11:34:33 select(7, [3 4], [5], NULL, NULL) = 1 (out [5])
28293 11:34:33 clock_gettime(CLOCK_BOOTTIME, {611560, 152876922}) = 0
28293 11:34:33 write(5, "\10\10\10\10\10\10\10\10exit\33[K", 15) = 15
28293 11:34:33 clock_gettime(CLOCK_BOOTTIME, {611560, 153017897}) = 0
28293 11:34:33 clock_gettime(CLOCK_BOOTTIME, {611560, 153069874}) = 0
28293 11:34:33 select(7, [3 4], [], NULL, NULL) = 1 (in [4])
28293 11:34:33 clock_gettime(CLOCK_BOOTTIME, {611560, 554745999}) = 0
28293 11:34:33 read(4, "\33[A", 16384)  = 3
28293 11:34:33 clock_gettime(CLOCK_BOOTTIME, {611560, 554867581}) = 0
28293 11:34:33 clock_gettime(CLOCK_BOOTTIME, {611560, 554906655}) = 0
28293 11:34:33 select(7, [3 4], [3], NULL, NULL) = 1 (out [3])
28293 11:34:33 clock_gettime(CLOCK_BOOTTIME, {611560, 554993609}) = 0
28293 11:34:33 write(3, "*\217\244zu\311\357\21\353\23L6\335s\253\362o\300\240\34\24\255^nQ\37T\366\25\3\323\203"..., 40) = 40
28293 11:34:33 clock_gettime(CLOCK_BOOTTIME, {611560, 555111744}) = 0
28293 11:34:33 clock_gettime(CLOCK_BOOTTIME, {611560, 555151825}) = 0
28293 11:34:33 select(7, [3 4], [], NULL, NULL) = 1 (in [3])
28293 11:34:33 clock_gettime(CLOCK_BOOTTIME, {611560, 556648687}) = 0
28293 11:34:33 read(3, "\347\216\362\335.\247\341h\220\277\320\366O&\316{$k\266\237(xG\303\26+\303\370\244\323\342\314"..., 8192) = 40
28293 11:34:33 clock_gettime(CLOCK_BOOTTIME, {611560, 556742300}) = 0
28293 11:34:33 clock_gettime(CLOCK_BOOTTIME, {611560, 556783213}) = 0
28293 11:34:33 select(7, [3 4], [5], NULL, NULL) = 1 (out [5])
28293 11:34:33 clock_gettime(CLOCK_BOOTTIME, {611560, 556870848}) = 0
28293 11:34:33 write(5, "\10\10\10\10   fasd", 11) = 11
28293 11:34:33 clock_gettime(CLOCK_BOOTTIME, {611560, 557024895}) = 0
28293 11:34:33 clock_gettime(CLOCK_BOOTTIME, {611560, 557074294}) = 0
28293 11:34:33 select(7, [3 4], [], NULL, NULL) = 1 (in [4])
28293 11:34:34 clock_gettime(CLOCK_BOOTTIME, {611560, 910230303}) = 0
28293 11:34:34 read(4, "\33[A", 16384)  = 3
28293 11:34:34 clock_gettime(CLOCK_BOOTTIME, {611560, 910350542}) = 0
28293 11:34:34 clock_gettime(CLOCK_BOOTTIME, {611560, 910392758}) = 0
28293 11:34:34 select(7, [3 4], [3], NULL, NULL) = 1 (out [3])
28293 11:34:34 clock_gettime(CLOCK_BOOTTIME, {611560, 910493624}) = 0
28293 11:34:34 write(3, "\255\0058,[\243=\352\311\272\16\303S\31b\260R\27\6\343\315e%\366 \25,\336~\20L\25"..., 40) = 40
28293 11:34:34 clock_gettime(CLOCK_BOOTTIME, {611560, 910596312}) = 0
28293 11:34:34 clock_gettime(CLOCK_BOOTTIME, {611560, 910637361}) = 0
28293 11:34:34 select(7, [3 4], [], NULL, NULL) = 1 (in [3])
28293 11:34:34 clock_gettime(CLOCK_BOOTTIME, {611560, 912663961}) = 0
28293 11:34:34 read(3, "\"\216\243Pcn\205\357\224\226\367\206\\{B\5iX\251\20\305\2419\302\242d\267\310L\245}\217"..., 8192) = 40
28293 11:34:34 clock_gettime(CLOCK_BOOTTIME, {611560, 912753838}) = 0
28293 11:34:34 clock_gettime(CLOCK_BOOTTIME, {611560, 912794543}) = 0
28293 11:34:34 select(7, [3 4], [5], NULL, NULL) = 1 (out [5])
28293 11:34:34 clock_gettime(CLOCK_BOOTTIME, {611560, 912880525}) = 0
28293 11:34:34 write(5, "\10\10\10\10\10\10\10exit\33[K", 14) = 14
28293 11:34:34 clock_gettime(CLOCK_BOOTTIME, {611560, 913022279}) = 0
28293 11:34:34 clock_gettime(CLOCK_BOOTTIME, {611560, 913070604}) = 0
28293 11:34:34 select(7, [3 4], [], NULL, NULL) = 1 (in [4])
28293 11:34:34 clock_gettime(CLOCK_BOOTTIME, {611561, 260561543}) = 0
28293 11:34:34 read(4, "\33[A", 16384)  = 3
28293 11:34:34 clock_gettime(CLOCK_BOOTTIME, {611561, 260680894}) = 0
28293 11:34:34 clock_gettime(CLOCK_BOOTTIME, {611561, 260722762}) = 0
28293 11:34:34 select(7, [3 4], [3], NULL, NULL) = 1 (out [3])
28293 11:34:34 clock_gettime(CLOCK_BOOTTIME, {611561, 260812446}) = 0
28293 11:34:34 write(3, "\36\207+v\217\31\37t\3\377X/W\340\34\333\22\23R\353\2k9\365\17\305\\MO\204@X"..., 40) = 40
28293 11:34:34 clock_gettime(CLOCK_BOOTTIME, {611561, 260920375}) = 0
28293 11:34:34 clock_gettime(CLOCK_BOOTTIME, {611561, 260961052}) = 0
28293 11:34:34 select(7, [3 4], [], NULL, NULL) = 1 (in [3])
28293 11:34:34 clock_gettime(CLOCK_BOOTTIME, {611561, 262638511}) = 0
28293 11:34:34 read(3, "\333$\371E#W\270<\252\333kK\232G\216\350\244a\22\332\215c \241\225,\360\222\251j\331\v"..., 8192) = 40
28293 11:34:34 clock_gettime(CLOCK_BOOTTIME, {611561, 262730291}) = 0
28293 11:34:34 clock_gettime(CLOCK_BOOTTIME, {611561, 262770938}) = 0
28293 11:34:34 select(7, [3 4], [5], NULL, NULL) = 1 (out [5])
28293 11:34:34 clock_gettime(CLOCK_BOOTTIME, {611561, 262857421}) = 0
28293 11:34:34 write(5, "\10\10\10\10ifconfig", 12) = 12
28293 11:34:34 clock_gettime(CLOCK_BOOTTIME, {611561, 262984380}) = 0
28293 11:34:34 clock_gettime(CLOCK_BOOTTIME, {611561, 263033438}) = 0
28293 11:34:34 select(7, [3 4], [], NULL, NULL) = 1 (in [4])
28293 11:34:34 clock_gettime(CLOCK_BOOTTIME, {611561, 554374559}) = 0
28293 11:34:34 read(4, "\33[A", 16384)  = 3
28293 11:34:34 clock_gettime(CLOCK_BOOTTIME, {611561, 554528450}) = 0
28293 11:34:34 clock_gettime(CLOCK_BOOTTIME, {611561, 554569797}) = 0
28293 11:34:34 select(7, [3 4], [3], NULL, NULL) = 1 (out [3])
28293 11:34:34 clock_gettime(CLOCK_BOOTTIME, {611561, 554659782}) = 0
28293 11:34:34 write(3, "\245&8\2544Y\24\37HNDa\307\7\365\367\207\347\247a\244\230\22(\35\10\335\257?\347\335'"..., 40) = 40
28293 11:34:34 clock_gettime(CLOCK_BOOTTIME, {611561, 554757047}) = 0
28293 11:34:34 clock_gettime(CLOCK_BOOTTIME, {611561, 554797006}) = 0
28293 11:34:34 select(7, [3 4], [], NULL, NULL) = 1 (in [3])
28293 11:34:34 clock_gettime(CLOCK_BOOTTIME, {611561, 556631181}) = 0
28293 11:34:34 read(3, "\3706\\\250\34\f8\272\342\1\206\233\227;\334\351\236\6\340\266\233\27%/\221cZ\301M\300\244\273"..., 8192) = 56
28293 11:34:34 clock_gettime(CLOCK_BOOTTIME, {611561, 556724300}) = 0
28293 11:34:34 clock_gettime(CLOCK_BOOTTIME, {611561, 556776442}) = 0
28293 11:34:34 select(7, [3 4], [5], NULL, NULL) = 1 (out [5])
28293 11:34:34 clock_gettime(CLOCK_BOOTTIME, {611561, 556862050}) = 0
28293 11:34:34 write(5, "\10\10\10\10\10\10\10\10exit\33[K", 15) = 15
28293 11:34:34 clock_gettime(CLOCK_BOOTTIME, {611561, 556989459}) = 0
28293 11:34:34 clock_gettime(CLOCK_BOOTTIME, {611561, 557043625}) = 0
28293 11:34:34 select(7, [3 4], [], NULL, NULL) = 1 (in [4])
28293 11:34:35 clock_gettime(CLOCK_BOOTTIME, {611561, 876601966}) = 0
28293 11:34:35 read(4, "\33[A", 16384)  = 3
28293 11:34:35 clock_gettime(CLOCK_BOOTTIME, {611561, 876727045}) = 0
28293 11:34:35 clock_gettime(CLOCK_BOOTTIME, {611561, 876768960}) = 0
28293 11:34:35 select(7, [3 4], [3], NULL, NULL) = 1 (out [3])
28293 11:34:35 clock_gettime(CLOCK_BOOTTIME, {611561, 876858240}) = 0
28293 11:34:35 write(3, "\247\350^\321^6\353\363(0(n\200\222\343\225w\360\271\231\273\247qB\204M\365\334b\325PU"..., 40) = 40
28293 11:34:35 clock_gettime(CLOCK_BOOTTIME, {611561, 876958332}) = 0
28293 11:34:35 clock_gettime(CLOCK_BOOTTIME, {611561, 876998842}) = 0
28293 11:34:35 select(7, [3 4], [], NULL, NULL) = 1 (in [3])
28293 11:34:35 clock_gettime(CLOCK_BOOTTIME, {611561, 878640944}) = 0
28293 11:34:35 read(3, "\352\1wpu\372\210c\2203\0\270\253:[\354\30\214\206\360\364\245\2\323\247-S\25Ve\245a"..., 8192) = 40
28293 11:34:35 clock_gettime(CLOCK_BOOTTIME, {611561, 878735739}) = 0
28293 11:34:35 clock_gettime(CLOCK_BOOTTIME, {611561, 878777439}) = 0
28293 11:34:35 select(7, [3 4], [5], NULL, NULL) = 1 (out [5])
28293 11:34:35 clock_gettime(CLOCK_BOOTTIME, {611561, 878864583}) = 0
28293 11:34:35 write(5, "\10\10\10\10ifconfig", 12) = 12
28293 11:34:35 clock_gettime(CLOCK_BOOTTIME, {611561, 878992700}) = 0
28293 11:34:35 clock_gettime(CLOCK_BOOTTIME, {611561, 879046376}) = 0
28293 11:34:35 select(7, [3 4], [], NULL, NULL) = 1 (in [4])
28293 11:34:35 clock_gettime(CLOCK_BOOTTIME, {611562, 194430232}) = 0
28293 11:34:35 read(4, "\33[A", 16384)  = 3
28293 11:34:35 clock_gettime(CLOCK_BOOTTIME, {611562, 194582624}) = 0
28293 11:34:35 clock_gettime(CLOCK_BOOTTIME, {611562, 194626678}) = 0
28293 11:34:35 select(7, [3 4], [3], NULL, NULL) = 1 (out [3])
28293 11:34:35 clock_gettime(CLOCK_BOOTTIME, {611562, 194718016}) = 0
28293 11:34:35 write(3, "\f4\372\2239\244%B\200\247\374\361\17u\305s\244aM\324{\255\270\5\216\356\212\210\30)\332o"..., 40) = 40
28293 11:34:35 clock_gettime(CLOCK_BOOTTIME, {611562, 194820475}) = 0
28293 11:34:35 clock_gettime(CLOCK_BOOTTIME, {611562, 194862114}) = 0
28293 11:34:35 select(7, [3 4], [], NULL, NULL) = 1 (in [3])
28293 11:34:35 clock_gettime(CLOCK_BOOTTIME, {611562, 196635572}) = 0
28293 11:34:35 read(3, "\275\343l\275jD])\227\246e\353\257\224\340\266Uo\2/[\302\251l\232\252\311\t\2416\t\350"..., 8192) = 56
28293 11:34:35 clock_gettime(CLOCK_BOOTTIME, {611562, 196736166}) = 0
28293 11:34:35 clock_gettime(CLOCK_BOOTTIME, {611562, 196778761}) = 0
28293 11:34:35 select(7, [3 4], [5], NULL, NULL) = 1 (out [5])
28293 11:34:35 clock_gettime(CLOCK_BOOTTIME, {611562, 196869003}) = 0
28293 11:34:35 write(5, "\10\10\10\10\10\10\10\10exit\33[K", 15) = 15
28293 11:34:35 clock_gettime(CLOCK_BOOTTIME, {611562, 196986662}) = 0
28293 11:34:35 clock_gettime(CLOCK_BOOTTIME, {611562, 197041686}) = 0
28293 11:34:35 select(7, [3 4], [], NULL, NULL) = 1 (in [4])
28293 11:34:35 clock_gettime(CLOCK_BOOTTIME, {611562, 512872562}) = 0
28293 11:34:35 read(4, "\33[A", 16384)  = 3
28293 11:34:35 clock_gettime(CLOCK_BOOTTIME, {611562, 512977081}) = 0
28293 11:34:35 clock_gettime(CLOCK_BOOTTIME, {611562, 513026801}) = 0
28293 11:34:35 select(7, [3 4], [3], NULL, NULL) = 1 (out [3])
28293 11:34:35 clock_gettime(CLOCK_BOOTTIME, {611562, 513121101}) = 0
28293 11:34:35 write(3, "vh\246+T$\213,\367\213\234\256\363\363\3F\341G\2337.H&\357)\256p9\245\266=\0"..., 40) = 40
28293 11:34:35 clock_gettime(CLOCK_BOOTTIME, {611562, 513214072}) = 0
28293 11:34:35 clock_gettime(CLOCK_BOOTTIME, {611562, 513254444}) = 0
28293 11:34:35 select(7, [3 4], [], NULL, NULL) = 1 (in [3])
28293 11:34:35 clock_gettime(CLOCK_BOOTTIME, {611562, 514616793}) = 0
28293 11:34:35 read(3, "VX&\226y\323\34c\303\356\370I\266[\5^[\\\17\341\354y\36\353\361OD'\177i\335F"..., 8192) = 40
28293 11:34:35 clock_gettime(CLOCK_BOOTTIME, {611562, 514721096}) = 0
28293 11:34:35 clock_gettime(CLOCK_BOOTTIME, {611562, 514759803}) = 0
28293 11:34:35 select(7, [3 4], [5], NULL, NULL) = 1 (out [5])
28293 11:34:35 clock_gettime(CLOCK_BOOTTIME, {611562, 514843646}) = 0
28293 11:34:35 write(5, "\10\10\10\10ls\33[K", 9) = 9
28293 11:34:35 clock_gettime(CLOCK_BOOTTIME, {611562, 514970258}) = 0
28293 11:34:35 clock_gettime(CLOCK_BOOTTIME, {611562, 515021710}) = 0
28293 11:34:35 select(7, [3 4], [], NULL, NULL) = 1 (in [4])
28293 11:34:36 clock_gettime(CLOCK_BOOTTIME, {611562, 800273347}) = 0
28293 11:34:36 read(4, "\33[A", 16384)  = 3
28293 11:34:36 clock_gettime(CLOCK_BOOTTIME, {611562, 800397846}) = 0
28293 11:34:36 clock_gettime(CLOCK_BOOTTIME, {611562, 800439965}) = 0
28293 11:34:36 select(7, [3 4], [3], NULL, NULL) = 1 (out [3])
28293 11:34:36 clock_gettime(CLOCK_BOOTTIME, {611562, 800532399}) = 0
28293 11:34:36 write(3, "Gn.\26\v\323mg\263XY\202\32*\256Z\4\266c\315S\337V\0309\322`\211\246\276j3"..., 40) = 40
28293 11:34:36 clock_gettime(CLOCK_BOOTTIME, {611562, 800640490}) = 0
28293 11:34:36 clock_gettime(CLOCK_BOOTTIME, {611562, 800682418}) = 0
28293 11:34:36 select(7, [3 4], [], NULL, NULL) = 1 (in [3])
28293 11:34:36 clock_gettime(CLOCK_BOOTTIME, {611562, 802628847}) = 0
28293 11:34:36 read(3, "tQ\347'i\205\30\311\7\365\370\202\330\267\373B\341\7\33\25r\275'W\225\316\37\273v\32\206\34"..., 8192) = 40
28293 11:34:36 clock_gettime(CLOCK_BOOTTIME, {611562, 802722589}) = 0
28293 11:34:36 clock_gettime(CLOCK_BOOTTIME, {611562, 802763739}) = 0
28293 11:34:36 select(7, [3 4], [5], NULL, NULL) = 1 (out [5])
28293 11:34:36 clock_gettime(CLOCK_BOOTTIME, {611562, 802852547}) = 0
28293 11:34:36 write(5, "dafasd", 6)    = 6
28293 11:34:36 clock_gettime(CLOCK_BOOTTIME, {611562, 802982968}) = 0
28293 11:34:36 clock_gettime(CLOCK_BOOTTIME, {611562, 803029994}) = 0
28293 11:34:36 select(7, [3 4], [], NULL, NULL) = 1 (in [4])
28293 11:34:36 clock_gettime(CLOCK_BOOTTIME, {611563, 75164148}) = 0
28293 11:34:36 read(4, "\33[B", 16384)  = 3
28293 11:34:36 clock_gettime(CLOCK_BOOTTIME, {611563, 75339584}) = 0
28293 11:34:36 clock_gettime(CLOCK_BOOTTIME, {611563, 75382589}) = 0
28293 11:34:36 select(7, [3 4], [3], NULL, NULL) = 1 (out [3])
28293 11:34:36 clock_gettime(CLOCK_BOOTTIME, {611563, 75475158}) = 0
28293 11:34:36 write(3, "\23\242\257\357\272\302\320~\316\16\3258\323\354\24\10\313\201T\243\335\317\20Q\255} !\236aQ "..., 40) = 40
28293 11:34:36 clock_gettime(CLOCK_BOOTTIME, {611563, 75585306}) = 0
28293 11:34:36 clock_gettime(CLOCK_BOOTTIME, {611563, 75626519}) = 0
28293 11:34:36 select(7, [3 4], [], NULL, NULL) = 1 (in [3])
28293 11:34:36 clock_gettime(CLOCK_BOOTTIME, {611563, 77637634}) = 0
28293 11:34:36 read(3, "\372\372\276\261\333>L{B\322\v\215\317!e\324\376\177\0071/\216\207\306\2028\2427\342\241\300\340"..., 8192) = 40
28293 11:34:36 clock_gettime(CLOCK_BOOTTIME, {611563, 77735397}) = 0
28293 11:34:36 clock_gettime(CLOCK_BOOTTIME, {611563, 77776845}) = 0
28293 11:34:36 select(7, [3 4], [5], NULL, NULL) = 1 (out [5])
28293 11:34:36 clock_gettime(CLOCK_BOOTTIME, {611563, 77865967}) = 0
28293 11:34:36 write(5, "\10\10\10\10\10\10\33[K", 9) = 9
28293 11:34:36 clock_gettime(CLOCK_BOOTTIME, {611563, 78008121}) = 0
28293 11:34:36 clock_gettime(CLOCK_BOOTTIME, {611563, 78055871}) = 0
28293 11:34:36 select(7, [3 4], [], NULL, NULL) = 1 (in [4])
28293 11:34:36 clock_gettime(CLOCK_BOOTTIME, {611563, 577516217}) = 0
28293 11:34:36 read(4, "\33[B", 16384)  = 3
28293 11:34:36 clock_gettime(CLOCK_BOOTTIME, {611563, 577650674}) = 0
28293 11:34:36 clock_gettime(CLOCK_BOOTTIME, {611563, 577691332}) = 0
28293 11:34:36 select(7, [3 4], [3], NULL, NULL) = 1 (out [3])
28293 11:34:36 clock_gettime(CLOCK_BOOTTIME, {611563, 577780070}) = 0
28293 11:34:36 write(3, "\212\232\23\\\370.T|\t\275\212\1\v=\25i\352\256\365\245\3?\323\206\232\0\255[\274<\200M"..., 40) = 40
28293 11:34:36 clock_gettime(CLOCK_BOOTTIME, {611563, 577880678}) = 0
28293 11:34:36 clock_gettime(CLOCK_BOOTTIME, {611563, 577933997}) = 0
28293 11:34:36 select(7, [3 4], [], NULL, NULL) = 1 (in [3])
28293 11:34:36 clock_gettime(CLOCK_BOOTTIME, {611563, 579631047}) = 0
28293 11:34:36 read(3, "u\327\335&\10\36!w\372\4!\330n\2(0\351\274\330\322\246\3j:_!\315|y`C\f"..., 8192) = 40
28293 11:34:36 clock_gettime(CLOCK_BOOTTIME, {611563, 579722955}) = 0
28293 11:34:36 clock_gettime(CLOCK_BOOTTIME, {611563, 579762921}) = 0
28293 11:34:36 select(7, [3 4], [5], NULL, NULL) = 1 (out [5])
28293 11:34:36 clock_gettime(CLOCK_BOOTTIME, {611563, 579848214}) = 0
28293 11:34:36 write(5, "\10\10exit", 6) = 6
28293 11:34:36 clock_gettime(CLOCK_BOOTTIME, {611563, 579977577}) = 0
28293 11:34:36 clock_gettime(CLOCK_BOOTTIME, {611563, 580025160}) = 0
28293 11:34:36 select(7, [3 4], [], NULL, NULL) = 1 (in [4])
28293 11:34:37 clock_gettime(CLOCK_BOOTTIME, {611563, 618480526}) = 0
28293 11:34:37 read(4, "\33[B", 16384)  = 3
28293 11:34:37 clock_gettime(CLOCK_BOOTTIME, {611563, 618599847}) = 0
28293 11:34:37 clock_gettime(CLOCK_BOOTTIME, {611563, 618639464}) = 0
28293 11:34:37 select(7, [3 4], [3], NULL, NULL) = 1 (out [3])
28293 11:34:37 clock_gettime(CLOCK_BOOTTIME, {611563, 618726122}) = 0
28293 11:34:37 write(3, "\240\3520d]\346Lbw\334\211]\275\317u1\353\340h\367\263\254\fqlo=\276\\:\373\\"..., 40) = 40
28293 11:34:37 clock_gettime(CLOCK_BOOTTIME, {611563, 618823676}) = 0
28293 11:34:37 clock_gettime(CLOCK_BOOTTIME, {611563, 618862012}) = 0
28293 11:34:37 select(7, [3 4], [], NULL, NULL) = 1 (in [3])
28293 11:34:37 clock_gettime(CLOCK_BOOTTIME, {611563, 620627288}) = 0
28293 11:34:37 read(3, "E[\273\240\273\2344g\2241\270\235\316\257r\23_7\306\260\230\304\ne|%P\34\0\210\327U"..., 8192) = 40
28293 11:34:37 clock_gettime(CLOCK_BOOTTIME, {611563, 620716512}) = 0
28293 11:34:37 clock_gettime(CLOCK_BOOTTIME, {611563, 620754337}) = 0
28293 11:34:37 select(7, [3 4], [5], NULL, NULL) = 1 (out [5])
28293 11:34:37 clock_gettime(CLOCK_BOOTTIME, {611563, 620837783}) = 0
28293 11:34:37 write(5, "\10\10\10\10ifconfig", 12) = 12
28293 11:34:37 clock_gettime(CLOCK_BOOTTIME, {611563, 620959006}) = 0
28293 11:34:37 clock_gettime(CLOCK_BOOTTIME, {611563, 620997864}) = 0
28293 11:34:37 select(7, [3 4], [], NULL, NULL) = 1 (in [4])
28293 11:34:37 clock_gettime(CLOCK_BOOTTIME, {611563, 640880905}) = 0
28293 11:34:37 read(4, "\33[B", 16384)  = 3
28293 11:34:37 clock_gettime(CLOCK_BOOTTIME, {611563, 640981900}) = 0
28293 11:34:37 clock_gettime(CLOCK_BOOTTIME, {611563, 641026212}) = 0
28293 11:34:37 select(7, [3 4], [3], NULL, NULL) = 1 (out [3])
28293 11:34:37 clock_gettime(CLOCK_BOOTTIME, {611563, 641114688}) = 0
28293 11:34:37 write(3, "\371OV{0T\323\315\224}x?\314\1\373\236<d\337[L\372\336\v\220\306,\355\17\272\r+"..., 40) = 40
28293 11:34:37 clock_gettime(CLOCK_BOOTTIME, {611563, 641208216}) = 0
28293 11:34:37 clock_gettime(CLOCK_BOOTTIME, {611563, 641246962}) = 0
28293 11:34:37 select(7, [3 4], [], NULL, NULL) = 1 (in [3])
28293 11:34:37 clock_gettime(CLOCK_BOOTTIME, {611563, 642621019}) = 0
28293 11:34:37 read(3, "H\t>\254\352s!\251\270\355J\226<\321u\17\316\201\201\217\344\334\247\203\346t\317\223\346-\350{"..., 8192) = 56
28293 11:34:37 clock_gettime(CLOCK_BOOTTIME, {611563, 642706897}) = 0
28293 11:34:37 clock_gettime(CLOCK_BOOTTIME, {611563, 642744615}) = 0
28293 11:34:37 select(7, [3 4], [5], NULL, NULL) = 1 (out [5])
28293 11:34:37 clock_gettime(CLOCK_BOOTTIME, {611563, 642826851}) = 0
28293 11:34:37 write(5, "\10\10\10\10\10\10\10\10exit\33[K", 15) = 15
28293 11:34:37 clock_gettime(CLOCK_BOOTTIME, {611563, 642934459}) = 0
28293 11:34:37 clock_gettime(CLOCK_BOOTTIME, {611563, 642972480}) = 0
28293 11:34:37 select(7, [3 4], [], NULL, NULL) = 1 (in [4])
28293 11:34:37 clock_gettime(CLOCK_BOOTTIME, {611563, 673178531}) = 0
28293 11:34:37 read(4, "\33[B", 16384)  = 3
28293 11:34:37 clock_gettime(CLOCK_BOOTTIME, {611563, 673280395}) = 0
28293 11:34:37 clock_gettime(CLOCK_BOOTTIME, {611563, 673319774}) = 0
28293 11:34:37 select(7, [3 4], [3], NULL, NULL) = 1 (out [3])
28293 11:34:37 clock_gettime(CLOCK_BOOTTIME, {611563, 673417848}) = 0
28293 11:34:37 write(3, "\343\245\352\220\372`\23]A\206y\231\316\312'\247\237,\260\203\371l\230\22W\25\270\302\27i\261V"..., 40) = 40
28293 11:34:37 clock_gettime(CLOCK_BOOTTIME, {611563, 673512092}) = 0
28293 11:34:37 clock_gettime(CLOCK_BOOTTIME, {611563, 673551316}) = 0
28293 11:34:37 select(7, [3 4], [], NULL, NULL) = 1 (in [3])
28293 11:34:37 clock_gettime(CLOCK_BOOTTIME, {611563, 675606225}) = 0
28293 11:34:37 read(3, "\343\261\271\234z\204C\301\3622\35\220\304\33\344\242V\37R9i\237\16+\302d\3223\225\0353\274"..., 8192) = 40
28293 11:34:37 clock_gettime(CLOCK_BOOTTIME, {611563, 675693691}) = 0
28293 11:34:37 clock_gettime(CLOCK_BOOTTIME, {611563, 675732623}) = 0
28293 11:34:37 select(7, [3 4], [5], NULL, NULL) = 1 (out [5])
28293 11:34:37 clock_gettime(CLOCK_BOOTTIME, {611563, 675814315}) = 0
28293 11:34:37 write(5, "\10\10\10\10ifconfig", 12) = 12
28293 11:34:37 clock_gettime(CLOCK_BOOTTIME, {611563, 675927759}) = 0
28293 11:34:37 clock_gettime(CLOCK_BOOTTIME, {611563, 675966904}) = 0
28293 11:34:37 select(7, [3 4], [], NULL, NULL) = 1 (in [4])
28293 11:34:37 clock_gettime(CLOCK_BOOTTIME, {611563, 705412734}) = 0
28293 11:34:37 read(4, "\33[B", 16384)  = 3
28293 11:34:37 clock_gettime(CLOCK_BOOTTIME, {611563, 705516665}) = 0
28293 11:34:37 clock_gettime(CLOCK_BOOTTIME, {611563, 705556083}) = 0
28293 11:34:37 select(7, [3 4], [3], NULL, NULL) = 1 (out [3])
28293 11:34:37 clock_gettime(CLOCK_BOOTTIME, {611563, 705640245}) = 0
28293 11:34:37 write(3, "\257o\35EN2\336e\230\266\"\255\207\331\211j\267nY\5\2\217\236Rv\215\206-\345\21\272B"..., 40) = 40
28293 11:34:37 clock_gettime(CLOCK_BOOTTIME, {611563, 705735400}) = 0
28293 11:34:37 clock_gettime(CLOCK_BOOTTIME, {611563, 705773246}) = 0
28293 11:34:37 select(7, [3 4], [], NULL, NULL) = 1 (in [3])
28293 11:34:37 clock_gettime(CLOCK_BOOTTIME, {611563, 707606729}) = 0
28293 11:34:37 read(3, "\353T\30\314B \352'\231o\317\3\215\3e7#6\341\17\356\0\4\322\6n\260:\247\350%\254"..., 8192) = 56
28293 11:34:37 clock_gettime(CLOCK_BOOTTIME, {611563, 707696612}) = 0
28293 11:34:37 clock_gettime(CLOCK_BOOTTIME, {611563, 707735761}) = 0
28293 11:34:37 select(7, [3 4], [5], NULL, NULL) = 1 (out [5])
28293 11:34:37 clock_gettime(CLOCK_BOOTTIME, {611563, 707818752}) = 0
28293 11:34:37 write(5, "\10\10\10\10\10\10\10\10exit\33[K", 15) = 15
28293 11:34:37 clock_gettime(CLOCK_BOOTTIME, {611563, 707936330}) = 0
28293 11:34:37 clock_gettime(CLOCK_BOOTTIME, {611563, 707976366}) = 0
28293 11:34:37 select(7, [3 4], [], NULL, NULL) = 1 (in [4])
28293 11:34:37 clock_gettime(CLOCK_BOOTTIME, {611563, 738570857}) = 0
28293 11:34:37 read(4, "\33[B", 16384)  = 3
28293 11:34:37 clock_gettime(CLOCK_BOOTTIME, {611563, 738670813}) = 0
28293 11:34:37 clock_gettime(CLOCK_BOOTTIME, {611563, 738709853}) = 0
28293 11:34:37 select(7, [3 4], [3], NULL, NULL) = 1 (out [3])
28293 11:34:37 clock_gettime(CLOCK_BOOTTIME, {611563, 738793117}) = 0
28293 11:34:37 write(3, "\272\32\274\346Cm0q\370\353\252\304h}\31f5\201\257\320\337\3471(<;\352\26<\246\255\265"..., 40) = 40
28293 11:34:37 clock_gettime(CLOCK_BOOTTIME, {611563, 738887054}) = 0
28293 11:34:37 clock_gettime(CLOCK_BOOTTIME, {611563, 738926373}) = 0
28293 11:34:37 select(7, [3 4], [], NULL, NULL) = 1 (in [3])
28293 11:34:37 clock_gettime(CLOCK_BOOTTIME, {611563, 740603698}) = 0
28293 11:34:37 read(3, ">\374K\365\256I\210\367\375c\244X\331\317\223\377F\0348O\372\30\344\37l\3538\230\322\0040\263"..., 8192) = 40
28293 11:34:37 clock_gettime(CLOCK_BOOTTIME, {611563, 740689507}) = 0
28293 11:34:37 clock_gettime(CLOCK_BOOTTIME, {611563, 740727546}) = 0
28293 11:34:37 select(7, [3 4], [5], NULL, NULL) = 1 (out [5])
28293 11:34:37 clock_gettime(CLOCK_BOOTTIME, {611563, 740809723}) = 0
28293 11:34:37 write(5, "\10\10\10\10   fasd", 11) = 11
28293 11:34:37 clock_gettime(CLOCK_BOOTTIME, {611563, 740920824}) = 0
28293 11:34:37 clock_gettime(CLOCK_BOOTTIME, {611563, 740960814}) = 0
28293 11:34:37 select(7, [3 4], [], NULL, NULL) = 1 (in [4])
28293 11:34:37 clock_gettime(CLOCK_BOOTTIME, {611563, 771763715}) = 0
28293 11:34:37 read(4, "\33[B", 16384)  = 3
28293 11:34:37 clock_gettime(CLOCK_BOOTTIME, {611563, 771883130}) = 0
28293 11:34:37 clock_gettime(CLOCK_BOOTTIME, {611563, 771923020}) = 0
28293 11:34:37 select(7, [3 4], [3], NULL, NULL) = 1 (out [3])
28293 11:34:37 clock_gettime(CLOCK_BOOTTIME, {611563, 772021690}) = 0
28293 11:34:37 write(3, "\214`Bd}\251P\247{91\t\207\356\247\217NZ\355m\205\263\220\352-\312\370<\230a\222\274"..., 40) = 40
28293 11:34:37 clock_gettime(CLOCK_BOOTTIME, {611563, 772123173}) = 0
28293 11:34:37 clock_gettime(CLOCK_BOOTTIME, {611563, 772162118}) = 0
28293 11:34:37 select(7, [3 4], [], NULL, NULL) = 1 (in [3])
28293 11:34:37 clock_gettime(CLOCK_BOOTTIME, {611563, 773603525}) = 0
28293 11:34:37 read(3, "\377\370\337\233_\243\0308\vf\376\2r\262\212o\340\272\27\321L<\277\244\r\267\205\354\27D\216\253"..., 8192) = 40
28293 11:34:37 clock_gettime(CLOCK_BOOTTIME, {611563, 773690148}) = 0
28293 11:34:37 clock_gettime(CLOCK_BOOTTIME, {611563, 773728717}) = 0
28293 11:34:37 select(7, [3 4], [5], NULL, NULL) = 1 (out [5])
28293 11:34:37 clock_gettime(CLOCK_BOOTTIME, {611563, 773811082}) = 0
28293 11:34:37 write(5, "\10\10\10\10\10\10\10exit\33[K", 14) = 14
28293 11:34:37 clock_gettime(CLOCK_BOOTTIME, {611563, 773926374}) = 0
28293 11:34:37 clock_gettime(CLOCK_BOOTTIME, {611563, 773964958}) = 0
28293 11:34:37 select(7, [3 4], [], NULL, NULL) = 1 (in [4])
28293 11:34:37 clock_gettime(CLOCK_BOOTTIME, {611563, 806875308}) = 0
28293 11:34:37 read(4, "\33[B", 16384)  = 3
28293 11:34:37 clock_gettime(CLOCK_BOOTTIME, {611563, 806978043}) = 0
28293 11:34:37 clock_gettime(CLOCK_BOOTTIME, {611563, 807023597}) = 0
28293 11:34:37 select(7, [3 4], [3], NULL, NULL) = 1 (out [3])
28293 11:34:37 clock_gettime(CLOCK_BOOTTIME, {611563, 807113299}) = 0
28293 11:34:37 write(3, "\200\351\203\312f\223d\25\313\223\343\246Q\211\270\36502I5[\231\2l1A%\341+y\35\202"..., 40) = 40
28293 11:34:37 clock_gettime(CLOCK_BOOTTIME, {611563, 807207702}) = 0
28293 11:34:37 clock_gettime(CLOCK_BOOTTIME, {611563, 807256880}) = 0
28293 11:34:37 select(7, [3 4], [], NULL, NULL) = 1 (in [3])
28293 11:34:37 clock_gettime(CLOCK_BOOTTIME, {611563, 808619488}) = 0
28293 11:34:37 read(3, "\330Z\317\315\234a\17\351W\217\276\267hh\10\35\270\360\230f\234\227\245X\334c\270\344g\203\224\316"..., 8192) = 40
28293 11:34:37 clock_gettime(CLOCK_BOOTTIME, {611563, 808706624}) = 0
28293 11:34:37 clock_gettime(CLOCK_BOOTTIME, {611563, 808744207}) = 0
28293 11:34:37 select(7, [3 4], [5], NULL, NULL) = 1 (out [5])
28293 11:34:37 clock_gettime(CLOCK_BOOTTIME, {611563, 808825680}) = 0
28293 11:34:37 write(5, "\10\10\10\10ifconfig", 12) = 12
28293 11:34:37 clock_gettime(CLOCK_BOOTTIME, {611563, 808928546}) = 0
28293 11:34:37 clock_gettime(CLOCK_BOOTTIME, {611563, 808983878}) = 0
28293 11:34:37 select(7, [3 4], [], NULL, NULL) = 1 (in [4])
28293 11:34:37 clock_gettime(CLOCK_BOOTTIME, {611563, 838139456}) = 0
28293 11:34:37 read(4, "\33[B", 16384)  = 3
28293 11:34:37 clock_gettime(CLOCK_BOOTTIME, {611563, 838234269}) = 0
28293 11:34:37 clock_gettime(CLOCK_BOOTTIME, {611563, 838273295}) = 0
28293 11:34:37 select(7, [3 4], [3], NULL, NULL) = 1 (out [3])
28293 11:34:37 clock_gettime(CLOCK_BOOTTIME, {611563, 838356361}) = 0
28293 11:34:37 write(3, "\231\332\201`\321\221\220/c\334\221l\277\343\17:6\356#B\372\241\357\264\7\230\344\372\321\32\256\326"..., 40) = 40
28293 11:34:37 clock_gettime(CLOCK_BOOTTIME, {611563, 838449590}) = 0
28293 11:34:37 clock_gettime(CLOCK_BOOTTIME, {611563, 838488488}) = 0
28293 11:34:37 select(7, [3 4], [], NULL, NULL) = 1 (in [3])
28293 11:34:37 clock_gettime(CLOCK_BOOTTIME, {611563, 839606148}) = 0
28293 11:34:37 read(3, "\25\261\317\203\247\326t8\374H\364\254K\213\224\17\5\217\362d\310P:qQ.\332j`\355\230\213"..., 8192) = 56
28293 11:34:37 clock_gettime(CLOCK_BOOTTIME, {611563, 839693579}) = 0
28293 11:34:37 clock_gettime(CLOCK_BOOTTIME, {611563, 839732657}) = 0
28293 11:34:37 select(7, [3 4], [5], NULL, NULL) = 1 (out [5])
28293 11:34:37 clock_gettime(CLOCK_BOOTTIME, {611563, 839815566}) = 0
28293 11:34:37 write(5, "\10\10\10\10\10\10\10\10exit\33[K", 15) = 15
28293 11:34:37 clock_gettime(CLOCK_BOOTTIME, {611563, 839940183}) = 0
28293 11:34:37 clock_gettime(CLOCK_BOOTTIME, {611563, 839980259}) = 0
28293 11:34:37 select(7, [3 4], [], NULL, NULL) = 1 (in [4])
28293 11:34:37 clock_gettime(CLOCK_BOOTTIME, {611563, 871376685}) = 0
28293 11:34:37 read(4, "\33[B", 16384)  = 3
28293 11:34:37 clock_gettime(CLOCK_BOOTTIME, {611563, 871505746}) = 0
28293 11:34:37 clock_gettime(CLOCK_BOOTTIME, {611563, 871544982}) = 0
28293 11:34:37 select(7, [3 4], [3], NULL, NULL) = 1 (out [3])
28293 11:34:37 clock_gettime(CLOCK_BOOTTIME, {611563, 871629782}) = 0
28293 11:34:37 write(3, "\370'Od\300@p)sd\27<Z\310\4\t<G\210\231\220\r\277Bd\31\207e\273\366\177V"..., 40) = 40
28293 11:34:37 clock_gettime(CLOCK_BOOTTIME, {611563, 871722133}) = 0
28293 11:34:37 clock_gettime(CLOCK_BOOTTIME, {611563, 871761223}) = 0
28293 11:34:37 select(7, [3 4], [], NULL, NULL) = 1 (in [3])
28293 11:34:37 clock_gettime(CLOCK_BOOTTIME, {611563, 873602830}) = 0
28293 11:34:37 read(3, "8\374\325\362B\310\345\230\300=\27\321eK\316UE\333\356\363\236\230\250\262\213\7jV\202\202\n\\"..., 8192) = 40
28293 11:34:37 clock_gettime(CLOCK_BOOTTIME, {611563, 873689428}) = 0
28293 11:34:37 clock_gettime(CLOCK_BOOTTIME, {611563, 873728526}) = 0
28293 11:34:37 select(7, [3 4], [5], NULL, NULL) = 1 (out [5])
28293 11:34:37 clock_gettime(CLOCK_BOOTTIME, {611563, 873810675}) = 0
28293 11:34:37 write(5, "\10\10\10\10ls\33[K", 9) = 9
28293 11:34:37 clock_gettime(CLOCK_BOOTTIME, {611563, 873925195}) = 0
28293 11:34:37 clock_gettime(CLOCK_BOOTTIME, {611563, 873964551}) = 0
28293 11:34:37 select(7, [3 4], [], NULL, NULL) = 1 (in [4])
28293 11:34:37 clock_gettime(CLOCK_BOOTTIME, {611563, 903565345}) = 0
28293 11:34:37 read(4, "\33[B", 16384)  = 3
28293 11:34:37 clock_gettime(CLOCK_BOOTTIME, {611563, 903672416}) = 0
28293 11:34:37 clock_gettime(CLOCK_BOOTTIME, {611563, 903712504}) = 0
28293 11:34:37 select(7, [3 4], [3], NULL, NULL) = 1 (out [3])
28293 11:34:37 clock_gettime(CLOCK_BOOTTIME, {611563, 903796878}) = 0
28293 11:34:37 write(3, "\233Q\5\22\230\3\177}zJ\222\230E7]\333\25e\302\335s\341\310\220\324\r\24\215D\365}\200"..., 40) = 40
28293 11:34:37 clock_gettime(CLOCK_BOOTTIME, {611563, 903892221}) = 0
28293 11:34:37 clock_gettime(CLOCK_BOOTTIME, {611563, 903931218}) = 0
28293 11:34:37 select(7, [3 4], [], NULL, NULL) = 1 (in [3])
28293 11:34:37 clock_gettime(CLOCK_BOOTTIME, {611563, 905607963}) = 0
28293 11:34:37 read(3, "\241VL\304\203o\310J\257\323-QK\237\211\256\247\262M\26c\214o\247\25\303\242(\243\3006\360"..., 8192) = 40
28293 11:34:37 clock_gettime(CLOCK_BOOTTIME, {611563, 905696387}) = 0
28293 11:34:37 clock_gettime(CLOCK_BOOTTIME, {611563, 905734709}) = 0
28293 11:34:37 select(7, [3 4], [5], NULL, NULL) = 1 (out [5])
28293 11:34:37 clock_gettime(CLOCK_BOOTTIME, {611563, 905817627}) = 0
28293 11:34:37 write(5, "\10\10exit", 6) = 6
28293 11:34:37 clock_gettime(CLOCK_BOOTTIME, {611563, 905930930}) = 0
28293 11:34:37 clock_gettime(CLOCK_BOOTTIME, {611563, 905970077}) = 0
28293 11:34:37 select(7, [3 4], [], NULL, NULL) = 1 (in [4])
28293 11:34:37 clock_gettime(CLOCK_BOOTTIME, {611563, 939254932}) = 0
28293 11:34:37 read(4, "\33[B", 16384)  = 3
28293 11:34:37 clock_gettime(CLOCK_BOOTTIME, {611563, 939370860}) = 0
28293 11:34:37 clock_gettime(CLOCK_BOOTTIME, {611563, 939411475}) = 0
28293 11:34:37 select(7, [3 4], [3], NULL, NULL) = 1 (out [3])
28293 11:34:37 clock_gettime(CLOCK_BOOTTIME, {611563, 939498078}) = 0
28293 11:34:37 write(3, "\244\263\212d\26\346]u\275\227\320\271_\3242\211j\225\23Z\307/\221\2\245\366\270\231#(\232\35"..., 40) = 40
28293 11:34:37 clock_gettime(CLOCK_BOOTTIME, {611563, 939597413}) = 0
28293 11:34:37 clock_gettime(CLOCK_BOOTTIME, {611563, 939636604}) = 0
28293 11:34:37 select(7, [3 4], [], NULL, NULL) = 1 (in [3])
28293 11:34:37 clock_gettime(CLOCK_BOOTTIME, {611563, 941613868}) = 0
28293 11:34:37 read(3, "\25\340\323\32\301e\347\257\304v Y\326\217e\277\0x\223w\371}\363\27q\4&AL\342G\233"..., 8192) = 40
28293 11:34:37 clock_gettime(CLOCK_BOOTTIME, {611563, 941700983}) = 0
28293 11:34:37 clock_gettime(CLOCK_BOOTTIME, {611563, 941739833}) = 0
28293 11:34:37 select(7, [3 4], [5], NULL, NULL) = 1 (out [5])
28293 11:34:37 clock_gettime(CLOCK_BOOTTIME, {611563, 941837464}) = 0
28293 11:34:37 write(5, "\10\10\10\10\33[K", 7) = 7
28293 11:34:37 clock_gettime(CLOCK_BOOTTIME, {611563, 941964197}) = 0
28293 11:34:37 clock_gettime(CLOCK_BOOTTIME, {611563, 942008978}) = 0
28293 11:34:37 select(7, [3 4], [], NULL, NULL) = 1 (in [4])
28293 11:34:37 clock_gettime(CLOCK_BOOTTIME, {611563, 970408368}) = 0
28293 11:34:37 read(4, "\33[B", 16384)  = 3
28293 11:34:37 clock_gettime(CLOCK_BOOTTIME, {611563, 970508161}) = 0
28293 11:34:37 clock_gettime(CLOCK_BOOTTIME, {611563, 970547595}) = 0
28293 11:34:37 select(7, [3 4], [3], NULL, NULL) = 1 (out [3])
28293 11:34:37 clock_gettime(CLOCK_BOOTTIME, {611563, 970631228}) = 0
28293 11:34:37 write(3, "\377\2467\307C6W\307'Y(\200\260\30o@\346\203\315\337f\262\245/%\23\337k\272\314G\311"..., 40) = 40
28293 11:34:37 clock_gettime(CLOCK_BOOTTIME, {611563, 970724489}) = 0
28293 11:34:37 clock_gettime(CLOCK_BOOTTIME, {611563, 970763575}) = 0
28293 11:34:37 select(7, [3 4], [], NULL, NULL) = 1 (in [3])
28293 11:34:37 clock_gettime(CLOCK_BOOTTIME, {611563, 972611779}) = 0
28293 11:34:37 read(3, "\311\2 \310\2537\243X\201\305\357\27\343}I\231[5\233~\250\346.]\351Ng\357\270\0034\4"..., 8192) = 40
28293 11:34:37 clock_gettime(CLOCK_BOOTTIME, {611563, 972699708}) = 0
28293 11:34:37 clock_gettime(CLOCK_BOOTTIME, {611563, 972738116}) = 0
28293 11:34:37 select(7, [3 4], [5], NULL, NULL) = 1 (out [5])
28293 11:34:37 clock_gettime(CLOCK_BOOTTIME, {611563, 972821061}) = 0
28293 11:34:37 write(5, "\7", 1)        = 1
28293 11:34:37 clock_gettime(CLOCK_BOOTTIME, {611563, 972935087}) = 0
28293 11:34:37 clock_gettime(CLOCK_BOOTTIME, {611563, 972974089}) = 0
28293 11:34:37 select(7, [3 4], [], NULL, NULL) = 1 (in [4])
28293 11:34:38 clock_gettime(CLOCK_BOOTTIME, {611564, 607591085}) = 0
28293 11:34:38 read(4, "e", 16384)      = 1
28293 11:34:38 clock_gettime(CLOCK_BOOTTIME, {611564, 607707494}) = 0
28293 11:34:38 clock_gettime(CLOCK_BOOTTIME, {611564, 607758200}) = 0
28293 11:34:38 select(7, [3 4], [3], NULL, NULL) = 1 (out [3])
28293 11:34:38 clock_gettime(CLOCK_BOOTTIME, {611564, 607852549}) = 0
28293 11:34:38 write(3, "!\244\24\235#\v\261\266\332\366\347M\3376\362\ry\332{\266\263\227\356\265M\310\311\306\305\253\374\235"..., 40) = 40
28293 11:34:38 clock_gettime(CLOCK_BOOTTIME, {611564, 607962615}) = 0
28293 11:34:38 clock_gettime(CLOCK_BOOTTIME, {611564, 608008510}) = 0
28293 11:34:38 select(7, [3 4], [], NULL, NULL) = 1 (in [3])
28293 11:34:38 clock_gettime(CLOCK_BOOTTIME, {611564, 609636314}) = 0
28293 11:34:38 read(3, "\344*\250~;D\31\221tf\343\17\243Mb\0vHo\307\32\23\306H\3206\267\7\244\246eO"..., 8192) = 40
28293 11:34:38 clock_gettime(CLOCK_BOOTTIME, {611564, 609732480}) = 0
28293 11:34:38 clock_gettime(CLOCK_BOOTTIME, {611564, 609772937}) = 0
28293 11:34:38 select(7, [3 4], [5], NULL, NULL) = 1 (out [5])
28293 11:34:38 clock_gettime(CLOCK_BOOTTIME, {611564, 609861913}) = 0
28293 11:34:38 write(5, "e", 1)         = 1
28293 11:34:38 clock_gettime(CLOCK_BOOTTIME, {611564, 609995727}) = 0
28293 11:34:38 clock_gettime(CLOCK_BOOTTIME, {611564, 610046060}) = 0
28293 11:34:38 select(7, [3 4], [], NULL, NULL) = 1 (in [4])
28293 11:34:38 clock_gettime(CLOCK_BOOTTIME, {611564, 856685299}) = 0
28293 11:34:38 read(4, "x", 16384)      = 1
28293 11:34:38 clock_gettime(CLOCK_BOOTTIME, {611564, 856808791}) = 0
28293 11:34:38 clock_gettime(CLOCK_BOOTTIME, {611564, 856850760}) = 0
28293 11:34:38 select(7, [3 4], [3], NULL, NULL) = 1 (out [3])
28293 11:34:38 clock_gettime(CLOCK_BOOTTIME, {611564, 856943017}) = 0
28293 11:34:38 write(3, "\202\357\16\301\234\357\211(\314\233I\377)\10\266\256\314\200\217\370\336\305\255\365\6\245\263\"\317\220\271\233"..., 40) = 40
28293 11:34:38 clock_gettime(CLOCK_BOOTTIME, {611564, 857072115}) = 0
28293 11:34:38 clock_gettime(CLOCK_BOOTTIME, {611564, 857114788}) = 0
28293 11:34:38 select(7, [3 4], [], NULL, NULL) = 1 (in [3])
28293 11:34:38 clock_gettime(CLOCK_BOOTTIME, {611564, 858622533}) = 0
28293 11:34:38 read(3, "\3710<\261\215p\3\222\360\323-\213\331\0\10\362\212\341T\232\344\23517\331\235\216c\373\271\2\232"..., 8192) = 40
28293 11:34:38 clock_gettime(CLOCK_BOOTTIME, {611564, 858730617}) = 0
28293 11:34:38 clock_gettime(CLOCK_BOOTTIME, {611564, 858771356}) = 0
28293 11:34:38 select(7, [3 4], [5], NULL, NULL) = 1 (out [5])
28293 11:34:38 clock_gettime(CLOCK_BOOTTIME, {611564, 858860678}) = 0
28293 11:34:38 write(5, "x", 1)         = 1
28293 11:34:38 clock_gettime(CLOCK_BOOTTIME, {611564, 859022882}) = 0
28293 11:34:38 clock_gettime(CLOCK_BOOTTIME, {611564, 859076141}) = 0
28293 11:34:38 select(7, [3 4], [], NULL, NULL) = 1 (in [4])
28293 11:34:38 clock_gettime(CLOCK_BOOTTIME, {611564, 924090494}) = 0
28293 11:34:38 read(4, "i", 16384)      = 1
28293 11:34:38 clock_gettime(CLOCK_BOOTTIME, {611564, 924204981}) = 0
28293 11:34:38 clock_gettime(CLOCK_BOOTTIME, {611564, 924245085}) = 0
28293 11:34:38 select(7, [3 4], [3], NULL, NULL) = 1 (out [3])
28293 11:34:38 clock_gettime(CLOCK_BOOTTIME, {611564, 924332687}) = 0
28293 11:34:38 write(3, "\213\274\276^\374\2753\0065b\354\7;\r\3242\226\337J\306\266\277\3610j\335\4*\2\362(."..., 40) = 40
28293 11:34:38 clock_gettime(CLOCK_BOOTTIME, {611564, 924434748}) = 0
28293 11:34:38 clock_gettime(CLOCK_BOOTTIME, {611564, 924474048}) = 0
28293 11:34:38 select(7, [3 4], [], NULL, NULL) = 1 (in [3])
28293 11:34:38 clock_gettime(CLOCK_BOOTTIME, {611564, 925630654}) = 0
28293 11:34:38 read(3, "c\16<\330/\255\356\36\330c\215\326\220\362\266\265\241o]q\330\213\252\246\21fR\217\\H\252\303"..., 8192) = 40
28293 11:34:38 clock_gettime(CLOCK_BOOTTIME, {611564, 925720438}) = 0
28293 11:34:38 clock_gettime(CLOCK_BOOTTIME, {611564, 925759189}) = 0
28293 11:34:38 select(7, [3 4], [5], NULL, NULL) = 1 (out [5])
28293 11:34:38 clock_gettime(CLOCK_BOOTTIME, {611564, 925843134}) = 0
28293 11:34:38 write(5, "i", 1)         = 1
28293 11:34:38 clock_gettime(CLOCK_BOOTTIME, {611564, 925968467}) = 0
28293 11:34:38 clock_gettime(CLOCK_BOOTTIME, {611564, 926017374}) = 0
28293 11:34:38 select(7, [3 4], [], NULL, NULL) = 1 (in [4])
28293 11:34:38 clock_gettime(CLOCK_BOOTTIME, {611565, 123653237}) = 0
28293 11:34:38 read(4, "t", 16384)      = 1
28293 11:34:38 clock_gettime(CLOCK_BOOTTIME, {611565, 123778767}) = 0
28293 11:34:38 clock_gettime(CLOCK_BOOTTIME, {611565, 123818275}) = 0
28293 11:34:38 select(7, [3 4], [3], NULL, NULL) = 1 (out [3])
28293 11:34:38 clock_gettime(CLOCK_BOOTTIME, {611565, 123905282}) = 0
28293 11:34:38 write(3, "7\234\203>\0331(\30\332\272t\232\21\361 \16\234\327\205\37U\354\376Y\227@\275.;\3769\266"..., 40) = 40
28293 11:34:38 clock_gettime(CLOCK_BOOTTIME, {611565, 124011276}) = 0
28293 11:34:38 clock_gettime(CLOCK_BOOTTIME, {611565, 124053335}) = 0
28293 11:34:38 select(7, [3 4], [], NULL, NULL) = 1 (in [3])
28293 11:34:38 clock_gettime(CLOCK_BOOTTIME, {611565, 125624729}) = 0
28293 11:34:38 read(3, "L\300T0\2346\365\333<\372\311\230Oh\215\232\333\235m4<\242\4\330w^m\202\210\250\24\335"..., 8192) = 40
28293 11:34:38 clock_gettime(CLOCK_BOOTTIME, {611565, 125711968}) = 0
28293 11:34:38 clock_gettime(CLOCK_BOOTTIME, {611565, 125750955}) = 0
28293 11:34:38 select(7, [3 4], [5], NULL, NULL) = 1 (out [5])
28293 11:34:38 clock_gettime(CLOCK_BOOTTIME, {611565, 125833743}) = 0
28293 11:34:38 write(5, "t", 1)         = 1
28293 11:34:38 clock_gettime(CLOCK_BOOTTIME, {611565, 125956288}) = 0
28293 11:34:38 clock_gettime(CLOCK_BOOTTIME, {611565, 125996627}) = 0
28293 11:34:38 select(7, [3 4], [], NULL, NULL) = 1 (in [4])
28293 11:34:38 clock_gettime(CLOCK_BOOTTIME, {611565, 218405422}) = 0
28293 11:34:38 read(4, "\r", 16384)     = 1
28293 11:34:38 clock_gettime(CLOCK_BOOTTIME, {611565, 218538294}) = 0
28293 11:34:38 clock_gettime(CLOCK_BOOTTIME, {611565, 218578697}) = 0
28293 11:34:38 select(7, [3 4], [3], NULL, NULL) = 1 (out [3])
28293 11:34:38 clock_gettime(CLOCK_BOOTTIME, {611565, 218665114}) = 0
28293 11:34:38 write(3, "\312\210w\244\251\305\366\177H\315s{\264\221\223T\321\373D\31\332`\226'\356[tVx\327\260\312"..., 40) = 40
28293 11:34:38 clock_gettime(CLOCK_BOOTTIME, {611565, 218766988}) = 0
28293 11:34:38 clock_gettime(CLOCK_BOOTTIME, {611565, 218818833}) = 0
28293 11:34:38 select(7, [3 4], [], NULL, NULL) = 1 (in [3])
28293 11:34:38 clock_gettime(CLOCK_BOOTTIME, {611565, 223734924}) = 0
28293 11:34:38 read(3, "\2\3\200\325\205\5\267\340\231N>\23wn\327f,M\334D\3217\203KD\365\345\356\260\300~B"..., 8192) = 200
28293 11:34:38 close(4)                 = 0
28293 11:34:38 clock_gettime(CLOCK_BOOTTIME, {611565, 223881968}) = 0
28293 11:34:38 clock_gettime(CLOCK_BOOTTIME, {611565, 223921040}) = 0
28293 11:34:38 select(7, [3], [5], NULL, NULL) = 1 (out [5])
28293 11:34:38 clock_gettime(CLOCK_BOOTTIME, {611565, 224008380}) = 0
28293 11:34:38 write(5, "\r\nlogout\r\n", 10) = 10
28293 11:34:38 clock_gettime(CLOCK_BOOTTIME, {611565, 224103741}) = 0
28293 11:34:38 clock_gettime(CLOCK_BOOTTIME, {611565, 224127664}) = 0
28293 11:34:38 close(5)                 = 0
28293 11:34:38 ioctl(0, SNDCTL_TMR_STOP or TCSETSW, {B38400 opost isig icanon echo ...}) = 0
28293 11:34:38 close(6)                 = 0
28293 11:34:38 select(7, [3], [3], NULL, NULL) = 1 (out [3])
28293 11:34:38 clock_gettime(CLOCK_BOOTTIME, {611565, 224379468}) = 0
28293 11:34:38 write(3, "\251\353e\0\347ht@\275\16 \202\341U\376F\357u\30w=\234\324\274", 24) = 24
28293 11:34:38 rt_sigaction(SIGWINCH, NULL, {0x55fb7cb51c80, [], SA_RESTORER, 0x7f814595f270}, 8) = 0
28293 11:34:38 rt_sigaction(SIGWINCH, {SIG_DFL, [], SA_RESTORER, 0x7f814595f270}, NULL, 8) = 0
28293 11:34:38 write(3, "U3\30\2339eG,\5UL\360\36\203r\372\rXOr\0317\333\v\33\226y\30^j\3418"..., 56) = 56
28293 11:34:38 ioctl(0, TCGETS, {B38400 opost isig icanon echo ...}) = 0
28293 11:34:38 ioctl(1, TCGETS, {B38400 opost isig icanon echo ...}) = 0
28293 11:34:38 ioctl(2, TCGETS, {B38400 opost isig icanon echo ...}) = 0
28293 11:34:38 write(2, "Connection to 10.5.0.208 closed."..., 34) = 34
28293 11:34:38 shutdown(3, SHUT_RDWR)   = 0
28293 11:34:38 close(3)                 = 0
28293 11:34:38 write(1, "random tag:p376mx0jit", 21) = 21
28293 11:34:38 exit_group(0)            = ?
28293 11:34:38 +++ exited with 0 +++
