22308 05:38:05 select(4, [3], NULL, NULL, NULL) = 1 (in [3])
22308 05:38:05 read(3, "\0\0\3\274\n!\0\0\1\25\0\0\0\7ssh-rsa\0\0\0\1#\0\0\1\1\0\264"..., 8192) = 976
22308 05:38:05 open("/root/.ssh/known_hosts", O_RDONLY) = 4
22308 05:38:05 fstat(4, {st_mode=S_IFREG|0644, st_size=1177, ...}) = 0
22308 05:38:05 mmap(NULL, 4096, PROT_READ|PROT_WRITE, MAP_PRIVATE|MAP_ANONYMOUS, -1, 0) = 0x7f858990b000
22308 05:38:05 read(4, "172.19.0.36 ssh-rsa AAAAB3NzaC1y"..., 4096) = 1177
22308 05:38:05 read(4, "", 4096)        = 0
22308 05:38:05 close(4)                 = 0
22308 05:38:05 munmap(0x7f858990b000, 4096) = 0
22308 05:38:05 open("/root/.ssh/known_hosts2", O_RDONLY) = -1 ENOENT (No such file or directory)
22308 05:38:05 open("/usr/local/openssh/etc/ssh_known_hosts", O_RDONLY) = -1 ENOENT (No such file or directory)
22308 05:38:05 open("/usr/local/openssh/etc/ssh_known_hosts2", O_RDONLY) = -1 ENOENT (No such file or directory)
22308 05:38:05 clock_gettime(CLOCK_BOOTTIME, {676571, 924032023}) = 0
22308 05:38:05 write(3, "\0\0\0\f\n\25\0\0\0\0\0\0\0\0\0\0", 16) = 16
22308 05:38:05 write(3, "{\275\372\243\364\350E\361-\252cP\266\344z\25\30C>Z!k\1\212\305\210\200G\267\277<u"..., 40) = 40
22308 05:38:05 select(4, [3], NULL, NULL, NULL) = 1 (in [3])
22308 05:38:05 read(3, "\376\37x|\330o5\264\237\340\233\374\230.6\341\302pn\245\243R\265\24\210\303\16\344RQ\224\240"..., 8192) = 40
22308 05:38:05 write(3, "9G\30\335\363\3638\212[\3415\342\214\370=\17\346\361\30\322\354\2514TF\235AD~v\345\216"..., 56) = 56
22308 05:38:05 select(4, [3], NULL, NULL, NULL) = 1 (in [3])
22308 05:38:05 read(3, "\341\220\322\333\260/\v\30\310\325\22N.>h\0\263\273e\35X%\254{\26\10|Q\244\212e\376"..., 8192) = 72
22308 05:38:05 stat("/root/.ssh/id_rsa", 0x7ffeef05d240) = -1 ENOENT (No such file or directory)
22308 05:38:05 stat("/root/.ssh/id_dsa", 0x7ffeef05d240) = -1 ENOENT (No such file or directory)
22308 05:38:05 stat("/root/.ssh/id_ecdsa", 0x7ffeef05d240) = -1 ENOENT (No such file or directory)
22308 05:38:05 stat("/root/.ssh/id_ed25519", 0x7ffeef05d240) = -1 ENOENT (No such file or directory)
22308 05:38:05 open("/dev/tty", O_RDWR) = 4
22308 05:38:05 close(4)                 = 0
22308 05:38:05 open("/dev/tty", O_RDWR) = 4
22308 05:38:05 ioctl(4, TCGETS, {B38400 opost isig icanon echo ...}) = 0
22308 05:38:05 ioctl(4, SNDCTL_TMR_CONTINUE or TCSETSF, {B38400 opost isig icanon -echo ...}) = 0
22308 05:38:05 rt_sigaction(SIGALRM, {0x55592f8ba0a0, [], SA_RESTORER, 0x7f858848f270}, {SIG_DFL, [], 0}, 8) = 0
22308 05:38:05 rt_sigaction(SIGHUP, {0x55592f8ba0a0, [], SA_RESTORER, 0x7f858848f270}, {SIG_DFL, [], 0}, 8) = 0
22308 05:38:05 rt_sigaction(SIGINT, {0x55592f8ba0a0, [], SA_RESTORER, 0x7f858848f270}, {SIG_DFL, [], 0}, 8) = 0
22308 05:38:05 rt_sigaction(SIGPIPE, {0x55592f8ba0a0, [], SA_RESTORER, 0x7f858848f270}, {SIG_IGN, [], SA_RESTORER, 0x7f858848f270}, 8) = 0
22308 05:38:05 rt_sigaction(SIGQUIT, {0x55592f8ba0a0, [], SA_RESTORER, 0x7f858848f270}, {SIG_DFL, [], 0}, 8) = 0
22308 05:38:05 rt_sigaction(SIGTERM, {0x55592f8ba0a0, [], SA_RESTORER, 0x7f858848f270}, {SIG_DFL, [], 0}, 8) = 0
22308 05:38:05 rt_sigaction(SIGTSTP, {0x55592f8ba0a0, [], SA_RESTORER, 0x7f858848f270}, {SIG_DFL, [], 0}, 8) = 0
22308 05:38:05 rt_sigaction(SIGTTIN, {0x55592f8ba0a0, [], SA_RESTORER, 0x7f858848f270}, {SIG_DFL, [], 0}, 8) = 0
22308 05:38:05 rt_sigaction(SIGTTOU, {0x55592f8ba0a0, [], SA_RESTORER, 0x7f858848f270}, {SIG_DFL, [], 0}, 8) = 0
22308 05:38:05 write(4, "root@10.5.0.208's password: ", 28) = 28
22308 05:38:05 read(4, "y", 1)          = 1
22308 05:38:05 read(4, "o", 1)          = 1
22308 05:38:05 read(4, "t", 1)          = 1
22308 05:38:05 read(4, "p", 1)          = 1
22308 05:38:05 read(4, "4", 1)          = 1
22308 05:38:05 read(4, "o", 1)          = 1
22308 05:38:05 read(4, "z", 1)          = 1
22308 05:38:05 read(4, "A", 1)          = 1
22308 05:38:05 read(4, "c", 1)          = 1
22308 05:38:05 read(4, "C", 1)          = 1
22308 05:38:05 read(4, "=", 1)          = 1
22308 05:38:05 read(4, "b", 1)          = 1
22308 05:38:05 read(4, "~", 1)          = 1
22308 05:38:05 read(4, "V", 1)          = 1
22308 05:38:05 read(4, "4", 1)          = 1
22308 05:38:05 read(4, "K", 1)          = 1
22308 05:38:05 read(4, "G", 1)          = 1
22308 05:38:05 read(4, "V", 1)          = 1
22308 05:38:05 read(4, "/", 1)          = 1
22308 05:38:05 read(4, "s", 1)          = 1
22308 05:38:05 read(4, "\n", 1)         = 1
22308 05:38:05 write(4, "\n", 1)        = 1
22308 05:38:05 ioctl(4, SNDCTL_TMR_CONTINUE or TCSETSF, {B38400 opost isig icanon echo ...}) = 0
22308 05:38:05 rt_sigaction(SIGALRM, {SIG_DFL, [], SA_RESTORER, 0x7f858848f270}, NULL, 8) = 0
22308 05:38:05 rt_sigaction(SIGHUP, {SIG_DFL, [], SA_RESTORER, 0x7f858848f270}, NULL, 8) = 0
22308 05:38:05 rt_sigaction(SIGINT, {SIG_DFL, [], SA_RESTORER, 0x7f858848f270}, NULL, 8) = 0
22308 05:38:05 rt_sigaction(SIGQUIT, {SIG_DFL, [], SA_RESTORER, 0x7f858848f270}, NULL, 8) = 0
22308 05:38:05 rt_sigaction(SIGPIPE, {SIG_IGN, [], SA_RESTORER, 0x7f858848f270}, NULL, 8) = 0
22308 05:38:05 rt_sigaction(SIGTERM, {SIG_DFL, [], SA_RESTORER, 0x7f858848f270}, NULL, 8) = 0
22308 05:38:05 rt_sigaction(SIGTSTP, {SIG_DFL, [], SA_RESTORER, 0x7f858848f270}, NULL, 8) = 0
22308 05:38:05 rt_sigaction(SIGTTIN, {SIG_DFL, [], SA_RESTORER, 0x7f858848f270}, NULL, 8) = 0
22308 05:38:05 rt_sigaction(SIGTTOU, {SIG_DFL, [], SA_RESTORER, 0x7f858848f270}, NULL, 8) = 0
22308 05:38:05 close(4)                 = 0
22308 05:38:05 write(3, "\340\346\t\25m\322\210\315\10\260R\271\260\36]\34?\366\0*EU\246\344X]u6p\31\231e"..., 136) = 136
22308 05:38:05 select(4, [3], NULL, NULL, NULL) = 1 (in [3])
22308 05:38:05 read(3, "n\332M\0338\f\213\213\273\310\307l\t\360\246\213B\vc\362\243\2169`", 8192) = 24
22308 05:38:05 dup(0)                   = 4
22308 05:38:05 dup(1)                   = 5
22308 05:38:05 dup(2)                   = 6
22308 05:38:05 ioctl(4, TCGETS, {B38400 opost isig icanon echo ...}) = 0
22308 05:38:05 ioctl(5, TCGETS, {B38400 opost isig icanon echo ...}) = 0
22308 05:38:05 ioctl(6, TCGETS, {B38400 opost isig icanon echo ...}) = 0
22308 05:38:05 fcntl(4, F_SETFD, FD_CLOEXEC) = 0
22308 05:38:05 fcntl(5, F_SETFD, FD_CLOEXEC) = 0
22308 05:38:05 fcntl(6, F_SETFD, FD_CLOEXEC) = 0
22308 05:38:05 rt_sigaction(SIGHUP, NULL, {SIG_DFL, [], SA_RESTORER, 0x7f858848f270}, 8) = 0
22308 05:38:05 rt_sigaction(SIGHUP, {SIG_IGN, [], SA_RESTORER, 0x7f858848f270}, NULL, 8) = 0
22308 05:38:05 rt_sigaction(SIGHUP, NULL, {SIG_IGN, [], SA_RESTORER, 0x7f858848f270}, 8) = 0
22308 05:38:05 rt_sigaction(SIGHUP, {0x55592f8629c0, [], SA_RESTORER, 0x7f858848f270}, NULL, 8) = 0
22308 05:38:05 rt_sigaction(SIGINT, NULL, {SIG_DFL, [], SA_RESTORER, 0x7f858848f270}, 8) = 0
22308 05:38:05 rt_sigaction(SIGINT, {SIG_IGN, [], SA_RESTORER, 0x7f858848f270}, NULL, 8) = 0
22308 05:38:05 rt_sigaction(SIGINT, NULL, {SIG_IGN, [], SA_RESTORER, 0x7f858848f270}, 8) = 0
22308 05:38:05 rt_sigaction(SIGINT, {0x55592f8629c0, [], SA_RESTORER, 0x7f858848f270}, NULL, 8) = 0
22308 05:38:05 rt_sigaction(SIGQUIT, NULL, {SIG_DFL, [], SA_RESTORER, 0x7f858848f270}, 8) = 0
22308 05:38:05 rt_sigaction(SIGQUIT, {SIG_IGN, [], SA_RESTORER, 0x7f858848f270}, NULL, 8) = 0
22308 05:38:05 rt_sigaction(SIGQUIT, NULL, {SIG_IGN, [], SA_RESTORER, 0x7f858848f270}, 8) = 0
22308 05:38:05 rt_sigaction(SIGQUIT, {0x55592f8629c0, [], SA_RESTORER, 0x7f858848f270}, NULL, 8) = 0
22308 05:38:05 rt_sigaction(SIGTERM, NULL, {SIG_DFL, [], SA_RESTORER, 0x7f858848f270}, 8) = 0
22308 05:38:05 rt_sigaction(SIGTERM, {SIG_IGN, [], SA_RESTORER, 0x7f858848f270}, NULL, 8) = 0
22308 05:38:05 rt_sigaction(SIGTERM, NULL, {SIG_IGN, [], SA_RESTORER, 0x7f858848f270}, 8) = 0
22308 05:38:05 rt_sigaction(SIGTERM, {0x55592f8629c0, [], SA_RESTORER, 0x7f858848f270}, NULL, 8) = 0
22308 05:38:05 rt_sigaction(SIGWINCH, NULL, {SIG_DFL, [], 0}, 8) = 0
22308 05:38:05 rt_sigaction(SIGWINCH, {0x55592f862c50, [], SA_RESTORER, 0x7f858848f270}, NULL, 8) = 0
22308 05:38:05 ioctl(0, TCGETS, {B38400 opost isig icanon echo ...}) = 0
22308 05:38:05 ioctl(0, SNDCTL_TMR_STOP or TCSETSW, {B38400 -opost -isig -icanon -echo ...}) = 0
22308 05:38:05 clock_gettime(CLOCK_BOOTTIME, {676572, 4414263}) = 0
22308 05:38:05 clock_gettime(CLOCK_BOOTTIME, {676572, 4466529}) = 0
22308 05:38:05 select(7, [3], [3], NULL, NULL) = 1 (out [3])
22308 05:38:05 clock_gettime(CLOCK_BOOTTIME, {676572, 4554211}) = 0
22308 05:38:05 write(3, "\\\365f\370<\206E3\321\1\t\362j\214\213Mb\347\222\261\257\314@z\t\216\243\230\247\1\227\32"..., 112) = 112
22308 05:38:05 clock_gettime(CLOCK_BOOTTIME, {676572, 4646157}) = 0
22308 05:38:05 clock_gettime(CLOCK_BOOTTIME, {676572, 4685751}) = 0
22308 05:38:05 select(7, [3], [], NULL, NULL) = 1 (in [3])
22308 05:38:05 clock_gettime(CLOCK_BOOTTIME, {676572, 4992186}) = 0
22308 05:38:05 read(3, "\221\r+/\20@\336O\215\\\261:G\271\320o\364\325\\\301\34\215\374)\7DE\364\374\344\305."..., 8192) = 40
22308 05:38:05 getsockopt(3, SOL_TCP, TCP_NODELAY, [0], [4]) = 0
22308 05:38:05 setsockopt(3, SOL_TCP, TCP_NODELAY, [1], 4) = 0
22308 05:38:05 getsockname(3, {sa_family=AF_INET, sin_port=htons(49784), sin_addr=inet_addr("10.5.0.222")}, [16]) = 0
22308 05:38:05 setsockopt(3, SOL_IP, IP_TOS, [16], 4) = 0
22308 05:38:05 ioctl(0, TIOCGWINSZ, {ws_row=24, ws_col=147, ws_xpixel=0, ws_ypixel=0}) = 0
22308 05:38:05 clock_gettime(CLOCK_BOOTTIME, {676572, 5329961}) = 0
22308 05:38:05 clock_gettime(CLOCK_BOOTTIME, {676572, 5369983}) = 0
22308 05:38:05 select(7, [3], [3], NULL, NULL) = 1 (out [3])
22308 05:38:05 clock_gettime(CLOCK_BOOTTIME, {676572, 5452717}) = 0
22308 05:38:05 write(3, "\202\\e\370\207\27\326\260{g,mU\37o\234\346\232\355\t7^\202\367\4\347\226Q\216^\326\331"..., 368) = 368
22308 05:38:05 clock_gettime(CLOCK_BOOTTIME, {676572, 5543839}) = 0
22308 05:38:05 clock_gettime(CLOCK_BOOTTIME, {676572, 5583046}) = 0
22308 05:38:05 select(7, [3], [], NULL, NULL) = 1 (in [3])
22308 05:38:05 clock_gettime(CLOCK_BOOTTIME, {676572, 6120640}) = 0
22308 05:38:05 read(3, "9\2319\271\353=\304\347v\244\221K\212\343\331\314\314McD\213\316t-Q\205\207<\266\254\237\220"..., 8192) = 88
22308 05:38:05 clock_gettime(CLOCK_BOOTTIME, {676572, 6206566}) = 0
22308 05:38:05 clock_gettime(CLOCK_BOOTTIME, {676572, 6246013}) = 0
22308 05:38:05 select(7, [3 4], [], NULL, NULL) = 1 (in [3])
22308 05:38:05 clock_gettime(CLOCK_BOOTTIME, {676572, 11467164}) = 0
22308 05:38:05 read(3, "x\242o\345K>\352_\336\357\300<^\246\363\263\347JK\310\25\23\343\321\252\0200\302iKJ["..., 8192) = 152
22308 05:38:05 clock_gettime(CLOCK_BOOTTIME, {676572, 11559688}) = 0
22308 05:38:05 clock_gettime(CLOCK_BOOTTIME, {676572, 11599631}) = 0
22308 05:38:05 select(7, [3 4], [5], NULL, NULL) = 1 (out [5])
22308 05:38:05 clock_gettime(CLOCK_BOOTTIME, {676572, 11683626}) = 0
22308 05:38:05 write(5, "Last login: Fri Jun 22 13:33:33 "..., 111) = 111
22308 05:38:05 clock_gettime(CLOCK_BOOTTIME, {676572, 11877458}) = 0
22308 05:38:05 clock_gettime(CLOCK_BOOTTIME, {676572, 11917628}) = 0
22308 05:38:05 select(7, [3 4], [], NULL, NULL) = 1 (in [3])
22308 05:38:05 clock_gettime(CLOCK_BOOTTIME, {676572, 27462256}) = 0
22308 05:38:05 read(3, "\205\355_\343\20'\f\312$\360\366N\310\261\311HL\243\337\363\374\221x\4\351\315\16\305\212\33 \331"..., 8192) = 56
22308 05:38:05 clock_gettime(CLOCK_BOOTTIME, {676572, 27552693}) = 0
22308 05:38:05 clock_gettime(CLOCK_BOOTTIME, {676572, 27592052}) = 0
22308 05:38:05 select(7, [3 4], [5], NULL, NULL) = 1 (out [5])
22308 05:38:05 clock_gettime(CLOCK_BOOTTIME, {676572, 27676328}) = 0
22308 05:38:05 write(5, "[root@ali-p2p-h5-1 ~]# ", 23) = 23
22308 05:38:05 clock_gettime(CLOCK_BOOTTIME, {676572, 27793187}) = 0
22308 05:38:05 clock_gettime(CLOCK_BOOTTIME, {676572, 27832478}) = 0
22308 05:38:05 select(7, [3 4], [], NULL, NULL) = 1 (in [4])
22308 05:38:06 clock_gettime(CLOCK_BOOTTIME, {676573, 347216436}) = 0
22308 05:38:06 read(4, "e", 16384)      = 1
22308 05:38:06 clock_gettime(CLOCK_BOOTTIME, {676573, 347339000}) = 0
22308 05:38:06 clock_gettime(CLOCK_BOOTTIME, {676573, 347382166}) = 0
22308 05:38:06 select(7, [3 4], [3], NULL, NULL) = 1 (out [3])
22308 05:38:06 clock_gettime(CLOCK_BOOTTIME, {676573, 347473575}) = 0
22308 05:38:06 write(3, "\20\177\305N6F\274\261\10\374\4}(=\211oO\317Kk`\352\265&\326\20\303_\16\373\5g"..., 40) = 40
22308 05:38:06 clock_gettime(CLOCK_BOOTTIME, {676573, 347578200}) = 0
22308 05:38:06 clock_gettime(CLOCK_BOOTTIME, {676573, 347619452}) = 0
22308 05:38:06 select(7, [3 4], [], NULL, NULL) = 1 (in [3])
22308 05:38:06 clock_gettime(CLOCK_BOOTTIME, {676573, 349482197}) = 0
22308 05:38:06 read(3, "j\372\233\344\355D\177\t\271\331\327\37\207\304\177/\4\335\36\223\274\\\2061\334\245:\322\336a\225%"..., 8192) = 40
22308 05:38:06 clock_gettime(CLOCK_BOOTTIME, {676573, 349578758}) = 0
22308 05:38:06 clock_gettime(CLOCK_BOOTTIME, {676573, 349618917}) = 0
22308 05:38:06 select(7, [3 4], [5], NULL, NULL) = 1 (out [5])
22308 05:38:06 clock_gettime(CLOCK_BOOTTIME, {676573, 349714226}) = 0
22308 05:38:06 write(5, "e", 1)         = 1
22308 05:38:06 clock_gettime(CLOCK_BOOTTIME, {676573, 349834578}) = 0
22308 05:38:06 clock_gettime(CLOCK_BOOTTIME, {676573, 349856485}) = 0
22308 05:38:06 select(7, [3 4], [], NULL, NULL) = 1 (in [4])
22308 05:38:06 clock_gettime(CLOCK_BOOTTIME, {676573, 603578683}) = 0
22308 05:38:06 read(4, "x", 16384)      = 1
22308 05:38:06 clock_gettime(CLOCK_BOOTTIME, {676573, 603697695}) = 0
22308 05:38:06 clock_gettime(CLOCK_BOOTTIME, {676573, 603749255}) = 0
22308 05:38:06 select(7, [3 4], [3], NULL, NULL) = 1 (out [3])
22308 05:38:06 clock_gettime(CLOCK_BOOTTIME, {676573, 603839520}) = 0
22308 05:38:06 write(3, "\33v\250\rBB\240\314\275T\207\21\360\347\274\375\370\316\354.`\275\307\266\255\322\332\347\34Uy\247"..., 40) = 40
22308 05:38:06 clock_gettime(CLOCK_BOOTTIME, {676573, 603945722}) = 0
22308 05:38:06 clock_gettime(CLOCK_BOOTTIME, {676573, 603987517}) = 0
22308 05:38:06 select(7, [3 4], [], NULL, NULL) = 1 (in [3])
22308 05:38:06 clock_gettime(CLOCK_BOOTTIME, {676573, 605458439}) = 0
22308 05:38:06 read(3, "G%\21-\6\363\245\376\327\365\204\331\312\10\252\0223C\263\326\27\2135\264\253hH\251`rG\316"..., 8192) = 40
22308 05:38:06 clock_gettime(CLOCK_BOOTTIME, {676573, 605550940}) = 0
22308 05:38:07 clock_gettime(CLOCK_BOOTTIME, {676573, 605592933}) = 0
22308 05:38:07 select(7, [3 4], [5], NULL, NULL) = 1 (out [5])
22308 05:38:07 clock_gettime(CLOCK_BOOTTIME, {676573, 605682522}) = 0
22308 05:38:07 write(5, "x", 1)         = 1
22308 05:38:07 clock_gettime(CLOCK_BOOTTIME, {676573, 605815239}) = 0
22308 05:38:07 clock_gettime(CLOCK_BOOTTIME, {676573, 605856690}) = 0
22308 05:38:07 select(7, [3 4], [], NULL, NULL) = 1 (in [4])
22308 05:38:07 clock_gettime(CLOCK_BOOTTIME, {676573, 699358439}) = 0
22308 05:38:07 read(4, "i", 16384)      = 1
22308 05:38:07 clock_gettime(CLOCK_BOOTTIME, {676573, 699457929}) = 0
22308 05:38:07 clock_gettime(CLOCK_BOOTTIME, {676573, 699499856}) = 0
22308 05:38:07 select(7, [3 4], [3], NULL, NULL) = 1 (out [3])
22308 05:38:07 clock_gettime(CLOCK_BOOTTIME, {676573, 699589766}) = 0
22308 05:38:07 write(3, "\361\215\\\364\330\235\10\232\207\247\30\374\273\331%\256g1n\213\247\333K\323\0257\301\225/E\276\336"..., 40) = 40
22308 05:38:07 clock_gettime(CLOCK_BOOTTIME, {676573, 699685163}) = 0
22308 05:38:07 clock_gettime(CLOCK_BOOTTIME, {676573, 699735678}) = 0
22308 05:38:07 select(7, [3 4], [], NULL, NULL) = 1 (in [3])
22308 05:38:07 clock_gettime(CLOCK_BOOTTIME, {676573, 701462496}) = 0
22308 05:38:07 read(3, "hD\351\243\244\362\2254\266\221C$Lo+\220-\351\2050\2019\16\241\203=y\344\n4uU"..., 8192) = 40
22308 05:38:07 clock_gettime(CLOCK_BOOTTIME, {676573, 701555735}) = 0
22308 05:38:07 clock_gettime(CLOCK_BOOTTIME, {676573, 701597419}) = 0
22308 05:38:07 select(7, [3 4], [5], NULL, NULL) = 1 (out [5])
22308 05:38:07 clock_gettime(CLOCK_BOOTTIME, {676573, 701683150}) = 0
22308 05:38:07 write(5, "i", 1)         = 1
22308 05:38:07 clock_gettime(CLOCK_BOOTTIME, {676573, 701803365}) = 0
22308 05:38:07 clock_gettime(CLOCK_BOOTTIME, {676573, 701842936}) = 0
22308 05:38:07 select(7, [3 4], [], NULL, NULL) = 1 (in [4])
22308 05:38:07 clock_gettime(CLOCK_BOOTTIME, {676573, 890995318}) = 0
22308 05:38:07 read(4, "t", 16384)      = 1
22308 05:38:07 clock_gettime(CLOCK_BOOTTIME, {676573, 891104335}) = 0
22308 05:38:07 clock_gettime(CLOCK_BOOTTIME, {676573, 891147356}) = 0
22308 05:38:07 select(7, [3 4], [3], NULL, NULL) = 1 (out [3])
22308 05:38:07 clock_gettime(CLOCK_BOOTTIME, {676573, 891245813}) = 0
22308 05:38:07 write(3, "\20\v.j\10c\263\275 \24\240\0375\353\r\257y\322\310\204\377\275u\17\r\315E\7\201\36~\277"..., 40) = 40
22308 05:38:07 clock_gettime(CLOCK_BOOTTIME, {676573, 891342089}) = 0
22308 05:38:07 clock_gettime(CLOCK_BOOTTIME, {676573, 891383323}) = 0
22308 05:38:07 select(7, [3 4], [], NULL, NULL) = 1 (in [3])
22308 05:38:07 clock_gettime(CLOCK_BOOTTIME, {676573, 893447318}) = 0
22308 05:38:07 read(3, "\235]N\377\362\3\327\f\240r\376\200;\0022\263'bz\236R\320\6\233\203\372\37G\310?\253a"..., 8192) = 40
22308 05:38:07 clock_gettime(CLOCK_BOOTTIME, {676573, 893537962}) = 0
22308 05:38:07 clock_gettime(CLOCK_BOOTTIME, {676573, 893580255}) = 0
22308 05:38:07 select(7, [3 4], [5], NULL, NULL) = 1 (out [5])
22308 05:38:07 clock_gettime(CLOCK_BOOTTIME, {676573, 893668623}) = 0
22308 05:38:07 write(5, "t", 1)         = 1
22308 05:38:07 clock_gettime(CLOCK_BOOTTIME, {676573, 893796213}) = 0
22308 05:38:07 clock_gettime(CLOCK_BOOTTIME, {676573, 893838042}) = 0
22308 05:38:07 select(7, [3 4], [], NULL, NULL) = 1 (in [4])
22308 05:38:07 clock_gettime(CLOCK_BOOTTIME, {676574, 28293226}) = 0
22308 05:38:07 read(4, "\r", 16384)     = 1
22308 05:38:07 clock_gettime(CLOCK_BOOTTIME, {676574, 28427920}) = 0
22308 05:38:07 clock_gettime(CLOCK_BOOTTIME, {676574, 28470358}) = 0
22308 05:38:07 select(7, [3 4], [3], NULL, NULL) = 1 (out [3])
22308 05:38:07 clock_gettime(CLOCK_BOOTTIME, {676574, 28560116}) = 0
22308 05:38:07 write(3, "\372\224\242l>y\300\270\246\345>\7\215q\16\360\305\0072m\"lh\16\t-\2\320\206?\362*"..., 40) = 40
22308 05:38:07 clock_gettime(CLOCK_BOOTTIME, {676574, 28656988}) = 0
22308 05:38:07 clock_gettime(CLOCK_BOOTTIME, {676574, 28699953}) = 0
22308 05:38:07 select(7, [3 4], [], NULL, NULL) = 1 (in [3])
22308 05:38:07 clock_gettime(CLOCK_BOOTTIME, {676574, 33560324}) = 0
22308 05:38:07 read(3, "\342G\256\265z$0\242\307\322Q\227\0|\221\324\n\332\321;p:\200\246\323/\372\354\376\252\7\275"..., 8192) = 200
22308 05:38:07 close(4)                 = 0
22308 05:38:07 clock_gettime(CLOCK_BOOTTIME, {676574, 33703262}) = 0
22308 05:38:07 clock_gettime(CLOCK_BOOTTIME, {676574, 33748332}) = 0
22308 05:38:07 select(7, [3], [5], NULL, NULL) = 1 (out [5])
22308 05:38:07 clock_gettime(CLOCK_BOOTTIME, {676574, 33837107}) = 0
22308 05:38:07 write(5, "\r\nlogout\r\n", 10) = 10
22308 05:38:07 clock_gettime(CLOCK_BOOTTIME, {676574, 33952360}) = 0
22308 05:38:07 clock_gettime(CLOCK_BOOTTIME, {676574, 33992880}) = 0
22308 05:38:07 close(5)                 = 0
22308 05:38:07 ioctl(0, SNDCTL_TMR_STOP or TCSETSW, {B38400 opost isig icanon echo ...}) = 0
22308 05:38:07 close(6)                 = 0
22308 05:38:07 select(7, [3], [3], NULL, NULL) = 1 (out [3])
22308 05:38:07 clock_gettime(CLOCK_BOOTTIME, {676574, 34241032}) = 0
22308 05:38:07 write(3, "\272\217\221\277&\324^ '\310\373\245L\313\230v\37\216\277\224B\303\271\240", 24) = 24
22308 05:38:07 rt_sigaction(SIGWINCH, NULL, {0x55592f862c50, [], SA_RESTORER, 0x7f858848f270}, 8) = 0
22308 05:38:07 rt_sigaction(SIGWINCH, {SIG_DFL, [], SA_RESTORER, 0x7f858848f270}, NULL, 8) = 0
22308 05:38:07 write(3, "\317\233a\302f\355\243)q>|\3109!e\216\217V\346\202\320i\21r\346)H\350\371\333e\342"..., 56) = 56
22308 05:38:07 ioctl(0, TCGETS, {B38400 opost isig icanon echo ...}) = 0
22308 05:38:07 ioctl(1, TCGETS, {B38400 opost isig icanon echo ...}) = 0
22308 05:38:07 ioctl(2, TCGETS, {B38400 opost isig icanon echo ...}) = 0
22308 05:38:07 write(2, "Connection to 10.5.0.208 closed."..., 34) = 34
22308 05:38:07 shutdown(3, SHUT_RDWR)   = 0
22308 05:38:07 close(3)                 = 0
22308 05:38:07 exit_group(0)            = ?
22308 05:38:07 +++ exited with 0 +++
