27324 11:03:23 select(4, [3], NULL, NULL, NULL) = 1 (in [3])
27324 11:03:23 read(3, "\0\0\1\224\10\37\0\0\1\201\0\323#\r#ur\354\351\371#Xq^\272\303\244\330\237-kM"..., 8192) = 408
27324 11:03:23 write(3, "\0\0\1\214\6 \0\0\1\200b\255\352j^\201W\343\240\206\221\254\226\to\320uN\27\227\367\23"..., 400) = 400
27324 11:03:23 select(4, [3], NULL, NULL, NULL) = 1 (in [3])
27324 11:03:23 read(3, "\0\0\3\274\n!\0\0\1\25\0\0\0\7ssh-rsa\0\0\0\1#\0\0\1\1\0\264"..., 8192) = 976
27324 11:03:23 open("/root/.ssh/known_hosts", O_RDONLY) = 4
27324 11:03:23 fstat(4, {st_mode=S_IFREG|0644, st_size=1177, ...}) = 0
27324 11:03:23 mmap(NULL, 4096, PROT_READ|PROT_WRITE, MAP_PRIVATE|MAP_ANONYMOUS, -1, 0) = 0x7f97e01df000
27324 11:03:23 read(4, "172.19.0.36 ssh-rsa AAAAB3NzaC1y"..., 4096) = 1177
27324 11:03:23 read(4, "", 4096)        = 0
27324 11:03:23 close(4)                 = 0
27324 11:03:23 munmap(0x7f97e01df000, 4096) = 0
27324 11:03:23 open("/root/.ssh/known_hosts2", O_RDONLY) = -1 ENOENT (No such file or directory)
27324 11:03:23 open("/usr/local/openssh/etc/ssh_known_hosts", O_RDONLY) = -1 ENOENT (No such file or directory)
27324 11:03:23 open("/usr/local/openssh/etc/ssh_known_hosts2", O_RDONLY) = -1 ENOENT (No such file or directory)
27324 11:03:23 clock_gettime(CLOCK_BOOTTIME, {609689, 828158870}) = 0
27324 11:03:23 write(3, "\0\0\0\f\n\25\0\0\0\0\0\0\0\0\0\0", 16) = 16
27324 11:03:23 write(3, "\224m&\2\300>\340\235Zl\10\322-;:\260\2472SgA\363\33k$\250\33\203\261Zwf"..., 40) = 40
27324 11:03:23 select(4, [3], NULL, NULL, NULL) = 1 (in [3])
27324 11:03:23 read(3, "\257\220\303\3\311M\327\300\3703\23\271\251\2212\354\rF\35\34\370\336\22\210:\233\3005\243\371\3\347"..., 8192) = 40
27324 11:03:23 write(3, "\301\240/,\27\30p\354\340,\335q\347\25\252W\330&#\220\361\242\203'Q\367S~\331\242\301\334"..., 56) = 56
27324 11:03:23 select(4, [3], NULL, NULL, NULL) = 1 (in [3])
27324 11:03:23 read(3, "\235\236\334\276\203=\230\340\210'\n\314\222wq\301\273\227\33\355\372\24uT\4\221\3\337\217\245H\216"..., 8192) = 72
27324 11:03:23 stat("/root/.ssh/id_rsa", 0x7ffd97dde500) = -1 ENOENT (No such file or directory)
27324 11:03:23 stat("/root/.ssh/id_dsa", 0x7ffd97dde500) = -1 ENOENT (No such file or directory)
27324 11:03:23 stat("/root/.ssh/id_ecdsa", 0x7ffd97dde500) = -1 ENOENT (No such file or directory)
27324 11:03:23 stat("/root/.ssh/id_ed25519", 0x7ffd97dde500) = -1 ENOENT (No such file or directory)
27324 11:03:23 open("/dev/tty", O_RDWR) = 4
27324 11:03:23 close(4)                 = 0
27324 11:03:23 open("/dev/tty", O_RDWR) = 4
27324 11:03:23 ioctl(4, TCGETS, {B38400 opost isig icanon echo ...}) = 0
27324 11:03:23 ioctl(4, SNDCTL_TMR_CONTINUE or TCSETSF, {B38400 opost isig icanon -echo ...}) = 0
27324 11:03:23 rt_sigaction(SIGALRM, {0x564eb81460d0, [], SA_RESTORER, 0x7f97ded64270}, {SIG_DFL, [], 0}, 8) = 0
27324 11:03:23 rt_sigaction(SIGHUP, {0x564eb81460d0, [], SA_RESTORER, 0x7f97ded64270}, {SIG_DFL, [], 0}, 8) = 0
27324 11:03:23 rt_sigaction(SIGINT, {0x564eb81460d0, [], SA_RESTORER, 0x7f97ded64270}, {SIG_DFL, [], 0}, 8) = 0
27324 11:03:23 rt_sigaction(SIGPIPE, {0x564eb81460d0, [], SA_RESTORER, 0x7f97ded64270}, {SIG_IGN, [], SA_RESTORER, 0x7f97ded64270}, 8) = 0
27324 11:03:23 rt_sigaction(SIGQUIT, {0x564eb81460d0, [], SA_RESTORER, 0x7f97ded64270}, {SIG_DFL, [], 0}, 8) = 0
27324 11:03:23 rt_sigaction(SIGTERM, {0x564eb81460d0, [], SA_RESTORER, 0x7f97ded64270}, {SIG_DFL, [], 0}, 8) = 0
27324 11:03:23 rt_sigaction(SIGTSTP, {0x564eb81460d0, [], SA_RESTORER, 0x7f97ded64270}, {SIG_DFL, [], 0}, 8) = 0
27324 11:03:23 rt_sigaction(SIGTTIN, {0x564eb81460d0, [], SA_RESTORER, 0x7f97ded64270}, {SIG_DFL, [], 0}, 8) = 0
27324 11:03:23 rt_sigaction(SIGTTOU, {0x564eb81460d0, [], SA_RESTORER, 0x7f97ded64270}, {SIG_DFL, [], 0}, 8) = 0
27324 11:03:23 write(4, "root@10.5.0.208's password: ", 28) = 28
27324 11:03:23 read(4, "y", 1)          = 1
27324 11:03:23 read(4, "o", 1)          = 1
27324 11:03:23 read(4, "t", 1)          = 1
27324 11:03:23 read(4, "p", 1)          = 1
27324 11:03:23 read(4, "4", 1)          = 1
27324 11:03:23 read(4, "o", 1)          = 1
27324 11:03:23 read(4, "z", 1)          = 1
27324 11:03:23 read(4, "A", 1)          = 1
27324 11:03:23 read(4, "c", 1)          = 1
27324 11:03:23 read(4, "C", 1)          = 1
27324 11:03:23 read(4, "=", 1)          = 1
27324 11:03:23 read(4, "b", 1)          = 1
27324 11:03:23 read(4, "~", 1)          = 1
27324 11:03:23 read(4, "V", 1)          = 1
27324 11:03:23 read(4, "4", 1)          = 1
27324 11:03:23 read(4, "K", 1)          = 1
27324 11:03:23 read(4, "G", 1)          = 1
27324 11:03:23 read(4, "V", 1)          = 1
27324 11:03:23 read(4, "/", 1)          = 1
27324 11:03:23 read(4, "s", 1)          = 1
27324 11:03:23 read(4, "\n", 1)         = 1
27324 11:03:23 write(4, "\n", 1)        = 1
27324 11:03:23 ioctl(4, SNDCTL_TMR_CONTINUE or TCSETSF, {B38400 opost isig icanon echo ...}) = 0
27324 11:03:23 rt_sigaction(SIGALRM, {SIG_DFL, [], SA_RESTORER, 0x7f97ded64270}, NULL, 8) = 0
27324 11:03:23 rt_sigaction(SIGHUP, {SIG_DFL, [], SA_RESTORER, 0x7f97ded64270}, NULL, 8) = 0
27324 11:03:23 rt_sigaction(SIGINT, {SIG_DFL, [], SA_RESTORER, 0x7f97ded64270}, NULL, 8) = 0
27324 11:03:23 rt_sigaction(SIGQUIT, {SIG_DFL, [], SA_RESTORER, 0x7f97ded64270}, NULL, 8) = 0
27324 11:03:23 rt_sigaction(SIGPIPE, {SIG_IGN, [], SA_RESTORER, 0x7f97ded64270}, NULL, 8) = 0
27324 11:03:23 rt_sigaction(SIGTERM, {SIG_DFL, [], SA_RESTORER, 0x7f97ded64270}, NULL, 8) = 0
27324 11:03:23 rt_sigaction(SIGTSTP, {SIG_DFL, [], SA_RESTORER, 0x7f97ded64270}, NULL, 8) = 0
27324 11:03:23 rt_sigaction(SIGTTIN, {SIG_DFL, [], SA_RESTORER, 0x7f97ded64270}, NULL, 8) = 0
27324 11:03:23 rt_sigaction(SIGTTOU, {SIG_DFL, [], SA_RESTORER, 0x7f97ded64270}, NULL, 8) = 0
27324 11:03:23 close(4)                 = 0
27324 11:03:23 write(3, "\10\26\300\324\342\252\315\353}\211\257\333\311\313\\\325\210,\352\231|\224\5\221\220\246I\5\211|\216Y"..., 136) = 136
27324 11:03:23 select(4, [3], NULL, NULL, NULL) = 1 (in [3])
27324 11:03:23 read(3, "i\372\305X}\317,\355)\320\357\220A\27\20d\307\203\37\366\317\364X;", 8192) = 24
27324 11:03:23 dup(0)                   = 4
27324 11:03:23 dup(1)                   = 5
27324 11:03:23 dup(2)                   = 6
27324 11:03:23 ioctl(4, TCGETS, {B38400 opost isig icanon echo ...}) = 0
27324 11:03:23 ioctl(5, TCGETS, {B38400 opost isig icanon echo ...}) = 0
27324 11:03:23 ioctl(6, TCGETS, {B38400 opost isig icanon echo ...}) = 0
27324 11:03:23 fcntl(4, F_SETFD, FD_CLOEXEC) = 0
27324 11:03:23 fcntl(5, F_SETFD, FD_CLOEXEC) = 0
27324 11:03:23 fcntl(6, F_SETFD, FD_CLOEXEC) = 0
27324 11:03:23 rt_sigaction(SIGHUP, NULL, {SIG_DFL, [], SA_RESTORER, 0x7f97ded64270}, 8) = 0
27324 11:03:23 rt_sigaction(SIGHUP, {SIG_IGN, [], SA_RESTORER, 0x7f97ded64270}, NULL, 8) = 0
27324 11:03:23 rt_sigaction(SIGHUP, NULL, {SIG_IGN, [], SA_RESTORER, 0x7f97ded64270}, 8) = 0
27324 11:03:23 rt_sigaction(SIGHUP, {0x564eb80ee9f0, [], SA_RESTORER, 0x7f97ded64270}, NULL, 8) = 0
27324 11:03:23 rt_sigaction(SIGINT, NULL, {SIG_DFL, [], SA_RESTORER, 0x7f97ded64270}, 8) = 0
27324 11:03:23 rt_sigaction(SIGINT, {SIG_IGN, [], SA_RESTORER, 0x7f97ded64270}, NULL, 8) = 0
27324 11:03:23 rt_sigaction(SIGINT, NULL, {SIG_IGN, [], SA_RESTORER, 0x7f97ded64270}, 8) = 0
27324 11:03:23 rt_sigaction(SIGINT, {0x564eb80ee9f0, [], SA_RESTORER, 0x7f97ded64270}, NULL, 8) = 0
27324 11:03:23 rt_sigaction(SIGQUIT, NULL, {SIG_DFL, [], SA_RESTORER, 0x7f97ded64270}, 8) = 0
27324 11:03:23 rt_sigaction(SIGQUIT, {SIG_IGN, [], SA_RESTORER, 0x7f97ded64270}, NULL, 8) = 0
27324 11:03:23 rt_sigaction(SIGQUIT, NULL, {SIG_IGN, [], SA_RESTORER, 0x7f97ded64270}, 8) = 0
27324 11:03:23 rt_sigaction(SIGQUIT, {0x564eb80ee9f0, [], SA_RESTORER, 0x7f97ded64270}, NULL, 8) = 0
27324 11:03:23 rt_sigaction(SIGTERM, NULL, {SIG_DFL, [], SA_RESTORER, 0x7f97ded64270}, 8) = 0
27324 11:03:23 rt_sigaction(SIGTERM, {SIG_IGN, [], SA_RESTORER, 0x7f97ded64270}, NULL, 8) = 0
27324 11:03:23 rt_sigaction(SIGTERM, NULL, {SIG_IGN, [], SA_RESTORER, 0x7f97ded64270}, 8) = 0
27324 11:03:23 rt_sigaction(SIGTERM, {0x564eb80ee9f0, [], SA_RESTORER, 0x7f97ded64270}, NULL, 8) = 0
27324 11:03:23 rt_sigaction(SIGWINCH, NULL, {SIG_DFL, [], 0}, 8) = 0
27324 11:03:23 rt_sigaction(SIGWINCH, {0x564eb80eec80, [], SA_RESTORER, 0x7f97ded64270}, NULL, 8) = 0
27324 11:03:23 ioctl(0, TCGETS, {B38400 opost isig icanon echo ...}) = 0
27324 11:03:23 ioctl(0, SNDCTL_TMR_STOP or TCSETSW, {B38400 -opost -isig -icanon -echo ...}) = 0
27324 11:03:23 clock_gettime(CLOCK_BOOTTIME, {609689, 904091666}) = 0
27324 11:03:23 clock_gettime(CLOCK_BOOTTIME, {609689, 904135841}) = 0
27324 11:03:23 select(7, [3], [3], NULL, NULL) = 1 (out [3])
27324 11:03:23 clock_gettime(CLOCK_BOOTTIME, {609689, 904221902}) = 0
27324 11:03:23 write(3, "\230t\177\361\334\367e\233L\365\0\370\344S\30>\1\261\343\30U\212-\205P}J\17O\374\37#"..., 112) = 112
27324 11:03:23 clock_gettime(CLOCK_BOOTTIME, {609689, 904317372}) = 0
27324 11:03:23 clock_gettime(CLOCK_BOOTTIME, {609689, 904357831}) = 0
27324 11:03:23 select(7, [3], [], NULL, NULL) = 1 (in [3])
27324 11:03:23 clock_gettime(CLOCK_BOOTTIME, {609689, 907484185}) = 0
27324 11:03:23 read(3, "\226\0053\226.\254D\314\23\26\274\313\354]D\343R\32\253u\4\341\3027\262n\346\334\210\357)T"..., 8192) = 40
27324 11:03:23 getsockopt(3, SOL_TCP, TCP_NODELAY, [0], [4]) = 0
27324 11:03:23 setsockopt(3, SOL_TCP, TCP_NODELAY, [1], 4) = 0
27324 11:03:23 getsockname(3, {sa_family=AF_INET, sin_port=htons(43100), sin_addr=inet_addr("10.5.0.222")}, [16]) = 0
27324 11:03:23 setsockopt(3, SOL_IP, IP_TOS, [16], 4) = 0
27324 11:03:23 ioctl(0, TIOCGWINSZ, {ws_row=45, ws_col=132, ws_xpixel=0, ws_ypixel=0}) = 0
27324 11:03:23 clock_gettime(CLOCK_BOOTTIME, {609689, 907823272}) = 0
27324 11:03:23 clock_gettime(CLOCK_BOOTTIME, {609689, 907871787}) = 0
27324 11:03:23 select(7, [3], [3], NULL, NULL) = 1 (out [3])
27324 11:03:23 clock_gettime(CLOCK_BOOTTIME, {609689, 907953721}) = 0
27324 11:03:23 write(3, "Y0\236e\215\343m8\254\321%\26\250\306Tb\262%Pb\254\17o\320WD\340 \277\32\364c"..., 368) = 368
27324 11:03:23 clock_gettime(CLOCK_BOOTTIME, {609689, 908057049}) = 0
27324 11:03:23 clock_gettime(CLOCK_BOOTTIME, {609689, 908096901}) = 0
27324 11:03:23 select(7, [3], [], NULL, NULL) = 1 (in [3])
27324 11:03:23 clock_gettime(CLOCK_BOOTTIME, {609689, 908626088}) = 0
27324 11:03:23 read(3, "\366J\221.6\376@b\7m}EX3\312\367\366W\267d\302\352\245X\363\266\376\274`jd\316"..., 8192) = 88
27324 11:03:23 clock_gettime(CLOCK_BOOTTIME, {609689, 908711448}) = 0
27324 11:03:23 clock_gettime(CLOCK_BOOTTIME, {609689, 908750273}) = 0
27324 11:03:23 select(7, [3 4], [], NULL, NULL) = 1 (in [3])
27324 11:03:23 clock_gettime(CLOCK_BOOTTIME, {609689, 913045269}) = 0
27324 11:03:23 read(3, "\222\340\3\t\374\2Q\234\364\30\240\315cK\375(\6?U\266^W\v>\316g$@T\24]>"..., 8192) = 152
27324 11:03:23 clock_gettime(CLOCK_BOOTTIME, {609689, 913139927}) = 0
27324 11:03:23 clock_gettime(CLOCK_BOOTTIME, {609689, 913179017}) = 0
27324 11:03:23 select(7, [3 4], [5], NULL, NULL) = 1 (out [5])
27324 11:03:23 clock_gettime(CLOCK_BOOTTIME, {609689, 913261834}) = 0
27324 11:03:23 write(5, "Last login: Thu Jun 21 18:37:10 "..., 111) = 111
27324 11:03:23 clock_gettime(CLOCK_BOOTTIME, {609689, 913397352}) = 0
27324 11:03:23 clock_gettime(CLOCK_BOOTTIME, {609689, 913437914}) = 0
27324 11:03:23 select(7, [3 4], [], NULL, NULL) = 1 (in [3])
27324 11:03:23 clock_gettime(CLOCK_BOOTTIME, {609689, 929089041}) = 0
27324 11:03:23 read(3, "\342\322\272>WIR\3r\300\363\30\335&\r\206\347\217\352\203\336\354\321Vo\202H\263\244+\222\2"..., 8192) = 56
27324 11:03:23 clock_gettime(CLOCK_BOOTTIME, {609689, 929189444}) = 0
27324 11:03:23 clock_gettime(CLOCK_BOOTTIME, {609689, 929227942}) = 0
27324 11:03:23 select(7, [3 4], [5], NULL, NULL) = 1 (out [5])
27324 11:03:23 clock_gettime(CLOCK_BOOTTIME, {609689, 929310596}) = 0
27324 11:03:23 write(5, "[root@ali-p2p-h5-1 ~]# ", 23) = 23
27324 11:03:23 clock_gettime(CLOCK_BOOTTIME, {609689, 929433935}) = 0
27324 11:03:23 clock_gettime(CLOCK_BOOTTIME, {609689, 929472814}) = 0
27324 11:03:23 select(7, [3 4], [], NULL, NULL) = 1 (in [4])
27324 11:05:22 clock_gettime(CLOCK_BOOTTIME, {609808, 844261207}) = 0
27324 11:05:22 read(4, "l", 16384)      = 1
27324 11:05:22 clock_gettime(CLOCK_BOOTTIME, {609808, 844384160}) = 0
27324 11:05:22 clock_gettime(CLOCK_BOOTTIME, {609808, 844438589}) = 0
27324 11:05:22 select(7, [3 4], [3], NULL, NULL) = 1 (out [3])
27324 11:05:22 clock_gettime(CLOCK_BOOTTIME, {609808, 844537648}) = 0
27324 11:05:22 write(3, "\214\345\27\177L\37\225\211:\5\333\32\t\3xW\5\333p\241w#i\367\330\5\32\251E3\226$"..., 40) = 40
27324 11:05:22 clock_gettime(CLOCK_BOOTTIME, {609808, 844658864}) = 0
27324 11:05:22 clock_gettime(CLOCK_BOOTTIME, {609808, 844701540}) = 0
27324 11:05:22 select(7, [3 4], [], NULL, NULL) = 1 (in [3])
27324 11:05:22 clock_gettime(CLOCK_BOOTTIME, {609808, 846098432}) = 0
27324 11:05:22 read(3, "\36\7\314\343<b\336J\2255\366\314\327\3616,\34\31\327t\346\334\243\24\232Un9\255\21\373\302"..., 8192) = 40
27324 11:05:22 clock_gettime(CLOCK_BOOTTIME, {609808, 846191722}) = 0
27324 11:05:22 clock_gettime(CLOCK_BOOTTIME, {609808, 846232779}) = 0
27324 11:05:22 select(7, [3 4], [5], NULL, NULL) = 1 (out [5])
27324 11:05:22 clock_gettime(CLOCK_BOOTTIME, {609808, 846321615}) = 0
27324 11:05:22 write(5, "l", 1)         = 1
27324 11:05:22 clock_gettime(CLOCK_BOOTTIME, {609808, 846457786}) = 0
27324 11:05:22 clock_gettime(CLOCK_BOOTTIME, {609808, 846499309}) = 0
27324 11:05:22 select(7, [3 4], [], NULL, NULL) = 1 (in [4])
27324 11:05:22 clock_gettime(CLOCK_BOOTTIME, {609809, 13720924}) = 0
27324 11:05:22 read(4, "s", 16384)      = 1
27324 11:05:22 clock_gettime(CLOCK_BOOTTIME, {609809, 13835104}) = 0
27324 11:05:22 clock_gettime(CLOCK_BOOTTIME, {609809, 13877344}) = 0
27324 11:05:22 select(7, [3 4], [3], NULL, NULL) = 1 (out [3])
27324 11:05:22 clock_gettime(CLOCK_BOOTTIME, {609809, 13969633}) = 0
27324 11:05:22 write(3, "\24\332,T\247\303\373\213CW\270|\245G\241\1770\262\323\20\301w\274>8\315\340I8Q\\\256"..., 40) = 40
27324 11:05:22 clock_gettime(CLOCK_BOOTTIME, {609809, 14093491}) = 0
27324 11:05:22 clock_gettime(CLOCK_BOOTTIME, {609809, 14135085}) = 0
27324 11:05:22 select(7, [3 4], [], NULL, NULL) = 1 (in [3])
27324 11:05:22 clock_gettime(CLOCK_BOOTTIME, {609809, 16099209}) = 0
27324 11:05:22 read(3, "\316\311\271>un\316\24<\20\223\253\5\314\316/df[}p`K\377M\20(T\246\356X("..., 8192) = 40
27324 11:05:22 clock_gettime(CLOCK_BOOTTIME, {609809, 16191589}) = 0
27324 11:05:22 clock_gettime(CLOCK_BOOTTIME, {609809, 16233497}) = 0
27324 11:05:22 select(7, [3 4], [5], NULL, NULL) = 1 (out [5])
27324 11:05:22 clock_gettime(CLOCK_BOOTTIME, {609809, 16322543}) = 0
27324 11:05:22 write(5, "s", 1)         = 1
27324 11:05:22 clock_gettime(CLOCK_BOOTTIME, {609809, 16455604}) = 0
27324 11:05:22 clock_gettime(CLOCK_BOOTTIME, {609809, 16497768}) = 0
27324 11:05:22 select(7, [3 4], [], NULL, NULL) = 1 (in [4])
27324 11:05:22 clock_gettime(CLOCK_BOOTTIME, {609809, 187660079}) = 0
27324 11:05:22 read(4, "\r", 16384)     = 1
27324 11:05:22 clock_gettime(CLOCK_BOOTTIME, {609809, 187771587}) = 0
27324 11:05:22 clock_gettime(CLOCK_BOOTTIME, {609809, 187812918}) = 0
27324 11:05:22 select(7, [3 4], [3], NULL, NULL) = 1 (out [3])
27324 11:05:22 clock_gettime(CLOCK_BOOTTIME, {609809, 187904199}) = 0
27324 11:05:22 write(3, "\326\316*\366_\215\211\311+\0PKH\3\323<S\365\27\326\341\204\22\330\316\333\237@7\3626\341"..., 40) = 40
27324 11:05:22 clock_gettime(CLOCK_BOOTTIME, {609809, 188027292}) = 0
27324 11:05:22 clock_gettime(CLOCK_BOOTTIME, {609809, 188069769}) = 0
27324 11:05:22 select(7, [3 4], [], NULL, NULL) = 1 (in [3])
27324 11:05:22 clock_gettime(CLOCK_BOOTTIME, {609809, 190108321}) = 0
27324 11:05:22 read(3, "\313\354p\314\337^\322(\352\261=\24T\320\336\346\365\245\255\222\267%_\355\333$k\315\276\245\311\220"..., 8192) = 40
27324 11:05:22 clock_gettime(CLOCK_BOOTTIME, {609809, 190201181}) = 0
27324 11:05:22 clock_gettime(CLOCK_BOOTTIME, {609809, 190243120}) = 0
27324 11:05:22 select(7, [3 4], [5], NULL, NULL) = 1 (out [5])
27324 11:05:22 clock_gettime(CLOCK_BOOTTIME, {609809, 190331893}) = 0
27324 11:05:22 write(5, "\r\n", 2)      = 2
27324 11:05:22 clock_gettime(CLOCK_BOOTTIME, {609809, 190464607}) = 0
27324 11:05:22 clock_gettime(CLOCK_BOOTTIME, {609809, 190506314}) = 0
27324 11:05:22 select(7, [3 4], [], NULL, NULL) = 1 (in [3])
27324 11:05:22 clock_gettime(CLOCK_BOOTTIME, {609809, 191089539}) = 0
27324 11:05:22 read(3, "\352\237\354\210\310\2\27\250\302\260\315!\207r\220} \343\36{\31%A\264L\362\337\242V\225R0"..., 8192) = 184
27324 11:05:22 clock_gettime(CLOCK_BOOTTIME, {609809, 191185265}) = 0
27324 11:05:22 clock_gettime(CLOCK_BOOTTIME, {609809, 191226990}) = 0
27324 11:05:22 select(7, [3 4], [5], NULL, NULL) = 1 (out [5])
27324 11:05:22 clock_gettime(CLOCK_BOOTTIME, {609809, 191316197}) = 0
27324 11:05:22 write(5, "\33[0m\33[01;31matomic-release-1.0-2"..., 158) = 158
27324 11:05:22 clock_gettime(CLOCK_BOOTTIME, {609809, 191433376}) = 0
27324 11:05:22 clock_gettime(CLOCK_BOOTTIME, {609809, 191475268}) = 0
27324 11:05:22 select(7, [3 4], [], NULL, NULL) = 1 (in [3])
27324 11:05:22 clock_gettime(CLOCK_BOOTTIME, {609809, 196360745}) = 0
27324 11:05:22 read(3, "P\251\314\2y\n\363%\27\256Ix\327\21[\25\310\27b\271\32\223@Hx\1\240\243`\362!\6"..., 8192) = 56
27324 11:05:22 clock_gettime(CLOCK_BOOTTIME, {609809, 196457024}) = 0
27324 11:05:22 clock_gettime(CLOCK_BOOTTIME, {609809, 196499112}) = 0
27324 11:05:22 select(7, [3 4], [5], NULL, NULL) = 1 (out [5])
27324 11:05:22 clock_gettime(CLOCK_BOOTTIME, {609809, 196597171}) = 0
27324 11:05:22 write(5, "[root@ali-p2p-h5-1 ~]# ", 23) = 23
27324 11:05:22 clock_gettime(CLOCK_BOOTTIME, {609809, 196719525}) = 0
27324 11:05:22 clock_gettime(CLOCK_BOOTTIME, {609809, 196760191}) = 0
27324 11:05:22 select(7, [3 4], [], NULL, NULL) = 1 (in [4])
27324 11:05:23 clock_gettime(CLOCK_BOOTTIME, {609809, 949868793}) = 0
27324 11:05:23 read(4, "e", 16384)      = 1
27324 11:05:23 clock_gettime(CLOCK_BOOTTIME, {609809, 949990221}) = 0
27324 11:05:23 clock_gettime(CLOCK_BOOTTIME, {609809, 950044481}) = 0
27324 11:05:23 select(7, [3 4], [3], NULL, NULL) = 1 (out [3])
27324 11:05:23 clock_gettime(CLOCK_BOOTTIME, {609809, 950131794}) = 0
27324 11:05:23 write(3, "Fe\364\310PqT\267\267\10\7\265Q{d7\234\372\257\33\302\25\340\310\31_\6\335n\246\336\0"..., 40) = 40
27324 11:05:23 clock_gettime(CLOCK_BOOTTIME, {609809, 950237381}) = 0
27324 11:05:23 clock_gettime(CLOCK_BOOTTIME, {609809, 950277243}) = 0
27324 11:05:23 select(7, [3 4], [], NULL, NULL) = 1 (in [3])
27324 11:05:23 clock_gettime(CLOCK_BOOTTIME, {609809, 952337218}) = 0
27324 11:05:23 read(3, "\1\315@E,\330\34S\31\0\vAB\25\225i{R\344z\314o[\ft'D\16\33R\222y"..., 8192) = 40
27324 11:05:23 clock_gettime(CLOCK_BOOTTIME, {609809, 952425636}) = 0
27324 11:05:23 clock_gettime(CLOCK_BOOTTIME, {609809, 952465711}) = 0
27324 11:05:23 select(7, [3 4], [5], NULL, NULL) = 1 (out [5])
27324 11:05:23 clock_gettime(CLOCK_BOOTTIME, {609809, 952549369}) = 0
27324 11:05:23 write(5, "e", 1)         = 1
27324 11:05:23 clock_gettime(CLOCK_BOOTTIME, {609809, 952681666}) = 0
27324 11:05:23 clock_gettime(CLOCK_BOOTTIME, {609809, 952721326}) = 0
27324 11:05:23 select(7, [3 4], [], NULL, NULL) = 1 (in [4])
27324 11:05:23 clock_gettime(CLOCK_BOOTTIME, {609810, 212738746}) = 0
27324 11:05:23 read(4, "x", 16384)      = 1
27324 11:05:23 clock_gettime(CLOCK_BOOTTIME, {609810, 212858634}) = 0
27324 11:05:23 clock_gettime(CLOCK_BOOTTIME, {609810, 212898955}) = 0
27324 11:05:23 select(7, [3 4], [3], NULL, NULL) = 1 (out [3])
27324 11:05:23 clock_gettime(CLOCK_BOOTTIME, {609810, 212983841}) = 0
27324 11:05:23 write(3, "\25q\221\304PY\374L\312\270\"/\246\10\235\311\305\256\204\227Fs\212\322V\331\226\256\334\274\31\272"..., 40) = 40
27324 11:05:23 clock_gettime(CLOCK_BOOTTIME, {609810, 213094081}) = 0
27324 11:05:23 clock_gettime(CLOCK_BOOTTIME, {609810, 213133236}) = 0
27324 11:05:23 select(7, [3 4], [], NULL, NULL) = 1 (in [3])
27324 11:05:23 clock_gettime(CLOCK_BOOTTIME, {609810, 215334173}) = 0
27324 11:05:23 read(3, "\357h\23N\314\352 \362\265\\O\341\277i\216&\260\255\6\r\276K\306\2778~;\336\335Q\222A"..., 8192) = 40
27324 11:05:23 clock_gettime(CLOCK_BOOTTIME, {609810, 215421316}) = 0
27324 11:05:23 clock_gettime(CLOCK_BOOTTIME, {609810, 215460537}) = 0
27324 11:05:23 select(7, [3 4], [5], NULL, NULL) = 1 (out [5])
27324 11:05:23 clock_gettime(CLOCK_BOOTTIME, {609810, 215543665}) = 0
27324 11:05:23 write(5, "x", 1)         = 1
27324 11:05:23 clock_gettime(CLOCK_BOOTTIME, {609810, 215686755}) = 0
27324 11:05:23 clock_gettime(CLOCK_BOOTTIME, {609810, 215726376}) = 0
27324 11:05:23 select(7, [3 4], [], NULL, NULL) = 1 (in [4])
27324 11:05:23 clock_gettime(CLOCK_BOOTTIME, {609810, 308549843}) = 0
27324 11:05:23 read(4, "i", 16384)      = 1
27324 11:05:23 clock_gettime(CLOCK_BOOTTIME, {609810, 308706261}) = 0
27324 11:05:23 clock_gettime(CLOCK_BOOTTIME, {609810, 308749711}) = 0
27324 11:05:23 select(7, [3 4], [3], NULL, NULL) = 1 (out [3])
27324 11:05:23 clock_gettime(CLOCK_BOOTTIME, {609810, 308842617}) = 0
27324 11:05:23 write(3, "\354\312\235c\303\267\232\266\304p\335\2\253 \347%w\307\364\31\17X\24\267\266\301C\353\37\322\267\\"..., 40) = 40
27324 11:05:23 clock_gettime(CLOCK_BOOTTIME, {609810, 308950366}) = 0
27324 11:05:23 clock_gettime(CLOCK_BOOTTIME, {609810, 308992051}) = 0
27324 11:05:23 select(7, [3 4], [], NULL, NULL) = 1 (in [3])
27324 11:05:23 clock_gettime(CLOCK_BOOTTIME, {609810, 311339675}) = 0
27324 11:05:23 read(3, "\26\210.\31A\351\244/\250\215\34\262p)\233\374\7\350A\243%i4\240A\370)\367\3067\266\330"..., 8192) = 40
27324 11:05:23 clock_gettime(CLOCK_BOOTTIME, {609810, 311432575}) = 0
27324 11:05:23 clock_gettime(CLOCK_BOOTTIME, {609810, 311474196}) = 0
27324 11:05:23 select(7, [3 4], [5], NULL, NULL) = 1 (out [5])
27324 11:05:23 clock_gettime(CLOCK_BOOTTIME, {609810, 311565830}) = 0
27324 11:05:23 write(5, "i", 1)         = 1
27324 11:05:23 clock_gettime(CLOCK_BOOTTIME, {609810, 311699069}) = 0
27324 11:05:23 clock_gettime(CLOCK_BOOTTIME, {609810, 311741203}) = 0
27324 11:05:23 select(7, [3 4], [], NULL, NULL) = 1 (in [4])
27324 11:05:23 clock_gettime(CLOCK_BOOTTIME, {609810, 508355412}) = 0
27324 11:05:23 read(4, "t", 16384)      = 1
27324 11:05:23 clock_gettime(CLOCK_BOOTTIME, {609810, 508477204}) = 0
27324 11:05:23 clock_gettime(CLOCK_BOOTTIME, {609810, 508519825}) = 0
27324 11:05:23 select(7, [3 4], [3], NULL, NULL) = 1 (out [3])
27324 11:05:23 clock_gettime(CLOCK_BOOTTIME, {609810, 508621237}) = 0
27324 11:05:23 write(3, "\2\34\275\31\241\305\n2\230R\257\264\335N\35\362Gs\376\20\3605J`\326\341\374\271\350\237\245\21"..., 40) = 40
27324 11:05:23 clock_gettime(CLOCK_BOOTTIME, {609810, 508730695}) = 0
27324 11:05:23 clock_gettime(CLOCK_BOOTTIME, {609810, 508771634}) = 0
27324 11:05:23 select(7, [3 4], [], NULL, NULL) = 1 (in [3])
27324 11:05:23 clock_gettime(CLOCK_BOOTTIME, {609810, 510336254}) = 0
27324 11:05:23 read(3, "P%\253JQ\302u\272S\373\24\351\t\251'\332\vp\371\215>\375\200\22\215`\f\323\264\337(\230"..., 8192) = 40
27324 11:05:23 clock_gettime(CLOCK_BOOTTIME, {609810, 510429618}) = 0
27324 11:05:23 clock_gettime(CLOCK_BOOTTIME, {609810, 510471421}) = 0
27324 11:05:23 select(7, [3 4], [5], NULL, NULL) = 1 (out [5])
27324 11:05:23 clock_gettime(CLOCK_BOOTTIME, {609810, 510559268}) = 0
27324 11:05:23 write(5, "t", 1)         = 1
27324 11:05:23 clock_gettime(CLOCK_BOOTTIME, {609810, 510699744}) = 0
27324 11:05:23 clock_gettime(CLOCK_BOOTTIME, {609810, 510741227}) = 0
27324 11:05:23 select(7, [3 4], [], NULL, NULL) = 1 (in [4])
27324 11:05:24 clock_gettime(CLOCK_BOOTTIME, {609810, 667694840}) = 0
27324 11:05:24 read(4, "\r", 16384)     = 1
27324 11:05:24 clock_gettime(CLOCK_BOOTTIME, {609810, 667814349}) = 0
27324 11:05:24 clock_gettime(CLOCK_BOOTTIME, {609810, 667856782}) = 0
27324 11:05:24 select(7, [3 4], [3], NULL, NULL) = 1 (out [3])
27324 11:05:24 clock_gettime(CLOCK_BOOTTIME, {609810, 667948835}) = 0
27324 11:05:24 write(3, "H\3425\4\237\232\242<S\351\254'\366\fcl\350Mv\323K&\242\313\365[\265\307\20\325I\271"..., 40) = 40
27324 11:05:24 clock_gettime(CLOCK_BOOTTIME, {609810, 668079090}) = 0
27324 11:05:24 clock_gettime(CLOCK_BOOTTIME, {609810, 668122035}) = 0
27324 11:05:24 select(7, [3 4], [], NULL, NULL) = 1 (in [3])
27324 11:05:24 clock_gettime(CLOCK_BOOTTIME, {609810, 672653203}) = 0
27324 11:05:24 read(3, "U\244\304U\212fV\356\223\356\30\214t}\34K9\232=PV7%(\371\354l\255\331\233\200\30"..., 8192) = 40
27324 11:05:24 clock_gettime(CLOCK_BOOTTIME, {609810, 672747121}) = 0
27324 11:05:24 clock_gettime(CLOCK_BOOTTIME, {609810, 672798994}) = 0
27324 11:05:24 select(7, [3 4], [5], NULL, NULL) = 2 (in [3], out [5])
27324 11:05:24 clock_gettime(CLOCK_BOOTTIME, {609810, 672892516}) = 0
27324 11:05:24 write(5, "\r\nlogout\r\n", 10) = 10
27324 11:05:24 read(3, "\22v\217e\177R=y\213\264{J\37\215\207\246Qw\361\245\310\345A\354", 8192) = 24
27324 11:05:24 close(5)                 = 0
27324 11:05:24 clock_gettime(CLOCK_BOOTTIME, {609810, 673141718}) = 0
27324 11:05:24 clock_gettime(CLOCK_BOOTTIME, {609810, 673183257}) = 0
27324 11:05:24 select(7, [3 4], [], NULL, NULL) = 1 (in [3])
27324 11:05:24 clock_gettime(CLOCK_BOOTTIME, {609810, 676498067}) = 0
27324 11:05:24 read(3, "\2\371\2h\212]i\275\3\205\226\251\n^\243!\202\0\236\277\4Q\234\210n\234f\245&\361\3613"..., 8192) = 136
27324 11:05:24 close(4)                 = 0
27324 11:05:24 clock_gettime(CLOCK_BOOTTIME, {609810, 676644086}) = 0
27324 11:05:24 clock_gettime(CLOCK_BOOTTIME, {609810, 676684412}) = 0
27324 11:05:24 ioctl(0, SNDCTL_TMR_STOP or TCSETSW, {B38400 opost isig icanon echo ...}) = 0
27324 11:05:24 close(6)                 = 0
27324 11:05:24 select(7, [3], [3], NULL, NULL) = 1 (out [3])
27324 11:05:24 clock_gettime(CLOCK_BOOTTIME, {609810, 676875182}) = 0
27324 11:05:24 write(3, "0\22\253h'cyB\306\276Su\24a\367\214t\226\255\271\300\253\2565", 24) = 24
27324 11:05:24 rt_sigaction(SIGWINCH, NULL, {0x564eb80eec80, [], SA_RESTORER, 0x7f97ded64270}, 8) = 0
27324 11:05:24 rt_sigaction(SIGWINCH, {SIG_DFL, [], SA_RESTORER, 0x7f97ded64270}, NULL, 8) = 0
27324 11:05:24 write(3, "\nnC\304\365\17gt{o\363\251\nA7T\326\0220\373\327\364q\227\5\327G+\263\275\2450"..., 56) = 56
27324 11:05:24 ioctl(0, TCGETS, {B38400 opost isig icanon echo ...}) = 0
27324 11:05:24 ioctl(1, TCGETS, {B38400 opost isig icanon echo ...}) = 0
27324 11:05:24 ioctl(2, TCGETS, {B38400 opost isig icanon echo ...}) = 0
27324 11:05:24 write(2, "Connection to 10.5.0.208 closed."..., 34) = 34
27324 11:05:24 shutdown(3, SHUT_RDWR)   = 0
27324 11:05:24 close(3)                 = 0
27324 11:05:24 write(1, "random tag:npak47wdxq", 21) = 21
27324 11:05:24 exit_group(0)            = ?
27324 11:05:24 +++ exited with 0 +++
