2677  02:55:14 select(4, [3], NULL, NULL, NULL) = 1 (in [3])
2677  02:55:14 read(3, "\0\0\1\224\10\37\0\0\1\201\0\323#\r#ur\354\351\371#Xq^\272\303\244\330\237-kM"..., 8192) = 408
2677  02:55:14 write(3, "\0\0\1\214\6 \0\0\1\200<\273\245)\323,\301\6\236vr\3501-\4H$\356\0<`#"..., 400) = 400
2677  02:55:14 select(4, [3], NULL, NULL, NULL) = 1 (in [3])
2677  02:55:15 read(3, "\0\0\3\274\n!\0\0\1\25\0\0\0\7ssh-rsa\0\0\0\1#\0\0\1\1\0\264"..., 8192) = 976
2677  02:55:15 open("/root/.ssh/known_hosts", O_RDONLY) = 4
2677  02:55:15 fstat(4, {st_mode=S_IFREG|0644, st_size=1177, ...}) = 0
2677  02:55:15 mmap(NULL, 4096, PROT_READ|PROT_WRITE, MAP_PRIVATE|MAP_ANONYMOUS, -1, 0) = 0x7f378347f000
2677  02:55:15 read(4, "172.19.0.36 ssh-rsa AAAAB3NzaC1y"..., 4096) = 1177
2677  02:55:15 read(4, "", 4096)        = 0
2677  02:55:15 close(4)                 = 0
2677  02:55:15 munmap(0x7f378347f000, 4096) = 0
2677  02:55:15 open("/root/.ssh/known_hosts2", O_RDONLY) = -1 ENOENT (No such file or directory)
2677  02:55:15 open("/usr/local/openssh/etc/ssh_known_hosts", O_RDONLY) = -1 ENOENT (No such file or directory)
2677  02:55:15 open("/usr/local/openssh/etc/ssh_known_hosts2", O_RDONLY) = -1 ENOENT (No such file or directory)
2677  02:55:15 clock_gettime(CLOCK_BOOTTIME, {666801, 609636927}) = 0
2677  02:55:15 write(3, "\0\0\0\f\n\25\0\0\0\0\0\0\0\0\0\0", 16) = 16
2677  02:55:15 write(3, "\347\204p\203\273\232=\f\275H\6\225U\331F1\v\206\262(lNS\f\333^\250\16n\4\7\r"..., 40) = 40
2677  02:55:15 select(4, [3], NULL, NULL, NULL) = 1 (in [3])
2677  02:55:15 read(3, "F\275\377>\"\232J\30\346\260\367\326\20\260>\r*8+~\245\37\24FY\27\367\224\212*C\311"..., 8192) = 40
2677  02:55:15 write(3, "\346\232\236\34d\r\305\242N\342@\356\264\202\323\227\254\323\262?\245\342\213\"5A\226\262\205\365\247S"..., 56) = 56
2677  02:55:15 select(4, [3], NULL, NULL, NULL) = 1 (in [3])
2677  02:55:15 read(3, "\240weA\360\270\235\203\264<l\304\361\367\321\21x\300W;V_\10(J/\210\265sA\245\205"..., 8192) = 72
2677  02:55:15 stat("/root/.ssh/id_rsa", 0x7ffc2a711060) = -1 ENOENT (No such file or directory)
2677  02:55:15 stat("/root/.ssh/id_dsa", 0x7ffc2a711060) = -1 ENOENT (No such file or directory)
2677  02:55:15 stat("/root/.ssh/id_ecdsa", 0x7ffc2a711060) = -1 ENOENT (No such file or directory)
2677  02:55:15 stat("/root/.ssh/id_ed25519", 0x7ffc2a711060) = -1 ENOENT (No such file or directory)
2677  02:55:15 open("/dev/tty", O_RDWR) = 4
2677  02:55:15 close(4)                 = 0
2677  02:55:15 open("/dev/tty", O_RDWR) = 4
2677  02:55:15 ioctl(4, TCGETS, {B38400 opost isig icanon echo ...}) = 0
2677  02:55:15 ioctl(4, SNDCTL_TMR_CONTINUE or TCSETSF, {B38400 opost isig icanon -echo ...}) = 0
2677  02:55:15 rt_sigaction(SIGALRM, {0x5561cfed50d0, [], SA_RESTORER, 0x7f3782004270}, {SIG_DFL, [], 0}, 8) = 0
2677  02:55:15 rt_sigaction(SIGHUP, {0x5561cfed50d0, [], SA_RESTORER, 0x7f3782004270}, {SIG_DFL, [], 0}, 8) = 0
2677  02:55:15 rt_sigaction(SIGINT, {0x5561cfed50d0, [], SA_RESTORER, 0x7f3782004270}, {SIG_DFL, [], 0}, 8) = 0
2677  02:55:15 rt_sigaction(SIGPIPE, {0x5561cfed50d0, [], SA_RESTORER, 0x7f3782004270}, {SIG_IGN, [], SA_RESTORER, 0x7f3782004270}, 8) = 0
2677  02:55:15 rt_sigaction(SIGQUIT, {0x5561cfed50d0, [], SA_RESTORER, 0x7f3782004270}, {SIG_DFL, [], 0}, 8) = 0
2677  02:55:15 rt_sigaction(SIGTERM, {0x5561cfed50d0, [], SA_RESTORER, 0x7f3782004270}, {SIG_DFL, [], 0}, 8) = 0
2677  02:55:15 rt_sigaction(SIGTSTP, {0x5561cfed50d0, [], SA_RESTORER, 0x7f3782004270}, {SIG_DFL, [], 0}, 8) = 0
2677  02:55:15 rt_sigaction(SIGTTIN, {0x5561cfed50d0, [], SA_RESTORER, 0x7f3782004270}, {SIG_DFL, [], 0}, 8) = 0
2677  02:55:15 rt_sigaction(SIGTTOU, {0x5561cfed50d0, [], SA_RESTORER, 0x7f3782004270}, {SIG_DFL, [], 0}, 8) = 0
2677  02:55:15 write(4, "root@10.5.0.208's password: ", 28) = 28
2677  02:55:15 read(4, "y", 1)          = 1
2677  02:55:15 read(4, "o", 1)          = 1
2677  02:55:15 read(4, "t", 1)          = 1
2677  02:55:15 read(4, "p", 1)          = 1
2677  02:55:15 read(4, "4", 1)          = 1
2677  02:55:15 read(4, "o", 1)          = 1
2677  02:55:15 read(4, "z", 1)          = 1
2677  02:55:15 read(4, "A", 1)          = 1
2677  02:55:15 read(4, "c", 1)          = 1
2677  02:55:15 read(4, "C", 1)          = 1
2677  02:55:15 read(4, "=", 1)          = 1
2677  02:55:15 read(4, "b", 1)          = 1
2677  02:55:15 read(4, "~", 1)          = 1
2677  02:55:15 read(4, "V", 1)          = 1
2677  02:55:15 read(4, "4", 1)          = 1
2677  02:55:15 read(4, "K", 1)          = 1
2677  02:55:15 read(4, "G", 1)          = 1
2677  02:55:15 read(4, "V", 1)          = 1
2677  02:55:15 read(4, "/", 1)          = 1
2677  02:55:15 read(4, "s", 1)          = 1
2677  02:55:15 read(4, "\n", 1)         = 1
2677  02:55:15 write(4, "\n", 1)        = 1
2677  02:55:15 ioctl(4, SNDCTL_TMR_CONTINUE or TCSETSF, {B38400 opost isig icanon echo ...}) = 0
2677  02:55:15 rt_sigaction(SIGALRM, {SIG_DFL, [], SA_RESTORER, 0x7f3782004270}, NULL, 8) = 0
2677  02:55:15 rt_sigaction(SIGHUP, {SIG_DFL, [], SA_RESTORER, 0x7f3782004270}, NULL, 8) = 0
2677  02:55:15 rt_sigaction(SIGINT, {SIG_DFL, [], SA_RESTORER, 0x7f3782004270}, NULL, 8) = 0
2677  02:55:15 rt_sigaction(SIGQUIT, {SIG_DFL, [], SA_RESTORER, 0x7f3782004270}, NULL, 8) = 0
2677  02:55:15 rt_sigaction(SIGPIPE, {SIG_IGN, [], SA_RESTORER, 0x7f3782004270}, NULL, 8) = 0
2677  02:55:15 rt_sigaction(SIGTERM, {SIG_DFL, [], SA_RESTORER, 0x7f3782004270}, NULL, 8) = 0
2677  02:55:15 rt_sigaction(SIGTSTP, {SIG_DFL, [], SA_RESTORER, 0x7f3782004270}, NULL, 8) = 0
2677  02:55:15 rt_sigaction(SIGTTIN, {SIG_DFL, [], SA_RESTORER, 0x7f3782004270}, NULL, 8) = 0
2677  02:55:15 rt_sigaction(SIGTTOU, {SIG_DFL, [], SA_RESTORER, 0x7f3782004270}, NULL, 8) = 0
2677  02:55:15 close(4)                 = 0
2677  02:55:15 write(3, "L\34\3\317Fd\257\254\342\324$\307\231\351\244O\326\370\237\270\224\322nc\301\3616x\tr^t"..., 136) = 136
2677  02:55:15 select(4, [3], NULL, NULL, NULL) = 1 (in [3])
2677  02:55:15 read(3, "U`\205\235\274\250&\34\254\25!/U[\25?0\vL\356\2hx{", 8192) = 24
2677  02:55:15 dup(0)                   = 4
2677  02:55:15 dup(1)                   = 5
2677  02:55:15 dup(2)                   = 6
2677  02:55:15 ioctl(4, TCGETS, {B38400 opost isig icanon echo ...}) = 0
2677  02:55:15 ioctl(5, TCGETS, {B38400 opost isig icanon echo ...}) = 0
2677  02:55:15 ioctl(6, TCGETS, {B38400 opost isig icanon echo ...}) = 0
2677  02:55:15 fcntl(4, F_SETFD, FD_CLOEXEC) = 0
2677  02:55:15 fcntl(5, F_SETFD, FD_CLOEXEC) = 0
2677  02:55:15 fcntl(6, F_SETFD, FD_CLOEXEC) = 0
2677  02:55:15 rt_sigaction(SIGHUP, NULL, {SIG_DFL, [], SA_RESTORER, 0x7f3782004270}, 8) = 0
2677  02:55:15 rt_sigaction(SIGHUP, {SIG_IGN, [], SA_RESTORER, 0x7f3782004270}, NULL, 8) = 0
2677  02:55:15 rt_sigaction(SIGHUP, NULL, {SIG_IGN, [], SA_RESTORER, 0x7f3782004270}, 8) = 0
2677  02:55:15 rt_sigaction(SIGHUP, {0x5561cfe7d9f0, [], SA_RESTORER, 0x7f3782004270}, NULL, 8) = 0
2677  02:55:15 rt_sigaction(SIGINT, NULL, {SIG_DFL, [], SA_RESTORER, 0x7f3782004270}, 8) = 0
2677  02:55:15 rt_sigaction(SIGINT, {SIG_IGN, [], SA_RESTORER, 0x7f3782004270}, NULL, 8) = 0
2677  02:55:15 rt_sigaction(SIGINT, NULL, {SIG_IGN, [], SA_RESTORER, 0x7f3782004270}, 8) = 0
2677  02:55:15 rt_sigaction(SIGINT, {0x5561cfe7d9f0, [], SA_RESTORER, 0x7f3782004270}, NULL, 8) = 0
2677  02:55:15 rt_sigaction(SIGQUIT, NULL, {SIG_DFL, [], SA_RESTORER, 0x7f3782004270}, 8) = 0
2677  02:55:15 rt_sigaction(SIGQUIT, {SIG_IGN, [], SA_RESTORER, 0x7f3782004270}, NULL, 8) = 0
2677  02:55:15 rt_sigaction(SIGQUIT, NULL, {SIG_IGN, [], SA_RESTORER, 0x7f3782004270}, 8) = 0
2677  02:55:15 rt_sigaction(SIGQUIT, {0x5561cfe7d9f0, [], SA_RESTORER, 0x7f3782004270}, NULL, 8) = 0
2677  02:55:15 rt_sigaction(SIGTERM, NULL, {SIG_DFL, [], SA_RESTORER, 0x7f3782004270}, 8) = 0
2677  02:55:15 rt_sigaction(SIGTERM, {SIG_IGN, [], SA_RESTORER, 0x7f3782004270}, NULL, 8) = 0
2677  02:55:15 rt_sigaction(SIGTERM, NULL, {SIG_IGN, [], SA_RESTORER, 0x7f3782004270}, 8) = 0
2677  02:55:15 rt_sigaction(SIGTERM, {0x5561cfe7d9f0, [], SA_RESTORER, 0x7f3782004270}, NULL, 8) = 0
2677  02:55:15 rt_sigaction(SIGWINCH, NULL, {SIG_DFL, [], 0}, 8) = 0
2677  02:55:15 rt_sigaction(SIGWINCH, {0x5561cfe7dc80, [], SA_RESTORER, 0x7f3782004270}, NULL, 8) = 0
2677  02:55:15 ioctl(0, TCGETS, {B38400 opost isig icanon echo ...}) = 0
2677  02:55:15 ioctl(0, SNDCTL_TMR_STOP or TCSETSW, {B38400 -opost -isig -icanon -echo ...}) = 0
2677  02:55:15 clock_gettime(CLOCK_BOOTTIME, {666801, 677553525}) = 0
2677  02:55:15 clock_gettime(CLOCK_BOOTTIME, {666801, 677596460}) = 0
2677  02:55:15 select(7, [3], [3], NULL, NULL) = 1 (out [3])
2677  02:55:15 clock_gettime(CLOCK_BOOTTIME, {666801, 677681300}) = 0
2677  02:55:15 write(3, "t\357\f\225\264\343\ts\205B\216\322\301RJ\31\214\263\237\275\1\244:\302\"\232\36j\323\274\200\341"..., 112) = 112
2677  02:55:15 clock_gettime(CLOCK_BOOTTIME, {666801, 677771724}) = 0
2677  02:55:15 clock_gettime(CLOCK_BOOTTIME, {666801, 677811227}) = 0
2677  02:55:15 select(7, [3], [], NULL, NULL) = 1 (in [3])
2677  02:55:15 clock_gettime(CLOCK_BOOTTIME, {666801, 681091015}) = 0
2677  02:55:15 read(3, "\246_\377|\352\374\25\215>\16\300\343ee\355\311\24#\2556\241\371\334n#R\231B\0078\310\256"..., 8192) = 40
2677  02:55:15 getsockopt(3, SOL_TCP, TCP_NODELAY, [0], [4]) = 0
2677  02:55:15 setsockopt(3, SOL_TCP, TCP_NODELAY, [1], 4) = 0
2677  02:55:15 getsockname(3, {sa_family=AF_INET, sin_port=htons(38598), sin_addr=inet_addr("10.5.0.222")}, [16]) = 0
2677  02:55:15 setsockopt(3, SOL_IP, IP_TOS, [16], 4) = 0
2677  02:55:15 ioctl(0, TIOCGWINSZ, {ws_row=57, ws_col=236, ws_xpixel=0, ws_ypixel=0}) = 0
2677  02:55:15 clock_gettime(CLOCK_BOOTTIME, {666801, 681419291}) = 0
2677  02:55:15 clock_gettime(CLOCK_BOOTTIME, {666801, 681459506}) = 0
2677  02:55:15 select(7, [3], [3], NULL, NULL) = 1 (out [3])
2677  02:55:15 clock_gettime(CLOCK_BOOTTIME, {666801, 681550456}) = 0
2677  02:55:15 write(3, "\334(\25\257\324\243\270,\333\v,8\335\354xUa\252\237\3\1D^\2619h\311\250i\300\20\4"..., 368) = 368
2677  02:55:15 clock_gettime(CLOCK_BOOTTIME, {666801, 681645509}) = 0
2677  02:55:15 clock_gettime(CLOCK_BOOTTIME, {666801, 681685440}) = 0
2677  02:55:15 select(7, [3], [], NULL, NULL) = 1 (in [3])
2677  02:55:15 clock_gettime(CLOCK_BOOTTIME, {666801, 682228009}) = 0
2677  02:55:15 read(3, "\254\26\304K\30D-IU.V\366\354\367\210+j\367\305)\367\312y\221k\247\r\360\255x\207\n"..., 8192) = 88
2677  02:55:15 clock_gettime(CLOCK_BOOTTIME, {666801, 682316332}) = 0
2677  02:55:15 clock_gettime(CLOCK_BOOTTIME, {666801, 682356329}) = 0
2677  02:55:15 select(7, [3 4], [], NULL, NULL) = 1 (in [3])
2677  02:55:15 clock_gettime(CLOCK_BOOTTIME, {666801, 687086047}) = 0
2677  02:55:15 read(3, "\3209\372\316\360\270\261\310\33\7\3k\233SR\177\n\"\327k3\332N%\1\245\301G\377 \314["..., 8192) = 152
2677  02:55:15 clock_gettime(CLOCK_BOOTTIME, {666801, 687176926}) = 0
2677  02:55:15 clock_gettime(CLOCK_BOOTTIME, {666801, 687216971}) = 0
2677  02:55:15 select(7, [3 4], [5], NULL, NULL) = 1 (out [5])
2677  02:55:15 clock_gettime(CLOCK_BOOTTIME, {666801, 687302393}) = 0
2677  02:55:15 write(5, "Last login: Fri Jun 22 10:54:07 "..., 111) = 111
2677  02:55:15 clock_gettime(CLOCK_BOOTTIME, {666801, 687444070}) = 0
2677  02:55:15 clock_gettime(CLOCK_BOOTTIME, {666801, 687485529}) = 0
2677  02:55:15 select(7, [3 4], [], NULL, NULL) = 1 (in [3])
2677  02:55:15 clock_gettime(CLOCK_BOOTTIME, {666801, 703120491}) = 0
2677  02:55:15 read(3, "\376\2;*\22\5S\367\3767\244Q%\325\252Q\303Z\241\344o?\302h\271\235f\230.\361\231\250"..., 8192) = 56
2677  02:55:15 clock_gettime(CLOCK_BOOTTIME, {666801, 703213426}) = 0
2677  02:55:15 clock_gettime(CLOCK_BOOTTIME, {666801, 703252369}) = 0
2677  02:55:15 select(7, [3 4], [5], NULL, NULL) = 1 (out [5])
2677  02:55:15 clock_gettime(CLOCK_BOOTTIME, {666801, 703335422}) = 0
2677  02:55:15 write(5, "[root@ali-p2p-h5-1 ~]# ", 23) = 23
2677  02:55:15 clock_gettime(CLOCK_BOOTTIME, {666801, 703444455}) = 0
2677  02:55:15 clock_gettime(CLOCK_BOOTTIME, {666801, 703484045}) = 0
2677  02:55:15 select(7, [3 4], [], NULL, NULL) = 1 (in [4])
2677  02:55:16 clock_gettime(CLOCK_BOOTTIME, {666802, 786349316}) = 0
2677  02:55:16 read(4, "e", 16384)      = 1
2677  02:55:16 clock_gettime(CLOCK_BOOTTIME, {666802, 786468983}) = 0
2677  02:55:16 clock_gettime(CLOCK_BOOTTIME, {666802, 786512057}) = 0
2677  02:55:16 select(7, [3 4], [3], NULL, NULL) = 1 (out [3])
2677  02:55:16 clock_gettime(CLOCK_BOOTTIME, {666802, 786621394}) = 0
2677  02:55:16 write(3, "\16_rN\341\224$?*\244\304\256\4N\321\263\221z\330\240\226\31\25=\345\360>]\263B\271\37"..., 40) = 40
2677  02:55:16 clock_gettime(CLOCK_BOOTTIME, {666802, 786726163}) = 0
2677  02:55:16 clock_gettime(CLOCK_BOOTTIME, {666802, 786768397}) = 0
2677  02:55:16 select(7, [3 4], [], NULL, NULL) = 1 (in [3])
2677  02:55:16 clock_gettime(CLOCK_BOOTTIME, {666802, 788110840}) = 0
2677  02:55:16 read(3, "\261F\226\375\300\302@;\322\21\246Q \325;0-R\224\2\312\250v(=b\251\6\325:i\275"..., 8192) = 40
2677  02:55:16 clock_gettime(CLOCK_BOOTTIME, {666802, 788200258}) = 0
2677  02:55:16 clock_gettime(CLOCK_BOOTTIME, {666802, 788240628}) = 0
2677  02:55:16 select(7, [3 4], [5], NULL, NULL) = 1 (out [5])
2677  02:55:16 clock_gettime(CLOCK_BOOTTIME, {666802, 788327798}) = 0
2677  02:55:16 write(5, "e", 1)         = 1
2677  02:55:16 clock_gettime(CLOCK_BOOTTIME, {666802, 788452071}) = 0
2677  02:55:16 clock_gettime(CLOCK_BOOTTIME, {666802, 788493342}) = 0
2677  02:55:16 select(7, [3 4], [], NULL, NULL) = 1 (in [4])
2677  02:55:16 clock_gettime(CLOCK_BOOTTIME, {666803, 153212885}) = 0
2677  02:55:16 read(4, "x", 16384)      = 1
2677  02:55:16 clock_gettime(CLOCK_BOOTTIME, {666803, 153338944}) = 0
2677  02:55:16 clock_gettime(CLOCK_BOOTTIME, {666803, 153381834}) = 0
2677  02:55:16 select(7, [3 4], [3], NULL, NULL) = 1 (out [3])
2677  02:55:16 clock_gettime(CLOCK_BOOTTIME, {666803, 153472330}) = 0
2677  02:55:16 write(3, "~uh\31\31$\356\346\341to\273\33_\3\347\f\352\207\324qi\323\336\352\n\326\364WKe\303"..., 40) = 40
2677  02:55:16 clock_gettime(CLOCK_BOOTTIME, {666803, 153578999}) = 0
2677  02:55:16 clock_gettime(CLOCK_BOOTTIME, {666803, 153620509}) = 0
2677  02:55:16 select(7, [3 4], [], NULL, NULL) = 1 (in [3])
2677  02:55:16 clock_gettime(CLOCK_BOOTTIME, {666803, 155094711}) = 0
2677  02:55:16 read(3, "\231\302\2155\337\324\355\251\201\207i\206\265(\361\211\0314\311\0\"7\275\377N\33U\377o\377\367\353"..., 8192) = 40
2677  02:55:16 clock_gettime(CLOCK_BOOTTIME, {666803, 155196719}) = 0
2677  02:55:16 clock_gettime(CLOCK_BOOTTIME, {666803, 155239594}) = 0
2677  02:55:16 select(7, [3 4], [5], NULL, NULL) = 1 (out [5])
2677  02:55:16 clock_gettime(CLOCK_BOOTTIME, {666803, 155328171}) = 0
2677  02:55:16 write(5, "x", 1)         = 1
2677  02:55:16 clock_gettime(CLOCK_BOOTTIME, {666803, 155447607}) = 0
2677  02:55:16 clock_gettime(CLOCK_BOOTTIME, {666803, 155489191}) = 0
2677  02:55:16 select(7, [3 4], [], NULL, NULL) = 1 (in [4])
2677  02:55:16 clock_gettime(CLOCK_BOOTTIME, {666803, 305657229}) = 0
2677  02:55:16 read(4, "i", 16384)      = 1
2677  02:55:16 clock_gettime(CLOCK_BOOTTIME, {666803, 305766208}) = 0
2677  02:55:16 clock_gettime(CLOCK_BOOTTIME, {666803, 305807733}) = 0
2677  02:55:16 select(7, [3 4], [3], NULL, NULL) = 1 (out [3])
2677  02:55:16 clock_gettime(CLOCK_BOOTTIME, {666803, 305897749}) = 0
2677  02:55:16 write(3, "!#T\7[\340\4\227\3'J\316\233O\313`\3t\371M\321\314\274\210\266\250\305\363\234Z\257\226"..., 40) = 40
2677  02:55:16 clock_gettime(CLOCK_BOOTTIME, {666803, 305993311}) = 0
2677  02:55:16 clock_gettime(CLOCK_BOOTTIME, {666803, 306047467}) = 0
2677  02:55:16 select(7, [3 4], [], NULL, NULL) = 1 (in [3])
2677  02:55:16 clock_gettime(CLOCK_BOOTTIME, {666803, 308138250}) = 0
2677  02:55:16 read(3, "\232=\200`\375\v\320I\272\354\301\327\346\363S1z%\365E\212\373\4\205\5\353\213\332\300\20\261\177"..., 8192) = 40
2677  02:55:16 clock_gettime(CLOCK_BOOTTIME, {666803, 308229250}) = 0
2677  02:55:16 clock_gettime(CLOCK_BOOTTIME, {666803, 308270192}) = 0
2677  02:55:16 select(7, [3 4], [5], NULL, NULL) = 1 (out [5])
2677  02:55:16 clock_gettime(CLOCK_BOOTTIME, {666803, 308360151}) = 0
2677  02:55:16 write(5, "i", 1)         = 1
2677  02:55:16 clock_gettime(CLOCK_BOOTTIME, {666803, 308478079}) = 0
2677  02:55:16 clock_gettime(CLOCK_BOOTTIME, {666803, 308519441}) = 0
2677  02:55:16 select(7, [3 4], [], NULL, NULL) = 1 (in [4])
2677  02:55:16 clock_gettime(CLOCK_BOOTTIME, {666803, 491760990}) = 0
2677  02:55:16 read(4, "t", 16384)      = 1
2677  02:55:16 clock_gettime(CLOCK_BOOTTIME, {666803, 491870305}) = 0
2677  02:55:16 clock_gettime(CLOCK_BOOTTIME, {666803, 491912593}) = 0
2677  02:55:16 select(7, [3 4], [3], NULL, NULL) = 1 (out [3])
2677  02:55:16 clock_gettime(CLOCK_BOOTTIME, {666803, 492008305}) = 0
2677  02:55:16 write(3, "\4\226\335:]l\307\231\364\3\37m\n\365f\250m'Ra}\377M,d\t\4\2569\342a\236"..., 40) = 40
2677  02:55:16 clock_gettime(CLOCK_BOOTTIME, {666803, 492105863}) = 0
2677  02:55:16 clock_gettime(CLOCK_BOOTTIME, {666803, 492148310}) = 0
2677  02:55:16 select(7, [3 4], [], NULL, NULL) = 1 (in [3])
2677  02:55:16 clock_gettime(CLOCK_BOOTTIME, {666803, 494088674}) = 0
2677  02:55:16 read(3, "\23\272V%\242g\256\251\2\375\275\2216\243SX\32i\306\357\376\255W\353\4\257\374\252\360\177\356\267"..., 8192) = 40
2677  02:55:16 clock_gettime(CLOCK_BOOTTIME, {666803, 494179832}) = 0
2677  02:55:16 clock_gettime(CLOCK_BOOTTIME, {666803, 494221137}) = 0
2677  02:55:16 select(7, [3 4], [5], NULL, NULL) = 1 (out [5])
2677  02:55:16 clock_gettime(CLOCK_BOOTTIME, {666803, 494310234}) = 0
2677  02:55:16 write(5, "t", 1)         = 1
2677  02:55:16 clock_gettime(CLOCK_BOOTTIME, {666803, 494424295}) = 0
2677  02:55:16 clock_gettime(CLOCK_BOOTTIME, {666803, 494466654}) = 0
2677  02:55:16 select(7, [3 4], [], NULL, NULL) = 1 (in [4])
2677  02:55:17 clock_gettime(CLOCK_BOOTTIME, {666803, 641264427}) = 0
2677  02:55:17 read(4, "\r", 16384)     = 1
2677  02:55:17 clock_gettime(CLOCK_BOOTTIME, {666803, 641400948}) = 0
2677  02:55:17 clock_gettime(CLOCK_BOOTTIME, {666803, 641444307}) = 0
2677  02:55:17 select(7, [3 4], [3], NULL, NULL) = 1 (out [3])
2677  02:55:17 clock_gettime(CLOCK_BOOTTIME, {666803, 641544888}) = 0
2677  02:55:17 write(3, "\241.\301\34\16\275|\227\10\314\10J\273e\314\23\1\2306\241\3271\3032fU\10\270u\265\334\231"..., 40) = 40
2677  02:55:17 clock_gettime(CLOCK_BOOTTIME, {666803, 641640778}) = 0
2677  02:55:17 clock_gettime(CLOCK_BOOTTIME, {666803, 641681568}) = 0
2677  02:55:17 select(7, [3 4], [], NULL, NULL) = 1 (in [3])
2677  02:55:17 clock_gettime(CLOCK_BOOTTIME, {666803, 646752763}) = 0
2677  02:55:17 read(3, "M1\315\300\321<\202\237\207\273\222\n}\345\25c\17~\345K=\303\244\202\16\335\370{yD\325\220"..., 8192) = 200
2677  02:55:17 close(4)                 = 0
2677  02:55:17 clock_gettime(CLOCK_BOOTTIME, {666803, 646893078}) = 0
2677  02:55:17 clock_gettime(CLOCK_BOOTTIME, {666803, 646935111}) = 0
2677  02:55:17 select(7, [3], [5], NULL, NULL) = 1 (out [5])
2677  02:55:17 clock_gettime(CLOCK_BOOTTIME, {666803, 647029697}) = 0
2677  02:55:17 write(5, "\r\nlogout\r\n", 10) = 10
2677  02:55:17 clock_gettime(CLOCK_BOOTTIME, {666803, 647148476}) = 0
2677  02:55:17 clock_gettime(CLOCK_BOOTTIME, {666803, 647190616}) = 0
2677  02:55:17 close(5)                 = 0
2677  02:55:17 ioctl(0, SNDCTL_TMR_STOP or TCSETSW, {B38400 opost isig icanon echo ...}) = 0
2677  02:55:17 close(6)                 = 0
2677  02:55:17 select(7, [3], [3], NULL, NULL) = 1 (out [3])
2677  02:55:17 clock_gettime(CLOCK_BOOTTIME, {666803, 647429950}) = 0
2677  02:55:17 write(3, "Tg\224\t\3267\22?p\375T\252\232\2248}\351\4\26\215aqe\24", 24) = 24
2677  02:55:17 rt_sigaction(SIGWINCH, NULL, {0x5561cfe7dc80, [], SA_RESTORER, 0x7f3782004270}, 8) = 0
2677  02:55:17 rt_sigaction(SIGWINCH, {SIG_DFL, [], SA_RESTORER, 0x7f3782004270}, NULL, 8) = 0
2677  02:55:17 write(3, "\320\261\3418\34f|?\374W\237\2,\230{\10\265w\302\246\316\372\230\335\274p\337\366\16>\323%"..., 56) = 56
2677  02:55:17 ioctl(0, TCGETS, {B38400 opost isig icanon echo ...}) = 0
2677  02:55:17 ioctl(1, TCGETS, {B38400 opost isig icanon echo ...}) = 0
2677  02:55:17 ioctl(2, TCGETS, {B38400 opost isig icanon echo ...}) = 0
2677  02:55:17 write(2, "Connection to 10.5.0.208 closed."..., 34) = 34
2677  02:55:17 shutdown(3, SHUT_RDWR)   = 0
2677  02:55:17 close(3)                 = 0
2677  02:55:17 write(1, "random tag:wrtdjbpufs", 21) = 21
2677  02:55:17 exit_group(0)            = ?
2677  02:55:17 +++ exited with 0 +++
