5485  03:32:51 select(4, [3], NULL, NULL, NULL) = 1 (in [3])
5485  03:32:51 read(3, "\0\0\3\274\n!\0\0\1\25\0\0\0\7ssh-rsa\0\0\0\1#\0\0\1\1\0\264"..., 8192) = 976
5485  03:32:51 open("/root/.ssh/known_hosts", O_RDONLY) = 4
5485  03:32:51 fstat(4, {st_mode=S_IFREG|0644, st_size=1177, ...}) = 0
5485  03:32:51 mmap(NULL, 4096, PROT_READ|PROT_WRITE, MAP_PRIVATE|MAP_ANONYMOUS, -1, 0) = 0x7f1a182bd000
5485  03:32:51 read(4, "172.19.0.36 ssh-rsa AAAAB3NzaC1y"..., 4096) = 1177
5485  03:32:51 read(4, "", 4096)        = 0
5485  03:32:51 close(4)                 = 0
5485  03:32:51 munmap(0x7f1a182bd000, 4096) = 0
5485  03:32:51 open("/root/.ssh/known_hosts2", O_RDONLY) = -1 ENOENT (No such file or directory)
5485  03:32:51 open("/usr/local/openssh/etc/ssh_known_hosts", O_RDONLY) = -1 ENOENT (No such file or directory)
5485  03:32:51 open("/usr/local/openssh/etc/ssh_known_hosts2", O_RDONLY) = -1 ENOENT (No such file or directory)
5485  03:32:51 clock_gettime(CLOCK_BOOTTIME, {669058, 202679345}) = 0
5485  03:32:51 write(3, "\0\0\0\f\n\25\0\0\0\0\0\0\0\0\0\0", 16) = 16
5485  03:32:51 write(3, "Z\200\227\16wN;\355y\325\3111\36\301\234\331\220\7K6\17j\354\225\1\3730\224\251P\245G"..., 40) = 40
5485  03:32:51 select(4, [3], NULL, NULL, NULL) = 1 (in [3])
5485  03:32:51 read(3, "\230\254l\263\r^)\f\331\215!%\37\214] \247j\27\335\37J\10\311\306tj\372E\307\323 "..., 8192) = 40
5485  03:32:51 write(3, "\317\272\343\210\260\2066*y\17\310\303\271\6\310\375\35?r]\217\274\225\336))\246\315\253b\330\243"..., 56) = 56
5485  03:32:51 select(4, [3], NULL, NULL, NULL) = 1 (in [3])
5485  03:32:51 read(3, "$*Lr\261\16^\252\24\350\300S7\26R\235Y\230@\36M\211b\3616\355\364\243I\333W\253"..., 8192) = 72
5485  03:32:51 stat("/root/.ssh/id_rsa", 0x7ffd7f551e60) = -1 ENOENT (No such file or directory)
5485  03:32:51 stat("/root/.ssh/id_dsa", 0x7ffd7f551e60) = -1 ENOENT (No such file or directory)
5485  03:32:51 stat("/root/.ssh/id_ecdsa", 0x7ffd7f551e60) = -1 ENOENT (No such file or directory)
5485  03:32:51 stat("/root/.ssh/id_ed25519", 0x7ffd7f551e60) = -1 ENOENT (No such file or directory)
5485  03:32:51 open("/dev/tty", O_RDWR) = 4
5485  03:32:51 close(4)                 = 0
5485  03:32:51 open("/dev/tty", O_RDWR) = 4
5485  03:32:51 ioctl(4, TCGETS, {B38400 opost isig icanon echo ...}) = 0
5485  03:32:51 ioctl(4, SNDCTL_TMR_CONTINUE or TCSETSF, {B38400 opost isig icanon -echo ...}) = 0
5485  03:32:51 rt_sigaction(SIGALRM, {0x555d8a4a10d0, [], SA_RESTORER, 0x7f1a16e42270}, {SIG_DFL, [], 0}, 8) = 0
5485  03:32:51 rt_sigaction(SIGHUP, {0x555d8a4a10d0, [], SA_RESTORER, 0x7f1a16e42270}, {SIG_DFL, [], 0}, 8) = 0
5485  03:32:51 rt_sigaction(SIGINT, {0x555d8a4a10d0, [], SA_RESTORER, 0x7f1a16e42270}, {SIG_DFL, [], 0}, 8) = 0
5485  03:32:51 rt_sigaction(SIGPIPE, {0x555d8a4a10d0, [], SA_RESTORER, 0x7f1a16e42270}, {SIG_IGN, [], SA_RESTORER, 0x7f1a16e42270}, 8) = 0
5485  03:32:51 rt_sigaction(SIGQUIT, {0x555d8a4a10d0, [], SA_RESTORER, 0x7f1a16e42270}, {SIG_DFL, [], 0}, 8) = 0
5485  03:32:51 rt_sigaction(SIGTERM, {0x555d8a4a10d0, [], SA_RESTORER, 0x7f1a16e42270}, {SIG_DFL, [], 0}, 8) = 0
5485  03:32:51 rt_sigaction(SIGTSTP, {0x555d8a4a10d0, [], SA_RESTORER, 0x7f1a16e42270}, {SIG_DFL, [], 0}, 8) = 0
5485  03:32:51 rt_sigaction(SIGTTIN, {0x555d8a4a10d0, [], SA_RESTORER, 0x7f1a16e42270}, {SIG_DFL, [], 0}, 8) = 0
5485  03:32:51 rt_sigaction(SIGTTOU, {0x555d8a4a10d0, [], SA_RESTORER, 0x7f1a16e42270}, {SIG_DFL, [], 0}, 8) = 0
5485  03:32:51 write(4, "root@10.5.0.208's password: ", 28) = 28
5485  03:32:51 read(4, "y", 1)          = 1
5485  03:32:51 read(4, "o", 1)          = 1
5485  03:32:51 read(4, "t", 1)          = 1
5485  03:32:51 read(4, "p", 1)          = 1
5485  03:32:51 read(4, "4", 1)          = 1
5485  03:32:51 read(4, "o", 1)          = 1
5485  03:32:51 read(4, "z", 1)          = 1
5485  03:32:51 read(4, "A", 1)          = 1
5485  03:32:51 read(4, "c", 1)          = 1
5485  03:32:51 read(4, "C", 1)          = 1
5485  03:32:51 read(4, "=", 1)          = 1
5485  03:32:51 read(4, "b", 1)          = 1
5485  03:32:51 read(4, "~", 1)          = 1
5485  03:32:51 read(4, "V", 1)          = 1
5485  03:32:51 read(4, "4", 1)          = 1
5485  03:32:51 read(4, "K", 1)          = 1
5485  03:32:51 read(4, "G", 1)          = 1
5485  03:32:51 read(4, "V", 1)          = 1
5485  03:32:51 read(4, "/", 1)          = 1
5485  03:32:51 read(4, "s", 1)          = 1
5485  03:32:51 read(4, "\n", 1)         = 1
5485  03:32:51 write(4, "\n", 1)        = 1
5485  03:32:51 ioctl(4, SNDCTL_TMR_CONTINUE or TCSETSF, {B38400 opost isig icanon echo ...}) = 0
5485  03:32:51 rt_sigaction(SIGALRM, {SIG_DFL, [], SA_RESTORER, 0x7f1a16e42270}, NULL, 8) = 0
5485  03:32:51 rt_sigaction(SIGHUP, {SIG_DFL, [], SA_RESTORER, 0x7f1a16e42270}, NULL, 8) = 0
5485  03:32:51 rt_sigaction(SIGINT, {SIG_DFL, [], SA_RESTORER, 0x7f1a16e42270}, NULL, 8) = 0
5485  03:32:51 rt_sigaction(SIGQUIT, {SIG_DFL, [], SA_RESTORER, 0x7f1a16e42270}, NULL, 8) = 0
5485  03:32:51 rt_sigaction(SIGPIPE, {SIG_IGN, [], SA_RESTORER, 0x7f1a16e42270}, NULL, 8) = 0
5485  03:32:51 rt_sigaction(SIGTERM, {SIG_DFL, [], SA_RESTORER, 0x7f1a16e42270}, NULL, 8) = 0
5485  03:32:51 rt_sigaction(SIGTSTP, {SIG_DFL, [], SA_RESTORER, 0x7f1a16e42270}, NULL, 8) = 0
5485  03:32:51 rt_sigaction(SIGTTIN, {SIG_DFL, [], SA_RESTORER, 0x7f1a16e42270}, NULL, 8) = 0
5485  03:32:51 rt_sigaction(SIGTTOU, {SIG_DFL, [], SA_RESTORER, 0x7f1a16e42270}, NULL, 8) = 0
5485  03:32:51 close(4)                 = 0
5485  03:32:51 write(3, "s\350\215\322U\312\\\34\256y\235\350\5\25GR\3603H\236\21\30\6\362\341\272E0\314\224\r\323"..., 136) = 136
5485  03:32:51 select(4, [3], NULL, NULL, NULL) = 1 (in [3])
5485  03:32:51 read(3, "Y\30\245\215n\334\2274\350HZV\266\261c\24\206\31\321\317\306\303\331P", 8192) = 24
5485  03:32:51 dup(0)                   = 4
5485  03:32:51 dup(1)                   = 5
5485  03:32:51 dup(2)                   = 6
5485  03:32:51 ioctl(4, TCGETS, {B38400 opost isig icanon echo ...}) = 0
5485  03:32:51 ioctl(5, TCGETS, {B38400 opost isig icanon echo ...}) = 0
5485  03:32:51 ioctl(6, TCGETS, {B38400 opost isig icanon echo ...}) = 0
5485  03:32:51 fcntl(4, F_SETFD, FD_CLOEXEC) = 0
5485  03:32:51 fcntl(5, F_SETFD, FD_CLOEXEC) = 0
5485  03:32:51 fcntl(6, F_SETFD, FD_CLOEXEC) = 0
5485  03:32:51 rt_sigaction(SIGHUP, NULL, {SIG_DFL, [], SA_RESTORER, 0x7f1a16e42270}, 8) = 0
5485  03:32:51 rt_sigaction(SIGHUP, {SIG_IGN, [], SA_RESTORER, 0x7f1a16e42270}, NULL, 8) = 0
5485  03:32:51 rt_sigaction(SIGHUP, NULL, {SIG_IGN, [], SA_RESTORER, 0x7f1a16e42270}, 8) = 0
5485  03:32:51 rt_sigaction(SIGHUP, {0x555d8a4499f0, [], SA_RESTORER, 0x7f1a16e42270}, NULL, 8) = 0
5485  03:32:51 rt_sigaction(SIGINT, NULL, {SIG_DFL, [], SA_RESTORER, 0x7f1a16e42270}, 8) = 0
5485  03:32:51 rt_sigaction(SIGINT, {SIG_IGN, [], SA_RESTORER, 0x7f1a16e42270}, NULL, 8) = 0
5485  03:32:51 rt_sigaction(SIGINT, NULL, {SIG_IGN, [], SA_RESTORER, 0x7f1a16e42270}, 8) = 0
5485  03:32:51 rt_sigaction(SIGINT, {0x555d8a4499f0, [], SA_RESTORER, 0x7f1a16e42270}, NULL, 8) = 0
5485  03:32:51 rt_sigaction(SIGQUIT, NULL, {SIG_DFL, [], SA_RESTORER, 0x7f1a16e42270}, 8) = 0
5485  03:32:51 rt_sigaction(SIGQUIT, {SIG_IGN, [], SA_RESTORER, 0x7f1a16e42270}, NULL, 8) = 0
5485  03:32:51 rt_sigaction(SIGQUIT, NULL, {SIG_IGN, [], SA_RESTORER, 0x7f1a16e42270}, 8) = 0
5485  03:32:51 rt_sigaction(SIGQUIT, {0x555d8a4499f0, [], SA_RESTORER, 0x7f1a16e42270}, NULL, 8) = 0
5485  03:32:51 rt_sigaction(SIGTERM, NULL, {SIG_DFL, [], SA_RESTORER, 0x7f1a16e42270}, 8) = 0
5485  03:32:51 rt_sigaction(SIGTERM, {SIG_IGN, [], SA_RESTORER, 0x7f1a16e42270}, NULL, 8) = 0
5485  03:32:51 rt_sigaction(SIGTERM, NULL, {SIG_IGN, [], SA_RESTORER, 0x7f1a16e42270}, 8) = 0
5485  03:32:51 rt_sigaction(SIGTERM, {0x555d8a4499f0, [], SA_RESTORER, 0x7f1a16e42270}, NULL, 8) = 0
5485  03:32:51 rt_sigaction(SIGWINCH, NULL, {SIG_DFL, [], 0}, 8) = 0
5485  03:32:51 rt_sigaction(SIGWINCH, {0x555d8a449c80, [], SA_RESTORER, 0x7f1a16e42270}, NULL, 8) = 0
5485  03:32:51 ioctl(0, TCGETS, {B38400 opost isig icanon echo ...}) = 0
5485  03:32:51 ioctl(0, SNDCTL_TMR_STOP or TCSETSW, {B38400 -opost -isig -icanon -echo ...}) = 0
5485  03:32:51 clock_gettime(CLOCK_BOOTTIME, {669058, 277070870}) = 0
5485  03:32:51 clock_gettime(CLOCK_BOOTTIME, {669058, 277120051}) = 0
5485  03:32:51 select(7, [3], [3], NULL, NULL) = 1 (out [3])
5485  03:32:51 clock_gettime(CLOCK_BOOTTIME, {669058, 277209182}) = 0
5485  03:32:51 write(3, "\7p\v\3;\177\211J\240\\\\\213\241<\220\360\272\203}\373U4\203\237\0335s\257\337\333Rt"..., 112) = 112
5485  03:32:51 clock_gettime(CLOCK_BOOTTIME, {669058, 277300405}) = 0
5485  03:32:51 clock_gettime(CLOCK_BOOTTIME, {669058, 277340813}) = 0
5485  03:32:51 select(7, [3], [], NULL, NULL) = 1 (in [3])
5485  03:32:51 clock_gettime(CLOCK_BOOTTIME, {669058, 280417294}) = 0
5485  03:32:51 read(3, "\307,\3542\342.\33\2561\303\376\232\353_B\v\5Z\223\304y\323\350\362\2275\377\221\366\203\305\230"..., 8192) = 40
5485  03:32:51 getsockopt(3, SOL_TCP, TCP_NODELAY, [0], [4]) = 0
5485  03:32:51 setsockopt(3, SOL_TCP, TCP_NODELAY, [1], 4) = 0
5485  03:32:51 getsockname(3, {sa_family=AF_INET, sin_port=htons(60754), sin_addr=inet_addr("10.5.0.222")}, [16]) = 0
5485  03:32:51 setsockopt(3, SOL_IP, IP_TOS, [16], 4) = 0
5485  03:32:51 ioctl(0, TIOCGWINSZ, {ws_row=24, ws_col=105, ws_xpixel=0, ws_ypixel=0}) = 0
5485  03:32:51 clock_gettime(CLOCK_BOOTTIME, {669058, 280752217}) = 0
5485  03:32:51 clock_gettime(CLOCK_BOOTTIME, {669058, 280790874}) = 0
5485  03:32:51 select(7, [3], [3], NULL, NULL) = 1 (out [3])
5485  03:32:51 clock_gettime(CLOCK_BOOTTIME, {669058, 280871958}) = 0
5485  03:32:51 write(3, "e[2\227\317\367\201@W\301\213\237\24{\313W\2654h\200\367\221\22\217\3w\3754[\342 \273"..., 368) = 368
5485  03:32:51 clock_gettime(CLOCK_BOOTTIME, {669058, 280962773}) = 0
5485  03:32:51 clock_gettime(CLOCK_BOOTTIME, {669058, 281006800}) = 0
5485  03:32:51 select(7, [3], [], NULL, NULL) = 1 (in [3])
5485  03:32:51 clock_gettime(CLOCK_BOOTTIME, {669058, 281528852}) = 0
5485  03:32:51 read(3, "\32%r=\366\10n\206\230{\10Z6w\355\312}\362\255u#.\341=\301\335O\205\224d`\224"..., 8192) = 88
5485  03:32:51 clock_gettime(CLOCK_BOOTTIME, {669058, 281613025}) = 0
5485  03:32:51 clock_gettime(CLOCK_BOOTTIME, {669058, 281651991}) = 0
5485  03:32:51 select(7, [3 4], [], NULL, NULL) = 1 (in [3])
5485  03:32:51 clock_gettime(CLOCK_BOOTTIME, {669058, 286052102}) = 0
5485  03:32:51 read(3, "\33\6wq=\2014\272X\351\315\304C\231C\264\1\2707\250nw\260W\305Y\374\331\266>\307\0"..., 8192) = 152
5485  03:32:51 clock_gettime(CLOCK_BOOTTIME, {669058, 286141557}) = 0
5485  03:32:51 clock_gettime(CLOCK_BOOTTIME, {669058, 286180539}) = 0
5485  03:32:51 select(7, [3 4], [5], NULL, NULL) = 1 (out [5])
5485  03:32:51 clock_gettime(CLOCK_BOOTTIME, {669058, 286263861}) = 0
5485  03:32:51 write(5, "Last login: Fri Jun 22 11:30:09 "..., 111) = 111
5485  03:32:51 clock_gettime(CLOCK_BOOTTIME, {669058, 286395603}) = 0
5485  03:32:51 clock_gettime(CLOCK_BOOTTIME, {669058, 286441648}) = 0
5485  03:32:51 select(7, [3 4], [], NULL, NULL) = 1 (in [3])
5485  03:32:51 clock_gettime(CLOCK_BOOTTIME, {669058, 303292449}) = 0
5485  03:32:51 read(3, "\212\340 r\226]\311\35\272x\306\372\347\341\246B\377l\266\n\324\366s\216\260\262\f\310\242\337\24\310"..., 8192) = 56
5485  03:32:51 clock_gettime(CLOCK_BOOTTIME, {669058, 303392778}) = 0
5485  03:32:51 clock_gettime(CLOCK_BOOTTIME, {669058, 303439542}) = 0
5485  03:32:51 select(7, [3 4], [5], NULL, NULL) = 1 (out [5])
5485  03:32:51 clock_gettime(CLOCK_BOOTTIME, {669058, 303525577}) = 0
5485  03:32:51 write(5, "[root@ali-p2p-h5-1 ~]# ", 23) = 23
5485  03:32:51 clock_gettime(CLOCK_BOOTTIME, {669058, 303636007}) = 0
5485  03:32:51 clock_gettime(CLOCK_BOOTTIME, {669058, 303675212}) = 0
5485  03:32:51 select(7, [3 4], [], NULL, NULL) = 1 (in [4])
5485  03:32:52 clock_gettime(CLOCK_BOOTTIME, {669058, 995339416}) = 0
5485  03:32:52 read(4, "e", 16384)      = 1
5485  03:32:52 clock_gettime(CLOCK_BOOTTIME, {669058, 995468209}) = 0
5485  03:32:52 clock_gettime(CLOCK_BOOTTIME, {669058, 995510497}) = 0
5485  03:32:52 select(7, [3 4], [3], NULL, NULL) = 1 (out [3])
5485  03:32:52 clock_gettime(CLOCK_BOOTTIME, {669058, 995601645}) = 0
5485  03:32:52 write(3, "*q\247$\32\0261@\202CO\10\313q\217P\213i\362\213g\0351\354\335>_v\205a\0_"..., 40) = 40
5485  03:32:52 clock_gettime(CLOCK_BOOTTIME, {669058, 995714838}) = 0
5485  03:32:52 clock_gettime(CLOCK_BOOTTIME, {669058, 995756546}) = 0
5485  03:32:52 select(7, [3 4], [], NULL, NULL) = 1 (in [3])
5485  03:32:52 clock_gettime(CLOCK_BOOTTIME, {669058, 997064942}) = 0
5485  03:32:52 read(3, "%?\235@];\t \366\214\266\225:y\26e\6r\243\241\234\34\360\215\201\376o\252\270-\200\306"..., 8192) = 40
5485  03:32:52 clock_gettime(CLOCK_BOOTTIME, {669058, 997156316}) = 0
5485  03:32:52 clock_gettime(CLOCK_BOOTTIME, {669058, 997197922}) = 0
5485  03:32:52 select(7, [3 4], [5], NULL, NULL) = 1 (out [5])
5485  03:32:52 clock_gettime(CLOCK_BOOTTIME, {669058, 997285176}) = 0
5485  03:32:52 write(5, "e", 1)         = 1
5485  03:32:52 clock_gettime(CLOCK_BOOTTIME, {669058, 997413523}) = 0
5485  03:32:52 clock_gettime(CLOCK_BOOTTIME, {669058, 997461670}) = 0
5485  03:32:52 select(7, [3 4], [], NULL, NULL) = 1 (in [4])
5485  03:32:52 clock_gettime(CLOCK_BOOTTIME, {669059, 347079397}) = 0
5485  03:32:52 read(4, "x", 16384)      = 1
5485  03:32:52 clock_gettime(CLOCK_BOOTTIME, {669059, 347197161}) = 0
5485  03:32:52 clock_gettime(CLOCK_BOOTTIME, {669059, 347239628}) = 0
5485  03:32:52 select(7, [3 4], [3], NULL, NULL) = 1 (out [3])
5485  03:32:52 clock_gettime(CLOCK_BOOTTIME, {669059, 347331740}) = 0
5485  03:32:52 write(3, "\255\216\336\263\347\0\35\300\20e~\255\vG\257(\370\276V\344:\351\254\332\335\210M\212\373\347\n\244"..., 40) = 40
5485  03:32:52 clock_gettime(CLOCK_BOOTTIME, {669059, 347437855}) = 0
5485  03:32:52 clock_gettime(CLOCK_BOOTTIME, {669059, 347480788}) = 0
5485  03:32:52 select(7, [3 4], [], NULL, NULL) = 1 (in [3])
5485  03:32:52 clock_gettime(CLOCK_BOOTTIME, {669059, 349291014}) = 0
5485  03:32:52 read(3, "\32\206\241\242r\227\3074\325\311\274\206\301\274\227\247\376\344\6\3\244\246-\0279$eJ\256_\251\r"..., 8192) = 40
5485  03:32:52 clock_gettime(CLOCK_BOOTTIME, {669059, 349384169}) = 0
5485  03:32:52 clock_gettime(CLOCK_BOOTTIME, {669059, 349431548}) = 0
5485  03:32:52 select(7, [3 4], [5], NULL, NULL) = 1 (out [5])
5485  03:32:52 clock_gettime(CLOCK_BOOTTIME, {669059, 349521344}) = 0
5485  03:32:52 write(5, "x", 1)         = 1
5485  03:32:52 clock_gettime(CLOCK_BOOTTIME, {669059, 349651471}) = 0
5485  03:32:52 clock_gettime(CLOCK_BOOTTIME, {669059, 349693260}) = 0
5485  03:32:52 select(7, [3 4], [], NULL, NULL) = 1 (in [4])
5485  03:32:52 clock_gettime(CLOCK_BOOTTIME, {669059, 539009205}) = 0
5485  03:32:52 read(4, "i", 16384)      = 1
5485  03:32:52 clock_gettime(CLOCK_BOOTTIME, {669059, 539137996}) = 0
5485  03:32:52 clock_gettime(CLOCK_BOOTTIME, {669059, 539180437}) = 0
5485  03:32:52 select(7, [3 4], [3], NULL, NULL) = 1 (out [3])
5485  03:32:52 clock_gettime(CLOCK_BOOTTIME, {669059, 539270807}) = 0
5485  03:32:52 write(3, "\251%k-\25\300S.Z\3\260;\317\262\250\346N\240\367\4m\272dq6&\27T\373ic\n"..., 40) = 40
5485  03:32:52 clock_gettime(CLOCK_BOOTTIME, {669059, 539365223}) = 0
5485  03:32:52 clock_gettime(CLOCK_BOOTTIME, {669059, 539407313}) = 0
5485  03:32:52 select(7, [3 4], [], NULL, NULL) = 1 (in [3])
5485  03:32:52 clock_gettime(CLOCK_BOOTTIME, {669059, 541301443}) = 0
5485  03:32:52 read(3, "\304t\213\4/\370}m\2_K\37F\31\3041\215\250/\227\233\21\301G:}\354\321\332uJ\204"..., 8192) = 40
5485  03:32:52 clock_gettime(CLOCK_BOOTTIME, {669059, 541392245}) = 0
5485  03:32:52 clock_gettime(CLOCK_BOOTTIME, {669059, 541439059}) = 0
5485  03:32:52 select(7, [3 4], [5], NULL, NULL) = 1 (out [5])
5485  03:32:52 clock_gettime(CLOCK_BOOTTIME, {669059, 541527109}) = 0
5485  03:32:52 write(5, "i", 1)         = 1
5485  03:32:52 clock_gettime(CLOCK_BOOTTIME, {669059, 541643010}) = 0
5485  03:32:52 clock_gettime(CLOCK_BOOTTIME, {669059, 541683860}) = 0
5485  03:32:52 select(7, [3 4], [], NULL, NULL) = 1 (in [4])
5485  03:32:53 clock_gettime(CLOCK_BOOTTIME, {669059, 867463580}) = 0
5485  03:32:53 read(4, "t", 16384)      = 1
5485  03:32:53 clock_gettime(CLOCK_BOOTTIME, {669059, 867590631}) = 0
5485  03:32:53 clock_gettime(CLOCK_BOOTTIME, {669059, 867632243}) = 0
5485  03:32:53 select(7, [3 4], [3], NULL, NULL) = 1 (out [3])
5485  03:32:53 clock_gettime(CLOCK_BOOTTIME, {669059, 867730824}) = 0
5485  03:32:53 write(3, "\330\247\350\t\207^&\vG\31\6D\343\230T\177\312\20\274Q\344{\261\261\316\1wq'/\330\232"..., 40) = 40
5485  03:32:53 clock_gettime(CLOCK_BOOTTIME, {669059, 867826048}) = 0
5485  03:32:53 clock_gettime(CLOCK_BOOTTIME, {669059, 867866618}) = 0
5485  03:32:53 select(7, [3 4], [], NULL, NULL) = 1 (in [3])
5485  03:32:53 clock_gettime(CLOCK_BOOTTIME, {669059, 870287648}) = 0
5485  03:32:53 read(3, "\357\22\300\306\204\0054\26\24?jC\216\313\301\223\"\3611\35lo\207>/\316\342\21\35=\16\233"..., 8192) = 40
5485  03:32:53 clock_gettime(CLOCK_BOOTTIME, {669059, 870376003}) = 0
5485  03:32:53 clock_gettime(CLOCK_BOOTTIME, {669059, 870416607}) = 0
5485  03:32:53 select(7, [3 4], [5], NULL, NULL) = 1 (out [5])
5485  03:32:53 clock_gettime(CLOCK_BOOTTIME, {669059, 870508128}) = 0
5485  03:32:53 write(5, "t", 1)         = 1
5485  03:32:53 clock_gettime(CLOCK_BOOTTIME, {669059, 870620791}) = 0
5485  03:32:53 clock_gettime(CLOCK_BOOTTIME, {669059, 870660683}) = 0
5485  03:32:53 select(7, [3 4], [], NULL, NULL) = 1 (in [4])
5485  03:32:53 clock_gettime(CLOCK_BOOTTIME, {669060, 115185617}) = 0
5485  03:32:53 read(4, "\r", 16384)     = 1
5485  03:32:53 clock_gettime(CLOCK_BOOTTIME, {669060, 115321110}) = 0
5485  03:32:53 clock_gettime(CLOCK_BOOTTIME, {669060, 115361333}) = 0
5485  03:32:53 select(7, [3 4], [3], NULL, NULL) = 1 (out [3])
5485  03:32:53 clock_gettime(CLOCK_BOOTTIME, {669060, 115458224}) = 0
5485  03:32:53 write(3, "x\"\205l\301\345\335\231]\304%\253p\270\10\306O\22%\216?^\347\217\204O\244\20\vf.T"..., 40) = 40
5485  03:32:53 clock_gettime(CLOCK_BOOTTIME, {669060, 115563896}) = 0
5485  03:32:53 clock_gettime(CLOCK_BOOTTIME, {669060, 115605244}) = 0
5485  03:32:53 select(7, [3 4], [], NULL, NULL) = 1 (in [3])
5485  03:32:53 clock_gettime(CLOCK_BOOTTIME, {669060, 120616454}) = 0
5485  03:32:53 read(3, "<\213\232\344o\3014\314\344vL\23n\373\37\237\177Gy\24\3\254f\236CK7\344>\357L'"..., 8192) = 200
5485  03:32:53 close(4)                 = 0
5485  03:32:53 clock_gettime(CLOCK_BOOTTIME, {669060, 120759768}) = 0
5485  03:32:53 clock_gettime(CLOCK_BOOTTIME, {669060, 120801015}) = 0
5485  03:32:53 select(7, [3], [5], NULL, NULL) = 1 (out [5])
5485  03:32:53 clock_gettime(CLOCK_BOOTTIME, {669060, 120890099}) = 0
5485  03:32:53 write(5, "\r\nlogout\r\n", 10) = 10
5485  03:32:53 clock_gettime(CLOCK_BOOTTIME, {669060, 121023465}) = 0
5485  03:32:53 clock_gettime(CLOCK_BOOTTIME, {669060, 121066578}) = 0
5485  03:32:53 close(5)                 = 0
5485  03:32:53 ioctl(0, SNDCTL_TMR_STOP or TCSETSW, {B38400 opost isig icanon echo ...}) = 0
5485  03:32:53 close(6)                 = 0
5485  03:32:53 select(7, [3], [3], NULL, NULL) = 1 (out [3])
5485  03:32:53 clock_gettime(CLOCK_BOOTTIME, {669060, 121310605}) = 0
5485  03:32:53 write(3, "\33\177i\276%d-f\331\327\364\17k\206\351\262~d\2636{\336\324\323", 24) = 24
5485  03:32:53 rt_sigaction(SIGWINCH, NULL, {0x555d8a449c80, [], SA_RESTORER, 0x7f1a16e42270}, 8) = 0
5485  03:32:53 rt_sigaction(SIGWINCH, {SIG_DFL, [], SA_RESTORER, 0x7f1a16e42270}, NULL, 8) = 0
5485  03:32:53 write(3, "\210=tM\2455\332\331\327\221\23M,\366\211b\270\33t\tph5\362\307\6\261\34\231%|M"..., 56) = 56
5485  03:32:53 ioctl(0, TCGETS, {B38400 opost isig icanon echo ...}) = 0
5485  03:32:53 ioctl(1, TCGETS, {B38400 opost isig icanon echo ...}) = 0
5485  03:32:53 ioctl(2, TCGETS, {B38400 opost isig icanon echo ...}) = 0
5485  03:32:53 write(2, "Connection to 10.5.0.208 closed."..., 34) = 34
5485  03:32:53 shutdown(3, SHUT_RDWR)   = 0
5485  03:32:53 close(3)                 = 0
5485  03:32:53 write(1, "random tag:pocl3kejiy", 21) = 21
5485  03:32:53 exit_group(0)            = ?
5485  03:32:53 +++ exited with 0 +++
