2884  02:57:23 select(4, [3], NULL, NULL, NULL) = 1 (in [3])
2884  02:57:23 read(3, "\0\0\1\224\10\37\0\0\1\201\0\323#\r#ur\354\351\371#Xq^\272\303\244\330\237-kM"..., 8192) = 408
2884  02:57:23 write(3, "\0\0\1\214\6 \0\0\1\200U+V\261d7\n=\363\245\7\275\304\21\344\24\377\271tc\211t"..., 400) = 400
2884  02:57:23 select(4, [3], NULL, NULL, NULL) = 1 (in [3])
2884  02:57:23 read(3, "\0\0\3\274\t!\0\0\1\25\0\0\0\7ssh-rsa\0\0\0\1#\0\0\1\1\0\264"..., 8192) = 976
2884  02:57:23 open("/root/.ssh/known_hosts", O_RDONLY) = 4
2884  02:57:23 fstat(4, {st_mode=S_IFREG|0644, st_size=1177, ...}) = 0
2884  02:57:23 mmap(NULL, 4096, PROT_READ|PROT_WRITE, MAP_PRIVATE|MAP_ANONYMOUS, -1, 0) = 0x7fa244886000
2884  02:57:23 read(4, "172.19.0.36 ssh-rsa AAAAB3NzaC1y"..., 4096) = 1177
2884  02:57:23 read(4, "", 4096)        = 0
2884  02:57:23 close(4)                 = 0
2884  02:57:23 munmap(0x7fa244886000, 4096) = 0
2884  02:57:23 open("/root/.ssh/known_hosts2", O_RDONLY) = -1 ENOENT (No such file or directory)
2884  02:57:23 open("/usr/local/openssh/etc/ssh_known_hosts", O_RDONLY) = -1 ENOENT (No such file or directory)
2884  02:57:23 open("/usr/local/openssh/etc/ssh_known_hosts2", O_RDONLY) = -1 ENOENT (No such file or directory)
2884  02:57:23 clock_gettime(CLOCK_BOOTTIME, {666929, 966680182}) = 0
2884  02:57:23 write(3, "\0\0\0\f\n\25\0\0\0\0\0\0\0\0\0\0", 16) = 16
2884  02:57:23 write(3, "\367Mv>R\214\213\\\242\356\256\236|S\10\2660\321|p\337\207b\227\334\356\245\30\30\321\t\200"..., 40) = 40
2884  02:57:23 select(4, [3], NULL, NULL, NULL) = 1 (in [3])
2884  02:57:23 read(3, "[\360\211!\374+\244G\224$\352\373\201\177y82B\3\277\374\252\7\361\1\220\372\325\21\36s\341"..., 8192) = 40
2884  02:57:23 write(3, ">R\267\201\4\367\260\3074\246\3,c\304[\371\224L \312\334\10V\326\331\266\2048+\372\353\306"..., 56) = 56
2884  02:57:23 select(4, [3], NULL, NULL, NULL) = 1 (in [3])
2884  02:57:23 read(3, "O\355\351 \334[\260\0\267\224z%M\7\340a\226\274)\344\33]\376\2\377\330\31n9\177Y\263"..., 8192) = 72
2884  02:57:23 stat("/root/.ssh/id_rsa", 0x7ffc4cce8c10) = -1 ENOENT (No such file or directory)
2884  02:57:23 stat("/root/.ssh/id_dsa", 0x7ffc4cce8c10) = -1 ENOENT (No such file or directory)
2884  02:57:23 stat("/root/.ssh/id_ecdsa", 0x7ffc4cce8c10) = -1 ENOENT (No such file or directory)
2884  02:57:23 stat("/root/.ssh/id_ed25519", 0x7ffc4cce8c10) = -1 ENOENT (No such file or directory)
2884  02:57:23 open("/dev/tty", O_RDWR) = 4
2884  02:57:23 close(4)                 = 0
2884  02:57:23 open("/dev/tty", O_RDWR) = 4
2884  02:57:23 ioctl(4, TCGETS, {B38400 opost isig icanon echo ...}) = 0
2884  02:57:23 ioctl(4, SNDCTL_TMR_CONTINUE or TCSETSF, {B38400 opost isig icanon -echo ...}) = 0
2884  02:57:23 rt_sigaction(SIGALRM, {0x5655497c50d0, [], SA_RESTORER, 0x7fa24340b270}, {SIG_DFL, [], 0}, 8) = 0
2884  02:57:23 rt_sigaction(SIGHUP, {0x5655497c50d0, [], SA_RESTORER, 0x7fa24340b270}, {SIG_DFL, [], 0}, 8) = 0
2884  02:57:23 rt_sigaction(SIGINT, {0x5655497c50d0, [], SA_RESTORER, 0x7fa24340b270}, {SIG_DFL, [], 0}, 8) = 0
2884  02:57:23 rt_sigaction(SIGPIPE, {0x5655497c50d0, [], SA_RESTORER, 0x7fa24340b270}, {SIG_IGN, [], SA_RESTORER, 0x7fa24340b270}, 8) = 0
2884  02:57:23 rt_sigaction(SIGQUIT, {0x5655497c50d0, [], SA_RESTORER, 0x7fa24340b270}, {SIG_DFL, [], 0}, 8) = 0
2884  02:57:23 rt_sigaction(SIGTERM, {0x5655497c50d0, [], SA_RESTORER, 0x7fa24340b270}, {SIG_DFL, [], 0}, 8) = 0
2884  02:57:23 rt_sigaction(SIGTSTP, {0x5655497c50d0, [], SA_RESTORER, 0x7fa24340b270}, {SIG_DFL, [], 0}, 8) = 0
2884  02:57:23 rt_sigaction(SIGTTIN, {0x5655497c50d0, [], SA_RESTORER, 0x7fa24340b270}, {SIG_DFL, [], 0}, 8) = 0
2884  02:57:23 rt_sigaction(SIGTTOU, {0x5655497c50d0, [], SA_RESTORER, 0x7fa24340b270}, {SIG_DFL, [], 0}, 8) = 0
2884  02:57:23 write(4, "root@10.5.0.208's password: ", 28) = 28
2884  02:57:23 read(4, "y", 1)          = 1
2884  02:57:23 read(4, "o", 1)          = 1
2884  02:57:23 read(4, "t", 1)          = 1
2884  02:57:23 read(4, "p", 1)          = 1
2884  02:57:23 read(4, "4", 1)          = 1
2884  02:57:23 read(4, "o", 1)          = 1
2884  02:57:23 read(4, "z", 1)          = 1
2884  02:57:23 read(4, "A", 1)          = 1
2884  02:57:23 read(4, "c", 1)          = 1
2884  02:57:23 read(4, "C", 1)          = 1
2884  02:57:23 read(4, "=", 1)          = 1
2884  02:57:23 read(4, "b", 1)          = 1
2884  02:57:23 read(4, "~", 1)          = 1
2884  02:57:23 read(4, "V", 1)          = 1
2884  02:57:23 read(4, "4", 1)          = 1
2884  02:57:23 read(4, "K", 1)          = 1
2884  02:57:23 read(4, "G", 1)          = 1
2884  02:57:23 read(4, "V", 1)          = 1
2884  02:57:23 read(4, "/", 1)          = 1
2884  02:57:23 read(4, "s", 1)          = 1
2884  02:57:23 read(4, "\n", 1)         = 1
2884  02:57:23 write(4, "\n", 1)        = 1
2884  02:57:23 ioctl(4, SNDCTL_TMR_CONTINUE or TCSETSF, {B38400 opost isig icanon echo ...}) = 0
2884  02:57:23 rt_sigaction(SIGALRM, {SIG_DFL, [], SA_RESTORER, 0x7fa24340b270}, NULL, 8) = 0
2884  02:57:23 rt_sigaction(SIGHUP, {SIG_DFL, [], SA_RESTORER, 0x7fa24340b270}, NULL, 8) = 0
2884  02:57:23 rt_sigaction(SIGINT, {SIG_DFL, [], SA_RESTORER, 0x7fa24340b270}, NULL, 8) = 0
2884  02:57:23 rt_sigaction(SIGQUIT, {SIG_DFL, [], SA_RESTORER, 0x7fa24340b270}, NULL, 8) = 0
2884  02:57:23 rt_sigaction(SIGPIPE, {SIG_IGN, [], SA_RESTORER, 0x7fa24340b270}, NULL, 8) = 0
2884  02:57:23 rt_sigaction(SIGTERM, {SIG_DFL, [], SA_RESTORER, 0x7fa24340b270}, NULL, 8) = 0
2884  02:57:23 rt_sigaction(SIGTSTP, {SIG_DFL, [], SA_RESTORER, 0x7fa24340b270}, NULL, 8) = 0
2884  02:57:23 rt_sigaction(SIGTTIN, {SIG_DFL, [], SA_RESTORER, 0x7fa24340b270}, NULL, 8) = 0
2884  02:57:23 rt_sigaction(SIGTTOU, {SIG_DFL, [], SA_RESTORER, 0x7fa24340b270}, NULL, 8) = 0
2884  02:57:23 close(4)                 = 0
2884  02:57:23 write(3, "!\375\354\205\36\330e$\206X9\254\354\261\336\231\273\333\242\265\345R\341,;;\356\220\6'\351\306"..., 136) = 136
2884  02:57:23 select(4, [3], NULL, NULL, NULL) = 1 (in [3])
2884  02:57:23 read(3, "\4\360\335 \354h?*l\333\31\234\v&!'o\217\311c\332\20\313\225", 8192) = 24
2884  02:57:23 dup(0)                   = 4
2884  02:57:23 dup(1)                   = 5
2884  02:57:23 dup(2)                   = 6
2884  02:57:23 ioctl(4, TCGETS, {B38400 opost isig icanon echo ...}) = 0
2884  02:57:23 ioctl(5, TCGETS, {B38400 opost isig icanon echo ...}) = 0
2884  02:57:23 ioctl(6, TCGETS, {B38400 opost isig icanon echo ...}) = 0
2884  02:57:23 fcntl(4, F_SETFD, FD_CLOEXEC) = 0
2884  02:57:23 fcntl(5, F_SETFD, FD_CLOEXEC) = 0
2884  02:57:23 fcntl(6, F_SETFD, FD_CLOEXEC) = 0
2884  02:57:23 rt_sigaction(SIGHUP, NULL, {SIG_DFL, [], SA_RESTORER, 0x7fa24340b270}, 8) = 0
2884  02:57:23 rt_sigaction(SIGHUP, {SIG_IGN, [], SA_RESTORER, 0x7fa24340b270}, NULL, 8) = 0
2884  02:57:23 rt_sigaction(SIGHUP, NULL, {SIG_IGN, [], SA_RESTORER, 0x7fa24340b270}, 8) = 0
2884  02:57:23 rt_sigaction(SIGHUP, {0x56554976d9f0, [], SA_RESTORER, 0x7fa24340b270}, NULL, 8) = 0
2884  02:57:23 rt_sigaction(SIGINT, NULL, {SIG_DFL, [], SA_RESTORER, 0x7fa24340b270}, 8) = 0
2884  02:57:23 rt_sigaction(SIGINT, {SIG_IGN, [], SA_RESTORER, 0x7fa24340b270}, NULL, 8) = 0
2884  02:57:23 rt_sigaction(SIGINT, NULL, {SIG_IGN, [], SA_RESTORER, 0x7fa24340b270}, 8) = 0
2884  02:57:23 rt_sigaction(SIGINT, {0x56554976d9f0, [], SA_RESTORER, 0x7fa24340b270}, NULL, 8) = 0
2884  02:57:23 rt_sigaction(SIGQUIT, NULL, {SIG_DFL, [], SA_RESTORER, 0x7fa24340b270}, 8) = 0
2884  02:57:23 rt_sigaction(SIGQUIT, {SIG_IGN, [], SA_RESTORER, 0x7fa24340b270}, NULL, 8) = 0
2884  02:57:23 rt_sigaction(SIGQUIT, NULL, {SIG_IGN, [], SA_RESTORER, 0x7fa24340b270}, 8) = 0
2884  02:57:23 rt_sigaction(SIGQUIT, {0x56554976d9f0, [], SA_RESTORER, 0x7fa24340b270}, NULL, 8) = 0
2884  02:57:23 rt_sigaction(SIGTERM, NULL, {SIG_DFL, [], SA_RESTORER, 0x7fa24340b270}, 8) = 0
2884  02:57:23 rt_sigaction(SIGTERM, {SIG_IGN, [], SA_RESTORER, 0x7fa24340b270}, NULL, 8) = 0
2884  02:57:23 rt_sigaction(SIGTERM, NULL, {SIG_IGN, [], SA_RESTORER, 0x7fa24340b270}, 8) = 0
2884  02:57:23 rt_sigaction(SIGTERM, {0x56554976d9f0, [], SA_RESTORER, 0x7fa24340b270}, NULL, 8) = 0
2884  02:57:23 rt_sigaction(SIGWINCH, NULL, {SIG_DFL, [], 0}, 8) = 0
2884  02:57:23 rt_sigaction(SIGWINCH, {0x56554976dc80, [], SA_RESTORER, 0x7fa24340b270}, NULL, 8) = 0
2884  02:57:23 ioctl(0, TCGETS, {B38400 opost isig icanon echo ...}) = 0
2884  02:57:23 ioctl(0, SNDCTL_TMR_STOP or TCSETSW, {B38400 -opost -isig -icanon -echo ...}) = 0
2884  02:57:23 clock_gettime(CLOCK_BOOTTIME, {666930, 41051084}) = 0
2884  02:57:23 clock_gettime(CLOCK_BOOTTIME, {666930, 41094900}) = 0
2884  02:57:23 select(7, [3], [3], NULL, NULL) = 1 (out [3])
2884  02:57:23 clock_gettime(CLOCK_BOOTTIME, {666930, 41182294}) = 0
2884  02:57:23 write(3, "\6\327\272\344g#v\373\231\224\224\261#\360R\261\264kS\22\240\35\247\220\340\6\216\0B\257*X"..., 112) = 112
2884  02:57:23 clock_gettime(CLOCK_BOOTTIME, {666930, 41276367}) = 0
2884  02:57:23 clock_gettime(CLOCK_BOOTTIME, {666930, 41317776}) = 0
2884  02:57:23 select(7, [3], [], NULL, NULL) = 1 (in [3])
2884  02:57:23 clock_gettime(CLOCK_BOOTTIME, {666930, 44499232}) = 0
2884  02:57:23 read(3, "\242\\&\31\371$U\201\356\221\336W\354\247yU\333\320\334)\250eu\33J\246\263\300\317\204\204z"..., 8192) = 40
2884  02:57:23 getsockopt(3, SOL_TCP, TCP_NODELAY, [0], [4]) = 0
2884  02:57:23 setsockopt(3, SOL_TCP, TCP_NODELAY, [1], 4) = 0
2884  02:57:23 getsockname(3, {sa_family=AF_INET, sin_port=htons(39876), sin_addr=inet_addr("10.5.0.222")}, [16]) = 0
2884  02:57:23 setsockopt(3, SOL_IP, IP_TOS, [16], 4) = 0
2884  02:57:23 ioctl(0, TIOCGWINSZ, {ws_row=57, ws_col=236, ws_xpixel=0, ws_ypixel=0}) = 0
2884  02:57:23 clock_gettime(CLOCK_BOOTTIME, {666930, 44839126}) = 0
2884  02:57:23 clock_gettime(CLOCK_BOOTTIME, {666930, 44881242}) = 0
2884  02:57:23 select(7, [3], [3], NULL, NULL) = 1 (out [3])
2884  02:57:23 clock_gettime(CLOCK_BOOTTIME, {666930, 44969339}) = 0
2884  02:57:23 write(3, "\317\3348\203\353\317\233J\213,\271,\364^\325\311\205\235\217\374\254\300\370{\267\274\25\340g9\275m"..., 368) = 368
2884  02:57:23 clock_gettime(CLOCK_BOOTTIME, {666930, 45078058}) = 0
2884  02:57:23 clock_gettime(CLOCK_BOOTTIME, {666930, 45119932}) = 0
2884  02:57:23 select(7, [3], [], NULL, NULL) = 1 (in [3])
2884  02:57:23 clock_gettime(CLOCK_BOOTTIME, {666930, 45630230}) = 0
2884  02:57:23 read(3, "\352@\36BBf\373\262\361\0010\17\302w\0006\\\245\20~-NB\373\245\27q7u\236C\371"..., 8192) = 88
2884  02:57:23 clock_gettime(CLOCK_BOOTTIME, {666930, 45719270}) = 0
2884  02:57:23 clock_gettime(CLOCK_BOOTTIME, {666930, 45760116}) = 0
2884  02:57:23 select(7, [3 4], [], NULL, NULL) = 1 (in [3])
2884  02:57:23 clock_gettime(CLOCK_BOOTTIME, {666930, 51131200}) = 0
2884  02:57:23 read(3, "=\316}\233k[2\325\30\333\266\271\35\2\324\363\333<\34\335\233b\354\307\327\375\247\376\200p\3157"..., 8192) = 152
2884  02:57:23 clock_gettime(CLOCK_BOOTTIME, {666930, 51245438}) = 0
2884  02:57:23 clock_gettime(CLOCK_BOOTTIME, {666930, 51286681}) = 0
2884  02:57:23 select(7, [3 4], [5], NULL, NULL) = 1 (out [5])
2884  02:57:23 clock_gettime(CLOCK_BOOTTIME, {666930, 51374290}) = 0
2884  02:57:23 write(5, "Last login: Fri Jun 22 10:55:15 "..., 111) = 111
2884  02:57:23 clock_gettime(CLOCK_BOOTTIME, {666930, 51503383}) = 0
2884  02:57:23 clock_gettime(CLOCK_BOOTTIME, {666930, 51553091}) = 0
2884  02:57:23 select(7, [3 4], [], NULL, NULL) = 1 (in [3])
2884  02:57:23 clock_gettime(CLOCK_BOOTTIME, {666930, 67108540}) = 0
2884  02:57:23 read(3, "\372\340\247\345\261\6x\326uM@1\272\221'w\254\301\230\206\354UX\326\316\31\217\244\252~\21\306"..., 8192) = 56
2884  02:57:23 clock_gettime(CLOCK_BOOTTIME, {666930, 67212916}) = 0
2884  02:57:23 clock_gettime(CLOCK_BOOTTIME, {666930, 67252934}) = 0
2884  02:57:23 select(7, [3 4], [5], NULL, NULL) = 1 (out [5])
2884  02:57:23 clock_gettime(CLOCK_BOOTTIME, {666930, 67339772}) = 0
2884  02:57:23 write(5, "[root@ali-p2p-h5-1 ~]# ", 23) = 23
2884  02:57:23 clock_gettime(CLOCK_BOOTTIME, {666930, 67457267}) = 0
2884  02:57:23 clock_gettime(CLOCK_BOOTTIME, {666930, 67498134}) = 0
2884  02:57:23 select(7, [3 4], [], NULL, NULL) = 1 (in [4])
2884  02:57:24 clock_gettime(CLOCK_BOOTTIME, {666931, 193798993}) = 0
2884  02:57:24 read(4, "e", 16384)      = 1
2884  02:57:24 clock_gettime(CLOCK_BOOTTIME, {666931, 193923957}) = 0
2884  02:57:24 clock_gettime(CLOCK_BOOTTIME, {666931, 193975284}) = 0
2884  02:57:24 select(7, [3 4], [3], NULL, NULL) = 1 (out [3])
2884  02:57:24 clock_gettime(CLOCK_BOOTTIME, {666931, 194071759}) = 0
2884  02:57:24 write(3, "\f\203\10\303n\302?\343\3766\224\377\31\215\266!\231\363\217\250Ox\354$\242\261\274l\303A\313\16"..., 40) = 40
2884  02:57:24 clock_gettime(CLOCK_BOOTTIME, {666931, 194168707}) = 0
2884  02:57:24 clock_gettime(CLOCK_BOOTTIME, {666931, 194209796}) = 0
2884  02:57:24 select(7, [3 4], [], NULL, NULL) = 1 (in [3])
2884  02:57:24 clock_gettime(CLOCK_BOOTTIME, {666931, 196086952}) = 0
2884  02:57:24 read(3, "\310\230n\216\237\236\320i\r\0160\366FVqH0\215\300\223\5k\202\321\232\356,ID+z\237"..., 8192) = 40
2884  02:57:24 clock_gettime(CLOCK_BOOTTIME, {666931, 196178471}) = 0
2884  02:57:24 clock_gettime(CLOCK_BOOTTIME, {666931, 196219952}) = 0
2884  02:57:24 select(7, [3 4], [5], NULL, NULL) = 1 (out [5])
2884  02:57:24 clock_gettime(CLOCK_BOOTTIME, {666931, 196308835}) = 0
2884  02:57:24 write(5, "e", 1)         = 1
2884  02:57:24 clock_gettime(CLOCK_BOOTTIME, {666931, 196434057}) = 0
2884  02:57:24 clock_gettime(CLOCK_BOOTTIME, {666931, 196476018}) = 0
2884  02:57:24 select(7, [3 4], [], NULL, NULL) = 1 (in [4])
2884  02:57:24 clock_gettime(CLOCK_BOOTTIME, {666931, 526644268}) = 0
2884  02:57:24 read(4, "x", 16384)      = 1
2884  02:57:24 clock_gettime(CLOCK_BOOTTIME, {666931, 526749496}) = 0
2884  02:57:24 clock_gettime(CLOCK_BOOTTIME, {666931, 526791556}) = 0
2884  02:57:24 select(7, [3 4], [3], NULL, NULL) = 1 (out [3])
2884  02:57:24 clock_gettime(CLOCK_BOOTTIME, {666931, 526880840}) = 0
2884  02:57:24 write(3, "\313\330\256l\274v\217\31\244Ez\265\350\273\246\370\351\231\0\370H\f\220\331^\37\355\305_\4\221\317"..., 40) = 40
2884  02:57:24 clock_gettime(CLOCK_BOOTTIME, {666931, 526979200}) = 0
2884  02:57:24 clock_gettime(CLOCK_BOOTTIME, {666931, 527033445}) = 0
2884  02:57:24 select(7, [3 4], [], NULL, NULL) = 1 (in [3])
2884  02:57:24 clock_gettime(CLOCK_BOOTTIME, {666931, 529085205}) = 0
2884  02:57:24 read(3, "0tU2\301\302\322\242\5\242I\273*\370\332W\364y;\255\363\365\257\323\225\323\245\332\353\254\254%"..., 8192) = 40
2884  02:57:24 clock_gettime(CLOCK_BOOTTIME, {666931, 529177471}) = 0
2884  02:57:24 clock_gettime(CLOCK_BOOTTIME, {666931, 529218877}) = 0
2884  02:57:24 select(7, [3 4], [5], NULL, NULL) = 1 (out [5])
2884  02:57:24 clock_gettime(CLOCK_BOOTTIME, {666931, 529309404}) = 0
2884  02:57:24 write(5, "x", 1)         = 1
2884  02:57:24 clock_gettime(CLOCK_BOOTTIME, {666931, 529431714}) = 0
2884  02:57:24 clock_gettime(CLOCK_BOOTTIME, {666931, 529474065}) = 0
2884  02:57:24 select(7, [3 4], [], NULL, NULL) = 1 (in [4])
2884  02:57:25 clock_gettime(CLOCK_BOOTTIME, {666931, 648840986}) = 0
2884  02:57:25 read(4, "i", 16384)      = 1
2884  02:57:25 clock_gettime(CLOCK_BOOTTIME, {666931, 648942502}) = 0
2884  02:57:25 clock_gettime(CLOCK_BOOTTIME, {666931, 648983845}) = 0
2884  02:57:25 select(7, [3 4], [3], NULL, NULL) = 1 (out [3])
2884  02:57:25 clock_gettime(CLOCK_BOOTTIME, {666931, 649081590}) = 0
2884  02:57:25 write(3, "(\207\310\f:?\237]\203-\323M;\217\222\256\17\357\r\225\360\323\r\360\251\214\213\4\n\30\346\345"..., 40) = 40
2884  02:57:25 clock_gettime(CLOCK_BOOTTIME, {666931, 649177438}) = 0
2884  02:57:25 clock_gettime(CLOCK_BOOTTIME, {666931, 649219644}) = 0
2884  02:57:25 select(7, [3 4], [], NULL, NULL) = 1 (in [3])
2884  02:57:25 clock_gettime(CLOCK_BOOTTIME, {666931, 651082879}) = 0
2884  02:57:25 read(3, "\364i\20M\312\36\31\3134t\353\242\302\210{\312\250\205\363}st\24VZ,\261\314\"\37\25h"..., 8192) = 40
2884  02:57:25 clock_gettime(CLOCK_BOOTTIME, {666931, 651173139}) = 0
2884  02:57:25 clock_gettime(CLOCK_BOOTTIME, {666931, 651215519}) = 0
2884  02:57:25 select(7, [3 4], [5], NULL, NULL) = 1 (out [5])
2884  02:57:25 clock_gettime(CLOCK_BOOTTIME, {666931, 651304504}) = 0
2884  02:57:25 write(5, "i", 1)         = 1
2884  02:57:25 clock_gettime(CLOCK_BOOTTIME, {666931, 651421697}) = 0
2884  02:57:25 clock_gettime(CLOCK_BOOTTIME, {666931, 651463988}) = 0
2884  02:57:25 select(7, [3 4], [], NULL, NULL) = 1 (in [4])
2884  02:57:25 clock_gettime(CLOCK_BOOTTIME, {666931, 888321165}) = 0
2884  02:57:25 read(4, "t", 16384)      = 1
2884  02:57:25 clock_gettime(CLOCK_BOOTTIME, {666931, 888419173}) = 0
2884  02:57:25 clock_gettime(CLOCK_BOOTTIME, {666931, 888461433}) = 0
2884  02:57:25 select(7, [3 4], [3], NULL, NULL) = 1 (out [3])
2884  02:57:25 clock_gettime(CLOCK_BOOTTIME, {666931, 888561102}) = 0
2884  02:57:25 write(3, "~q\263L\3656Tj\210\336\3436H\326<\321W\242\226\337[W<\254\33\373\346U;?V\214"..., 40) = 40
2884  02:57:25 clock_gettime(CLOCK_BOOTTIME, {666931, 888656767}) = 0
2884  02:57:25 clock_gettime(CLOCK_BOOTTIME, {666931, 888698122}) = 0
2884  02:57:25 select(7, [3 4], [], NULL, NULL) = 1 (in [3])
2884  02:57:25 clock_gettime(CLOCK_BOOTTIME, {666931, 890080871}) = 0
2884  02:57:25 read(3, "/\22\206`+\224\346\23g\336!.{\351\26\247E\n\210\270\f\310SS\320B\20\360\361\241\262\251"..., 8192) = 40
2884  02:57:25 clock_gettime(CLOCK_BOOTTIME, {666931, 890173651}) = 0
2884  02:57:25 clock_gettime(CLOCK_BOOTTIME, {666931, 890217263}) = 0
2884  02:57:25 select(7, [3 4], [5], NULL, NULL) = 1 (out [5])
2884  02:57:25 clock_gettime(CLOCK_BOOTTIME, {666931, 890305822}) = 0
2884  02:57:25 write(5, "t", 1)         = 1
2884  02:57:25 clock_gettime(CLOCK_BOOTTIME, {666931, 890421090}) = 0
2884  02:57:25 clock_gettime(CLOCK_BOOTTIME, {666931, 890463152}) = 0
2884  02:57:25 select(7, [3 4], [], NULL, NULL) = 1 (in [4])
2884  02:57:25 clock_gettime(CLOCK_BOOTTIME, {666932, 15875329}) = 0
2884  02:57:25 read(4, "\r", 16384)     = 1
2884  02:57:25 clock_gettime(CLOCK_BOOTTIME, {666932, 16028408}) = 0
2884  02:57:25 clock_gettime(CLOCK_BOOTTIME, {666932, 16071041}) = 0
2884  02:57:25 select(7, [3 4], [3], NULL, NULL) = 1 (out [3])
2884  02:57:25 clock_gettime(CLOCK_BOOTTIME, {666932, 16160367}) = 0
2884  02:57:25 write(3, "\235A\221\324\6N\206\372\237\370\333V\265\267\257\252\207\323d\266\301U\253\2446\367\177\353\227\214\336\272"..., 40) = 40
2884  02:57:25 clock_gettime(CLOCK_BOOTTIME, {666932, 16254634}) = 0
2884  02:57:25 clock_gettime(CLOCK_BOOTTIME, {666932, 16297246}) = 0
2884  02:57:25 select(7, [3 4], [], NULL, NULL) = 1 (in [3])
2884  02:57:25 clock_gettime(CLOCK_BOOTTIME, {666932, 21656366}) = 0
2884  02:57:25 read(3, "k\17La\nX\276\330\336\345\20|\25~3\34\311\346Xq:T\346:\347\365\244-\237\230\224\305"..., 8192) = 200
2884  02:57:25 close(4)                 = 0
2884  02:57:25 clock_gettime(CLOCK_BOOTTIME, {666932, 21795622}) = 0
2884  02:57:25 clock_gettime(CLOCK_BOOTTIME, {666932, 21836312}) = 0
2884  02:57:25 select(7, [3], [5], NULL, NULL) = 1 (out [5])
2884  02:57:25 clock_gettime(CLOCK_BOOTTIME, {666932, 21923034}) = 0
2884  02:57:25 write(5, "\r\nlogout\r\n", 10) = 10
2884  02:57:25 clock_gettime(CLOCK_BOOTTIME, {666932, 22048591}) = 0
2884  02:57:25 clock_gettime(CLOCK_BOOTTIME, {666932, 22090513}) = 0
2884  02:57:25 close(5)                 = 0
2884  02:57:25 ioctl(0, SNDCTL_TMR_STOP or TCSETSW, {B38400 opost isig icanon echo ...}) = 0
2884  02:57:25 close(6)                 = 0
2884  02:57:25 select(7, [3], [3], NULL, NULL) = 1 (out [3])
2884  02:57:25 clock_gettime(CLOCK_BOOTTIME, {666932, 22327118}) = 0
2884  02:57:25 write(3, "\5\244\241\202\325{\32\352:\343#\16vX\215\346g\7\t\224\203\202\tP", 24) = 24
2884  02:57:25 rt_sigaction(SIGWINCH, NULL, {0x56554976dc80, [], SA_RESTORER, 0x7fa24340b270}, 8) = 0
2884  02:57:25 rt_sigaction(SIGWINCH, {SIG_DFL, [], SA_RESTORER, 0x7fa24340b270}, NULL, 8) = 0
2884  02:57:25 write(3, "\206\262\0015Vu\376D-\203^\352\\\314\251\362H\250\23\336^x\17eP+\366*\247w\214~"..., 56) = 56
2884  02:57:25 ioctl(0, TCGETS, {B38400 opost isig icanon echo ...}) = 0
2884  02:57:25 ioctl(1, TCGETS, {B38400 opost isig icanon echo ...}) = 0
2884  02:57:25 ioctl(2, TCGETS, {B38400 opost isig icanon echo ...}) = 0
2884  02:57:25 write(2, "Connection to 10.5.0.208 closed."..., 34) = 34
2884  02:57:25 shutdown(3, SHUT_RDWR)   = 0
2884  02:57:25 close(3)                 = 0
2884  02:57:25 write(1, "random tag:v2d1lz5p9i", 21) = 21
2884  02:57:25 exit_group(0)            = ?
2884  02:57:25 +++ exited with 0 +++
