27774 11:16:33 select(4, [3], NULL, NULL, NULL) = 1 (in [3])
27774 11:16:33 read(3, "\0\0\1\224\10\37\0\0\1\201\0\323#\r#ur\354\351\371#Xq^\272\303\244\330\237-kM"..., 8192) = 408
27774 11:16:33 write(3, "\0\0\1\214\6 \0\0\1\200c\253myn\3031X\0078\330\267\247\276\336\2\f\333Mv\37\347"..., 400) = 400
27774 11:16:33 select(4, [3], NULL, NULL, NULL) = 1 (in [3])
27774 11:16:33 read(3, "\0\0\3\274\n!\0\0\1\25\0\0\0\7ssh-rsa\0\0\0\1#\0\0\1\1\0\264"..., 8192) = 976
27774 11:16:33 open("/root/.ssh/known_hosts", O_RDONLY) = 4
27774 11:16:33 fstat(4, {st_mode=S_IFREG|0644, st_size=1177, ...}) = 0
27774 11:16:33 mmap(NULL, 4096, PROT_READ|PROT_WRITE, MAP_PRIVATE|MAP_ANONYMOUS, -1, 0) = 0x7fb62b997000
27774 11:16:33 read(4, "172.19.0.36 ssh-rsa AAAAB3NzaC1y"..., 4096) = 1177
27774 11:16:33 read(4, "", 4096)        = 0
27774 11:16:33 close(4)                 = 0
27774 11:16:33 munmap(0x7fb62b997000, 4096) = 0
27774 11:16:33 open("/root/.ssh/known_hosts2", O_RDONLY) = -1 ENOENT (No such file or directory)
27774 11:16:33 open("/usr/local/openssh/etc/ssh_known_hosts", O_RDONLY) = -1 ENOENT (No such file or directory)
27774 11:16:33 open("/usr/local/openssh/etc/ssh_known_hosts2", O_RDONLY) = -1 ENOENT (No such file or directory)
27774 11:16:33 clock_gettime(CLOCK_BOOTTIME, {610480, 340209141}) = 0
27774 11:16:33 write(3, "\0\0\0\f\n\25\0\0\0\0\0\0\0\0\0\0", 16) = 16
27774 11:16:33 write(3, "\215\233'\215e\367\242\0K\345\311\200^\22\0\367~\26\276E,\337~\37T~\250[\230\245V="..., 40) = 40
27774 11:16:33 select(4, [3], NULL, NULL, NULL) = 1 (in [3])
27774 11:16:33 read(3, "\7J\275\317\22\266\305\373\304\262] \270\257\257\3AX\364\222\344\227s\2079#a\27\252\\\222\t"..., 8192) = 40
27774 11:16:33 write(3, "G_\333\355\351w\247\350\27'\300\373Hh&\6\35\343V\332\224\223.\317\255\271\204z\323!\234\31"..., 56) = 56
27774 11:16:33 select(4, [3], NULL, NULL, NULL) = 1 (in [3])
27774 11:16:33 read(3, "\\\366\257\347\331\360/W\223\212\17\35\366|rm\310\257\365Ll\216\341?\313 \21\366Y\3439\30"..., 8192) = 72
27774 11:16:33 stat("/root/.ssh/id_rsa", 0x7ffcfd350820) = -1 ENOENT (No such file or directory)
27774 11:16:33 stat("/root/.ssh/id_dsa", 0x7ffcfd350820) = -1 ENOENT (No such file or directory)
27774 11:16:33 stat("/root/.ssh/id_ecdsa", 0x7ffcfd350820) = -1 ENOENT (No such file or directory)
27774 11:16:33 stat("/root/.ssh/id_ed25519", 0x7ffcfd350820) = -1 ENOENT (No such file or directory)
27774 11:16:33 open("/dev/tty", O_RDWR) = 4
27774 11:16:33 close(4)                 = 0
27774 11:16:33 open("/dev/tty", O_RDWR) = 4
27774 11:16:33 ioctl(4, TCGETS, {B38400 opost isig icanon echo ...}) = 0
27774 11:16:33 ioctl(4, SNDCTL_TMR_CONTINUE or TCSETSF, {B38400 opost isig icanon -echo ...}) = 0
27774 11:16:33 rt_sigaction(SIGALRM, {0x56304734c0d0, [], SA_RESTORER, 0x7fb62a51c270}, {SIG_DFL, [], 0}, 8) = 0
27774 11:16:33 rt_sigaction(SIGHUP, {0x56304734c0d0, [], SA_RESTORER, 0x7fb62a51c270}, {SIG_DFL, [], 0}, 8) = 0
27774 11:16:33 rt_sigaction(SIGINT, {0x56304734c0d0, [], SA_RESTORER, 0x7fb62a51c270}, {SIG_DFL, [], 0}, 8) = 0
27774 11:16:33 rt_sigaction(SIGPIPE, {0x56304734c0d0, [], SA_RESTORER, 0x7fb62a51c270}, {SIG_IGN, [], SA_RESTORER, 0x7fb62a51c270}, 8) = 0
27774 11:16:33 rt_sigaction(SIGQUIT, {0x56304734c0d0, [], SA_RESTORER, 0x7fb62a51c270}, {SIG_DFL, [], 0}, 8) = 0
27774 11:16:33 rt_sigaction(SIGTERM, {0x56304734c0d0, [], SA_RESTORER, 0x7fb62a51c270}, {SIG_DFL, [], 0}, 8) = 0
27774 11:16:33 rt_sigaction(SIGTSTP, {0x56304734c0d0, [], SA_RESTORER, 0x7fb62a51c270}, {SIG_DFL, [], 0}, 8) = 0
27774 11:16:33 rt_sigaction(SIGTTIN, {0x56304734c0d0, [], SA_RESTORER, 0x7fb62a51c270}, {SIG_DFL, [], 0}, 8) = 0
27774 11:16:33 rt_sigaction(SIGTTOU, {0x56304734c0d0, [], SA_RESTORER, 0x7fb62a51c270}, {SIG_DFL, [], 0}, 8) = 0
27774 11:16:33 write(4, "root@10.5.0.208's password: ", 28) = 28
27774 11:16:33 read(4, "y", 1)          = 1
27774 11:16:33 read(4, "o", 1)          = 1
27774 11:16:33 read(4, "t", 1)          = 1
27774 11:16:33 read(4, "p", 1)          = 1
27774 11:16:33 read(4, "4", 1)          = 1
27774 11:16:33 read(4, "o", 1)          = 1
27774 11:16:33 read(4, "z", 1)          = 1
27774 11:16:33 read(4, "A", 1)          = 1
27774 11:16:33 read(4, "c", 1)          = 1
27774 11:16:33 read(4, "C", 1)          = 1
27774 11:16:33 read(4, "=", 1)          = 1
27774 11:16:33 read(4, "b", 1)          = 1
27774 11:16:33 read(4, "~", 1)          = 1
27774 11:16:33 read(4, "V", 1)          = 1
27774 11:16:33 read(4, "4", 1)          = 1
27774 11:16:33 read(4, "K", 1)          = 1
27774 11:16:33 read(4, "G", 1)          = 1
27774 11:16:33 read(4, "V", 1)          = 1
27774 11:16:33 read(4, "/", 1)          = 1
27774 11:16:33 read(4, "s", 1)          = 1
27774 11:16:33 read(4, "\n", 1)         = 1
27774 11:16:33 write(4, "\n", 1)        = 1
27774 11:16:33 ioctl(4, SNDCTL_TMR_CONTINUE or TCSETSF, {B38400 opost isig icanon echo ...}) = 0
27774 11:16:33 rt_sigaction(SIGALRM, {SIG_DFL, [], SA_RESTORER, 0x7fb62a51c270}, NULL, 8) = 0
27774 11:16:33 rt_sigaction(SIGHUP, {SIG_DFL, [], SA_RESTORER, 0x7fb62a51c270}, NULL, 8) = 0
27774 11:16:33 rt_sigaction(SIGINT, {SIG_DFL, [], SA_RESTORER, 0x7fb62a51c270}, NULL, 8) = 0
27774 11:16:33 rt_sigaction(SIGQUIT, {SIG_DFL, [], SA_RESTORER, 0x7fb62a51c270}, NULL, 8) = 0
27774 11:16:33 rt_sigaction(SIGPIPE, {SIG_IGN, [], SA_RESTORER, 0x7fb62a51c270}, NULL, 8) = 0
27774 11:16:33 rt_sigaction(SIGTERM, {SIG_DFL, [], SA_RESTORER, 0x7fb62a51c270}, NULL, 8) = 0
27774 11:16:33 rt_sigaction(SIGTSTP, {SIG_DFL, [], SA_RESTORER, 0x7fb62a51c270}, NULL, 8) = 0
27774 11:16:33 rt_sigaction(SIGTTIN, {SIG_DFL, [], SA_RESTORER, 0x7fb62a51c270}, NULL, 8) = 0
27774 11:16:33 rt_sigaction(SIGTTOU, {SIG_DFL, [], SA_RESTORER, 0x7fb62a51c270}, NULL, 8) = 0
27774 11:16:33 close(4)                 = 0
27774 11:16:33 write(3, "\314\20\221\2#\347Oe\350\227\352\v\211\25\215\377\272\277I\261\361\217O\263\276\327\366\335\365\323\35\330"..., 136) = 136
27774 11:16:33 select(4, [3], NULL, NULL, NULL) = 1 (in [3])
27774 11:16:33 read(3, "\347y\336}\355\302\231\204|j\223\253D\236\30n\337\2756\221\355\306\225\22", 8192) = 24
27774 11:16:33 dup(0)                   = 4
27774 11:16:33 dup(1)                   = 5
27774 11:16:33 dup(2)                   = 6
27774 11:16:33 ioctl(4, TCGETS, {B38400 opost isig icanon echo ...}) = 0
27774 11:16:33 ioctl(5, TCGETS, {B38400 opost isig icanon echo ...}) = 0
27774 11:16:33 ioctl(6, TCGETS, {B38400 opost isig icanon echo ...}) = 0
27774 11:16:33 fcntl(4, F_SETFD, FD_CLOEXEC) = 0
27774 11:16:33 fcntl(5, F_SETFD, FD_CLOEXEC) = 0
27774 11:16:33 fcntl(6, F_SETFD, FD_CLOEXEC) = 0
27774 11:16:33 rt_sigaction(SIGHUP, NULL, {SIG_DFL, [], SA_RESTORER, 0x7fb62a51c270}, 8) = 0
27774 11:16:33 rt_sigaction(SIGHUP, {SIG_IGN, [], SA_RESTORER, 0x7fb62a51c270}, NULL, 8) = 0
27774 11:16:33 rt_sigaction(SIGHUP, NULL, {SIG_IGN, [], SA_RESTORER, 0x7fb62a51c270}, 8) = 0
27774 11:16:33 rt_sigaction(SIGHUP, {0x5630472f49f0, [], SA_RESTORER, 0x7fb62a51c270}, NULL, 8) = 0
27774 11:16:33 rt_sigaction(SIGINT, NULL, {SIG_DFL, [], SA_RESTORER, 0x7fb62a51c270}, 8) = 0
27774 11:16:33 rt_sigaction(SIGINT, {SIG_IGN, [], SA_RESTORER, 0x7fb62a51c270}, NULL, 8) = 0
27774 11:16:33 rt_sigaction(SIGINT, NULL, {SIG_IGN, [], SA_RESTORER, 0x7fb62a51c270}, 8) = 0
27774 11:16:33 rt_sigaction(SIGINT, {0x5630472f49f0, [], SA_RESTORER, 0x7fb62a51c270}, NULL, 8) = 0
27774 11:16:33 rt_sigaction(SIGQUIT, NULL, {SIG_DFL, [], SA_RESTORER, 0x7fb62a51c270}, 8) = 0
27774 11:16:33 rt_sigaction(SIGQUIT, {SIG_IGN, [], SA_RESTORER, 0x7fb62a51c270}, NULL, 8) = 0
27774 11:16:33 rt_sigaction(SIGQUIT, NULL, {SIG_IGN, [], SA_RESTORER, 0x7fb62a51c270}, 8) = 0
27774 11:16:33 rt_sigaction(SIGQUIT, {0x5630472f49f0, [], SA_RESTORER, 0x7fb62a51c270}, NULL, 8) = 0
27774 11:16:33 rt_sigaction(SIGTERM, NULL, {SIG_DFL, [], SA_RESTORER, 0x7fb62a51c270}, 8) = 0
27774 11:16:33 rt_sigaction(SIGTERM, {SIG_IGN, [], SA_RESTORER, 0x7fb62a51c270}, NULL, 8) = 0
27774 11:16:33 rt_sigaction(SIGTERM, NULL, {SIG_IGN, [], SA_RESTORER, 0x7fb62a51c270}, 8) = 0
27774 11:16:33 rt_sigaction(SIGTERM, {0x5630472f49f0, [], SA_RESTORER, 0x7fb62a51c270}, NULL, 8) = 0
27774 11:16:33 rt_sigaction(SIGWINCH, NULL, {SIG_DFL, [], 0}, 8) = 0
27774 11:16:33 rt_sigaction(SIGWINCH, {0x5630472f4c80, [], SA_RESTORER, 0x7fb62a51c270}, NULL, 8) = 0
27774 11:16:33 ioctl(0, TCGETS, {B38400 opost isig icanon echo ...}) = 0
27774 11:16:33 ioctl(0, SNDCTL_TMR_STOP or TCSETSW, {B38400 -opost -isig -icanon -echo ...}) = 0
27774 11:16:33 clock_gettime(CLOCK_BOOTTIME, {610480, 408936184}) = 0
27774 11:16:33 clock_gettime(CLOCK_BOOTTIME, {610480, 408980506}) = 0
27774 11:16:33 select(7, [3], [3], NULL, NULL) = 1 (out [3])
27774 11:16:33 clock_gettime(CLOCK_BOOTTIME, {610480, 409073881}) = 0
27774 11:16:33 write(3, "\325\222ME\361\200\f\317r\327\7\17\t8\203\326vU*\314\251S\35L\2167\255\372(4\327\327"..., 112) = 112
27774 11:16:33 clock_gettime(CLOCK_BOOTTIME, {610480, 409168047}) = 0
27774 11:16:33 clock_gettime(CLOCK_BOOTTIME, {610480, 409208364}) = 0
27774 11:16:33 select(7, [3], [], NULL, NULL) = 1 (in [3])
27774 11:16:33 clock_gettime(CLOCK_BOOTTIME, {610480, 412029352}) = 0
27774 11:16:33 read(3, "\266?n\201\250\200\6\224|\216\220|\262\201\37!\330\31\353\355\311\213j\24\203\210\226\375z\266y\223"..., 8192) = 40
27774 11:16:33 getsockopt(3, SOL_TCP, TCP_NODELAY, [0], [4]) = 0
27774 11:16:33 setsockopt(3, SOL_TCP, TCP_NODELAY, [1], 4) = 0
27774 11:16:33 getsockname(3, {sa_family=AF_INET, sin_port=htons(50818), sin_addr=inet_addr("10.5.0.222")}, [16]) = 0
27774 11:16:33 setsockopt(3, SOL_IP, IP_TOS, [16], 4) = 0
27774 11:16:33 ioctl(0, TIOCGWINSZ, {ws_row=45, ws_col=132, ws_xpixel=0, ws_ypixel=0}) = 0
27774 11:16:33 clock_gettime(CLOCK_BOOTTIME, {610480, 412367502}) = 0
27774 11:16:33 clock_gettime(CLOCK_BOOTTIME, {610480, 412407630}) = 0
27774 11:16:33 select(7, [3], [3], NULL, NULL) = 1 (out [3])
27774 11:16:33 clock_gettime(CLOCK_BOOTTIME, {610480, 412491610}) = 0
27774 11:16:33 write(3, "y\26\307\311\22\264\317\225\"\177\247\34\337\1,3z\6@o]\31w\0029\256\302\370\221\360\375X"..., 368) = 368
27774 11:16:33 clock_gettime(CLOCK_BOOTTIME, {610480, 412587813}) = 0
27774 11:16:33 clock_gettime(CLOCK_BOOTTIME, {610480, 412627351}) = 0
27774 11:16:33 select(7, [3], [], NULL, NULL) = 1 (in [3])
27774 11:16:33 clock_gettime(CLOCK_BOOTTIME, {610480, 413145950}) = 0
27774 11:16:33 read(3, "\304\6\317\262\304[\260]\250\366\34\7Oz\224\10y\372\215\253\334\357\235\232\220\24\362\343\272\317=U"..., 8192) = 88
27774 11:16:33 clock_gettime(CLOCK_BOOTTIME, {610480, 413235452}) = 0
27774 11:16:33 clock_gettime(CLOCK_BOOTTIME, {610480, 413276500}) = 0
27774 11:16:33 select(7, [3 4], [], NULL, NULL) = 1 (in [3])
27774 11:16:33 clock_gettime(CLOCK_BOOTTIME, {610480, 418255534}) = 0
27774 11:16:33 read(3, "\355\316\370\3654\356,\311\330\377H\360\357S\272\345_\3127NQJ\24u\345k\251\333,\273\376_"..., 8192) = 152
27774 11:16:33 clock_gettime(CLOCK_BOOTTIME, {610480, 418349761}) = 0
27774 11:16:33 clock_gettime(CLOCK_BOOTTIME, {610480, 418389515}) = 0
27774 11:16:33 select(7, [3 4], [5], NULL, NULL) = 1 (out [5])
27774 11:16:33 clock_gettime(CLOCK_BOOTTIME, {610480, 418473759}) = 0
27774 11:16:33 write(5, "Last login: Thu Jun 21 19:03:23 "..., 111) = 111
27774 11:16:33 clock_gettime(CLOCK_BOOTTIME, {610480, 418606387}) = 0
27774 11:16:33 clock_gettime(CLOCK_BOOTTIME, {610480, 418661845}) = 0
27774 11:16:33 select(7, [3 4], [], NULL, NULL) = 1 (in [3])
27774 11:16:33 clock_gettime(CLOCK_BOOTTIME, {610480, 434528612}) = 0
27774 11:16:33 read(3, "\325\311R\241\251\267\3548\232dq\f\225\243\300\244\246\31\326\337\315\31\34\22QN\3675\251\37\r5"..., 8192) = 56
27774 11:16:33 clock_gettime(CLOCK_BOOTTIME, {610480, 434639375}) = 0
27774 11:16:33 clock_gettime(CLOCK_BOOTTIME, {610480, 434686116}) = 0
27774 11:16:33 select(7, [3 4], [5], NULL, NULL) = 1 (out [5])
27774 11:16:33 clock_gettime(CLOCK_BOOTTIME, {610480, 434770225}) = 0
27774 11:16:33 write(5, "[root@ali-p2p-h5-1 ~]# ", 23) = 23
27774 11:16:33 clock_gettime(CLOCK_BOOTTIME, {610480, 434896238}) = 0
27774 11:16:33 clock_gettime(CLOCK_BOOTTIME, {610480, 434936087}) = 0
27774 11:16:33 select(7, [3 4], [], NULL, NULL) = 1 (in [4])
27774 11:16:34 clock_gettime(CLOCK_BOOTTIME, {610481, 184498569}) = 0
27774 11:16:34 read(4, "e", 16384)      = 1
27774 11:16:34 clock_gettime(CLOCK_BOOTTIME, {610481, 184650119}) = 0
27774 11:16:34 clock_gettime(CLOCK_BOOTTIME, {610481, 184704934}) = 0
27774 11:16:34 select(7, [3 4], [3], NULL, NULL) = 1 (out [3])
27774 11:16:34 clock_gettime(CLOCK_BOOTTIME, {610481, 184797069}) = 0
27774 11:16:34 write(3, "\243G\247\253V}\312\332\372\362\240\26\317)M\323\222\10n/\30\22l\222\220\25f\223\377\255\230\1"..., 40) = 40
27774 11:16:34 clock_gettime(CLOCK_BOOTTIME, {610481, 184905962}) = 0
27774 11:16:34 clock_gettime(CLOCK_BOOTTIME, {610481, 184947561}) = 0
27774 11:16:34 select(7, [3 4], [], NULL, NULL) = 1 (in [3])
27774 11:16:34 clock_gettime(CLOCK_BOOTTIME, {610481, 186498924}) = 0
27774 11:16:34 read(3, "\3626\5-A\5\r\342\336_[O;\276\377[\2P\7[]z\337\3\362L\325\316\215\251j\267"..., 8192) = 40
27774 11:16:34 clock_gettime(CLOCK_BOOTTIME, {610481, 186593185}) = 0
27774 11:16:34 clock_gettime(CLOCK_BOOTTIME, {610481, 186635526}) = 0
27774 11:16:34 select(7, [3 4], [5], NULL, NULL) = 1 (out [5])
27774 11:16:34 clock_gettime(CLOCK_BOOTTIME, {610481, 186731417}) = 0
27774 11:16:34 write(5, "e", 1)         = 1
27774 11:16:34 clock_gettime(CLOCK_BOOTTIME, {610481, 186866679}) = 0
27774 11:16:34 clock_gettime(CLOCK_BOOTTIME, {610481, 186907502}) = 0
27774 11:16:34 select(7, [3 4], [], NULL, NULL) = 1 (in [4])
27774 11:16:34 clock_gettime(CLOCK_BOOTTIME, {610481, 482032691}) = 0
27774 11:16:34 read(4, "x", 16384)      = 1
27774 11:16:34 clock_gettime(CLOCK_BOOTTIME, {610481, 482162728}) = 0
27774 11:16:34 clock_gettime(CLOCK_BOOTTIME, {610481, 482206396}) = 0
27774 11:16:34 select(7, [3 4], [3], NULL, NULL) = 1 (out [3])
27774 11:16:34 clock_gettime(CLOCK_BOOTTIME, {610481, 482299167}) = 0
27774 11:16:34 write(3, "7Q\357\353\231\233o\217!WT\4\240Z\366\304d\2774\323-\16\265\212\352\347d`\226^\2215"..., 40) = 40
27774 11:16:34 clock_gettime(CLOCK_BOOTTIME, {610481, 482397934}) = 0
27774 11:16:34 clock_gettime(CLOCK_BOOTTIME, {610481, 482439944}) = 0
27774 11:16:34 select(7, [3 4], [], NULL, NULL) = 1 (in [3])
27774 11:16:34 clock_gettime(CLOCK_BOOTTIME, {610481, 484255727}) = 0
27774 11:16:34 read(3, "X\r\220\222\253\335{\374\244\225<\240d:\232\0076Wt\233\310\345\200w2\3507\344\321\356ge"..., 8192) = 40
27774 11:16:34 clock_gettime(CLOCK_BOOTTIME, {610481, 484350164}) = 0
27774 11:16:34 clock_gettime(CLOCK_BOOTTIME, {610481, 484393052}) = 0
27774 11:16:34 select(7, [3 4], [5], NULL, NULL) = 1 (out [5])
27774 11:16:34 clock_gettime(CLOCK_BOOTTIME, {610481, 484483466}) = 0
27774 11:16:34 write(5, "x", 1)         = 1
27774 11:16:34 clock_gettime(CLOCK_BOOTTIME, {610481, 484615097}) = 0
27774 11:16:34 clock_gettime(CLOCK_BOOTTIME, {610481, 484657006}) = 0
27774 11:16:34 select(7, [3 4], [], NULL, NULL) = 1 (in [4])
27774 11:16:35 clock_gettime(CLOCK_BOOTTIME, {610481, 925781362}) = 0
27774 11:16:35 read(4, "i", 16384)      = 1
27774 11:16:35 clock_gettime(CLOCK_BOOTTIME, {610481, 925903103}) = 0
27774 11:16:35 clock_gettime(CLOCK_BOOTTIME, {610481, 925943494}) = 0
27774 11:16:35 select(7, [3 4], [3], NULL, NULL) = 1 (out [3])
27774 11:16:35 clock_gettime(CLOCK_BOOTTIME, {610481, 926045619}) = 0
27774 11:16:35 write(3, "n\211\"\224\241\270\22UN\241\232> \274\274X O'\314i{\267\326\374\16\270\22\\\327\367B"..., 40) = 40
27774 11:16:35 clock_gettime(CLOCK_BOOTTIME, {610481, 926151484}) = 0
27774 11:16:35 clock_gettime(CLOCK_BOOTTIME, {610481, 926192418}) = 0
27774 11:16:35 select(7, [3 4], [], NULL, NULL) = 1 (in [3])
27774 11:16:35 clock_gettime(CLOCK_BOOTTIME, {610481, 928245922}) = 0
27774 11:16:35 read(3, "\37\302\235r\225x<ZgP\352\342gwt\253\2147\370c=\227\213\341\350x\227\3\260\315z\367"..., 8192) = 40
27774 11:16:35 clock_gettime(CLOCK_BOOTTIME, {610481, 928334750}) = 0
27774 11:16:35 clock_gettime(CLOCK_BOOTTIME, {610481, 928374292}) = 0
27774 11:16:35 select(7, [3 4], [5], NULL, NULL) = 1 (out [5])
27774 11:16:35 clock_gettime(CLOCK_BOOTTIME, {610481, 928459592}) = 0
27774 11:16:35 write(5, "i", 1)         = 1
27774 11:16:35 clock_gettime(CLOCK_BOOTTIME, {610481, 928588549}) = 0
27774 11:16:35 clock_gettime(CLOCK_BOOTTIME, {610481, 928629815}) = 0
27774 11:16:35 select(7, [3 4], [], NULL, NULL) = 1 (in [4])
27774 11:16:35 clock_gettime(CLOCK_BOOTTIME, {610482, 89523990}) = 0
27774 11:16:35 read(4, "t", 16384)      = 1
27774 11:16:35 clock_gettime(CLOCK_BOOTTIME, {610482, 89643344}) = 0
27774 11:16:35 clock_gettime(CLOCK_BOOTTIME, {610482, 89694272}) = 0
27774 11:16:35 select(7, [3 4], [3], NULL, NULL) = 1 (out [3])
27774 11:16:35 clock_gettime(CLOCK_BOOTTIME, {610482, 89793420}) = 0
27774 11:16:35 write(3, "\0047\330\7\366\347\"B\312{\314W\231]^\265\361r\4\325\301q\31\340E\23\334})7\311W"..., 40) = 40
27774 11:16:35 clock_gettime(CLOCK_BOOTTIME, {610482, 89901280}) = 0
27774 11:16:35 clock_gettime(CLOCK_BOOTTIME, {610482, 89942178}) = 0
27774 11:16:35 select(7, [3 4], [], NULL, NULL) = 1 (in [3])
27774 11:16:35 clock_gettime(CLOCK_BOOTTIME, {610482, 91275888}) = 0
27774 11:16:35 read(3, "\325@\304\377l\301\341o\344\217\250R\2\331\1\270u\340\300\325\265t\203\36\1s\213^\3l\373E"..., 8192) = 40
27774 11:16:35 clock_gettime(CLOCK_BOOTTIME, {610482, 91369299}) = 0
27774 11:16:35 clock_gettime(CLOCK_BOOTTIME, {610482, 91412060}) = 0
27774 11:16:35 select(7, [3 4], [5], NULL, NULL) = 1 (out [5])
27774 11:16:35 clock_gettime(CLOCK_BOOTTIME, {610482, 91501214}) = 0
27774 11:16:35 write(5, "t", 1)         = 1
27774 11:16:35 clock_gettime(CLOCK_BOOTTIME, {610482, 91630192}) = 0
27774 11:16:35 clock_gettime(CLOCK_BOOTTIME, {610482, 91679020}) = 0
27774 11:16:35 select(7, [3 4], [], NULL, NULL) = 1 (in [4])
27774 11:16:35 clock_gettime(CLOCK_BOOTTIME, {610482, 260843182}) = 0
27774 11:16:35 read(4, "\r", 16384)     = 1
27774 11:16:35 clock_gettime(CLOCK_BOOTTIME, {610482, 260975713}) = 0
27774 11:16:35 clock_gettime(CLOCK_BOOTTIME, {610482, 261027173}) = 0
27774 11:16:35 select(7, [3 4], [3], NULL, NULL) = 1 (out [3])
27774 11:16:35 clock_gettime(CLOCK_BOOTTIME, {610482, 261119151}) = 0
27774 11:16:35 write(3, "\23\37w*r\341\263ce\274(\351\271\24j\321\332\241L\255\v5\325\2718;\177u\270\307]\212"..., 40) = 40
27774 11:16:35 clock_gettime(CLOCK_BOOTTIME, {610482, 261227008}) = 0
27774 11:16:35 clock_gettime(CLOCK_BOOTTIME, {610482, 261269694}) = 0
27774 11:16:35 select(7, [3 4], [], NULL, NULL) = 1 (in [3])
27774 11:16:35 clock_gettime(CLOCK_BOOTTIME, {610482, 265736871}) = 0
27774 11:16:35 read(3, "\21\366\20422\334\344xi\244\2134\266\307\235T(9\341\345\271\371\0263\16\317H\2\361Y@ "..., 8192) = 200
27774 11:16:35 close(4)                 = 0
27774 11:16:35 clock_gettime(CLOCK_BOOTTIME, {610482, 265882345}) = 0
27774 11:16:35 clock_gettime(CLOCK_BOOTTIME, {610482, 265923512}) = 0
27774 11:16:35 select(7, [3], [5], NULL, NULL) = 1 (out [5])
27774 11:16:35 clock_gettime(CLOCK_BOOTTIME, {610482, 266024023}) = 0
27774 11:16:35 write(5, "\r\nlogout\r\n", 10) = 10
27774 11:16:35 clock_gettime(CLOCK_BOOTTIME, {610482, 266167703}) = 0
27774 11:16:35 clock_gettime(CLOCK_BOOTTIME, {610482, 266210508}) = 0
27774 11:16:35 close(5)                 = 0
27774 11:16:35 ioctl(0, SNDCTL_TMR_STOP or TCSETSW, {B38400 opost isig icanon echo ...}) = 0
27774 11:16:35 close(6)                 = 0
27774 11:16:35 select(7, [3], [3], NULL, NULL) = 1 (out [3])
27774 11:16:35 clock_gettime(CLOCK_BOOTTIME, {610482, 266452479}) = 0
27774 11:16:35 write(3, "\177\1\363\257\10h\24\202\376:\305\262\234\216\332l\330\2632\33\3454\312|", 24) = 24
27774 11:16:35 rt_sigaction(SIGWINCH, NULL, {0x5630472f4c80, [], SA_RESTORER, 0x7fb62a51c270}, 8) = 0
27774 11:16:35 rt_sigaction(SIGWINCH, {SIG_DFL, [], SA_RESTORER, 0x7fb62a51c270}, NULL, 8) = 0
27774 11:16:35 write(3, "\262U\210\206\223:rp\307\242q@\32[\275\312\306mnY\255\235\225\0073\263\271wD\355oE"..., 56) = 56
27774 11:16:35 ioctl(0, TCGETS, {B38400 opost isig icanon echo ...}) = 0
27774 11:16:35 ioctl(1, TCGETS, {B38400 opost isig icanon echo ...}) = 0
27774 11:16:35 ioctl(2, TCGETS, {B38400 opost isig icanon echo ...}) = 0
27774 11:16:35 write(2, "Connection to 10.5.0.208 closed."..., 34) = 34
27774 11:16:35 shutdown(3, SHUT_RDWR)   = 0
27774 11:16:35 close(3)                 = 0
27774 11:16:35 write(1, "random tag:hkci2mebn7", 21) = 21
27774 11:16:35 exit_group(0)            = ?
27774 11:16:35 +++ exited with 0 +++
