24477 05:58:23 select(4, [3], NULL, NULL, NULL) = 1 (in [3])
24477 05:58:23 read(3, "\0\0\3\274\t!\0\0\1\25\0\0\0\7ssh-rsa\0\0\0\1#\0\0\1\1\0\264"..., 8192) = 976
24477 05:58:23 open("/root/.ssh/known_hosts", O_RDONLY) = 4
24477 05:58:23 fstat(4, {st_mode=S_IFREG|0644, st_size=1177, ...}) = 0
24477 05:58:23 mmap(NULL, 4096, PROT_READ|PROT_WRITE, MAP_PRIVATE|MAP_ANONYMOUS, -1, 0) = 0x7f1c24a2b000
24477 05:58:23 read(4, "172.19.0.36 ssh-rsa AAAAB3NzaC1y"..., 4096) = 1177
24477 05:58:23 read(4, "", 4096)        = 0
24477 05:58:23 close(4)                 = 0
24477 05:58:23 munmap(0x7f1c24a2b000, 4096) = 0
24477 05:58:23 open("/root/.ssh/known_hosts2", O_RDONLY) = -1 ENOENT (No such file or directory)
24477 05:58:23 open("/usr/local/openssh/etc/ssh_known_hosts", O_RDONLY) = -1 ENOENT (No such file or directory)
24477 05:58:23 open("/usr/local/openssh/etc/ssh_known_hosts2", O_RDONLY) = -1 ENOENT (No such file or directory)
24477 05:58:23 clock_gettime(CLOCK_BOOTTIME, {677789, 943201354}) = 0
24477 05:58:23 write(3, "\0\0\0\f\n\25\0\0\0\0\0\0\0\0\0\0", 16) = 16
24477 05:58:23 write(3, "\326YuGGf\211\0\201\24Qu_\350\t\217w\337\357z]\314bG\323\3664gJ\246\313\254"..., 40) = 40
24477 05:58:23 select(4, [3], NULL, NULL, NULL) = 1 (in [3])
24477 05:58:23 read(3, "\357y\7n;\254\222_?\350\201\326\276\215\367\341JMg\314;\204\244\26\10\344\254\274`\26\220\324"..., 8192) = 40
24477 05:58:23 write(3, "w\337\217\336\237\301\3\25\316f1\376\226_\fw'c\1@R\33\234\33\343\27n\220\17\274\347A"..., 56) = 56
24477 05:58:23 select(4, [3], NULL, NULL, NULL) = 1 (in [3])
24477 05:58:23 read(3, "\224\177&\257\362\32\202\250<j\246\310U\356\330\374I\3034\201\346\213\323\0w\225Mg\271P~\36"..., 8192) = 72
24477 05:58:23 stat("/root/.ssh/id_rsa", 0x7ffc6416ec00) = -1 ENOENT (No such file or directory)
24477 05:58:23 stat("/root/.ssh/id_dsa", 0x7ffc6416ec00) = -1 ENOENT (No such file or directory)
24477 05:58:23 stat("/root/.ssh/id_ecdsa", 0x7ffc6416ec00) = -1 ENOENT (No such file or directory)
24477 05:58:23 stat("/root/.ssh/id_ed25519", 0x7ffc6416ec00) = -1 ENOENT (No such file or directory)
24477 05:58:23 open("/dev/tty", O_RDWR) = 4
24477 05:58:23 close(4)                 = 0
24477 05:58:23 open("/dev/tty", O_RDWR) = 4
24477 05:58:23 ioctl(4, TCGETS, {B38400 opost isig icanon echo ...}) = 0
24477 05:58:23 ioctl(4, SNDCTL_TMR_CONTINUE or TCSETSF, {B38400 opost isig icanon -echo ...}) = 0
24477 05:58:23 rt_sigaction(SIGALRM, {0x55db37ad10a0, [], SA_RESTORER, 0x7f1c235af270}, {SIG_DFL, [], 0}, 8) = 0
24477 05:58:23 rt_sigaction(SIGHUP, {0x55db37ad10a0, [], SA_RESTORER, 0x7f1c235af270}, {SIG_DFL, [], 0}, 8) = 0
24477 05:58:23 rt_sigaction(SIGINT, {0x55db37ad10a0, [], SA_RESTORER, 0x7f1c235af270}, {SIG_DFL, [], 0}, 8) = 0
24477 05:58:23 rt_sigaction(SIGPIPE, {0x55db37ad10a0, [], SA_RESTORER, 0x7f1c235af270}, {SIG_IGN, [], SA_RESTORER, 0x7f1c235af270}, 8) = 0
24477 05:58:23 rt_sigaction(SIGQUIT, {0x55db37ad10a0, [], SA_RESTORER, 0x7f1c235af270}, {SIG_DFL, [], 0}, 8) = 0
24477 05:58:23 rt_sigaction(SIGTERM, {0x55db37ad10a0, [], SA_RESTORER, 0x7f1c235af270}, {SIG_DFL, [], 0}, 8) = 0
24477 05:58:23 rt_sigaction(SIGTSTP, {0x55db37ad10a0, [], SA_RESTORER, 0x7f1c235af270}, {SIG_DFL, [], 0}, 8) = 0
24477 05:58:23 rt_sigaction(SIGTTIN, {0x55db37ad10a0, [], SA_RESTORER, 0x7f1c235af270}, {SIG_DFL, [], 0}, 8) = 0
24477 05:58:23 rt_sigaction(SIGTTOU, {0x55db37ad10a0, [], SA_RESTORER, 0x7f1c235af270}, {SIG_DFL, [], 0}, 8) = 0
24477 05:58:23 write(4, "root@10.5.0.208's password: ", 28) = 28
24477 05:58:23 read(4, "y", 1)          = 1
24477 05:58:23 read(4, "o", 1)          = 1
24477 05:58:23 read(4, "t", 1)          = 1
24477 05:58:23 read(4, "p", 1)          = 1
24477 05:58:23 read(4, "4", 1)          = 1
24477 05:58:23 read(4, "o", 1)          = 1
24477 05:58:23 read(4, "z", 1)          = 1
24477 05:58:23 read(4, "A", 1)          = 1
24477 05:58:23 read(4, "c", 1)          = 1
24477 05:58:23 read(4, "C", 1)          = 1
24477 05:58:23 read(4, "=", 1)          = 1
24477 05:58:23 read(4, "b", 1)          = 1
24477 05:58:23 read(4, "~", 1)          = 1
24477 05:58:23 read(4, "V", 1)          = 1
24477 05:58:23 read(4, "4", 1)          = 1
24477 05:58:23 read(4, "K", 1)          = 1
24477 05:58:23 read(4, "G", 1)          = 1
24477 05:58:23 read(4, "V", 1)          = 1
24477 05:58:23 read(4, "/", 1)          = 1
24477 05:58:23 read(4, "s", 1)          = 1
24477 05:58:23 read(4, "\n", 1)         = 1
24477 05:58:23 write(4, "\n", 1)        = 1
24477 05:58:23 ioctl(4, SNDCTL_TMR_CONTINUE or TCSETSF, {B38400 opost isig icanon echo ...}) = 0
24477 05:58:23 rt_sigaction(SIGALRM, {SIG_DFL, [], SA_RESTORER, 0x7f1c235af270}, NULL, 8) = 0
24477 05:58:23 rt_sigaction(SIGHUP, {SIG_DFL, [], SA_RESTORER, 0x7f1c235af270}, NULL, 8) = 0
24477 05:58:23 rt_sigaction(SIGINT, {SIG_DFL, [], SA_RESTORER, 0x7f1c235af270}, NULL, 8) = 0
24477 05:58:23 rt_sigaction(SIGQUIT, {SIG_DFL, [], SA_RESTORER, 0x7f1c235af270}, NULL, 8) = 0
24477 05:58:23 rt_sigaction(SIGPIPE, {SIG_IGN, [], SA_RESTORER, 0x7f1c235af270}, NULL, 8) = 0
24477 05:58:23 rt_sigaction(SIGTERM, {SIG_DFL, [], SA_RESTORER, 0x7f1c235af270}, NULL, 8) = 0
24477 05:58:23 rt_sigaction(SIGTSTP, {SIG_DFL, [], SA_RESTORER, 0x7f1c235af270}, NULL, 8) = 0
24477 05:58:23 rt_sigaction(SIGTTIN, {SIG_DFL, [], SA_RESTORER, 0x7f1c235af270}, NULL, 8) = 0
24477 05:58:23 rt_sigaction(SIGTTOU, {SIG_DFL, [], SA_RESTORER, 0x7f1c235af270}, NULL, 8) = 0
24477 05:58:23 close(4)                 = 0
24477 05:58:23 write(3, "@\26\30\346%\314\256H\264{z#\220\207=\237\31}\212\215?\327\24[\35\226\207\201\3\366\346M"..., 136) = 136
24477 05:58:23 select(4, [3], NULL, NULL, NULL) = 1 (in [3])
24477 05:58:23 read(3, "E\341\f.cYc+\n\270\320#\7\274\203\216.6\22\372.\324\35\255", 8192) = 24
24477 05:58:23 dup(0)                   = 4
24477 05:58:23 dup(1)                   = 5
24477 05:58:23 dup(2)                   = 6
24477 05:58:23 ioctl(4, TCGETS, {B38400 opost isig icanon echo ...}) = 0
24477 05:58:23 ioctl(5, TCGETS, {B38400 opost isig icanon echo ...}) = 0
24477 05:58:23 ioctl(6, TCGETS, {B38400 opost isig icanon echo ...}) = 0
24477 05:58:23 fcntl(4, F_SETFD, FD_CLOEXEC) = 0
24477 05:58:23 fcntl(5, F_SETFD, FD_CLOEXEC) = 0
24477 05:58:23 fcntl(6, F_SETFD, FD_CLOEXEC) = 0
24477 05:58:23 rt_sigaction(SIGHUP, NULL, {SIG_DFL, [], SA_RESTORER, 0x7f1c235af270}, 8) = 0
24477 05:58:23 rt_sigaction(SIGHUP, {SIG_IGN, [], SA_RESTORER, 0x7f1c235af270}, NULL, 8) = 0
24477 05:58:23 rt_sigaction(SIGHUP, NULL, {SIG_IGN, [], SA_RESTORER, 0x7f1c235af270}, 8) = 0
24477 05:58:23 rt_sigaction(SIGHUP, {0x55db37a799c0, [], SA_RESTORER, 0x7f1c235af270}, NULL, 8) = 0
24477 05:58:23 rt_sigaction(SIGINT, NULL, {SIG_DFL, [], SA_RESTORER, 0x7f1c235af270}, 8) = 0
24477 05:58:23 rt_sigaction(SIGINT, {SIG_IGN, [], SA_RESTORER, 0x7f1c235af270}, NULL, 8) = 0
24477 05:58:23 rt_sigaction(SIGINT, NULL, {SIG_IGN, [], SA_RESTORER, 0x7f1c235af270}, 8) = 0
24477 05:58:23 rt_sigaction(SIGINT, {0x55db37a799c0, [], SA_RESTORER, 0x7f1c235af270}, NULL, 8) = 0
24477 05:58:23 rt_sigaction(SIGQUIT, NULL, {SIG_DFL, [], SA_RESTORER, 0x7f1c235af270}, 8) = 0
24477 05:58:23 rt_sigaction(SIGQUIT, {SIG_IGN, [], SA_RESTORER, 0x7f1c235af270}, NULL, 8) = 0
24477 05:58:23 rt_sigaction(SIGQUIT, NULL, {SIG_IGN, [], SA_RESTORER, 0x7f1c235af270}, 8) = 0
24477 05:58:23 rt_sigaction(SIGQUIT, {0x55db37a799c0, [], SA_RESTORER, 0x7f1c235af270}, NULL, 8) = 0
24477 05:58:23 rt_sigaction(SIGTERM, NULL, {SIG_DFL, [], SA_RESTORER, 0x7f1c235af270}, 8) = 0
24477 05:58:23 rt_sigaction(SIGTERM, {SIG_IGN, [], SA_RESTORER, 0x7f1c235af270}, NULL, 8) = 0
24477 05:58:23 rt_sigaction(SIGTERM, NULL, {SIG_IGN, [], SA_RESTORER, 0x7f1c235af270}, 8) = 0
24477 05:58:23 rt_sigaction(SIGTERM, {0x55db37a799c0, [], SA_RESTORER, 0x7f1c235af270}, NULL, 8) = 0
24477 05:58:23 rt_sigaction(SIGWINCH, NULL, {SIG_DFL, [], 0}, 8) = 0
24477 05:58:23 rt_sigaction(SIGWINCH, {0x55db37a79c50, [], SA_RESTORER, 0x7f1c235af270}, NULL, 8) = 0
24477 05:58:23 ioctl(0, TCGETS, {B38400 opost isig icanon echo ...}) = 0
24477 05:58:23 ioctl(0, SNDCTL_TMR_STOP or TCSETSW, {B38400 -opost -isig -icanon -echo ...}) = 0
24477 05:58:23 clock_gettime(CLOCK_BOOTTIME, {677790, 18167750}) = 0
24477 05:58:23 clock_gettime(CLOCK_BOOTTIME, {677790, 18219039}) = 0
24477 05:58:23 select(7, [3], [3], NULL, NULL) = 1 (out [3])
24477 05:58:23 clock_gettime(CLOCK_BOOTTIME, {677790, 18308848}) = 0
24477 05:58:23 write(3, "\201=\"\204\224\306\252\304\374\357\357\357\233H\3\274Z\256\26\316\335\333u\374\263\302\325\216\222\302W\177"..., 112) = 112
24477 05:58:23 clock_gettime(CLOCK_BOOTTIME, {677790, 18404193}) = 0
24477 05:58:23 clock_gettime(CLOCK_BOOTTIME, {677790, 18445692}) = 0
24477 05:58:23 select(7, [3], [], NULL, NULL) = 1 (in [3])
24477 05:58:23 clock_gettime(CLOCK_BOOTTIME, {677790, 21604482}) = 0
24477 05:58:23 read(3, "\270 \320c\276c\272\374O\271\r\207\241\304]\214\30w\0X\240\3366\t\344\247-Il\f8\33"..., 8192) = 40
24477 05:58:23 getsockopt(3, SOL_TCP, TCP_NODELAY, [0], [4]) = 0
24477 05:58:23 setsockopt(3, SOL_TCP, TCP_NODELAY, [1], 4) = 0
24477 05:58:23 getsockname(3, {sa_family=AF_INET, sin_port=htons(33548), sin_addr=inet_addr("10.5.0.222")}, [16]) = 0
24477 05:58:23 setsockopt(3, SOL_IP, IP_TOS, [16], 4) = 0
24477 05:58:23 ioctl(0, TIOCGWINSZ, {ws_row=24, ws_col=147, ws_xpixel=0, ws_ypixel=0}) = 0
24477 05:58:23 clock_gettime(CLOCK_BOOTTIME, {677790, 21948687}) = 0
24477 05:58:23 clock_gettime(CLOCK_BOOTTIME, {677790, 21989951}) = 0
24477 05:58:23 select(7, [3], [3], NULL, NULL) = 1 (out [3])
24477 05:58:23 clock_gettime(CLOCK_BOOTTIME, {677790, 22089085}) = 0
24477 05:58:23 write(3, "4\231\341,LZ\3238\2403\250\346Zg<\2\216\252\304\230\370\31yn:sM\214\235H\242["..., 368) = 368
24477 05:58:23 clock_gettime(CLOCK_BOOTTIME, {677790, 22187248}) = 0
24477 05:58:23 clock_gettime(CLOCK_BOOTTIME, {677790, 22228052}) = 0
24477 05:58:23 select(7, [3], [], NULL, NULL) = 1 (in [3])
24477 05:58:23 clock_gettime(CLOCK_BOOTTIME, {677790, 22737291}) = 0
24477 05:58:23 read(3, "\354\6aF\350hD\26\225\275JG\310\33*\207\31+\323\330\3F\325\30\2\352\361\371\305\37-]"..., 8192) = 88
24477 05:58:23 clock_gettime(CLOCK_BOOTTIME, {677790, 22828841}) = 0
24477 05:58:23 clock_gettime(CLOCK_BOOTTIME, {677790, 22870232}) = 0
24477 05:58:23 select(7, [3 4], [], NULL, NULL) = 1 (in [3])
24477 05:58:23 clock_gettime(CLOCK_BOOTTIME, {677790, 27133650}) = 0
24477 05:58:23 read(3, "\357</\370\215v\20gx\20\365\351\376\324\277\254\233$\274\351\314\307S\37\35\264\364\233m[\261\277"..., 8192) = 152
24477 05:58:23 clock_gettime(CLOCK_BOOTTIME, {677790, 27228755}) = 0
24477 05:58:23 clock_gettime(CLOCK_BOOTTIME, {677790, 27270536}) = 0
24477 05:58:23 select(7, [3 4], [5], NULL, NULL) = 1 (out [5])
24477 05:58:23 clock_gettime(CLOCK_BOOTTIME, {677790, 27358542}) = 0
24477 05:58:23 write(5, "Last login: Fri Jun 22 13:46:00 "..., 111) = 111
24477 05:58:23 clock_gettime(CLOCK_BOOTTIME, {677790, 27490002}) = 0
24477 05:58:23 clock_gettime(CLOCK_BOOTTIME, {677790, 27533788}) = 0
24477 05:58:23 select(7, [3 4], [], NULL, NULL) = 1 (in [3])
24477 05:58:23 clock_gettime(CLOCK_BOOTTIME, {677790, 43156186}) = 0
24477 05:58:23 read(3, "\31\n\375\204e\335\245\253\243\307N8\r\3002\270c\200\37\352|\34\7;\313\20w\254\244\347\261<"..., 8192) = 56
24477 05:58:23 clock_gettime(CLOCK_BOOTTIME, {677790, 43251705}) = 0
24477 05:58:23 clock_gettime(CLOCK_BOOTTIME, {677790, 43292895}) = 0
24477 05:58:23 select(7, [3 4], [5], NULL, NULL) = 1 (out [5])
24477 05:58:23 clock_gettime(CLOCK_BOOTTIME, {677790, 43381853}) = 0
24477 05:58:23 write(5, "[root@ali-p2p-h5-1 ~]# ", 23) = 23
24477 05:58:23 clock_gettime(CLOCK_BOOTTIME, {677790, 43497763}) = 0
24477 05:58:23 clock_gettime(CLOCK_BOOTTIME, {677790, 43541103}) = 0
24477 05:58:23 select(7, [3 4], [], NULL, NULL) = 1 (in [4])
24477 05:58:24 clock_gettime(CLOCK_BOOTTIME, {677791, 365398575}) = 0
24477 05:58:24 read(4, "e", 16384)      = 1
24477 05:58:24 clock_gettime(CLOCK_BOOTTIME, {677791, 365518551}) = 0
24477 05:58:24 clock_gettime(CLOCK_BOOTTIME, {677791, 365561634}) = 0
24477 05:58:24 select(7, [3 4], [3], NULL, NULL) = 1 (out [3])
24477 05:58:24 clock_gettime(CLOCK_BOOTTIME, {677791, 365653745}) = 0
24477 05:58:24 write(3, ";m\204Y<d\245\226\357\21>\\\265\325\326\320b\205y5\213\212\7\252_\nJ\316\35\206\"k"..., 40) = 40
24477 05:58:24 clock_gettime(CLOCK_BOOTTIME, {677791, 365769840}) = 0
24477 05:58:24 clock_gettime(CLOCK_BOOTTIME, {677791, 365811644}) = 0
24477 05:58:24 select(7, [3 4], [], NULL, NULL) = 1 (in [3])
24477 05:58:24 clock_gettime(CLOCK_BOOTTIME, {677791, 367153739}) = 0
24477 05:58:24 read(3, "\323,\362\361\203\20\276\370\277\266\\\333z\33{Z}\223\347*6J#2\216\24\343.fY\342W"..., 8192) = 40
24477 05:58:24 clock_gettime(CLOCK_BOOTTIME, {677791, 367246173}) = 0
24477 05:58:24 clock_gettime(CLOCK_BOOTTIME, {677791, 367287898}) = 0
24477 05:58:24 select(7, [3 4], [5], NULL, NULL) = 1 (out [5])
24477 05:58:24 clock_gettime(CLOCK_BOOTTIME, {677791, 367378895}) = 0
24477 05:58:24 write(5, "e", 1)         = 1
24477 05:58:24 clock_gettime(CLOCK_BOOTTIME, {677791, 367503506}) = 0
24477 05:58:24 clock_gettime(CLOCK_BOOTTIME, {677791, 367546010}) = 0
24477 05:58:24 select(7, [3 4], [], NULL, NULL) = 1 (in [4])
24477 05:58:25 clock_gettime(CLOCK_BOOTTIME, {677791, 622130764}) = 0
24477 05:58:25 read(4, "x", 16384)      = 1
24477 05:58:25 clock_gettime(CLOCK_BOOTTIME, {677791, 622244656}) = 0
24477 05:58:25 clock_gettime(CLOCK_BOOTTIME, {677791, 622287430}) = 0
24477 05:58:25 select(7, [3 4], [3], NULL, NULL) = 1 (out [3])
24477 05:58:25 clock_gettime(CLOCK_BOOTTIME, {677791, 622379627}) = 0
24477 05:58:25 write(3, "\0224$.\254\306\373\205G\255V\236\36\256\322\332\314\324\n,\2\212\365zwz\245\206\5O\27*"..., 40) = 40
24477 05:58:25 clock_gettime(CLOCK_BOOTTIME, {677791, 622477942}) = 0
24477 05:58:25 clock_gettime(CLOCK_BOOTTIME, {677791, 622520339}) = 0
24477 05:58:25 select(7, [3 4], [], NULL, NULL) = 1 (in [3])
24477 05:58:25 clock_gettime(CLOCK_BOOTTIME, {677791, 624148644}) = 0
24477 05:58:25 read(3, "(\242\330M\30G~\334\243d\360\257\235}\266\3I=\375Z\10\321\371\10=P\334gU\345\357\274"..., 8192) = 40
24477 05:58:25 clock_gettime(CLOCK_BOOTTIME, {677791, 624241567}) = 0
24477 05:58:25 clock_gettime(CLOCK_BOOTTIME, {677791, 624282208}) = 0
24477 05:58:25 select(7, [3 4], [5], NULL, NULL) = 1 (out [5])
24477 05:58:25 clock_gettime(CLOCK_BOOTTIME, {677791, 624370735}) = 0
24477 05:58:25 write(5, "x", 1)         = 1
24477 05:58:25 clock_gettime(CLOCK_BOOTTIME, {677791, 624490216}) = 0
24477 05:58:25 clock_gettime(CLOCK_BOOTTIME, {677791, 624533606}) = 0
24477 05:58:25 select(7, [3 4], [], NULL, NULL) = 1 (in [4])
24477 05:58:25 clock_gettime(CLOCK_BOOTTIME, {677791, 670997740}) = 0
24477 05:58:25 read(4, "i", 16384)      = 1
24477 05:58:25 clock_gettime(CLOCK_BOOTTIME, {677791, 671111021}) = 0
24477 05:58:25 clock_gettime(CLOCK_BOOTTIME, {677791, 671152107}) = 0
24477 05:58:25 select(7, [3 4], [3], NULL, NULL) = 1 (out [3])
24477 05:58:25 clock_gettime(CLOCK_BOOTTIME, {677791, 671249658}) = 0
24477 05:58:25 write(3, "X\0068\247Q\20\327&\336\207\372\307\360f\211FO\272\0\212\264s\345\340\343\223\271\200l\301\22m"..., 40) = 40
24477 05:58:25 clock_gettime(CLOCK_BOOTTIME, {677791, 671344113}) = 0
24477 05:58:25 clock_gettime(CLOCK_BOOTTIME, {677791, 671385607}) = 0
24477 05:58:25 select(7, [3 4], [], NULL, NULL) = 1 (in [3])
24477 05:58:25 clock_gettime(CLOCK_BOOTTIME, {677791, 673140709}) = 0
24477 05:58:25 read(3, "\357\345\370\351\262\202b\32\211\355\355F>\215P\36\0\305\323\327M\272{\316\220lN\215\361<\207\326"..., 8192) = 40
24477 05:58:25 clock_gettime(CLOCK_BOOTTIME, {677791, 673230820}) = 0
24477 05:58:25 clock_gettime(CLOCK_BOOTTIME, {677791, 673271844}) = 0
24477 05:58:25 select(7, [3 4], [5], NULL, NULL) = 1 (out [5])
24477 05:58:25 clock_gettime(CLOCK_BOOTTIME, {677791, 673360205}) = 0
24477 05:58:25 write(5, "i", 1)         = 1
24477 05:58:25 clock_gettime(CLOCK_BOOTTIME, {677791, 673460159}) = 0
24477 05:58:25 clock_gettime(CLOCK_BOOTTIME, {677791, 673502986}) = 0
24477 05:58:25 select(7, [3 4], [], NULL, NULL) = 1 (in [4])
24477 05:58:25 clock_gettime(CLOCK_BOOTTIME, {677791, 878386391}) = 0
24477 05:58:25 read(4, "t", 16384)      = 1
24477 05:58:25 clock_gettime(CLOCK_BOOTTIME, {677791, 878488675}) = 0
24477 05:58:25 clock_gettime(CLOCK_BOOTTIME, {677791, 878530613}) = 0
24477 05:58:25 select(7, [3 4], [3], NULL, NULL) = 1 (out [3])
24477 05:58:25 clock_gettime(CLOCK_BOOTTIME, {677791, 878629778}) = 0
24477 05:58:25 write(3, "\224\231u\221D\337Y\"\331\3147I\213l\t\27E\256\343\0002\310\352B\v\27\352\25H\310;\272"..., 40) = 40
24477 05:58:25 clock_gettime(CLOCK_BOOTTIME, {677791, 878735597}) = 0
24477 05:58:25 clock_gettime(CLOCK_BOOTTIME, {677791, 878777653}) = 0
24477 05:58:25 select(7, [3 4], [], NULL, NULL) = 1 (in [3])
24477 05:58:25 clock_gettime(CLOCK_BOOTTIME, {677791, 880168936}) = 0
24477 05:58:25 read(3, "\32\247\356\246Cv\330\230\307\2363Hd\202\252\272\232\375\227\23.\204\3277\236\360\f\355\334\350Q\375"..., 8192) = 40
24477 05:58:25 clock_gettime(CLOCK_BOOTTIME, {677791, 880264920}) = 0
24477 05:58:25 clock_gettime(CLOCK_BOOTTIME, {677791, 880306602}) = 0
24477 05:58:25 select(7, [3 4], [5], NULL, NULL) = 1 (out [5])
24477 05:58:25 clock_gettime(CLOCK_BOOTTIME, {677791, 880396244}) = 0
24477 05:58:25 write(5, "t", 1)         = 1
24477 05:58:25 clock_gettime(CLOCK_BOOTTIME, {677791, 880513895}) = 0
24477 05:58:25 clock_gettime(CLOCK_BOOTTIME, {677791, 880556272}) = 0
24477 05:58:25 select(7, [3 4], [], NULL, NULL) = 1 (in [4])
24477 05:58:25 clock_gettime(CLOCK_BOOTTIME, {677791, 998780742}) = 0
24477 05:58:25 read(4, "\r", 16384)     = 1
24477 05:58:25 clock_gettime(CLOCK_BOOTTIME, {677791, 998880768}) = 0
24477 05:58:25 clock_gettime(CLOCK_BOOTTIME, {677791, 998922227}) = 0
24477 05:58:25 select(7, [3 4], [3], NULL, NULL) = 1 (out [3])
24477 05:58:25 clock_gettime(CLOCK_BOOTTIME, {677791, 999022325}) = 0
24477 05:58:25 write(3, "\363\34\27\205e\21\37+\233+\344\16#\246\203v\216\260G\24\205\\\272\32\v\3139\303d\3\4\351"..., 40) = 40
24477 05:58:25 clock_gettime(CLOCK_BOOTTIME, {677791, 999117678}) = 0
24477 05:58:25 clock_gettime(CLOCK_BOOTTIME, {677791, 999159907}) = 0
24477 05:58:25 select(7, [3 4], [], NULL, NULL) = 1 (in [3])
24477 05:58:25 clock_gettime(CLOCK_BOOTTIME, {677792, 4663091}) = 0
24477 05:58:25 read(3, ">e\331Z\345N>P\265\34\t`/f)\v\313\211\22\364\242\227\350E\234\215u\322_q>="..., 8192) = 200
24477 05:58:25 close(4)                 = 0
24477 05:58:25 clock_gettime(CLOCK_BOOTTIME, {677792, 4812382}) = 0
24477 05:58:25 clock_gettime(CLOCK_BOOTTIME, {677792, 4854414}) = 0
24477 05:58:25 select(7, [3], [5], NULL, NULL) = 1 (out [5])
24477 05:58:25 clock_gettime(CLOCK_BOOTTIME, {677792, 4942070}) = 0
24477 05:58:25 write(5, "\r\nlogout\r\n", 10) = 10
24477 05:58:25 clock_gettime(CLOCK_BOOTTIME, {677792, 5074325}) = 0
24477 05:58:25 clock_gettime(CLOCK_BOOTTIME, {677792, 5117424}) = 0
24477 05:58:25 close(5)                 = 0
24477 05:58:25 ioctl(0, SNDCTL_TMR_STOP or TCSETSW, {B38400 opost isig icanon echo ...}) = 0
24477 05:58:25 close(6)                 = 0
24477 05:58:25 select(7, [3], [3], NULL, NULL) = 1 (out [3])
24477 05:58:25 clock_gettime(CLOCK_BOOTTIME, {677792, 5352019}) = 0
24477 05:58:25 write(3, "\307h\247\354\303\315\310\327\335\372A\34\10\231\316\363\237\251\215h\f\236\340\303", 24) = 24
24477 05:58:25 rt_sigaction(SIGWINCH, NULL, {0x55db37a79c50, [], SA_RESTORER, 0x7f1c235af270}, 8) = 0
24477 05:58:25 rt_sigaction(SIGWINCH, {SIG_DFL, [], SA_RESTORER, 0x7f1c235af270}, NULL, 8) = 0
24477 05:58:25 write(3, "\313;\246\36\234\351\0043\210k\355\26\t\2773\272\217\223w\345\6\236\373\250q\370X\30\337&\314X"..., 56) = 56
24477 05:58:25 ioctl(0, TCGETS, {B38400 opost isig icanon echo ...}) = 0
24477 05:58:25 ioctl(1, TCGETS, {B38400 opost isig icanon echo ...}) = 0
24477 05:58:25 ioctl(2, TCGETS, {B38400 opost isig icanon echo ...}) = 0
24477 05:58:25 write(2, "Connection to 10.5.0.208 closed."..., 34) = 34
24477 05:58:25 shutdown(3, SHUT_RDWR)   = 0
24477 05:58:25 close(3)                 = 0
24477 05:58:25 exit_group(0)            = ?
24477 05:58:25 +++ exited with 0 +++
