2494  02:53:47 select(4, [3], NULL, NULL, NULL) = 1 (in [3])
2494  02:53:47 read(3, "\0\0\3\274\t!\0\0\1\25\0\0\0\7ssh-rsa\0\0\0\1#\0\0\1\1\0\264"..., 8192) = 976
2494  02:53:47 open("/root/.ssh/known_hosts", O_RDONLY) = 4
2494  02:53:47 fstat(4, {st_mode=S_IFREG|0644, st_size=1177, ...}) = 0
2494  02:53:47 mmap(NULL, 4096, PROT_READ|PROT_WRITE, MAP_PRIVATE|MAP_ANONYMOUS, -1, 0) = 0x7f1d7d853000
2494  02:53:47 read(4, "172.19.0.36 ssh-rsa AAAAB3NzaC1y"..., 4096) = 1177
2494  02:53:47 read(4, "", 4096)        = 0
2494  02:53:47 close(4)                 = 0
2494  02:53:47 munmap(0x7f1d7d853000, 4096) = 0
2494  02:53:47 open("/root/.ssh/known_hosts2", O_RDONLY) = -1 ENOENT (No such file or directory)
2494  02:53:47 open("/usr/local/openssh/etc/ssh_known_hosts", O_RDONLY) = -1 ENOENT (No such file or directory)
2494  02:53:47 open("/usr/local/openssh/etc/ssh_known_hosts2", O_RDONLY) = -1 ENOENT (No such file or directory)
2494  02:53:47 clock_gettime(CLOCK_BOOTTIME, {666713, 643728674}) = 0
2494  02:53:47 write(3, "\0\0\0\f\n\25\0\0\0\0\0\0\0\0\0\0", 16) = 16
2494  02:53:47 write(3, "\344\24\30\303\207\2\243e\207?\1\211\367\216\246\256\n\342\304lC\3320a\255[\266\331\327\364!\251"..., 40) = 40
2494  02:53:47 select(4, [3], NULL, NULL, NULL) = 1 (in [3])
2494  02:53:47 read(3, "\326j\254\3463\337?{HE\306\rZ\220\316T\341\2\200?m\206\230k\221\327h+{P\353R"..., 8192) = 40
2494  02:53:47 write(3, "u\204}\tS\2H\33d9\326\322\342Y\10+\336\310<\200'M\265\256\213lGj\244\214\321\374"..., 56) = 56
2494  02:53:47 select(4, [3], NULL, NULL, NULL) = 1 (in [3])
2494  02:53:47 read(3, "\213p\314X\35\212\6\321\370u\33\224\22\205b\266c|)4\272(\226\326\336#\277]\215\314=|"..., 8192) = 72
2494  02:53:47 stat("/root/.ssh/id_rsa", 0x7ffdaa0a4cf0) = -1 ENOENT (No such file or directory)
2494  02:53:47 stat("/root/.ssh/id_dsa", 0x7ffdaa0a4cf0) = -1 ENOENT (No such file or directory)
2494  02:53:47 stat("/root/.ssh/id_ecdsa", 0x7ffdaa0a4cf0) = -1 ENOENT (No such file or directory)
2494  02:53:47 stat("/root/.ssh/id_ed25519", 0x7ffdaa0a4cf0) = -1 ENOENT (No such file or directory)
2494  02:53:47 open("/dev/tty", O_RDWR) = 4
2494  02:53:47 close(4)                 = 0
2494  02:53:47 open("/dev/tty", O_RDWR) = 4
2494  02:53:47 ioctl(4, TCGETS, {B38400 opost isig icanon echo ...}) = 0
2494  02:53:47 ioctl(4, SNDCTL_TMR_CONTINUE or TCSETSF, {B38400 opost isig icanon -echo ...}) = 0
2494  02:53:47 rt_sigaction(SIGALRM, {0x55997b4670d0, [], SA_RESTORER, 0x7f1d7c3d8270}, {SIG_DFL, [], 0}, 8) = 0
2494  02:53:47 rt_sigaction(SIGHUP, {0x55997b4670d0, [], SA_RESTORER, 0x7f1d7c3d8270}, {SIG_DFL, [], 0}, 8) = 0
2494  02:53:47 rt_sigaction(SIGINT, {0x55997b4670d0, [], SA_RESTORER, 0x7f1d7c3d8270}, {SIG_DFL, [], 0}, 8) = 0
2494  02:53:47 rt_sigaction(SIGPIPE, {0x55997b4670d0, [], SA_RESTORER, 0x7f1d7c3d8270}, {SIG_IGN, [], SA_RESTORER, 0x7f1d7c3d8270}, 8) = 0
2494  02:53:47 rt_sigaction(SIGQUIT, {0x55997b4670d0, [], SA_RESTORER, 0x7f1d7c3d8270}, {SIG_DFL, [], 0}, 8) = 0
2494  02:53:47 rt_sigaction(SIGTERM, {0x55997b4670d0, [], SA_RESTORER, 0x7f1d7c3d8270}, {SIG_DFL, [], 0}, 8) = 0
2494  02:53:47 rt_sigaction(SIGTSTP, {0x55997b4670d0, [], SA_RESTORER, 0x7f1d7c3d8270}, {SIG_DFL, [], 0}, 8) = 0
2494  02:53:47 rt_sigaction(SIGTTIN, {0x55997b4670d0, [], SA_RESTORER, 0x7f1d7c3d8270}, {SIG_DFL, [], 0}, 8) = 0
2494  02:53:47 rt_sigaction(SIGTTOU, {0x55997b4670d0, [], SA_RESTORER, 0x7f1d7c3d8270}, {SIG_DFL, [], 0}, 8) = 0
2494  02:53:47 write(4, "root@10.5.0.208's password: ", 28) = 28
2494  02:53:47 read(4, "y", 1)          = 1
2494  02:53:47 read(4, "o", 1)          = 1
2494  02:53:47 read(4, "t", 1)          = 1
2494  02:53:47 read(4, "p", 1)          = 1
2494  02:53:47 read(4, "4", 1)          = 1
2494  02:53:47 read(4, "o", 1)          = 1
2494  02:53:47 read(4, "z", 1)          = 1
2494  02:53:47 read(4, "A", 1)          = 1
2494  02:53:47 read(4, "c", 1)          = 1
2494  02:53:47 read(4, "C", 1)          = 1
2494  02:53:47 read(4, "=", 1)          = 1
2494  02:53:47 read(4, "b", 1)          = 1
2494  02:53:47 read(4, "~", 1)          = 1
2494  02:53:47 read(4, "V", 1)          = 1
2494  02:53:47 read(4, "4", 1)          = 1
2494  02:53:47 read(4, "K", 1)          = 1
2494  02:53:47 read(4, "G", 1)          = 1
2494  02:53:47 read(4, "V", 1)          = 1
2494  02:53:47 read(4, "/", 1)          = 1
2494  02:53:47 read(4, "s", 1)          = 1
2494  02:53:47 read(4, "\n", 1)         = 1
2494  02:53:47 write(4, "\n", 1)        = 1
2494  02:53:47 ioctl(4, SNDCTL_TMR_CONTINUE or TCSETSF, {B38400 opost isig icanon echo ...}) = 0
2494  02:53:47 rt_sigaction(SIGALRM, {SIG_DFL, [], SA_RESTORER, 0x7f1d7c3d8270}, NULL, 8) = 0
2494  02:53:47 rt_sigaction(SIGHUP, {SIG_DFL, [], SA_RESTORER, 0x7f1d7c3d8270}, NULL, 8) = 0
2494  02:53:47 rt_sigaction(SIGINT, {SIG_DFL, [], SA_RESTORER, 0x7f1d7c3d8270}, NULL, 8) = 0
2494  02:53:47 rt_sigaction(SIGQUIT, {SIG_DFL, [], SA_RESTORER, 0x7f1d7c3d8270}, NULL, 8) = 0
2494  02:53:47 rt_sigaction(SIGPIPE, {SIG_IGN, [], SA_RESTORER, 0x7f1d7c3d8270}, NULL, 8) = 0
2494  02:53:47 rt_sigaction(SIGTERM, {SIG_DFL, [], SA_RESTORER, 0x7f1d7c3d8270}, NULL, 8) = 0
2494  02:53:47 rt_sigaction(SIGTSTP, {SIG_DFL, [], SA_RESTORER, 0x7f1d7c3d8270}, NULL, 8) = 0
2494  02:53:47 rt_sigaction(SIGTTIN, {SIG_DFL, [], SA_RESTORER, 0x7f1d7c3d8270}, NULL, 8) = 0
2494  02:53:47 rt_sigaction(SIGTTOU, {SIG_DFL, [], SA_RESTORER, 0x7f1d7c3d8270}, NULL, 8) = 0
2494  02:53:47 close(4)                 = 0
2494  02:53:47 write(3, "\227i\3129\1A/\312\227\205J\244\245z\357\341\220.\326{\214\301\312}\345\t\334gR\340\251\204"..., 136) = 136
2494  02:53:47 select(4, [3], NULL, NULL, NULL) = 1 (in [3])
2494  02:53:47 read(3, "<\252\330\202\342\374\267\\\233\337\302S\237\32\365\tX\213\244xXx\334\253", 8192) = 24
2494  02:53:47 dup(0)                   = 4
2494  02:53:47 dup(1)                   = 5
2494  02:53:47 dup(2)                   = 6
2494  02:53:47 ioctl(4, TCGETS, {B38400 opost isig icanon echo ...}) = 0
2494  02:53:47 ioctl(5, TCGETS, {B38400 opost isig icanon echo ...}) = 0
2494  02:53:47 ioctl(6, TCGETS, {B38400 opost isig icanon echo ...}) = 0
2494  02:53:47 fcntl(4, F_SETFD, FD_CLOEXEC) = 0
2494  02:53:47 fcntl(5, F_SETFD, FD_CLOEXEC) = 0
2494  02:53:47 fcntl(6, F_SETFD, FD_CLOEXEC) = 0
2494  02:53:47 rt_sigaction(SIGHUP, NULL, {SIG_DFL, [], SA_RESTORER, 0x7f1d7c3d8270}, 8) = 0
2494  02:53:47 rt_sigaction(SIGHUP, {SIG_IGN, [], SA_RESTORER, 0x7f1d7c3d8270}, NULL, 8) = 0
2494  02:53:47 rt_sigaction(SIGHUP, NULL, {SIG_IGN, [], SA_RESTORER, 0x7f1d7c3d8270}, 8) = 0
2494  02:53:47 rt_sigaction(SIGHUP, {0x55997b40f9f0, [], SA_RESTORER, 0x7f1d7c3d8270}, NULL, 8) = 0
2494  02:53:47 rt_sigaction(SIGINT, NULL, {SIG_DFL, [], SA_RESTORER, 0x7f1d7c3d8270}, 8) = 0
2494  02:53:47 rt_sigaction(SIGINT, {SIG_IGN, [], SA_RESTORER, 0x7f1d7c3d8270}, NULL, 8) = 0
2494  02:53:47 rt_sigaction(SIGINT, NULL, {SIG_IGN, [], SA_RESTORER, 0x7f1d7c3d8270}, 8) = 0
2494  02:53:47 rt_sigaction(SIGINT, {0x55997b40f9f0, [], SA_RESTORER, 0x7f1d7c3d8270}, NULL, 8) = 0
2494  02:53:47 rt_sigaction(SIGQUIT, NULL, {SIG_DFL, [], SA_RESTORER, 0x7f1d7c3d8270}, 8) = 0
2494  02:53:47 rt_sigaction(SIGQUIT, {SIG_IGN, [], SA_RESTORER, 0x7f1d7c3d8270}, NULL, 8) = 0
2494  02:53:47 rt_sigaction(SIGQUIT, NULL, {SIG_IGN, [], SA_RESTORER, 0x7f1d7c3d8270}, 8) = 0
2494  02:53:47 rt_sigaction(SIGQUIT, {0x55997b40f9f0, [], SA_RESTORER, 0x7f1d7c3d8270}, NULL, 8) = 0
2494  02:53:47 rt_sigaction(SIGTERM, NULL, {SIG_DFL, [], SA_RESTORER, 0x7f1d7c3d8270}, 8) = 0
2494  02:53:47 rt_sigaction(SIGTERM, {SIG_IGN, [], SA_RESTORER, 0x7f1d7c3d8270}, NULL, 8) = 0
2494  02:53:47 rt_sigaction(SIGTERM, NULL, {SIG_IGN, [], SA_RESTORER, 0x7f1d7c3d8270}, 8) = 0
2494  02:53:47 rt_sigaction(SIGTERM, {0x55997b40f9f0, [], SA_RESTORER, 0x7f1d7c3d8270}, NULL, 8) = 0
2494  02:53:47 rt_sigaction(SIGWINCH, NULL, {SIG_DFL, [], 0}, 8) = 0
2494  02:53:47 rt_sigaction(SIGWINCH, {0x55997b40fc80, [], SA_RESTORER, 0x7f1d7c3d8270}, NULL, 8) = 0
2494  02:53:47 ioctl(0, TCGETS, {B38400 opost isig icanon echo ...}) = 0
2494  02:53:47 ioctl(0, SNDCTL_TMR_STOP or TCSETSW, {B38400 -opost -isig -icanon -echo ...}) = 0
2494  02:53:47 clock_gettime(CLOCK_BOOTTIME, {666713, 717815599}) = 0
2494  02:53:47 clock_gettime(CLOCK_BOOTTIME, {666713, 717865258}) = 0
2494  02:53:47 select(7, [3], [3], NULL, NULL) = 1 (out [3])
2494  02:53:47 clock_gettime(CLOCK_BOOTTIME, {666713, 717953361}) = 0
2494  02:53:47 write(3, "\"\207\25u%r\350\31,O\331\310\330aaN&\322\355:\361\343=R\363\26{YJm *"..., 112) = 112
2494  02:53:47 clock_gettime(CLOCK_BOOTTIME, {666713, 718063179}) = 0
2494  02:53:47 clock_gettime(CLOCK_BOOTTIME, {666713, 718105411}) = 0
2494  02:53:47 select(7, [3], [], NULL, NULL) = 1 (in [3])
2494  02:53:47 clock_gettime(CLOCK_BOOTTIME, {666713, 721023121}) = 0
2494  02:53:47 read(3, " F\203)r\34\224\302\300\357\262\2504\25Y\252\3702\336c \326\320\274\372\230\220\234\345\0\4G"..., 8192) = 40
2494  02:53:47 getsockopt(3, SOL_TCP, TCP_NODELAY, [0], [4]) = 0
2494  02:53:47 setsockopt(3, SOL_TCP, TCP_NODELAY, [1], 4) = 0
2494  02:53:47 getsockname(3, {sa_family=AF_INET, sin_port=htons(37684), sin_addr=inet_addr("10.5.0.222")}, [16]) = 0
2494  02:53:47 setsockopt(3, SOL_IP, IP_TOS, [16], 4) = 0
2494  02:53:47 ioctl(0, TIOCGWINSZ, {ws_row=57, ws_col=236, ws_xpixel=0, ws_ypixel=0}) = 0
2494  02:53:47 clock_gettime(CLOCK_BOOTTIME, {666713, 721358494}) = 0
2494  02:53:47 clock_gettime(CLOCK_BOOTTIME, {666713, 721400523}) = 0
2494  02:53:47 select(7, [3], [3], NULL, NULL) = 1 (out [3])
2494  02:53:47 clock_gettime(CLOCK_BOOTTIME, {666713, 721488594}) = 0
2494  02:53:47 write(3, "\30\33\230N\364\275\260X3R\0320\344\4u\342\30Lo`\354U\305\225\265\214\352\363:\2000\201"..., 368) = 368
2494  02:53:47 clock_gettime(CLOCK_BOOTTIME, {666713, 721594371}) = 0
2494  02:53:47 clock_gettime(CLOCK_BOOTTIME, {666713, 721637952}) = 0
2494  02:53:47 select(7, [3], [], NULL, NULL) = 1 (in [3])
2494  02:53:47 clock_gettime(CLOCK_BOOTTIME, {666713, 722203027}) = 0
2494  02:53:47 read(3, "\23y7[\216]Z\270\351\16\221z[\331\345$\364\203\217\354%\250X\210\203~\264&\21\330\200\227"..., 8192) = 88
2494  02:53:47 clock_gettime(CLOCK_BOOTTIME, {666713, 722294388}) = 0
2494  02:53:47 clock_gettime(CLOCK_BOOTTIME, {666713, 722336914}) = 0
2494  02:53:47 select(7, [3 4], [], NULL, NULL) = 1 (in [3])
2494  02:53:47 clock_gettime(CLOCK_BOOTTIME, {666713, 727082755}) = 0
2494  02:53:47 read(3, "\276$KQ\234p\371\243\4\210\337\0173\312\1\230\213QU\177\253\177\5\271\v\206-\214\206\23\2112"..., 8192) = 152
2494  02:53:47 clock_gettime(CLOCK_BOOTTIME, {666713, 727176752}) = 0
2494  02:53:47 clock_gettime(CLOCK_BOOTTIME, {666713, 727218447}) = 0
2494  02:53:47 select(7, [3 4], [5], NULL, NULL) = 1 (out [5])
2494  02:53:47 clock_gettime(CLOCK_BOOTTIME, {666713, 727306766}) = 0
2494  02:53:47 write(5, "Last login: Fri Jun 22 10:51:01 "..., 111) = 111
2494  02:53:47 clock_gettime(CLOCK_BOOTTIME, {666713, 727424798}) = 0
2494  02:53:47 clock_gettime(CLOCK_BOOTTIME, {666713, 727466982}) = 0
2494  02:53:47 select(7, [3 4], [], NULL, NULL) = 1 (in [3])
2494  02:53:47 clock_gettime(CLOCK_BOOTTIME, {666713, 743378455}) = 0
2494  02:53:47 read(3, "j\213\216\305\272l\200\264?\321\357]\374:,\377\347\255\227\177\270A\334\341Vq\202\302\367\363\253\30"..., 8192) = 56
2494  02:53:47 clock_gettime(CLOCK_BOOTTIME, {666713, 743475740}) = 0
2494  02:53:47 clock_gettime(CLOCK_BOOTTIME, {666713, 743535717}) = 0
2494  02:53:47 select(7, [3 4], [5], NULL, NULL) = 1 (out [5])
2494  02:53:47 clock_gettime(CLOCK_BOOTTIME, {666713, 743624592}) = 0
2494  02:53:47 write(5, "[root@ali-p2p-h5-1 ~]# ", 23) = 23
2494  02:53:47 clock_gettime(CLOCK_BOOTTIME, {666713, 743726992}) = 0
2494  02:53:47 clock_gettime(CLOCK_BOOTTIME, {666713, 743768759}) = 0
2494  02:53:47 select(7, [3 4], [], NULL, NULL) = 1 (in [4])
2494  02:53:50 clock_gettime(CLOCK_BOOTTIME, {666716, 915106966}) = 0
2494  02:53:50 read(4, "e", 16384)      = 1
2494  02:53:50 clock_gettime(CLOCK_BOOTTIME, {666716, 915234138}) = 0
2494  02:53:50 clock_gettime(CLOCK_BOOTTIME, {666716, 915278363}) = 0
2494  02:53:50 select(7, [3 4], [3], NULL, NULL) = 1 (out [3])
2494  02:53:50 clock_gettime(CLOCK_BOOTTIME, {666716, 915370034}) = 0
2494  02:53:50 write(3, "\304*\tR\212a\317\26pq\313\366G-n\t\247\32z\371\1\313\261'T|\21\303-\212TG"..., 40) = 40
2494  02:53:50 clock_gettime(CLOCK_BOOTTIME, {666716, 915489662}) = 0
2494  02:53:50 clock_gettime(CLOCK_BOOTTIME, {666716, 915541114}) = 0
2494  02:53:50 select(7, [3 4], [], NULL, NULL) = 1 (in [3])
2494  02:53:50 clock_gettime(CLOCK_BOOTTIME, {666716, 917359505}) = 0
2494  02:53:50 read(3, "\213%\325\6s\271\312\325K\354\202*w\311\372\364\341e\5y\315}\01769\352\27=\r\351!\233"..., 8192) = 40
2494  02:53:50 clock_gettime(CLOCK_BOOTTIME, {666716, 917453018}) = 0
2494  02:53:50 clock_gettime(CLOCK_BOOTTIME, {666716, 917495603}) = 0
2494  02:53:50 select(7, [3 4], [5], NULL, NULL) = 1 (out [5])
2494  02:53:50 clock_gettime(CLOCK_BOOTTIME, {666716, 917588720}) = 0
2494  02:53:50 write(5, "e", 1)         = 1
2494  02:53:50 clock_gettime(CLOCK_BOOTTIME, {666716, 917718893}) = 0
2494  02:53:50 clock_gettime(CLOCK_BOOTTIME, {666716, 917760097}) = 0
2494  02:53:50 select(7, [3 4], [], NULL, NULL) = 1 (in [4])
2494  02:53:50 clock_gettime(CLOCK_BOOTTIME, {666717, 194530401}) = 0
2494  02:53:50 read(4, "x", 16384)      = 1
2494  02:53:50 clock_gettime(CLOCK_BOOTTIME, {666717, 194680984}) = 0
2494  02:53:50 clock_gettime(CLOCK_BOOTTIME, {666717, 194723533}) = 0
2494  02:53:50 select(7, [3 4], [3], NULL, NULL) = 1 (out [3])
2494  02:53:50 clock_gettime(CLOCK_BOOTTIME, {666717, 194815647}) = 0
2494  02:53:50 write(3, "\237)\217\334j\320@n\20\251\376\257\253\246\320\202J\"\316\3517\236\362\216~F\367\324\21~\336\32"..., 40) = 40
2494  02:53:50 clock_gettime(CLOCK_BOOTTIME, {666717, 194919623}) = 0
2494  02:53:50 clock_gettime(CLOCK_BOOTTIME, {666717, 194960865}) = 0
2494  02:53:50 select(7, [3 4], [], NULL, NULL) = 1 (in [3])
2494  02:53:50 clock_gettime(CLOCK_BOOTTIME, {666717, 197363813}) = 0
2494  02:53:50 read(3, "\365N\233:{\266'\221\321\202\377\367|\177\325\32\243K\331\225\356\221\330\365!2\"\225\6\16\216\37"..., 8192) = 40
2494  02:53:50 clock_gettime(CLOCK_BOOTTIME, {666717, 197458397}) = 0
2494  02:53:50 clock_gettime(CLOCK_BOOTTIME, {666717, 197500608}) = 0
2494  02:53:50 select(7, [3 4], [5], NULL, NULL) = 1 (out [5])
2494  02:53:50 clock_gettime(CLOCK_BOOTTIME, {666717, 197598292}) = 0
2494  02:53:50 write(5, "x", 1)         = 1
2494  02:53:50 clock_gettime(CLOCK_BOOTTIME, {666717, 197725856}) = 0
2494  02:53:50 clock_gettime(CLOCK_BOOTTIME, {666717, 197767522}) = 0
2494  02:53:50 select(7, [3 4], [], NULL, NULL) = 1 (in [4])
2494  02:53:50 clock_gettime(CLOCK_BOOTTIME, {666717, 299041209}) = 0
2494  02:53:50 read(4, "i", 16384)      = 1
2494  02:53:50 clock_gettime(CLOCK_BOOTTIME, {666717, 299173778}) = 0
2494  02:53:50 clock_gettime(CLOCK_BOOTTIME, {666717, 299216459}) = 0
2494  02:53:50 select(7, [3 4], [3], NULL, NULL) = 1 (out [3])
2494  02:53:50 clock_gettime(CLOCK_BOOTTIME, {666717, 299306456}) = 0
2494  02:53:50 write(3, "\335\23\f\266\263\2522K\253\23\212\251\314\364\24\202\206\317\240@\24\267Z[X\1\322\231\231\1\3\30"..., 40) = 40
2494  02:53:50 clock_gettime(CLOCK_BOOTTIME, {666717, 299401764}) = 0
2494  02:53:50 clock_gettime(CLOCK_BOOTTIME, {666717, 299442306}) = 0
2494  02:53:50 select(7, [3 4], [], NULL, NULL) = 1 (in [3])
2494  02:53:50 clock_gettime(CLOCK_BOOTTIME, {666717, 301354857}) = 0
2494  02:53:50 read(3, "\260\316M\246\371\377\200\365B\227\246\232|\366\373\363\312\201\322\22\253)\2330\231I\363\221\357\356\365#"..., 8192) = 40
2494  02:53:50 clock_gettime(CLOCK_BOOTTIME, {666717, 301444430}) = 0
2494  02:53:50 clock_gettime(CLOCK_BOOTTIME, {666717, 301484315}) = 0
2494  02:53:50 select(7, [3 4], [5], NULL, NULL) = 1 (out [5])
2494  02:53:50 clock_gettime(CLOCK_BOOTTIME, {666717, 301578192}) = 0
2494  02:53:50 write(5, "i", 1)         = 1
2494  02:53:50 clock_gettime(CLOCK_BOOTTIME, {666717, 301693428}) = 0
2494  02:53:50 clock_gettime(CLOCK_BOOTTIME, {666717, 301734626}) = 0
2494  02:53:50 select(7, [3 4], [], NULL, NULL) = 1 (in [4])
2494  02:53:50 clock_gettime(CLOCK_BOOTTIME, {666717, 498884938}) = 0
2494  02:53:50 read(4, "t", 16384)      = 1
2494  02:53:50 clock_gettime(CLOCK_BOOTTIME, {666717, 498986027}) = 0
2494  02:53:50 clock_gettime(CLOCK_BOOTTIME, {666717, 499041970}) = 0
2494  02:53:50 select(7, [3 4], [3], NULL, NULL) = 1 (out [3])
2494  02:53:50 clock_gettime(CLOCK_BOOTTIME, {666717, 499144617}) = 0
2494  02:53:50 write(3, "\206\377C\17\321[\335\301\324wF\7Z\317\211<Q\252\332zr\20\212De\337;\f\270\33184"..., 40) = 40
2494  02:53:50 clock_gettime(CLOCK_BOOTTIME, {666717, 499241085}) = 0
2494  02:53:50 clock_gettime(CLOCK_BOOTTIME, {666717, 499283297}) = 0
2494  02:53:50 select(7, [3 4], [], NULL, NULL) = 1 (in [3])
2494  02:53:50 clock_gettime(CLOCK_BOOTTIME, {666717, 501360044}) = 0
2494  02:53:50 read(3, "\363\355_\370\316\31]A\256\211\270\327$\265/\212\376(\231\275\234\204{\30\2210\201\314\201\0\374^"..., 8192) = 40
2494  02:53:50 clock_gettime(CLOCK_BOOTTIME, {666717, 501452330}) = 0
2494  02:53:50 clock_gettime(CLOCK_BOOTTIME, {666717, 501495899}) = 0
2494  02:53:50 select(7, [3 4], [5], NULL, NULL) = 1 (out [5])
2494  02:53:50 clock_gettime(CLOCK_BOOTTIME, {666717, 501594884}) = 0
2494  02:53:50 write(5, "t", 1)         = 1
2494  02:53:50 clock_gettime(CLOCK_BOOTTIME, {666717, 501712839}) = 0
2494  02:53:50 clock_gettime(CLOCK_BOOTTIME, {666717, 501754826}) = 0
2494  02:53:50 select(7, [3 4], [], NULL, NULL) = 1 (in [4])
2494  02:53:51 clock_gettime(CLOCK_BOOTTIME, {666717, 659173333}) = 0
2494  02:53:51 read(4, "\r", 16384)     = 1
2494  02:53:51 clock_gettime(CLOCK_BOOTTIME, {666717, 659268382}) = 0
2494  02:53:51 clock_gettime(CLOCK_BOOTTIME, {666717, 659310782}) = 0
2494  02:53:51 select(7, [3 4], [3], NULL, NULL) = 1 (out [3])
2494  02:53:51 clock_gettime(CLOCK_BOOTTIME, {666717, 659400815}) = 0
2494  02:53:51 write(3, "\6k\0035 \211/\21\313*\v\347\253\226@\246\242\323(e\233\214\237'\\\367 1f\204%Y"..., 40) = 40
2494  02:53:51 clock_gettime(CLOCK_BOOTTIME, {666717, 659496130}) = 0
2494  02:53:51 clock_gettime(CLOCK_BOOTTIME, {666717, 659546842}) = 0
2494  02:53:51 select(7, [3 4], [], NULL, NULL) = 1 (in [3])
2494  02:53:51 clock_gettime(CLOCK_BOOTTIME, {666717, 664480862}) = 0
2494  02:53:51 read(3, "\301\350\327\21[\271\315\212\216\34\231\200Ow\237\251\371\34`\220u#\374&\216!^W\236\305?g"..., 8192) = 200
2494  02:53:51 close(4)                 = 0
2494  02:53:51 clock_gettime(CLOCK_BOOTTIME, {666717, 664627530}) = 0
2494  02:53:51 clock_gettime(CLOCK_BOOTTIME, {666717, 664668754}) = 0
2494  02:53:51 select(7, [3], [5], NULL, NULL) = 1 (out [5])
2494  02:53:51 clock_gettime(CLOCK_BOOTTIME, {666717, 664755119}) = 0
2494  02:53:51 write(5, "\r\nlogout\r\n", 10) = 10
2494  02:53:51 clock_gettime(CLOCK_BOOTTIME, {666717, 664869054}) = 0
2494  02:53:51 clock_gettime(CLOCK_BOOTTIME, {666717, 664911372}) = 0
2494  02:53:51 close(5)                 = 0
2494  02:53:51 ioctl(0, SNDCTL_TMR_STOP or TCSETSW, {B38400 opost isig icanon echo ...}) = 0
2494  02:53:51 close(6)                 = 0
2494  02:53:51 select(7, [3], [3], NULL, NULL) = 1 (out [3])
2494  02:53:51 clock_gettime(CLOCK_BOOTTIME, {666717, 665158839}) = 0
2494  02:53:51 write(3, "\221\7K\376\205:e\320\307'\241\205\25\310+\242\203\326TR\253v\352\303", 24) = 24
2494  02:53:51 rt_sigaction(SIGWINCH, NULL, {0x55997b40fc80, [], SA_RESTORER, 0x7f1d7c3d8270}, 8) = 0
2494  02:53:51 rt_sigaction(SIGWINCH, {SIG_DFL, [], SA_RESTORER, 0x7f1d7c3d8270}, NULL, 8) = 0
2494  02:53:51 write(3, "\273:\334\r\257\6\237U\377\302\23\262\354L\251\341\200&\335\345\361\363sX\244\230\3(\325E\0074"..., 56) = 56
2494  02:53:51 ioctl(0, TCGETS, {B38400 opost isig icanon echo ...}) = 0
2494  02:53:51 ioctl(1, TCGETS, {B38400 opost isig icanon echo ...}) = 0
2494  02:53:51 ioctl(2, TCGETS, {B38400 opost isig icanon echo ...}) = 0
2494  02:53:51 write(2, "Connection to 10.5.0.208 closed."..., 34) = 34
2494  02:53:51 shutdown(3, SHUT_RDWR)   = 0
2494  02:53:51 close(3)                 = 0
2494  02:53:51 write(1, "random tag:nbycd79lqf", 21) = 21
2494  02:53:51 exit_group(0)            = ?
2494  02:53:51 +++ exited with 0 +++
