24030 09:44:14 read(3, "H", 1)          = 1
24030 09:44:14 read(3, "_", 1)          = 1
24030 09:44:14 read(3, "5", 1)          = 1
24030 09:44:14 read(3, ".", 1)          = 1
24030 09:44:14 read(3, "3", 1)          = 1
24030 09:44:14 read(3, "\r", 1)         = 1
24030 09:44:14 read(3, "\n", 1)         = 1
24030 09:44:14 fcntl(3, F_GETFL)        = 0x2 (flags O_RDWR)
24030 09:44:14 fcntl(3, F_SETFL, O_RDWR|O_NONBLOCK) = 0
24030 09:44:14 open("/root/.ssh/known_hosts", O_RDONLY) = 4
24030 09:44:14 fstat(4, {st_mode=S_IFREG|0644, st_size=1177, ...}) = 0
24030 09:44:14 mmap(NULL, 4096, PROT_READ|PROT_WRITE, MAP_PRIVATE|MAP_ANONYMOUS, -1, 0) = 0x7f099f9f0000
24030 09:44:14 read(4, "172.19.0.36 ssh-rsa AAAAB3NzaC1y"..., 4096) = 1177
24030 09:44:14 read(4, "", 4096)        = 0
24030 09:44:14 close(4)                 = 0
24030 09:44:14 munmap(0x7f099f9f0000, 4096) = 0
24030 09:44:14 open("/root/.ssh/known_hosts2", O_RDONLY) = -1 ENOENT (No such file or directory)
24030 09:44:14 open("/usr/local/openssh/etc/ssh_known_hosts", O_RDONLY) = -1 ENOENT (No such file or directory)
24030 09:44:14 open("/usr/local/openssh/etc/ssh_known_hosts2", O_RDONLY) = -1 ENOENT (No such file or directory)
24030 09:44:14 brk(NULL)                = 0x55e8b95fc000
24030 09:44:14 brk(0x55e8b961d000)      = 0x55e8b961d000
24030 09:44:14 write(3, "\0\0\5\224\v\0240\316T\17\30\373u\355\245\325\207\373\33\1d\247\0\0\0010curve2"..., 1432) = 1432
24030 09:44:14 select(4, [3], NULL, NULL, NULL) = 1 (in [3])
24030 09:44:14 read(3, "\0\0\3D\n\24\225\274\272\37\353\264\216\23\17S\31\246\326\210\203\235\0\0\0~diffie"..., 8192) = 840
24030 09:44:14 write(3, "\0\0\0\24\6\"\0\0\10\0\0\0\f\0\0\0 \0\0\0\0\0\0\0", 24) = 24
24030 09:44:14 select(4, [3], NULL, NULL, NULL) = 1 (in [3])
24030 09:44:14 read(3, "\0\0\1\224\10\37\0\0\1\201\0\323#\r#ur\354\351\371#Xq^\272\303\244\330\237-kM"..., 8192) = 408
24030 09:44:14 write(3, "\0\0\1\214\5 \0\0\1\201\0\215\212\275\324\317\250)< B\6\27b<\364\200\23\256\215\f\267"..., 400) = 400
24030 09:44:14 select(4, [3], NULL, NULL, NULL) = 1 (in [3])
24030 09:44:14 read(3, "\0\0\3\274\t!\0\0\1\25\0\0\0\7ssh-rsa\0\0\0\1#\0\0\1\1\0\264"..., 8192) = 976
24030 09:44:14 open("/root/.ssh/known_hosts", O_RDONLY) = 4
24030 09:44:14 fstat(4, {st_mode=S_IFREG|0644, st_size=1177, ...}) = 0
24030 09:44:14 mmap(NULL, 4096, PROT_READ|PROT_WRITE, MAP_PRIVATE|MAP_ANONYMOUS, -1, 0) = 0x7f099f9f0000
24030 09:44:14 read(4, "172.19.0.36 ssh-rsa AAAAB3NzaC1y"..., 4096) = 1177
24030 09:44:14 read(4, "", 4096)        = 0
24030 09:44:14 close(4)                 = 0
24030 09:44:14 munmap(0x7f099f9f0000, 4096) = 0
24030 09:44:14 open("/root/.ssh/known_hosts2", O_RDONLY) = -1 ENOENT (No such file or directory)
24030 09:44:14 open("/usr/local/openssh/etc/ssh_known_hosts", O_RDONLY) = -1 ENOENT (No such file or directory)
24030 09:44:14 open("/usr/local/openssh/etc/ssh_known_hosts2", O_RDONLY) = -1 ENOENT (No such file or directory)
24030 09:44:14 clock_gettime(CLOCK_BOOTTIME, {604941, 27452819}) = 0
24030 09:44:14 write(3, "\0\0\0\f\n\25\0\0\0\0\0\0\0\0\0\0", 16) = 16
24030 09:44:14 write(3, "\300\313\300\366\363J\302\222\17\f\\\355+\210\244?Z\230\202/\201\366\351%\244\352\7\2368\1\321K"..., 40) = 40
24030 09:44:14 select(4, [3], NULL, NULL, NULL) = 1 (in [3])
24030 09:44:14 read(3, "$\37A\325\n\30R!jX@\177\322\221I]'\302\204L\273\313\35bpRI\344Q\250,\255"..., 8192) = 40
24030 09:44:14 write(3, "8\360\30\271\354*\\\350\343~\303\16\252\356\210\362\220uF\314\353\3N\304\3070Cum\261ow"..., 56) = 56
24030 09:44:14 select(4, [3], NULL, NULL, NULL) = 1 (in [3])
24030 09:44:14 read(3, "\n\26\330\245\200\vjU\303\344V\20l\"pP3 \236\211m\201\6\253\345\242\"#\2152B\376"..., 8192) = 72
24030 09:44:14 stat("/root/.ssh/id_rsa", 0x7fffcbf0e340) = -1 ENOENT (No such file or directory)
24030 09:44:14 stat("/root/.ssh/id_dsa", 0x7fffcbf0e340) = -1 ENOENT (No such file or directory)
24030 09:44:14 stat("/root/.ssh/id_ecdsa", 0x7fffcbf0e340) = -1 ENOENT (No such file or directory)
24030 09:44:14 stat("/root/.ssh/id_ed25519", 0x7fffcbf0e340) = -1 ENOENT (No such file or directory)
24030 09:44:14 open("/dev/tty", O_RDWR) = 4
24030 09:44:14 close(4)                 = 0
24030 09:44:14 open("/dev/tty", O_RDWR) = 4
24030 09:44:14 ioctl(4, TCGETS, {B38400 opost isig icanon echo ...}) = 0
24030 09:44:14 ioctl(4, SNDCTL_TMR_CONTINUE or TCSETSF, {B38400 opost isig icanon -echo ...}) = 0
24030 09:44:14 rt_sigaction(SIGALRM, {0x55e8b7c3d0d0, [], SA_RESTORER, 0x7f099e575270}, {SIG_DFL, [], 0}, 8) = 0
24030 09:44:14 rt_sigaction(SIGHUP, {0x55e8b7c3d0d0, [], SA_RESTORER, 0x7f099e575270}, {SIG_DFL, [], 0}, 8) = 0
24030 09:44:14 rt_sigaction(SIGINT, {0x55e8b7c3d0d0, [], SA_RESTORER, 0x7f099e575270}, {SIG_DFL, [], 0}, 8) = 0
24030 09:44:14 rt_sigaction(SIGPIPE, {0x55e8b7c3d0d0, [], SA_RESTORER, 0x7f099e575270}, {SIG_IGN, [], SA_RESTORER, 0x7f099e575270}, 8) = 0
24030 09:44:14 rt_sigaction(SIGQUIT, {0x55e8b7c3d0d0, [], SA_RESTORER, 0x7f099e575270}, {SIG_DFL, [], 0}, 8) = 0
24030 09:44:14 rt_sigaction(SIGTERM, {0x55e8b7c3d0d0, [], SA_RESTORER, 0x7f099e575270}, {SIG_DFL, [], 0}, 8) = 0
24030 09:44:14 rt_sigaction(SIGTSTP, {0x55e8b7c3d0d0, [], SA_RESTORER, 0x7f099e575270}, {SIG_DFL, [], 0}, 8) = 0
24030 09:44:14 rt_sigaction(SIGTTIN, {0x55e8b7c3d0d0, [], SA_RESTORER, 0x7f099e575270}, {SIG_DFL, [], 0}, 8) = 0
24030 09:44:14 rt_sigaction(SIGTTOU, {0x55e8b7c3d0d0, [], SA_RESTORER, 0x7f099e575270}, {SIG_DFL, [], 0}, 8) = 0
24030 09:44:14 write(4, "root@10.5.0.208's password: ", 28) = 28
24030 09:44:14 read(4, "y", 1)          = 1
24030 09:44:14 read(4, "o", 1)          = 1
24030 09:44:14 read(4, "t", 1)          = 1
24030 09:44:14 read(4, "p", 1)          = 1
24030 09:44:14 read(4, "4", 1)          = 1
24030 09:44:14 read(4, "o", 1)          = 1
24030 09:44:14 read(4, "z", 1)          = 1
24030 09:44:14 read(4, "A", 1)          = 1
24030 09:44:14 read(4, "c", 1)          = 1
24030 09:44:14 read(4, "C", 1)          = 1
24030 09:44:14 read(4, "=", 1)          = 1
24030 09:44:14 read(4, "b", 1)          = 1
24030 09:44:14 read(4, "~", 1)          = 1
24030 09:44:14 read(4, "V", 1)          = 1
24030 09:44:14 read(4, "4", 1)          = 1
24030 09:44:14 read(4, "K", 1)          = 1
24030 09:44:14 read(4, "G", 1)          = 1
24030 09:44:14 read(4, "V", 1)          = 1
24030 09:44:14 read(4, "/", 1)          = 1
24030 09:44:14 read(4, "s", 1)          = 1
24030 09:44:14 read(4, "\n", 1)         = 1
24030 09:44:14 write(4, "\n", 1)        = 1
24030 09:44:14 ioctl(4, SNDCTL_TMR_CONTINUE or TCSETSF, {B38400 opost isig icanon echo ...}) = 0
24030 09:44:14 rt_sigaction(SIGALRM, {SIG_DFL, [], SA_RESTORER, 0x7f099e575270}, NULL, 8) = 0
24030 09:44:14 rt_sigaction(SIGHUP, {SIG_DFL, [], SA_RESTORER, 0x7f099e575270}, NULL, 8) = 0
24030 09:44:14 rt_sigaction(SIGINT, {SIG_DFL, [], SA_RESTORER, 0x7f099e575270}, NULL, 8) = 0
24030 09:44:14 rt_sigaction(SIGQUIT, {SIG_DFL, [], SA_RESTORER, 0x7f099e575270}, NULL, 8) = 0
24030 09:44:14 rt_sigaction(SIGPIPE, {SIG_IGN, [], SA_RESTORER, 0x7f099e575270}, NULL, 8) = 0
24030 09:44:14 rt_sigaction(SIGTERM, {SIG_DFL, [], SA_RESTORER, 0x7f099e575270}, NULL, 8) = 0
24030 09:44:14 rt_sigaction(SIGTSTP, {SIG_DFL, [], SA_RESTORER, 0x7f099e575270}, NULL, 8) = 0
24030 09:44:14 rt_sigaction(SIGTTIN, {SIG_DFL, [], SA_RESTORER, 0x7f099e575270}, NULL, 8) = 0
24030 09:44:14 rt_sigaction(SIGTTOU, {SIG_DFL, [], SA_RESTORER, 0x7f099e575270}, NULL, 8) = 0
24030 09:44:14 close(4)                 = 0
24030 09:44:14 write(3, "\326\341\n\355\347\334\306\366I\22\330\303(N e\264\323^%l\240\277.\326\r\342\321q<Q\335"..., 136) = 136
24030 09:44:14 select(4, [3], NULL, NULL, NULL) = 1 (in [3])
24030 09:44:14 read(3, "\351\317\23\210#\256\256\256\244\355\354B[\333\356v\6\5\33h'\4\234\323", 8192) = 24
24030 09:44:14 dup(0)                   = 4
24030 09:44:14 dup(1)                   = 5
24030 09:44:14 dup(2)                   = 6
24030 09:44:14 ioctl(4, TCGETS, {B38400 opost isig icanon echo ...}) = 0
24030 09:44:14 ioctl(5, TCGETS, {B38400 opost isig icanon echo ...}) = 0
24030 09:44:14 ioctl(6, TCGETS, {B38400 opost isig icanon echo ...}) = 0
24030 09:44:14 fcntl(4, F_SETFD, FD_CLOEXEC) = 0
24030 09:44:14 fcntl(5, F_SETFD, FD_CLOEXEC) = 0
24030 09:44:14 fcntl(6, F_SETFD, FD_CLOEXEC) = 0
24030 09:44:14 rt_sigaction(SIGHUP, NULL, {SIG_DFL, [], SA_RESTORER, 0x7f099e575270}, 8) = 0
24030 09:44:14 rt_sigaction(SIGHUP, {SIG_IGN, [], SA_RESTORER, 0x7f099e575270}, NULL, 8) = 0
24030 09:44:14 rt_sigaction(SIGHUP, NULL, {SIG_IGN, [], SA_RESTORER, 0x7f099e575270}, 8) = 0
24030 09:44:14 rt_sigaction(SIGHUP, {0x55e8b7be59f0, [], SA_RESTORER, 0x7f099e575270}, NULL, 8) = 0
24030 09:44:14 rt_sigaction(SIGINT, NULL, {SIG_DFL, [], SA_RESTORER, 0x7f099e575270}, 8) = 0
24030 09:44:14 rt_sigaction(SIGINT, {SIG_IGN, [], SA_RESTORER, 0x7f099e575270}, NULL, 8) = 0
24030 09:44:14 rt_sigaction(SIGINT, NULL, {SIG_IGN, [], SA_RESTORER, 0x7f099e575270}, 8) = 0
24030 09:44:14 rt_sigaction(SIGINT, {0x55e8b7be59f0, [], SA_RESTORER, 0x7f099e575270}, NULL, 8) = 0
24030 09:44:14 rt_sigaction(SIGQUIT, NULL, {SIG_DFL, [], SA_RESTORER, 0x7f099e575270}, 8) = 0
24030 09:44:14 rt_sigaction(SIGQUIT, {SIG_IGN, [], SA_RESTORER, 0x7f099e575270}, NULL, 8) = 0
24030 09:44:14 rt_sigaction(SIGQUIT, NULL, {SIG_IGN, [], SA_RESTORER, 0x7f099e575270}, 8) = 0
24030 09:44:14 rt_sigaction(SIGQUIT, {0x55e8b7be59f0, [], SA_RESTORER, 0x7f099e575270}, NULL, 8) = 0
24030 09:44:14 rt_sigaction(SIGTERM, NULL, {SIG_DFL, [], SA_RESTORER, 0x7f099e575270}, 8) = 0
24030 09:44:14 rt_sigaction(SIGTERM, {SIG_IGN, [], SA_RESTORER, 0x7f099e575270}, NULL, 8) = 0
24030 09:44:14 rt_sigaction(SIGTERM, NULL, {SIG_IGN, [], SA_RESTORER, 0x7f099e575270}, 8) = 0
24030 09:44:14 rt_sigaction(SIGTERM, {0x55e8b7be59f0, [], SA_RESTORER, 0x7f099e575270}, NULL, 8) = 0
24030 09:44:14 rt_sigaction(SIGWINCH, NULL, {SIG_DFL, [], 0}, 8) = 0
24030 09:44:14 rt_sigaction(SIGWINCH, {0x55e8b7be5c80, [], SA_RESTORER, 0x7f099e575270}, NULL, 8) = 0
24030 09:44:14 ioctl(0, TCGETS, {B38400 opost isig icanon echo ...}) = 0
24030 09:44:14 ioctl(0, SNDCTL_TMR_STOP or TCSETSW, {B38400 -opost -isig -icanon -echo ...}) = 0
24030 09:44:14 clock_gettime(CLOCK_BOOTTIME, {604941, 104905572}) = 0
24030 09:44:14 clock_gettime(CLOCK_BOOTTIME, {604941, 104950306}) = 0
24030 09:44:14 select(7, [3], [3], NULL, NULL) = 1 (out [3])
24030 09:44:14 clock_gettime(CLOCK_BOOTTIME, {604941, 105047599}) = 0
24030 09:44:14 write(3, "\34\232\327\313jW\375\226\201\306\35\230<8\33\226\371\0076F<%\365v^\234N\237\265\224\21\340"..., 112) = 112
24030 09:44:14 clock_gettime(CLOCK_BOOTTIME, {604941, 105141850}) = 0
24030 09:44:14 clock_gettime(CLOCK_BOOTTIME, {604941, 105183185}) = 0
24030 09:44:14 select(7, [3], [], NULL, NULL) = 1 (in [3])
24030 09:44:14 clock_gettime(CLOCK_BOOTTIME, {604941, 108208321}) = 0
24030 09:44:14 read(3, "\362\317w\274\t/b\362@\372L\313\252\343\274\325\37e\343\240\31f,\272\25Y\200\255Dg\317\343"..., 8192) = 40
24030 09:44:14 getsockopt(3, SOL_TCP, TCP_NODELAY, [0], [4]) = 0
24030 09:44:14 setsockopt(3, SOL_TCP, TCP_NODELAY, [1], 4) = 0
24030 09:44:14 getsockname(3, {sa_family=AF_INET, sin_port=htons(52842), sin_addr=inet_addr("10.5.0.222")}, [16]) = 0
24030 09:44:14 setsockopt(3, SOL_IP, IP_TOS, [16], 4) = 0
24030 09:44:14 ioctl(0, TIOCGWINSZ, {ws_row=45, ws_col=132, ws_xpixel=0, ws_ypixel=0}) = 0
24030 09:44:14 clock_gettime(CLOCK_BOOTTIME, {604941, 108551028}) = 0
24030 09:44:14 clock_gettime(CLOCK_BOOTTIME, {604941, 108592378}) = 0
24030 09:44:14 select(7, [3], [3], NULL, NULL) = 1 (out [3])
24030 09:44:14 clock_gettime(CLOCK_BOOTTIME, {604941, 108679047}) = 0
24030 09:44:14 write(3, "\327\312\357v%\302yXJ\206d\333\363\270\320R\3727\3232\3045x\304\2339S\251\241\177bx"..., 368) = 368
24030 09:44:14 clock_gettime(CLOCK_BOOTTIME, {604941, 108777003}) = 0
24030 09:44:14 clock_gettime(CLOCK_BOOTTIME, {604941, 108818775}) = 0
24030 09:44:14 select(7, [3], [], NULL, NULL) = 1 (in [3])
24030 09:44:14 clock_gettime(CLOCK_BOOTTIME, {604941, 109330888}) = 0
24030 09:44:14 read(3, "\244\271$\274\232/\203\277k~mF\352\233\324\30\23\232\236\262$\177\275\202\362\366\32\0275A]\365"..., 8192) = 88
24030 09:44:14 clock_gettime(CLOCK_BOOTTIME, {604941, 109427403}) = 0
24030 09:44:14 clock_gettime(CLOCK_BOOTTIME, {604941, 109470080}) = 0
24030 09:44:14 select(7, [3 4], [], NULL, NULL) = 1 (in [3])
24030 09:44:14 clock_gettime(CLOCK_BOOTTIME, {604941, 113736042}) = 0
24030 09:44:14 read(3, "V\223\244Zn*\255.\245\337\205\265\317H\\\17\211\324\317\214\320\367c\257\206\201\265\207\367\376\340\272"..., 8192) = 152
24030 09:44:14 clock_gettime(CLOCK_BOOTTIME, {604941, 113829272}) = 0
24030 09:44:14 clock_gettime(CLOCK_BOOTTIME, {604941, 113870698}) = 0
24030 09:44:14 select(7, [3 4], [5], NULL, NULL) = 1 (out [5])
24030 09:44:14 clock_gettime(CLOCK_BOOTTIME, {604941, 113959835}) = 0
24030 09:44:14 write(5, "Last login: Thu Jun 21 17:42:05 "..., 111) = 111
24030 09:44:14 clock_gettime(CLOCK_BOOTTIME, {604941, 114097671}) = 0
24030 09:44:14 clock_gettime(CLOCK_BOOTTIME, {604941, 114139167}) = 0
24030 09:44:14 select(7, [3 4], [], NULL, NULL) = 1 (in [3])
24030 09:44:14 clock_gettime(CLOCK_BOOTTIME, {604941, 129750911}) = 0
24030 09:44:14 read(3, "!\226b\301\312\210\216m\244\237h\216\250\310i!\226mSiMC0\322\267\247P\307\234r\324C"..., 8192) = 56
24030 09:44:14 clock_gettime(CLOCK_BOOTTIME, {604941, 129845290}) = 0
24030 09:44:14 clock_gettime(CLOCK_BOOTTIME, {604941, 129884612}) = 0
24030 09:44:14 select(7, [3 4], [5], NULL, NULL) = 1 (out [5])
24030 09:44:14 clock_gettime(CLOCK_BOOTTIME, {604941, 129969388}) = 0
24030 09:44:14 write(5, "[root@ali-p2p-h5-1 ~]# ", 23) = 23
24030 09:44:14 clock_gettime(CLOCK_BOOTTIME, {604941, 130091787}) = 0
24030 09:44:14 clock_gettime(CLOCK_BOOTTIME, {604941, 130133124}) = 0
24030 09:44:14 select(7, [3 4], [], NULL, NULL) = 1 (in [4])
24030 09:44:15 clock_gettime(CLOCK_BOOTTIME, {604941, 907111850}) = 0
24030 09:44:15 read(4, "\r", 16384)     = 1
24030 09:44:15 clock_gettime(CLOCK_BOOTTIME, {604941, 907235046}) = 0
24030 09:44:15 clock_gettime(CLOCK_BOOTTIME, {604941, 907278032}) = 0
24030 09:44:15 select(7, [3 4], [3], NULL, NULL) = 1 (out [3])
24030 09:44:15 clock_gettime(CLOCK_BOOTTIME, {604941, 907369344}) = 0
24030 09:44:15 write(3, ")\321\310\v\317(\272Z\374\324\215\337N[\22\214p{0\345\354\276\230*\2718\3\236\277\v\353\34"..., 40) = 40
24030 09:44:15 clock_gettime(CLOCK_BOOTTIME, {604941, 907484571}) = 0
24030 09:44:15 clock_gettime(CLOCK_BOOTTIME, {604941, 907526200}) = 0
24030 09:44:15 select(7, [3 4], [], NULL, NULL) = 1 (in [3])
24030 09:44:15 clock_gettime(CLOCK_BOOTTIME, {604941, 908757818}) = 0
24030 09:44:15 read(3, "s\10\217d\245\272\256\366 \330\314I\262\322\246'\n\35\364w\242\300\26:\375G\f|\227\277j\300"..., 8192) = 40
24030 09:44:15 clock_gettime(CLOCK_BOOTTIME, {604941, 908848443}) = 0
24030 09:44:15 clock_gettime(CLOCK_BOOTTIME, {604941, 908889567}) = 0
24030 09:44:15 select(7, [3 4], [5], NULL, NULL) = 1 (out [5])
24030 09:44:15 clock_gettime(CLOCK_BOOTTIME, {604941, 908978774}) = 0
24030 09:44:15 write(5, "\r\n", 2)      = 2
24030 09:44:15 clock_gettime(CLOCK_BOOTTIME, {604941, 909115504}) = 0
24030 09:44:15 clock_gettime(CLOCK_BOOTTIME, {604941, 909159069}) = 0
24030 09:44:15 select(7, [3 4], [], NULL, NULL) = 1 (in [3])
24030 09:44:15 clock_gettime(CLOCK_BOOTTIME, {604941, 912988210}) = 0
24030 09:44:15 read(3, "b[\302_\344\37:\7\243\201\323\362A:\4\217\276\f/\257\300& \17d\334\346c\3\213\357|"..., 8192) = 56
24030 09:44:15 clock_gettime(CLOCK_BOOTTIME, {604941, 913100419}) = 0
24030 09:44:15 clock_gettime(CLOCK_BOOTTIME, {604941, 913143537}) = 0
24030 09:44:15 select(7, [3 4], [5], NULL, NULL) = 1 (out [5])
24030 09:44:15 clock_gettime(CLOCK_BOOTTIME, {604941, 913234172}) = 0
24030 09:44:15 write(5, "[root@ali-p2p-h5-1 ~]# ", 23) = 23
24030 09:44:15 clock_gettime(CLOCK_BOOTTIME, {604941, 913348346}) = 0
24030 09:44:15 clock_gettime(CLOCK_BOOTTIME, {604941, 913397980}) = 0
24030 09:44:15 select(7, [3 4], [], NULL, NULL) = 1 (in [4])
24030 09:44:15 clock_gettime(CLOCK_BOOTTIME, {604942, 107368860}) = 0
24030 09:44:15 read(4, "\r", 16384)     = 1
24030 09:44:15 clock_gettime(CLOCK_BOOTTIME, {604942, 107508567}) = 0
24030 09:44:15 clock_gettime(CLOCK_BOOTTIME, {604942, 107550694}) = 0
24030 09:44:15 select(7, [3 4], [3], NULL, NULL) = 1 (out [3])
24030 09:44:15 clock_gettime(CLOCK_BOOTTIME, {604942, 107642202}) = 0
24030 09:44:15 write(3, "\300\0\214S\350N\202M\271}\222\274\202\310a\364\215c\335\177\346MJ6m\215s\311\347Zxp"..., 40) = 40
24030 09:44:15 clock_gettime(CLOCK_BOOTTIME, {604942, 107752018}) = 0
24030 09:44:15 clock_gettime(CLOCK_BOOTTIME, {604942, 107793032}) = 0
24030 09:44:15 select(7, [3 4], [], NULL, NULL) = 1 (in [3])
24030 09:44:15 clock_gettime(CLOCK_BOOTTIME, {604942, 110053991}) = 0
24030 09:44:15 read(3, "XkZ8?A\37\266\336\336<=\213\262\217\\\34\33@\316\356\24\376\177d\230\252\16\223\306\34\374"..., 8192) = 40
24030 09:44:15 clock_gettime(CLOCK_BOOTTIME, {604942, 110146298}) = 0
24030 09:44:15 clock_gettime(CLOCK_BOOTTIME, {604942, 110188297}) = 0
24030 09:44:15 select(7, [3 4], [5], NULL, NULL) = 1 (out [5])
24030 09:44:15 clock_gettime(CLOCK_BOOTTIME, {604942, 110277856}) = 0
24030 09:44:15 write(5, "\r\n", 2)      = 2
24030 09:44:15 clock_gettime(CLOCK_BOOTTIME, {604942, 110401933}) = 0
24030 09:44:15 clock_gettime(CLOCK_BOOTTIME, {604942, 110443909}) = 0
24030 09:44:15 select(7, [3 4], [], NULL, NULL) = 1 (in [3])
24030 09:44:15 clock_gettime(CLOCK_BOOTTIME, {604942, 115766368}) = 0
24030 09:44:15 read(3, "\251m\316\203\353\"\234\233\353\252kSGamtNL\"\331\357\322P\270\2304Z\2Q\355\\7"..., 8192) = 56
24030 09:44:15 clock_gettime(CLOCK_BOOTTIME, {604942, 115857770}) = 0
24030 09:44:15 clock_gettime(CLOCK_BOOTTIME, {604942, 115898986}) = 0
24030 09:44:15 select(7, [3 4], [5], NULL, NULL) = 1 (out [5])
24030 09:44:15 clock_gettime(CLOCK_BOOTTIME, {604942, 115987643}) = 0
24030 09:44:15 write(5, "[root@ali-p2p-h5-1 ~]# ", 23) = 23
24030 09:44:15 clock_gettime(CLOCK_BOOTTIME, {604942, 116114615}) = 0
24030 09:44:15 clock_gettime(CLOCK_BOOTTIME, {604942, 116156991}) = 0
24030 09:44:15 select(7, [3 4], [], NULL, NULL) = 1 (in [4])
24030 09:44:15 clock_gettime(CLOCK_BOOTTIME, {604942, 304750309}) = 0
24030 09:44:15 read(4, "\r", 16384)     = 1
24030 09:44:15 clock_gettime(CLOCK_BOOTTIME, {604942, 304879226}) = 0
24030 09:44:15 clock_gettime(CLOCK_BOOTTIME, {604942, 304920931}) = 0
24030 09:44:15 select(7, [3 4], [3], NULL, NULL) = 1 (out [3])
24030 09:44:15 clock_gettime(CLOCK_BOOTTIME, {604942, 305020131}) = 0
24030 09:44:15 write(3, "?\205\22\227\224\232\332\365mz\370\330\307\244\16O\332\303T\326^7~#Xm\373\347Uc\205\215"..., 40) = 40
24030 09:44:15 clock_gettime(CLOCK_BOOTTIME, {604942, 305115742}) = 0
24030 09:44:15 clock_gettime(CLOCK_BOOTTIME, {604942, 305157226}) = 0
24030 09:44:15 select(7, [3 4], [], NULL, NULL) = 1 (in [3])
24030 09:44:15 clock_gettime(CLOCK_BOOTTIME, {604942, 306750764}) = 0
24030 09:44:15 read(3, "\204\263M\227_LK\341\26\223iR\352\352\311#n\3\327\352\356X\223OwY\r0\33\320\276\313"..., 8192) = 40
24030 09:44:15 clock_gettime(CLOCK_BOOTTIME, {604942, 306837345}) = 0
24030 09:44:15 clock_gettime(CLOCK_BOOTTIME, {604942, 306877240}) = 0
24030 09:44:15 select(7, [3 4], [5], NULL, NULL) = 1 (out [5])
24030 09:44:15 clock_gettime(CLOCK_BOOTTIME, {604942, 306962419}) = 0
24030 09:44:15 write(5, "\r\n", 2)      = 2
24030 09:44:15 clock_gettime(CLOCK_BOOTTIME, {604942, 307080113}) = 0
24030 09:44:15 clock_gettime(CLOCK_BOOTTIME, {604942, 307122399}) = 0
24030 09:44:15 select(7, [3 4], [], NULL, NULL) = 1 (in [3])
24030 09:44:15 clock_gettime(CLOCK_BOOTTIME, {604942, 312007697}) = 0
24030 09:44:15 read(3, "\2\5\346\327\20\241*>\307\244>\302\0204\343\347WKy\320\272#\264S\21!A \3216Lc"..., 8192) = 56
24030 09:44:15 clock_gettime(CLOCK_BOOTTIME, {604942, 312099737}) = 0
24030 09:44:15 clock_gettime(CLOCK_BOOTTIME, {604942, 312140101}) = 0
24030 09:44:15 select(7, [3 4], [5], NULL, NULL) = 1 (out [5])
24030 09:44:15 clock_gettime(CLOCK_BOOTTIME, {604942, 312226740}) = 0
24030 09:44:15 write(5, "[root@ali-p2p-h5-1 ~]# ", 23) = 23
24030 09:44:15 clock_gettime(CLOCK_BOOTTIME, {604942, 312335482}) = 0
24030 09:44:15 clock_gettime(CLOCK_BOOTTIME, {604942, 312375822}) = 0
24030 09:44:15 select(7, [3 4], [], NULL, NULL) = 1 (in [4])
24030 09:44:15 clock_gettime(CLOCK_BOOTTIME, {604942, 450813542}) = 0
24030 09:44:15 read(4, "\r", 16384)     = 1
24030 09:44:15 clock_gettime(CLOCK_BOOTTIME, {604942, 450914126}) = 0
24030 09:44:15 clock_gettime(CLOCK_BOOTTIME, {604942, 450965735}) = 0
24030 09:44:15 select(7, [3 4], [3], NULL, NULL) = 1 (out [3])
24030 09:44:15 clock_gettime(CLOCK_BOOTTIME, {604942, 451066858}) = 0
24030 09:44:15 write(3, "T`\335\212\to\31&\355ET^\224\241$kF&+\257\332\322\243FtVE\240\321:\256\222"..., 40) = 40
24030 09:44:15 clock_gettime(CLOCK_BOOTTIME, {604942, 451164149}) = 0
24030 09:44:15 clock_gettime(CLOCK_BOOTTIME, {604942, 451206306}) = 0
24030 09:44:15 select(7, [3 4], [], NULL, NULL) = 1 (in [3])
24030 09:44:15 clock_gettime(CLOCK_BOOTTIME, {604942, 453044994}) = 0
24030 09:44:15 read(3, "\235\240\261\321\v\331I\307\374\27\324\260\300\235tJ!+\275\371Xl\321\341\200\"T\331\200\327\372\235"..., 8192) = 40
24030 09:44:15 clock_gettime(CLOCK_BOOTTIME, {604942, 453135716}) = 0
24030 09:44:15 clock_gettime(CLOCK_BOOTTIME, {604942, 453177398}) = 0
24030 09:44:15 select(7, [3 4], [5], NULL, NULL) = 1 (out [5])
24030 09:44:15 clock_gettime(CLOCK_BOOTTIME, {604942, 453265505}) = 0
24030 09:44:15 write(5, "\r\n", 2)      = 2
24030 09:44:15 clock_gettime(CLOCK_BOOTTIME, {604942, 453378155}) = 0
24030 09:44:15 clock_gettime(CLOCK_BOOTTIME, {604942, 453429655}) = 0
24030 09:44:15 select(7, [3 4], [], NULL, NULL) = 1 (in [3])
24030 09:44:15 clock_gettime(CLOCK_BOOTTIME, {604942, 457782507}) = 0
24030 09:44:15 read(3, "l[\237C#\316\236J\237j#\24u\31\331\252.\24\r\257T\273\241\324\2128K.\23\0304\317"..., 8192) = 56
24030 09:44:15 clock_gettime(CLOCK_BOOTTIME, {604942, 457873710}) = 0
24030 09:44:15 clock_gettime(CLOCK_BOOTTIME, {604942, 457914604}) = 0
24030 09:44:15 select(7, [3 4], [5], NULL, NULL) = 1 (out [5])
24030 09:44:15 clock_gettime(CLOCK_BOOTTIME, {604942, 458007398}) = 0
24030 09:44:15 write(5, "[root@ali-p2p-h5-1 ~]# ", 23) = 23
24030 09:44:15 clock_gettime(CLOCK_BOOTTIME, {604942, 458118670}) = 0
24030 09:44:15 clock_gettime(CLOCK_BOOTTIME, {604942, 458161551}) = 0
24030 09:44:15 select(7, [3 4], [], NULL, NULL) = 1 (in [4])
24030 09:44:16 clock_gettime(CLOCK_BOOTTIME, {604943, 67032982}) = 0
24030 09:44:16 read(4, "i", 16384)      = 1
24030 09:44:16 clock_gettime(CLOCK_BOOTTIME, {604943, 67148785}) = 0
24030 09:44:16 clock_gettime(CLOCK_BOOTTIME, {604943, 67189779}) = 0
24030 09:44:16 select(7, [3 4], [3], NULL, NULL) = 1 (out [3])
24030 09:44:16 clock_gettime(CLOCK_BOOTTIME, {604943, 67279887}) = 0
24030 09:44:16 write(3, "P\215\f89\24X\262\222\26D\241\"x\346\3657\313f\342\370\206\33\373V\3428%\345\330\321\31"..., 40) = 40
24030 09:44:16 clock_gettime(CLOCK_BOOTTIME, {604943, 67389747}) = 0
24030 09:44:16 clock_gettime(CLOCK_BOOTTIME, {604943, 67430279}) = 0
24030 09:44:16 select(7, [3 4], [], NULL, NULL) = 1 (in [3])
24030 09:44:16 clock_gettime(CLOCK_BOOTTIME, {604943, 68752688}) = 0
24030 09:44:16 read(3, "\333\254l\6t\304\246\30\206\215j\254\4-\332\231\245\364\234\253\v\201\260\276\7\363\232\361T\220\321A"..., 8192) = 40
24030 09:44:16 clock_gettime(CLOCK_BOOTTIME, {604943, 68844415}) = 0
24030 09:44:16 clock_gettime(CLOCK_BOOTTIME, {604943, 68885279}) = 0
24030 09:44:16 select(7, [3 4], [5], NULL, NULL) = 1 (out [5])
24030 09:44:16 clock_gettime(CLOCK_BOOTTIME, {604943, 68975683}) = 0
24030 09:44:16 write(5, "i", 1)         = 1
24030 09:44:16 clock_gettime(CLOCK_BOOTTIME, {604943, 69106532}) = 0
24030 09:44:16 clock_gettime(CLOCK_BOOTTIME, {604943, 69149219}) = 0
24030 09:44:16 select(7, [3 4], [], NULL, NULL) = 1 (in [4])
24030 09:44:16 clock_gettime(CLOCK_BOOTTIME, {604943, 154963411}) = 0
24030 09:44:16 read(4, "f", 16384)      = 1
24030 09:44:16 clock_gettime(CLOCK_BOOTTIME, {604943, 155073382}) = 0
24030 09:44:16 clock_gettime(CLOCK_BOOTTIME, {604943, 155115228}) = 0
24030 09:44:16 select(7, [3 4], [3], NULL, NULL) = 1 (out [3])
24030 09:44:16 clock_gettime(CLOCK_BOOTTIME, {604943, 155203738}) = 0
24030 09:44:16 write(3, "S\246oC\325\216\323\205\372p\237\370N\247!\360\fL{\261y\374\2\307^\206B\v\2\"t\311"..., 40) = 40
24030 09:44:16 clock_gettime(CLOCK_BOOTTIME, {604943, 155433270}) = 0
24030 09:44:16 clock_gettime(CLOCK_BOOTTIME, {604943, 155476321}) = 0
24030 09:44:16 select(7, [3 4], [], NULL, NULL) = 1 (in [3])
24030 09:44:16 clock_gettime(CLOCK_BOOTTIME, {604943, 156748292}) = 0
24030 09:44:16 read(3, "o\255GN\32\262\341\f\231R\376x\2677\2705\200\377U\210\200\235\332\233\331U\277\221\253\"\231\263"..., 8192) = 40
24030 09:44:16 clock_gettime(CLOCK_BOOTTIME, {604943, 156840271}) = 0
24030 09:44:16 clock_gettime(CLOCK_BOOTTIME, {604943, 156880421}) = 0
24030 09:44:16 select(7, [3 4], [5], NULL, NULL) = 1 (out [5])
24030 09:44:16 clock_gettime(CLOCK_BOOTTIME, {604943, 156967475}) = 0
24030 09:44:16 write(5, "f", 1)         = 1
24030 09:44:16 clock_gettime(CLOCK_BOOTTIME, {604943, 157082771}) = 0
24030 09:44:16 clock_gettime(CLOCK_BOOTTIME, {604943, 157125094}) = 0
24030 09:44:16 select(7, [3 4], [], NULL, NULL) = 1 (in [4])
24030 09:44:16 clock_gettime(CLOCK_BOOTTIME, {604943, 428103580}) = 0
24030 09:44:16 read(4, "c", 16384)      = 1
24030 09:44:16 clock_gettime(CLOCK_BOOTTIME, {604943, 428243140}) = 0
24030 09:44:16 clock_gettime(CLOCK_BOOTTIME, {604943, 428285609}) = 0
24030 09:44:16 select(7, [3 4], [3], NULL, NULL) = 1 (out [3])
24030 09:44:16 clock_gettime(CLOCK_BOOTTIME, {604943, 428376729}) = 0
24030 09:44:16 write(3, "\250\204}\323Q\355<\264\5\177\211\212h\320\235I\347\333\215{DAe\261L\244\317\3\330\21K\34"..., 40) = 40
24030 09:44:16 clock_gettime(CLOCK_BOOTTIME, {604943, 428483932}) = 0
24030 09:44:16 clock_gettime(CLOCK_BOOTTIME, {604943, 428526195}) = 0
24030 09:44:16 select(7, [3 4], [], NULL, NULL) = 1 (in [3])
24030 09:44:16 clock_gettime(CLOCK_BOOTTIME, {604943, 429752348}) = 0
24030 09:44:16 read(3, ">\235~U\234,\20\25A|\300T\205\241\30(\315\215\342\33\35\f\362\264\335\377\357\365\252\2237q"..., 8192) = 40
24030 09:44:16 clock_gettime(CLOCK_BOOTTIME, {604943, 429843763}) = 0
24030 09:44:16 clock_gettime(CLOCK_BOOTTIME, {604943, 429884648}) = 0
24030 09:44:16 select(7, [3 4], [5], NULL, NULL) = 1 (out [5])
24030 09:44:16 clock_gettime(CLOCK_BOOTTIME, {604943, 429972127}) = 0
24030 09:44:16 write(5, "c", 1)         = 1
24030 09:44:16 clock_gettime(CLOCK_BOOTTIME, {604943, 430101474}) = 0
24030 09:44:16 clock_gettime(CLOCK_BOOTTIME, {604943, 430143178}) = 0
24030 09:44:16 select(7, [3 4], [], NULL, NULL) = 1 (in [4])
24030 09:44:16 clock_gettime(CLOCK_BOOTTIME, {604943, 509257304}) = 0
24030 09:44:16 read(4, "o", 16384)      = 1
24030 09:44:16 clock_gettime(CLOCK_BOOTTIME, {604943, 509401231}) = 0
24030 09:44:16 clock_gettime(CLOCK_BOOTTIME, {604943, 509444044}) = 0
24030 09:44:16 select(7, [3 4], [3], NULL, NULL) = 1 (out [3])
24030 09:44:16 clock_gettime(CLOCK_BOOTTIME, {604943, 509532146}) = 0
24030 09:44:16 write(3, "A\324\265\302\3732\212\344\27\207:\311v\t\334\326\370\311\6\371\261J\327\177L\271/\314G\363\310{"..., 40) = 40
24030 09:44:16 clock_gettime(CLOCK_BOOTTIME, {604943, 509628936}) = 0
24030 09:44:16 clock_gettime(CLOCK_BOOTTIME, {604943, 509670191}) = 0
24030 09:44:16 select(7, [3 4], [], NULL, NULL) = 1 (in [3])
24030 09:44:16 clock_gettime(CLOCK_BOOTTIME, {604943, 511745702}) = 0
24030 09:44:16 read(3, "\360\356~T\0003\221\330[\323\324\250\361\352$U\264\323\217u\270\251\232qY\361%!\245>-["..., 8192) = 40
24030 09:44:16 clock_gettime(CLOCK_BOOTTIME, {604943, 511835620}) = 0
24030 09:44:16 clock_gettime(CLOCK_BOOTTIME, {604943, 511877788}) = 0
24030 09:44:16 select(7, [3 4], [5], NULL, NULL) = 1 (out [5])
24030 09:44:16 clock_gettime(CLOCK_BOOTTIME, {604943, 511966581}) = 0
24030 09:44:16 write(5, "o", 1)         = 1
24030 09:44:16 clock_gettime(CLOCK_BOOTTIME, {604943, 512093021}) = 0
24030 09:44:16 clock_gettime(CLOCK_BOOTTIME, {604943, 512135199}) = 0
24030 09:44:16 select(7, [3 4], [], NULL, NULL) = 1 (in [4])
24030 09:44:17 clock_gettime(CLOCK_BOOTTIME, {604943, 613764729}) = 0
24030 09:44:17 read(4, "n", 16384)      = 1
24030 09:44:17 clock_gettime(CLOCK_BOOTTIME, {604943, 613895189}) = 0
24030 09:44:17 clock_gettime(CLOCK_BOOTTIME, {604943, 613936483}) = 0
24030 09:44:17 select(7, [3 4], [3], NULL, NULL) = 1 (out [3])
24030 09:44:17 clock_gettime(CLOCK_BOOTTIME, {604943, 614025383}) = 0
24030 09:44:17 write(3, "\243\215@\201\20\211\243\6\7\347v;\371\266\274?\346`\270c\370\34\333|\230=\3\250\224\372\353\203"..., 40) = 40
24030 09:44:17 clock_gettime(CLOCK_BOOTTIME, {604943, 614132486}) = 0
24030 09:44:17 clock_gettime(CLOCK_BOOTTIME, {604943, 614180241}) = 0
24030 09:44:17 select(7, [3 4], [], NULL, NULL) = 1 (in [3])
24030 09:44:17 clock_gettime(CLOCK_BOOTTIME, {604943, 615749767}) = 0
24030 09:44:17 read(3, "\347\340\332\36vg\36\0075v\323\356ei\320o'\340\275\350u1\231v\301:SlN\r\334\323"..., 8192) = 40
24030 09:44:17 clock_gettime(CLOCK_BOOTTIME, {604943, 615842837}) = 0
24030 09:44:17 clock_gettime(CLOCK_BOOTTIME, {604943, 615883903}) = 0
24030 09:44:17 select(7, [3 4], [5], NULL, NULL) = 1 (out [5])
24030 09:44:17 clock_gettime(CLOCK_BOOTTIME, {604943, 615972849}) = 0
24030 09:44:17 write(5, "n", 1)         = 1
24030 09:44:17 clock_gettime(CLOCK_BOOTTIME, {604943, 616086334}) = 0
24030 09:44:17 clock_gettime(CLOCK_BOOTTIME, {604943, 616129241}) = 0
24030 09:44:17 select(7, [3 4], [], NULL, NULL) = 1 (in [4])
24030 09:44:17 clock_gettime(CLOCK_BOOTTIME, {604943, 731983990}) = 0
24030 09:44:17 read(4, "f", 16384)      = 1
24030 09:44:17 clock_gettime(CLOCK_BOOTTIME, {604943, 732097602}) = 0
24030 09:44:17 clock_gettime(CLOCK_BOOTTIME, {604943, 732140233}) = 0
24030 09:44:17 select(7, [3 4], [3], NULL, NULL) = 1 (out [3])
24030 09:44:17 clock_gettime(CLOCK_BOOTTIME, {604943, 732233618}) = 0
24030 09:44:17 write(3, "\364\36\315^\365\20}\244\264\254{\227\21^W0H+\5\233\324O\16\367\215\305z*\204?\226\32"..., 40) = 40
24030 09:44:17 clock_gettime(CLOCK_BOOTTIME, {604943, 732331270}) = 0
24030 09:44:17 clock_gettime(CLOCK_BOOTTIME, {604943, 732373401}) = 0
24030 09:44:17 select(7, [3 4], [], NULL, NULL) = 1 (in [3])
24030 09:44:17 clock_gettime(CLOCK_BOOTTIME, {604943, 733745139}) = 0
24030 09:44:17 read(3, "\377\354\214\10\275z6Qf\222r\343\326,\215z,\277&X\326\f\377\237\r\216\251\345\355\301\317\263"..., 8192) = 40
24030 09:44:17 clock_gettime(CLOCK_BOOTTIME, {604943, 733835302}) = 0
24030 09:44:17 clock_gettime(CLOCK_BOOTTIME, {604943, 733875814}) = 0
24030 09:44:17 select(7, [3 4], [5], NULL, NULL) = 1 (out [5])
24030 09:44:17 clock_gettime(CLOCK_BOOTTIME, {604943, 733963907}) = 0
24030 09:44:17 write(5, "f", 1)         = 1
24030 09:44:17 clock_gettime(CLOCK_BOOTTIME, {604943, 734086972}) = 0
24030 09:44:17 clock_gettime(CLOCK_BOOTTIME, {604943, 734129575}) = 0
24030 09:44:17 select(7, [3 4], [], NULL, NULL) = 1 (in [4])
24030 09:44:17 clock_gettime(CLOCK_BOOTTIME, {604943, 834531648}) = 0
24030 09:44:17 read(4, "i", 16384)      = 1
24030 09:44:17 clock_gettime(CLOCK_BOOTTIME, {604943, 834650148}) = 0
24030 09:44:17 clock_gettime(CLOCK_BOOTTIME, {604943, 834692065}) = 0
24030 09:44:17 select(7, [3 4], [3], NULL, NULL) = 1 (out [3])
24030 09:44:17 clock_gettime(CLOCK_BOOTTIME, {604943, 834780934}) = 0
24030 09:44:17 write(3, "\7Q}\33\226\253f\234\260\35__a\306WQp\313\235\330y\340z\16\336\202D:\327D\10K"..., 40) = 40
24030 09:44:17 clock_gettime(CLOCK_BOOTTIME, {604943, 834877322}) = 0
24030 09:44:17 clock_gettime(CLOCK_BOOTTIME, {604943, 834920180}) = 0
24030 09:44:17 select(7, [3 4], [], NULL, NULL) = 1 (in [3])
24030 09:44:17 clock_gettime(CLOCK_BOOTTIME, {604943, 837750935}) = 0
24030 09:44:17 read(3, "\226w\251\341\246\22\365a&?:\336\367\202\233\315\372\314\244\25UC\v\340\323\267\204\303?\231\211\17"..., 8192) = 40
24030 09:44:17 clock_gettime(CLOCK_BOOTTIME, {604943, 837841311}) = 0
24030 09:44:17 clock_gettime(CLOCK_BOOTTIME, {604943, 837882708}) = 0
24030 09:44:17 select(7, [3 4], [5], NULL, NULL) = 1 (out [5])
24030 09:44:17 clock_gettime(CLOCK_BOOTTIME, {604943, 837970425}) = 0
24030 09:44:17 write(5, "i", 1)         = 1
24030 09:44:17 clock_gettime(CLOCK_BOOTTIME, {604943, 838097451}) = 0
24030 09:44:17 clock_gettime(CLOCK_BOOTTIME, {604943, 838139958}) = 0
24030 09:44:17 select(7, [3 4], [], NULL, NULL) = 1 (in [4])
24030 09:44:17 clock_gettime(CLOCK_BOOTTIME, {604943, 954215108}) = 0
24030 09:44:17 read(4, "g", 16384)      = 1
24030 09:44:17 clock_gettime(CLOCK_BOOTTIME, {604943, 954324885}) = 0
24030 09:44:17 clock_gettime(CLOCK_BOOTTIME, {604943, 954367602}) = 0
24030 09:44:17 select(7, [3 4], [3], NULL, NULL) = 1 (out [3])
24030 09:44:17 clock_gettime(CLOCK_BOOTTIME, {604943, 954485059}) = 0
24030 09:44:17 write(3, "\217\211\1|\335\10v)\375Y\247\260\355>k\230\322\266tl\35\20~\2+\n\332<\342\7\244\357"..., 40) = 40
24030 09:44:17 clock_gettime(CLOCK_BOOTTIME, {604943, 954580097}) = 0
24030 09:44:17 clock_gettime(CLOCK_BOOTTIME, {604943, 954620703}) = 0
24030 09:44:17 select(7, [3 4], [], NULL, NULL) = 1 (in [3])
24030 09:44:17 clock_gettime(CLOCK_BOOTTIME, {604943, 956746309}) = 0
24030 09:44:17 read(3, "B\366\307\2356\374dI\6\207\3175\253\201\363&\37\255\27\362\236\233\"\310\35t\25&<\340\306\303"..., 8192) = 40
24030 09:44:17 clock_gettime(CLOCK_BOOTTIME, {604943, 956835720}) = 0
24030 09:44:17 clock_gettime(CLOCK_BOOTTIME, {604943, 956876527}) = 0
24030 09:44:17 select(7, [3 4], [5], NULL, NULL) = 1 (out [5])
24030 09:44:17 clock_gettime(CLOCK_BOOTTIME, {604943, 956963975}) = 0
24030 09:44:17 write(5, "g", 1)         = 1
24030 09:44:17 clock_gettime(CLOCK_BOOTTIME, {604943, 957068204}) = 0
24030 09:44:17 clock_gettime(CLOCK_BOOTTIME, {604943, 957109924}) = 0
24030 09:44:17 select(7, [3 4], [], NULL, NULL) = 1 (in [4])
24030 09:44:17 clock_gettime(CLOCK_BOOTTIME, {604944, 69546621}) = 0
24030 09:44:17 read(4, "\r", 16384)     = 1
24030 09:44:17 clock_gettime(CLOCK_BOOTTIME, {604944, 69643228}) = 0
24030 09:44:17 clock_gettime(CLOCK_BOOTTIME, {604944, 69683909}) = 0
24030 09:44:17 select(7, [3 4], [3], NULL, NULL) = 1 (out [3])
24030 09:44:17 clock_gettime(CLOCK_BOOTTIME, {604944, 69769529}) = 0
24030 09:44:17 write(3, "?\371 k\r+n]\313\277+\253\t\262\376\307\244\222d!\243\222@\206)\324:\350h\356\220\236"..., 40) = 40
24030 09:44:17 clock_gettime(CLOCK_BOOTTIME, {604944, 69861398}) = 0
24030 09:44:17 clock_gettime(CLOCK_BOOTTIME, {604944, 69901973}) = 0
24030 09:44:17 select(7, [3 4], [], NULL, NULL) = 1 (in [3])
24030 09:44:17 clock_gettime(CLOCK_BOOTTIME, {604944, 71760777}) = 0
24030 09:44:17 read(3, "\4\360\301dT|\337\300\260\22\350\0358\313\302\272\367\311\324e#'\265^`-\f\375\3\243\213O"..., 8192) = 40
24030 09:44:17 clock_gettime(CLOCK_BOOTTIME, {604944, 71955064}) = 0
24030 09:44:17 clock_gettime(CLOCK_BOOTTIME, {604944, 72018798}) = 0
24030 09:44:17 select(7, [3 4], [5], NULL, NULL) = 1 (out [5])
24030 09:44:17 clock_gettime(CLOCK_BOOTTIME, {604944, 72108059}) = 0
24030 09:44:17 write(5, "\r\n", 2)      = 2
24030 09:44:17 clock_gettime(CLOCK_BOOTTIME, {604944, 72227259}) = 0
24030 09:44:17 clock_gettime(CLOCK_BOOTTIME, {604944, 72268345}) = 0
24030 09:44:17 select(7, [3 4], [], NULL, NULL) = 1 (in [3])
24030 09:44:17 clock_gettime(CLOCK_BOOTTIME, {604944, 72742738}) = 0
24030 09:44:17 read(3, "\342[pLB@\340}\3066BZ\f\213\2366\251\20\275\326\27\371jG(\2\\]\210\340pS"..., 8192) = 872
24030 09:44:17 clock_gettime(CLOCK_BOOTTIME, {604944, 72840075}) = 0
24030 09:44:17 clock_gettime(CLOCK_BOOTTIME, {604944, 72879140}) = 0
24030 09:44:17 select(7, [3 4], [5], NULL, NULL) = 1 (out [5])
24030 09:44:17 clock_gettime(CLOCK_BOOTTIME, {604944, 72964007}) = 0
24030 09:44:17 write(5, "eth0      Link encap:Ethernet  H"..., 836) = 836
24030 09:44:17 clock_gettime(CLOCK_BOOTTIME, {604944, 73083268}) = 0
24030 09:44:17 clock_gettime(CLOCK_BOOTTIME, {604944, 73124363}) = 0
24030 09:44:17 select(7, [3 4], [], NULL, NULL) = 1 (in [3])
24030 09:44:17 clock_gettime(CLOCK_BOOTTIME, {604944, 77987650}) = 0
24030 09:44:17 read(3, "\226c\307\0231\205e/\356.\240X\271\202\346\245\340n#K\215\212\332K\340\36\306\232?\363\317\220"..., 8192) = 56
24030 09:44:17 clock_gettime(CLOCK_BOOTTIME, {604944, 78089241}) = 0
24030 09:44:17 clock_gettime(CLOCK_BOOTTIME, {604944, 78129824}) = 0
24030 09:44:17 select(7, [3 4], [5], NULL, NULL) = 1 (out [5])
24030 09:44:17 clock_gettime(CLOCK_BOOTTIME, {604944, 78215864}) = 0
24030 09:44:17 write(5, "[root@ali-p2p-h5-1 ~]# ", 23) = 23
24030 09:44:17 clock_gettime(CLOCK_BOOTTIME, {604944, 78325812}) = 0
24030 09:44:17 clock_gettime(CLOCK_BOOTTIME, {604944, 78366007}) = 0
24030 09:44:17 select(7, [3 4], [], NULL, NULL) = 1 (in [4])
24030 09:44:18 clock_gettime(CLOCK_BOOTTIME, {604945, 178777170}) = 0
24030 09:44:18 read(4, "l", 16384)      = 1
24030 09:44:18 clock_gettime(CLOCK_BOOTTIME, {604945, 178915183}) = 0
24030 09:44:18 clock_gettime(CLOCK_BOOTTIME, {604945, 178962803}) = 0
24030 09:44:18 select(7, [3 4], [3], NULL, NULL) = 1 (out [3])
24030 09:44:18 clock_gettime(CLOCK_BOOTTIME, {604945, 179068119}) = 0
24030 09:44:18 write(3, "\316\325\210r\27\5\304'K<\376O\222\375d-\t\227k\322\354\37z\3528\307\5\4O2\200*"..., 40) = 40
24030 09:44:18 clock_gettime(CLOCK_BOOTTIME, {604945, 179166984}) = 0
24030 09:44:18 clock_gettime(CLOCK_BOOTTIME, {604945, 179209141}) = 0
24030 09:44:18 select(7, [3 4], [], NULL, NULL) = 1 (in [3])
24030 09:44:18 clock_gettime(CLOCK_BOOTTIME, {604945, 180999576}) = 0
24030 09:44:18 read(3, "\301\32`\245\322\33\26\375\323\215\233\6\372\3426\344|\263\265R\233(.`\223\213lkqe\20h"..., 8192) = 40
24030 09:44:18 clock_gettime(CLOCK_BOOTTIME, {604945, 181097508}) = 0
24030 09:44:18 clock_gettime(CLOCK_BOOTTIME, {604945, 181139152}) = 0
24030 09:44:18 select(7, [3 4], [5], NULL, NULL) = 1 (out [5])
24030 09:44:18 clock_gettime(CLOCK_BOOTTIME, {604945, 181229336}) = 0
24030 09:44:18 write(5, "l", 1)         = 1
24030 09:44:18 clock_gettime(CLOCK_BOOTTIME, {604945, 181354494}) = 0
24030 09:44:18 clock_gettime(CLOCK_BOOTTIME, {604945, 181418737}) = 0
24030 09:44:18 select(7, [3 4], [], NULL, NULL) = 1 (in [4])
24030 09:44:18 clock_gettime(CLOCK_BOOTTIME, {604945, 395142210}) = 0
24030 09:44:18 read(4, "s", 16384)      = 1
24030 09:44:18 clock_gettime(CLOCK_BOOTTIME, {604945, 395255541}) = 0
24030 09:44:18 clock_gettime(CLOCK_BOOTTIME, {604945, 395297216}) = 0
24030 09:44:18 select(7, [3 4], [3], NULL, NULL) = 1 (out [3])
24030 09:44:18 clock_gettime(CLOCK_BOOTTIME, {604945, 395397584}) = 0
24030 09:44:18 write(3, "f2\6\0319\265\326S=5\2\32\373\257\304\374\225\352\220\353\314i I2\207\337\33\0233Y\212"..., 40) = 40
24030 09:44:18 clock_gettime(CLOCK_BOOTTIME, {604945, 395493031}) = 0
24030 09:44:18 clock_gettime(CLOCK_BOOTTIME, {604945, 395533499}) = 0
24030 09:44:18 select(7, [3 4], [], NULL, NULL) = 1 (in [3])
24030 09:44:18 clock_gettime(CLOCK_BOOTTIME, {604945, 396993317}) = 0
24030 09:44:18 read(3, "\2-9\355\266\3405\365e&\2414\246\\3d\343\3543\233I\334\260\275M\0\22\256\317\243\244\10"..., 8192) = 40
24030 09:44:18 clock_gettime(CLOCK_BOOTTIME, {604945, 397095642}) = 0
24030 09:44:18 clock_gettime(CLOCK_BOOTTIME, {604945, 397135626}) = 0
24030 09:44:18 select(7, [3 4], [5], NULL, NULL) = 1 (out [5])
24030 09:44:18 clock_gettime(CLOCK_BOOTTIME, {604945, 397222565}) = 0
24030 09:44:18 write(5, "s", 1)         = 1
24030 09:44:18 clock_gettime(CLOCK_BOOTTIME, {604945, 397342069}) = 0
24030 09:44:18 clock_gettime(CLOCK_BOOTTIME, {604945, 397392253}) = 0
24030 09:44:18 select(7, [3 4], [], NULL, NULL) = 1 (in [4])
24030 09:44:18 clock_gettime(CLOCK_BOOTTIME, {604945, 475305634}) = 0
24030 09:44:18 read(4, "d", 16384)      = 1
24030 09:44:18 clock_gettime(CLOCK_BOOTTIME, {604945, 475417712}) = 0
24030 09:44:18 clock_gettime(CLOCK_BOOTTIME, {604945, 475459574}) = 0
24030 09:44:18 select(7, [3 4], [3], NULL, NULL) = 1 (out [3])
24030 09:44:18 clock_gettime(CLOCK_BOOTTIME, {604945, 475545837}) = 0
24030 09:44:18 write(3, "(\345\272\354Q\272\265\266u\237\350>\3364\231\220J\233\0365\313\272\360\1\350{\364\216\373\271v\t"..., 40) = 40
24030 09:44:18 clock_gettime(CLOCK_BOOTTIME, {604945, 475645008}) = 0
24030 09:44:18 clock_gettime(CLOCK_BOOTTIME, {604945, 475683589}) = 0
24030 09:44:18 select(7, [3 4], [], NULL, NULL) = 1 (in [3])
24030 09:44:18 clock_gettime(CLOCK_BOOTTIME, {604945, 477996479}) = 0
24030 09:44:18 read(3, "d\253\21\263\30`\21G\327e\275\301[\311\217\222\256\333\1E\214M\n\201\237\26\234U\371\202\210a"..., 8192) = 40
24030 09:44:18 clock_gettime(CLOCK_BOOTTIME, {604945, 478089725}) = 0
24030 09:44:18 clock_gettime(CLOCK_BOOTTIME, {604945, 478129463}) = 0
24030 09:44:18 select(7, [3 4], [5], NULL, NULL) = 1 (out [5])
24030 09:44:18 clock_gettime(CLOCK_BOOTTIME, {604945, 478213717}) = 0
24030 09:44:18 write(5, "d", 1)         = 1
24030 09:44:18 clock_gettime(CLOCK_BOOTTIME, {604945, 478325247}) = 0
24030 09:44:18 clock_gettime(CLOCK_BOOTTIME, {604945, 478371768}) = 0
24030 09:44:18 select(7, [3 4], [], NULL, NULL) = 1 (in [4])
24030 09:44:18 clock_gettime(CLOCK_BOOTTIME, {604945, 502602309}) = 0
24030 09:44:18 read(4, "a", 16384)      = 1
24030 09:44:18 clock_gettime(CLOCK_BOOTTIME, {604945, 502697287}) = 0
24030 09:44:18 clock_gettime(CLOCK_BOOTTIME, {604945, 502736732}) = 0
24030 09:44:18 select(7, [3 4], [3], NULL, NULL) = 1 (out [3])
24030 09:44:18 clock_gettime(CLOCK_BOOTTIME, {604945, 502819030}) = 0
24030 09:44:18 write(3, "{\313\316h\357\301\237\346\21\335\276\245nO1,[\301\314\321\331\237{\"\200\r\356}P\340)~"..., 40) = 40
24030 09:44:18 clock_gettime(CLOCK_BOOTTIME, {604945, 502906648}) = 0
24030 09:44:18 clock_gettime(CLOCK_BOOTTIME, {604945, 502944948}) = 0
24030 09:44:18 select(7, [3 4], [], NULL, NULL) = 1 (in [3])
24030 09:44:18 clock_gettime(CLOCK_BOOTTIME, {604945, 504988524}) = 0
24030 09:44:18 read(3, "I:\t\330V\23G\223m^\363\212P\274\371\315O\263;p\255\354;\217\307\337\f\261B\222\210\311"..., 8192) = 40
24030 09:44:18 clock_gettime(CLOCK_BOOTTIME, {604945, 505083348}) = 0
24030 09:44:18 clock_gettime(CLOCK_BOOTTIME, {604945, 505122608}) = 0
24030 09:44:18 select(7, [3 4], [5], NULL, NULL) = 1 (out [5])
24030 09:44:18 clock_gettime(CLOCK_BOOTTIME, {604945, 505207526}) = 0
24030 09:44:18 write(5, "a", 1)         = 1
24030 09:44:18 clock_gettime(CLOCK_BOOTTIME, {604945, 505314516}) = 0
24030 09:44:18 clock_gettime(CLOCK_BOOTTIME, {604945, 505353568}) = 0
24030 09:44:18 select(7, [3 4], [], NULL, NULL) = 1 (in [4])
24030 09:44:18 clock_gettime(CLOCK_BOOTTIME, {604945, 580832580}) = 0
24030 09:44:18 read(4, "f", 16384)      = 1
24030 09:44:18 clock_gettime(CLOCK_BOOTTIME, {604945, 580951246}) = 0
24030 09:44:18 clock_gettime(CLOCK_BOOTTIME, {604945, 580990998}) = 0
24030 09:44:18 select(7, [3 4], [3], NULL, NULL) = 1 (out [3])
24030 09:44:18 clock_gettime(CLOCK_BOOTTIME, {604945, 581086151}) = 0
24030 09:44:18 write(3, "\206\25W\225\332\342\320,\224ACy\300?\242\204\246T\206{\245\375\202U \230\\\337\253\214S\362"..., 40) = 40
24030 09:44:18 clock_gettime(CLOCK_BOOTTIME, {604945, 581175242}) = 0
24030 09:44:18 clock_gettime(CLOCK_BOOTTIME, {604945, 581214353}) = 0
24030 09:44:18 select(7, [3 4], [], NULL, NULL) = 1 (in [3])
24030 09:44:18 clock_gettime(CLOCK_BOOTTIME, {604945, 582998261}) = 0
24030 09:44:18 read(3, "\232N4[\"\2470Z\3:\372wuE\222\24\337+c\25\247\322\230\221>)\205\216f\311K\333"..., 8192) = 40
24030 09:44:18 clock_gettime(CLOCK_BOOTTIME, {604945, 583089648}) = 0
24030 09:44:18 clock_gettime(CLOCK_BOOTTIME, {604945, 583129005}) = 0
24030 09:44:18 select(7, [3 4], [5], NULL, NULL) = 1 (out [5])
24030 09:44:18 clock_gettime(CLOCK_BOOTTIME, {604945, 583213501}) = 0
24030 09:44:18 write(5, "f", 1)         = 1
24030 09:44:18 clock_gettime(CLOCK_BOOTTIME, {604945, 583319796}) = 0
24030 09:44:18 clock_gettime(CLOCK_BOOTTIME, {604945, 583359984}) = 0
24030 09:44:18 select(7, [3 4], [], NULL, NULL) = 1 (in [4])
24030 09:44:19 clock_gettime(CLOCK_BOOTTIME, {604945, 739244173}) = 0
24030 09:44:19 read(4, "a", 16384)      = 1
24030 09:44:19 clock_gettime(CLOCK_BOOTTIME, {604945, 739358631}) = 0
24030 09:44:19 clock_gettime(CLOCK_BOOTTIME, {604945, 739410079}) = 0
24030 09:44:19 select(7, [3 4], [3], NULL, NULL) = 1 (out [3])
24030 09:44:19 clock_gettime(CLOCK_BOOTTIME, {604945, 739500001}) = 0
24030 09:44:19 write(3, "\251Z\234\7\235<U\253\266\230\2g\240\232\340\342c\v\255\225G;^\371\256\374b\252\20750Q"..., 40) = 40
24030 09:44:19 clock_gettime(CLOCK_BOOTTIME, {604945, 739601140}) = 0
24030 09:44:19 clock_gettime(CLOCK_BOOTTIME, {604945, 739643454}) = 0
24030 09:44:19 select(7, [3 4], [], NULL, NULL) = 1 (in [3])
24030 09:44:19 clock_gettime(CLOCK_BOOTTIME, {604945, 742028226}) = 0
24030 09:44:19 read(3, "[J\314g'\236yi\231\362of\213\341\323\312\336\355e\343\324\226\330.\33\214B&\351!0Y"..., 8192) = 40
24030 09:44:19 clock_gettime(CLOCK_BOOTTIME, {604945, 742124885}) = 0
24030 09:44:19 clock_gettime(CLOCK_BOOTTIME, {604945, 742166792}) = 0
24030 09:44:19 select(7, [3 4], [5], NULL, NULL) = 1 (out [5])
24030 09:44:19 clock_gettime(CLOCK_BOOTTIME, {604945, 742266274}) = 0
24030 09:44:19 write(5, "a", 1)         = 1
24030 09:44:19 clock_gettime(CLOCK_BOOTTIME, {604945, 742390294}) = 0
24030 09:44:19 clock_gettime(CLOCK_BOOTTIME, {604945, 742432312}) = 0
24030 09:44:19 select(7, [3 4], [], NULL, NULL) = 1 (in [4])
24030 09:44:19 clock_gettime(CLOCK_BOOTTIME, {604945, 765503337}) = 0
24030 09:44:19 read(4, "s", 16384)      = 1
24030 09:44:19 clock_gettime(CLOCK_BOOTTIME, {604945, 765607506}) = 0
24030 09:44:19 clock_gettime(CLOCK_BOOTTIME, {604945, 765648738}) = 0
24030 09:44:19 select(7, [3 4], [3], NULL, NULL) = 1 (out [3])
24030 09:44:19 clock_gettime(CLOCK_BOOTTIME, {604945, 765736259}) = 0
24030 09:44:19 write(3, "p=k\235\324?\337\270\231\177~\353\273\204@\33\335U\305t\357\205-G\32M.\221ii=x"..., 40) = 40
24030 09:44:19 clock_gettime(CLOCK_BOOTTIME, {604945, 765828977}) = 0
24030 09:44:19 clock_gettime(CLOCK_BOOTTIME, {604945, 765869722}) = 0
24030 09:44:19 select(7, [3 4], [], NULL, NULL) = 1 (in [3])
24030 09:44:19 clock_gettime(CLOCK_BOOTTIME, {604945, 767984635}) = 0
24030 09:44:19 read(3, ")\200\273\233\273J\357\211\321\263E\327V\255\275N+\257\2465[\237\335+\16\2202v\203\30E\302"..., 8192) = 40
24030 09:44:19 clock_gettime(CLOCK_BOOTTIME, {604945, 768085239}) = 0
24030 09:44:19 clock_gettime(CLOCK_BOOTTIME, {604945, 768126773}) = 0
24030 09:44:19 select(7, [3 4], [5], NULL, NULL) = 1 (out [5])
24030 09:44:19 clock_gettime(CLOCK_BOOTTIME, {604945, 768216505}) = 0
24030 09:44:19 write(5, "s", 1)         = 1
24030 09:44:19 clock_gettime(CLOCK_BOOTTIME, {604945, 768329871}) = 0
24030 09:44:19 clock_gettime(CLOCK_BOOTTIME, {604945, 768371806}) = 0
24030 09:44:19 select(7, [3 4], [], NULL, NULL) = 1 (in [4])
24030 09:44:19 clock_gettime(CLOCK_BOOTTIME, {604945, 819316205}) = 0
24030 09:44:19 read(4, "d", 16384)      = 1
24030 09:44:19 clock_gettime(CLOCK_BOOTTIME, {604945, 819430891}) = 0
24030 09:44:19 clock_gettime(CLOCK_BOOTTIME, {604945, 819471683}) = 0
24030 09:44:19 select(7, [3 4], [3], NULL, NULL) = 1 (out [3])
24030 09:44:19 clock_gettime(CLOCK_BOOTTIME, {604945, 819559066}) = 0
24030 09:44:19 write(3, "2I\252p\255\270\270\327\251F-\33}\276\34H\26\371\201\336\177M\335\34\227:^|\222Ee\242"..., 40) = 40
24030 09:44:19 clock_gettime(CLOCK_BOOTTIME, {604945, 819651095}) = 0
24030 09:44:19 clock_gettime(CLOCK_BOOTTIME, {604945, 819692215}) = 0
24030 09:44:19 select(7, [3 4], [], NULL, NULL) = 1 (in [3])
24030 09:44:19 clock_gettime(CLOCK_BOOTTIME, {604945, 828057658}) = 0
24030 09:44:19 read(3, "\250>\320%\30\210\20l\267\fn*\323\20<!\4\354\255#\205\32\200;Z\37{\234\337\265\305d"..., 8192) = 40
24030 09:44:19 clock_gettime(CLOCK_BOOTTIME, {604945, 828154245}) = 0
24030 09:44:19 clock_gettime(CLOCK_BOOTTIME, {604945, 828195766}) = 0
24030 09:44:19 select(7, [3 4], [5], NULL, NULL) = 1 (out [5])
24030 09:44:19 clock_gettime(CLOCK_BOOTTIME, {604945, 828283718}) = 0
24030 09:44:19 write(5, "d", 1)         = 1
24030 09:44:19 clock_gettime(CLOCK_BOOTTIME, {604945, 828400714}) = 0
24030 09:44:19 clock_gettime(CLOCK_BOOTTIME, {604945, 828442268}) = 0
24030 09:44:19 select(7, [3 4], [], NULL, NULL) = 1 (in [4])
24030 09:44:19 clock_gettime(CLOCK_BOOTTIME, {604945, 963464265}) = 0
24030 09:44:19 read(4, "\r", 16384)     = 1
24030 09:44:19 clock_gettime(CLOCK_BOOTTIME, {604945, 963562730}) = 0
24030 09:44:19 clock_gettime(CLOCK_BOOTTIME, {604945, 963603883}) = 0
24030 09:44:19 select(7, [3 4], [3], NULL, NULL) = 1 (out [3])
24030 09:44:19 clock_gettime(CLOCK_BOOTTIME, {604945, 963699057}) = 0
24030 09:44:19 write(3, "Q;\5\273\343\330\221\214\210\f*\315\312}&B\377\357\216td\312Y\326\251\337V\225'\26\210\16"..., 40) = 40
24030 09:44:19 clock_gettime(CLOCK_BOOTTIME, {604945, 963793311}) = 0
24030 09:44:19 clock_gettime(CLOCK_BOOTTIME, {604945, 963834551}) = 0
24030 09:44:19 select(7, [3 4], [], NULL, NULL) = 1 (in [3])
24030 09:44:19 clock_gettime(CLOCK_BOOTTIME, {604945, 966027531}) = 0
24030 09:44:19 read(3, "\f\331\332\0279\366\227\214C\r\267\207\22\256\305\273,\231I\204\0\200\251\227+\276\v\266\214Nr\217"..., 8192) = 72
24030 09:44:19 clock_gettime(CLOCK_BOOTTIME, {604945, 966126707}) = 0
24030 09:44:19 clock_gettime(CLOCK_BOOTTIME, {604945, 966170112}) = 0
24030 09:44:19 select(7, [3 4], [5], NULL, NULL) = 1 (out [5])
24030 09:44:19 clock_gettime(CLOCK_BOOTTIME, {604945, 966258565}) = 0
24030 09:44:19 write(5, "\r\n-bash: lsdafasd: command not f"..., 38) = 38
24030 09:44:19 clock_gettime(CLOCK_BOOTTIME, {604945, 966373461}) = 0
24030 09:44:19 clock_gettime(CLOCK_BOOTTIME, {604945, 966423557}) = 0
24030 09:44:19 select(7, [3 4], [], NULL, NULL) = 1 (in [3])
24030 09:44:19 clock_gettime(CLOCK_BOOTTIME, {604945, 971743209}) = 0
24030 09:44:19 read(3, "w\351\353\216\233W1K\6\326\366=N\373\231\342\177\273K\34\35y\313a\2:\227E\347\306{j"..., 8192) = 56
24030 09:44:19 clock_gettime(CLOCK_BOOTTIME, {604945, 971839932}) = 0
24030 09:44:19 clock_gettime(CLOCK_BOOTTIME, {604945, 971880828}) = 0
24030 09:44:19 select(7, [3 4], [5], NULL, NULL) = 1 (out [5])
24030 09:44:19 clock_gettime(CLOCK_BOOTTIME, {604945, 971969055}) = 0
24030 09:44:19 write(5, "[root@ali-p2p-h5-1 ~]# ", 23) = 23
24030 09:44:19 clock_gettime(CLOCK_BOOTTIME, {604945, 972094108}) = 0
24030 09:44:19 clock_gettime(CLOCK_BOOTTIME, {604945, 972136599}) = 0
24030 09:44:19 select(7, [3 4], [], NULL, NULL) = 1 (in [4])
24030 09:44:19 clock_gettime(CLOCK_BOOTTIME, {604946, 458455741}) = 0
24030 09:44:19 read(4, "l", 16384)      = 1
24030 09:44:19 clock_gettime(CLOCK_BOOTTIME, {604946, 458571139}) = 0
24030 09:44:19 clock_gettime(CLOCK_BOOTTIME, {604946, 458613232}) = 0
24030 09:44:19 select(7, [3 4], [3], NULL, NULL) = 1 (out [3])
24030 09:44:19 clock_gettime(CLOCK_BOOTTIME, {604946, 458704274}) = 0
24030 09:44:19 write(3, "\26\346\10`\246+\216\254\241\365\3018\247\217N\335\7\277+\240\316%y\331m\275\222[/\307\255\330"..., 40) = 40
24030 09:44:19 clock_gettime(CLOCK_BOOTTIME, {604946, 458803685}) = 0
24030 09:44:19 clock_gettime(CLOCK_BOOTTIME, {604946, 458844918}) = 0
24030 09:44:19 select(7, [3 4], [], NULL, NULL) = 1 (in [3])
24030 09:44:19 clock_gettime(CLOCK_BOOTTIME, {604946, 460894556}) = 0
24030 09:44:19 read(3, "\20\327v,\355x&V\247e\352\350k5\33B\267\320\351\347\222\234\363\240Z\373\211:\337!\301a"..., 8192) = 40
24030 09:44:19 clock_gettime(CLOCK_BOOTTIME, {604946, 460987165}) = 0
24030 09:44:19 clock_gettime(CLOCK_BOOTTIME, {604946, 461040393}) = 0
24030 09:44:19 select(7, [3 4], [5], NULL, NULL) = 1 (out [5])
24030 09:44:19 clock_gettime(CLOCK_BOOTTIME, {604946, 461131889}) = 0
24030 09:44:19 write(5, "l", 1)         = 1
24030 09:44:19 clock_gettime(CLOCK_BOOTTIME, {604946, 461255260}) = 0
24030 09:44:19 clock_gettime(CLOCK_BOOTTIME, {604946, 461297216}) = 0
24030 09:44:19 select(7, [3 4], [], NULL, NULL) = 1 (in [4])
24030 09:44:19 clock_gettime(CLOCK_BOOTTIME, {604946, 603135699}) = 0
24030 09:44:19 read(4, "s", 16384)      = 1
24030 09:44:19 clock_gettime(CLOCK_BOOTTIME, {604946, 603242622}) = 0
24030 09:44:19 clock_gettime(CLOCK_BOOTTIME, {604946, 603284095}) = 0
24030 09:44:19 select(7, [3 4], [3], NULL, NULL) = 1 (out [3])
24030 09:44:19 clock_gettime(CLOCK_BOOTTIME, {604946, 603372696}) = 0
24030 09:44:19 write(3, "\33\312\216\371\210!A\231\250\247*ku!\221\352k\241\327\372D\246!\257\233\367\201B6\264\267@"..., 40) = 40
24030 09:44:19 clock_gettime(CLOCK_BOOTTIME, {604946, 603479701}) = 0
24030 09:44:19 clock_gettime(CLOCK_BOOTTIME, {604946, 603520013}) = 0
24030 09:44:19 select(7, [3 4], [], NULL, NULL) = 1 (in [3])
24030 09:44:19 clock_gettime(CLOCK_BOOTTIME, {604946, 604753472}) = 0
24030 09:44:19 read(3, "\312\"\336x\177\223\10\337mi\t\224\377m\203Z\23\303\2141\332\247\260?\"f\336\316O\300\356N"..., 8192) = 40
24030 09:44:19 clock_gettime(CLOCK_BOOTTIME, {604946, 604845626}) = 0
24030 09:44:19 clock_gettime(CLOCK_BOOTTIME, {604946, 604887238}) = 0
24030 09:44:19 select(7, [3 4], [5], NULL, NULL) = 1 (out [5])
24030 09:44:19 clock_gettime(CLOCK_BOOTTIME, {604946, 604975091}) = 0
24030 09:44:19 write(5, "s", 1)         = 1
24030 09:44:19 clock_gettime(CLOCK_BOOTTIME, {604946, 605105304}) = 0
24030 09:44:19 clock_gettime(CLOCK_BOOTTIME, {604946, 605147768}) = 0
24030 09:44:19 select(7, [3 4], [], NULL, NULL) = 1 (in [4])
24030 09:44:20 clock_gettime(CLOCK_BOOTTIME, {604946, 764313419}) = 0
24030 09:44:20 read(4, "\r", 16384)     = 1
24030 09:44:20 clock_gettime(CLOCK_BOOTTIME, {604946, 764443728}) = 0
24030 09:44:20 clock_gettime(CLOCK_BOOTTIME, {604946, 764486871}) = 0
24030 09:44:20 select(7, [3 4], [3], NULL, NULL) = 1 (out [3])
24030 09:44:20 clock_gettime(CLOCK_BOOTTIME, {604946, 764578116}) = 0
24030 09:44:20 write(3, "\27\24\251\vF\334ks\37\322\222\331O\217\25\3241Z\343n\347K\372\304\202eY\323F\375=\351"..., 40) = 40
24030 09:44:20 clock_gettime(CLOCK_BOOTTIME, {604946, 764678031}) = 0
24030 09:44:20 clock_gettime(CLOCK_BOOTTIME, {604946, 764718584}) = 0
24030 09:44:20 select(7, [3 4], [], NULL, NULL) = 1 (in [3])
24030 09:44:20 clock_gettime(CLOCK_BOOTTIME, {604946, 766776736}) = 0
24030 09:44:20 read(3, "\245\3425X\26y\306k) \310\302\263\223\222\336\16\200\270\320F\205\35\347[W\345\231d\331\34\f"..., 8192) = 40
24030 09:44:20 clock_gettime(CLOCK_BOOTTIME, {604946, 766873954}) = 0
24030 09:44:20 clock_gettime(CLOCK_BOOTTIME, {604946, 766914807}) = 0
24030 09:44:20 select(7, [3 4], [5], NULL, NULL) = 1 (out [5])
24030 09:44:20 clock_gettime(CLOCK_BOOTTIME, {604946, 767005928}) = 0
24030 09:44:20 write(5, "\r\n", 2)      = 2
24030 09:44:20 clock_gettime(CLOCK_BOOTTIME, {604946, 767129577}) = 0
24030 09:44:20 clock_gettime(CLOCK_BOOTTIME, {604946, 767172816}) = 0
24030 09:44:20 select(7, [3 4], [], NULL, NULL) = 1 (in [3])
24030 09:44:20 clock_gettime(CLOCK_BOOTTIME, {604946, 784062449}) = 0
24030 09:44:20 read(3, "\323\351\206S\376\300\263 \363\273\347f\236J\324\202\254\206\312\24\362]\273\306!\257\365c\231\203\35\232"..., 8192) = 184
24030 09:44:20 clock_gettime(CLOCK_BOOTTIME, {604946, 784167691}) = 0
24030 09:44:20 clock_gettime(CLOCK_BOOTTIME, {604946, 784208822}) = 0
24030 09:44:20 select(7, [3 4], [5], NULL, NULL) = 1 (out [5])
24030 09:44:20 clock_gettime(CLOCK_BOOTTIME, {604946, 784299297}) = 0
24030 09:44:20 write(5, "\33[0m\33[01;31matomic-release-1.0-2"..., 158) = 158
24030 09:44:20 clock_gettime(CLOCK_BOOTTIME, {604946, 784418165}) = 0
24030 09:44:20 clock_gettime(CLOCK_BOOTTIME, {604946, 784459701}) = 0
24030 09:44:20 select(7, [3 4], [], NULL, NULL) = 1 (in [3])
24030 09:44:20 clock_gettime(CLOCK_BOOTTIME, {604946, 788756893}) = 0
24030 09:44:20 read(3, "c5\362b\2\350,n\301Y\2A\35\375z\260\25\261\344\203a\216\35\313\0\nyj\216\177,n"..., 8192) = 56
24030 09:44:20 clock_gettime(CLOCK_BOOTTIME, {604946, 788850943}) = 0
24030 09:44:20 clock_gettime(CLOCK_BOOTTIME, {604946, 788891719}) = 0
24030 09:44:20 select(7, [3 4], [5], NULL, NULL) = 1 (out [5])
24030 09:44:20 clock_gettime(CLOCK_BOOTTIME, {604946, 788979299}) = 0
24030 09:44:20 write(5, "[root@ali-p2p-h5-1 ~]# ", 23) = 23
24030 09:44:20 clock_gettime(CLOCK_BOOTTIME, {604946, 789092961}) = 0
24030 09:44:20 clock_gettime(CLOCK_BOOTTIME, {604946, 789134753}) = 0
24030 09:44:20 select(7, [3 4], [], NULL, NULL) = 1 (in [4])
24030 09:44:21 clock_gettime(CLOCK_BOOTTIME, {604948, 76266779}) = 0
24030 09:44:21 read(4, "e", 16384)      = 1
24030 09:44:21 clock_gettime(CLOCK_BOOTTIME, {604948, 76390093}) = 0
24030 09:44:21 clock_gettime(CLOCK_BOOTTIME, {604948, 76432134}) = 0
24030 09:44:21 select(7, [3 4], [3], NULL, NULL) = 1 (out [3])
24030 09:44:21 clock_gettime(CLOCK_BOOTTIME, {604948, 76518544}) = 0
24030 09:44:21 write(3, "\350\220\321a\276\3620\341m\25\252\346F\362\30539\257\\\336(\3\355\17$\30\354\1\312\\_U"..., 40) = 40
24030 09:44:21 clock_gettime(CLOCK_BOOTTIME, {604948, 76635849}) = 0
24030 09:44:21 clock_gettime(CLOCK_BOOTTIME, {604948, 76677877}) = 0
24030 09:44:21 select(7, [3 4], [], NULL, NULL) = 1 (in [3])
24030 09:44:21 clock_gettime(CLOCK_BOOTTIME, {604948, 78745962}) = 0
24030 09:44:21 read(3, ")o}\210\253\316\330\35(0WC\250\366&dP\32\237\37F\352I\252\32T\2132\2220!\341"..., 8192) = 40
24030 09:44:21 clock_gettime(CLOCK_BOOTTIME, {604948, 78837048}) = 0
24030 09:44:21 clock_gettime(CLOCK_BOOTTIME, {604948, 78878554}) = 0
24030 09:44:21 select(7, [3 4], [5], NULL, NULL) = 1 (out [5])
24030 09:44:21 clock_gettime(CLOCK_BOOTTIME, {604948, 78981928}) = 0
24030 09:44:21 write(5, "e", 1)         = 1
24030 09:44:21 clock_gettime(CLOCK_BOOTTIME, {604948, 79118028}) = 0
24030 09:44:21 clock_gettime(CLOCK_BOOTTIME, {604948, 79161965}) = 0
24030 09:44:21 select(7, [3 4], [], NULL, NULL) = 1 (in [4])
24030 09:44:21 clock_gettime(CLOCK_BOOTTIME, {604948, 379215557}) = 0
24030 09:44:21 read(4, "x", 16384)      = 1
24030 09:44:21 clock_gettime(CLOCK_BOOTTIME, {604948, 379327898}) = 0
24030 09:44:21 clock_gettime(CLOCK_BOOTTIME, {604948, 379371581}) = 0
24030 09:44:21 select(7, [3 4], [3], NULL, NULL) = 1 (out [3])
24030 09:44:21 clock_gettime(CLOCK_BOOTTIME, {604948, 379470953}) = 0
24030 09:44:21 write(3, ">\202\302\32\370\30\200\343\275\4\345\361\266\205\3\26\7\203\303\1\2414\313\344\vF\16\235y\352\350\345"..., 40) = 40
24030 09:44:21 clock_gettime(CLOCK_BOOTTIME, {604948, 379567569}) = 0
24030 09:44:21 clock_gettime(CLOCK_BOOTTIME, {604948, 379609288}) = 0
24030 09:44:21 select(7, [3 4], [], NULL, NULL) = 1 (in [3])
24030 09:44:21 clock_gettime(CLOCK_BOOTTIME, {604948, 380750053}) = 0
24030 09:44:21 read(3, "\230\347c\216Vz\374w{'\0o\367\210\2011\202=\323v\10\341\0\251\351\305\276O\1\323P\214"..., 8192) = 40
24030 09:44:21 clock_gettime(CLOCK_BOOTTIME, {604948, 380841743}) = 0
24030 09:44:21 clock_gettime(CLOCK_BOOTTIME, {604948, 380883074}) = 0
24030 09:44:21 select(7, [3 4], [5], NULL, NULL) = 1 (out [5])
24030 09:44:21 clock_gettime(CLOCK_BOOTTIME, {604948, 380971535}) = 0
24030 09:44:21 write(5, "x", 1)         = 1
24030 09:44:21 clock_gettime(CLOCK_BOOTTIME, {604948, 381107436}) = 0
24030 09:44:21 clock_gettime(CLOCK_BOOTTIME, {604948, 381149974}) = 0
24030 09:44:21 select(7, [3 4], [], NULL, NULL) = 1 (in [4])
24030 09:44:22 clock_gettime(CLOCK_BOOTTIME, {604948, 674788020}) = 0
24030 09:44:22 read(4, "i", 16384)      = 1
24030 09:44:22 clock_gettime(CLOCK_BOOTTIME, {604948, 674891454}) = 0
24030 09:44:22 clock_gettime(CLOCK_BOOTTIME, {604948, 674933111}) = 0
24030 09:44:22 select(7, [3 4], [3], NULL, NULL) = 1 (out [3])
24030 09:44:22 clock_gettime(CLOCK_BOOTTIME, {604948, 675045134}) = 0
24030 09:44:22 write(3, "\2|\371s\3401[\r~\262\204\25\357\252\300\332\30\\QqF#\332\307\306\322\210\372\35\237+\247"..., 40) = 40
24030 09:44:22 clock_gettime(CLOCK_BOOTTIME, {604948, 675148223}) = 0
24030 09:44:22 clock_gettime(CLOCK_BOOTTIME, {604948, 675189795}) = 0
24030 09:44:22 select(7, [3 4], [], NULL, NULL) = 1 (in [3])
24030 09:44:22 clock_gettime(CLOCK_BOOTTIME, {604948, 676745301}) = 0
24030 09:44:22 read(3, "\317a\27\354\312\215]\232\231\236ua\f;\243M\331\325\224M|\25\236r`\214o\205\305p)\260"..., 8192) = 40
24030 09:44:22 clock_gettime(CLOCK_BOOTTIME, {604948, 676836317}) = 0
24030 09:44:22 clock_gettime(CLOCK_BOOTTIME, {604948, 676877275}) = 0
24030 09:44:22 select(7, [3 4], [5], NULL, NULL) = 1 (out [5])
24030 09:44:22 clock_gettime(CLOCK_BOOTTIME, {604948, 676965037}) = 0
24030 09:44:22 write(5, "i", 1)         = 1
24030 09:44:22 clock_gettime(CLOCK_BOOTTIME, {604948, 677081131}) = 0
24030 09:44:22 clock_gettime(CLOCK_BOOTTIME, {604948, 677124138}) = 0
24030 09:44:22 select(7, [3 4], [], NULL, NULL) = 1 (in [4])
24030 09:44:22 clock_gettime(CLOCK_BOOTTIME, {604948, 765703414}) = 0
24030 09:44:22 read(4, "t", 16384)      = 1
24030 09:44:22 clock_gettime(CLOCK_BOOTTIME, {604948, 765817252}) = 0
24030 09:44:22 clock_gettime(CLOCK_BOOTTIME, {604948, 765859667}) = 0
24030 09:44:22 select(7, [3 4], [3], NULL, NULL) = 1 (out [3])
24030 09:44:22 clock_gettime(CLOCK_BOOTTIME, {604948, 765950650}) = 0
24030 09:44:22 write(3, "P\301\273\6\235\252i\273\350)\220\0\305\\\221\16\331\353\257{8= \n\36\203\245f(ve\265"..., 40) = 40
24030 09:44:22 clock_gettime(CLOCK_BOOTTIME, {604948, 766064526}) = 0
24030 09:44:22 clock_gettime(CLOCK_BOOTTIME, {604948, 766105718}) = 0
24030 09:44:22 select(7, [3 4], [], NULL, NULL) = 1 (in [3])
24030 09:44:22 clock_gettime(CLOCK_BOOTTIME, {604948, 767755589}) = 0
24030 09:44:22 read(3, "q\336\302\315/L\206]\240\234\354`\241\354\364:Y\37\375pC4fG\26h\220\343\272\357\265z"..., 8192) = 40
24030 09:44:22 clock_gettime(CLOCK_BOOTTIME, {604948, 767855728}) = 0
24030 09:44:22 clock_gettime(CLOCK_BOOTTIME, {604948, 767897461}) = 0
24030 09:44:22 select(7, [3 4], [5], NULL, NULL) = 1 (out [5])
24030 09:44:22 clock_gettime(CLOCK_BOOTTIME, {604948, 767986796}) = 0
24030 09:44:22 write(5, "t", 1)         = 1
24030 09:44:22 clock_gettime(CLOCK_BOOTTIME, {604948, 768102387}) = 0
24030 09:44:22 clock_gettime(CLOCK_BOOTTIME, {604948, 768145361}) = 0
24030 09:44:22 select(7, [3 4], [], NULL, NULL) = 1 (in [4])
24030 09:44:22 clock_gettime(CLOCK_BOOTTIME, {604949, 34875119}) = 0
24030 09:44:22 read(4, "\r", 16384)     = 1
24030 09:44:22 clock_gettime(CLOCK_BOOTTIME, {604949, 36187640}) = 0
24030 09:44:22 clock_gettime(CLOCK_BOOTTIME, {604949, 36229419}) = 0
24030 09:44:22 select(7, [3 4], [3], NULL, NULL) = 1 (out [3])
24030 09:44:22 clock_gettime(CLOCK_BOOTTIME, {604949, 36287537}) = 0
24030 09:44:22 write(3, "\243\31\270\205\274\232\202P\tB\237\337b\2142\3348\202\3734&\367\331\37\264\351\222\300\223,\250:"..., 40) = 40
24030 09:44:22 clock_gettime(CLOCK_BOOTTIME, {604949, 36356544}) = 0
24030 09:44:22 clock_gettime(CLOCK_BOOTTIME, {604949, 36389072}) = 0
24030 09:44:22 select(7, [3 4], [], NULL, NULL) = 1 (in [3])
24030 09:44:22 clock_gettime(CLOCK_BOOTTIME, {604949, 40499616}) = 0
24030 09:44:22 read(3, "\3\232h\341\202\324\26\"#q\305\265\331,L\267\1\177\312\255R\311\211O\317$\243N\344u\305\227"..., 8192) = 40
24030 09:44:22 clock_gettime(CLOCK_BOOTTIME, {604949, 40556499}) = 0
24030 09:44:22 clock_gettime(CLOCK_BOOTTIME, {604949, 40578238}) = 0
24030 09:44:22 select(7, [3 4], [5], NULL, NULL) = 1 (out [5])
24030 09:44:22 clock_gettime(CLOCK_BOOTTIME, {604949, 40629283}) = 0
24030 09:44:22 write(5, "\r\nlogout\r\n", 10) = 10
24030 09:44:22 clock_gettime(CLOCK_BOOTTIME, {604949, 40716048}) = 0
24030 09:44:22 clock_gettime(CLOCK_BOOTTIME, {604949, 40738222}) = 0
24030 09:44:22 select(7, [3 4], [], NULL, NULL) = 1 (in [3])
24030 09:44:22 clock_gettime(CLOCK_BOOTTIME, {604949, 44166813}) = 0
24030 09:44:22 read(3, "\362\332\351\375\3rY\332Vt\216\312\344\231\355MGm\177\346\2162\\\311\303\314\330D\35\304r/"..., 8192) = 160
24030 09:44:22 close(5)                 = 0
24030 09:44:22 close(4)                 = 0
24030 09:44:22 clock_gettime(CLOCK_BOOTTIME, {604949, 44352458}) = 0
24030 09:44:22 clock_gettime(CLOCK_BOOTTIME, {604949, 44399549}) = 0
24030 09:44:22 ioctl(0, SNDCTL_TMR_STOP or TCSETSW, {B38400 opost isig icanon echo ...}) = 0
24030 09:44:22 close(6)                 = 0
24030 09:44:22 select(7, [3], [3], NULL, NULL) = 1 (out [3])
24030 09:44:22 clock_gettime(CLOCK_BOOTTIME, {604949, 44588907}) = 0
24030 09:44:22 write(3, "\243\7\3368\376\274\31\vF\313\16$K\350\307\361,GV\266\34\t\200P", 24) = 24
24030 09:44:22 rt_sigaction(SIGWINCH, NULL, {0x55e8b7be5c80, [], SA_RESTORER, 0x7f099e575270}, 8) = 0
24030 09:44:22 rt_sigaction(SIGWINCH, {SIG_DFL, [], SA_RESTORER, 0x7f099e575270}, NULL, 8) = 0
24030 09:44:22 write(3, "\260\350\255@\36\227\354Dy\212\0228\234d\"\306\336\252\223\313\27[\261k8]\273\224\1N!Q"..., 56) = 56
24030 09:44:22 ioctl(0, TCGETS, {B38400 opost isig icanon echo ...}) = 0
24030 09:44:22 ioctl(1, TCGETS, {B38400 opost isig icanon echo ...}) = 0
24030 09:44:22 ioctl(2, TCGETS, {B38400 opost isig icanon echo ...}) = 0
24030 09:44:22 write(2, "Connection to 10.5.0.208 closed."..., 34) = 34
24030 09:44:22 shutdown(3, SHUT_RDWR)   = 0
24030 09:44:22 close(3)                 = 0
24030 09:44:22 write(1, "random tag:hypnx4c1qm", 21) = 21
24030 09:44:22 exit_group(0)            = ?
24030 09:44:22 +++ exited with 0 +++
