3195  03:01:24 select(4, [3], NULL, NULL, NULL) = 1 (in [3])
3195  03:01:24 read(3, "\0\0\1\224\10\37\0\0\1\201\0\323#\r#ur\354\351\371#Xq^\272\303\244\330\237-kM"..., 8192) = 408
3195  03:01:24 write(3, "\0\0\1\214\6 \0\0\1\200(x\350\376\313\322\215\365X\271$G(G\f\355\377\220\210H\17\252"..., 400) = 400
3195  03:01:24 select(4, [3], NULL, NULL, NULL) = 1 (in [3])
3195  03:01:24 read(3, "\0\0\3\274\t!\0\0\1\25\0\0\0\7ssh-rsa\0\0\0\1#\0\0\1\1\0\264"..., 8192) = 976
3195  03:01:24 open("/root/.ssh/known_hosts", O_RDONLY) = 4
3195  03:01:24 fstat(4, {st_mode=S_IFREG|0644, st_size=1177, ...}) = 0
3195  03:01:24 mmap(NULL, 4096, PROT_READ|PROT_WRITE, MAP_PRIVATE|MAP_ANONYMOUS, -1, 0) = 0x7fd547a1c000
3195  03:01:24 read(4, "172.19.0.36 ssh-rsa AAAAB3NzaC1y"..., 4096) = 1177
3195  03:01:24 read(4, "", 4096)        = 0
3195  03:01:24 close(4)                 = 0
3195  03:01:24 munmap(0x7fd547a1c000, 4096) = 0
3195  03:01:24 open("/root/.ssh/known_hosts2", O_RDONLY) = -1 ENOENT (No such file or directory)
3195  03:01:24 open("/usr/local/openssh/etc/ssh_known_hosts", O_RDONLY) = -1 ENOENT (No such file or directory)
3195  03:01:24 open("/usr/local/openssh/etc/ssh_known_hosts2", O_RDONLY) = -1 ENOENT (No such file or directory)
3195  03:01:24 clock_gettime(CLOCK_BOOTTIME, {667171, 340760607}) = 0
3195  03:01:24 write(3, "\0\0\0\f\n\25\0\0\0\0\0\0\0\0\0\0", 16) = 16
3195  03:01:24 write(3, "\356\335\220lu5\352\1\371\236\361m\205\365x\362?$\7\240\330\301lRb\"AW\253\305\v2"..., 40) = 40
3195  03:01:24 select(4, [3], NULL, NULL, NULL) = 1 (in [3])
3195  03:01:24 read(3, "@\2\312\25>1\205\31\330F\331\367\376\204}-rE]__\361\312$.Z\270\317,\374\242o"..., 8192) = 40
3195  03:01:24 write(3, "m-\20\203y\205_rFs\351T\253\343\1\305pj(|J\204\276\252\337\350)\235\231\37\254{"..., 56) = 56
3195  03:01:24 select(4, [3], NULL, NULL, NULL) = 1 (in [3])
3195  03:01:24 read(3, "\244oR\220P\10)2Q\243\332\375e\0\30\31\352\2\355\3229X\\]Dn\374z[\205\255\272"..., 8192) = 72
3195  03:01:24 stat("/root/.ssh/id_rsa", 0x7ffd5dcf5420) = -1 ENOENT (No such file or directory)
3195  03:01:24 stat("/root/.ssh/id_dsa", 0x7ffd5dcf5420) = -1 ENOENT (No such file or directory)
3195  03:01:24 stat("/root/.ssh/id_ecdsa", 0x7ffd5dcf5420) = -1 ENOENT (No such file or directory)
3195  03:01:24 stat("/root/.ssh/id_ed25519", 0x7ffd5dcf5420) = -1 ENOENT (No such file or directory)
3195  03:01:24 open("/dev/tty", O_RDWR) = 4
3195  03:01:24 close(4)                 = 0
3195  03:01:24 open("/dev/tty", O_RDWR) = 4
3195  03:01:24 ioctl(4, TCGETS, {B38400 opost isig icanon echo ...}) = 0
3195  03:01:24 ioctl(4, SNDCTL_TMR_CONTINUE or TCSETSF, {B38400 opost isig icanon -echo ...}) = 0
3195  03:01:24 rt_sigaction(SIGALRM, {0x55ece33350d0, [], SA_RESTORER, 0x7fd5465a1270}, {SIG_DFL, [], 0}, 8) = 0
3195  03:01:24 rt_sigaction(SIGHUP, {0x55ece33350d0, [], SA_RESTORER, 0x7fd5465a1270}, {SIG_DFL, [], 0}, 8) = 0
3195  03:01:24 rt_sigaction(SIGINT, {0x55ece33350d0, [], SA_RESTORER, 0x7fd5465a1270}, {SIG_DFL, [], 0}, 8) = 0
3195  03:01:24 rt_sigaction(SIGPIPE, {0x55ece33350d0, [], SA_RESTORER, 0x7fd5465a1270}, {SIG_IGN, [], SA_RESTORER, 0x7fd5465a1270}, 8) = 0
3195  03:01:24 rt_sigaction(SIGQUIT, {0x55ece33350d0, [], SA_RESTORER, 0x7fd5465a1270}, {SIG_DFL, [], 0}, 8) = 0
3195  03:01:24 rt_sigaction(SIGTERM, {0x55ece33350d0, [], SA_RESTORER, 0x7fd5465a1270}, {SIG_DFL, [], 0}, 8) = 0
3195  03:01:24 rt_sigaction(SIGTSTP, {0x55ece33350d0, [], SA_RESTORER, 0x7fd5465a1270}, {SIG_DFL, [], 0}, 8) = 0
3195  03:01:24 rt_sigaction(SIGTTIN, {0x55ece33350d0, [], SA_RESTORER, 0x7fd5465a1270}, {SIG_DFL, [], 0}, 8) = 0
3195  03:01:24 rt_sigaction(SIGTTOU, {0x55ece33350d0, [], SA_RESTORER, 0x7fd5465a1270}, {SIG_DFL, [], 0}, 8) = 0
3195  03:01:24 write(4, "root@10.5.0.208's password: ", 28) = 28
3195  03:01:24 read(4, "y", 1)          = 1
3195  03:01:24 read(4, "o", 1)          = 1
3195  03:01:24 read(4, "t", 1)          = 1
3195  03:01:24 read(4, "p", 1)          = 1
3195  03:01:24 read(4, "4", 1)          = 1
3195  03:01:24 read(4, "o", 1)          = 1
3195  03:01:24 read(4, "z", 1)          = 1
3195  03:01:24 read(4, "A", 1)          = 1
3195  03:01:24 read(4, "c", 1)          = 1
3195  03:01:24 read(4, "C", 1)          = 1
3195  03:01:24 read(4, "=", 1)          = 1
3195  03:01:24 read(4, "b", 1)          = 1
3195  03:01:24 read(4, "~", 1)          = 1
3195  03:01:24 read(4, "V", 1)          = 1
3195  03:01:24 read(4, "4", 1)          = 1
3195  03:01:24 read(4, "K", 1)          = 1
3195  03:01:24 read(4, "G", 1)          = 1
3195  03:01:24 read(4, "V", 1)          = 1
3195  03:01:24 read(4, "/", 1)          = 1
3195  03:01:24 read(4, "s", 1)          = 1
3195  03:01:24 read(4, "\n", 1)         = 1
3195  03:01:24 write(4, "\n", 1)        = 1
3195  03:01:24 ioctl(4, SNDCTL_TMR_CONTINUE or TCSETSF, {B38400 opost isig icanon echo ...}) = 0
3195  03:01:24 rt_sigaction(SIGALRM, {SIG_DFL, [], SA_RESTORER, 0x7fd5465a1270}, NULL, 8) = 0
3195  03:01:24 rt_sigaction(SIGHUP, {SIG_DFL, [], SA_RESTORER, 0x7fd5465a1270}, NULL, 8) = 0
3195  03:01:24 rt_sigaction(SIGINT, {SIG_DFL, [], SA_RESTORER, 0x7fd5465a1270}, NULL, 8) = 0
3195  03:01:24 rt_sigaction(SIGQUIT, {SIG_DFL, [], SA_RESTORER, 0x7fd5465a1270}, NULL, 8) = 0
3195  03:01:24 rt_sigaction(SIGPIPE, {SIG_IGN, [], SA_RESTORER, 0x7fd5465a1270}, NULL, 8) = 0
3195  03:01:24 rt_sigaction(SIGTERM, {SIG_DFL, [], SA_RESTORER, 0x7fd5465a1270}, NULL, 8) = 0
3195  03:01:24 rt_sigaction(SIGTSTP, {SIG_DFL, [], SA_RESTORER, 0x7fd5465a1270}, NULL, 8) = 0
3195  03:01:24 rt_sigaction(SIGTTIN, {SIG_DFL, [], SA_RESTORER, 0x7fd5465a1270}, NULL, 8) = 0
3195  03:01:24 rt_sigaction(SIGTTOU, {SIG_DFL, [], SA_RESTORER, 0x7fd5465a1270}, NULL, 8) = 0
3195  03:01:24 close(4)                 = 0
3195  03:01:24 write(3, "\340\36\376\2\250\2763\254\31\340?\t;\0030\f\213\215i\3668^\200\352\331\275\223<\262\244\r7"..., 136) = 136
3195  03:01:24 select(4, [3], NULL, NULL, NULL) = 1 (in [3])
3195  03:01:24 read(3, "\303\20\2\242` Z2e\35\10\2\2445\251;S-\370\v\3456\371\247", 8192) = 24
3195  03:01:24 dup(0)                   = 4
3195  03:01:24 dup(1)                   = 5
3195  03:01:24 dup(2)                   = 6
3195  03:01:24 ioctl(4, TCGETS, {B38400 opost isig icanon echo ...}) = 0
3195  03:01:24 ioctl(5, TCGETS, {B38400 opost isig icanon echo ...}) = 0
3195  03:01:24 ioctl(6, TCGETS, {B38400 opost isig icanon echo ...}) = 0
3195  03:01:24 fcntl(4, F_SETFD, FD_CLOEXEC) = 0
3195  03:01:24 fcntl(5, F_SETFD, FD_CLOEXEC) = 0
3195  03:01:24 fcntl(6, F_SETFD, FD_CLOEXEC) = 0
3195  03:01:24 rt_sigaction(SIGHUP, NULL, {SIG_DFL, [], SA_RESTORER, 0x7fd5465a1270}, 8) = 0
3195  03:01:24 rt_sigaction(SIGHUP, {SIG_IGN, [], SA_RESTORER, 0x7fd5465a1270}, NULL, 8) = 0
3195  03:01:24 rt_sigaction(SIGHUP, NULL, {SIG_IGN, [], SA_RESTORER, 0x7fd5465a1270}, 8) = 0
3195  03:01:24 rt_sigaction(SIGHUP, {0x55ece32dd9f0, [], SA_RESTORER, 0x7fd5465a1270}, NULL, 8) = 0
3195  03:01:24 rt_sigaction(SIGINT, NULL, {SIG_DFL, [], SA_RESTORER, 0x7fd5465a1270}, 8) = 0
3195  03:01:24 rt_sigaction(SIGINT, {SIG_IGN, [], SA_RESTORER, 0x7fd5465a1270}, NULL, 8) = 0
3195  03:01:24 rt_sigaction(SIGINT, NULL, {SIG_IGN, [], SA_RESTORER, 0x7fd5465a1270}, 8) = 0
3195  03:01:24 rt_sigaction(SIGINT, {0x55ece32dd9f0, [], SA_RESTORER, 0x7fd5465a1270}, NULL, 8) = 0
3195  03:01:24 rt_sigaction(SIGQUIT, NULL, {SIG_DFL, [], SA_RESTORER, 0x7fd5465a1270}, 8) = 0
3195  03:01:24 rt_sigaction(SIGQUIT, {SIG_IGN, [], SA_RESTORER, 0x7fd5465a1270}, NULL, 8) = 0
3195  03:01:24 rt_sigaction(SIGQUIT, NULL, {SIG_IGN, [], SA_RESTORER, 0x7fd5465a1270}, 8) = 0
3195  03:01:24 rt_sigaction(SIGQUIT, {0x55ece32dd9f0, [], SA_RESTORER, 0x7fd5465a1270}, NULL, 8) = 0
3195  03:01:24 rt_sigaction(SIGTERM, NULL, {SIG_DFL, [], SA_RESTORER, 0x7fd5465a1270}, 8) = 0
3195  03:01:24 rt_sigaction(SIGTERM, {SIG_IGN, [], SA_RESTORER, 0x7fd5465a1270}, NULL, 8) = 0
3195  03:01:24 rt_sigaction(SIGTERM, NULL, {SIG_IGN, [], SA_RESTORER, 0x7fd5465a1270}, 8) = 0
3195  03:01:24 rt_sigaction(SIGTERM, {0x55ece32dd9f0, [], SA_RESTORER, 0x7fd5465a1270}, NULL, 8) = 0
3195  03:01:24 rt_sigaction(SIGWINCH, NULL, {SIG_DFL, [], 0}, 8) = 0
3195  03:01:24 rt_sigaction(SIGWINCH, {0x55ece32ddc80, [], SA_RESTORER, 0x7fd5465a1270}, NULL, 8) = 0
3195  03:01:24 ioctl(0, TCGETS, {B38400 opost isig icanon echo ...}) = 0
3195  03:01:24 ioctl(0, SNDCTL_TMR_STOP or TCSETSW, {B38400 -opost -isig -icanon -echo ...}) = 0
3195  03:01:24 clock_gettime(CLOCK_BOOTTIME, {667171, 416345014}) = 0
3195  03:01:24 clock_gettime(CLOCK_BOOTTIME, {667171, 416386806}) = 0
3195  03:01:24 select(7, [3], [3], NULL, NULL) = 1 (out [3])
3195  03:01:24 clock_gettime(CLOCK_BOOTTIME, {667171, 416471586}) = 0
3195  03:01:24 write(3, "\275lBg\207\31ju=\25'K;\357\364$b\223=\320\312C\236\0179\376&s\n\245\3404"..., 112) = 112
3195  03:01:24 clock_gettime(CLOCK_BOOTTIME, {667171, 416564798}) = 0
3195  03:01:24 clock_gettime(CLOCK_BOOTTIME, {667171, 416603672}) = 0
3195  03:01:24 select(7, [3], [], NULL, NULL) = 1 (in [3])
3195  03:01:24 clock_gettime(CLOCK_BOOTTIME, {667171, 421859178}) = 0
3195  03:01:24 read(3, "\366\326\322\223\351\206\245\242\205\tb\r\17\312\242\17\317#\230\36d\36\301\20$H~j\233\244\322\317"..., 8192) = 40
3195  03:01:24 getsockopt(3, SOL_TCP, TCP_NODELAY, [0], [4]) = 0
3195  03:01:24 setsockopt(3, SOL_TCP, TCP_NODELAY, [1], 4) = 0
3195  03:01:24 getsockname(3, {sa_family=AF_INET, sin_port=htons(42308), sin_addr=inet_addr("10.5.0.222")}, [16]) = 0
3195  03:01:24 setsockopt(3, SOL_IP, IP_TOS, [16], 4) = 0
3195  03:01:24 ioctl(0, TIOCGWINSZ, {ws_row=57, ws_col=236, ws_xpixel=0, ws_ypixel=0}) = 0
3195  03:01:24 clock_gettime(CLOCK_BOOTTIME, {667171, 422183289}) = 0
3195  03:01:24 clock_gettime(CLOCK_BOOTTIME, {667171, 422222633}) = 0
3195  03:01:24 select(7, [3], [3], NULL, NULL) = 1 (out [3])
3195  03:01:24 clock_gettime(CLOCK_BOOTTIME, {667171, 422304923}) = 0
3195  03:01:24 write(3, "C\335\276\3.w)9\n\306\207A\376\213\33\243\311\346\345TU\360\34\202\225\247jZTmU\32"..., 368) = 368
3195  03:01:24 clock_gettime(CLOCK_BOOTTIME, {667171, 422395083}) = 0
3195  03:01:24 clock_gettime(CLOCK_BOOTTIME, {667171, 422434753}) = 0
3195  03:01:24 select(7, [3], [], NULL, NULL) = 1 (in [3])
3195  03:01:24 clock_gettime(CLOCK_BOOTTIME, {667171, 422953644}) = 0
3195  03:01:24 read(3, "\373\331:w\335\3\272\260\2357\373c\215r\345\227\244=\256\245\244\375\346\331\204\32\276\177y\233J\371"..., 8192) = 88
3195  03:01:24 clock_gettime(CLOCK_BOOTTIME, {667171, 423048905}) = 0
3195  03:01:24 clock_gettime(CLOCK_BOOTTIME, {667171, 423087891}) = 0
3195  03:01:24 select(7, [3 4], [], NULL, NULL) = 1 (in [3])
3195  03:01:24 clock_gettime(CLOCK_BOOTTIME, {667171, 428083137}) = 0
3195  03:01:24 read(3, "e!\17F\230\243v\232E,;3\272\233\347\270\376IjX\262N\307l\276\264\2065\213\242P\364"..., 8192) = 152
3195  03:01:24 clock_gettime(CLOCK_BOOTTIME, {667171, 428170640}) = 0
3195  03:01:24 clock_gettime(CLOCK_BOOTTIME, {667171, 428209711}) = 0
3195  03:01:24 select(7, [3 4], [5], NULL, NULL) = 1 (out [5])
3195  03:01:24 clock_gettime(CLOCK_BOOTTIME, {667171, 428292309}) = 0
3195  03:01:24 write(5, "Last login: Fri Jun 22 10:57:23 "..., 111) = 111
3195  03:01:24 clock_gettime(CLOCK_BOOTTIME, {667171, 428411187}) = 0
3195  03:01:24 clock_gettime(CLOCK_BOOTTIME, {667171, 428450505}) = 0
3195  03:01:24 select(7, [3 4], [], NULL, NULL) = 1 (in [3])
3195  03:01:24 clock_gettime(CLOCK_BOOTTIME, {667171, 444089438}) = 0
3195  03:01:24 read(3, "8\177\232,K\21\5\301\32\3\224Xz\27\334\306O\201\2^\24\336\7\312\342]E\332\340\36\374\t"..., 8192) = 56
3195  03:01:24 clock_gettime(CLOCK_BOOTTIME, {667171, 444186814}) = 0
3195  03:01:24 clock_gettime(CLOCK_BOOTTIME, {667171, 444225826}) = 0
3195  03:01:24 select(7, [3 4], [5], NULL, NULL) = 1 (out [5])
3195  03:01:24 clock_gettime(CLOCK_BOOTTIME, {667171, 444309002}) = 0
3195  03:01:24 write(5, "[root@ali-p2p-h5-1 ~]# ", 23) = 23
3195  03:01:24 clock_gettime(CLOCK_BOOTTIME, {667171, 444404955}) = 0
3195  03:01:24 clock_gettime(CLOCK_BOOTTIME, {667171, 444445194}) = 0
3195  03:01:24 select(7, [3 4], [], NULL, NULL) = 1 (in [4])
3195  03:01:25 clock_gettime(CLOCK_BOOTTIME, {667172, 574459377}) = 0
3195  03:01:25 read(4, "e", 16384)      = 1
3195  03:01:25 clock_gettime(CLOCK_BOOTTIME, {667172, 574587908}) = 0
3195  03:01:25 clock_gettime(CLOCK_BOOTTIME, {667172, 574629259}) = 0
3195  03:01:25 select(7, [3 4], [3], NULL, NULL) = 1 (out [3])
3195  03:01:25 clock_gettime(CLOCK_BOOTTIME, {667172, 574728988}) = 0
3195  03:01:25 write(3, "\320=\235D\374\204\253\207\326^U\313\324\255\276\237F\340\342\270\276\37\333\321t.\371j\266\313G>"..., 40) = 40
3195  03:01:25 clock_gettime(CLOCK_BOOTTIME, {667172, 574824210}) = 0
3195  03:01:25 clock_gettime(CLOCK_BOOTTIME, {667172, 574864890}) = 0
3195  03:01:25 select(7, [3 4], [], NULL, NULL) = 1 (in [3])
3195  03:01:25 clock_gettime(CLOCK_BOOTTIME, {667172, 576090032}) = 0
3195  03:01:25 read(3, "\31\3\247\23\350\2415\330f\271/\365\364A,\324\364\343^\337\373\21\270\365/\330\233\301\213c\16\364"..., 8192) = 40
3195  03:01:25 clock_gettime(CLOCK_BOOTTIME, {667172, 576185665}) = 0
3195  03:01:25 clock_gettime(CLOCK_BOOTTIME, {667172, 576227992}) = 0
3195  03:01:25 select(7, [3 4], [5], NULL, NULL) = 1 (out [5])
3195  03:01:25 clock_gettime(CLOCK_BOOTTIME, {667172, 576317524}) = 0
3195  03:01:25 write(5, "e", 1)         = 1
3195  03:01:25 clock_gettime(CLOCK_BOOTTIME, {667172, 576442138}) = 0
3195  03:01:25 clock_gettime(CLOCK_BOOTTIME, {667172, 576484246}) = 0
3195  03:01:25 select(7, [3 4], [], NULL, NULL) = 1 (in [4])
3195  03:01:26 clock_gettime(CLOCK_BOOTTIME, {667172, 902644636}) = 0
3195  03:01:26 read(4, "x", 16384)      = 1
3195  03:01:26 clock_gettime(CLOCK_BOOTTIME, {667172, 902756705}) = 0
3195  03:01:26 clock_gettime(CLOCK_BOOTTIME, {667172, 902797185}) = 0
3195  03:01:26 select(7, [3 4], [3], NULL, NULL) = 1 (out [3])
3195  03:01:26 clock_gettime(CLOCK_BOOTTIME, {667172, 902883348}) = 0
3195  03:01:26 write(3, "&\376\246\16\214\264\342\\g\313\272#\10\332\0200`\273e\314\261S\370\240_\3c\324\257\213\5\33"..., 40) = 40
3195  03:01:26 clock_gettime(CLOCK_BOOTTIME, {667172, 902982549}) = 0
3195  03:01:26 clock_gettime(CLOCK_BOOTTIME, {667172, 903030565}) = 0
3195  03:01:26 select(7, [3 4], [], NULL, NULL) = 1 (in [3])
3195  03:01:26 clock_gettime(CLOCK_BOOTTIME, {667172, 905087305}) = 0
3195  03:01:26 read(3, "sf\256;\332\33\0077\31\177x\347U\260X\303\377\1\355\336\237\221^\324\356\220\202\20\2433mI"..., 8192) = 40
3195  03:01:26 clock_gettime(CLOCK_BOOTTIME, {667172, 905178822}) = 0
3195  03:01:26 clock_gettime(CLOCK_BOOTTIME, {667172, 905217599}) = 0
3195  03:01:26 select(7, [3 4], [5], NULL, NULL) = 1 (out [5])
3195  03:01:26 clock_gettime(CLOCK_BOOTTIME, {667172, 905303431}) = 0
3195  03:01:26 write(5, "x", 1)         = 1
3195  03:01:26 clock_gettime(CLOCK_BOOTTIME, {667172, 905428271}) = 0
3195  03:01:26 clock_gettime(CLOCK_BOOTTIME, {667172, 905468459}) = 0
3195  03:01:26 select(7, [3 4], [], NULL, NULL) = 1 (in [4])
3195  03:01:26 clock_gettime(CLOCK_BOOTTIME, {667173, 7530260}) = 0
3195  03:01:26 read(4, "i", 16384)      = 1
3195  03:01:26 clock_gettime(CLOCK_BOOTTIME, {667173, 7677717}) = 0
3195  03:01:26 clock_gettime(CLOCK_BOOTTIME, {667173, 7718911}) = 0
3195  03:01:26 select(7, [3 4], [3], NULL, NULL) = 1 (out [3])
3195  03:01:26 clock_gettime(CLOCK_BOOTTIME, {667173, 7808339}) = 0
3195  03:01:26 write(3, "I)J\35N\216=G\1s\234J\266eG\364M*\344\270W\375cje\3\n@\260\247\224\325"..., 40) = 40
3195  03:01:26 clock_gettime(CLOCK_BOOTTIME, {667173, 7902820}) = 0
3195  03:01:26 clock_gettime(CLOCK_BOOTTIME, {667173, 7943559}) = 0
3195  03:01:26 select(7, [3 4], [], NULL, NULL) = 1 (in [3])
3195  03:01:26 clock_gettime(CLOCK_BOOTTIME, {667173, 9090896}) = 0
3195  03:01:26 read(3, "\27$h\323T<\342q\364\252N%!\10B\266\344U*\310\f!\322mB\363\v\320\307V\207\347"..., 8192) = 40
3195  03:01:26 clock_gettime(CLOCK_BOOTTIME, {667173, 9183863}) = 0
3195  03:01:26 clock_gettime(CLOCK_BOOTTIME, {667173, 9225607}) = 0
3195  03:01:26 select(7, [3 4], [5], NULL, NULL) = 1 (out [5])
3195  03:01:26 clock_gettime(CLOCK_BOOTTIME, {667173, 9315805}) = 0
3195  03:01:26 write(5, "i", 1)         = 1
3195  03:01:26 clock_gettime(CLOCK_BOOTTIME, {667173, 9433788}) = 0
3195  03:01:26 clock_gettime(CLOCK_BOOTTIME, {667173, 9476120}) = 0
3195  03:01:26 select(7, [3 4], [], NULL, NULL) = 1 (in [4])
3195  03:01:26 clock_gettime(CLOCK_BOOTTIME, {667173, 262441555}) = 0
3195  03:01:26 read(4, "t", 16384)      = 1
3195  03:01:26 clock_gettime(CLOCK_BOOTTIME, {667173, 262563085}) = 0
3195  03:01:26 clock_gettime(CLOCK_BOOTTIME, {667173, 262604552}) = 0
3195  03:01:26 select(7, [3 4], [3], NULL, NULL) = 1 (out [3])
3195  03:01:26 clock_gettime(CLOCK_BOOTTIME, {667173, 262695296}) = 0
3195  03:01:26 write(3, "\372\232\37o)\333\230\215\372\362G\4sk\253\340p\16c7\211P\302\272G\233\224n\26K\321\323"..., 40) = 40
3195  03:01:26 clock_gettime(CLOCK_BOOTTIME, {667173, 262791141}) = 0
3195  03:01:26 clock_gettime(CLOCK_BOOTTIME, {667173, 262832979}) = 0
3195  03:01:26 select(7, [3 4], [], NULL, NULL) = 1 (in [3])
3195  03:01:26 clock_gettime(CLOCK_BOOTTIME, {667173, 264090238}) = 0
3195  03:01:26 read(3, "\227\376\2670Ve\367\366\336\233?R\366g\371\33Q4od\371-.NH6\27\203q\333\360\300"..., 8192) = 40
3195  03:01:26 clock_gettime(CLOCK_BOOTTIME, {667173, 264183527}) = 0
3195  03:01:26 clock_gettime(CLOCK_BOOTTIME, {667173, 264226244}) = 0
3195  03:01:26 select(7, [3 4], [5], NULL, NULL) = 1 (out [5])
3195  03:01:26 clock_gettime(CLOCK_BOOTTIME, {667173, 264315648}) = 0
3195  03:01:26 write(5, "t", 1)         = 1
3195  03:01:26 clock_gettime(CLOCK_BOOTTIME, {667173, 264434406}) = 0
3195  03:01:26 clock_gettime(CLOCK_BOOTTIME, {667173, 264477285}) = 0
3195  03:01:26 select(7, [3 4], [], NULL, NULL) = 1 (in [4])
3195  03:01:26 clock_gettime(CLOCK_BOOTTIME, {667173, 406956401}) = 0
3195  03:01:26 read(4, "\r", 16384)     = 1
3195  03:01:26 clock_gettime(CLOCK_BOOTTIME, {667173, 407069684}) = 0
3195  03:01:26 clock_gettime(CLOCK_BOOTTIME, {667173, 407111314}) = 0
3195  03:01:26 select(7, [3 4], [3], NULL, NULL) = 1 (out [3])
3195  03:01:26 clock_gettime(CLOCK_BOOTTIME, {667173, 407200805}) = 0
3195  03:01:26 write(3, "\366[\355\247\1\10\343}\354\327tjdZ\200Q\4\221\347\312\261\330q1aL\324\22HB\230\274"..., 40) = 40
3195  03:01:26 clock_gettime(CLOCK_BOOTTIME, {667173, 407293917}) = 0
3195  03:01:26 clock_gettime(CLOCK_BOOTTIME, {667173, 407334860}) = 0
3195  03:01:26 select(7, [3 4], [], NULL, NULL) = 1 (in [3])
3195  03:01:26 clock_gettime(CLOCK_BOOTTIME, {667173, 412804923}) = 0
3195  03:01:26 read(3, "\351ts\27\212\301\267hs~\4\261\303\242\350\367\365-\0+\254u\3326\350\351\214\326\7FPW"..., 8192) = 200
3195  03:01:26 close(4)                 = 0
3195  03:01:26 clock_gettime(CLOCK_BOOTTIME, {667173, 412944266}) = 0
3195  03:01:26 clock_gettime(CLOCK_BOOTTIME, {667173, 412983778}) = 0
3195  03:01:26 select(7, [3], [5], NULL, NULL) = 1 (out [5])
3195  03:01:26 clock_gettime(CLOCK_BOOTTIME, {667173, 413077811}) = 0
3195  03:01:26 write(5, "\r\nlogout\r\n", 10) = 10
3195  03:01:26 clock_gettime(CLOCK_BOOTTIME, {667173, 413191159}) = 0
3195  03:01:26 clock_gettime(CLOCK_BOOTTIME, {667173, 413232548}) = 0
3195  03:01:26 close(5)                 = 0
3195  03:01:26 ioctl(0, SNDCTL_TMR_STOP or TCSETSW, {B38400 opost isig icanon echo ...}) = 0
3195  03:01:26 close(6)                 = 0
3195  03:01:26 select(7, [3], [3], NULL, NULL) = 1 (out [3])
3195  03:01:26 clock_gettime(CLOCK_BOOTTIME, {667173, 413464135}) = 0
3195  03:01:26 write(3, "\364\375v\333\260\224<j\204\352\217\2672\345n_\2335\222\326\221\261jX", 24) = 24
3195  03:01:26 rt_sigaction(SIGWINCH, NULL, {0x55ece32ddc80, [], SA_RESTORER, 0x7fd5465a1270}, 8) = 0
3195  03:01:26 rt_sigaction(SIGWINCH, {SIG_DFL, [], SA_RESTORER, 0x7fd5465a1270}, NULL, 8) = 0
3195  03:01:26 write(3, "\215\234\312\240\352\264bh+\33\373\335\"3\371R\320\233\36'\266\366[\301'u\317\2\255\30\24O"..., 56) = 56
3195  03:01:26 ioctl(0, TCGETS, {B38400 opost isig icanon echo ...}) = 0
3195  03:01:26 ioctl(1, TCGETS, {B38400 opost isig icanon echo ...}) = 0
3195  03:01:26 ioctl(2, TCGETS, {B38400 opost isig icanon echo ...}) = 0
3195  03:01:26 write(2, "Connection to 10.5.0.208 closed."..., 34) = 34
3195  03:01:26 shutdown(3, SHUT_RDWR)   = 0
3195  03:01:26 close(3)                 = 0
3195  03:01:26 write(1, "random tag:qhbge54cdm", 21) = 21
3195  03:01:26 exit_group(0)            = ?
3195  03:01:26 +++ exited with 0 +++
