22517 05:40:27 clock_gettime(CLOCK_BOOTTIME, {676714, 521836602}) = 0
22517 05:40:27 write(3, "\0\0\0\f\n\25\0\0\0\0\0\0\0\0\0\0", 16) = 16
22517 05:40:27 write(3, "\317\260\2\204R3\16\255\261\27x\366\334dve\2570\270\355J\262\204\r\346\252_\325\17l\344\343"..., 40) = 40
22517 05:40:27 select(4, [3], NULL, NULL, NULL) = 1 (in [3])
22517 05:40:27 read(3, "+hi1\360\34:<9\240\271\17\300\373B6\334\207\236\332-\343.\213T\254\320\5\361\273?\23"..., 8192) = 40
22517 05:40:27 write(3, "\367{,\237\254\245\304\372\10\373!\256\21P\310\365`\370m\2\260\354t\247U\16e\353\355\344\16?"..., 56) = 56
22517 05:40:27 select(4, [3], NULL, NULL, NULL) = 1 (in [3])
22517 05:40:27 read(3, "\355\245|VH\366k\264\31\215z^\t\276Ut\214\306\254\275A\302e\370\335\202\306\32<\334`="..., 8192) = 72
22517 05:40:27 stat("/root/.ssh/id_rsa", 0x7fff8ef779d0) = -1 ENOENT (No such file or directory)
22517 05:40:27 stat("/root/.ssh/id_dsa", 0x7fff8ef779d0) = -1 ENOENT (No such file or directory)
22517 05:40:27 stat("/root/.ssh/id_ecdsa", 0x7fff8ef779d0) = -1 ENOENT (No such file or directory)
22517 05:40:27 stat("/root/.ssh/id_ed25519", 0x7fff8ef779d0) = -1 ENOENT (No such file or directory)
22517 05:40:27 open("/dev/tty", O_RDWR) = 4
22517 05:40:27 close(4)                 = 0
22517 05:40:27 open("/dev/tty", O_RDWR) = 4
22517 05:40:27 ioctl(4, TCGETS, {B38400 opost isig icanon echo ...}) = 0
22517 05:40:27 ioctl(4, SNDCTL_TMR_CONTINUE or TCSETSF, {B38400 opost isig icanon -echo ...}) = 0
22517 05:40:27 rt_sigaction(SIGALRM, {0x55d9523960a0, [], SA_RESTORER, 0x7f20c51ca270}, {SIG_DFL, [], 0}, 8) = 0
22517 05:40:27 rt_sigaction(SIGHUP, {0x55d9523960a0, [], SA_RESTORER, 0x7f20c51ca270}, {SIG_DFL, [], 0}, 8) = 0
22517 05:40:27 rt_sigaction(SIGINT, {0x55d9523960a0, [], SA_RESTORER, 0x7f20c51ca270}, {SIG_DFL, [], 0}, 8) = 0
22517 05:40:27 rt_sigaction(SIGPIPE, {0x55d9523960a0, [], SA_RESTORER, 0x7f20c51ca270}, {SIG_IGN, [], SA_RESTORER, 0x7f20c51ca270}, 8) = 0
22517 05:40:27 rt_sigaction(SIGQUIT, {0x55d9523960a0, [], SA_RESTORER, 0x7f20c51ca270}, {SIG_DFL, [], 0}, 8) = 0
22517 05:40:27 rt_sigaction(SIGTERM, {0x55d9523960a0, [], SA_RESTORER, 0x7f20c51ca270}, {SIG_DFL, [], 0}, 8) = 0
22517 05:40:27 rt_sigaction(SIGTSTP, {0x55d9523960a0, [], SA_RESTORER, 0x7f20c51ca270}, {SIG_DFL, [], 0}, 8) = 0
22517 05:40:27 rt_sigaction(SIGTTIN, {0x55d9523960a0, [], SA_RESTORER, 0x7f20c51ca270}, {SIG_DFL, [], 0}, 8) = 0
22517 05:40:27 rt_sigaction(SIGTTOU, {0x55d9523960a0, [], SA_RESTORER, 0x7f20c51ca270}, {SIG_DFL, [], 0}, 8) = 0
22517 05:40:27 write(4, "root@10.5.0.208's password: ", 28) = 28
22517 05:40:27 read(4, "y", 1)          = 1
22517 05:40:27 read(4, "o", 1)          = 1
22517 05:40:27 read(4, "t", 1)          = 1
22517 05:40:27 read(4, "p", 1)          = 1
22517 05:40:27 read(4, "4", 1)          = 1
22517 05:40:27 read(4, "o", 1)          = 1
22517 05:40:27 read(4, "z", 1)          = 1
22517 05:40:27 read(4, "A", 1)          = 1
22517 05:40:27 read(4, "c", 1)          = 1
22517 05:40:27 read(4, "C", 1)          = 1
22517 05:40:27 read(4, "=", 1)          = 1
22517 05:40:27 read(4, "b", 1)          = 1
22517 05:40:27 read(4, "~", 1)          = 1
22517 05:40:27 read(4, "V", 1)          = 1
22517 05:40:27 read(4, "4", 1)          = 1
22517 05:40:27 read(4, "K", 1)          = 1
22517 05:40:27 read(4, "G", 1)          = 1
22517 05:40:27 read(4, "V", 1)          = 1
22517 05:40:27 read(4, "/", 1)          = 1
22517 05:40:27 read(4, "s", 1)          = 1
22517 05:40:27 read(4, "\n", 1)         = 1
22517 05:40:27 write(4, "\n", 1)        = 1
22517 05:40:27 ioctl(4, SNDCTL_TMR_CONTINUE or TCSETSF, {B38400 opost isig icanon echo ...}) = 0
22517 05:40:27 rt_sigaction(SIGALRM, {SIG_DFL, [], SA_RESTORER, 0x7f20c51ca270}, NULL, 8) = 0
22517 05:40:27 rt_sigaction(SIGHUP, {SIG_DFL, [], SA_RESTORER, 0x7f20c51ca270}, NULL, 8) = 0
22517 05:40:27 rt_sigaction(SIGINT, {SIG_DFL, [], SA_RESTORER, 0x7f20c51ca270}, NULL, 8) = 0
22517 05:40:27 rt_sigaction(SIGQUIT, {SIG_DFL, [], SA_RESTORER, 0x7f20c51ca270}, NULL, 8) = 0
22517 05:40:27 rt_sigaction(SIGPIPE, {SIG_IGN, [], SA_RESTORER, 0x7f20c51ca270}, NULL, 8) = 0
22517 05:40:27 rt_sigaction(SIGTERM, {SIG_DFL, [], SA_RESTORER, 0x7f20c51ca270}, NULL, 8) = 0
22517 05:40:27 rt_sigaction(SIGTSTP, {SIG_DFL, [], SA_RESTORER, 0x7f20c51ca270}, NULL, 8) = 0
22517 05:40:27 rt_sigaction(SIGTTIN, {SIG_DFL, [], SA_RESTORER, 0x7f20c51ca270}, NULL, 8) = 0
22517 05:40:27 rt_sigaction(SIGTTOU, {SIG_DFL, [], SA_RESTORER, 0x7f20c51ca270}, NULL, 8) = 0
22517 05:40:27 close(4)                 = 0
22517 05:40:27 write(3, "\362\335V\345\333\276\312\372\7X\10\n\323\267T\214\325\17\vW\374k\324\305\\\227$\326$\fD\35"..., 136) = 136
22517 05:40:27 select(4, [3], NULL, NULL, NULL) = 1 (in [3])
22517 05:40:27 read(3, "0W^\264\3067\2635\332\367i \300\262>\261B\3779.\222\275?#", 8192) = 24
22517 05:40:27 dup(0)                   = 4
22517 05:40:27 dup(1)                   = 5
22517 05:40:27 dup(2)                   = 6
22517 05:40:27 ioctl(4, TCGETS, {B38400 opost isig icanon echo ...}) = 0
22517 05:40:27 ioctl(5, TCGETS, {B38400 opost isig icanon echo ...}) = 0
22517 05:40:27 ioctl(6, TCGETS, {B38400 opost isig icanon echo ...}) = 0
22517 05:40:27 fcntl(4, F_SETFD, FD_CLOEXEC) = 0
22517 05:40:27 fcntl(5, F_SETFD, FD_CLOEXEC) = 0
22517 05:40:27 fcntl(6, F_SETFD, FD_CLOEXEC) = 0
22517 05:40:27 rt_sigaction(SIGHUP, NULL, {SIG_DFL, [], SA_RESTORER, 0x7f20c51ca270}, 8) = 0
22517 05:40:27 rt_sigaction(SIGHUP, {SIG_IGN, [], SA_RESTORER, 0x7f20c51ca270}, NULL, 8) = 0
22517 05:40:27 rt_sigaction(SIGHUP, NULL, {SIG_IGN, [], SA_RESTORER, 0x7f20c51ca270}, 8) = 0
22517 05:40:27 rt_sigaction(SIGHUP, {0x55d95233e9c0, [], SA_RESTORER, 0x7f20c51ca270}, NULL, 8) = 0
22517 05:40:27 rt_sigaction(SIGINT, NULL, {SIG_DFL, [], SA_RESTORER, 0x7f20c51ca270}, 8) = 0
22517 05:40:27 rt_sigaction(SIGINT, {SIG_IGN, [], SA_RESTORER, 0x7f20c51ca270}, NULL, 8) = 0
22517 05:40:27 rt_sigaction(SIGINT, NULL, {SIG_IGN, [], SA_RESTORER, 0x7f20c51ca270}, 8) = 0
22517 05:40:27 rt_sigaction(SIGINT, {0x55d95233e9c0, [], SA_RESTORER, 0x7f20c51ca270}, NULL, 8) = 0
22517 05:40:27 rt_sigaction(SIGQUIT, NULL, {SIG_DFL, [], SA_RESTORER, 0x7f20c51ca270}, 8) = 0
22517 05:40:27 rt_sigaction(SIGQUIT, {SIG_IGN, [], SA_RESTORER, 0x7f20c51ca270}, NULL, 8) = 0
22517 05:40:27 rt_sigaction(SIGQUIT, NULL, {SIG_IGN, [], SA_RESTORER, 0x7f20c51ca270}, 8) = 0
22517 05:40:27 rt_sigaction(SIGQUIT, {0x55d95233e9c0, [], SA_RESTORER, 0x7f20c51ca270}, NULL, 8) = 0
22517 05:40:27 rt_sigaction(SIGTERM, NULL, {SIG_DFL, [], SA_RESTORER, 0x7f20c51ca270}, 8) = 0
22517 05:40:27 rt_sigaction(SIGTERM, {SIG_IGN, [], SA_RESTORER, 0x7f20c51ca270}, NULL, 8) = 0
22517 05:40:27 rt_sigaction(SIGTERM, NULL, {SIG_IGN, [], SA_RESTORER, 0x7f20c51ca270}, 8) = 0
22517 05:40:27 rt_sigaction(SIGTERM, {0x55d95233e9c0, [], SA_RESTORER, 0x7f20c51ca270}, NULL, 8) = 0
22517 05:40:27 rt_sigaction(SIGWINCH, NULL, {SIG_DFL, [], 0}, 8) = 0
22517 05:40:27 rt_sigaction(SIGWINCH, {0x55d95233ec50, [], SA_RESTORER, 0x7f20c51ca270}, NULL, 8) = 0
22517 05:40:27 ioctl(0, TCGETS, {B38400 opost isig icanon echo ...}) = 0
22517 05:40:27 ioctl(0, SNDCTL_TMR_STOP or TCSETSW, {B38400 -opost -isig -icanon -echo ...}) = 0
22517 05:40:27 clock_gettime(CLOCK_BOOTTIME, {676714, 596884418}) = 0
22517 05:40:27 clock_gettime(CLOCK_BOOTTIME, {676714, 596928941}) = 0
22517 05:40:27 select(7, [3], [3], NULL, NULL) = 1 (out [3])
22517 05:40:27 clock_gettime(CLOCK_BOOTTIME, {676714, 597026231}) = 0
22517 05:40:27 write(3, "w\203\357\242\325\200-\0027!\214\364\360\215\1<\216\256\324\245%\221j>8\364\233AP\262\36h"..., 112) = 112
22517 05:40:27 clock_gettime(CLOCK_BOOTTIME, {676714, 597122343}) = 0
22517 05:40:27 clock_gettime(CLOCK_BOOTTIME, {676714, 597164798}) = 0
22517 05:40:27 select(7, [3], [], NULL, NULL) = 1 (in [3])
22517 05:40:27 clock_gettime(CLOCK_BOOTTIME, {676714, 600596411}) = 0
22517 05:40:27 read(3, "\334\213\331\307o\316\21G\222HL\342\f\252\233\305\31\256o\277\21\207Y\373\300n\267\220h\227\275\213"..., 8192) = 40
22517 05:40:27 getsockopt(3, SOL_TCP, TCP_NODELAY, [0], [4]) = 0
22517 05:40:27 setsockopt(3, SOL_TCP, TCP_NODELAY, [1], 4) = 0
22517 05:40:27 getsockname(3, {sa_family=AF_INET, sin_port=htons(51196), sin_addr=inet_addr("10.5.0.222")}, [16]) = 0
22517 05:40:27 setsockopt(3, SOL_IP, IP_TOS, [16], 4) = 0
22517 05:40:27 ioctl(0, TIOCGWINSZ, {ws_row=24, ws_col=147, ws_xpixel=0, ws_ypixel=0}) = 0
22517 05:40:27 clock_gettime(CLOCK_BOOTTIME, {676714, 600950529}) = 0
22517 05:40:27 clock_gettime(CLOCK_BOOTTIME, {676714, 600991697}) = 0
22517 05:40:27 select(7, [3], [3], NULL, NULL) = 1 (out [3])
22517 05:40:27 clock_gettime(CLOCK_BOOTTIME, {676714, 601089121}) = 0
22517 05:40:27 write(3, "\n^\315\210\2322\355\313\244\273\f\n\27\332\v\n\263\2143\252\341Y\375\240\24\273\277\24x\345\372\256"..., 368) = 368
22517 05:40:27 clock_gettime(CLOCK_BOOTTIME, {676714, 601187462}) = 0
22517 05:40:27 clock_gettime(CLOCK_BOOTTIME, {676714, 601229046}) = 0
22517 05:40:27 select(7, [3], [], NULL, NULL) = 1 (in [3])
22517 05:40:27 clock_gettime(CLOCK_BOOTTIME, {676714, 601742690}) = 0
22517 05:40:27 read(3, "IV\17X\363rKn\10~\323\245\216\0\340\270V\315\5\354%\301R\271\23\233m\36\244A\213\321"..., 8192) = 88
22517 05:40:27 clock_gettime(CLOCK_BOOTTIME, {676714, 601835867}) = 0
22517 05:40:27 clock_gettime(CLOCK_BOOTTIME, {676714, 601877307}) = 0
22517 05:40:27 select(7, [3 4], [], NULL, NULL) = 1 (in [3])
22517 05:40:28 clock_gettime(CLOCK_BOOTTIME, {676714, 606210584}) = 0
22517 05:40:28 read(3, "\306\274\frqx[Y\345V\330\215 \207~#\317G=\305\232C\345-\317\355\264B^\340\200\252"..., 8192) = 152
22517 05:40:28 clock_gettime(CLOCK_BOOTTIME, {676714, 606303742}) = 0
22517 05:40:28 clock_gettime(CLOCK_BOOTTIME, {676714, 606344698}) = 0
22517 05:40:28 select(7, [3 4], [5], NULL, NULL) = 1 (out [5])
22517 05:40:28 clock_gettime(CLOCK_BOOTTIME, {676714, 606432464}) = 0
22517 05:40:28 write(5, "Last login: Fri Jun 22 13:38:05 "..., 111) = 111
22517 05:40:28 clock_gettime(CLOCK_BOOTTIME, {676714, 606569313}) = 0
22517 05:40:28 clock_gettime(CLOCK_BOOTTIME, {676714, 606611931}) = 0
22517 05:40:28 select(7, [3 4], [], NULL, NULL) = 1 (in [3])
22517 05:40:28 clock_gettime(CLOCK_BOOTTIME, {676714, 623228897}) = 0
22517 05:40:28 read(3, "K\227Am/f(\250\367\347\266.\30\246\340\316\330\245\351\302i\223\270\360a \333\277\244\25\265\334"..., 8192) = 56
22517 05:40:28 clock_gettime(CLOCK_BOOTTIME, {676714, 623319884}) = 0
22517 05:40:28 clock_gettime(CLOCK_BOOTTIME, {676714, 623359874}) = 0
22517 05:40:28 select(7, [3 4], [5], NULL, NULL) = 1 (out [5])
22517 05:40:28 clock_gettime(CLOCK_BOOTTIME, {676714, 623445375}) = 0
22517 05:40:28 write(5, "[root@ali-p2p-h5-1 ~]# ", 23) = 23
22517 05:40:28 clock_gettime(CLOCK_BOOTTIME, {676714, 623561298}) = 0
22517 05:40:28 clock_gettime(CLOCK_BOOTTIME, {676714, 623602345}) = 0
22517 05:40:28 select(7, [3 4], [], NULL, NULL) = 1 (in [4])
22517 05:40:29 clock_gettime(CLOCK_BOOTTIME, {676715, 905130257}) = 0
22517 05:40:29 read(4, "e", 16384)      = 1
22517 05:40:29 clock_gettime(CLOCK_BOOTTIME, {676715, 905255395}) = 0
22517 05:40:29 clock_gettime(CLOCK_BOOTTIME, {676715, 905297085}) = 0
22517 05:40:29 select(7, [3 4], [3], NULL, NULL) = 1 (out [3])
22517 05:40:29 clock_gettime(CLOCK_BOOTTIME, {676715, 905386322}) = 0
22517 05:40:29 write(3, ".\34\330\357\314q\372\236\316d(BY\312\6?\374\23U\355\\\345\221\353\23\23B{\246|+\325"..., 40) = 40
22517 05:40:29 clock_gettime(CLOCK_BOOTTIME, {676715, 905485395}) = 0
22517 05:40:29 clock_gettime(CLOCK_BOOTTIME, {676715, 905526515}) = 0
22517 05:40:29 select(7, [3 4], [], NULL, NULL) = 1 (in [3])
22517 05:40:29 clock_gettime(CLOCK_BOOTTIME, {676715, 907222811}) = 0
22517 05:40:29 read(3, "\211\2670\4\210d7\304\355&d\333\vg\220\2hV\4d\365y\235\314\346\327^\374\303P6\237"..., 8192) = 40
22517 05:40:29 clock_gettime(CLOCK_BOOTTIME, {676715, 907312912}) = 0
22517 05:40:29 clock_gettime(CLOCK_BOOTTIME, {676715, 907353791}) = 0
22517 05:40:29 select(7, [3 4], [5], NULL, NULL) = 1 (out [5])
22517 05:40:29 clock_gettime(CLOCK_BOOTTIME, {676715, 907440197}) = 0
22517 05:40:29 write(5, "e", 1)         = 1
22517 05:40:29 clock_gettime(CLOCK_BOOTTIME, {676715, 907561999}) = 0
22517 05:40:29 clock_gettime(CLOCK_BOOTTIME, {676715, 907602400}) = 0
22517 05:40:29 select(7, [3 4], [], NULL, NULL) = 1 (in [4])
22517 05:40:29 clock_gettime(CLOCK_BOOTTIME, {676716, 153929197}) = 0
22517 05:40:29 read(4, "x", 16384)      = 1
22517 05:40:29 clock_gettime(CLOCK_BOOTTIME, {676716, 154043128}) = 0
22517 05:40:29 clock_gettime(CLOCK_BOOTTIME, {676716, 154086378}) = 0
22517 05:40:29 select(7, [3 4], [3], NULL, NULL) = 1 (out [3])
22517 05:40:29 clock_gettime(CLOCK_BOOTTIME, {676716, 154177907}) = 0
22517 05:40:29 write(3, "\301\321\305\347k\245P(\n\230V\303\257\201\20Y\0O\7\207R\217\347\33\10V\346\342\330GV\347"..., 40) = 40
22517 05:40:29 clock_gettime(CLOCK_BOOTTIME, {676716, 154275283}) = 0
22517 05:40:29 clock_gettime(CLOCK_BOOTTIME, {676716, 154316725}) = 0
22517 05:40:29 select(7, [3 4], [], NULL, NULL) = 1 (in [3])
22517 05:40:29 clock_gettime(CLOCK_BOOTTIME, {676716, 156214774}) = 0
22517 05:40:29 read(3, "\367\331\353\325\4\314\366]\7\354\376\276\247\375\221\204\330\300\217m\376\364\300\260\302\360\260\344\361\232\36\36"..., 8192) = 40
22517 05:40:29 clock_gettime(CLOCK_BOOTTIME, {676716, 156306312}) = 0
22517 05:40:29 clock_gettime(CLOCK_BOOTTIME, {676716, 156348496}) = 0
22517 05:40:29 select(7, [3 4], [5], NULL, NULL) = 1 (out [5])
22517 05:40:29 clock_gettime(CLOCK_BOOTTIME, {676716, 156436806}) = 0
22517 05:40:29 write(5, "x", 1)         = 1
22517 05:40:29 clock_gettime(CLOCK_BOOTTIME, {676716, 156551758}) = 0
22517 05:40:29 clock_gettime(CLOCK_BOOTTIME, {676716, 156593445}) = 0
22517 05:40:29 select(7, [3 4], [], NULL, NULL) = 1 (in [4])
22517 05:40:29 clock_gettime(CLOCK_BOOTTIME, {676716, 265231866}) = 0
22517 05:40:29 read(4, "i", 16384)      = 1
22517 05:40:29 clock_gettime(CLOCK_BOOTTIME, {676716, 265335546}) = 0
22517 05:40:29 clock_gettime(CLOCK_BOOTTIME, {676716, 265378797}) = 0
22517 05:40:29 select(7, [3 4], [3], NULL, NULL) = 1 (out [3])
22517 05:40:29 clock_gettime(CLOCK_BOOTTIME, {676716, 265468107}) = 0
22517 05:40:29 write(3, "\344@p`\235E\223l[zo\274\334\200\204P\\\36v\251\246\177=\371\201<<\275^\16R\325"..., 40) = 40
22517 05:40:29 clock_gettime(CLOCK_BOOTTIME, {676716, 265563212}) = 0
22517 05:40:29 clock_gettime(CLOCK_BOOTTIME, {676716, 265604866}) = 0
22517 05:40:29 select(7, [3 4], [], NULL, NULL) = 1 (in [3])
22517 05:40:29 clock_gettime(CLOCK_BOOTTIME, {676716, 267217884}) = 0
22517 05:40:29 read(3, "H*\356/\6\350h}\221\n\246\321\312\356\256d_\223-(\17BKR\273\231&\373zVg\236"..., 8192) = 40
22517 05:40:29 clock_gettime(CLOCK_BOOTTIME, {676716, 267306307}) = 0
22517 05:40:29 clock_gettime(CLOCK_BOOTTIME, {676716, 267348460}) = 0
22517 05:40:29 select(7, [3 4], [5], NULL, NULL) = 1 (out [5])
22517 05:40:29 clock_gettime(CLOCK_BOOTTIME, {676716, 267437504}) = 0
22517 05:40:29 write(5, "i", 1)         = 1
22517 05:40:29 clock_gettime(CLOCK_BOOTTIME, {676716, 267547863}) = 0
22517 05:40:29 clock_gettime(CLOCK_BOOTTIME, {676716, 267590684}) = 0
22517 05:40:29 select(7, [3 4], [], NULL, NULL) = 1 (in [4])
22517 05:40:29 clock_gettime(CLOCK_BOOTTIME, {676716, 457847710}) = 0
22517 05:40:29 read(4, "t", 16384)      = 1
22517 05:40:29 clock_gettime(CLOCK_BOOTTIME, {676716, 457979387}) = 0
22517 05:40:29 clock_gettime(CLOCK_BOOTTIME, {676716, 458033006}) = 0
22517 05:40:29 select(7, [3 4], [3], NULL, NULL) = 1 (out [3])
22517 05:40:29 clock_gettime(CLOCK_BOOTTIME, {676716, 458124915}) = 0
22517 05:40:29 write(3, "zu\356\331\243\361\215E\5\33\327\367\314\315\274\331\177\270\353r\340\5\22\273SCo\367\305\5Xx"..., 40) = 40
22517 05:40:29 clock_gettime(CLOCK_BOOTTIME, {676716, 458221733}) = 0
22517 05:40:29 clock_gettime(CLOCK_BOOTTIME, {676716, 458263721}) = 0
22517 05:40:29 select(7, [3 4], [], NULL, NULL) = 1 (in [3])
22517 05:40:29 clock_gettime(CLOCK_BOOTTIME, {676716, 460211151}) = 0
22517 05:40:29 read(3, "xqar\360GKU\233%>\274g\300D4\364\355\312P\3401~5\2243\1\255.\274=v"..., 8192) = 40
22517 05:40:29 clock_gettime(CLOCK_BOOTTIME, {676716, 460302307}) = 0
22517 05:40:29 clock_gettime(CLOCK_BOOTTIME, {676716, 460344450}) = 0
22517 05:40:29 select(7, [3 4], [5], NULL, NULL) = 1 (out [5])
22517 05:40:29 clock_gettime(CLOCK_BOOTTIME, {676716, 460433658}) = 0
22517 05:40:29 write(5, "t", 1)         = 1
22517 05:40:29 clock_gettime(CLOCK_BOOTTIME, {676716, 460562890}) = 0
22517 05:40:29 clock_gettime(CLOCK_BOOTTIME, {676716, 460606126}) = 0
22517 05:40:29 select(7, [3 4], [], NULL, NULL) = 1 (in [4])
22517 05:40:29 clock_gettime(CLOCK_BOOTTIME, {676716, 569732491}) = 0
22517 05:40:29 read(4, "\r", 16384)     = 1
22517 05:40:29 clock_gettime(CLOCK_BOOTTIME, {676716, 569848035}) = 0
22517 05:40:29 clock_gettime(CLOCK_BOOTTIME, {676716, 569898616}) = 0
22517 05:40:29 select(7, [3 4], [3], NULL, NULL) = 1 (out [3])
22517 05:40:29 clock_gettime(CLOCK_BOOTTIME, {676716, 569987619}) = 0
22517 05:40:29 write(3, "\200\332\25Y\17\371\271\305\241t\5aK\360\251[\226|K\227J\177I!.\343\253\210\374p\204\234"..., 40) = 40
22517 05:40:29 clock_gettime(CLOCK_BOOTTIME, {676716, 570097261}) = 0
22517 05:40:29 clock_gettime(CLOCK_BOOTTIME, {676716, 570139773}) = 0
22517 05:40:29 select(7, [3 4], [], NULL, NULL) = 1 (in [3])
22517 05:40:29 clock_gettime(CLOCK_BOOTTIME, {676716, 575745524}) = 0
22517 05:40:29 read(3, "\35[C\260\3574?\221y\366\3319v\177\242=\317\322\t46&;\205\265\334\217\335\265!v\v"..., 8192) = 200
22517 05:40:29 close(4)                 = 0
22517 05:40:29 clock_gettime(CLOCK_BOOTTIME, {676716, 575894408}) = 0
22517 05:40:29 clock_gettime(CLOCK_BOOTTIME, {676716, 575935853}) = 0
22517 05:40:29 select(7, [3], [5], NULL, NULL) = 1 (out [5])
22517 05:40:29 clock_gettime(CLOCK_BOOTTIME, {676716, 576029755}) = 0
22517 05:40:29 write(5, "\r\nlogout\r\n", 10) = 10
22517 05:40:29 clock_gettime(CLOCK_BOOTTIME, {676716, 576145704}) = 0
22517 05:40:29 clock_gettime(CLOCK_BOOTTIME, {676716, 576187481}) = 0
22517 05:40:29 close(5)                 = 0
22517 05:40:29 ioctl(0, SNDCTL_TMR_STOP or TCSETSW, {B38400 opost isig icanon echo ...}) = 0
22517 05:40:29 close(6)                 = 0
22517 05:40:29 select(7, [3], [3], NULL, NULL) = 1 (out [3])
22517 05:40:29 clock_gettime(CLOCK_BOOTTIME, {676716, 576445021}) = 0
22517 05:40:29 write(3, "\0\323k5\347\205\201\222\335(\213\25\333\326W\343\275\254\365P2\27\2462", 24) = 24
22517 05:40:29 rt_sigaction(SIGWINCH, NULL, {0x55d95233ec50, [], SA_RESTORER, 0x7f20c51ca270}, 8) = 0
22517 05:40:29 rt_sigaction(SIGWINCH, {SIG_DFL, [], SA_RESTORER, 0x7f20c51ca270}, NULL, 8) = 0
22517 05:40:29 write(3, "\250\331\371\240\37sfm<\246)\356g\177\203}\354\312jC\300\251>\n\\\344_D\223t(r"..., 56) = 56
22517 05:40:29 ioctl(0, TCGETS, {B38400 opost isig icanon echo ...}) = 0
22517 05:40:29 ioctl(1, TCGETS, {B38400 opost isig icanon echo ...}) = 0
22517 05:40:29 ioctl(2, TCGETS, {B38400 opost isig icanon echo ...}) = 0
22517 05:40:29 write(2, "Connection to 10.5.0.208 closed."..., 34) = 34
22517 05:40:29 shutdown(3, SHUT_RDWR)   = 0
22517 05:40:29 close(3)                 = 0
22517 05:40:29 exit_group(0)            = ?
22517 05:40:29 +++ exited with 0 +++
